23:01:00.385 [Expansion Quests] Objective with ID=6 (Type=COLLECT) is set to inactive. Skip adding objective..
07:02:31.216 [Expansion Quests] Initialize quest system on the connected client with UID=_YRHayB15fdZNFUP3lKt74_CBuzvgAeHzALVT4HHL_0=
07:02:31.225 [Expansion Quests] Loaded existing player quest data for player with UID=_YRHayB15fdZNFUP3lKt74_CBuzvgAeHzALVT4HHL_0=
07:02:31.225 [Expansion Quests] Check quest initialization for quest with ID=1 | State=COMPLETED | Player UID=_YRHayB15fdZNFUP3lKt74_CBuzvgAeHzALVT4HHL_0=
07:02:31.226 [Expansion Quests] Sending _YRHayB15fdZNFUP3lKt74_CBuzvgAeHzALVT4HHL_0= quest configs to client for player with UID=_YRHayB15fdZNFUP3lKt74_CBuzvgAeHzALVT4HHL_0=
07:02:31.227 [Expansion Quests] Sending player quest data for 1 quests to player with UID=_YRHayB15fdZNFUP3lKt74_CBuzvgAeHzALVT4HHL_0=
07:31:32.059 [Market] Player "TootieBad88" (id=_YRHayB15fdZNFUP3lKt74_CBuzvgAeHzALVT4HHL_0=) has sold nailbox x1 (70721390) at the trader "BlackMarket ( [BlackMarket])" in market zone "North Blackmarket" (pos=<5502.500000, 388.799194, 15022.500000>) and got 22500.
07:31:33.210 [Market] Player "TootieBad88" (id=_YRHayB15fdZNFUP3lKt74_CBuzvgAeHzALVT4HHL_0=) has sold nailbox x1 (707292c0) at the trader "BlackMarket ( [BlackMarket])" in market zone "North Blackmarket" (pos=<5502.500000, 388.799194, 15022.500000>) and got 22500.
07:31:33.899 [Market] Player "TootieBad88" (id=_YRHayB15fdZNFUP3lKt74_CBuzvgAeHzALVT4HHL_0=) has sold nailbox x1 (a6fb4320) at the trader "BlackMarket ( [BlackMarket])" in market zone "North Blackmarket" (pos=<5502.500000, 388.799194, 15022.500000>) and got 22500.
07:31:36.414 [Market] Player "TootieBad88" (id=_YRHayB15fdZNFUP3lKt74_CBuzvgAeHzALVT4HHL_0=) has sold nailbox x1 (70728730) at the trader "BlackMarket ( [BlackMarket])" in market zone "North Blackmarket" (pos=<5502.500000, 388.799194, 15022.500000>) and got 22500.
07:31:37.792 [Market] Player "TootieBad88" (id=_YRHayB15fdZNFUP3lKt74_CBuzvgAeHzALVT4HHL_0=) has sold nailbox x1 (707258f0) at the trader "BlackMarket ( [BlackMarket])" in market zone "North Blackmarket" (pos=<5502.500000, 388.799194, 15022.500000>) and got 22500.
07:31:54.939 [Market] Player "TootieBad88" (id=_YRHayB15fdZNFUP3lKt74_CBuzvgAeHzALVT4HHL_0=) has sold a6_fnevolys x1 (82aa7a50) at the trader "BlackMarket ( [BlackMarket])" in market zone "North Blackmarket" (pos=<5502.500000, 388.799194, 15022.500000>) and got 12250.
09:04:14.715 [Expansion Quests] Initialize quest system on the connected client with UID=_YRHayB15fdZNFUP3lKt74_CBuzvgAeHzALVT4HHL_0=
09:04:14.723 [Expansion Quests] Loaded existing player quest data for player with UID=_YRHayB15fdZNFUP3lKt74_CBuzvgAeHzALVT4HHL_0=
09:04:14.724 [Expansion Quests] Created new persistent group quest data for group with ID=140782
09:04:14.724 [Expansion Quests] Check quest initialization for quest with ID=1 | State=COMPLETED | Player UID=_YRHayB15fdZNFUP3lKt74_CBuzvgAeHzALVT4HHL_0=
09:04:14.725 [Expansion Quests] Sending _YRHayB15fdZNFUP3lKt74_CBuzvgAeHzALVT4HHL_0= quest configs to client for player with UID=_YRHayB15fdZNFUP3lKt74_CBuzvgAeHzALVT4HHL_0=
09:04:14.725 [Expansion Quests] Sending player quest data for 1 quests to player with UID=_YRHayB15fdZNFUP3lKt74_CBuzvgAeHzALVT4HHL_0=
12:29:28.451 [Expansion Quests] Initialize quest system on the connected client with UID=_YRHayB15fdZNFUP3lKt74_CBuzvgAeHzALVT4HHL_0=
12:29:28.455 [Expansion Quests] Loaded existing player quest data for player with UID=_YRHayB15fdZNFUP3lKt74_CBuzvgAeHzALVT4HHL_0=
12:29:28.455 [Expansion Quests] - LoadGroupQuestData - Got cached group quest data for group with ID=140782
12:29:28.455 [Expansion Quests] Check quest initialization for quest with ID=1 | State=COMPLETED | Player UID=_YRHayB15fdZNFUP3lKt74_CBuzvgAeHzALVT4HHL_0=
12:29:28.456 [Expansion Quests] Sending _YRHayB15fdZNFUP3lKt74_CBuzvgAeHzALVT4HHL_0= quest configs to client for player with UID=_YRHayB15fdZNFUP3lKt74_CBuzvgAeHzALVT4HHL_0=
12:29:28.456 [Expansion Quests] Sending player quest data for 1 quests to player with UID=_YRHayB15fdZNFUP3lKt74_CBuzvgAeHzALVT4HHL_0=
12:40:19.714 [Market] Player "TootieBad88" (id=_YRHayB15fdZNFUP3lKt74_CBuzvgAeHzALVT4HHL_0=) has sold zy_collectable_ram x1 (4b9912b0) at the trader "BlackMarket ( [BlackMarket])" in market zone "South Blackmarket" (pos=<13600.000000, -27.661079, 3120.000000>) and got 4900.
12:40:20.705 [Market] Player "TootieBad88" (id=_YRHayB15fdZNFUP3lKt74_CBuzvgAeHzALVT4HHL_0=) has sold zy_collectable_ram x1 (4b9991e0) at the trader "BlackMarket ( [BlackMarket])" in market zone "South Blackmarket" (pos=<13600.000000, -27.661079, 3120.000000>) and got 4900.
12:40:21.469 [Market] Player "TootieBad88" (id=_YRHayB15fdZNFUP3lKt74_CBuzvgAeHzALVT4HHL_0=) has sold zy_collectable_cpu x1 (4b990720) at the trader "BlackMarket ( [BlackMarket])" in market zone "South Blackmarket" (pos=<13600.000000, -27.661079, 3120.000000>) and got 4900.
18:14:51.772 [Expansion Quests] Initialize quest system on the connected client with UID=_YRHayB15fdZNFUP3lKt74_CBuzvgAeHzALVT4HHL_0=
18:14:51.789 [Expansion Quests] Loaded existing player quest data for player with UID=_YRHayB15fdZNFUP3lKt74_CBuzvgAeHzALVT4HHL_0=
18:14:51.789 [Expansion Quests] - LoadGroupQuestData - Got cached group quest data for group with ID=140782
18:14:51.789 [Expansion Quests] Check quest initialization for quest with ID=1 | State=COMPLETED | Player UID=_YRHayB15fdZNFUP3lKt74_CBuzvgAeHzALVT4HHL_0=
18:14:51.790 [Expansion Quests] Sending _YRHayB15fdZNFUP3lKt74_CBuzvgAeHzALVT4HHL_0= quest configs to client for player with UID=_YRHayB15fdZNFUP3lKt74_CBuzvgAeHzALVT4HHL_0=
18:14:51.791 [Expansion Quests] Sending player quest data for 1 quests to player with UID=_YRHayB15fdZNFUP3lKt74_CBuzvgAeHzALVT4HHL_0=
18:15:06.666 [Safezone] Player "TootieBad88" (id=_YRHayB15fdZNFUP3lKt74_CBuzvgAeHzALVT4HHL_0= pos=<8458.06, 402.78, 8700.25>) entered the safezone
18:21:01.360 [Market] Player "TootieBad88" (id=_YRHayB15fdZNFUP3lKt74_CBuzvgAeHzALVT4HHL_0=) has sold nvgoggles x1 (468eeeb0, Battery9V<ec9c8b00>) at the trader "Safezone ( [Safezone])" in market zone "Altar" (pos=<8170.000000, 518.744812, 9100.000000>) and got 10500.
18:21:02.126 [Market] Player "TootieBad88" (id=_YRHayB15fdZNFUP3lKt74_CBuzvgAeHzALVT4HHL_0=) has bought fog_gpnvg_black x1 (d1d8b170) from the trader "Safezone ( [Safezone])" in market zone "Altar" (pos=<8170.000000, 518.744812, 9100.000000>) for a price of 14000.
18:21:46.497 [Market] Player "TootieBad88" (id=_YRHayB15fdZNFUP3lKt74_CBuzvgAeHzALVT4HHL_0=) has bought ammo_556x45hp x1 (34cf2360) from the trader "Safezone ( [Safezone])" in market zone "Altar" (pos=<8170.000000, 518.744812, 9100.000000>) for a price of 140.
18:21:47.703 [Market] Player "TootieBad88" (id=_YRHayB15fdZNFUP3lKt74_CBuzvgAeHzALVT4HHL_0=) has bought ammo_556x45hp x1 (4bb8a360) from the trader "Safezone ( [Safezone])" in market zone "Altar" (pos=<8170.000000, 518.744812, 9100.000000>) for a price of 140.
18:21:48.208 [Market] Player "TootieBad88" (id=_YRHayB15fdZNFUP3lKt74_CBuzvgAeHzALVT4HHL_0=) has bought ammo_556x45hp x1 (4bb94c40) from the trader "Safezone ( [Safezone])" in market zone "Altar" (pos=<8170.000000, 518.744812, 9100.000000>) for a price of 140.
18:21:48.620 [Market] Player "TootieBad88" (id=_YRHayB15fdZNFUP3lKt74_CBuzvgAeHzALVT4HHL_0=) has bought ammo_556x45hp x1 (4bb8dfb0) from the trader "Safezone ( [Safezone])" in market zone "Altar" (pos=<8170.000000, 518.744812, 9100.000000>) for a price of 140.
18:21:49.034 [Market] Player "TootieBad88" (id=_YRHayB15fdZNFUP3lKt74_CBuzvgAeHzALVT4HHL_0=) has bought ammo_556x45hp x1 (4bb95850) from the trader "Safezone ( [Safezone])" in market zone "Altar" (pos=<8170.000000, 518.744812, 9100.000000>) for a price of 140.
18:21:49.359 [Market] Player "TootieBad88" (id=_YRHayB15fdZNFUP3lKt74_CBuzvgAeHzALVT4HHL_0=) has bought ammo_556x45hp x1 (4bb9b8d0) from the trader "Safezone ( [Safezone])" in market zone "Altar" (pos=<8170.000000, 518.744812, 9100.000000>) for a price of 140.
18:21:49.620 [Market] Player "TootieBad88" (id=_YRHayB15fdZNFUP3lKt74_CBuzvgAeHzALVT4HHL_0=) has bought ammo_556x45hp x1 (4bb97070) from the trader "Safezone ( [Safezone])" in market zone "Altar" (pos=<8170.000000, 518.744812, 9100.000000>) for a price of 140.
18:21:49.860 [Market] Player "TootieBad88" (id=_YRHayB15fdZNFUP3lKt74_CBuzvgAeHzALVT4HHL_0=) has bought ammo_556x45hp x1 (4bb96460) from the trader "Safezone ( [Safezone])" in market zone "Altar" (pos=<8170.000000, 518.744812, 9100.000000>) for a price of 140.
18:21:50.182 [Market] Player "TootieBad88" (id=_YRHayB15fdZNFUP3lKt74_CBuzvgAeHzALVT4HHL_0=) has bought ammo_556x45hp x1 (4bb9c4e0) from the trader "Safezone ( [Safezone])" in market zone "Altar" (pos=<8170.000000, 518.744812, 9100.000000>) for a price of 140.
18:23:33.383 [Market] Player "TootieBad88" (id=_YRHayB15fdZNFUP3lKt74_CBuzvgAeHzALVT4HHL_0=) has bought a6_mag_stanag_60rnd x1 (3660d470, ammo_556x45hp x60) from the trader "Safezone ( [Safezone])" in market zone "Altar" (pos=<8170.000000, 518.744812, 9100.000000>) for a price of 29400.
18:23:34.251 [Market] Player "TootieBad88" (id=_YRHayB15fdZNFUP3lKt74_CBuzvgAeHzALVT4HHL_0=) has bought a6_mag_stanag_60rnd x1 (3e6e2d70, ammo_556x45hp x60) from the trader "Safezone ( [Safezone])" in market zone "Altar" (pos=<8170.000000, 518.744812, 9100.000000>) for a price of 29400.
18:23:38.133 [Market] Player "TootieBad88" (id=_YRHayB15fdZNFUP3lKt74_CBuzvgAeHzALVT4HHL_0=) has bought a6_mag_stanag_60rnd x1 (309d5330, ammo_556x45hp x60) from the trader "Safezone ( [Safezone])" in market zone "Altar" (pos=<8170.000000, 518.744812, 9100.000000>) for a price of 29400.
18:23:48.478 [Market] Player "TootieBad88" (id=_YRHayB15fdZNFUP3lKt74_CBuzvgAeHzALVT4HHL_0=) has bought a6_mag_stanag_60rnd x1 (419d5320, ammo_556x45hp x60) from the trader "Safezone ( [Safezone])" in market zone "Altar" (pos=<8170.000000, 518.744812, 9100.000000>) for a price of 29400.
18:23:48.486 [Market] Player "TootieBad88" (id=_YRHayB15fdZNFUP3lKt74_CBuzvgAeHzALVT4HHL_0=) has bought a6_mag_stanag_60rnd x1 (3685b750, ammo_556x45hp x60) from the trader "Safezone ( [Safezone])" in market zone "Altar" (pos=<8170.000000, 518.744812, 9100.000000>) for a price of 29400.
18:23:58.232 [Market] Player "TootieBad88" (id=_YRHayB15fdZNFUP3lKt74_CBuzvgAeHzALVT4HHL_0=) has sold a6_honeybadger x1 (47c1a2c0) at the trader "Safezone ( [Safezone])" in market zone "Altar" (pos=<8170.000000, 518.744812, 9100.000000>) and got 8750.
18:24:35.075 [Market] Player "TootieBad88" (id=_YRHayB15fdZNFUP3lKt74_CBuzvgAeHzALVT4HHL_0=) has bought a6_mag_stanag_60rnd x1 (419ed520, ammo_556x45hp x60) from the trader "Safezone ( [Safezone])" in market zone "Altar" (pos=<8170.000000, 518.744812, 9100.000000>) for a price of 29400.
18:24:35.575 [Market] Player "TootieBad88" (id=_YRHayB15fdZNFUP3lKt74_CBuzvgAeHzALVT4HHL_0=) has bought a6_mag_stanag_60rnd x1 (49592c70, ammo_556x45hp x60) from the trader "Safezone ( [Safezone])" in market zone "Altar" (pos=<8170.000000, 518.744812, 9100.000000>) for a price of 29400.
18:24:35.934 [Market] Player "TootieBad88" (id=_YRHayB15fdZNFUP3lKt74_CBuzvgAeHzALVT4HHL_0=) has bought a6_mag_stanag_60rnd x1 (2e3c5230, ammo_556x45hp x60) from the trader "Safezone ( [Safezone])" in market zone "Altar" (pos=<8170.000000, 518.744812, 9100.000000>) for a price of 29400.
18:24:36.381 [Market] Player "TootieBad88" (id=_YRHayB15fdZNFUP3lKt74_CBuzvgAeHzALVT4HHL_0=) has bought a6_mag_stanag_60rnd x1 (419c0d70, ammo_556x45hp x60) from the trader "Safezone ( [Safezone])" in market zone "Altar" (pos=<8170.000000, 518.744812, 9100.000000>) for a price of 29400.
18:24:43.352 [Market] Player "TootieBad88" (id=_YRHayB15fdZNFUP3lKt74_CBuzvgAeHzALVT4HHL_0=) has sold a6_acogoptic_tan x1 (a9f0a8c0) at the trader "Safezone ( [Safezone])" in market zone "Altar" (pos=<8170.000000, 518.744812, 9100.000000>) and got 7350.
18:26:35.958 [Market] Player "TootieBad88" (id=_YRHayB15fdZNFUP3lKt74_CBuzvgAeHzALVT4HHL_0=) has bought bbp_blueprint x1 (356edbf0) from the trader "Safezone ( [Safezone])" in market zone "Altar" (pos=<8170.000000, 518.744812, 9100.000000>) for a price of 17500.
18:27:30.431 [Market] Player "TootieBad88" (id=_YRHayB15fdZNFUP3lKt74_CBuzvgAeHzALVT4HHL_0=) has bought fog_zypher_boots_black_socks x1 (a91e2460) from the trader "Safezone ( [Safezone])" in market zone "Altar" (pos=<8170.000000, 518.744812, 9100.000000>) for a price of 14000.
18:28:42.729 [Market] Player "TootieBad88" (id=_YRHayB15fdZNFUP3lKt74_CBuzvgAeHzALVT4HHL_0=) has bought fog_helmet_ajs_fast_sf_cb x1 (39469bc0) from the trader "Safezone ( [Safezone])" in market zone "Altar" (pos=<8170.000000, 518.744812, 9100.000000>) for a price of 35000.
18:29:00.613 [Market] Player "TootieBad88" (id=_YRHayB15fdZNFUP3lKt74_CBuzvgAeHzALVT4HHL_0=) has bought fog_vest_tactec_black x1 (417876e0) from the trader "Safezone ( [Safezone])" in market zone "Altar" (pos=<8170.000000, 518.744812, 9100.000000>) for a price of 42000.
18:30:50.411 [Market] Player "TootieBad88" (id=_YRHayB15fdZNFUP3lKt74_CBuzvgAeHzALVT4HHL_0=) has bought storagebox_p_greenhouse x1 (391680c0) from the trader "Safezone ( [Safezone])" in market zone "Altar" (pos=<8170.000000, 518.744812, 9100.000000>) for a price of 17500.
18:31:39.538 [Market] Player "TootieBad88" (id=_YRHayB15fdZNFUP3lKt74_CBuzvgAeHzALVT4HHL_0=) has bought hideout_ifak_medkit_black x1 (39172e30) from the trader "Safezone ( [Safezone])" in market zone "Altar" (pos=<8170.000000, 518.744812, 9100.000000>) for a price of 14000.
18:35:33.221 [Market] Player "TootieBad88" (id=_YRHayB15fdZNFUP3lKt74_CBuzvgAeHzALVT4HHL_0=) has sold hideout_ifak_medkit_black x1 (39172e30) at the trader "Safezone ( [Safezone])" in market zone "Altar" (pos=<8170.000000, 518.744812, 9100.000000>) and got 4900.
18:35:37.808 [Market] Player "TootieBad88" (id=_YRHayB15fdZNFUP3lKt74_CBuzvgAeHzALVT4HHL_0=) has sold nvgheadstrap x1 (a9f0c0e0) at the trader "Safezone ( [Safezone])" in market zone "Altar" (pos=<8170.000000, 518.744812, 9100.000000>) and got 4900.
18:37:32.184 [Market] Player "TootieBad88" (id=_YRHayB15fdZNFUP3lKt74_CBuzvgAeHzALVT4HHL_0=) has bought fog_bag_6shbagt_black x1 (4b8542e0) from the trader "Safezone ( [Safezone])" in market zone "Altar" (pos=<8170.000000, 518.744812, 9100.000000>) for a price of 14000.
18:40:18.850 [Market] Player "TootieBad88" (id=_YRHayB15fdZNFUP3lKt74_CBuzvgAeHzALVT4HHL_0=) has bought fog_tv110t_grenadepouch_black x1 (4cf5e5c0) from the trader "Safezone ( [Safezone])" in market zone "Altar" (pos=<8170.000000, 518.744812, 9100.000000>) for a price of 14000.
18:40:20.072 [Market] Player "TootieBad88" (id=_YRHayB15fdZNFUP3lKt74_CBuzvgAeHzALVT4HHL_0=) has bought fog_tv110t_medkit_black x1 (4cf5b780) from the trader "Safezone ( [Safezone])" in market zone "Altar" (pos=<8170.000000, 518.744812, 9100.000000>) for a price of 14000.
18:43:57.294 [Market] Player "TootieBad88" (id=_YRHayB15fdZNFUP3lKt74_CBuzvgAeHzALVT4HHL_0=) has bought storagebox_helipad x1 (3deb5400) from the trader "Safezone ( [Safezone])" in market zone "Altar" (pos=<8170.000000, 518.744812, 9100.000000>) for a price of 17500.
18:44:37.414 [Market] Player "TootieBad88" (id=_YRHayB15fdZNFUP3lKt74_CBuzvgAeHzALVT4HHL_0=) has bought mfp_hflask_stickers x1 (a6d9dbd0) from the trader "Safezone ( [Safezone])" in market zone "Altar" (pos=<8170.000000, 518.744812, 9100.000000>) for a price of 14000.
18:47:14.791 [Market] Player "TootieBad88" (id=_YRHayB15fdZNFUP3lKt74_CBuzvgAeHzALVT4HHL_0=) has bought pickaxe x1 (3a9ae8b0) from the trader "Safezone ( [Safezone])" in market zone "Altar" (pos=<8170.000000, 518.744812, 9100.000000>) for a price of 17500.
18:47:20.154 [Market] Player "TootieBad88" (id=_YRHayB15fdZNFUP3lKt74_CBuzvgAeHzALVT4HHL_0=) has bought woodaxe x1 (3a9af440) from the trader "Safezone ( [Safezone])" in market zone "Altar" (pos=<8170.000000, 518.744812, 9100.000000>) for a price of 17500.
18:53:25.426 [Safezone] Player "TootieBad88" (id=_YRHayB15fdZNFUP3lKt74_CBuzvgAeHzALVT4HHL_0= pos=<8072.19, 425.17, 8538.18>) left the safezone
19:00:52.486 [Expansion Quests] Initialize quest system on the connected client with UID=XJjtA9Zmx0ZjDaLqpvw5Vj5LzMkcMQfvRpYdH58MutE=
19:00:52.491 [Expansion Quests] Created new persistent player quest data for player UID=XJjtA9Zmx0ZjDaLqpvw5Vj5LzMkcMQfvRpYdH58MutE=
19:00:52.491 [Expansion Quests] Create new achievement/auto-start quest for quest ID=1 for player with UID=XJjtA9Zmx0ZjDaLqpvw5Vj5LzMkcMQfvRpYdH58MutE=
19:00:52.491 [Expansion Quests] Added new objective data for type=TRAVEL | Key= | ID=1
19:00:52.492 [Expansion Quests] Updated and saved persistent player quest data for player with UID=XJjtA9Zmx0ZjDaLqpvw5Vj5LzMkcMQfvRpYdH58MutE= | Quest ID=1
19:00:52.492 [Expansion Quests] Sending XJjtA9Zmx0ZjDaLqpvw5Vj5LzMkcMQfvRpYdH58MutE= quest configs to client for player with UID=XJjtA9Zmx0ZjDaLqpvw5Vj5LzMkcMQfvRpYdH58MutE=
19:00:52.493 [Expansion Quests] Sending player quest data for 1 quests to player with UID=XJjtA9Zmx0ZjDaLqpvw5Vj5LzMkcMQfvRpYdH58MutE=
19:00:52.966 [Expansion Quests] Added new objective data for type=TRAVEL | Key= | ID=1
19:00:52.966 [Expansion Quests] Updated and saved persistent player quest data for player with UID=XJjtA9Zmx0ZjDaLqpvw5Vj5LzMkcMQfvRpYdH58MutE= | Quest ID=1
19:25:27.195 [Expansion Quests] Deleted quest with ID=1 is a of player with UID=XJjtA9Zmx0ZjDaLqpvw5Vj5LzMkcMQfvRpYdH58MutE=.
