23:00:56.931 [Expansion Quests] Objective with ID=6 (Type=COLLECT) is set to inactive. Skip adding objective..
23:02:11.035 [Expansion Quests] Initialize quest system on the connected client with UID=smrsfctXLmfqYV2V4xYTBccqGYfN9F-xXgsr88FO4io=
23:02:11.049 [Expansion Quests] Loaded existing player quest data for player with UID=smrsfctXLmfqYV2V4xYTBccqGYfN9F-xXgsr88FO4io=
23:02:11.049 [Expansion Quests] Created new persistent group quest data for group with ID=5968555
23:02:11.050 [Expansion Quests] Check quest initialization for quest with ID=1 | State=STARTED | Player UID=smrsfctXLmfqYV2V4xYTBccqGYfN9F-xXgsr88FO4io=
23:02:11.050 [Expansion Quests] Create new quest instance for quest with ID=1 | Player UID=smrsfctXLmfqYV2V4xYTBccqGYfN9F-xXgsr88FO4io=
23:02:11.052 [Expansion Quests] Sending smrsfctXLmfqYV2V4xYTBccqGYfN9F-xXgsr88FO4io= quest configs to client for player with UID=smrsfctXLmfqYV2V4xYTBccqGYfN9F-xXgsr88FO4io=
23:02:11.052 [Expansion Quests] Sending player quest data for 1 quests to player with UID=smrsfctXLmfqYV2V4xYTBccqGYfN9F-xXgsr88FO4io=
23:02:11.484 [Expansion Quests] Added new objective data for type=TRAVEL | Key=smrsfctXLmfqYV2V4xYTBccqGYfN9F-xXgsr88FO4io= | ID=1
23:02:11.484 [Expansion Quests] Updated and saved persistent player quest data for player with UID=smrsfctXLmfqYV2V4xYTBccqGYfN9F-xXgsr88FO4io= | Quest ID=1
00:26:18.476 [Expansion Quests] Deleted quest with ID=1 is a of player with UID=smrsfctXLmfqYV2V4xYTBccqGYfN9F-xXgsr88FO4io=.
16:08:39.909 [Safezone] Player "$kizo" (id=o4f3cnqp6AYc2jBk38PQBx8x94UJVru5puhAaLyBD18= pos=<3700.29, 402.97, 5960.95>) entered the safezone
16:08:39.910 [Expansion Quests] Initialize quest system on the connected client with UID=o4f3cnqp6AYc2jBk38PQBx8x94UJVru5puhAaLyBD18=
16:08:39.925 [Expansion Quests] Loaded existing player quest data for player with UID=o4f3cnqp6AYc2jBk38PQBx8x94UJVru5puhAaLyBD18=
16:08:39.925 [Expansion Quests] Check quest initialization for quest with ID=1 | State=COMPLETED | Player UID=o4f3cnqp6AYc2jBk38PQBx8x94UJVru5puhAaLyBD18=
16:08:39.925 [Expansion Quests] Sending o4f3cnqp6AYc2jBk38PQBx8x94UJVru5puhAaLyBD18= quest configs to client for player with UID=o4f3cnqp6AYc2jBk38PQBx8x94UJVru5puhAaLyBD18=
16:08:39.926 [Expansion Quests] Sending player quest data for 1 quests to player with UID=o4f3cnqp6AYc2jBk38PQBx8x94UJVru5puhAaLyBD18=
16:09:45.229 [VehicleDeleted] Hatchback_02 (id=F0B28D771044D38CE71BC89079BBA162 pos=<0, -51.12, 0.08>)
16:10:25.255 [VehicleEnter] Player "$kizo" (id=o4f3cnqp6AYc2jBk38PQBx8x94UJVru5puhAaLyBD18=) entered vehicle Gunter 2 (id=B26E70BCE24B9BA83EE71B98AA5F4E6D pos=<3737.86, 402.56, 6000.39>) as driver
16:10:27.082 [VehicleEngine] Player "$kizo" (id=o4f3cnqp6AYc2jBk38PQBx8x94UJVru5puhAaLyBD18=) started vehicle Gunter 2 (id=B26E70BCE24B9BA83EE71B98AA5F4E6D pos=<3737.82, 402.56, 6000.44>)
16:10:44.984 [VehicleLeave] Player "$kizo" (id=o4f3cnqp6AYc2jBk38PQBx8x94UJVru5puhAaLyBD18=) left vehicle Gunter 2 (id=B26E70BCE24B9BA83EE71B98AA5F4E6D pos=<3703.38, 402.04, 5965.28>)
16:12:10.339 [Market] Player "$kizo" (id=o4f3cnqp6AYc2jBk38PQBx8x94UJVru5puhAaLyBD18=) has bought storagebox_container_grey x1 (3c3e7310) from the trader "Safezone ( [Safezone])" in market zone "Green Mountain" (pos=<3720.000000, 115.783501, 6006.666992>) for a price of 0.
16:12:20.525 [VehicleEnter] Player "$kizo" (id=o4f3cnqp6AYc2jBk38PQBx8x94UJVru5puhAaLyBD18=) entered vehicle Gunter 2 (id=B26E70BCE24B9BA83EE71B98AA5F4E6D pos=<3703.38, 402.04, 5965.27>) as driver
16:13:24.358 [VehicleLeave] Player "$kizo" (id=o4f3cnqp6AYc2jBk38PQBx8x94UJVru5puhAaLyBD18=) left vehicle Gunter 2 (id=B26E70BCE24B9BA83EE71B98AA5F4E6D pos=<3695.96, 402.04, 5983.57>)
16:13:56.653 [VehicleEnter] Player "$kizo" (id=o4f3cnqp6AYc2jBk38PQBx8x94UJVru5puhAaLyBD18=) entered vehicle Gunter 2 (id=B26E70BCE24B9BA83EE71B98AA5F4E6D pos=<3695.96, 402.04, 5983.57>) as driver
16:14:39.585 [VehicleEngine] Player "$kizo" (id=o4f3cnqp6AYc2jBk38PQBx8x94UJVru5puhAaLyBD18=) stopped vehicle Gunter 2 (id=B26E70BCE24B9BA83EE71B98AA5F4E6D pos=<4311.36, 329.29, 5495.14>)
16:14:42.655 [Safezone] Player "$kizo" (id=o4f3cnqp6AYc2jBk38PQBx8x94UJVru5puhAaLyBD18= pos=<4311.05, 329.9, 5494.72>) left the safezone
16:15:36.382 [VehicleEngine] Player "$kizo" (id=o4f3cnqp6AYc2jBk38PQBx8x94UJVru5puhAaLyBD18=) started vehicle Gunter 2 (id=B26E70BCE24B9BA83EE71B98AA5F4E6D pos=<4311.25, 329.35, 5495>)
16:16:19.231 [VehicleLeave] Player "$kizo" (id=o4f3cnqp6AYc2jBk38PQBx8x94UJVru5puhAaLyBD18=) left vehicle Gunter 2 (id=B26E70BCE24B9BA83EE71B98AA5F4E6D pos=<4391.61, 331.48, 5453.67>)
16:16:45.392 [VehicleEnter] Player "$kizo" (id=o4f3cnqp6AYc2jBk38PQBx8x94UJVru5puhAaLyBD18=) entered vehicle Gunter 2 (id=B26E70BCE24B9BA83EE71B98AA5F4E6D pos=<4391.61, 331.48, 5453.67>) as driver
16:17:48.904 [Safezone] Player "$kizo" (id=o4f3cnqp6AYc2jBk38PQBx8x94UJVru5puhAaLyBD18= pos=<4093.98, 354.57, 5686.84>) entered the safezone
16:18:16.258 [VehicleLeave] Player "$kizo" (id=o4f3cnqp6AYc2jBk38PQBx8x94UJVru5puhAaLyBD18=) left vehicle Gunter 2 (id=B26E70BCE24B9BA83EE71B98AA5F4E6D pos=<3737.28, 402.48, 6001.8>)
16:21:19.901 [VehicleDeleted] Hatchback_02 (id=B26E70BCE24B9BA83EE71B98AA5F4E6D pos=<3737.28, 402.48, 6001.8>)
16:25:11.252 [Safezone] Player "Syntactix" (id=FyJcOhcMvMpOVeNd_G3xpD63Qg86N5ALZZh0U4LUn0c= pos=<3699.47, 402.02, 5993.59>) entered the safezone
16:25:11.252 [Expansion Quests] Initialize quest system on the connected client with UID=FyJcOhcMvMpOVeNd_G3xpD63Qg86N5ALZZh0U4LUn0c=
16:25:11.267 [Expansion Quests] Loaded existing player quest data for player with UID=FyJcOhcMvMpOVeNd_G3xpD63Qg86N5ALZZh0U4LUn0c=
16:25:11.268 [Expansion Quests] Loaded existing group quest data for group with ID=5310120
16:25:11.268 [Expansion Quests] Check quest initialization for quest with ID=1 | State=COMPLETED | Player UID=FyJcOhcMvMpOVeNd_G3xpD63Qg86N5ALZZh0U4LUn0c=
16:25:11.268 [Expansion Quests] Sending FyJcOhcMvMpOVeNd_G3xpD63Qg86N5ALZZh0U4LUn0c= quest configs to client for player with UID=FyJcOhcMvMpOVeNd_G3xpD63Qg86N5ALZZh0U4LUn0c=
16:25:11.269 [Expansion Quests] Sending player quest data for 1 quests to player with UID=FyJcOhcMvMpOVeNd_G3xpD63Qg86N5ALZZh0U4LUn0c=
16:28:35.860 [VehicleDeleted] CrSk_Insurgent_SUV_Black (id=7A356D3C9A4FA7CBF0A619AD6CAB7DDA pos=<0, 0.61, -0.19>)
16:28:35.881 [Market] Player "Syntactix" (id=FyJcOhcMvMpOVeNd_G3xpD63Qg86N5ALZZh0U4LUn0c=) has bought crsk_insurgent_suv_black x1 (398cecc0, HeadlightH7<cd8063a0>, HeadlightH7<cd8063a0>, SparkPlug<cd804c80>, CarBattery<cd8029d0>, CarRadiator<cd7f6540>, InsSUV_koleso<b5e40c50>, InsSUV_koleso<b5e40c50>, InsSUV_koleso<b5e40c50>, InsSUV_koleso<b5e40c50>, InsSUV_kapot<cd7f3700>, InsSUV_dver_2_2<cd7f7c60>, InsSUV_dver_2_1<cd7e8990>, InsSUV_dver_1_2<cd7ecef0>, InsSUV_dver_1_1<cd7e4fc0>, InsSUV_bagazhnik<cd7d5cf0>) from the trader "Vehicles ( [Vehicles])" in market zone "Green Mountain" (pos=<3720.000000, 115.783501, 6006.666992>) for a price of 1504000.
16:28:44.511 [VehicleCarKey] Player "Syntactix" (id=FyJcOhcMvMpOVeNd_G3xpD63Qg86N5ALZZh0U4LUn0c= pos=<3695.46, 402.02, 5992.36>) used ExpansionCarKey to unlock CrSk_Insurgent_SUV_Black (id=0C5A9D02E14D10946D935192D799FB3D pos=<3695.99, 402.07, 5993.98>)
16:31:33.971 [VehicleEnter] Player "$kizo" (id=o4f3cnqp6AYc2jBk38PQBx8x94UJVru5puhAaLyBD18=) entered vehicle Insurgent SUV Black (id=0C5A9D02E14D10946D935192D799FB3D pos=<3695.99, 402.07, 5993.98>) as driver
16:31:35.882 [VehicleEngine] Player "$kizo" (id=o4f3cnqp6AYc2jBk38PQBx8x94UJVru5puhAaLyBD18=) started vehicle Insurgent SUV Black (id=0C5A9D02E14D10946D935192D799FB3D pos=<3695.99, 402.07, 5993.98>)
16:34:24.907 [VehicleEngine] Player "$kizo" (id=o4f3cnqp6AYc2jBk38PQBx8x94UJVru5puhAaLyBD18=) stopped vehicle Insurgent SUV Black (id=0C5A9D02E14D10946D935192D799FB3D pos=<3701.03, 402.07, 5993.56>)
16:34:29.106 [VehicleLeave] Player "$kizo" (id=o4f3cnqp6AYc2jBk38PQBx8x94UJVru5puhAaLyBD18=) left vehicle Insurgent SUV Black (id=0C5A9D02E14D10946D935192D799FB3D pos=<3701.03, 402.07, 5993.56>)
