23:03:06.269 [Expansion Quests] Initialize quest system on the connected client with UID=o4f3cnqp6AYc2jBk38PQBx8x94UJVru5puhAaLyBD18=
23:03:06.282 [Expansion Quests] Loaded existing player quest data for player with UID=o4f3cnqp6AYc2jBk38PQBx8x94UJVru5puhAaLyBD18=
23:03:06.283 [Expansion Quests] Loaded existing group quest data for group with ID=218927968
23:03:06.283 [Expansion Quests] Check quest initialization for quest with ID=24 | State=COMPLETED | Player UID=o4f3cnqp6AYc2jBk38PQBx8x94UJVru5puhAaLyBD18=
23:03:06.284 [Expansion Quests] Check quest initialization for quest with ID=1 | State=COMPLETED | Player UID=o4f3cnqp6AYc2jBk38PQBx8x94UJVru5puhAaLyBD18=
23:03:06.285 [Expansion Quests] Sending o4f3cnqp6AYc2jBk38PQBx8x94UJVru5puhAaLyBD18= quest configs to client for player with UID=o4f3cnqp6AYc2jBk38PQBx8x94UJVru5puhAaLyBD18=
23:03:06.285 [Expansion Quests] Sending player quest data for 2 quests to player with UID=o4f3cnqp6AYc2jBk38PQBx8x94UJVru5puhAaLyBD18=
11:46:25.761 [Expansion Quests] Initialize quest system on the connected client with UID=o4f3cnqp6AYc2jBk38PQBx8x94UJVru5puhAaLyBD18=
11:46:25.765 [Expansion Quests] Loaded existing player quest data for player with UID=o4f3cnqp6AYc2jBk38PQBx8x94UJVru5puhAaLyBD18=
11:46:25.766 [Expansion Quests] - LoadGroupQuestData - Got cached group quest data for group with ID=218927968
11:46:25.766 [Expansion Quests] Check quest initialization for quest with ID=24 | State=COMPLETED | Player UID=o4f3cnqp6AYc2jBk38PQBx8x94UJVru5puhAaLyBD18=
11:46:25.766 [Expansion Quests] Check quest initialization for quest with ID=1 | State=COMPLETED | Player UID=o4f3cnqp6AYc2jBk38PQBx8x94UJVru5puhAaLyBD18=
11:46:25.767 [Expansion Quests] Sending o4f3cnqp6AYc2jBk38PQBx8x94UJVru5puhAaLyBD18= quest configs to client for player with UID=o4f3cnqp6AYc2jBk38PQBx8x94UJVru5puhAaLyBD18=
11:46:25.768 [Expansion Quests] Sending player quest data for 2 quests to player with UID=o4f3cnqp6AYc2jBk38PQBx8x94UJVru5puhAaLyBD18=
12:04:01.610 [VehicleCover] Player "$kizo" (id=o4f3cnqp6AYc2jBk38PQBx8x94UJVru5puhAaLyBD18= pos=<4572.49, 233.28, 4528.79>) uncovered vehicle "CrSk_Insurgent_SUV_Black" (GlobalID=8000000080000000800000008000000F pos=<4574.1, 233.35, 4527.55>)!
12:04:06.498 [VehicleCarKey] Player "$kizo" (id=o4f3cnqp6AYc2jBk38PQBx8x94UJVru5puhAaLyBD18= pos=<4572.49, 233.28, 4528.79>) used ExpansionCarKey to unlock CrSk_Insurgent_SUV_Black (id=ADF02D0F68464B9041760DBC77490626 pos=<4574.1, 233.35, 4527.55>)
12:04:44.804 [VehicleEnter] Player "$kizo" (id=o4f3cnqp6AYc2jBk38PQBx8x94UJVru5puhAaLyBD18=) entered vehicle Insurgent SUV Black (id=ADF02D0F68464B9041760DBC77490626 pos=<4574.1, 233.35, 4527.55>) as driver
12:04:48.199 [VehicleEngine] Player "$kizo" (id=o4f3cnqp6AYc2jBk38PQBx8x94UJVru5puhAaLyBD18=) started vehicle Insurgent SUV Black (id=ADF02D0F68464B9041760DBC77490626 pos=<4574.1, 233.35, 4527.55>)
12:05:17.136 [VehicleLeave] Player "$kizo" (id=o4f3cnqp6AYc2jBk38PQBx8x94UJVru5puhAaLyBD18=) left vehicle Insurgent SUV Black (id=ADF02D0F68464B9041760DBC77490626 pos=<4563.56, 233.35, 4528.38>)
12:05:28.769 [VehicleEnter] Player "$kizo" (id=o4f3cnqp6AYc2jBk38PQBx8x94UJVru5puhAaLyBD18=) entered vehicle Insurgent SUV Black (id=ADF02D0F68464B9041760DBC77490626 pos=<4563.56, 233.35, 4528.38>) as driver
12:07:57.597 [VehicleLeave] Player "$kizo" (id=o4f3cnqp6AYc2jBk38PQBx8x94UJVru5puhAaLyBD18=) left vehicle Insurgent SUV Black (id=ADF02D0F68464B9041760DBC77490626 pos=<4956.66, 9.79, 2580.02>)
12:08:44.048 [VehicleEnter] Player "$kizo" (id=o4f3cnqp6AYc2jBk38PQBx8x94UJVru5puhAaLyBD18=) entered vehicle Insurgent SUV Black (id=ADF02D0F68464B9041760DBC77490626 pos=<4956.66, 9.79, 2580.02>) as driver
12:09:11.982 [VehicleLeave] Player "$kizo" (id=o4f3cnqp6AYc2jBk38PQBx8x94UJVru5puhAaLyBD18=) left vehicle Insurgent SUV Black (id=ADF02D0F68464B9041760DBC77490626 pos=<4869.05, 9.91, 2591.2>)
12:09:33.278 [VehicleEnter] Player "$kizo" (id=o4f3cnqp6AYc2jBk38PQBx8x94UJVru5puhAaLyBD18=) entered vehicle Insurgent SUV Black (id=ADF02D0F68464B9041760DBC77490626 pos=<4869.05, 9.91, 2591.2>) as driver
12:09:51.945 [VehicleLeave] Player "$kizo" (id=o4f3cnqp6AYc2jBk38PQBx8x94UJVru5puhAaLyBD18=) left vehicle Insurgent SUV Black (id=ADF02D0F68464B9041760DBC77490626 pos=<4945.7, 9.57, 2489.61>)
12:12:34.278 [VehicleEnter] Player "$kizo" (id=o4f3cnqp6AYc2jBk38PQBx8x94UJVru5puhAaLyBD18=) entered vehicle Insurgent SUV Black (id=ADF02D0F68464B9041760DBC77490626 pos=<4945.7, 9.57, 2489.61>) as driver
12:12:47.642 [VehicleLeave] Player "$kizo" (id=o4f3cnqp6AYc2jBk38PQBx8x94UJVru5puhAaLyBD18=) left vehicle Insurgent SUV Black (id=ADF02D0F68464B9041760DBC77490626 pos=<4987.55, 9.57, 2421.13>)
12:13:09.797 [VehicleEnter] Player "$kizo" (id=o4f3cnqp6AYc2jBk38PQBx8x94UJVru5puhAaLyBD18=) entered vehicle Insurgent SUV Black (id=ADF02D0F68464B9041760DBC77490626 pos=<4987.55, 9.57, 2421.13>) as driver
12:13:31.364 [VehicleLeave] Player "$kizo" (id=o4f3cnqp6AYc2jBk38PQBx8x94UJVru5puhAaLyBD18=) left vehicle Insurgent SUV Black (id=ADF02D0F68464B9041760DBC77490626 pos=<5103.9, 9.41, 2310.45>)
12:15:40.804 [VehicleEnter] Player "$kizo" (id=o4f3cnqp6AYc2jBk38PQBx8x94UJVru5puhAaLyBD18=) entered vehicle Insurgent SUV Black (id=ADF02D0F68464B9041760DBC77490626 pos=<5103.9, 9.41, 2310.45>) as driver
12:16:07.364 [VehicleLeave] Player "$kizo" (id=o4f3cnqp6AYc2jBk38PQBx8x94UJVru5puhAaLyBD18=) left vehicle Insurgent SUV Black (id=ADF02D0F68464B9041760DBC77490626 pos=<5258.5, 8.97, 2201.02>)
12:17:14.020 [VehicleEnter] Player "$kizo" (id=o4f3cnqp6AYc2jBk38PQBx8x94UJVru5puhAaLyBD18=) entered vehicle Insurgent SUV Black (id=ADF02D0F68464B9041760DBC77490626 pos=<5258.5, 8.97, 2201.02>) as driver
12:17:42.054 [VehicleLeave] Player "$kizo" (id=o4f3cnqp6AYc2jBk38PQBx8x94UJVru5puhAaLyBD18=) left vehicle Insurgent SUV Black (id=ADF02D0F68464B9041760DBC77490626 pos=<5275.59, 5.67, 2100.71>)
12:17:54.544 [VehicleEnter] Player "$kizo" (id=o4f3cnqp6AYc2jBk38PQBx8x94UJVru5puhAaLyBD18=) entered vehicle Insurgent SUV Black (id=ADF02D0F68464B9041760DBC77490626 pos=<5275.59, 5.67, 2100.71>) as driver
12:18:42.576 [VehicleLeave] Player "$kizo" (id=o4f3cnqp6AYc2jBk38PQBx8x94UJVru5puhAaLyBD18=) left vehicle Insurgent SUV Black (id=ADF02D0F68464B9041760DBC77490626 pos=<4521.77, 2.52, 2387.93>)
12:27:16.865 [VehicleEnter] Player "$kizo" (id=o4f3cnqp6AYc2jBk38PQBx8x94UJVru5puhAaLyBD18=) entered vehicle Insurgent SUV Black (id=ADF02D0F68464B9041760DBC77490626 pos=<4521.77, 2.52, 2387.93>) as driver
12:29:26.954 [VehicleLeave] Player "$kizo" (id=o4f3cnqp6AYc2jBk38PQBx8x94UJVru5puhAaLyBD18=) left vehicle Insurgent SUV Black (id=ADF02D0F68464B9041760DBC77490626 pos=<4408.21, 7.01, 2493.5>)
12:30:49.351 [VehicleEnter] Player "$kizo" (id=o4f3cnqp6AYc2jBk38PQBx8x94UJVru5puhAaLyBD18=) entered vehicle Insurgent SUV Black (id=ADF02D0F68464B9041760DBC77490626 pos=<4408.21, 7.01, 2493.5>) as driver
12:32:41.948 [VehicleLeave] Player "$kizo" (id=o4f3cnqp6AYc2jBk38PQBx8x94UJVru5puhAaLyBD18=) left vehicle Insurgent SUV Black (id=ADF02D0F68464B9041760DBC77490626 pos=<2676.89, 101.75, 2784.86>)
12:33:23.415 [VehicleEnter] Player "$kizo" (id=o4f3cnqp6AYc2jBk38PQBx8x94UJVru5puhAaLyBD18=) entered vehicle Insurgent SUV Black (id=ADF02D0F68464B9041760DBC77490626 pos=<2676.89, 101.75, 2784.86>) as driver
12:34:33.149 [VehicleEngine] Player "$kizo" (id=o4f3cnqp6AYc2jBk38PQBx8x94UJVru5puhAaLyBD18=) stopped vehicle Insurgent SUV Black (id=ADF02D0F68464B9041760DBC77490626 pos=<2337.31, 133.11, 3699.06>)
12:34:38.474 [VehicleEngine] Player "$kizo" (id=o4f3cnqp6AYc2jBk38PQBx8x94UJVru5puhAaLyBD18=) started vehicle Insurgent SUV Black (id=ADF02D0F68464B9041760DBC77490626 pos=<2337.31, 133.11, 3699.06>)
12:35:56.284 [VehicleLeave] Player "$kizo" (id=o4f3cnqp6AYc2jBk38PQBx8x94UJVru5puhAaLyBD18=) left vehicle Insurgent SUV Black (id=ADF02D0F68464B9041760DBC77490626 pos=<1667.13, 144.06, 3911.02>)
12:37:11.271 [VehicleEnter] Player "$kizo" (id=o4f3cnqp6AYc2jBk38PQBx8x94UJVru5puhAaLyBD18=) entered vehicle Insurgent SUV Black (id=ADF02D0F68464B9041760DBC77490626 pos=<1667.13, 144.06, 3911.02>) as driver
12:39:31.771 [VehicleLeave] Player "$kizo" (id=o4f3cnqp6AYc2jBk38PQBx8x94UJVru5puhAaLyBD18=) left vehicle Insurgent SUV Black (id=ADF02D0F68464B9041760DBC77490626 pos=<2723.7, 200.06, 5194.56>)
12:41:16.455 [VehicleEnter] Player "$kizo" (id=o4f3cnqp6AYc2jBk38PQBx8x94UJVru5puhAaLyBD18=) entered vehicle Insurgent SUV Black (id=ADF02D0F68464B9041760DBC77490626 pos=<2723.7, 200.06, 5194.56>) as driver
12:43:28.016 [VehicleLeave] Player "$kizo" (id=o4f3cnqp6AYc2jBk38PQBx8x94UJVru5puhAaLyBD18=) left vehicle Insurgent SUV Black (id=ADF02D0F68464B9041760DBC77490626 pos=<2710.77, 364.09, 6772.22>)
12:44:34.877 [VehicleEnter] Player "$kizo" (id=o4f3cnqp6AYc2jBk38PQBx8x94UJVru5puhAaLyBD18=) entered vehicle Insurgent SUV Black (id=ADF02D0F68464B9041760DBC77490626 pos=<2710.77, 364.09, 6772.22>) as driver
12:46:36.547 [VehicleLeave] Player "$kizo" (id=o4f3cnqp6AYc2jBk38PQBx8x94UJVru5puhAaLyBD18=) left vehicle Insurgent SUV Black (id=ADF02D0F68464B9041760DBC77490626 pos=<4577.31, 318.63, 8222.89>)
12:46:43.977 [VehicleEnter] Player "$kizo" (id=o4f3cnqp6AYc2jBk38PQBx8x94UJVru5puhAaLyBD18=) entered vehicle Insurgent SUV Black (id=ADF02D0F68464B9041760DBC77490626 pos=<4577.31, 318.63, 8222.89>) as driver
12:47:43.615 [VehicleLeave] Player "$kizo" (id=o4f3cnqp6AYc2jBk38PQBx8x94UJVru5puhAaLyBD18=) left vehicle Insurgent SUV Black (id=ADF02D0F68464B9041760DBC77490626 pos=<4562.96, 317.99, 8310.4>)
13:03:44.828 [VehicleEnter] Player "$kizo" (id=o4f3cnqp6AYc2jBk38PQBx8x94UJVru5puhAaLyBD18=) entered vehicle Insurgent SUV Black (id=ADF02D0F68464B9041760DBC77490626 pos=<4562.96, 317.99, 8310.4>) as driver
13:05:32.772 [VehicleLeave] Player "$kizo" (id=o4f3cnqp6AYc2jBk38PQBx8x94UJVru5puhAaLyBD18=) left vehicle Insurgent SUV Black (id=ADF02D0F68464B9041760DBC77490626 pos=<4686.96, 323.77, 8335.53>)
13:07:05.509 [VehicleEnter] Player "$kizo" (id=o4f3cnqp6AYc2jBk38PQBx8x94UJVru5puhAaLyBD18=) entered vehicle Insurgent SUV Black (id=ADF02D0F68464B9041760DBC77490626 pos=<4686.96, 323.77, 8335.53>) as driver
13:08:16.716 [VehicleLeave] Player "$kizo" (id=o4f3cnqp6AYc2jBk38PQBx8x94UJVru5puhAaLyBD18=) left vehicle Insurgent SUV Black (id=ADF02D0F68464B9041760DBC77490626 pos=<5128.12, 339.58, 7630.14>)
13:09:00.784 [VehicleEnter] Player "$kizo" (id=o4f3cnqp6AYc2jBk38PQBx8x94UJVru5puhAaLyBD18=) entered vehicle Insurgent SUV Black (id=ADF02D0F68464B9041760DBC77490626 pos=<5128.12, 339.58, 7630.14>) as driver
13:12:27.582 [VehicleLeave] Player "$kizo" (id=o4f3cnqp6AYc2jBk38PQBx8x94UJVru5puhAaLyBD18=) left vehicle Insurgent SUV Black (id=ADF02D0F68464B9041760DBC77490626 pos=<4436.88, 339.08, 10236.5>)
13:15:33.279 [VehicleEnter] Player "$kizo" (id=o4f3cnqp6AYc2jBk38PQBx8x94UJVru5puhAaLyBD18=) entered vehicle Insurgent SUV Black (id=ADF02D0F68464B9041760DBC77490626 pos=<4436.88, 339.08, 10236.5>) as driver
13:15:55.785 [VehicleLeave] Player "$kizo" (id=o4f3cnqp6AYc2jBk38PQBx8x94UJVru5puhAaLyBD18=) left vehicle Insurgent SUV Black (id=ADF02D0F68464B9041760DBC77490626 pos=<4278.27, 338.93, 10192.4>)
13:17:38.365 [VehicleEnter] Player "$kizo" (id=o4f3cnqp6AYc2jBk38PQBx8x94UJVru5puhAaLyBD18=) entered vehicle Insurgent SUV Black (id=ADF02D0F68464B9041760DBC77490626 pos=<4278.27, 338.93, 10192.4>) as driver
13:17:51.633 [VehicleLeave] Player "$kizo" (id=o4f3cnqp6AYc2jBk38PQBx8x94UJVru5puhAaLyBD18=) left vehicle Insurgent SUV Black (id=ADF02D0F68464B9041760DBC77490626 pos=<4291.39, 338.99, 10127.7>)
13:18:18.628 [VehicleEnter] Player "$kizo" (id=o4f3cnqp6AYc2jBk38PQBx8x94UJVru5puhAaLyBD18=) entered vehicle Insurgent SUV Black (id=ADF02D0F68464B9041760DBC77490626 pos=<4291.39, 338.99, 10127.7>) as driver
13:18:44.695 [VehicleLeave] Player "$kizo" (id=o4f3cnqp6AYc2jBk38PQBx8x94UJVru5puhAaLyBD18=) left vehicle Insurgent SUV Black (id=ADF02D0F68464B9041760DBC77490626 pos=<4158.77, 339.06, 10283.3>)
13:19:00.890 [VehicleEnter] Player "$kizo" (id=o4f3cnqp6AYc2jBk38PQBx8x94UJVru5puhAaLyBD18=) entered vehicle Insurgent SUV Black (id=ADF02D0F68464B9041760DBC77490626 pos=<4158.77, 339.06, 10283.3>) as driver
13:19:13.789 [VehicleLeave] Player "$kizo" (id=o4f3cnqp6AYc2jBk38PQBx8x94UJVru5puhAaLyBD18=) left vehicle Insurgent SUV Black (id=ADF02D0F68464B9041760DBC77490626 pos=<4125.11, 338.98, 10325.5>)
13:19:41.683 [VehicleEnter] Player "$kizo" (id=o4f3cnqp6AYc2jBk38PQBx8x94UJVru5puhAaLyBD18=) entered vehicle Insurgent SUV Black (id=ADF02D0F68464B9041760DBC77490626 pos=<4125.11, 338.98, 10325.5>) as driver
13:19:54.245 [VehicleLeave] Player "$kizo" (id=o4f3cnqp6AYc2jBk38PQBx8x94UJVru5puhAaLyBD18=) left vehicle Insurgent SUV Black (id=ADF02D0F68464B9041760DBC77490626 pos=<4141.8, 339.07, 10405.1>)
13:21:08.917 [VehicleEnter] Player "$kizo" (id=o4f3cnqp6AYc2jBk38PQBx8x94UJVru5puhAaLyBD18=) entered vehicle Insurgent SUV Black (id=ADF02D0F68464B9041760DBC77490626 pos=<4141.8, 339.07, 10405.1>) as driver
13:22:18.013 [VehicleLeave] Player "$kizo" (id=o4f3cnqp6AYc2jBk38PQBx8x94UJVru5puhAaLyBD18=) left vehicle Insurgent SUV Black (id=ADF02D0F68464B9041760DBC77490626 pos=<4225.53, 339.01, 10973.9>)
13:29:15.631 [VehicleEnter] Player "$kizo" (id=o4f3cnqp6AYc2jBk38PQBx8x94UJVru5puhAaLyBD18=) entered vehicle Insurgent SUV Black (id=ADF02D0F68464B9041760DBC77490626 pos=<4225.53, 339.01, 10973.9>) as driver
13:29:56.834 [VehicleLeave] Player "$kizo" (id=o4f3cnqp6AYc2jBk38PQBx8x94UJVru5puhAaLyBD18=) left vehicle Insurgent SUV Black (id=ADF02D0F68464B9041760DBC77490626 pos=<4672.8, 339.07, 10328.4>)
13:36:08.200 [VehicleEnter] Player "$kizo" (id=o4f3cnqp6AYc2jBk38PQBx8x94UJVru5puhAaLyBD18=) entered vehicle Insurgent SUV Black (id=ADF02D0F68464B9041760DBC77490626 pos=<4672.8, 339.07, 10328.4>) as driver
13:36:36.199 [VehicleLeave] Player "$kizo" (id=o4f3cnqp6AYc2jBk38PQBx8x94UJVru5puhAaLyBD18=) left vehicle Insurgent SUV Black (id=ADF02D0F68464B9041760DBC77490626 pos=<4745.93, 339.24, 10150.2>)
13:37:28.773 [VehicleEnter] Player "$kizo" (id=o4f3cnqp6AYc2jBk38PQBx8x94UJVru5puhAaLyBD18=) entered vehicle Insurgent SUV Black (id=ADF02D0F68464B9041760DBC77490626 pos=<4745.93, 339.24, 10150.2>) as driver
13:37:43.665 [VehicleLeave] Player "$kizo" (id=o4f3cnqp6AYc2jBk38PQBx8x94UJVru5puhAaLyBD18=) left vehicle Insurgent SUV Black (id=ADF02D0F68464B9041760DBC77490626 pos=<4811.35, 339.16, 10040>)
13:39:48.151 [VehicleEnter] Player "$kizo" (id=o4f3cnqp6AYc2jBk38PQBx8x94UJVru5puhAaLyBD18=) entered vehicle Insurgent SUV Black (id=ADF02D0F68464B9041760DBC77490626 pos=<4811.35, 339.16, 10040>) as driver
13:41:31.677 [VehicleLeave] Player "$kizo" (id=o4f3cnqp6AYc2jBk38PQBx8x94UJVru5puhAaLyBD18=) left vehicle Insurgent SUV Black (id=ADF02D0F68464B9041760DBC77490626 pos=<4549.73, 318.06, 8356.32>)
13:41:38.842 [VehicleEnter] Player "$kizo" (id=o4f3cnqp6AYc2jBk38PQBx8x94UJVru5puhAaLyBD18=) entered vehicle Insurgent SUV Black (id=ADF02D0F68464B9041760DBC77490626 pos=<4549.73, 318.06, 8356.32>) as driver
13:42:35.552 [VehicleLeave] Player "$kizo" (id=o4f3cnqp6AYc2jBk38PQBx8x94UJVru5puhAaLyBD18=) left vehicle Insurgent SUV Black (id=ADF02D0F68464B9041760DBC77490626 pos=<4557.81, 318.06, 8349.99>)
13:44:00.466 [VehicleEnter] Player "$kizo" (id=o4f3cnqp6AYc2jBk38PQBx8x94UJVru5puhAaLyBD18=) entered vehicle Insurgent SUV Black (id=ADF02D0F68464B9041760DBC77490626 pos=<4557.81, 318.06, 8349.99>) as driver
13:45:51.833 [VehicleLeave] Player "$kizo" (id=o4f3cnqp6AYc2jBk38PQBx8x94UJVru5puhAaLyBD18=) left vehicle Insurgent SUV Black (id=ADF02D0F68464B9041760DBC77490626 pos=<4563.63, 317.92, 8292.37>)
13:46:15.474 [VehicleEnter] Player "$kizo" (id=o4f3cnqp6AYc2jBk38PQBx8x94UJVru5puhAaLyBD18=) entered vehicle Insurgent SUV Black (id=ADF02D0F68464B9041760DBC77490626 pos=<4563.63, 317.92, 8292.37>) as driver
13:46:16.923 [VehicleEngine] Player "$kizo" (id=o4f3cnqp6AYc2jBk38PQBx8x94UJVru5puhAaLyBD18=) stopped vehicle Insurgent SUV Black (id=ADF02D0F68464B9041760DBC77490626 pos=<4563.63, 317.92, 8292.37>)
13:48:02.598 [VehicleEngine] Player "$kizo" (id=o4f3cnqp6AYc2jBk38PQBx8x94UJVru5puhAaLyBD18=) started vehicle Insurgent SUV Black (id=ADF02D0F68464B9041760DBC77490626 pos=<4563.63, 317.92, 8292.37>)
13:57:02.898 [VehicleLeave] Player "$kizo" (id=o4f3cnqp6AYc2jBk38PQBx8x94UJVru5puhAaLyBD18=) left vehicle Insurgent SUV Black (id=ADF02D0F68464B9041760DBC77490626 pos=<4560.84, 318.06, 8343.74>)
13:57:32.080 [VehicleEnter] Player "$kizo" (id=o4f3cnqp6AYc2jBk38PQBx8x94UJVru5puhAaLyBD18=) entered vehicle Insurgent SUV Black (id=ADF02D0F68464B9041760DBC77490626 pos=<4560.84, 318.06, 8343.74>) as driver
14:00:24.843 [VehicleLeave] Player "$kizo" (id=o4f3cnqp6AYc2jBk38PQBx8x94UJVru5puhAaLyBD18=) left vehicle Insurgent SUV Black (id=ADF02D0F68464B9041760DBC77490626 pos=<4007.2, 296.59, 7310.17>)
14:01:13.515 [VehicleEnter] Player "$kizo" (id=o4f3cnqp6AYc2jBk38PQBx8x94UJVru5puhAaLyBD18=) entered vehicle Insurgent SUV Black (id=ADF02D0F68464B9041760DBC77490626 pos=<4007.2, 296.59, 7310.17>) as driver
14:02:01.662 [Safezone] Player "$kizo" (id=o4f3cnqp6AYc2jBk38PQBx8x94UJVru5puhAaLyBD18= pos=<3472.18, 347.57, 6431.51>) entered the safezone
14:03:10.709 [VehicleLeave] Player "$kizo" (id=o4f3cnqp6AYc2jBk38PQBx8x94UJVru5puhAaLyBD18=) left vehicle Insurgent SUV Black (id=ADF02D0F68464B9041760DBC77490626 pos=<3729.78, 401.48, 6017.41>)
14:05:10.492 [Market] Player "$kizo" (id=o4f3cnqp6AYc2jBk38PQBx8x94UJVru5puhAaLyBD18=) has sold a6_sigsauerromeoxloptic x1 (a9905360, Battery9V<c2c20250>) at the trader "Safezone ( [Safezone])" in market zone "Green Mountain" (pos=<3720.000000, 115.783501, 6006.666992>) and got 17400.
14:05:11.513 [Market] Player "$kizo" (id=o4f3cnqp6AYc2jBk38PQBx8x94UJVru5puhAaLyBD18=) has sold a6_hensoldtff_optic x1 (b85844d0) at the trader "Safezone ( [Safezone])" in market zone "Green Mountain" (pos=<3720.000000, 115.783501, 6006.666992>) and got 30800.
14:05:11.958 [Market] Player "$kizo" (id=o4f3cnqp6AYc2jBk38PQBx8x94UJVru5puhAaLyBD18=) has sold a6_hensoldtff_optic x1 (b76f89e0) at the trader "Safezone ( [Safezone])" in market zone "Green Mountain" (pos=<3720.000000, 115.783501, 6006.666992>) and got 30800.
14:05:14.420 [Market] Player "$kizo" (id=o4f3cnqp6AYc2jBk38PQBx8x94UJVru5puhAaLyBD18=) has sold a6_vortexrazorgeniioptic x1 (b83a9710) at the trader "Safezone ( [Safezone])" in market zone "Green Mountain" (pos=<3720.000000, 115.783501, 6006.666992>) and got 30800.
14:05:24.191 [Market] Player "$kizo" (id=o4f3cnqp6AYc2jBk38PQBx8x94UJVru5puhAaLyBD18=) has sold a6_elcanspecteroptic x1 (40153bf0) at the trader "Safezone ( [Safezone])" in market zone "Green Mountain" (pos=<3720.000000, 115.783501, 6006.666992>) and got 23800.
14:05:24.408 [Market] Player "$kizo" (id=o4f3cnqp6AYc2jBk38PQBx8x94UJVru5puhAaLyBD18=) has sold a6_elcanspecteroptic x1 (b66dbfb0) at the trader "Safezone ( [Safezone])" in market zone "Green Mountain" (pos=<3720.000000, 115.783501, 6006.666992>) and got 23800.
14:08:01.575 [VehicleAttachments] Player "$kizo" (id=o4f3cnqp6AYc2jBk38PQBx8x94UJVru5puhAaLyBD18=) detached Insurgent SUV Front left door Black (type=InsSUV_dver_1_1_Black) from vehicle Insurgent SUV Black (id=ADF02D0F68464B9041760DBC77490626 pos=<3729.78, 401.48, 6017.41>)
14:08:08.881 [VehicleEnter] Player "$kizo" (id=o4f3cnqp6AYc2jBk38PQBx8x94UJVru5puhAaLyBD18=) entered vehicle Insurgent SUV Black (id=ADF02D0F68464B9041760DBC77490626 pos=<3729.78, 401.48, 6017.41>) as driver
14:09:45.466 [Safezone] Player "$kizo" (id=o4f3cnqp6AYc2jBk38PQBx8x94UJVru5puhAaLyBD18= pos=<4391.49, 315.84, 5902.98>) left the safezone
14:10:10.711 [VehicleLeave] Player "$kizo" (id=o4f3cnqp6AYc2jBk38PQBx8x94UJVru5puhAaLyBD18=) left vehicle Insurgent SUV Black (id=ADF02D0F68464B9041760DBC77490626 pos=<4900.57, 290.54, 6268.16>)
14:11:31.430 [VehicleEnter] Player "$kizo" (id=o4f3cnqp6AYc2jBk38PQBx8x94UJVru5puhAaLyBD18=) entered vehicle Insurgent SUV Black (id=ADF02D0F68464B9041760DBC77490626 pos=<4900.57, 290.54, 6268.16>) as driver
14:13:59.798 [VehicleEngine] Player "$kizo" (id=o4f3cnqp6AYc2jBk38PQBx8x94UJVru5puhAaLyBD18=) stopped vehicle Insurgent SUV Black (id=ADF02D0F68464B9041760DBC77490626 pos=<4573.07, 233.35, 4526.65>)
14:14:03.463 [VehicleLeave] Player "$kizo" (id=o4f3cnqp6AYc2jBk38PQBx8x94UJVru5puhAaLyBD18=) left vehicle Insurgent SUV Black (id=ADF02D0F68464B9041760DBC77490626 pos=<4573.07, 233.35, 4526.65>)
14:19:42.390 [VehicleCarKey] Player "$kizo" (id=o4f3cnqp6AYc2jBk38PQBx8x94UJVru5puhAaLyBD18= pos=<4570.04, 233.28, 4523.71>) used ExpansionCarKey to lock CrSk_Insurgent_SUV_Black (id=ADF02D0F68464B9041760DBC77490626 pos=<4573.07, 233.35, 4526.65>)
14:24:59.093 [VehicleDeleted] CrSk_Insurgent_SUV_Black (id=ADF02D0F68464B9041760DBC77490626 pos=<4573.07, 233.35, 4526.65>)
21:55:25.870 [Expansion Quests] Initialize quest system on the connected client with UID=o4f3cnqp6AYc2jBk38PQBx8x94UJVru5puhAaLyBD18=
21:55:25.886 [Expansion Quests] Loaded existing player quest data for player with UID=o4f3cnqp6AYc2jBk38PQBx8x94UJVru5puhAaLyBD18=
21:55:25.886 [Expansion Quests] - LoadGroupQuestData - Got cached group quest data for group with ID=218927968
21:55:25.886 [Expansion Quests] Check quest initialization for quest with ID=24 | State=COMPLETED | Player UID=o4f3cnqp6AYc2jBk38PQBx8x94UJVru5puhAaLyBD18=
21:55:25.886 [Expansion Quests] Check quest initialization for quest with ID=1 | State=COMPLETED | Player UID=o4f3cnqp6AYc2jBk38PQBx8x94UJVru5puhAaLyBD18=
21:55:25.887 [Expansion Quests] Sending o4f3cnqp6AYc2jBk38PQBx8x94UJVru5puhAaLyBD18= quest configs to client for player with UID=o4f3cnqp6AYc2jBk38PQBx8x94UJVru5puhAaLyBD18=
21:55:25.888 [Expansion Quests] Sending player quest data for 2 quests to player with UID=o4f3cnqp6AYc2jBk38PQBx8x94UJVru5puhAaLyBD18=
21:59:08.834 [VehicleCover] Player "$kizo" (id=o4f3cnqp6AYc2jBk38PQBx8x94UJVru5puhAaLyBD18= pos=<4575.35, 233.28, 4529.18>) uncovered vehicle "CrSk_Insurgent_SUV_Black" (GlobalID=8000000080000000800000008000000F pos=<4573.07, 233.35, 4526.65>)!
22:04:14.514 [VehicleDeleted] CrSk_Insurgent_SUV_Black (id=750EA41AAB4B243B12DD9BB31048A9CA pos=<4573.07, 233.35, 4526.65>)
