06:02:10.275 [Safezone] Player "TootieBad88" (id=_YRHayB15fdZNFUP3lKt74_CBuzvgAeHzALVT4HHL_0= pos=<3698.64, 408.24, 5950.86>) entered the safezone
06:02:10.276 [Expansion Quests] Initialize quest system on the connected client with UID=_YRHayB15fdZNFUP3lKt74_CBuzvgAeHzALVT4HHL_0=
06:02:10.290 [Expansion Quests] Loaded existing player quest data for player with UID=_YRHayB15fdZNFUP3lKt74_CBuzvgAeHzALVT4HHL_0=
06:02:10.291 [Expansion Quests] Loaded existing group quest data for group with ID=140782
06:02:10.291 [Expansion Quests] Check quest initialization for quest with ID=1 | State=COMPLETED | Player UID=_YRHayB15fdZNFUP3lKt74_CBuzvgAeHzALVT4HHL_0=
06:02:10.292 [Expansion Quests] Check quest initialization for quest with ID=12 | State=STARTED | Player UID=_YRHayB15fdZNFUP3lKt74_CBuzvgAeHzALVT4HHL_0=
06:02:10.292 [Expansion Quests] Create new quest instance for quest with ID=12 | Player UID=_YRHayB15fdZNFUP3lKt74_CBuzvgAeHzALVT4HHL_0=
06:02:10.292 [Expansion Quests] Check quest initialization for quest with ID=18 | State=NONE | Player UID=_YRHayB15fdZNFUP3lKt74_CBuzvgAeHzALVT4HHL_0=
06:02:10.292 [Expansion Quests] Check quest initialization for quest with ID=19 | State=NONE | Player UID=_YRHayB15fdZNFUP3lKt74_CBuzvgAeHzALVT4HHL_0=
06:02:10.293 [Expansion Quests] Check quest initialization for quest with ID=21 | State=STARTED | Player UID=_YRHayB15fdZNFUP3lKt74_CBuzvgAeHzALVT4HHL_0=
06:02:10.293 [Expansion Quests] Create new quest instance for quest with ID=21 | Player UID=_YRHayB15fdZNFUP3lKt74_CBuzvgAeHzALVT4HHL_0=
06:02:10.293 [Expansion Quests] Check quest initialization for quest with ID=22 | State=STARTED | Player UID=_YRHayB15fdZNFUP3lKt74_CBuzvgAeHzALVT4HHL_0=
06:02:10.293 [Expansion Quests] Create new quest instance for quest with ID=22 | Player UID=_YRHayB15fdZNFUP3lKt74_CBuzvgAeHzALVT4HHL_0=
06:02:10.293 [Expansion Quests] Check quest initialization for quest with ID=23 | State=STARTED | Player UID=_YRHayB15fdZNFUP3lKt74_CBuzvgAeHzALVT4HHL_0=
06:02:10.294 [Expansion Quests] Create new quest instance for quest with ID=23 | Player UID=_YRHayB15fdZNFUP3lKt74_CBuzvgAeHzALVT4HHL_0=
06:02:10.294 [Expansion Quests] Check quest initialization for quest with ID=24 | State=STARTED | Player UID=_YRHayB15fdZNFUP3lKt74_CBuzvgAeHzALVT4HHL_0=
06:02:10.294 [Expansion Quests] Create new quest instance for quest with ID=24 | Player UID=_YRHayB15fdZNFUP3lKt74_CBuzvgAeHzALVT4HHL_0=
06:02:10.294 [Expansion Quests] Check quest initialization for quest with ID=25 | State=STARTED | Player UID=_YRHayB15fdZNFUP3lKt74_CBuzvgAeHzALVT4HHL_0=
06:02:10.294 [Expansion Quests] Create new quest instance for quest with ID=25 | Player UID=_YRHayB15fdZNFUP3lKt74_CBuzvgAeHzALVT4HHL_0=
06:02:10.295 [Expansion Quests] Sending _YRHayB15fdZNFUP3lKt74_CBuzvgAeHzALVT4HHL_0= quest configs to client for player with UID=_YRHayB15fdZNFUP3lKt74_CBuzvgAeHzALVT4HHL_0=
06:02:10.296 [Expansion Quests] Sending player quest data for 9 quests to player with UID=_YRHayB15fdZNFUP3lKt74_CBuzvgAeHzALVT4HHL_0=
06:02:10.697 [Expansion Quests] Added new objective data for type=COLLECT | Key=_YRHayB15fdZNFUP3lKt74_CBuzvgAeHzALVT4HHL_0= | ID=2
06:02:10.698 [Expansion Quests] Updated and saved persistent player quest data for player with UID=_YRHayB15fdZNFUP3lKt74_CBuzvgAeHzALVT4HHL_0= | Quest ID=12
06:07:00.921 [Safezone] Player "TootieBad88" (id=_YRHayB15fdZNFUP3lKt74_CBuzvgAeHzALVT4HHL_0= pos=<4219.39, 324.88, 6275.29>) left the safezone
06:10:54.544 [Expansion Quests] Deleted quest with ID=21 is a of player with UID=_YRHayB15fdZNFUP3lKt74_CBuzvgAeHzALVT4HHL_0=.
06:10:54.544 [Expansion Quests] Deleted quest with ID=22 is a of player with UID=_YRHayB15fdZNFUP3lKt74_CBuzvgAeHzALVT4HHL_0=.
06:10:54.545 [Expansion Quests] Deleted quest with ID=23 is a of player with UID=_YRHayB15fdZNFUP3lKt74_CBuzvgAeHzALVT4HHL_0=.
06:10:54.545 [Expansion Quests] Deleted quest with ID=24 is a of player with UID=_YRHayB15fdZNFUP3lKt74_CBuzvgAeHzALVT4HHL_0=.
06:10:54.545 [Expansion Quests] Deleted quest with ID=25 is a of player with UID=_YRHayB15fdZNFUP3lKt74_CBuzvgAeHzALVT4HHL_0=.
06:10:54.546 [Expansion Quests] Deleted quest with ID=12 is a of player with UID=_YRHayB15fdZNFUP3lKt74_CBuzvgAeHzALVT4HHL_0=.
