17:59:35.338 [Expansion Quests] Initialize quest system on the connected client with UID=b1H3aMFzk1PEuZ7T7R9ULx5v8FnNYUClXZQ1rumetHE=
17:59:35.352 [Expansion Quests] Loaded existing player quest data for player with UID=b1H3aMFzk1PEuZ7T7R9ULx5v8FnNYUClXZQ1rumetHE=
17:59:35.354 [Expansion Quests] Loaded existing group quest data for group with ID=5719501
17:59:35.354 [Expansion Quests] Check quest initialization for quest with ID=1 | State=COMPLETED | Player UID=b1H3aMFzk1PEuZ7T7R9ULx5v8FnNYUClXZQ1rumetHE=
17:59:35.355 [Expansion Quests] Sending b1H3aMFzk1PEuZ7T7R9ULx5v8FnNYUClXZQ1rumetHE= quest configs to client for player with UID=b1H3aMFzk1PEuZ7T7R9ULx5v8FnNYUClXZQ1rumetHE=
17:59:35.355 [Expansion Quests] Sending player quest data for 1 quests to player with UID=b1H3aMFzk1PEuZ7T7R9ULx5v8FnNYUClXZQ1rumetHE=
18:00:10.039 [VehicleCover] Player "dusty" (id=b1H3aMFzk1PEuZ7T7R9ULx5v8FnNYUClXZQ1rumetHE= pos=<222.81, 312.79, 7510.88>) uncovered vehicle "LANEvoque2016_Gold" (GlobalID=80000000800000008000000080000000 pos=<224.3, 312.46, 7510.96>)!
18:00:53.582 [VehicleCarKey] Player "dusty" (id=b1H3aMFzk1PEuZ7T7R9ULx5v8FnNYUClXZQ1rumetHE= pos=<226.75, 312.26, 7511.15>) used ExpansionCarKey to unlock LANEvoque2016_Gold (id=CE4D5B7BC84E49A07052ABBB41B73A89 pos=<224.3, 312.46, 7510.96>)
18:00:55.084 [VehicleCarKey] Player "dusty" (id=b1H3aMFzk1PEuZ7T7R9ULx5v8FnNYUClXZQ1rumetHE= pos=<226.75, 312.26, 7511.15>) used ExpansionCarKey to lock LANEvoque2016_Gold (id=CE4D5B7BC84E49A07052ABBB41B73A89 pos=<224.3, 312.46, 7510.96>)
18:00:56.320 [VehicleCarKey] Player "dusty" (id=b1H3aMFzk1PEuZ7T7R9ULx5v8FnNYUClXZQ1rumetHE= pos=<226.75, 312.26, 7511.15>) used ExpansionCarKey to unlock LANEvoque2016_Gold (id=CE4D5B7BC84E49A07052ABBB41B73A89 pos=<224.3, 312.46, 7510.96>)
18:02:39.019 [Expansion Quests] Initialize quest system on the connected client with UID=EjmwRFPqN8k5qPn9W0YqPUleIKWpE2fNI4fmQ-rFG6c=
18:02:39.028 [Expansion Quests] Loaded existing player quest data for player with UID=EjmwRFPqN8k5qPn9W0YqPUleIKWpE2fNI4fmQ-rFG6c=
18:02:39.028 [Expansion Quests] - LoadGroupQuestData - Got cached group quest data for group with ID=5719501
18:02:39.029 [Expansion Quests] Check quest initialization for quest with ID=1 | State=COMPLETED | Player UID=EjmwRFPqN8k5qPn9W0YqPUleIKWpE2fNI4fmQ-rFG6c=
18:02:39.029 [Expansion Quests] Sending EjmwRFPqN8k5qPn9W0YqPUleIKWpE2fNI4fmQ-rFG6c= quest configs to client for player with UID=EjmwRFPqN8k5qPn9W0YqPUleIKWpE2fNI4fmQ-rFG6c=
18:02:39.030 [Expansion Quests] Sending player quest data for 1 quests to player with UID=EjmwRFPqN8k5qPn9W0YqPUleIKWpE2fNI4fmQ-rFG6c=
18:03:10.186 [VehicleEnter] Player "dusty" (id=b1H3aMFzk1PEuZ7T7R9ULx5v8FnNYUClXZQ1rumetHE=) entered vehicle Range Rover Evoque 2016 (Gold) (id=CE4D5B7BC84E49A07052ABBB41B73A89 pos=<224.3, 312.46, 7510.96>) as driver
18:03:14.054 [VehicleEnter] Player "DeathCrow" (id=EjmwRFPqN8k5qPn9W0YqPUleIKWpE2fNI4fmQ-rFG6c=) entered vehicle Range Rover Evoque 2016 (Gold) (id=CE4D5B7BC84E49A07052ABBB41B73A89 pos=<224.3, 312.46, 7510.96>) as passenger
18:03:15.459 [VehicleEngine] Player "dusty" (id=b1H3aMFzk1PEuZ7T7R9ULx5v8FnNYUClXZQ1rumetHE=) started vehicle Range Rover Evoque 2016 (Gold) (id=CE4D5B7BC84E49A07052ABBB41B73A89 pos=<224.3, 312.46, 7510.96>)
18:03:43.218 [VehicleLeave] Player "DeathCrow" (id=EjmwRFPqN8k5qPn9W0YqPUleIKWpE2fNI4fmQ-rFG6c=) left vehicle Range Rover Evoque 2016 (Gold) (id=CE4D5B7BC84E49A07052ABBB41B73A89 pos=<243.87, 303.69, 7602.71>)
18:03:44.280 [VehicleEngine] Player "NULL" (id=NULL) stopped vehicle Range Rover Evoque 2016 (Gold) (id=CE4D5B7BC84E49A07052ABBB41B73A89 pos=<243.87, 303.69, 7602.71>)
18:03:44.451 [VehicleLeave] Player "dusty" (id=b1H3aMFzk1PEuZ7T7R9ULx5v8FnNYUClXZQ1rumetHE=) left vehicle Range Rover Evoque 2016 (Gold) (id=CE4D5B7BC84E49A07052ABBB41B73A89 pos=<243.87, 303.69, 7602.71>)
18:10:36.460 [VehicleDeleted] LANEvoque2016_Gold (id=CE4D5B7BC84E49A07052ABBB41B73A89 pos=<244.48, 303.61, 7602.82>)
18:17:01.630 [VehicleCover] Player "dusty" (id=b1H3aMFzk1PEuZ7T7R9ULx5v8FnNYUClXZQ1rumetHE= pos=<242.31, 302.14, 7603.91>) uncovered vehicle "LANEvoque2016_Gold" (GlobalID=80000000800000008000000080000000 pos=<244.48, 303.61, 7602.82>)!
18:18:05.954 [VehicleAttachments] Player "DeathCrow" (id=EjmwRFPqN8k5qPn9W0YqPUleIKWpE2fNI4fmQ-rFG6c=) detached RR Evoque 2016 CoDriver Door (Gold) (type=LANEvoque2016_CoDriver_Gold) from vehicle Range Rover Evoque 2016 (Gold) (id=81B2886D384E783F59B9DF9977BEBE0D pos=<244.57, 303.59, 7602.77>)
18:21:11.130 [VehicleEnter] Player "dusty" (id=b1H3aMFzk1PEuZ7T7R9ULx5v8FnNYUClXZQ1rumetHE=) entered vehicle Range Rover Evoque 2016 (Gold) (id=81B2886D384E783F59B9DF9977BEBE0D pos=<244.79, 303.63, 7603.53>) as passenger
18:21:13.832 [VehicleEnter] Player "dusty" (id=b1H3aMFzk1PEuZ7T7R9ULx5v8FnNYUClXZQ1rumetHE=) switched seats in vehicle Range Rover Evoque 2016 (Gold) (id=81B2886D384E783F59B9DF9977BEBE0D pos=<244.79, 303.63, 7603.53>) to driver
18:21:27.909 [VehicleEngine] Player "dusty" (id=b1H3aMFzk1PEuZ7T7R9ULx5v8FnNYUClXZQ1rumetHE=) started vehicle Range Rover Evoque 2016 (Gold) (id=81B2886D384E783F59B9DF9977BEBE0D pos=<244.74, 303.64, 7603.53>)
18:22:05.284 [VehicleEngine] Player "dusty" (id=b1H3aMFzk1PEuZ7T7R9ULx5v8FnNYUClXZQ1rumetHE=) stopped vehicle Range Rover Evoque 2016 (Gold) (id=81B2886D384E783F59B9DF9977BEBE0D pos=<244.72, 303.64, 7603.52>)
18:22:07.558 [VehicleLeave] Player "dusty" (id=b1H3aMFzk1PEuZ7T7R9ULx5v8FnNYUClXZQ1rumetHE=) left vehicle Range Rover Evoque 2016 (Gold) (id=81B2886D384E783F59B9DF9977BEBE0D pos=<244.72, 303.64, 7603.52>)
18:28:32.463 [VehicleDeleted] LANEvoque2016_Gold (id=81B2886D384E783F59B9DF9977BEBE0D pos=<244.72, 303.64, 7603.52>)
19:16:39.581 [Safezone] Player "dusty" (id=b1H3aMFzk1PEuZ7T7R9ULx5v8FnNYUClXZQ1rumetHE= pos=<3275.1, 282.75, 5804.49>) entered the safezone
19:16:41.837 [Safezone] Player "DeathCrow" (id=EjmwRFPqN8k5qPn9W0YqPUleIKWpE2fNI4fmQ-rFG6c= pos=<3269.09, 282.83, 5814.97>) entered the safezone
19:18:48.162 [Market] Player "DeathCrow" (id=EjmwRFPqN8k5qPn9W0YqPUleIKWpE2fNI4fmQ-rFG6c=) has sold a6_mrs_optic x1 (2c7c3cc0) at the trader "Safezone ( [Safezone])" in market zone "Green Mountain" (pos=<3720.000000, 115.783501, 6006.666992>) and got 16800.
19:18:56.939 [Market] Player "DeathCrow" (id=EjmwRFPqN8k5qPn9W0YqPUleIKWpE2fNI4fmQ-rFG6c=) has sold storagebox_container_blue x1 (3480f570) at the trader "Safezone ( [Safezone])" in market zone "Green Mountain" (pos=<3720.000000, 115.783501, 6006.666992>) and got 10000.
19:19:06.748 [Market] Player "DeathCrow" (id=EjmwRFPqN8k5qPn9W0YqPUleIKWpE2fNI4fmQ-rFG6c=) has sold weaponcleaningkit x1 (bed7c240) at the trader "Safezone ( [Safezone])" in market zone "Green Mountain" (pos=<3720.000000, 115.783501, 6006.666992>) and got 10000.
19:19:09.177 [Market] Player "DeathCrow" (id=EjmwRFPqN8k5qPn9W0YqPUleIKWpE2fNI4fmQ-rFG6c=) has sold weaponcleaningkit x1 (28811de0) at the trader "Safezone ( [Safezone])" in market zone "Green Mountain" (pos=<3720.000000, 115.783501, 6006.666992>) and got 10000.
19:19:10.114 [Market] Player "DeathCrow" (id=EjmwRFPqN8k5qPn9W0YqPUleIKWpE2fNI4fmQ-rFG6c=) has sold weaponcleaningkit x1 (28d340d0) at the trader "Safezone ( [Safezone])" in market zone "Green Mountain" (pos=<3720.000000, 115.783501, 6006.666992>) and got 10000.
19:19:12.581 [Market] Player "DeathCrow" (id=EjmwRFPqN8k5qPn9W0YqPUleIKWpE2fNI4fmQ-rFG6c=) has sold sewingkit x1 (bed8a980) at the trader "Safezone ( [Safezone])" in market zone "Green Mountain" (pos=<3720.000000, 115.783501, 6006.666992>) and got 10000.
19:19:13.502 [Market] Player "DeathCrow" (id=EjmwRFPqN8k5qPn9W0YqPUleIKWpE2fNI4fmQ-rFG6c=) has sold sewingkit x1 (bed86420) at the trader "Safezone ( [Safezone])" in market zone "Green Mountain" (pos=<3720.000000, 115.783501, 6006.666992>) and got 10000.
19:20:00.425 [Market] Player "dusty" (id=b1H3aMFzk1PEuZ7T7R9ULx5v8FnNYUClXZQ1rumetHE=) has sold a6_collimatoroptic x1 (47a2f520) at the trader "Safezone ( [Safezone])" in market zone "Green Mountain" (pos=<3720.000000, 115.783501, 6006.666992>) and got 16800.
19:20:08.171 [Market] Player "dusty" (id=b1H3aMFzk1PEuZ7T7R9ULx5v8FnNYUClXZQ1rumetHE=) has sold a6_elcanspecteroptic x1 (47a24c40) at the trader "Safezone ( [Safezone])" in market zone "Green Mountain" (pos=<3720.000000, 115.783501, 6006.666992>) and got 23800.
19:25:41.450 [VehicleDeleted] LANEvoque2016_ChromePurple (id=4324F45A9D48A8A1A977CD8673F5281A pos=<-0.01, 0.81, 0.08>)
19:25:41.463 [Market] Player "dusty" (id=b1H3aMFzk1PEuZ7T7R9ULx5v8FnNYUClXZQ1rumetHE=) has bought lanevoque2016_chromepurple x1 (c6e10f70, LANEvoque2016_Wheel_1<347918e0>, LANEvoque2016_Wheel_1<347918e0>, LANEvoque2016_Wheel_1<347918e0>, LANEvoque2016_Wheel_1<347918e0>, LANEvoque2016_Hood<347f49a0>, LANEvoque2016_Trunk<347ee190>, LANEvoque2016_CoDriver<347f3280>, LANEvoque2016_Driver<347eca70>, HeadlightH7<347e4b40>, HeadlightH7<347e4b40>, CarRadiator<34820af0>, CarBattery<34812f40>, SparkPlug<4ac031b0>) from the trader "Vehicles ( [Vehicles])" in market zone "Green Mountain" (pos=<3720.000000, 115.783501, 6006.666992>) for a price of 43000.
19:26:28.414 [VehicleCarKey] Player "dusty" (id=b1H3aMFzk1PEuZ7T7R9ULx5v8FnNYUClXZQ1rumetHE= pos=<3695.96, 402.02, 5996.38>) used ExpansionCarKey to unlock LANEvoque2016_ChromePurple (id=E69A8F73714ABB557D0015BA2318E33D pos=<3695.98, 402.02, 5994.25>)
19:26:34.114 [VehicleEnter] Player "DeathCrow" (id=EjmwRFPqN8k5qPn9W0YqPUleIKWpE2fNI4fmQ-rFG6c=) entered vehicle Range Rover Evoque 2016 (Chrome Purple) (id=E69A8F73714ABB557D0015BA2318E33D pos=<3695.98, 402.02, 5994.25>) as passenger
19:27:03.078 [VehicleLeave] Player "DeathCrow" (id=EjmwRFPqN8k5qPn9W0YqPUleIKWpE2fNI4fmQ-rFG6c=) left vehicle Range Rover Evoque 2016 (Chrome Purple) (id=E69A8F73714ABB557D0015BA2318E33D pos=<3695.98, 402.02, 5994.25>)
19:28:28.131 [Market] Player "dusty" (id=b1H3aMFzk1PEuZ7T7R9ULx5v8FnNYUClXZQ1rumetHE=) has bought pickaxe x1 (43c12610) from the trader "Safezone ( [Safezone])" in market zone "Green Mountain" (pos=<3720.000000, 115.783501, 6006.666992>) for a price of 25000.
19:28:28.804 [Market] Player "dusty" (id=b1H3aMFzk1PEuZ7T7R9ULx5v8FnNYUClXZQ1rumetHE=) has bought pickaxe x1 (43c0be00) from the trader "Safezone ( [Safezone])" in market zone "Green Mountain" (pos=<3720.000000, 115.783501, 6006.666992>) for a price of 25000.
19:29:35.433 [VehicleEnter] Player "DeathCrow" (id=EjmwRFPqN8k5qPn9W0YqPUleIKWpE2fNI4fmQ-rFG6c=) entered vehicle Range Rover Evoque 2016 (Chrome Purple) (id=E69A8F73714ABB557D0015BA2318E33D pos=<3695.98, 402.02, 5994.25>) as passenger
19:30:44.696 [VehicleEnter] Player "dusty" (id=b1H3aMFzk1PEuZ7T7R9ULx5v8FnNYUClXZQ1rumetHE=) entered vehicle Range Rover Evoque 2016 (Chrome Purple) (id=E69A8F73714ABB557D0015BA2318E33D pos=<3695.97, 402.02, 5994.25>) as driver
19:30:44.916 [VehicleCarKey] Player "dusty" (id=b1H3aMFzk1PEuZ7T7R9ULx5v8FnNYUClXZQ1rumetHE= pos=<3695.87, 402.85, 5994.71>) used ExpansionCarKey to lock LANEvoque2016_ChromePurple (id=E69A8F73714ABB557D0015BA2318E33D pos=<3695.97, 402.02, 5994.25>)
19:30:48.309 [VehicleEngine] Player "dusty" (id=b1H3aMFzk1PEuZ7T7R9ULx5v8FnNYUClXZQ1rumetHE=) started vehicle Range Rover Evoque 2016 (Chrome Purple) (id=E69A8F73714ABB557D0015BA2318E33D pos=<3695.96, 402.02, 5994.25>)
19:31:02.684 [VehicleEngine] Player "dusty" (id=b1H3aMFzk1PEuZ7T7R9ULx5v8FnNYUClXZQ1rumetHE=) stopped vehicle Range Rover Evoque 2016 (Chrome Purple) (Locked) (id=E69A8F73714ABB557D0015BA2318E33D pos=<3739.35, 402.65, 5998.95>)
19:31:08.852 [VehicleLeave] Player "dusty" (id=b1H3aMFzk1PEuZ7T7R9ULx5v8FnNYUClXZQ1rumetHE=) left vehicle Range Rover Evoque 2016 (Chrome Purple) (id=E69A8F73714ABB557D0015BA2318E33D pos=<3739.34, 402.65, 5998.99>)
19:31:26.166 [VehicleLeave] Player "DeathCrow" (id=EjmwRFPqN8k5qPn9W0YqPUleIKWpE2fNI4fmQ-rFG6c=) left vehicle Range Rover Evoque 2016 (Chrome Purple) (id=E69A8F73714ABB557D0015BA2318E33D pos=<3739.34, 402.65, 5998.99>)
19:31:38.388 [VehicleEnter] Player "DeathCrow" (id=EjmwRFPqN8k5qPn9W0YqPUleIKWpE2fNI4fmQ-rFG6c=) entered vehicle Range Rover Evoque 2016 (Chrome Purple) (id=E69A8F73714ABB557D0015BA2318E33D pos=<3739.34, 402.65, 5998.99>) as passenger
19:32:00.111 [VehicleLeave] Player "DeathCrow" (id=EjmwRFPqN8k5qPn9W0YqPUleIKWpE2fNI4fmQ-rFG6c=) left vehicle Range Rover Evoque 2016 (Chrome Purple) (id=E69A8F73714ABB557D0015BA2318E33D pos=<3739.34, 402.65, 5998.99>)
19:32:02.286 [VehicleCarKey] Player "dusty" (id=b1H3aMFzk1PEuZ7T7R9ULx5v8FnNYUClXZQ1rumetHE= pos=<3740.33, 402.62, 6000.71>) used ExpansionCarKey to lock LANEvoque2016_ChromePurple (id=E69A8F73714ABB557D0015BA2318E33D pos=<3739.34, 402.65, 5998.99>)
19:32:27.214 [VehicleCarKey] Player "dusty" (id=b1H3aMFzk1PEuZ7T7R9ULx5v8FnNYUClXZQ1rumetHE= pos=<3740.69, 402.63, 6000.72>) used ExpansionCarKey to unlock LANEvoque2016_ChromePurple (id=E69A8F73714ABB557D0015BA2318E33D pos=<3739.34, 402.65, 5998.99>)
19:32:32.072 [VehicleEnter] Player "DeathCrow" (id=EjmwRFPqN8k5qPn9W0YqPUleIKWpE2fNI4fmQ-rFG6c=) entered vehicle Range Rover Evoque 2016 (Chrome Purple) (id=E69A8F73714ABB557D0015BA2318E33D pos=<3739.34, 402.65, 5998.99>) as passenger
19:32:33.915 [VehicleEnter] Player "dusty" (id=b1H3aMFzk1PEuZ7T7R9ULx5v8FnNYUClXZQ1rumetHE=) entered vehicle Range Rover Evoque 2016 (Chrome Purple) (id=E69A8F73714ABB557D0015BA2318E33D pos=<3739.33, 402.65, 5999.02>) as driver
19:32:37.909 [VehicleEngine] Player "dusty" (id=b1H3aMFzk1PEuZ7T7R9ULx5v8FnNYUClXZQ1rumetHE=) started vehicle Range Rover Evoque 2016 (Chrome Purple) (id=E69A8F73714ABB557D0015BA2318E33D pos=<3739.29, 402.64, 5999.1>)
19:34:02.092 [Safezone] Player "DeathCrow" (id=EjmwRFPqN8k5qPn9W0YqPUleIKWpE2fNI4fmQ-rFG6c= pos=<3189.6, 356.62, 6556.16>) left the safezone
19:34:02.309 [Safezone] Player "dusty" (id=b1H3aMFzk1PEuZ7T7R9ULx5v8FnNYUClXZQ1rumetHE= pos=<3183.97, 357, 6560.08>) left the safezone
19:41:03.604 [VehicleLeave] Player "DeathCrow" (id=EjmwRFPqN8k5qPn9W0YqPUleIKWpE2fNI4fmQ-rFG6c=) left vehicle Range Rover Evoque 2016 (Chrome Purple) (id=E69A8F73714ABB557D0015BA2318E33D pos=<225.25, 312.35, 7510.31>)
19:41:03.634 [VehicleEngine] Player "dusty" (id=b1H3aMFzk1PEuZ7T7R9ULx5v8FnNYUClXZQ1rumetHE=) stopped vehicle Range Rover Evoque 2016 (Chrome Purple) (id=E69A8F73714ABB557D0015BA2318E33D pos=<225.25, 312.35, 7510.31>)
19:41:20.934 [VehicleEngine] Player "dusty" (id=b1H3aMFzk1PEuZ7T7R9ULx5v8FnNYUClXZQ1rumetHE=) started vehicle Range Rover Evoque 2016 (Chrome Purple) (id=E69A8F73714ABB557D0015BA2318E33D pos=<225.24, 312.35, 7510.31>)
19:41:53.927 [VehicleCover] Player "DeathCrow" (id=EjmwRFPqN8k5qPn9W0YqPUleIKWpE2fNI4fmQ-rFG6c= pos=<243.3, 301.62, 7600.32>) uncovered vehicle "LANEvoque2016_Gold" (GlobalID=80000000800000008000000080000000 pos=<244.72, 303.64, 7603.52>)!
19:43:27.846 [VehicleEnter] Player "DeathCrow" (id=EjmwRFPqN8k5qPn9W0YqPUleIKWpE2fNI4fmQ-rFG6c=) entered vehicle Range Rover Evoque 2016 (Gold) (id=60CEAF4A85466E970FBCE6AC58BA3687 pos=<250.76, 300.27, 7599.25>) as driver
19:43:33.735 [VehicleEngine] Player "DeathCrow" (id=EjmwRFPqN8k5qPn9W0YqPUleIKWpE2fNI4fmQ-rFG6c=) started vehicle Range Rover Evoque 2016 (Gold) (id=60CEAF4A85466E970FBCE6AC58BA3687 pos=<250.77, 300.27, 7599.25>)
19:44:49.624 [VehicleLeave] Player "DeathCrow" (id=EjmwRFPqN8k5qPn9W0YqPUleIKWpE2fNI4fmQ-rFG6c=) left vehicle Range Rover Evoque 2016 (Gold) (id=60CEAF4A85466E970FBCE6AC58BA3687 pos=<249.21, 301, 7603.14>)
19:45:01.875 [VehicleEnter] Player "DeathCrow" (id=EjmwRFPqN8k5qPn9W0YqPUleIKWpE2fNI4fmQ-rFG6c=) entered vehicle Range Rover Evoque 2016 (Gold) (id=60CEAF4A85466E970FBCE6AC58BA3687 pos=<249.21, 301, 7603.14>) as driver
19:49:36.984 [VehicleEngine] Player "dusty" (id=b1H3aMFzk1PEuZ7T7R9ULx5v8FnNYUClXZQ1rumetHE=) stopped vehicle Range Rover Evoque 2016 (Chrome Purple) (id=E69A8F73714ABB557D0015BA2318E33D pos=<1041.2, 338.84, 9970.46>)
19:49:39.826 [VehicleLeave] Player "dusty" (id=b1H3aMFzk1PEuZ7T7R9ULx5v8FnNYUClXZQ1rumetHE=) left vehicle Range Rover Evoque 2016 (Chrome Purple) (id=E69A8F73714ABB557D0015BA2318E33D pos=<1041.22, 338.84, 9970.46>)
19:49:56.498 [VehicleEnter] Player "dusty" (id=b1H3aMFzk1PEuZ7T7R9ULx5v8FnNYUClXZQ1rumetHE=) entered vehicle Range Rover Evoque 2016 (Chrome Purple) (id=E69A8F73714ABB557D0015BA2318E33D pos=<1041.23, 338.84, 9970.46>) as driver
19:49:59.284 [VehicleEngine] Player "dusty" (id=b1H3aMFzk1PEuZ7T7R9ULx5v8FnNYUClXZQ1rumetHE=) started vehicle Range Rover Evoque 2016 (Chrome Purple) (id=E69A8F73714ABB557D0015BA2318E33D pos=<1041.24, 338.84, 9970.46>)
19:50:11.084 [VehicleEngine] Player "dusty" (id=b1H3aMFzk1PEuZ7T7R9ULx5v8FnNYUClXZQ1rumetHE=) stopped vehicle Range Rover Evoque 2016 (Chrome Purple) (id=E69A8F73714ABB557D0015BA2318E33D pos=<1023.76, 339.29, 9966.36>)
19:50:23.363 [VehicleLeave] Player "dusty" (id=b1H3aMFzk1PEuZ7T7R9ULx5v8FnNYUClXZQ1rumetHE=) left vehicle Range Rover Evoque 2016 (Chrome Purple) (id=E69A8F73714ABB557D0015BA2318E33D pos=<1023.82, 339.29, 9966.37>)
19:50:23.978 [VehicleEngine] Player "NULL" (id=NULL) stopped vehicle Range Rover Evoque 2016 (Gold) (id=60CEAF4A85466E970FBCE6AC58BA3687 pos=<1027.93, 339.29, 9960.57>)
19:50:24.113 [VehicleLeave] Player "DeathCrow" (id=EjmwRFPqN8k5qPn9W0YqPUleIKWpE2fNI4fmQ-rFG6c=) left vehicle Range Rover Evoque 2016 (Gold) (id=60CEAF4A85466E970FBCE6AC58BA3687 pos=<1027.93, 339.29, 9960.57>)
19:50:28.535 [VehicleEnter] Player "DeathCrow" (id=EjmwRFPqN8k5qPn9W0YqPUleIKWpE2fNI4fmQ-rFG6c=) entered vehicle Range Rover Evoque 2016 (Gold) (id=60CEAF4A85466E970FBCE6AC58BA3687 pos=<1027.93, 339.29, 9960.57>) as driver
19:50:33.742 [VehicleLeave] Player "DeathCrow" (id=EjmwRFPqN8k5qPn9W0YqPUleIKWpE2fNI4fmQ-rFG6c=) left vehicle Range Rover Evoque 2016 (Gold) (id=60CEAF4A85466E970FBCE6AC58BA3687 pos=<1027.93, 339.29, 9960.57>)
19:56:07.073 [VehicleDeleted] LANEvoque2016_ChromePurple (id=E69A8F73714ABB557D0015BA2318E33D pos=<1023.82, 339.29, 9966.37>)
19:56:07.083 [VehicleDeleted] LANEvoque2016_Gold (id=60CEAF4A85466E970FBCE6AC58BA3687 pos=<1027.93, 339.29, 9960.57>)
