13:13:38.251 [Expansion Quests] Initialize quest system on the connected client with UID=_YRHayB15fdZNFUP3lKt74_CBuzvgAeHzALVT4HHL_0=
13:13:38.266 [Expansion Quests] Loaded existing player quest data for player with UID=_YRHayB15fdZNFUP3lKt74_CBuzvgAeHzALVT4HHL_0=
13:13:38.267 [Expansion Quests] Loaded existing group quest data for group with ID=140782
13:13:38.267 [Expansion Quests] Check quest initialization for quest with ID=1 | State=COMPLETED | Player UID=_YRHayB15fdZNFUP3lKt74_CBuzvgAeHzALVT4HHL_0=
13:13:38.267 [Expansion Quests] Check quest initialization for quest with ID=12 | State=STARTED | Player UID=_YRHayB15fdZNFUP3lKt74_CBuzvgAeHzALVT4HHL_0=
13:13:38.268 [Expansion Quests] Create new quest instance for quest with ID=12 | Player UID=_YRHayB15fdZNFUP3lKt74_CBuzvgAeHzALVT4HHL_0=
13:13:38.268 [Expansion Quests] Check quest initialization for quest with ID=18 | State=NONE | Player UID=_YRHayB15fdZNFUP3lKt74_CBuzvgAeHzALVT4HHL_0=
13:13:38.268 [Expansion Quests] Check quest initialization for quest with ID=19 | State=NONE | Player UID=_YRHayB15fdZNFUP3lKt74_CBuzvgAeHzALVT4HHL_0=
13:13:38.269 [Expansion Quests] Check quest initialization for quest with ID=21 | State=STARTED | Player UID=_YRHayB15fdZNFUP3lKt74_CBuzvgAeHzALVT4HHL_0=
13:13:38.269 [Expansion Quests] Create new quest instance for quest with ID=21 | Player UID=_YRHayB15fdZNFUP3lKt74_CBuzvgAeHzALVT4HHL_0=
13:13:38.269 [Expansion Quests] Check quest initialization for quest with ID=22 | State=STARTED | Player UID=_YRHayB15fdZNFUP3lKt74_CBuzvgAeHzALVT4HHL_0=
13:13:38.269 [Expansion Quests] Create new quest instance for quest with ID=22 | Player UID=_YRHayB15fdZNFUP3lKt74_CBuzvgAeHzALVT4HHL_0=
13:13:38.269 [Expansion Quests] Check quest initialization for quest with ID=23 | State=STARTED | Player UID=_YRHayB15fdZNFUP3lKt74_CBuzvgAeHzALVT4HHL_0=
13:13:38.270 [Expansion Quests] Create new quest instance for quest with ID=23 | Player UID=_YRHayB15fdZNFUP3lKt74_CBuzvgAeHzALVT4HHL_0=
13:13:38.270 [Expansion Quests] Check quest initialization for quest with ID=24 | State=STARTED | Player UID=_YRHayB15fdZNFUP3lKt74_CBuzvgAeHzALVT4HHL_0=
13:13:38.270 [Expansion Quests] Create new quest instance for quest with ID=24 | Player UID=_YRHayB15fdZNFUP3lKt74_CBuzvgAeHzALVT4HHL_0=
13:13:38.270 [Expansion Quests] Check quest initialization for quest with ID=25 | State=STARTED | Player UID=_YRHayB15fdZNFUP3lKt74_CBuzvgAeHzALVT4HHL_0=
13:13:38.270 [Expansion Quests] Create new quest instance for quest with ID=25 | Player UID=_YRHayB15fdZNFUP3lKt74_CBuzvgAeHzALVT4HHL_0=
13:13:38.271 [Expansion Quests] Sending _YRHayB15fdZNFUP3lKt74_CBuzvgAeHzALVT4HHL_0= quest configs to client for player with UID=_YRHayB15fdZNFUP3lKt74_CBuzvgAeHzALVT4HHL_0=
13:13:38.272 [Expansion Quests] Sending player quest data for 9 quests to player with UID=_YRHayB15fdZNFUP3lKt74_CBuzvgAeHzALVT4HHL_0=
13:13:38.673 [Expansion Quests] Added new objective data for type=COLLECT | Key=_YRHayB15fdZNFUP3lKt74_CBuzvgAeHzALVT4HHL_0= | ID=2
13:13:38.674 [Expansion Quests] Updated and saved persistent player quest data for player with UID=_YRHayB15fdZNFUP3lKt74_CBuzvgAeHzALVT4HHL_0= | Quest ID=12
13:16:57.669 [Expansion Quests] Added new objective data for type=COLLECT | Key=_YRHayB15fdZNFUP3lKt74_CBuzvgAeHzALVT4HHL_0= | ID=2
13:16:57.669 [Expansion Quests] Updated and saved persistent player quest data for player with UID=_YRHayB15fdZNFUP3lKt74_CBuzvgAeHzALVT4HHL_0= | Quest ID=12
13:31:54.371 [Expansion Quests] Added new objective data for type=CRAFTING | Key=_YRHayB15fdZNFUP3lKt74_CBuzvgAeHzALVT4HHL_0= | ID=2
13:31:54.372 [Expansion Quests] Updated and saved persistent player quest data for player with UID=_YRHayB15fdZNFUP3lKt74_CBuzvgAeHzALVT4HHL_0= | Quest ID=21
13:31:54.373 [Expansion Quests] Added new objective data for type=CRAFTING | Key=_YRHayB15fdZNFUP3lKt74_CBuzvgAeHzALVT4HHL_0= | ID=1
13:31:54.374 [Expansion Quests] Updated and saved persistent player quest data for player with UID=_YRHayB15fdZNFUP3lKt74_CBuzvgAeHzALVT4HHL_0= | Quest ID=22
13:31:54.374 [Expansion Quests] Added new objective data for type=CRAFTING | Key=_YRHayB15fdZNFUP3lKt74_CBuzvgAeHzALVT4HHL_0= | ID=3
13:31:54.375 [Expansion Quests] Updated and saved persistent player quest data for player with UID=_YRHayB15fdZNFUP3lKt74_CBuzvgAeHzALVT4HHL_0= | Quest ID=23
13:31:54.375 [Expansion Quests] Added new objective data for type=CRAFTING | Key=_YRHayB15fdZNFUP3lKt74_CBuzvgAeHzALVT4HHL_0= | ID=4
13:31:54.376 [Expansion Quests] Updated and saved persistent player quest data for player with UID=_YRHayB15fdZNFUP3lKt74_CBuzvgAeHzALVT4HHL_0= | Quest ID=24
13:31:54.376 [Expansion Quests] Added new objective data for type=CRAFTING | Key=_YRHayB15fdZNFUP3lKt74_CBuzvgAeHzALVT4HHL_0= | ID=5
13:31:54.377 [Expansion Quests] Updated and saved persistent player quest data for player with UID=_YRHayB15fdZNFUP3lKt74_CBuzvgAeHzALVT4HHL_0= | Quest ID=25
13:32:05.040 [Expansion Quests] Added new objective data for type=CRAFTING | Key=_YRHayB15fdZNFUP3lKt74_CBuzvgAeHzALVT4HHL_0= | ID=2
13:32:05.041 [Expansion Quests] Updated and saved persistent player quest data for player with UID=_YRHayB15fdZNFUP3lKt74_CBuzvgAeHzALVT4HHL_0= | Quest ID=21
13:32:05.041 [Expansion Quests] Added new objective data for type=CRAFTING | Key=_YRHayB15fdZNFUP3lKt74_CBuzvgAeHzALVT4HHL_0= | ID=1
13:32:05.042 [Expansion Quests] Updated and saved persistent player quest data for player with UID=_YRHayB15fdZNFUP3lKt74_CBuzvgAeHzALVT4HHL_0= | Quest ID=22
13:32:05.043 [Expansion Quests] Added new objective data for type=CRAFTING | Key=_YRHayB15fdZNFUP3lKt74_CBuzvgAeHzALVT4HHL_0= | ID=3
13:32:05.043 [Expansion Quests] Updated and saved persistent player quest data for player with UID=_YRHayB15fdZNFUP3lKt74_CBuzvgAeHzALVT4HHL_0= | Quest ID=23
13:32:05.044 [Expansion Quests] Added new objective data for type=CRAFTING | Key=_YRHayB15fdZNFUP3lKt74_CBuzvgAeHzALVT4HHL_0= | ID=4
13:32:05.045 [Expansion Quests] Updated and saved persistent player quest data for player with UID=_YRHayB15fdZNFUP3lKt74_CBuzvgAeHzALVT4HHL_0= | Quest ID=24
13:32:05.045 [Expansion Quests] Added new objective data for type=CRAFTING | Key=_YRHayB15fdZNFUP3lKt74_CBuzvgAeHzALVT4HHL_0= | ID=5
13:32:05.046 [Expansion Quests] Updated and saved persistent player quest data for player with UID=_YRHayB15fdZNFUP3lKt74_CBuzvgAeHzALVT4HHL_0= | Quest ID=25
13:32:15.704 [Expansion Quests] Added new objective data for type=CRAFTING | Key=_YRHayB15fdZNFUP3lKt74_CBuzvgAeHzALVT4HHL_0= | ID=2
13:32:15.705 [Expansion Quests] Updated and saved persistent player quest data for player with UID=_YRHayB15fdZNFUP3lKt74_CBuzvgAeHzALVT4HHL_0= | Quest ID=21
13:32:15.706 [Expansion Quests] Added new objective data for type=CRAFTING | Key=_YRHayB15fdZNFUP3lKt74_CBuzvgAeHzALVT4HHL_0= | ID=1
13:32:15.707 [Expansion Quests] Updated and saved persistent player quest data for player with UID=_YRHayB15fdZNFUP3lKt74_CBuzvgAeHzALVT4HHL_0= | Quest ID=22
13:32:15.707 [Expansion Quests] Added new objective data for type=CRAFTING | Key=_YRHayB15fdZNFUP3lKt74_CBuzvgAeHzALVT4HHL_0= | ID=3
13:32:15.708 [Expansion Quests] Updated and saved persistent player quest data for player with UID=_YRHayB15fdZNFUP3lKt74_CBuzvgAeHzALVT4HHL_0= | Quest ID=23
13:32:15.708 [Expansion Quests] Added new objective data for type=CRAFTING | Key=_YRHayB15fdZNFUP3lKt74_CBuzvgAeHzALVT4HHL_0= | ID=4
13:32:15.709 [Expansion Quests] Updated and saved persistent player quest data for player with UID=_YRHayB15fdZNFUP3lKt74_CBuzvgAeHzALVT4HHL_0= | Quest ID=24
13:32:15.709 [Expansion Quests] Added new objective data for type=CRAFTING | Key=_YRHayB15fdZNFUP3lKt74_CBuzvgAeHzALVT4HHL_0= | ID=5
13:32:15.710 [Expansion Quests] Updated and saved persistent player quest data for player with UID=_YRHayB15fdZNFUP3lKt74_CBuzvgAeHzALVT4HHL_0= | Quest ID=25
13:32:26.406 [Expansion Quests] Added new objective data for type=CRAFTING | Key=_YRHayB15fdZNFUP3lKt74_CBuzvgAeHzALVT4HHL_0= | ID=2
13:32:26.407 [Expansion Quests] Updated and saved persistent player quest data for player with UID=_YRHayB15fdZNFUP3lKt74_CBuzvgAeHzALVT4HHL_0= | Quest ID=21
13:32:26.408 [Expansion Quests] Added new objective data for type=CRAFTING | Key=_YRHayB15fdZNFUP3lKt74_CBuzvgAeHzALVT4HHL_0= | ID=1
13:32:26.408 [Expansion Quests] Updated and saved persistent player quest data for player with UID=_YRHayB15fdZNFUP3lKt74_CBuzvgAeHzALVT4HHL_0= | Quest ID=22
13:32:26.409 [Expansion Quests] Added new objective data for type=CRAFTING | Key=_YRHayB15fdZNFUP3lKt74_CBuzvgAeHzALVT4HHL_0= | ID=3
13:32:26.410 [Expansion Quests] Updated and saved persistent player quest data for player with UID=_YRHayB15fdZNFUP3lKt74_CBuzvgAeHzALVT4HHL_0= | Quest ID=23
13:32:26.410 [Expansion Quests] Added new objective data for type=CRAFTING | Key=_YRHayB15fdZNFUP3lKt74_CBuzvgAeHzALVT4HHL_0= | ID=4
13:32:26.411 [Expansion Quests] Updated and saved persistent player quest data for player with UID=_YRHayB15fdZNFUP3lKt74_CBuzvgAeHzALVT4HHL_0= | Quest ID=24
13:32:26.411 [Expansion Quests] Added new objective data for type=CRAFTING | Key=_YRHayB15fdZNFUP3lKt74_CBuzvgAeHzALVT4HHL_0= | ID=5
13:32:26.412 [Expansion Quests] Updated and saved persistent player quest data for player with UID=_YRHayB15fdZNFUP3lKt74_CBuzvgAeHzALVT4HHL_0= | Quest ID=25
13:33:44.503 [Expansion Quests] Added new objective data for type=CRAFTING | Key=_YRHayB15fdZNFUP3lKt74_CBuzvgAeHzALVT4HHL_0= | ID=2
13:33:44.504 [Expansion Quests] Updated and saved persistent player quest data for player with UID=_YRHayB15fdZNFUP3lKt74_CBuzvgAeHzALVT4HHL_0= | Quest ID=21
13:33:44.505 [Expansion Quests] Added new objective data for type=CRAFTING | Key=_YRHayB15fdZNFUP3lKt74_CBuzvgAeHzALVT4HHL_0= | ID=1
13:33:44.505 [Expansion Quests] Updated and saved persistent player quest data for player with UID=_YRHayB15fdZNFUP3lKt74_CBuzvgAeHzALVT4HHL_0= | Quest ID=22
13:33:44.506 [Expansion Quests] Added new objective data for type=CRAFTING | Key=_YRHayB15fdZNFUP3lKt74_CBuzvgAeHzALVT4HHL_0= | ID=3
13:33:44.507 [Expansion Quests] Updated and saved persistent player quest data for player with UID=_YRHayB15fdZNFUP3lKt74_CBuzvgAeHzALVT4HHL_0= | Quest ID=23
13:33:44.507 [Expansion Quests] Added new objective data for type=CRAFTING | Key=_YRHayB15fdZNFUP3lKt74_CBuzvgAeHzALVT4HHL_0= | ID=4
13:33:44.508 [Expansion Quests] Updated and saved persistent player quest data for player with UID=_YRHayB15fdZNFUP3lKt74_CBuzvgAeHzALVT4HHL_0= | Quest ID=24
13:33:44.508 [Expansion Quests] Added new objective data for type=CRAFTING | Key=_YRHayB15fdZNFUP3lKt74_CBuzvgAeHzALVT4HHL_0= | ID=5
13:33:44.509 [Expansion Quests] Updated and saved persistent player quest data for player with UID=_YRHayB15fdZNFUP3lKt74_CBuzvgAeHzALVT4HHL_0= | Quest ID=25
13:42:42.262 [Expansion Quests] Added new objective data for type=CRAFTING | Key=_YRHayB15fdZNFUP3lKt74_CBuzvgAeHzALVT4HHL_0= | ID=2
13:42:42.263 [Expansion Quests] Updated and saved persistent player quest data for player with UID=_YRHayB15fdZNFUP3lKt74_CBuzvgAeHzALVT4HHL_0= | Quest ID=21
13:42:42.263 [Expansion Quests] Added new objective data for type=CRAFTING | Key=_YRHayB15fdZNFUP3lKt74_CBuzvgAeHzALVT4HHL_0= | ID=1
13:42:42.264 [Expansion Quests] Updated and saved persistent player quest data for player with UID=_YRHayB15fdZNFUP3lKt74_CBuzvgAeHzALVT4HHL_0= | Quest ID=22
13:42:42.265 [Expansion Quests] Added new objective data for type=CRAFTING | Key=_YRHayB15fdZNFUP3lKt74_CBuzvgAeHzALVT4HHL_0= | ID=3
13:42:42.265 [Expansion Quests] Updated and saved persistent player quest data for player with UID=_YRHayB15fdZNFUP3lKt74_CBuzvgAeHzALVT4HHL_0= | Quest ID=23
13:42:42.266 [Expansion Quests] Added new objective data for type=CRAFTING | Key=_YRHayB15fdZNFUP3lKt74_CBuzvgAeHzALVT4HHL_0= | ID=4
13:42:42.267 [Expansion Quests] Updated and saved persistent player quest data for player with UID=_YRHayB15fdZNFUP3lKt74_CBuzvgAeHzALVT4HHL_0= | Quest ID=24
13:42:42.267 [Expansion Quests] Added new objective data for type=CRAFTING | Key=_YRHayB15fdZNFUP3lKt74_CBuzvgAeHzALVT4HHL_0= | ID=5
13:42:42.267 [Expansion Quests] Updated and saved persistent player quest data for player with UID=_YRHayB15fdZNFUP3lKt74_CBuzvgAeHzALVT4HHL_0= | Quest ID=25
13:43:23.458 [Expansion Quests] Added new objective data for type=CRAFTING | Key=_YRHayB15fdZNFUP3lKt74_CBuzvgAeHzALVT4HHL_0= | ID=2
13:43:23.459 [Expansion Quests] Updated and saved persistent player quest data for player with UID=_YRHayB15fdZNFUP3lKt74_CBuzvgAeHzALVT4HHL_0= | Quest ID=21
13:43:23.459 [Expansion Quests] Added new objective data for type=CRAFTING | Key=_YRHayB15fdZNFUP3lKt74_CBuzvgAeHzALVT4HHL_0= | ID=1
13:43:23.460 [Expansion Quests] Updated and saved persistent player quest data for player with UID=_YRHayB15fdZNFUP3lKt74_CBuzvgAeHzALVT4HHL_0= | Quest ID=22
13:43:23.461 [Expansion Quests] Added new objective data for type=CRAFTING | Key=_YRHayB15fdZNFUP3lKt74_CBuzvgAeHzALVT4HHL_0= | ID=3
13:43:23.461 [Expansion Quests] Updated and saved persistent player quest data for player with UID=_YRHayB15fdZNFUP3lKt74_CBuzvgAeHzALVT4HHL_0= | Quest ID=23
13:43:23.462 [Expansion Quests] Added new objective data for type=CRAFTING | Key=_YRHayB15fdZNFUP3lKt74_CBuzvgAeHzALVT4HHL_0= | ID=4
13:43:23.463 [Expansion Quests] Updated and saved persistent player quest data for player with UID=_YRHayB15fdZNFUP3lKt74_CBuzvgAeHzALVT4HHL_0= | Quest ID=24
13:43:23.463 [Expansion Quests] Added new objective data for type=CRAFTING | Key=_YRHayB15fdZNFUP3lKt74_CBuzvgAeHzALVT4HHL_0= | ID=5
13:43:23.464 [Expansion Quests] Updated and saved persistent player quest data for player with UID=_YRHayB15fdZNFUP3lKt74_CBuzvgAeHzALVT4HHL_0= | Quest ID=25
13:45:35.494 [Expansion Quests] Added new objective data for type=CRAFTING | Key=_YRHayB15fdZNFUP3lKt74_CBuzvgAeHzALVT4HHL_0= | ID=2
13:45:35.495 [Expansion Quests] Updated and saved persistent player quest data for player with UID=_YRHayB15fdZNFUP3lKt74_CBuzvgAeHzALVT4HHL_0= | Quest ID=21
13:45:35.495 [Expansion Quests] Added new objective data for type=CRAFTING | Key=_YRHayB15fdZNFUP3lKt74_CBuzvgAeHzALVT4HHL_0= | ID=1
13:45:35.496 [Expansion Quests] Updated and saved persistent player quest data for player with UID=_YRHayB15fdZNFUP3lKt74_CBuzvgAeHzALVT4HHL_0= | Quest ID=22
13:45:35.496 [Expansion Quests] Added new objective data for type=CRAFTING | Key=_YRHayB15fdZNFUP3lKt74_CBuzvgAeHzALVT4HHL_0= | ID=3
13:45:35.497 [Expansion Quests] Updated and saved persistent player quest data for player with UID=_YRHayB15fdZNFUP3lKt74_CBuzvgAeHzALVT4HHL_0= | Quest ID=23
13:45:35.498 [Expansion Quests] Added new objective data for type=CRAFTING | Key=_YRHayB15fdZNFUP3lKt74_CBuzvgAeHzALVT4HHL_0= | ID=4
13:45:35.498 [Expansion Quests] Updated and saved persistent player quest data for player with UID=_YRHayB15fdZNFUP3lKt74_CBuzvgAeHzALVT4HHL_0= | Quest ID=24
13:45:35.499 [Expansion Quests] Added new objective data for type=CRAFTING | Key=_YRHayB15fdZNFUP3lKt74_CBuzvgAeHzALVT4HHL_0= | ID=5
13:45:35.500 [Expansion Quests] Updated and saved persistent player quest data for player with UID=_YRHayB15fdZNFUP3lKt74_CBuzvgAeHzALVT4HHL_0= | Quest ID=25
13:47:01.562 [Expansion Quests] Added new objective data for type=CRAFTING | Key=_YRHayB15fdZNFUP3lKt74_CBuzvgAeHzALVT4HHL_0= | ID=2
13:47:01.562 [Expansion Quests] Updated and saved persistent player quest data for player with UID=_YRHayB15fdZNFUP3lKt74_CBuzvgAeHzALVT4HHL_0= | Quest ID=21
13:47:01.563 [Expansion Quests] Added new objective data for type=CRAFTING | Key=_YRHayB15fdZNFUP3lKt74_CBuzvgAeHzALVT4HHL_0= | ID=1
13:47:01.564 [Expansion Quests] Updated and saved persistent player quest data for player with UID=_YRHayB15fdZNFUP3lKt74_CBuzvgAeHzALVT4HHL_0= | Quest ID=22
13:47:01.564 [Expansion Quests] Added new objective data for type=CRAFTING | Key=_YRHayB15fdZNFUP3lKt74_CBuzvgAeHzALVT4HHL_0= | ID=3
13:47:01.565 [Expansion Quests] Updated and saved persistent player quest data for player with UID=_YRHayB15fdZNFUP3lKt74_CBuzvgAeHzALVT4HHL_0= | Quest ID=23
13:47:01.565 [Expansion Quests] Added new objective data for type=CRAFTING | Key=_YRHayB15fdZNFUP3lKt74_CBuzvgAeHzALVT4HHL_0= | ID=4
13:47:01.566 [Expansion Quests] Updated and saved persistent player quest data for player with UID=_YRHayB15fdZNFUP3lKt74_CBuzvgAeHzALVT4HHL_0= | Quest ID=24
13:47:01.566 [Expansion Quests] Added new objective data for type=CRAFTING | Key=_YRHayB15fdZNFUP3lKt74_CBuzvgAeHzALVT4HHL_0= | ID=5
13:47:01.567 [Expansion Quests] Updated and saved persistent player quest data for player with UID=_YRHayB15fdZNFUP3lKt74_CBuzvgAeHzALVT4HHL_0= | Quest ID=25
13:55:01.516 [Expansion Quests] Added new objective data for type=CRAFTING | Key=_YRHayB15fdZNFUP3lKt74_CBuzvgAeHzALVT4HHL_0= | ID=2
13:55:01.517 [Expansion Quests] Updated and saved persistent player quest data for player with UID=_YRHayB15fdZNFUP3lKt74_CBuzvgAeHzALVT4HHL_0= | Quest ID=21
13:55:01.517 [Expansion Quests] Added new objective data for type=CRAFTING | Key=_YRHayB15fdZNFUP3lKt74_CBuzvgAeHzALVT4HHL_0= | ID=1
13:55:01.518 [Expansion Quests] Updated and saved persistent player quest data for player with UID=_YRHayB15fdZNFUP3lKt74_CBuzvgAeHzALVT4HHL_0= | Quest ID=22
13:55:01.518 [Expansion Quests] Added new objective data for type=CRAFTING | Key=_YRHayB15fdZNFUP3lKt74_CBuzvgAeHzALVT4HHL_0= | ID=3
13:55:01.519 [Expansion Quests] Updated and saved persistent player quest data for player with UID=_YRHayB15fdZNFUP3lKt74_CBuzvgAeHzALVT4HHL_0= | Quest ID=23
13:55:01.519 [Expansion Quests] Added new objective data for type=CRAFTING | Key=_YRHayB15fdZNFUP3lKt74_CBuzvgAeHzALVT4HHL_0= | ID=4
13:55:01.520 [Expansion Quests] Updated and saved persistent player quest data for player with UID=_YRHayB15fdZNFUP3lKt74_CBuzvgAeHzALVT4HHL_0= | Quest ID=24
13:55:01.520 [Expansion Quests] Added new objective data for type=CRAFTING | Key=_YRHayB15fdZNFUP3lKt74_CBuzvgAeHzALVT4HHL_0= | ID=5
13:55:01.521 [Expansion Quests] Updated and saved persistent player quest data for player with UID=_YRHayB15fdZNFUP3lKt74_CBuzvgAeHzALVT4HHL_0= | Quest ID=25
14:09:34.808 [Expansion Quests] Added new objective data for type=COLLECT | Key=_YRHayB15fdZNFUP3lKt74_CBuzvgAeHzALVT4HHL_0= | ID=2
14:09:34.809 [Expansion Quests] Updated and saved persistent player quest data for player with UID=_YRHayB15fdZNFUP3lKt74_CBuzvgAeHzALVT4HHL_0= | Quest ID=12
15:50:00.698 [Expansion Quests] Added new objective data for type=CRAFTING | Key=_YRHayB15fdZNFUP3lKt74_CBuzvgAeHzALVT4HHL_0= | ID=2
15:50:00.699 [Expansion Quests] Updated and saved persistent player quest data for player with UID=_YRHayB15fdZNFUP3lKt74_CBuzvgAeHzALVT4HHL_0= | Quest ID=21
15:50:00.699 [Expansion Quests] Added new objective data for type=CRAFTING | Key=_YRHayB15fdZNFUP3lKt74_CBuzvgAeHzALVT4HHL_0= | ID=1
15:50:00.700 [Expansion Quests] Updated and saved persistent player quest data for player with UID=_YRHayB15fdZNFUP3lKt74_CBuzvgAeHzALVT4HHL_0= | Quest ID=22
15:50:00.700 [Expansion Quests] Added new objective data for type=CRAFTING | Key=_YRHayB15fdZNFUP3lKt74_CBuzvgAeHzALVT4HHL_0= | ID=3
15:50:00.701 [Expansion Quests] Updated and saved persistent player quest data for player with UID=_YRHayB15fdZNFUP3lKt74_CBuzvgAeHzALVT4HHL_0= | Quest ID=23
15:50:00.701 [Expansion Quests] Added new objective data for type=CRAFTING | Key=_YRHayB15fdZNFUP3lKt74_CBuzvgAeHzALVT4HHL_0= | ID=4
15:50:00.702 [Expansion Quests] Updated and saved persistent player quest data for player with UID=_YRHayB15fdZNFUP3lKt74_CBuzvgAeHzALVT4HHL_0= | Quest ID=24
15:50:00.702 [Expansion Quests] Added new objective data for type=CRAFTING | Key=_YRHayB15fdZNFUP3lKt74_CBuzvgAeHzALVT4HHL_0= | ID=5
15:50:00.703 [Expansion Quests] Updated and saved persistent player quest data for player with UID=_YRHayB15fdZNFUP3lKt74_CBuzvgAeHzALVT4HHL_0= | Quest ID=25
15:55:43.698 [Expansion Quests] Deleted quest with ID=21 is a of player with UID=_YRHayB15fdZNFUP3lKt74_CBuzvgAeHzALVT4HHL_0=.
15:55:43.698 [Expansion Quests] Deleted quest with ID=22 is a of player with UID=_YRHayB15fdZNFUP3lKt74_CBuzvgAeHzALVT4HHL_0=.
15:55:43.699 [Expansion Quests] Deleted quest with ID=23 is a of player with UID=_YRHayB15fdZNFUP3lKt74_CBuzvgAeHzALVT4HHL_0=.
15:55:43.699 [Expansion Quests] Deleted quest with ID=24 is a of player with UID=_YRHayB15fdZNFUP3lKt74_CBuzvgAeHzALVT4HHL_0=.
15:55:43.699 [Expansion Quests] Deleted quest with ID=25 is a of player with UID=_YRHayB15fdZNFUP3lKt74_CBuzvgAeHzALVT4HHL_0=.
15:55:43.699 [Expansion Quests] Deleted quest with ID=12 is a of player with UID=_YRHayB15fdZNFUP3lKt74_CBuzvgAeHzALVT4HHL_0=.
16:17:47.056 [Expansion Quests] Initialize quest system on the connected client with UID=_YRHayB15fdZNFUP3lKt74_CBuzvgAeHzALVT4HHL_0=
16:17:47.072 [Expansion Quests] Loaded existing player quest data for player with UID=_YRHayB15fdZNFUP3lKt74_CBuzvgAeHzALVT4HHL_0=
16:17:47.072 [Expansion Quests] - LoadGroupQuestData - Got cached group quest data for group with ID=140782
16:17:47.072 [Expansion Quests] Check quest initialization for quest with ID=1 | State=COMPLETED | Player UID=_YRHayB15fdZNFUP3lKt74_CBuzvgAeHzALVT4HHL_0=
16:17:47.072 [Expansion Quests] Check quest initialization for quest with ID=12 | State=STARTED | Player UID=_YRHayB15fdZNFUP3lKt74_CBuzvgAeHzALVT4HHL_0=
16:17:47.072 [Expansion Quests] Create new quest instance for quest with ID=12 | Player UID=_YRHayB15fdZNFUP3lKt74_CBuzvgAeHzALVT4HHL_0=
16:17:47.073 [Expansion Quests] Check quest initialization for quest with ID=18 | State=NONE | Player UID=_YRHayB15fdZNFUP3lKt74_CBuzvgAeHzALVT4HHL_0=
16:17:47.073 [Expansion Quests] Check quest initialization for quest with ID=19 | State=NONE | Player UID=_YRHayB15fdZNFUP3lKt74_CBuzvgAeHzALVT4HHL_0=
16:17:47.073 [Expansion Quests] Check quest initialization for quest with ID=21 | State=STARTED | Player UID=_YRHayB15fdZNFUP3lKt74_CBuzvgAeHzALVT4HHL_0=
16:17:47.073 [Expansion Quests] Create new quest instance for quest with ID=21 | Player UID=_YRHayB15fdZNFUP3lKt74_CBuzvgAeHzALVT4HHL_0=
16:17:47.073 [Expansion Quests] Check quest initialization for quest with ID=22 | State=STARTED | Player UID=_YRHayB15fdZNFUP3lKt74_CBuzvgAeHzALVT4HHL_0=
16:17:47.073 [Expansion Quests] Create new quest instance for quest with ID=22 | Player UID=_YRHayB15fdZNFUP3lKt74_CBuzvgAeHzALVT4HHL_0=
16:17:47.074 [Expansion Quests] Check quest initialization for quest with ID=23 | State=STARTED | Player UID=_YRHayB15fdZNFUP3lKt74_CBuzvgAeHzALVT4HHL_0=
16:17:47.074 [Expansion Quests] Create new quest instance for quest with ID=23 | Player UID=_YRHayB15fdZNFUP3lKt74_CBuzvgAeHzALVT4HHL_0=
16:17:47.074 [Expansion Quests] Check quest initialization for quest with ID=24 | State=STARTED | Player UID=_YRHayB15fdZNFUP3lKt74_CBuzvgAeHzALVT4HHL_0=
16:17:47.074 [Expansion Quests] Create new quest instance for quest with ID=24 | Player UID=_YRHayB15fdZNFUP3lKt74_CBuzvgAeHzALVT4HHL_0=
16:17:47.075 [Expansion Quests] Check quest initialization for quest with ID=25 | State=STARTED | Player UID=_YRHayB15fdZNFUP3lKt74_CBuzvgAeHzALVT4HHL_0=
16:17:47.075 [Expansion Quests] Create new quest instance for quest with ID=25 | Player UID=_YRHayB15fdZNFUP3lKt74_CBuzvgAeHzALVT4HHL_0=
16:17:47.076 [Expansion Quests] Sending _YRHayB15fdZNFUP3lKt74_CBuzvgAeHzALVT4HHL_0= quest configs to client for player with UID=_YRHayB15fdZNFUP3lKt74_CBuzvgAeHzALVT4HHL_0=
16:17:47.076 [Expansion Quests] Sending player quest data for 9 quests to player with UID=_YRHayB15fdZNFUP3lKt74_CBuzvgAeHzALVT4HHL_0=
16:17:47.506 [Expansion Quests] Added new objective data for type=COLLECT | Key=_YRHayB15fdZNFUP3lKt74_CBuzvgAeHzALVT4HHL_0= | ID=2
16:17:47.507 [Expansion Quests] Updated and saved persistent player quest data for player with UID=_YRHayB15fdZNFUP3lKt74_CBuzvgAeHzALVT4HHL_0= | Quest ID=12
16:23:55.071 [Expansion Quests] Added new objective data for type=CRAFTING | Key=_YRHayB15fdZNFUP3lKt74_CBuzvgAeHzALVT4HHL_0= | ID=2
16:23:55.072 [Expansion Quests] Updated and saved persistent player quest data for player with UID=_YRHayB15fdZNFUP3lKt74_CBuzvgAeHzALVT4HHL_0= | Quest ID=21
16:23:55.072 [Expansion Quests] Added new objective data for type=CRAFTING | Key=_YRHayB15fdZNFUP3lKt74_CBuzvgAeHzALVT4HHL_0= | ID=1
16:23:55.073 [Expansion Quests] Updated and saved persistent player quest data for player with UID=_YRHayB15fdZNFUP3lKt74_CBuzvgAeHzALVT4HHL_0= | Quest ID=22
16:23:55.073 [Expansion Quests] Added new objective data for type=CRAFTING | Key=_YRHayB15fdZNFUP3lKt74_CBuzvgAeHzALVT4HHL_0= | ID=3
16:23:55.074 [Expansion Quests] Updated and saved persistent player quest data for player with UID=_YRHayB15fdZNFUP3lKt74_CBuzvgAeHzALVT4HHL_0= | Quest ID=23
16:23:55.074 [Expansion Quests] Added new objective data for type=CRAFTING | Key=_YRHayB15fdZNFUP3lKt74_CBuzvgAeHzALVT4HHL_0= | ID=4
16:23:55.075 [Expansion Quests] Updated and saved persistent player quest data for player with UID=_YRHayB15fdZNFUP3lKt74_CBuzvgAeHzALVT4HHL_0= | Quest ID=24
16:23:55.075 [Expansion Quests] Added new objective data for type=CRAFTING | Key=_YRHayB15fdZNFUP3lKt74_CBuzvgAeHzALVT4HHL_0= | ID=5
16:23:55.076 [Expansion Quests] Updated and saved persistent player quest data for player with UID=_YRHayB15fdZNFUP3lKt74_CBuzvgAeHzALVT4HHL_0= | Quest ID=25
17:14:26.996 [Expansion Quests] Deleted quest with ID=21 is a of player with UID=_YRHayB15fdZNFUP3lKt74_CBuzvgAeHzALVT4HHL_0=.
17:14:26.997 [Expansion Quests] Deleted quest with ID=22 is a of player with UID=_YRHayB15fdZNFUP3lKt74_CBuzvgAeHzALVT4HHL_0=.
17:14:26.997 [Expansion Quests] Deleted quest with ID=23 is a of player with UID=_YRHayB15fdZNFUP3lKt74_CBuzvgAeHzALVT4HHL_0=.
17:14:26.997 [Expansion Quests] Deleted quest with ID=24 is a of player with UID=_YRHayB15fdZNFUP3lKt74_CBuzvgAeHzALVT4HHL_0=.
17:14:26.998 [Expansion Quests] Deleted quest with ID=25 is a of player with UID=_YRHayB15fdZNFUP3lKt74_CBuzvgAeHzALVT4HHL_0=.
17:14:26.998 [Expansion Quests] Deleted quest with ID=12 is a of player with UID=_YRHayB15fdZNFUP3lKt74_CBuzvgAeHzALVT4HHL_0=.
17:14:48.826 [Expansion Quests] Initialize quest system on the connected client with UID=_YRHayB15fdZNFUP3lKt74_CBuzvgAeHzALVT4HHL_0=
17:14:48.835 [Expansion Quests] Loaded existing player quest data for player with UID=_YRHayB15fdZNFUP3lKt74_CBuzvgAeHzALVT4HHL_0=
17:14:48.835 [Expansion Quests] - LoadGroupQuestData - Got cached group quest data for group with ID=140782
17:14:48.835 [Expansion Quests] Check quest initialization for quest with ID=1 | State=COMPLETED | Player UID=_YRHayB15fdZNFUP3lKt74_CBuzvgAeHzALVT4HHL_0=
17:14:48.836 [Expansion Quests] Check quest initialization for quest with ID=12 | State=STARTED | Player UID=_YRHayB15fdZNFUP3lKt74_CBuzvgAeHzALVT4HHL_0=
17:14:48.836 [Expansion Quests] Create new quest instance for quest with ID=12 | Player UID=_YRHayB15fdZNFUP3lKt74_CBuzvgAeHzALVT4HHL_0=
17:14:48.836 [Expansion Quests] Check quest initialization for quest with ID=18 | State=NONE | Player UID=_YRHayB15fdZNFUP3lKt74_CBuzvgAeHzALVT4HHL_0=
17:14:48.836 [Expansion Quests] Check quest initialization for quest with ID=19 | State=NONE | Player UID=_YRHayB15fdZNFUP3lKt74_CBuzvgAeHzALVT4HHL_0=
17:14:48.836 [Expansion Quests] Check quest initialization for quest with ID=21 | State=STARTED | Player UID=_YRHayB15fdZNFUP3lKt74_CBuzvgAeHzALVT4HHL_0=
17:14:48.837 [Expansion Quests] Create new quest instance for quest with ID=21 | Player UID=_YRHayB15fdZNFUP3lKt74_CBuzvgAeHzALVT4HHL_0=
17:14:48.837 [Expansion Quests] Check quest initialization for quest with ID=22 | State=STARTED | Player UID=_YRHayB15fdZNFUP3lKt74_CBuzvgAeHzALVT4HHL_0=
17:14:48.838 [Expansion Quests] Create new quest instance for quest with ID=22 | Player UID=_YRHayB15fdZNFUP3lKt74_CBuzvgAeHzALVT4HHL_0=
17:14:48.838 [Expansion Quests] Check quest initialization for quest with ID=23 | State=STARTED | Player UID=_YRHayB15fdZNFUP3lKt74_CBuzvgAeHzALVT4HHL_0=
17:14:48.838 [Expansion Quests] Create new quest instance for quest with ID=23 | Player UID=_YRHayB15fdZNFUP3lKt74_CBuzvgAeHzALVT4HHL_0=
17:14:48.839 [Expansion Quests] Check quest initialization for quest with ID=24 | State=STARTED | Player UID=_YRHayB15fdZNFUP3lKt74_CBuzvgAeHzALVT4HHL_0=
17:14:48.839 [Expansion Quests] Create new quest instance for quest with ID=24 | Player UID=_YRHayB15fdZNFUP3lKt74_CBuzvgAeHzALVT4HHL_0=
17:14:48.839 [Expansion Quests] Check quest initialization for quest with ID=25 | State=STARTED | Player UID=_YRHayB15fdZNFUP3lKt74_CBuzvgAeHzALVT4HHL_0=
17:14:48.839 [Expansion Quests] Create new quest instance for quest with ID=25 | Player UID=_YRHayB15fdZNFUP3lKt74_CBuzvgAeHzALVT4HHL_0=
17:14:48.841 [Expansion Quests] Sending _YRHayB15fdZNFUP3lKt74_CBuzvgAeHzALVT4HHL_0= quest configs to client for player with UID=_YRHayB15fdZNFUP3lKt74_CBuzvgAeHzALVT4HHL_0=
17:14:48.841 [Expansion Quests] Sending player quest data for 9 quests to player with UID=_YRHayB15fdZNFUP3lKt74_CBuzvgAeHzALVT4HHL_0=
17:14:49.261 [Expansion Quests] Added new objective data for type=COLLECT | Key=_YRHayB15fdZNFUP3lKt74_CBuzvgAeHzALVT4HHL_0= | ID=2
17:14:49.262 [Expansion Quests] Updated and saved persistent player quest data for player with UID=_YRHayB15fdZNFUP3lKt74_CBuzvgAeHzALVT4HHL_0= | Quest ID=12
17:19:29.569 [Market] Player "TootieBad88" (id=_YRHayB15fdZNFUP3lKt74_CBuzvgAeHzALVT4HHL_0=) has sold zy_collectable_ram x1 (bb4c9460) at the trader "BlackMarket ( [BlackMarket])" in market zone "North Blackmarket" (pos=<5502.500000, 388.799194, 15022.500000>) and got 15000.
17:19:30.403 [Market] Player "TootieBad88" (id=_YRHayB15fdZNFUP3lKt74_CBuzvgAeHzALVT4HHL_0=) has sold zy_collectable_cpu x1 (bb4c37e0) at the trader "BlackMarket ( [BlackMarket])" in market zone "North Blackmarket" (pos=<5502.500000, 388.799194, 15022.500000>) and got 15000.
17:19:32.634 [Market] Player "TootieBad88" (id=_YRHayB15fdZNFUP3lKt74_CBuzvgAeHzALVT4HHL_0=) has sold zy_collectable_cpu x1 (bb49bbf0) at the trader "BlackMarket ( [BlackMarket])" in market zone "North Blackmarket" (pos=<5502.500000, 388.799194, 15022.500000>) and got 15000.
17:19:33.721 [Market] Player "TootieBad88" (id=_YRHayB15fdZNFUP3lKt74_CBuzvgAeHzALVT4HHL_0=) has sold zy_collectable_ram x1 (bb4d7010) at the trader "BlackMarket ( [BlackMarket])" in market zone "North Blackmarket" (pos=<5502.500000, 388.799194, 15022.500000>) and got 15000.
17:19:53.536 [Market] Player "TootieBad88" (id=_YRHayB15fdZNFUP3lKt74_CBuzvgAeHzALVT4HHL_0=) has bought nailbox x1 (c435cf20) from the trader "BlackMarket ( [BlackMarket])" in market zone "North Blackmarket" (pos=<5502.500000, 388.799194, 15022.500000>) for a price of 50000.
17:19:54.558 [Market] Player "TootieBad88" (id=_YRHayB15fdZNFUP3lKt74_CBuzvgAeHzALVT4HHL_0=) has bought nailbox x1 (c435dab0) from the trader "BlackMarket ( [BlackMarket])" in market zone "North Blackmarket" (pos=<5502.500000, 388.799194, 15022.500000>) for a price of 50000.
17:19:55.101 [Market] Player "TootieBad88" (id=_YRHayB15fdZNFUP3lKt74_CBuzvgAeHzALVT4HHL_0=) has bought nailbox x1 (c434c530) from the trader "BlackMarket ( [BlackMarket])" in market zone "North Blackmarket" (pos=<5502.500000, 388.799194, 15022.500000>) for a price of 50000.
17:19:55.464 [Market] Player "TootieBad88" (id=_YRHayB15fdZNFUP3lKt74_CBuzvgAeHzALVT4HHL_0=) has bought nailbox x1 (c434f370) from the trader "BlackMarket ( [BlackMarket])" in market zone "North Blackmarket" (pos=<5502.500000, 388.799194, 15022.500000>) for a price of 50000.
17:19:55.815 [Market] Player "TootieBad88" (id=_YRHayB15fdZNFUP3lKt74_CBuzvgAeHzALVT4HHL_0=) has bought nailbox x1 (c434ff00) from the trader "BlackMarket ( [BlackMarket])" in market zone "North Blackmarket" (pos=<5502.500000, 388.799194, 15022.500000>) for a price of 50000.
17:27:18.284 [Expansion Quests] Deleted quest with ID=21 is a of player with UID=_YRHayB15fdZNFUP3lKt74_CBuzvgAeHzALVT4HHL_0=.
17:27:18.284 [Expansion Quests] Deleted quest with ID=22 is a of player with UID=_YRHayB15fdZNFUP3lKt74_CBuzvgAeHzALVT4HHL_0=.
17:27:18.285 [Expansion Quests] Deleted quest with ID=23 is a of player with UID=_YRHayB15fdZNFUP3lKt74_CBuzvgAeHzALVT4HHL_0=.
17:27:18.285 [Expansion Quests] Deleted quest with ID=24 is a of player with UID=_YRHayB15fdZNFUP3lKt74_CBuzvgAeHzALVT4HHL_0=.
17:27:18.285 [Expansion Quests] Deleted quest with ID=25 is a of player with UID=_YRHayB15fdZNFUP3lKt74_CBuzvgAeHzALVT4HHL_0=.
17:27:18.285 [Expansion Quests] Deleted quest with ID=12 is a of player with UID=_YRHayB15fdZNFUP3lKt74_CBuzvgAeHzALVT4HHL_0=.
17:27:41.176 [Expansion Quests] Initialize quest system on the connected client with UID=_YRHayB15fdZNFUP3lKt74_CBuzvgAeHzALVT4HHL_0=
17:27:41.190 [Expansion Quests] Loaded existing player quest data for player with UID=_YRHayB15fdZNFUP3lKt74_CBuzvgAeHzALVT4HHL_0=
17:27:41.190 [Expansion Quests] - LoadGroupQuestData - Got cached group quest data for group with ID=140782
17:27:41.190 [Expansion Quests] Check quest initialization for quest with ID=1 | State=COMPLETED | Player UID=_YRHayB15fdZNFUP3lKt74_CBuzvgAeHzALVT4HHL_0=
17:27:41.191 [Expansion Quests] Check quest initialization for quest with ID=12 | State=STARTED | Player UID=_YRHayB15fdZNFUP3lKt74_CBuzvgAeHzALVT4HHL_0=
17:27:41.191 [Expansion Quests] Create new quest instance for quest with ID=12 | Player UID=_YRHayB15fdZNFUP3lKt74_CBuzvgAeHzALVT4HHL_0=
17:27:41.191 [Expansion Quests] Check quest initialization for quest with ID=18 | State=NONE | Player UID=_YRHayB15fdZNFUP3lKt74_CBuzvgAeHzALVT4HHL_0=
17:27:41.191 [Expansion Quests] Check quest initialization for quest with ID=19 | State=NONE | Player UID=_YRHayB15fdZNFUP3lKt74_CBuzvgAeHzALVT4HHL_0=
17:27:41.192 [Expansion Quests] Check quest initialization for quest with ID=21 | State=STARTED | Player UID=_YRHayB15fdZNFUP3lKt74_CBuzvgAeHzALVT4HHL_0=
17:27:41.192 [Expansion Quests] Create new quest instance for quest with ID=21 | Player UID=_YRHayB15fdZNFUP3lKt74_CBuzvgAeHzALVT4HHL_0=
17:27:41.192 [Expansion Quests] Check quest initialization for quest with ID=22 | State=STARTED | Player UID=_YRHayB15fdZNFUP3lKt74_CBuzvgAeHzALVT4HHL_0=
17:27:41.193 [Expansion Quests] Create new quest instance for quest with ID=22 | Player UID=_YRHayB15fdZNFUP3lKt74_CBuzvgAeHzALVT4HHL_0=
17:27:41.193 [Expansion Quests] Check quest initialization for quest with ID=23 | State=STARTED | Player UID=_YRHayB15fdZNFUP3lKt74_CBuzvgAeHzALVT4HHL_0=
17:27:41.193 [Expansion Quests] Create new quest instance for quest with ID=23 | Player UID=_YRHayB15fdZNFUP3lKt74_CBuzvgAeHzALVT4HHL_0=
17:27:41.193 [Expansion Quests] Check quest initialization for quest with ID=24 | State=STARTED | Player UID=_YRHayB15fdZNFUP3lKt74_CBuzvgAeHzALVT4HHL_0=
17:27:41.194 [Expansion Quests] Create new quest instance for quest with ID=24 | Player UID=_YRHayB15fdZNFUP3lKt74_CBuzvgAeHzALVT4HHL_0=
17:27:41.194 [Expansion Quests] Check quest initialization for quest with ID=25 | State=STARTED | Player UID=_YRHayB15fdZNFUP3lKt74_CBuzvgAeHzALVT4HHL_0=
17:27:41.194 [Expansion Quests] Create new quest instance for quest with ID=25 | Player UID=_YRHayB15fdZNFUP3lKt74_CBuzvgAeHzALVT4HHL_0=
17:27:41.195 [Expansion Quests] Sending _YRHayB15fdZNFUP3lKt74_CBuzvgAeHzALVT4HHL_0= quest configs to client for player with UID=_YRHayB15fdZNFUP3lKt74_CBuzvgAeHzALVT4HHL_0=
17:27:41.196 [Expansion Quests] Sending player quest data for 9 quests to player with UID=_YRHayB15fdZNFUP3lKt74_CBuzvgAeHzALVT4HHL_0=
17:27:41.608 [Expansion Quests] Added new objective data for type=COLLECT | Key=_YRHayB15fdZNFUP3lKt74_CBuzvgAeHzALVT4HHL_0= | ID=2
17:27:41.609 [Expansion Quests] Updated and saved persistent player quest data for player with UID=_YRHayB15fdZNFUP3lKt74_CBuzvgAeHzALVT4HHL_0= | Quest ID=12
17:35:36.851 [Expansion Quests] Added new objective data for type=CRAFTING | Key=_YRHayB15fdZNFUP3lKt74_CBuzvgAeHzALVT4HHL_0= | ID=2
17:35:36.851 [Expansion Quests] Updated and saved persistent player quest data for player with UID=_YRHayB15fdZNFUP3lKt74_CBuzvgAeHzALVT4HHL_0= | Quest ID=21
17:35:36.852 [Expansion Quests] Added new objective data for type=CRAFTING | Key=_YRHayB15fdZNFUP3lKt74_CBuzvgAeHzALVT4HHL_0= | ID=1
17:35:36.853 [Expansion Quests] Updated and saved persistent player quest data for player with UID=_YRHayB15fdZNFUP3lKt74_CBuzvgAeHzALVT4HHL_0= | Quest ID=22
17:35:36.853 [Expansion Quests] Added new objective data for type=CRAFTING | Key=_YRHayB15fdZNFUP3lKt74_CBuzvgAeHzALVT4HHL_0= | ID=3
17:35:36.854 [Expansion Quests] Updated and saved persistent player quest data for player with UID=_YRHayB15fdZNFUP3lKt74_CBuzvgAeHzALVT4HHL_0= | Quest ID=23
17:35:36.854 [Expansion Quests] Added new objective data for type=CRAFTING | Key=_YRHayB15fdZNFUP3lKt74_CBuzvgAeHzALVT4HHL_0= | ID=4
17:35:36.855 [Expansion Quests] Updated and saved persistent player quest data for player with UID=_YRHayB15fdZNFUP3lKt74_CBuzvgAeHzALVT4HHL_0= | Quest ID=24
17:35:36.855 [Expansion Quests] Added new objective data for type=CRAFTING | Key=_YRHayB15fdZNFUP3lKt74_CBuzvgAeHzALVT4HHL_0= | ID=5
17:35:36.856 [Expansion Quests] Updated and saved persistent player quest data for player with UID=_YRHayB15fdZNFUP3lKt74_CBuzvgAeHzALVT4HHL_0= | Quest ID=25
19:01:44.918 [Expansion Quests] Added new objective data for type=COLLECT | Key=_YRHayB15fdZNFUP3lKt74_CBuzvgAeHzALVT4HHL_0= | ID=2
19:01:44.919 [Expansion Quests] Updated and saved persistent player quest data for player with UID=_YRHayB15fdZNFUP3lKt74_CBuzvgAeHzALVT4HHL_0= | Quest ID=12
19:24:16.126 [Expansion Quests] Added new objective data for type=CRAFTING | Key=_YRHayB15fdZNFUP3lKt74_CBuzvgAeHzALVT4HHL_0= | ID=2
19:24:16.127 [Expansion Quests] Updated and saved persistent player quest data for player with UID=_YRHayB15fdZNFUP3lKt74_CBuzvgAeHzALVT4HHL_0= | Quest ID=21
19:24:16.128 [Expansion Quests] Added new objective data for type=CRAFTING | Key=_YRHayB15fdZNFUP3lKt74_CBuzvgAeHzALVT4HHL_0= | ID=1
19:24:16.129 [Expansion Quests] Updated and saved persistent player quest data for player with UID=_YRHayB15fdZNFUP3lKt74_CBuzvgAeHzALVT4HHL_0= | Quest ID=22
19:24:16.129 [Expansion Quests] Added new objective data for type=CRAFTING | Key=_YRHayB15fdZNFUP3lKt74_CBuzvgAeHzALVT4HHL_0= | ID=3
19:24:16.130 [Expansion Quests] Updated and saved persistent player quest data for player with UID=_YRHayB15fdZNFUP3lKt74_CBuzvgAeHzALVT4HHL_0= | Quest ID=23
19:24:16.130 [Expansion Quests] Added new objective data for type=CRAFTING | Key=_YRHayB15fdZNFUP3lKt74_CBuzvgAeHzALVT4HHL_0= | ID=4
19:24:16.131 [Expansion Quests] Updated and saved persistent player quest data for player with UID=_YRHayB15fdZNFUP3lKt74_CBuzvgAeHzALVT4HHL_0= | Quest ID=24
19:24:16.131 [Expansion Quests] Added new objective data for type=CRAFTING | Key=_YRHayB15fdZNFUP3lKt74_CBuzvgAeHzALVT4HHL_0= | ID=5
19:24:16.132 [Expansion Quests] Updated and saved persistent player quest data for player with UID=_YRHayB15fdZNFUP3lKt74_CBuzvgAeHzALVT4HHL_0= | Quest ID=25
19:24:23.513 [Expansion Quests] Added new objective data for type=CRAFTING | Key=_YRHayB15fdZNFUP3lKt74_CBuzvgAeHzALVT4HHL_0= | ID=2
19:24:23.514 [Expansion Quests] Updated and saved persistent player quest data for player with UID=_YRHayB15fdZNFUP3lKt74_CBuzvgAeHzALVT4HHL_0= | Quest ID=21
19:24:23.514 [Expansion Quests] Added new objective data for type=CRAFTING | Key=_YRHayB15fdZNFUP3lKt74_CBuzvgAeHzALVT4HHL_0= | ID=1
19:24:23.515 [Expansion Quests] Updated and saved persistent player quest data for player with UID=_YRHayB15fdZNFUP3lKt74_CBuzvgAeHzALVT4HHL_0= | Quest ID=22
19:24:23.515 [Expansion Quests] Added new objective data for type=CRAFTING | Key=_YRHayB15fdZNFUP3lKt74_CBuzvgAeHzALVT4HHL_0= | ID=3
19:24:23.516 [Expansion Quests] Updated and saved persistent player quest data for player with UID=_YRHayB15fdZNFUP3lKt74_CBuzvgAeHzALVT4HHL_0= | Quest ID=23
19:24:23.516 [Expansion Quests] Added new objective data for type=CRAFTING | Key=_YRHayB15fdZNFUP3lKt74_CBuzvgAeHzALVT4HHL_0= | ID=4
19:24:23.516 [Expansion Quests] Updated and saved persistent player quest data for player with UID=_YRHayB15fdZNFUP3lKt74_CBuzvgAeHzALVT4HHL_0= | Quest ID=24
19:24:23.517 [Expansion Quests] Added new objective data for type=CRAFTING | Key=_YRHayB15fdZNFUP3lKt74_CBuzvgAeHzALVT4HHL_0= | ID=5
19:24:23.517 [Expansion Quests] Updated and saved persistent player quest data for player with UID=_YRHayB15fdZNFUP3lKt74_CBuzvgAeHzALVT4HHL_0= | Quest ID=25
19:24:40.900 [Expansion Quests] Added new objective data for type=CRAFTING | Key=_YRHayB15fdZNFUP3lKt74_CBuzvgAeHzALVT4HHL_0= | ID=2
19:24:40.901 [Expansion Quests] Updated and saved persistent player quest data for player with UID=_YRHayB15fdZNFUP3lKt74_CBuzvgAeHzALVT4HHL_0= | Quest ID=21
19:24:40.901 [Expansion Quests] Added new objective data for type=CRAFTING | Key=_YRHayB15fdZNFUP3lKt74_CBuzvgAeHzALVT4HHL_0= | ID=1
19:24:40.902 [Expansion Quests] Updated and saved persistent player quest data for player with UID=_YRHayB15fdZNFUP3lKt74_CBuzvgAeHzALVT4HHL_0= | Quest ID=22
19:24:40.902 [Expansion Quests] Added new objective data for type=CRAFTING | Key=_YRHayB15fdZNFUP3lKt74_CBuzvgAeHzALVT4HHL_0= | ID=3
19:24:40.903 [Expansion Quests] Updated and saved persistent player quest data for player with UID=_YRHayB15fdZNFUP3lKt74_CBuzvgAeHzALVT4HHL_0= | Quest ID=23
19:24:40.903 [Expansion Quests] Added new objective data for type=CRAFTING | Key=_YRHayB15fdZNFUP3lKt74_CBuzvgAeHzALVT4HHL_0= | ID=4
19:24:40.904 [Expansion Quests] Updated and saved persistent player quest data for player with UID=_YRHayB15fdZNFUP3lKt74_CBuzvgAeHzALVT4HHL_0= | Quest ID=24
19:24:40.905 [Expansion Quests] Added new objective data for type=CRAFTING | Key=_YRHayB15fdZNFUP3lKt74_CBuzvgAeHzALVT4HHL_0= | ID=5
19:24:40.905 [Expansion Quests] Updated and saved persistent player quest data for player with UID=_YRHayB15fdZNFUP3lKt74_CBuzvgAeHzALVT4HHL_0= | Quest ID=25
19:39:31.620 [Expansion Quests] Added new objective data for type=COLLECT | Key=_YRHayB15fdZNFUP3lKt74_CBuzvgAeHzALVT4HHL_0= | ID=2
19:39:31.621 [Expansion Quests] Updated and saved persistent player quest data for player with UID=_YRHayB15fdZNFUP3lKt74_CBuzvgAeHzALVT4HHL_0= | Quest ID=12
19:39:33.163 [Expansion Quests] Added new objective data for type=COLLECT | Key=_YRHayB15fdZNFUP3lKt74_CBuzvgAeHzALVT4HHL_0= | ID=2
19:39:33.164 [Expansion Quests] Updated and saved persistent player quest data for player with UID=_YRHayB15fdZNFUP3lKt74_CBuzvgAeHzALVT4HHL_0= | Quest ID=12
19:53:44.370 [Expansion Quests] Initialize quest system on the connected client with UID=t4QhuruI2QONkLSoexAUq2Ujy0IogIh_zJHC_FJHpus=
19:53:44.374 [Expansion Quests] Created new persistent player quest data for player UID=t4QhuruI2QONkLSoexAUq2Ujy0IogIh_zJHC_FJHpus=
19:53:44.375 [Expansion Quests] Create new achievement/auto-start quest for quest ID=1 for player with UID=t4QhuruI2QONkLSoexAUq2Ujy0IogIh_zJHC_FJHpus=
19:53:44.375 [Expansion Quests] Added new objective data for type=TRAVEL | Key= | ID=1
19:53:44.375 [Expansion Quests] Updated and saved persistent player quest data for player with UID=t4QhuruI2QONkLSoexAUq2Ujy0IogIh_zJHC_FJHpus= | Quest ID=1
19:53:44.376 [Expansion Quests] Sending t4QhuruI2QONkLSoexAUq2Ujy0IogIh_zJHC_FJHpus= quest configs to client for player with UID=t4QhuruI2QONkLSoexAUq2Ujy0IogIh_zJHC_FJHpus=
19:53:44.376 [Expansion Quests] Sending player quest data for 1 quests to player with UID=t4QhuruI2QONkLSoexAUq2Ujy0IogIh_zJHC_FJHpus=
19:53:44.849 [Expansion Quests] Added new objective data for type=TRAVEL | Key= | ID=1
19:53:44.850 [Expansion Quests] Updated and saved persistent player quest data for player with UID=t4QhuruI2QONkLSoexAUq2Ujy0IogIh_zJHC_FJHpus= | Quest ID=1
19:55:07.693 [Expansion Quests] Deleted quest with ID=1 is a of player with UID=t4QhuruI2QONkLSoexAUq2Ujy0IogIh_zJHC_FJHpus=.
20:07:18.902 [Expansion Quests] Deleted quest with ID=21 is a of player with UID=_YRHayB15fdZNFUP3lKt74_CBuzvgAeHzALVT4HHL_0=.
20:07:18.903 [Expansion Quests] Deleted quest with ID=22 is a of player with UID=_YRHayB15fdZNFUP3lKt74_CBuzvgAeHzALVT4HHL_0=.
20:07:18.903 [Expansion Quests] Deleted quest with ID=23 is a of player with UID=_YRHayB15fdZNFUP3lKt74_CBuzvgAeHzALVT4HHL_0=.
20:07:18.903 [Expansion Quests] Deleted quest with ID=24 is a of player with UID=_YRHayB15fdZNFUP3lKt74_CBuzvgAeHzALVT4HHL_0=.
20:07:18.903 [Expansion Quests] Deleted quest with ID=25 is a of player with UID=_YRHayB15fdZNFUP3lKt74_CBuzvgAeHzALVT4HHL_0=.
20:07:18.903 [Expansion Quests] Deleted quest with ID=12 is a of player with UID=_YRHayB15fdZNFUP3lKt74_CBuzvgAeHzALVT4HHL_0=.
21:57:15.145 [Expansion Quests] Initialize quest system on the connected client with UID=_YRHayB15fdZNFUP3lKt74_CBuzvgAeHzALVT4HHL_0=
21:57:15.154 [Expansion Quests] Loaded existing player quest data for player with UID=_YRHayB15fdZNFUP3lKt74_CBuzvgAeHzALVT4HHL_0=
21:57:15.154 [Expansion Quests] - LoadGroupQuestData - Got cached group quest data for group with ID=140782
21:57:15.155 [Expansion Quests] Check quest initialization for quest with ID=1 | State=COMPLETED | Player UID=_YRHayB15fdZNFUP3lKt74_CBuzvgAeHzALVT4HHL_0=
21:57:15.155 [Expansion Quests] Check quest initialization for quest with ID=12 | State=STARTED | Player UID=_YRHayB15fdZNFUP3lKt74_CBuzvgAeHzALVT4HHL_0=
21:57:15.155 [Expansion Quests] Create new quest instance for quest with ID=12 | Player UID=_YRHayB15fdZNFUP3lKt74_CBuzvgAeHzALVT4HHL_0=
21:57:15.155 [Expansion Quests] Check quest initialization for quest with ID=18 | State=NONE | Player UID=_YRHayB15fdZNFUP3lKt74_CBuzvgAeHzALVT4HHL_0=
21:57:15.156 [Expansion Quests] Check quest initialization for quest with ID=19 | State=NONE | Player UID=_YRHayB15fdZNFUP3lKt74_CBuzvgAeHzALVT4HHL_0=
21:57:15.156 [Expansion Quests] Check quest initialization for quest with ID=21 | State=STARTED | Player UID=_YRHayB15fdZNFUP3lKt74_CBuzvgAeHzALVT4HHL_0=
21:57:15.156 [Expansion Quests] Create new quest instance for quest with ID=21 | Player UID=_YRHayB15fdZNFUP3lKt74_CBuzvgAeHzALVT4HHL_0=
21:57:15.156 [Expansion Quests] Check quest initialization for quest with ID=22 | State=STARTED | Player UID=_YRHayB15fdZNFUP3lKt74_CBuzvgAeHzALVT4HHL_0=
21:57:15.156 [Expansion Quests] Create new quest instance for quest with ID=22 | Player UID=_YRHayB15fdZNFUP3lKt74_CBuzvgAeHzALVT4HHL_0=
21:57:15.157 [Expansion Quests] Check quest initialization for quest with ID=23 | State=STARTED | Player UID=_YRHayB15fdZNFUP3lKt74_CBuzvgAeHzALVT4HHL_0=
21:57:15.157 [Expansion Quests] Create new quest instance for quest with ID=23 | Player UID=_YRHayB15fdZNFUP3lKt74_CBuzvgAeHzALVT4HHL_0=
21:57:15.158 [Expansion Quests] Check quest initialization for quest with ID=24 | State=STARTED | Player UID=_YRHayB15fdZNFUP3lKt74_CBuzvgAeHzALVT4HHL_0=
21:57:15.158 [Expansion Quests] Create new quest instance for quest with ID=24 | Player UID=_YRHayB15fdZNFUP3lKt74_CBuzvgAeHzALVT4HHL_0=
21:57:15.158 [Expansion Quests] Check quest initialization for quest with ID=25 | State=STARTED | Player UID=_YRHayB15fdZNFUP3lKt74_CBuzvgAeHzALVT4HHL_0=
21:57:15.158 [Expansion Quests] Create new quest instance for quest with ID=25 | Player UID=_YRHayB15fdZNFUP3lKt74_CBuzvgAeHzALVT4HHL_0=
21:57:15.160 [Expansion Quests] Sending _YRHayB15fdZNFUP3lKt74_CBuzvgAeHzALVT4HHL_0= quest configs to client for player with UID=_YRHayB15fdZNFUP3lKt74_CBuzvgAeHzALVT4HHL_0=
21:57:15.160 [Expansion Quests] Sending player quest data for 9 quests to player with UID=_YRHayB15fdZNFUP3lKt74_CBuzvgAeHzALVT4HHL_0=
21:57:15.599 [Expansion Quests] Added new objective data for type=COLLECT | Key=_YRHayB15fdZNFUP3lKt74_CBuzvgAeHzALVT4HHL_0= | ID=2
21:57:15.600 [Expansion Quests] Updated and saved persistent player quest data for player with UID=_YRHayB15fdZNFUP3lKt74_CBuzvgAeHzALVT4HHL_0= | Quest ID=12
22:07:50.672 [Expansion Quests] Added new objective data for type=CRAFTING | Key=_YRHayB15fdZNFUP3lKt74_CBuzvgAeHzALVT4HHL_0= | ID=2
22:07:50.673 [Expansion Quests] Updated and saved persistent player quest data for player with UID=_YRHayB15fdZNFUP3lKt74_CBuzvgAeHzALVT4HHL_0= | Quest ID=21
22:07:50.673 [Expansion Quests] Added new objective data for type=CRAFTING | Key=_YRHayB15fdZNFUP3lKt74_CBuzvgAeHzALVT4HHL_0= | ID=1
22:07:50.674 [Expansion Quests] Updated and saved persistent player quest data for player with UID=_YRHayB15fdZNFUP3lKt74_CBuzvgAeHzALVT4HHL_0= | Quest ID=22
22:07:50.674 [Expansion Quests] Added new objective data for type=CRAFTING | Key=_YRHayB15fdZNFUP3lKt74_CBuzvgAeHzALVT4HHL_0= | ID=3
22:07:50.675 [Expansion Quests] Updated and saved persistent player quest data for player with UID=_YRHayB15fdZNFUP3lKt74_CBuzvgAeHzALVT4HHL_0= | Quest ID=23
22:07:50.675 [Expansion Quests] Added new objective data for type=CRAFTING | Key=_YRHayB15fdZNFUP3lKt74_CBuzvgAeHzALVT4HHL_0= | ID=4
22:07:50.676 [Expansion Quests] Updated and saved persistent player quest data for player with UID=_YRHayB15fdZNFUP3lKt74_CBuzvgAeHzALVT4HHL_0= | Quest ID=24
22:07:50.676 [Expansion Quests] Added new objective data for type=CRAFTING | Key=_YRHayB15fdZNFUP3lKt74_CBuzvgAeHzALVT4HHL_0= | ID=5
22:07:50.677 [Expansion Quests] Updated and saved persistent player quest data for player with UID=_YRHayB15fdZNFUP3lKt74_CBuzvgAeHzALVT4HHL_0= | Quest ID=25
22:08:31.710 [Expansion Quests] Added new objective data for type=CRAFTING | Key=_YRHayB15fdZNFUP3lKt74_CBuzvgAeHzALVT4HHL_0= | ID=2
22:08:31.711 [Expansion Quests] Updated and saved persistent player quest data for player with UID=_YRHayB15fdZNFUP3lKt74_CBuzvgAeHzALVT4HHL_0= | Quest ID=21
22:08:31.711 [Expansion Quests] Added new objective data for type=CRAFTING | Key=_YRHayB15fdZNFUP3lKt74_CBuzvgAeHzALVT4HHL_0= | ID=1
22:08:31.712 [Expansion Quests] Updated and saved persistent player quest data for player with UID=_YRHayB15fdZNFUP3lKt74_CBuzvgAeHzALVT4HHL_0= | Quest ID=22
22:08:31.713 [Expansion Quests] Added new objective data for type=CRAFTING | Key=_YRHayB15fdZNFUP3lKt74_CBuzvgAeHzALVT4HHL_0= | ID=3
22:08:31.713 [Expansion Quests] Updated and saved persistent player quest data for player with UID=_YRHayB15fdZNFUP3lKt74_CBuzvgAeHzALVT4HHL_0= | Quest ID=23
22:08:31.714 [Expansion Quests] Added new objective data for type=CRAFTING | Key=_YRHayB15fdZNFUP3lKt74_CBuzvgAeHzALVT4HHL_0= | ID=4
22:08:31.714 [Expansion Quests] Updated and saved persistent player quest data for player with UID=_YRHayB15fdZNFUP3lKt74_CBuzvgAeHzALVT4HHL_0= | Quest ID=24
22:08:31.715 [Expansion Quests] Added new objective data for type=CRAFTING | Key=_YRHayB15fdZNFUP3lKt74_CBuzvgAeHzALVT4HHL_0= | ID=5
22:08:31.715 [Expansion Quests] Updated and saved persistent player quest data for player with UID=_YRHayB15fdZNFUP3lKt74_CBuzvgAeHzALVT4HHL_0= | Quest ID=25
22:09:13.308 [Expansion Quests] Added new objective data for type=CRAFTING | Key=_YRHayB15fdZNFUP3lKt74_CBuzvgAeHzALVT4HHL_0= | ID=2
22:09:13.309 [Expansion Quests] Updated and saved persistent player quest data for player with UID=_YRHayB15fdZNFUP3lKt74_CBuzvgAeHzALVT4HHL_0= | Quest ID=21
22:09:13.309 [Expansion Quests] Added new objective data for type=CRAFTING | Key=_YRHayB15fdZNFUP3lKt74_CBuzvgAeHzALVT4HHL_0= | ID=1
22:09:13.310 [Expansion Quests] Updated and saved persistent player quest data for player with UID=_YRHayB15fdZNFUP3lKt74_CBuzvgAeHzALVT4HHL_0= | Quest ID=22
22:09:13.310 [Expansion Quests] Added new objective data for type=CRAFTING | Key=_YRHayB15fdZNFUP3lKt74_CBuzvgAeHzALVT4HHL_0= | ID=3
22:09:13.311 [Expansion Quests] Updated and saved persistent player quest data for player with UID=_YRHayB15fdZNFUP3lKt74_CBuzvgAeHzALVT4HHL_0= | Quest ID=23
22:09:13.311 [Expansion Quests] Added new objective data for type=CRAFTING | Key=_YRHayB15fdZNFUP3lKt74_CBuzvgAeHzALVT4HHL_0= | ID=4
22:09:13.312 [Expansion Quests] Updated and saved persistent player quest data for player with UID=_YRHayB15fdZNFUP3lKt74_CBuzvgAeHzALVT4HHL_0= | Quest ID=24
22:09:13.312 [Expansion Quests] Added new objective data for type=CRAFTING | Key=_YRHayB15fdZNFUP3lKt74_CBuzvgAeHzALVT4HHL_0= | ID=5
22:09:13.313 [Expansion Quests] Updated and saved persistent player quest data for player with UID=_YRHayB15fdZNFUP3lKt74_CBuzvgAeHzALVT4HHL_0= | Quest ID=25
22:40:38.316 [Expansion Quests] Added new objective data for type=CRAFTING | Key=_YRHayB15fdZNFUP3lKt74_CBuzvgAeHzALVT4HHL_0= | ID=2
22:40:38.316 [Expansion Quests] Updated and saved persistent player quest data for player with UID=_YRHayB15fdZNFUP3lKt74_CBuzvgAeHzALVT4HHL_0= | Quest ID=21
22:40:38.317 [Expansion Quests] Added new objective data for type=CRAFTING | Key=_YRHayB15fdZNFUP3lKt74_CBuzvgAeHzALVT4HHL_0= | ID=1
22:40:38.317 [Expansion Quests] Updated and saved persistent player quest data for player with UID=_YRHayB15fdZNFUP3lKt74_CBuzvgAeHzALVT4HHL_0= | Quest ID=22
22:40:38.318 [Expansion Quests] Added new objective data for type=CRAFTING | Key=_YRHayB15fdZNFUP3lKt74_CBuzvgAeHzALVT4HHL_0= | ID=3
22:40:38.319 [Expansion Quests] Updated and saved persistent player quest data for player with UID=_YRHayB15fdZNFUP3lKt74_CBuzvgAeHzALVT4HHL_0= | Quest ID=23
22:40:38.319 [Expansion Quests] Added new objective data for type=CRAFTING | Key=_YRHayB15fdZNFUP3lKt74_CBuzvgAeHzALVT4HHL_0= | ID=4
22:40:38.320 [Expansion Quests] Updated and saved persistent player quest data for player with UID=_YRHayB15fdZNFUP3lKt74_CBuzvgAeHzALVT4HHL_0= | Quest ID=24
22:40:38.320 [Expansion Quests] Added new objective data for type=CRAFTING | Key=_YRHayB15fdZNFUP3lKt74_CBuzvgAeHzALVT4HHL_0= | ID=5
22:40:38.321 [Expansion Quests] Updated and saved persistent player quest data for player with UID=_YRHayB15fdZNFUP3lKt74_CBuzvgAeHzALVT4HHL_0= | Quest ID=25
22:56:28.313 [Safezone] Player "TootieBad88" (id=_YRHayB15fdZNFUP3lKt74_CBuzvgAeHzALVT4HHL_0= pos=<8495.46, 392.45, 9466.09>) entered the safezone
22:57:58.120 [Expansion Quests] Deleted quest with ID=21 is a of player with UID=_YRHayB15fdZNFUP3lKt74_CBuzvgAeHzALVT4HHL_0=.
22:57:58.120 [Expansion Quests] Deleted quest with ID=22 is a of player with UID=_YRHayB15fdZNFUP3lKt74_CBuzvgAeHzALVT4HHL_0=.
22:57:58.121 [Expansion Quests] Deleted quest with ID=23 is a of player with UID=_YRHayB15fdZNFUP3lKt74_CBuzvgAeHzALVT4HHL_0=.
22:57:58.121 [Expansion Quests] Deleted quest with ID=24 is a of player with UID=_YRHayB15fdZNFUP3lKt74_CBuzvgAeHzALVT4HHL_0=.
22:57:58.121 [Expansion Quests] Deleted quest with ID=25 is a of player with UID=_YRHayB15fdZNFUP3lKt74_CBuzvgAeHzALVT4HHL_0=.
22:57:58.121 [Expansion Quests] Deleted quest with ID=12 is a of player with UID=_YRHayB15fdZNFUP3lKt74_CBuzvgAeHzALVT4HHL_0=.
