23:02:50.453 [Safezone] Player "TootieBad88" (id=_YRHayB15fdZNFUP3lKt74_CBuzvgAeHzALVT4HHL_0= pos=<8184, 474.06, 9093.57>) entered the safezone
23:02:50.454 [Expansion Quests] Initialize quest system on the connected client with UID=_YRHayB15fdZNFUP3lKt74_CBuzvgAeHzALVT4HHL_0=
23:02:50.468 [Expansion Quests] Loaded existing player quest data for player with UID=_YRHayB15fdZNFUP3lKt74_CBuzvgAeHzALVT4HHL_0=
23:02:50.469 [Expansion Quests] Loaded existing group quest data for group with ID=140782
23:02:50.469 [Expansion Quests] Check quest initialization for quest with ID=1 | State=COMPLETED | Player UID=_YRHayB15fdZNFUP3lKt74_CBuzvgAeHzALVT4HHL_0=
23:02:50.469 [Expansion Quests] Check quest initialization for quest with ID=12 | State=STARTED | Player UID=_YRHayB15fdZNFUP3lKt74_CBuzvgAeHzALVT4HHL_0=
23:02:50.470 [Expansion Quests] Create new quest instance for quest with ID=12 | Player UID=_YRHayB15fdZNFUP3lKt74_CBuzvgAeHzALVT4HHL_0=
23:02:50.470 [Expansion Quests] Check quest initialization for quest with ID=18 | State=NONE | Player UID=_YRHayB15fdZNFUP3lKt74_CBuzvgAeHzALVT4HHL_0=
23:02:50.470 [Expansion Quests] Check quest initialization for quest with ID=19 | State=NONE | Player UID=_YRHayB15fdZNFUP3lKt74_CBuzvgAeHzALVT4HHL_0=
23:02:50.471 [Expansion Quests] Check quest initialization for quest with ID=21 | State=STARTED | Player UID=_YRHayB15fdZNFUP3lKt74_CBuzvgAeHzALVT4HHL_0=
23:02:50.471 [Expansion Quests] Create new quest instance for quest with ID=21 | Player UID=_YRHayB15fdZNFUP3lKt74_CBuzvgAeHzALVT4HHL_0=
23:02:50.472 [Expansion Quests] Check quest initialization for quest with ID=22 | State=STARTED | Player UID=_YRHayB15fdZNFUP3lKt74_CBuzvgAeHzALVT4HHL_0=
23:02:50.472 [Expansion Quests] Create new quest instance for quest with ID=22 | Player UID=_YRHayB15fdZNFUP3lKt74_CBuzvgAeHzALVT4HHL_0=
23:02:50.472 [Expansion Quests] Check quest initialization for quest with ID=23 | State=STARTED | Player UID=_YRHayB15fdZNFUP3lKt74_CBuzvgAeHzALVT4HHL_0=
23:02:50.472 [Expansion Quests] Create new quest instance for quest with ID=23 | Player UID=_YRHayB15fdZNFUP3lKt74_CBuzvgAeHzALVT4HHL_0=
23:02:50.473 [Expansion Quests] Check quest initialization for quest with ID=24 | State=STARTED | Player UID=_YRHayB15fdZNFUP3lKt74_CBuzvgAeHzALVT4HHL_0=
23:02:50.473 [Expansion Quests] Create new quest instance for quest with ID=24 | Player UID=_YRHayB15fdZNFUP3lKt74_CBuzvgAeHzALVT4HHL_0=
23:02:50.474 [Expansion Quests] Check quest initialization for quest with ID=25 | State=STARTED | Player UID=_YRHayB15fdZNFUP3lKt74_CBuzvgAeHzALVT4HHL_0=
23:02:50.474 [Expansion Quests] Create new quest instance for quest with ID=25 | Player UID=_YRHayB15fdZNFUP3lKt74_CBuzvgAeHzALVT4HHL_0=
23:02:50.475 [Expansion Quests] Sending _YRHayB15fdZNFUP3lKt74_CBuzvgAeHzALVT4HHL_0= quest configs to client for player with UID=_YRHayB15fdZNFUP3lKt74_CBuzvgAeHzALVT4HHL_0=
23:02:50.476 [Expansion Quests] Sending player quest data for 9 quests to player with UID=_YRHayB15fdZNFUP3lKt74_CBuzvgAeHzALVT4HHL_0=
23:02:50.877 [Expansion Quests] Added new objective data for type=COLLECT | Key=_YRHayB15fdZNFUP3lKt74_CBuzvgAeHzALVT4HHL_0= | ID=2
23:02:50.878 [Expansion Quests] Updated and saved persistent player quest data for player with UID=_YRHayB15fdZNFUP3lKt74_CBuzvgAeHzALVT4HHL_0= | Quest ID=12
23:06:28.824 [Market] Player "TootieBad88" (id=_YRHayB15fdZNFUP3lKt74_CBuzvgAeHzALVT4HHL_0=) has bought a6_m110_buttstock x1 (eb4c4800) from the trader "Safezone ( [Safezone])" in market zone "Altar" (pos=<8170.000000, 518.744812, 9100.000000>) for a price of 36000.
23:07:13.545 [Market] Player "TootieBad88" (id=_YRHayB15fdZNFUP3lKt74_CBuzvgAeHzALVT4HHL_0=) has bought a6_fsg2_grip_black x1 (e795e0) from the trader "Safezone ( [Safezone])" in market zone "Altar" (pos=<8170.000000, 518.744812, 9100.000000>) for a price of 36000.
23:08:06.067 [Market] Player "TootieBad88" (id=_YRHayB15fdZNFUP3lKt74_CBuzvgAeHzALVT4HHL_0=) has bought a6_tba_ultra5_suppressor x1 (e8fc50) from the trader "Safezone ( [Safezone])" in market zone "Altar" (pos=<8170.000000, 518.744812, 9100.000000>) for a price of 72000.
23:08:35.937 [Market] Player "TootieBad88" (id=_YRHayB15fdZNFUP3lKt74_CBuzvgAeHzALVT4HHL_0=) has bought lbs_sleepingpacked_new_camo x1 (e91370) from the trader "Safezone ( [Safezone])" in market zone "Altar" (pos=<8170.000000, 518.744812, 9100.000000>) for a price of 25000.
23:09:10.892 [Market] Player "TootieBad88" (id=_YRHayB15fdZNFUP3lKt74_CBuzvgAeHzALVT4HHL_0=) has sold a6_tba_ultra5_suppressor x1 (e8fc50) at the trader "Safezone ( [Safezone])" in market zone "Altar" (pos=<8170.000000, 518.744812, 9100.000000>) and got 25200.
23:09:19.795 [Market] Player "TootieBad88" (id=_YRHayB15fdZNFUP3lKt74_CBuzvgAeHzALVT4HHL_0=) has sold a6_fsg2_grip_black x1 (e795e0) at the trader "Safezone ( [Safezone])" in market zone "Altar" (pos=<8170.000000, 518.744812, 9100.000000>) and got 12600.
23:10:11.412 [Market] Player "TootieBad88" (id=_YRHayB15fdZNFUP3lKt74_CBuzvgAeHzALVT4HHL_0=) has bought ammo_556x45hp x1 (14df9520) from the trader "Safezone ( [Safezone])" in market zone "Altar" (pos=<8170.000000, 518.744812, 9100.000000>) for a price of 140.
23:10:12.576 [Market] Player "TootieBad88" (id=_YRHayB15fdZNFUP3lKt74_CBuzvgAeHzALVT4HHL_0=) has bought ammo_556x45hp x1 (14df34a0) from the trader "Safezone ( [Safezone])" in market zone "Altar" (pos=<8170.000000, 518.744812, 9100.000000>) for a price of 140.
23:10:12.945 [Market] Player "TootieBad88" (id=_YRHayB15fdZNFUP3lKt74_CBuzvgAeHzALVT4HHL_0=) has bought ammo_556x45hp x1 (14dfad40) from the trader "Safezone ( [Safezone])" in market zone "Altar" (pos=<8170.000000, 518.744812, 9100.000000>) for a price of 140.
23:10:13.203 [Market] Player "TootieBad88" (id=_YRHayB15fdZNFUP3lKt74_CBuzvgAeHzALVT4HHL_0=) has bought ammo_556x45hp x1 (14df40b0) from the trader "Safezone ( [Safezone])" in market zone "Altar" (pos=<8170.000000, 518.744812, 9100.000000>) for a price of 140.
23:10:13.633 [Market] Player "TootieBad88" (id=_YRHayB15fdZNFUP3lKt74_CBuzvgAeHzALVT4HHL_0=) has bought ammo_556x45hp x1 (14dfb950) from the trader "Safezone ( [Safezone])" in market zone "Altar" (pos=<8170.000000, 518.744812, 9100.000000>) for a price of 140.
23:10:13.890 [Market] Player "TootieBad88" (id=_YRHayB15fdZNFUP3lKt74_CBuzvgAeHzALVT4HHL_0=) has bought ammo_556x45hp x1 (14dfc560) from the trader "Safezone ( [Safezone])" in market zone "Altar" (pos=<8170.000000, 518.744812, 9100.000000>) for a price of 140.
23:10:14.172 [Market] Player "TootieBad88" (id=_YRHayB15fdZNFUP3lKt74_CBuzvgAeHzALVT4HHL_0=) has bought ammo_556x45hp x1 (14dfa130) from the trader "Safezone ( [Safezone])" in market zone "Altar" (pos=<8170.000000, 518.744812, 9100.000000>) for a price of 140.
23:10:14.384 [Market] Player "TootieBad88" (id=_YRHayB15fdZNFUP3lKt74_CBuzvgAeHzALVT4HHL_0=) has bought ammo_556x45hp x1 (14dfdd80) from the trader "Safezone ( [Safezone])" in market zone "Altar" (pos=<8170.000000, 518.744812, 9100.000000>) for a price of 140.
23:10:14.638 [Market] Player "TootieBad88" (id=_YRHayB15fdZNFUP3lKt74_CBuzvgAeHzALVT4HHL_0=) has bought ammo_556x45hp x1 (14dfd170) from the trader "Safezone ( [Safezone])" in market zone "Altar" (pos=<8170.000000, 518.744812, 9100.000000>) for a price of 140.
23:10:14.860 [Market] Player "TootieBad88" (id=_YRHayB15fdZNFUP3lKt74_CBuzvgAeHzALVT4HHL_0=) has bought ammo_556x45hp x1 (14dff5a0) from the trader "Safezone ( [Safezone])" in market zone "Altar" (pos=<8170.000000, 518.744812, 9100.000000>) for a price of 140.
23:10:15.096 [Market] Player "TootieBad88" (id=_YRHayB15fdZNFUP3lKt74_CBuzvgAeHzALVT4HHL_0=) has bought ammo_556x45hp x1 (14dfe990) from the trader "Safezone ( [Safezone])" in market zone "Altar" (pos=<8170.000000, 518.744812, 9100.000000>) for a price of 140.
23:10:15.529 [Market] Player "TootieBad88" (id=_YRHayB15fdZNFUP3lKt74_CBuzvgAeHzALVT4HHL_0=) has bought ammo_556x45hp x1 (14e001b0) from the trader "Safezone ( [Safezone])" in market zone "Altar" (pos=<8170.000000, 518.744812, 9100.000000>) for a price of 140.
23:10:16.030 [Market] Player "TootieBad88" (id=_YRHayB15fdZNFUP3lKt74_CBuzvgAeHzALVT4HHL_0=) has bought ammo_556x45hp x1 (156d4170) from the trader "Safezone ( [Safezone])" in market zone "Altar" (pos=<8170.000000, 518.744812, 9100.000000>) for a price of 140.
23:10:16.320 [Market] Player "TootieBad88" (id=_YRHayB15fdZNFUP3lKt74_CBuzvgAeHzALVT4HHL_0=) has bought ammo_556x45hp x1 (156dba10) from the trader "Safezone ( [Safezone])" in market zone "Altar" (pos=<8170.000000, 518.744812, 9100.000000>) for a price of 140.
23:10:16.424 [Market] Player "TootieBad88" (id=_YRHayB15fdZNFUP3lKt74_CBuzvgAeHzALVT4HHL_0=) has bought ammo_556x45hp x1 (156dc620) from the trader "Safezone ( [Safezone])" in market zone "Altar" (pos=<8170.000000, 518.744812, 9100.000000>) for a price of 140.
23:10:16.778 [Market] Player "TootieBad88" (id=_YRHayB15fdZNFUP3lKt74_CBuzvgAeHzALVT4HHL_0=) has bought ammo_556x45hp x1 (156d71b0) from the trader "Safezone ( [Safezone])" in market zone "Altar" (pos=<8170.000000, 518.744812, 9100.000000>) for a price of 140.
23:10:17.015 [Market] Player "TootieBad88" (id=_YRHayB15fdZNFUP3lKt74_CBuzvgAeHzALVT4HHL_0=) has bought ammo_556x45hp x1 (156d7dc0) from the trader "Safezone ( [Safezone])" in market zone "Altar" (pos=<8170.000000, 518.744812, 9100.000000>) for a price of 140.
23:10:17.263 [Market] Player "TootieBad88" (id=_YRHayB15fdZNFUP3lKt74_CBuzvgAeHzALVT4HHL_0=) has bought ammo_556x45hp x1 (156d65a0) from the trader "Safezone ( [Safezone])" in market zone "Altar" (pos=<8170.000000, 518.744812, 9100.000000>) for a price of 140.
23:10:17.565 [Market] Player "TootieBad88" (id=_YRHayB15fdZNFUP3lKt74_CBuzvgAeHzALVT4HHL_0=) has bought ammo_556x45hp x1 (156d95e0) from the trader "Safezone ( [Safezone])" in market zone "Altar" (pos=<8170.000000, 518.744812, 9100.000000>) for a price of 140.
23:10:17.791 [Market] Player "TootieBad88" (id=_YRHayB15fdZNFUP3lKt74_CBuzvgAeHzALVT4HHL_0=) has bought ammo_556x45hp x1 (156da1f0) from the trader "Safezone ( [Safezone])" in market zone "Altar" (pos=<8170.000000, 518.744812, 9100.000000>) for a price of 140.
23:10:18.060 [Market] Player "TootieBad88" (id=_YRHayB15fdZNFUP3lKt74_CBuzvgAeHzALVT4HHL_0=) has bought ammo_556x45hp x1 (156dae00) from the trader "Safezone ( [Safezone])" in market zone "Altar" (pos=<8170.000000, 518.744812, 9100.000000>) for a price of 140.
23:10:18.197 [Market] Player "TootieBad88" (id=_YRHayB15fdZNFUP3lKt74_CBuzvgAeHzALVT4HHL_0=) has bought ammo_556x45hp x1 (156d4d80) from the trader "Safezone ( [Safezone])" in market zone "Altar" (pos=<8170.000000, 518.744812, 9100.000000>) for a price of 140.
23:10:18.532 [Market] Player "TootieBad88" (id=_YRHayB15fdZNFUP3lKt74_CBuzvgAeHzALVT4HHL_0=) has bought ammo_556x45hp x1 (156dde40) from the trader "Safezone ( [Safezone])" in market zone "Altar" (pos=<8170.000000, 518.744812, 9100.000000>) for a price of 140.
23:10:18.818 [Market] Player "TootieBad88" (id=_YRHayB15fdZNFUP3lKt74_CBuzvgAeHzALVT4HHL_0=) has bought ammo_556x45hp x1 (156dd230) from the trader "Safezone ( [Safezone])" in market zone "Altar" (pos=<8170.000000, 518.744812, 9100.000000>) for a price of 140.
23:10:19.068 [Market] Player "TootieBad88" (id=_YRHayB15fdZNFUP3lKt74_CBuzvgAeHzALVT4HHL_0=) has bought ammo_556x45hp x1 (156d5990) from the trader "Safezone ( [Safezone])" in market zone "Altar" (pos=<8170.000000, 518.744812, 9100.000000>) for a price of 140.
23:10:19.327 [Market] Player "TootieBad88" (id=_YRHayB15fdZNFUP3lKt74_CBuzvgAeHzALVT4HHL_0=) has bought ammo_556x45hp x1 (156df660) from the trader "Safezone ( [Safezone])" in market zone "Altar" (pos=<8170.000000, 518.744812, 9100.000000>) for a price of 140.
23:10:19.442 [Market] Player "TootieBad88" (id=_YRHayB15fdZNFUP3lKt74_CBuzvgAeHzALVT4HHL_0=) has bought ammo_556x45hp x1 (156d89d0) from the trader "Safezone ( [Safezone])" in market zone "Altar" (pos=<8170.000000, 518.744812, 9100.000000>) for a price of 140.
23:10:19.756 [Market] Player "TootieBad88" (id=_YRHayB15fdZNFUP3lKt74_CBuzvgAeHzALVT4HHL_0=) has bought ammo_556x45hp x1 (156dea50) from the trader "Safezone ( [Safezone])" in market zone "Altar" (pos=<8170.000000, 518.744812, 9100.000000>) for a price of 140.
23:10:19.913 [Market] Player "TootieBad88" (id=_YRHayB15fdZNFUP3lKt74_CBuzvgAeHzALVT4HHL_0=) has bought ammo_556x45hp x1 (156e0e80) from the trader "Safezone ( [Safezone])" in market zone "Altar" (pos=<8170.000000, 518.744812, 9100.000000>) for a price of 140.
23:10:20.124 [Market] Player "TootieBad88" (id=_YRHayB15fdZNFUP3lKt74_CBuzvgAeHzALVT4HHL_0=) has bought ammo_556x45hp x1 (156e1a90) from the trader "Safezone ( [Safezone])" in market zone "Altar" (pos=<8170.000000, 518.744812, 9100.000000>) for a price of 140.
23:10:20.531 [Market] Player "TootieBad88" (id=_YRHayB15fdZNFUP3lKt74_CBuzvgAeHzALVT4HHL_0=) has bought ammo_556x45hp x1 (156e0270) from the trader "Safezone ( [Safezone])" in market zone "Altar" (pos=<8170.000000, 518.744812, 9100.000000>) for a price of 140.
23:10:20.784 [Market] Player "TootieBad88" (id=_YRHayB15fdZNFUP3lKt74_CBuzvgAeHzALVT4HHL_0=) has bought ammo_556x45hp x1 (156e32b0) from the trader "Safezone ( [Safezone])" in market zone "Altar" (pos=<8170.000000, 518.744812, 9100.000000>) for a price of 140.
23:10:21.084 [Market] Player "TootieBad88" (id=_YRHayB15fdZNFUP3lKt74_CBuzvgAeHzALVT4HHL_0=) has bought ammo_556x45hp x1 (156a79c0) from the trader "Safezone ( [Safezone])" in market zone "Altar" (pos=<8170.000000, 518.744812, 9100.000000>) for a price of 140.
23:10:21.165 [Market] Player "TootieBad88" (id=_YRHayB15fdZNFUP3lKt74_CBuzvgAeHzALVT4HHL_0=) has bought ammo_556x45hp x1 (156a85d0) from the trader "Safezone ( [Safezone])" in market zone "Altar" (pos=<8170.000000, 518.744812, 9100.000000>) for a price of 140.
23:10:21.491 [Market] Player "TootieBad88" (id=_YRHayB15fdZNFUP3lKt74_CBuzvgAeHzALVT4HHL_0=) has bought ammo_556x45hp x1 (156a6db0) from the trader "Safezone ( [Safezone])" in market zone "Altar" (pos=<8170.000000, 518.744812, 9100.000000>) for a price of 140.
23:10:21.598 [Market] Player "TootieBad88" (id=_YRHayB15fdZNFUP3lKt74_CBuzvgAeHzALVT4HHL_0=) has bought ammo_556x45hp x1 (156aaa00) from the trader "Safezone ( [Safezone])" in market zone "Altar" (pos=<8170.000000, 518.744812, 9100.000000>) for a price of 140.
23:10:22.075 [Market] Player "TootieBad88" (id=_YRHayB15fdZNFUP3lKt74_CBuzvgAeHzALVT4HHL_0=) has bought ammo_556x45hp x1 (156a9df0) from the trader "Safezone ( [Safezone])" in market zone "Altar" (pos=<8170.000000, 518.744812, 9100.000000>) for a price of 140.
23:10:22.361 [Market] Player "TootieBad88" (id=_YRHayB15fdZNFUP3lKt74_CBuzvgAeHzALVT4HHL_0=) has bought ammo_556x45hp x1 (156a3d70) from the trader "Safezone ( [Safezone])" in market zone "Altar" (pos=<8170.000000, 518.744812, 9100.000000>) for a price of 140.
23:10:22.592 [Market] Player "TootieBad88" (id=_YRHayB15fdZNFUP3lKt74_CBuzvgAeHzALVT4HHL_0=) has bought ammo_556x45hp x1 (156ab610) from the trader "Safezone ( [Safezone])" in market zone "Altar" (pos=<8170.000000, 518.744812, 9100.000000>) for a price of 140.
23:10:22.876 [Market] Player "TootieBad88" (id=_YRHayB15fdZNFUP3lKt74_CBuzvgAeHzALVT4HHL_0=) has bought ammo_556x45hp x1 (156a91e0) from the trader "Safezone ( [Safezone])" in market zone "Altar" (pos=<8170.000000, 518.744812, 9100.000000>) for a price of 140.
23:10:24.377 [Market] Player "TootieBad88" (id=_YRHayB15fdZNFUP3lKt74_CBuzvgAeHzALVT4HHL_0=) has bought ammo_556x45hp x1 (156a4980) from the trader "Safezone ( [Safezone])" in market zone "Altar" (pos=<8170.000000, 518.744812, 9100.000000>) for a price of 140.
23:10:24.634 [Market] Player "TootieBad88" (id=_YRHayB15fdZNFUP3lKt74_CBuzvgAeHzALVT4HHL_0=) has bought ammo_556x45hp x1 (156ac220) from the trader "Safezone ( [Safezone])" in market zone "Altar" (pos=<8170.000000, 518.744812, 9100.000000>) for a price of 140.
23:10:24.882 [Market] Player "TootieBad88" (id=_YRHayB15fdZNFUP3lKt74_CBuzvgAeHzALVT4HHL_0=) has bought ammo_556x45hp x1 (156a61a0) from the trader "Safezone ( [Safezone])" in market zone "Altar" (pos=<8170.000000, 518.744812, 9100.000000>) for a price of 140.
23:10:25.023 [Market] Player "TootieBad88" (id=_YRHayB15fdZNFUP3lKt74_CBuzvgAeHzALVT4HHL_0=) has bought ammo_556x45hp x1 (156a5590) from the trader "Safezone ( [Safezone])" in market zone "Altar" (pos=<8170.000000, 518.744812, 9100.000000>) for a price of 140.
23:10:25.314 [Market] Player "TootieBad88" (id=_YRHayB15fdZNFUP3lKt74_CBuzvgAeHzALVT4HHL_0=) has bought ammo_556x45hp x1 (156af260) from the trader "Safezone ( [Safezone])" in market zone "Altar" (pos=<8170.000000, 518.744812, 9100.000000>) for a price of 140.
23:10:25.458 [Market] Player "TootieBad88" (id=_YRHayB15fdZNFUP3lKt74_CBuzvgAeHzALVT4HHL_0=) has bought ammo_556x45hp x1 (156b0a80) from the trader "Safezone ( [Safezone])" in market zone "Altar" (pos=<8170.000000, 518.744812, 9100.000000>) for a price of 140.
23:10:25.660 [Market] Player "TootieBad88" (id=_YRHayB15fdZNFUP3lKt74_CBuzvgAeHzALVT4HHL_0=) has bought ammo_556x45hp x1 (156b1690) from the trader "Safezone ( [Safezone])" in market zone "Altar" (pos=<8170.000000, 518.744812, 9100.000000>) for a price of 140.
23:10:25.872 [Market] Player "TootieBad88" (id=_YRHayB15fdZNFUP3lKt74_CBuzvgAeHzALVT4HHL_0=) has bought ammo_556x45hp x1 (156ada40) from the trader "Safezone ( [Safezone])" in market zone "Altar" (pos=<8170.000000, 518.744812, 9100.000000>) for a price of 140.
23:10:26.177 [Market] Player "TootieBad88" (id=_YRHayB15fdZNFUP3lKt74_CBuzvgAeHzALVT4HHL_0=) has bought ammo_556x45hp x1 (156ae650) from the trader "Safezone ( [Safezone])" in market zone "Altar" (pos=<8170.000000, 518.744812, 9100.000000>) for a price of 140.
23:10:26.316 [Market] Player "TootieBad88" (id=_YRHayB15fdZNFUP3lKt74_CBuzvgAeHzALVT4HHL_0=) has bought ammo_556x45hp x1 (156b3ac0) from the trader "Safezone ( [Safezone])" in market zone "Altar" (pos=<8170.000000, 518.744812, 9100.000000>) for a price of 140.
23:10:26.647 [Market] Player "TootieBad88" (id=_YRHayB15fdZNFUP3lKt74_CBuzvgAeHzALVT4HHL_0=) has bought ammo_556x45hp x1 (156ace30) from the trader "Safezone ( [Safezone])" in market zone "Altar" (pos=<8170.000000, 518.744812, 9100.000000>) for a price of 140.
23:10:26.893 [Market] Player "TootieBad88" (id=_YRHayB15fdZNFUP3lKt74_CBuzvgAeHzALVT4HHL_0=) has bought ammo_556x45hp x1 (156b2eb0) from the trader "Safezone ( [Safezone])" in market zone "Altar" (pos=<8170.000000, 518.744812, 9100.000000>) for a price of 140.
23:10:27.175 [Market] Player "TootieBad88" (id=_YRHayB15fdZNFUP3lKt74_CBuzvgAeHzALVT4HHL_0=) has bought ammo_556x45hp x1 (156afe70) from the trader "Safezone ( [Safezone])" in market zone "Altar" (pos=<8170.000000, 518.744812, 9100.000000>) for a price of 140.
23:10:28.880 [Market] Player "TootieBad88" (id=_YRHayB15fdZNFUP3lKt74_CBuzvgAeHzALVT4HHL_0=) has bought ammo_556x45hp x1 (156b7710) from the trader "Safezone ( [Safezone])" in market zone "Altar" (pos=<8170.000000, 518.744812, 9100.000000>) for a price of 140.
23:10:29.148 [Market] Player "TootieBad88" (id=_YRHayB15fdZNFUP3lKt74_CBuzvgAeHzALVT4HHL_0=) has bought ammo_556x45hp x1 (156b8320) from the trader "Safezone ( [Safezone])" in market zone "Altar" (pos=<8170.000000, 518.744812, 9100.000000>) for a price of 140.
23:10:29.385 [Market] Player "TootieBad88" (id=_YRHayB15fdZNFUP3lKt74_CBuzvgAeHzALVT4HHL_0=) has bought ammo_556x45hp x1 (156b8f30) from the trader "Safezone ( [Safezone])" in market zone "Altar" (pos=<8170.000000, 518.744812, 9100.000000>) for a price of 140.
23:10:29.634 [Market] Player "TootieBad88" (id=_YRHayB15fdZNFUP3lKt74_CBuzvgAeHzALVT4HHL_0=) has bought ammo_556x45hp x1 (156b52e0) from the trader "Safezone ( [Safezone])" in market zone "Altar" (pos=<8170.000000, 518.744812, 9100.000000>) for a price of 140.
23:10:29.708 [Market] Player "TootieBad88" (id=_YRHayB15fdZNFUP3lKt74_CBuzvgAeHzALVT4HHL_0=) has bought ammo_556x45hp x1 (156b22a0) from the trader "Safezone ( [Safezone])" in market zone "Altar" (pos=<8170.000000, 518.744812, 9100.000000>) for a price of 140.
23:10:30.160 [Market] Player "TootieBad88" (id=_YRHayB15fdZNFUP3lKt74_CBuzvgAeHzALVT4HHL_0=) has bought ammo_556x45hp x1 (156b6b00) from the trader "Safezone ( [Safezone])" in market zone "Altar" (pos=<8170.000000, 518.744812, 9100.000000>) for a price of 140.
23:10:30.417 [Market] Player "TootieBad88" (id=_YRHayB15fdZNFUP3lKt74_CBuzvgAeHzALVT4HHL_0=) has bought ammo_556x45hp x1 (156b5ef0) from the trader "Safezone ( [Safezone])" in market zone "Altar" (pos=<8170.000000, 518.744812, 9100.000000>) for a price of 140.
23:10:30.655 [Market] Player "TootieBad88" (id=_YRHayB15fdZNFUP3lKt74_CBuzvgAeHzALVT4HHL_0=) has bought ammo_556x45hp x1 (156b9b40) from the trader "Safezone ( [Safezone])" in market zone "Altar" (pos=<8170.000000, 518.744812, 9100.000000>) for a price of 140.
23:10:30.875 [Market] Player "TootieBad88" (id=_YRHayB15fdZNFUP3lKt74_CBuzvgAeHzALVT4HHL_0=) has bought ammo_556x45hp x1 (156ba750) from the trader "Safezone ( [Safezone])" in market zone "Altar" (pos=<8170.000000, 518.744812, 9100.000000>) for a price of 140.
23:10:31.138 [Market] Player "TootieBad88" (id=_YRHayB15fdZNFUP3lKt74_CBuzvgAeHzALVT4HHL_0=) has bought ammo_556x45hp x1 (156bb360) from the trader "Safezone ( [Safezone])" in market zone "Altar" (pos=<8170.000000, 518.744812, 9100.000000>) for a price of 140.
23:10:31.399 [Market] Player "TootieBad88" (id=_YRHayB15fdZNFUP3lKt74_CBuzvgAeHzALVT4HHL_0=) has bought ammo_556x45hp x1 (156b46d0) from the trader "Safezone ( [Safezone])" in market zone "Altar" (pos=<8170.000000, 518.744812, 9100.000000>) for a price of 140.
23:10:31.478 [Market] Player "TootieBad88" (id=_YRHayB15fdZNFUP3lKt74_CBuzvgAeHzALVT4HHL_0=) has bought ammo_556x45hp x1 (156c13e0) from the trader "Safezone ( [Safezone])" in market zone "Altar" (pos=<8170.000000, 518.744812, 9100.000000>) for a price of 140.
23:10:31.740 [Market] Player "TootieBad88" (id=_YRHayB15fdZNFUP3lKt74_CBuzvgAeHzALVT4HHL_0=) has bought ammo_556x45hp x1 (156bfbc0) from the trader "Safezone ( [Safezone])" in market zone "Altar" (pos=<8170.000000, 518.744812, 9100.000000>) for a price of 140.
23:10:31.953 [Market] Player "TootieBad88" (id=_YRHayB15fdZNFUP3lKt74_CBuzvgAeHzALVT4HHL_0=) has bought ammo_556x45hp x1 (156c1ff0) from the trader "Safezone ( [Safezone])" in market zone "Altar" (pos=<8170.000000, 518.744812, 9100.000000>) for a price of 140.
23:10:32.281 [Market] Player "TootieBad88" (id=_YRHayB15fdZNFUP3lKt74_CBuzvgAeHzALVT4HHL_0=) has bought ammo_556x45hp x1 (156c2c00) from the trader "Safezone ( [Safezone])" in market zone "Altar" (pos=<8170.000000, 518.744812, 9100.000000>) for a price of 140.
23:10:32.400 [Market] Player "TootieBad88" (id=_YRHayB15fdZNFUP3lKt74_CBuzvgAeHzALVT4HHL_0=) has bought ammo_556x45hp x1 (156be3a0) from the trader "Safezone ( [Safezone])" in market zone "Altar" (pos=<8170.000000, 518.744812, 9100.000000>) for a price of 140.
23:10:32.627 [Market] Player "TootieBad88" (id=_YRHayB15fdZNFUP3lKt74_CBuzvgAeHzALVT4HHL_0=) has bought ammo_556x45hp x1 (156c07d0) from the trader "Safezone ( [Safezone])" in market zone "Altar" (pos=<8170.000000, 518.744812, 9100.000000>) for a price of 140.
23:10:32.935 [Market] Player "TootieBad88" (id=_YRHayB15fdZNFUP3lKt74_CBuzvgAeHzALVT4HHL_0=) has bought ammo_556x45hp x1 (156bbf70) from the trader "Safezone ( [Safezone])" in market zone "Altar" (pos=<8170.000000, 518.744812, 9100.000000>) for a price of 140.
23:10:33.197 [Market] Player "TootieBad88" (id=_YRHayB15fdZNFUP3lKt74_CBuzvgAeHzALVT4HHL_0=) has bought ammo_556x45hp x1 (156c8c80) from the trader "Safezone ( [Safezone])" in market zone "Altar" (pos=<8170.000000, 518.744812, 9100.000000>) for a price of 140.
23:10:33.299 [Market] Player "TootieBad88" (id=_YRHayB15fdZNFUP3lKt74_CBuzvgAeHzALVT4HHL_0=) has bought ammo_556x45hp x1 (156ca4a0) from the trader "Safezone ( [Safezone])" in market zone "Altar" (pos=<8170.000000, 518.744812, 9100.000000>) for a price of 140.
23:10:33.529 [Market] Player "TootieBad88" (id=_YRHayB15fdZNFUP3lKt74_CBuzvgAeHzALVT4HHL_0=) has bought ammo_556x45hp x1 (13c2d960) from the trader "Safezone ( [Safezone])" in market zone "Altar" (pos=<8170.000000, 518.744812, 9100.000000>) for a price of 140.
23:10:33.740 [Market] Player "TootieBad88" (id=_YRHayB15fdZNFUP3lKt74_CBuzvgAeHzALVT4HHL_0=) has bought ammo_556x45hp x1 (13c3caa0) from the trader "Safezone ( [Safezone])" in market zone "Altar" (pos=<8170.000000, 518.744812, 9100.000000>) for a price of 140.
23:10:34.428 [Market] Player "TootieBad88" (id=_YRHayB15fdZNFUP3lKt74_CBuzvgAeHzALVT4HHL_0=) has bought ammo_556x45hp x1 (13c39a60) from the trader "Safezone ( [Safezone])" in market zone "Altar" (pos=<8170.000000, 518.744812, 9100.000000>) for a price of 140.
23:10:34.686 [Market] Player "TootieBad88" (id=_YRHayB15fdZNFUP3lKt74_CBuzvgAeHzALVT4HHL_0=) has bought ammo_556x45hp x1 (13c3d6b0) from the trader "Safezone ( [Safezone])" in market zone "Altar" (pos=<8170.000000, 518.744812, 9100.000000>) for a price of 140.
23:13:05.401 [Market] Player "TootieBad88" (id=_YRHayB15fdZNFUP3lKt74_CBuzvgAeHzALVT4HHL_0=) has bought codelock x1 (13c57ce0) from the trader "Safezone ( [Safezone])" in market zone "Altar" (pos=<8170.000000, 518.744812, 9100.000000>) for a price of 25000.
23:13:07.997 [Market] Player "TootieBad88" (id=_YRHayB15fdZNFUP3lKt74_CBuzvgAeHzALVT4HHL_0=) has bought codelock x1 (13c5b930) from the trader "Safezone ( [Safezone])" in market zone "Altar" (pos=<8170.000000, 518.744812, 9100.000000>) for a price of 25000.
23:14:00.166 [Market] Player "TootieBad88" (id=_YRHayB15fdZNFUP3lKt74_CBuzvgAeHzALVT4HHL_0=) has bought pliers x1 (12bde710) from the trader "Safezone ( [Safezone])" in market zone "Altar" (pos=<8170.000000, 518.744812, 9100.000000>) for a price of 25000.
23:15:43.428 [Market] Player "TootieBad88" (id=_YRHayB15fdZNFUP3lKt74_CBuzvgAeHzALVT4HHL_0=) has bought ammo_556x45hp x50 (1693f620) from the trader "Safezone ( [Safezone])" in market zone "Altar" (pos=<8170.000000, 518.744812, 9100.000000>) for a price of 7000.
23:16:39.661 [Market] Player "TootieBad88" (id=_YRHayB15fdZNFUP3lKt74_CBuzvgAeHzALVT4HHL_0=) has bought ammo_556x45hp x45 (16957820) from the trader "Safezone ( [Safezone])" in market zone "Altar" (pos=<8170.000000, 518.744812, 9100.000000>) for a price of 6300.
23:19:31.375 [Safezone] Player "TootieBad88" (id=_YRHayB15fdZNFUP3lKt74_CBuzvgAeHzALVT4HHL_0= pos=<7641.72, 407.8, 8870.7>) left the safezone
23:34:58.836 [Expansion Quests] Added new objective data for type=CRAFTING | Key=_YRHayB15fdZNFUP3lKt74_CBuzvgAeHzALVT4HHL_0= | ID=2
23:34:58.837 [Expansion Quests] Updated and saved persistent player quest data for player with UID=_YRHayB15fdZNFUP3lKt74_CBuzvgAeHzALVT4HHL_0= | Quest ID=21
23:34:58.838 [Expansion Quests] Added new objective data for type=CRAFTING | Key=_YRHayB15fdZNFUP3lKt74_CBuzvgAeHzALVT4HHL_0= | ID=1
23:34:58.838 [Expansion Quests] Updated and saved persistent player quest data for player with UID=_YRHayB15fdZNFUP3lKt74_CBuzvgAeHzALVT4HHL_0= | Quest ID=22
23:34:58.839 [Expansion Quests] Added new objective data for type=CRAFTING | Key=_YRHayB15fdZNFUP3lKt74_CBuzvgAeHzALVT4HHL_0= | ID=3
23:34:58.840 [Expansion Quests] Updated and saved persistent player quest data for player with UID=_YRHayB15fdZNFUP3lKt74_CBuzvgAeHzALVT4HHL_0= | Quest ID=23
23:34:58.840 [Expansion Quests] Added new objective data for type=CRAFTING | Key=_YRHayB15fdZNFUP3lKt74_CBuzvgAeHzALVT4HHL_0= | ID=4
23:34:58.841 [Expansion Quests] Updated and saved persistent player quest data for player with UID=_YRHayB15fdZNFUP3lKt74_CBuzvgAeHzALVT4HHL_0= | Quest ID=24
23:34:58.841 [Expansion Quests] Added new objective data for type=CRAFTING | Key=_YRHayB15fdZNFUP3lKt74_CBuzvgAeHzALVT4HHL_0= | ID=5
23:34:58.842 [Expansion Quests] Updated and saved persistent player quest data for player with UID=_YRHayB15fdZNFUP3lKt74_CBuzvgAeHzALVT4HHL_0= | Quest ID=25
23:35:22.567 [Expansion Quests] Added new objective data for type=CRAFTING | Key=_YRHayB15fdZNFUP3lKt74_CBuzvgAeHzALVT4HHL_0= | ID=2
23:35:22.568 [Expansion Quests] Updated and saved persistent player quest data for player with UID=_YRHayB15fdZNFUP3lKt74_CBuzvgAeHzALVT4HHL_0= | Quest ID=21
23:35:22.569 [Expansion Quests] Added new objective data for type=CRAFTING | Key=_YRHayB15fdZNFUP3lKt74_CBuzvgAeHzALVT4HHL_0= | ID=1
23:35:22.570 [Expansion Quests] Updated and saved persistent player quest data for player with UID=_YRHayB15fdZNFUP3lKt74_CBuzvgAeHzALVT4HHL_0= | Quest ID=22
23:35:22.570 [Expansion Quests] Added new objective data for type=CRAFTING | Key=_YRHayB15fdZNFUP3lKt74_CBuzvgAeHzALVT4HHL_0= | ID=3
23:35:22.571 [Expansion Quests] Updated and saved persistent player quest data for player with UID=_YRHayB15fdZNFUP3lKt74_CBuzvgAeHzALVT4HHL_0= | Quest ID=23
23:35:22.571 [Expansion Quests] Added new objective data for type=CRAFTING | Key=_YRHayB15fdZNFUP3lKt74_CBuzvgAeHzALVT4HHL_0= | ID=4
23:35:22.572 [Expansion Quests] Updated and saved persistent player quest data for player with UID=_YRHayB15fdZNFUP3lKt74_CBuzvgAeHzALVT4HHL_0= | Quest ID=24
23:35:22.572 [Expansion Quests] Added new objective data for type=CRAFTING | Key=_YRHayB15fdZNFUP3lKt74_CBuzvgAeHzALVT4HHL_0= | ID=5
23:35:22.573 [Expansion Quests] Updated and saved persistent player quest data for player with UID=_YRHayB15fdZNFUP3lKt74_CBuzvgAeHzALVT4HHL_0= | Quest ID=25
23:39:33.662 [Expansion Quests] Added new objective data for type=CRAFTING | Key=_YRHayB15fdZNFUP3lKt74_CBuzvgAeHzALVT4HHL_0= | ID=2
23:39:33.662 [Expansion Quests] Updated and saved persistent player quest data for player with UID=_YRHayB15fdZNFUP3lKt74_CBuzvgAeHzALVT4HHL_0= | Quest ID=21
23:39:33.663 [Expansion Quests] Added new objective data for type=CRAFTING | Key=_YRHayB15fdZNFUP3lKt74_CBuzvgAeHzALVT4HHL_0= | ID=1
23:39:33.664 [Expansion Quests] Updated and saved persistent player quest data for player with UID=_YRHayB15fdZNFUP3lKt74_CBuzvgAeHzALVT4HHL_0= | Quest ID=22
23:39:33.664 [Expansion Quests] Added new objective data for type=CRAFTING | Key=_YRHayB15fdZNFUP3lKt74_CBuzvgAeHzALVT4HHL_0= | ID=3
23:39:33.665 [Expansion Quests] Updated and saved persistent player quest data for player with UID=_YRHayB15fdZNFUP3lKt74_CBuzvgAeHzALVT4HHL_0= | Quest ID=23
23:39:33.665 [Expansion Quests] Added new objective data for type=CRAFTING | Key=_YRHayB15fdZNFUP3lKt74_CBuzvgAeHzALVT4HHL_0= | ID=4
23:39:33.666 [Expansion Quests] Updated and saved persistent player quest data for player with UID=_YRHayB15fdZNFUP3lKt74_CBuzvgAeHzALVT4HHL_0= | Quest ID=24
23:39:33.666 [Expansion Quests] Added new objective data for type=CRAFTING | Key=_YRHayB15fdZNFUP3lKt74_CBuzvgAeHzALVT4HHL_0= | ID=5
23:39:33.667 [Expansion Quests] Updated and saved persistent player quest data for player with UID=_YRHayB15fdZNFUP3lKt74_CBuzvgAeHzALVT4HHL_0= | Quest ID=25
23:56:06.739 [Safezone] Player "TootieBad88" (id=_YRHayB15fdZNFUP3lKt74_CBuzvgAeHzALVT4HHL_0= pos=<4078.7, 333.57, 6359.97>) entered the safezone
00:02:22.986 [Expansion Quests] Deleted quest with ID=21 is a of player with UID=_YRHayB15fdZNFUP3lKt74_CBuzvgAeHzALVT4HHL_0=.
00:02:22.986 [Expansion Quests] Deleted quest with ID=22 is a of player with UID=_YRHayB15fdZNFUP3lKt74_CBuzvgAeHzALVT4HHL_0=.
00:02:22.987 [Expansion Quests] Deleted quest with ID=23 is a of player with UID=_YRHayB15fdZNFUP3lKt74_CBuzvgAeHzALVT4HHL_0=.
00:02:22.987 [Expansion Quests] Deleted quest with ID=24 is a of player with UID=_YRHayB15fdZNFUP3lKt74_CBuzvgAeHzALVT4HHL_0=.
00:02:22.987 [Expansion Quests] Deleted quest with ID=25 is a of player with UID=_YRHayB15fdZNFUP3lKt74_CBuzvgAeHzALVT4HHL_0=.
00:02:22.987 [Expansion Quests] Deleted quest with ID=12 is a of player with UID=_YRHayB15fdZNFUP3lKt74_CBuzvgAeHzALVT4HHL_0=.
10:20:14.173 [Expansion Quests] Initialize quest system on the connected client with UID=9szT4lgWrC31d88fAvc23o0FnJmOGYTMMEI5DdQjB90=
10:20:14.182 [Expansion Quests] Loaded existing player quest data for player with UID=9szT4lgWrC31d88fAvc23o0FnJmOGYTMMEI5DdQjB90=
10:20:14.182 [Expansion Quests] Check quest initialization for quest with ID=1 | State=COMPLETED | Player UID=9szT4lgWrC31d88fAvc23o0FnJmOGYTMMEI5DdQjB90=
10:20:14.182 [Expansion Quests] Sending 9szT4lgWrC31d88fAvc23o0FnJmOGYTMMEI5DdQjB90= quest configs to client for player with UID=9szT4lgWrC31d88fAvc23o0FnJmOGYTMMEI5DdQjB90=
10:20:14.183 [Expansion Quests] Sending player quest data for 1 quests to player with UID=9szT4lgWrC31d88fAvc23o0FnJmOGYTMMEI5DdQjB90=
10:58:36.130 [Safezone] Player "WearYourPPE" (id=9szT4lgWrC31d88fAvc23o0FnJmOGYTMMEI5DdQjB90= pos=<7676.55, 412.37, 9215.74>) entered the safezone
11:00:16.262 [Expansion Quests] Updated and saved persistent player quest data for player with UID=9szT4lgWrC31d88fAvc23o0FnJmOGYTMMEI5DdQjB90= | Quest ID=18
11:00:16.262 [Expansion Quests] Created new quest instance with instance key=9szT4lgWrC31d88fAvc23o0FnJmOGYTMMEI5DdQjB90= for quest with ID=18
11:00:18.715 [Expansion Quests] Updated and saved persistent player quest data for player with UID=9szT4lgWrC31d88fAvc23o0FnJmOGYTMMEI5DdQjB90= | Quest ID=19
11:00:18.715 [Expansion Quests] Created new quest instance with instance key=9szT4lgWrC31d88fAvc23o0FnJmOGYTMMEI5DdQjB90= for quest with ID=19
11:00:20.633 [Expansion Quests] Updated and saved persistent player quest data for player with UID=9szT4lgWrC31d88fAvc23o0FnJmOGYTMMEI5DdQjB90= | Quest ID=20
11:00:20.634 [Expansion Quests] Created new quest instance with instance key=9szT4lgWrC31d88fAvc23o0FnJmOGYTMMEI5DdQjB90= for quest with ID=20
11:01:31.143 [Market] Player "WearYourPPE" (id=9szT4lgWrC31d88fAvc23o0FnJmOGYTMMEI5DdQjB90=) has sold fog_uapnvg_black x1 (1beb1570) at the trader "Safezone ( [Safezone])" in market zone "Altar" (pos=<8170.000000, 518.744812, 9100.000000>) and got 7000.
11:02:39.612 [Market] Player "WearYourPPE" (id=9szT4lgWrC31d88fAvc23o0FnJmOGYTMMEI5DdQjB90=) has bought pickaxe x1 (be330e50) from the trader "Safezone ( [Safezone])" in market zone "Altar" (pos=<8170.000000, 518.744812, 9100.000000>) for a price of 25000.
11:06:04.165 [Expansion Quests] Deleted quest with ID=18 is a of player with UID=9szT4lgWrC31d88fAvc23o0FnJmOGYTMMEI5DdQjB90=.
11:06:04.165 [Expansion Quests] Deleted quest with ID=19 is a of player with UID=9szT4lgWrC31d88fAvc23o0FnJmOGYTMMEI5DdQjB90=.
11:06:04.166 [Expansion Quests] Deleted quest with ID=20 is a of player with UID=9szT4lgWrC31d88fAvc23o0FnJmOGYTMMEI5DdQjB90=.
