19:42:11.726 [Expansion Quests] Initialize quest system on the connected client with UID=WlHyIHsJQ_1yaUz1s50f4DGJj0SOM1lic6l0IfO3TmM=
19:42:11.730 [Expansion Quests] Created new persistent player quest data for player UID=WlHyIHsJQ_1yaUz1s50f4DGJj0SOM1lic6l0IfO3TmM=
19:42:11.730 [Expansion Quests] Create new achievement/auto-start quest for quest ID=1 for player with UID=WlHyIHsJQ_1yaUz1s50f4DGJj0SOM1lic6l0IfO3TmM=
19:42:11.730 [Expansion Quests] Added new objective data for type=TRAVEL | Key= | ID=1
19:42:11.731 [Expansion Quests] Updated and saved persistent player quest data for player with UID=WlHyIHsJQ_1yaUz1s50f4DGJj0SOM1lic6l0IfO3TmM= | Quest ID=1
19:42:11.731 [Expansion Quests] Sending WlHyIHsJQ_1yaUz1s50f4DGJj0SOM1lic6l0IfO3TmM= quest configs to client for player with UID=WlHyIHsJQ_1yaUz1s50f4DGJj0SOM1lic6l0IfO3TmM=
19:42:11.732 [Expansion Quests] Sending player quest data for 1 quests to player with UID=WlHyIHsJQ_1yaUz1s50f4DGJj0SOM1lic6l0IfO3TmM=
19:42:12.202 [Expansion Quests] Added new objective data for type=TRAVEL | Key= | ID=1
19:42:12.202 [Expansion Quests] Updated and saved persistent player quest data for player with UID=WlHyIHsJQ_1yaUz1s50f4DGJj0SOM1lic6l0IfO3TmM= | Quest ID=1
20:17:16.654 [Expansion Quests] Deleted quest with ID=1 is a of player with UID=WlHyIHsJQ_1yaUz1s50f4DGJj0SOM1lic6l0IfO3TmM=.
20:49:06.216 [Expansion Quests] Initialize quest system on the connected client with UID=smrsfctXLmfqYV2V4xYTBccqGYfN9F-xXgsr88FO4io=
20:49:06.229 [Expansion Quests] Loaded existing player quest data for player with UID=smrsfctXLmfqYV2V4xYTBccqGYfN9F-xXgsr88FO4io=
20:49:06.230 [Expansion Quests] Loaded existing group quest data for group with ID=5968555
20:49:06.230 [Expansion Quests] Check quest initialization for quest with ID=1 | State=STARTED | Player UID=smrsfctXLmfqYV2V4xYTBccqGYfN9F-xXgsr88FO4io=
20:49:06.231 [Expansion Quests] Create new quest instance for quest with ID=1 | Player UID=smrsfctXLmfqYV2V4xYTBccqGYfN9F-xXgsr88FO4io=
20:49:06.232 [Expansion Quests] Sending smrsfctXLmfqYV2V4xYTBccqGYfN9F-xXgsr88FO4io= quest configs to client for player with UID=smrsfctXLmfqYV2V4xYTBccqGYfN9F-xXgsr88FO4io=
20:49:06.232 [Expansion Quests] Sending player quest data for 1 quests to player with UID=smrsfctXLmfqYV2V4xYTBccqGYfN9F-xXgsr88FO4io=
20:49:06.643 [Expansion Quests] Added new objective data for type=TRAVEL | Key=smrsfctXLmfqYV2V4xYTBccqGYfN9F-xXgsr88FO4io= | ID=1
20:49:06.643 [Expansion Quests] Updated and saved persistent player quest data for player with UID=smrsfctXLmfqYV2V4xYTBccqGYfN9F-xXgsr88FO4io= | Quest ID=1
20:50:11.169 [Expansion Quests] Deleted quest with ID=1 is a of player with UID=smrsfctXLmfqYV2V4xYTBccqGYfN9F-xXgsr88FO4io=.
