09:46:58.064 [Expansion Quests] Initialize quest system on the connected client with UID=_uvmre3u7WpkD17piU1WTbCWcEuigTU0Fhk9SeSwswQ=
09:46:58.068 [Expansion Quests] Created new persistent player quest data for player UID=_uvmre3u7WpkD17piU1WTbCWcEuigTU0Fhk9SeSwswQ=
09:46:58.068 [Expansion Quests] Create new achievement/auto-start quest for quest ID=1 for player with UID=_uvmre3u7WpkD17piU1WTbCWcEuigTU0Fhk9SeSwswQ=
09:46:58.069 [Expansion Quests] Added new objective data for type=TRAVEL | Key= | ID=1
09:46:58.069 [Expansion Quests] Updated and saved persistent player quest data for player with UID=_uvmre3u7WpkD17piU1WTbCWcEuigTU0Fhk9SeSwswQ= | Quest ID=1
09:46:58.070 [Expansion Quests] Sending _uvmre3u7WpkD17piU1WTbCWcEuigTU0Fhk9SeSwswQ= quest configs to client for player with UID=_uvmre3u7WpkD17piU1WTbCWcEuigTU0Fhk9SeSwswQ=
09:46:58.070 [Expansion Quests] Sending player quest data for 1 quests to player with UID=_uvmre3u7WpkD17piU1WTbCWcEuigTU0Fhk9SeSwswQ=
09:46:58.542 [Expansion Quests] Added new objective data for type=TRAVEL | Key= | ID=1
09:46:58.542 [Expansion Quests] Updated and saved persistent player quest data for player with UID=_uvmre3u7WpkD17piU1WTbCWcEuigTU0Fhk9SeSwswQ= | Quest ID=1
09:50:22.082 [Expansion Quests] Deleted quest with ID=1 is a of player with UID=_uvmre3u7WpkD17piU1WTbCWcEuigTU0Fhk9SeSwswQ=.
12:09:25.300 [Expansion Quests] Initialize quest system on the connected client with UID=b1H3aMFzk1PEuZ7T7R9ULx5v8FnNYUClXZQ1rumetHE=
12:09:25.304 [Expansion Quests] Created new persistent player quest data for player UID=b1H3aMFzk1PEuZ7T7R9ULx5v8FnNYUClXZQ1rumetHE=
12:09:25.304 [Expansion Quests] Create new achievement/auto-start quest for quest ID=1 for player with UID=b1H3aMFzk1PEuZ7T7R9ULx5v8FnNYUClXZQ1rumetHE=
12:09:25.304 [Expansion Quests] Added new objective data for type=TRAVEL | Key= | ID=1
12:09:25.305 [Expansion Quests] Updated and saved persistent player quest data for player with UID=b1H3aMFzk1PEuZ7T7R9ULx5v8FnNYUClXZQ1rumetHE= | Quest ID=1
12:09:25.305 [Expansion Quests] Sending b1H3aMFzk1PEuZ7T7R9ULx5v8FnNYUClXZQ1rumetHE= quest configs to client for player with UID=b1H3aMFzk1PEuZ7T7R9ULx5v8FnNYUClXZQ1rumetHE=
12:09:25.306 [Expansion Quests] Sending player quest data for 1 quests to player with UID=b1H3aMFzk1PEuZ7T7R9ULx5v8FnNYUClXZQ1rumetHE=
12:09:25.780 [Expansion Quests] Added new objective data for type=TRAVEL | Key= | ID=1
12:09:25.780 [Expansion Quests] Updated and saved persistent player quest data for player with UID=b1H3aMFzk1PEuZ7T7R9ULx5v8FnNYUClXZQ1rumetHE= | Quest ID=1
13:19:03.787 [Expansion Quests] Initialize quest system on the connected client with UID=FyJcOhcMvMpOVeNd_G3xpD63Qg86N5ALZZh0U4LUn0c=
13:19:03.797 [Expansion Quests] Loaded existing player quest data for player with UID=FyJcOhcMvMpOVeNd_G3xpD63Qg86N5ALZZh0U4LUn0c=
13:19:03.797 [Expansion Quests] Check quest initialization for quest with ID=1 | State=COMPLETED | Player UID=FyJcOhcMvMpOVeNd_G3xpD63Qg86N5ALZZh0U4LUn0c=
13:19:03.798 [Expansion Quests] Sending FyJcOhcMvMpOVeNd_G3xpD63Qg86N5ALZZh0U4LUn0c= quest configs to client for player with UID=FyJcOhcMvMpOVeNd_G3xpD63Qg86N5ALZZh0U4LUn0c=
13:19:03.798 [Expansion Quests] Sending player quest data for 1 quests to player with UID=FyJcOhcMvMpOVeNd_G3xpD63Qg86N5ALZZh0U4LUn0c=
13:29:20.967 [Expansion Quests] Initialize quest system on the connected client with UID=EjmwRFPqN8k5qPn9W0YqPUleIKWpE2fNI4fmQ-rFG6c=
13:29:20.973 [Expansion Quests] Created new persistent player quest data for player UID=EjmwRFPqN8k5qPn9W0YqPUleIKWpE2fNI4fmQ-rFG6c=
13:29:20.973 [Expansion Quests] Create new achievement/auto-start quest for quest ID=1 for player with UID=EjmwRFPqN8k5qPn9W0YqPUleIKWpE2fNI4fmQ-rFG6c=
13:29:20.973 [Expansion Quests] Added new objective data for type=TRAVEL | Key= | ID=1
13:29:20.973 [Expansion Quests] Updated and saved persistent player quest data for player with UID=EjmwRFPqN8k5qPn9W0YqPUleIKWpE2fNI4fmQ-rFG6c= | Quest ID=1
13:29:20.974 [Expansion Quests] Sending EjmwRFPqN8k5qPn9W0YqPUleIKWpE2fNI4fmQ-rFG6c= quest configs to client for player with UID=EjmwRFPqN8k5qPn9W0YqPUleIKWpE2fNI4fmQ-rFG6c=
13:29:20.975 [Expansion Quests] Sending player quest data for 1 quests to player with UID=EjmwRFPqN8k5qPn9W0YqPUleIKWpE2fNI4fmQ-rFG6c=
13:29:21.449 [Expansion Quests] Added new objective data for type=TRAVEL | Key= | ID=1
13:29:21.449 [Expansion Quests] Updated and saved persistent player quest data for player with UID=EjmwRFPqN8k5qPn9W0YqPUleIKWpE2fNI4fmQ-rFG6c= | Quest ID=1
14:13:45.379 [Safezone] Player "dusty" (id=b1H3aMFzk1PEuZ7T7R9ULx5v8FnNYUClXZQ1rumetHE= pos=<3370.54, 285.14, 5655.26>) entered the safezone
14:13:49.155 [Safezone] Player "Survivor" (id=EjmwRFPqN8k5qPn9W0YqPUleIKWpE2fNI4fmQ-rFG6c= pos=<3377.74, 285.55, 5652.88>) entered the safezone
14:15:23.317 [Expansion Quests] Added new objective data for type=TRAVEL | Key= | ID=1
14:15:23.318 [Expansion Quests] Updated and saved persistent player quest data for player with UID=b1H3aMFzk1PEuZ7T7R9ULx5v8FnNYUClXZQ1rumetHE= | Quest ID=1
14:15:23.318 [Expansion Quests] Player with UID=b1H3aMFzk1PEuZ7T7R9ULx5v8FnNYUClXZQ1rumetHE= has completed quest with ID=1
14:15:23.319 [Expansion Quests] Updated and saved persistent player quest data for player with UID=b1H3aMFzk1PEuZ7T7R9ULx5v8FnNYUClXZQ1rumetHE= | Quest ID=1
14:15:24.446 [Expansion Quests] Added new objective data for type=TRAVEL | Key= | ID=1
14:15:24.447 [Expansion Quests] Updated and saved persistent player quest data for player with UID=EjmwRFPqN8k5qPn9W0YqPUleIKWpE2fNI4fmQ-rFG6c= | Quest ID=1
14:15:24.447 [Expansion Quests] Player with UID=EjmwRFPqN8k5qPn9W0YqPUleIKWpE2fNI4fmQ-rFG6c= has completed quest with ID=1
14:15:24.448 [Expansion Quests] Updated and saved persistent player quest data for player with UID=EjmwRFPqN8k5qPn9W0YqPUleIKWpE2fNI4fmQ-rFG6c= | Quest ID=1
14:19:57.325 [Market] Player "dusty" (id=b1H3aMFzk1PEuZ7T7R9ULx5v8FnNYUClXZQ1rumetHE=) has sold sewingkit x1 (219c5d40) at the trader "Safezone ( [Safezone])" in market zone "Green Mountain" (pos=<3720.000000, 115.783501, 6006.666992>) and got 10000.
14:19:58.464 [Market] Player "dusty" (id=b1H3aMFzk1PEuZ7T7R9ULx5v8FnNYUClXZQ1rumetHE=) has sold weaponcleaningkit x1 (ad79d720) at the trader "Safezone ( [Safezone])" in market zone "Green Mountain" (pos=<3720.000000, 115.783501, 6006.666992>) and got 10000.
14:19:59.969 [Market] Player "dusty" (id=b1H3aMFzk1PEuZ7T7R9ULx5v8FnNYUClXZQ1rumetHE=) has sold hatchet x1 (af55ea50) at the trader "Safezone ( [Safezone])" in market zone "Green Mountain" (pos=<3720.000000, 115.783501, 6006.666992>) and got 10000.
14:21:39.554 [Market] Player "Survivor" (id=EjmwRFPqN8k5qPn9W0YqPUleIKWpE2fNI4fmQ-rFG6c=) has bought mfp_nutella x2 (c2c234d0) from the trader "Safezone ( [Safezone])" in market zone "Green Mountain" (pos=<3720.000000, 115.783501, 6006.666992>) for a price of 4000.
14:25:05.211 [Market] Player "Survivor" (id=EjmwRFPqN8k5qPn9W0YqPUleIKWpE2fNI4fmQ-rFG6c=) has bought ammo_9x19ap63 x84 (c669ab50) from the trader "Safezone ( [Safezone])" in market zone "Green Mountain" (pos=<3720.000000, 115.783501, 6006.666992>) for a price of 10080.
14:25:23.853 [Market] Player "dusty" (id=b1H3aMFzk1PEuZ7T7R9ULx5v8FnNYUClXZQ1rumetHE=) has bought a6_500sw x1 (ce81ad80) from the trader "Safezone ( [Safezone])" in market zone "Green Mountain" (pos=<3720.000000, 115.783501, 6006.666992>) for a price of 100000.
14:25:41.759 [Market] Player "dusty" (id=b1H3aMFzk1PEuZ7T7R9ULx5v8FnNYUClXZQ1rumetHE=) has bought ammo_a6_500sw x50 (ccf70890) from the trader "Safezone ( [Safezone])" in market zone "Green Mountain" (pos=<3720.000000, 115.783501, 6006.666992>) for a price of 10000.
14:26:36.218 [Market] Player "Survivor" (id=EjmwRFPqN8k5qPn9W0YqPUleIKWpE2fNI4fmQ-rFG6c=) has bought ammo_762x54lpsgzh x50 (ccf5cef0) from the trader "Safezone ( [Safezone])" in market zone "Green Mountain" (pos=<3720.000000, 115.783501, 6006.666992>) for a price of 10000.
14:28:27.417 [VehicleDeleted] LANEvoque2016_Gold (id=56E960335147BA16113797865DE46906 pos=<-0.01, 0.81, 0.08>)
14:28:27.433 [Market] Player "dusty" (id=b1H3aMFzk1PEuZ7T7R9ULx5v8FnNYUClXZQ1rumetHE=) has bought lanevoque2016_gold x1 (3cdeac80, LANEvoque2016_Wheel_1<c9852ad0>, LANEvoque2016_Wheel_1<c9852ad0>, LANEvoque2016_Wheel_1<c9852ad0>, LANEvoque2016_Wheel_1<c9852ad0>, LANEvoque2016_Hood<bf05de40>, LANEvoque2016_Trunk<bf05c720>, LANEvoque2016_CoDriver<c4f69480>, LANEvoque2016_Driver<c4f61550>, HeadlightH7<c4f5ad40>, HeadlightH7<c4f5ad40>, CarRadiator<c4f59620>, CarBattery<c4f4e8b0>, SparkPlug<c4f550c0>) from the trader "Vehicles ( [Vehicles])" in market zone "Green Mountain" (pos=<3720.000000, 115.783501, 6006.666992>) for a price of 43000.
14:28:57.346 [VehicleCarKey] Player "dusty" (id=b1H3aMFzk1PEuZ7T7R9ULx5v8FnNYUClXZQ1rumetHE= pos=<3695.22, 402.02, 5996.21>) used ExpansionCarKey to unlock LANEvoque2016_Gold (id=6C18DFC7E04093BC2E7425BDD53D57A4 pos=<3695.98, 402.02, 5994.25>)
14:29:31.886 [Market] Player "dusty" (id=b1H3aMFzk1PEuZ7T7R9ULx5v8FnNYUClXZQ1rumetHE=) has bought mfp_mre5 x1 (c9a604f0) from the trader "Safezone ( [Safezone])" in market zone "Green Mountain" (pos=<3720.000000, 115.783501, 6006.666992>) for a price of 2000.
14:29:39.451 [Market] Player "dusty" (id=b1H3aMFzk1PEuZ7T7R9ULx5v8FnNYUClXZQ1rumetHE=) has bought mfp_hflask_lavender x1 (c2aabbb0) from the trader "Safezone ( [Safezone])" in market zone "Green Mountain" (pos=<3720.000000, 115.783501, 6006.666992>) for a price of 2000.
14:29:50.147 [Market] Player "Survivor" (id=EjmwRFPqN8k5qPn9W0YqPUleIKWpE2fNI4fmQ-rFG6c=) has bought mfp_hflask_midnight x1 (c2a9cd00) from the trader "Safezone ( [Safezone])" in market zone "Green Mountain" (pos=<3720.000000, 115.783501, 6006.666992>) for a price of 2000.
14:29:55.232 [Market] Player "Survivor" (id=EjmwRFPqN8k5qPn9W0YqPUleIKWpE2fNI4fmQ-rFG6c=) has bought mfp_hflask_midnight x1 (c2a9d990) from the trader "Safezone ( [Safezone])" in market zone "Green Mountain" (pos=<3720.000000, 115.783501, 6006.666992>) for a price of 2000.
14:30:01.034 [VehicleEnter] Player "dusty" (id=b1H3aMFzk1PEuZ7T7R9ULx5v8FnNYUClXZQ1rumetHE=) entered vehicle Range Rover Evoque 2016 (Gold) (id=6C18DFC7E04093BC2E7425BDD53D57A4 pos=<3695.97, 402.02, 5994.25>) as driver
14:30:01.698 [VehicleCarKey] Player "dusty" (id=b1H3aMFzk1PEuZ7T7R9ULx5v8FnNYUClXZQ1rumetHE= pos=<3695.87, 402.85, 5994.71>) used ExpansionCarKey to lock LANEvoque2016_Gold (id=6C18DFC7E04093BC2E7425BDD53D57A4 pos=<3695.97, 402.02, 5994.25>)
14:30:12.111 [Market] Player "Survivor" (id=EjmwRFPqN8k5qPn9W0YqPUleIKWpE2fNI4fmQ-rFG6c=) has bought mfp_jerky_peppered x2 (c4998170) from the trader "Safezone ( [Safezone])" in market zone "Green Mountain" (pos=<3720.000000, 115.783501, 6006.666992>) for a price of 4000.
14:30:20.165 [Market] Player "Survivor" (id=EjmwRFPqN8k5qPn9W0YqPUleIKWpE2fNI4fmQ-rFG6c=) has bought mfp_chilibeans_opened x5 (c49a1230) from the trader "Safezone ( [Safezone])" in market zone "Green Mountain" (pos=<3720.000000, 115.783501, 6006.666992>) for a price of 10000.
14:30:35.565 [VehicleCarKey] Player "dusty" (id=b1H3aMFzk1PEuZ7T7R9ULx5v8FnNYUClXZQ1rumetHE= pos=<3695.71, 402.85, 5994.71>) used ExpansionCarKey to lock LANEvoque2016_Gold (id=6C18DFC7E04093BC2E7425BDD53D57A4 pos=<3695.81, 402.02, 5994.25>)
14:30:46.734 [VehicleLeave] Player "dusty" (id=b1H3aMFzk1PEuZ7T7R9ULx5v8FnNYUClXZQ1rumetHE=) left vehicle Range Rover Evoque 2016 (Gold) (id=6C18DFC7E04093BC2E7425BDD53D57A4 pos=<3695.76, 402.02, 5994.25>)
14:31:35.300 [VehicleEnter] Player "dusty" (id=b1H3aMFzk1PEuZ7T7R9ULx5v8FnNYUClXZQ1rumetHE=) entered vehicle Range Rover Evoque 2016 (Gold) (id=6C18DFC7E04093BC2E7425BDD53D57A4 pos=<3695.76, 402.02, 5994.25>) as driver
14:32:00.938 [VehicleEngine] Player "dusty" (id=b1H3aMFzk1PEuZ7T7R9ULx5v8FnNYUClXZQ1rumetHE=) started vehicle Range Rover Evoque 2016 (Gold) (id=6C18DFC7E04093BC2E7425BDD53D57A4 pos=<3695.63, 402.02, 5994.25>)
14:32:07.588 [VehicleEngine] Player "dusty" (id=b1H3aMFzk1PEuZ7T7R9ULx5v8FnNYUClXZQ1rumetHE=) stopped vehicle Range Rover Evoque 2016 (Gold) (id=6C18DFC7E04093BC2E7425BDD53D57A4 pos=<3697.76, 402.02, 5993.84>)
14:32:11.499 [VehicleLeave] Player "dusty" (id=b1H3aMFzk1PEuZ7T7R9ULx5v8FnNYUClXZQ1rumetHE=) left vehicle Range Rover Evoque 2016 (Gold) (id=6C18DFC7E04093BC2E7425BDD53D57A4 pos=<3697.74, 402.02, 5993.84>)
14:33:35.092 [VehicleEnter] Player "Survivor" (id=EjmwRFPqN8k5qPn9W0YqPUleIKWpE2fNI4fmQ-rFG6c=) entered vehicle Range Rover Evoque 2016 (Gold) (id=6C18DFC7E04093BC2E7425BDD53D57A4 pos=<3697.74, 402.02, 5993.84>) as passenger
14:33:35.828 [VehicleEnter] Player "dusty" (id=b1H3aMFzk1PEuZ7T7R9ULx5v8FnNYUClXZQ1rumetHE=) entered vehicle Range Rover Evoque 2016 (Gold) (id=6C18DFC7E04093BC2E7425BDD53D57A4 pos=<3697.74, 402.02, 5993.84>) as driver
14:33:39.688 [VehicleEngine] Player "dusty" (id=b1H3aMFzk1PEuZ7T7R9ULx5v8FnNYUClXZQ1rumetHE=) started vehicle Range Rover Evoque 2016 (Gold) (id=6C18DFC7E04093BC2E7425BDD53D57A4 pos=<3697.72, 402.02, 5993.84>)
14:34:27.847 [Safezone] Player "Survivor" (id=EjmwRFPqN8k5qPn9W0YqPUleIKWpE2fNI4fmQ-rFG6c= pos=<3201.59, 355.89, 6545.13>) left the safezone
14:34:27.847 [Safezone] Player "dusty" (id=b1H3aMFzk1PEuZ7T7R9ULx5v8FnNYUClXZQ1rumetHE= pos=<3200.97, 355.94, 6544.53>) left the safezone
14:34:58.862 [VehicleEngine] Player "dusty" (id=b1H3aMFzk1PEuZ7T7R9ULx5v8FnNYUClXZQ1rumetHE=) stopped vehicle Range Rover Evoque 2016 (Gold) (id=6C18DFC7E04093BC2E7425BDD53D57A4 pos=<2776.22, 367.59, 6743.06>)
14:35:07.563 [VehicleLeave] Player "dusty" (id=b1H3aMFzk1PEuZ7T7R9ULx5v8FnNYUClXZQ1rumetHE=) left vehicle Range Rover Evoque 2016 (Gold) (id=6C18DFC7E04093BC2E7425BDD53D57A4 pos=<2776.15, 367.56, 6744.08>)
14:37:21.794 [VehicleEnter] Player "dusty" (id=b1H3aMFzk1PEuZ7T7R9ULx5v8FnNYUClXZQ1rumetHE=) entered vehicle Range Rover Evoque 2016 (Gold) (id=6C18DFC7E04093BC2E7425BDD53D57A4 pos=<2776.15, 367.55, 6744.11>) as driver
14:37:25.998 [VehicleLeave] Player "dusty" (id=b1H3aMFzk1PEuZ7T7R9ULx5v8FnNYUClXZQ1rumetHE=) left vehicle Range Rover Evoque 2016 (Gold) (id=6C18DFC7E04093BC2E7425BDD53D57A4 pos=<2776.14, 367.55, 6744.19>)
14:37:51.226 [VehicleEnter] Player "dusty" (id=b1H3aMFzk1PEuZ7T7R9ULx5v8FnNYUClXZQ1rumetHE=) entered vehicle Range Rover Evoque 2016 (Gold) (id=6C18DFC7E04093BC2E7425BDD53D57A4 pos=<2776.14, 367.55, 6744.22>) as driver
14:37:52.994 [VehicleLeave] Player "dusty" (id=b1H3aMFzk1PEuZ7T7R9ULx5v8FnNYUClXZQ1rumetHE=) left vehicle Range Rover Evoque 2016 (Gold) (id=6C18DFC7E04093BC2E7425BDD53D57A4 pos=<2776.14, 367.55, 6744.25>)
14:38:08.416 [VehicleEnter] Player "dusty" (id=b1H3aMFzk1PEuZ7T7R9ULx5v8FnNYUClXZQ1rumetHE=) entered vehicle Range Rover Evoque 2016 (Gold) (id=6C18DFC7E04093BC2E7425BDD53D57A4 pos=<2776.14, 367.54, 6744.28>) as driver
14:38:42.962 [VehicleEngine] Player "dusty" (id=b1H3aMFzk1PEuZ7T7R9ULx5v8FnNYUClXZQ1rumetHE=) started vehicle Range Rover Evoque 2016 (Gold) (id=6C18DFC7E04093BC2E7425BDD53D57A4 pos=<2776.14, 367.5, 6744.94>)
14:41:23.287 [VehicleEngine] Player "dusty" (id=b1H3aMFzk1PEuZ7T7R9ULx5v8FnNYUClXZQ1rumetHE=) stopped vehicle Range Rover Evoque 2016 (Gold) (id=6C18DFC7E04093BC2E7425BDD53D57A4 pos=<4540.51, 317.69, 8437.76>)
14:41:27.289 [VehicleLeave] Player "dusty" (id=b1H3aMFzk1PEuZ7T7R9ULx5v8FnNYUClXZQ1rumetHE=) left vehicle Range Rover Evoque 2016 (Gold) (id=6C18DFC7E04093BC2E7425BDD53D57A4 pos=<4540.51, 317.69, 8437.76>)
14:42:34.186 [VehicleLeave] Player "Survivor" (id=EjmwRFPqN8k5qPn9W0YqPUleIKWpE2fNI4fmQ-rFG6c=) left vehicle Range Rover Evoque 2016 (Gold) (id=6C18DFC7E04093BC2E7425BDD53D57A4 pos=<4540.51, 317.69, 8437.76>)
14:42:36.559 [VehicleAttachments] Player "Survivor" (id=EjmwRFPqN8k5qPn9W0YqPUleIKWpE2fNI4fmQ-rFG6c=) detached RR Evoque 2016 CoDriver Door (Gold) (type=LANEvoque2016_CoDriver_Gold) from vehicle Range Rover Evoque 2016 (Gold) (id=6C18DFC7E04093BC2E7425BDD53D57A4 pos=<4540.51, 317.69, 8437.76>)
14:48:03.900 [VehicleDeleted] LANEvoque2016_Gold (id=6C18DFC7E04093BC2E7425BDD53D57A4 pos=<4540.51, 317.69, 8437.76>)
14:54:04.161 [VehicleCover] Player "Survivor" (id=EjmwRFPqN8k5qPn9W0YqPUleIKWpE2fNI4fmQ-rFG6c= pos=<4540.52, 317.71, 8439.75>) uncovered vehicle "LANEvoque2016_Gold" (GlobalID=80000000800000008000000080000000 pos=<4540.51, 317.69, 8437.76>)!
14:54:11.477 [VehicleEnter] Player "Survivor" (id=EjmwRFPqN8k5qPn9W0YqPUleIKWpE2fNI4fmQ-rFG6c=) entered vehicle Range Rover Evoque 2016 (Gold) (id=AECA6FE6194B07A43BDB5197A7ADB2A9 pos=<4540.51, 317.69, 8437.76>) as passenger
14:55:01.863 [VehicleLeave] Player "Survivor" (id=EjmwRFPqN8k5qPn9W0YqPUleIKWpE2fNI4fmQ-rFG6c=) left vehicle Range Rover Evoque 2016 (Gold) (id=AECA6FE6194B07A43BDB5197A7ADB2A9 pos=<4540.51, 317.69, 8437.76>)
14:59:52.738 [VehicleEnter] Player "dusty" (id=b1H3aMFzk1PEuZ7T7R9ULx5v8FnNYUClXZQ1rumetHE=) entered vehicle Range Rover Evoque 2016 (Gold) (id=AECA6FE6194B07A43BDB5197A7ADB2A9 pos=<4540.51, 317.69, 8437.76>) as driver
14:59:57.062 [VehicleEngine] Player "dusty" (id=b1H3aMFzk1PEuZ7T7R9ULx5v8FnNYUClXZQ1rumetHE=) started vehicle Range Rover Evoque 2016 (Gold) (id=AECA6FE6194B07A43BDB5197A7ADB2A9 pos=<4540.51, 317.69, 8437.76>)
15:02:48.912 [VehicleEngine] Player "dusty" (id=b1H3aMFzk1PEuZ7T7R9ULx5v8FnNYUClXZQ1rumetHE=) stopped vehicle Range Rover Evoque 2016 (Gold) (id=AECA6FE6194B07A43BDB5197A7ADB2A9 pos=<4270.69, 338.4, 11039.2>)
15:02:52.732 [VehicleLeave] Player "dusty" (id=b1H3aMFzk1PEuZ7T7R9ULx5v8FnNYUClXZQ1rumetHE=) left vehicle Range Rover Evoque 2016 (Gold) (id=AECA6FE6194B07A43BDB5197A7ADB2A9 pos=<4270.69, 338.4, 11039.2>)
15:07:30.624 [VehicleEnter] Player "dusty" (id=b1H3aMFzk1PEuZ7T7R9ULx5v8FnNYUClXZQ1rumetHE=) entered vehicle Range Rover Evoque 2016 (Gold) (id=AECA6FE6194B07A43BDB5197A7ADB2A9 pos=<4270.69, 338.4, 11039.2>) as driver
15:07:36.637 [VehicleEngine] Player "dusty" (id=b1H3aMFzk1PEuZ7T7R9ULx5v8FnNYUClXZQ1rumetHE=) started vehicle Range Rover Evoque 2016 (Gold) (id=AECA6FE6194B07A43BDB5197A7ADB2A9 pos=<4270.69, 338.4, 11039.2>)
15:08:24.862 [VehicleEngine] Player "dusty" (id=b1H3aMFzk1PEuZ7T7R9ULx5v8FnNYUClXZQ1rumetHE=) stopped vehicle Range Rover Evoque 2016 (Gold) (id=AECA6FE6194B07A43BDB5197A7ADB2A9 pos=<4664.14, 339.1, 10345.5>)
15:08:28.055 [VehicleLeave] Player "dusty" (id=b1H3aMFzk1PEuZ7T7R9ULx5v8FnNYUClXZQ1rumetHE=) left vehicle Range Rover Evoque 2016 (Gold) (id=AECA6FE6194B07A43BDB5197A7ADB2A9 pos=<4664.13, 339.1, 10345.5>)
15:09:27.221 [VehicleEnter] Player "dusty" (id=b1H3aMFzk1PEuZ7T7R9ULx5v8FnNYUClXZQ1rumetHE=) entered vehicle Range Rover Evoque 2016 (Gold) (id=AECA6FE6194B07A43BDB5197A7ADB2A9 pos=<4664.13, 339.1, 10345.5>) as driver
15:09:29.362 [VehicleEngine] Player "dusty" (id=b1H3aMFzk1PEuZ7T7R9ULx5v8FnNYUClXZQ1rumetHE=) started vehicle Range Rover Evoque 2016 (Gold) (id=AECA6FE6194B07A43BDB5197A7ADB2A9 pos=<4664.12, 339.1, 10345.5>)
15:09:53.712 [VehicleEngine] Player "dusty" (id=b1H3aMFzk1PEuZ7T7R9ULx5v8FnNYUClXZQ1rumetHE=) stopped vehicle Range Rover Evoque 2016 (Gold) (id=AECA6FE6194B07A43BDB5197A7ADB2A9 pos=<4751.93, 339.19, 10138.7>)
15:09:56.824 [VehicleLeave] Player "dusty" (id=b1H3aMFzk1PEuZ7T7R9ULx5v8FnNYUClXZQ1rumetHE=) left vehicle Range Rover Evoque 2016 (Gold) (id=AECA6FE6194B07A43BDB5197A7ADB2A9 pos=<4751.92, 339.18, 10138.7>)
15:10:59.057 [VehicleEnter] Player "dusty" (id=b1H3aMFzk1PEuZ7T7R9ULx5v8FnNYUClXZQ1rumetHE=) entered vehicle Range Rover Evoque 2016 (Gold) (id=AECA6FE6194B07A43BDB5197A7ADB2A9 pos=<4751.92, 339.18, 10138.7>) as driver
15:11:01.737 [VehicleEngine] Player "dusty" (id=b1H3aMFzk1PEuZ7T7R9ULx5v8FnNYUClXZQ1rumetHE=) started vehicle Range Rover Evoque 2016 (Gold) (id=AECA6FE6194B07A43BDB5197A7ADB2A9 pos=<4751.92, 339.18, 10138.7>)
15:11:15.537 [VehicleEngine] Player "dusty" (id=b1H3aMFzk1PEuZ7T7R9ULx5v8FnNYUClXZQ1rumetHE=) stopped vehicle Range Rover Evoque 2016 (Gold) (id=AECA6FE6194B07A43BDB5197A7ADB2A9 pos=<4810.19, 339.19, 10038.7>)
15:11:18.723 [VehicleLeave] Player "dusty" (id=b1H3aMFzk1PEuZ7T7R9ULx5v8FnNYUClXZQ1rumetHE=) left vehicle Range Rover Evoque 2016 (Gold) (id=AECA6FE6194B07A43BDB5197A7ADB2A9 pos=<4810.19, 339.19, 10038.7>)
15:12:35.319 [VehicleEnter] Player "dusty" (id=b1H3aMFzk1PEuZ7T7R9ULx5v8FnNYUClXZQ1rumetHE=) entered vehicle Range Rover Evoque 2016 (Gold) (id=AECA6FE6194B07A43BDB5197A7ADB2A9 pos=<4810.18, 339.19, 10038.8>) as driver
15:12:41.762 [VehicleEngine] Player "dusty" (id=b1H3aMFzk1PEuZ7T7R9ULx5v8FnNYUClXZQ1rumetHE=) started vehicle Range Rover Evoque 2016 (Gold) (id=AECA6FE6194B07A43BDB5197A7ADB2A9 pos=<4810.18, 339.19, 10038.8>)
15:16:02.912 [VehicleEngine] Player "dusty" (id=b1H3aMFzk1PEuZ7T7R9ULx5v8FnNYUClXZQ1rumetHE=) stopped vehicle Range Rover Evoque 2016 (Gold) (id=AECA6FE6194B07A43BDB5197A7ADB2A9 pos=<4520.87, 317.86, 8469.84>)
15:36:55.099 [Expansion Quests] Initialize quest system on the connected client with UID=EjmwRFPqN8k5qPn9W0YqPUleIKWpE2fNI4fmQ-rFG6c=
15:36:55.108 [Expansion Quests] Loaded existing player quest data for player with UID=EjmwRFPqN8k5qPn9W0YqPUleIKWpE2fNI4fmQ-rFG6c=
15:36:55.108 [Expansion Quests] Created new persistent group quest data for group with ID=5719501
15:36:55.108 [Expansion Quests] Check quest initialization for quest with ID=1 | State=COMPLETED | Player UID=EjmwRFPqN8k5qPn9W0YqPUleIKWpE2fNI4fmQ-rFG6c=
15:36:55.109 [Expansion Quests] Sending EjmwRFPqN8k5qPn9W0YqPUleIKWpE2fNI4fmQ-rFG6c= quest configs to client for player with UID=EjmwRFPqN8k5qPn9W0YqPUleIKWpE2fNI4fmQ-rFG6c=
15:36:55.109 [Expansion Quests] Sending player quest data for 1 quests to player with UID=EjmwRFPqN8k5qPn9W0YqPUleIKWpE2fNI4fmQ-rFG6c=
15:37:37.746 [VehicleEnter] Player "Survivor" (id=EjmwRFPqN8k5qPn9W0YqPUleIKWpE2fNI4fmQ-rFG6c=) entered vehicle Range Rover Evoque 2016 (Gold) (id=AECA6FE6194B07A43BDB5197A7ADB2A9 pos=<4520.87, 317.86, 8469.84>) as passenger
15:37:40.537 [VehicleEngine] Player "dusty" (id=b1H3aMFzk1PEuZ7T7R9ULx5v8FnNYUClXZQ1rumetHE=) started vehicle Range Rover Evoque 2016 (Gold) (id=AECA6FE6194B07A43BDB5197A7ADB2A9 pos=<4520.87, 317.86, 8469.84>)
15:41:28.227 [Safezone] Player "Survivor" (id=EjmwRFPqN8k5qPn9W0YqPUleIKWpE2fNI4fmQ-rFG6c= pos=<3450.26, 345.32, 6399.62>) entered the safezone
15:41:28.419 [Safezone] Player "dusty" (id=b1H3aMFzk1PEuZ7T7R9ULx5v8FnNYUClXZQ1rumetHE= pos=<3455.31, 345.31, 6397.42>) entered the safezone
15:41:57.612 [VehicleEngine] Player "dusty" (id=b1H3aMFzk1PEuZ7T7R9ULx5v8FnNYUClXZQ1rumetHE=) stopped vehicle Range Rover Evoque 2016 (Gold) (id=AECA6FE6194B07A43BDB5197A7ADB2A9 pos=<3737.96, 402.55, 6000.19>)
15:42:01.270 [VehicleLeave] Player "Survivor" (id=EjmwRFPqN8k5qPn9W0YqPUleIKWpE2fNI4fmQ-rFG6c=) left vehicle Range Rover Evoque 2016 (Gold) (id=AECA6FE6194B07A43BDB5197A7ADB2A9 pos=<3737.91, 402.55, 6000.26>)
15:42:03.523 [VehicleLeave] Player "dusty" (id=b1H3aMFzk1PEuZ7T7R9ULx5v8FnNYUClXZQ1rumetHE=) left vehicle Range Rover Evoque 2016 (Gold) (id=AECA6FE6194B07A43BDB5197A7ADB2A9 pos=<3737.88, 402.54, 6000.29>)
15:42:17.587 [VehicleCarKey] Player "dusty" (id=b1H3aMFzk1PEuZ7T7R9ULx5v8FnNYUClXZQ1rumetHE= pos=<3735.58, 402.48, 6000.08>) used ExpansionCarKey to lock LANEvoque2016_Gold (id=AECA6FE6194B07A43BDB5197A7ADB2A9 pos=<3737.88, 402.54, 6000.29>)
15:42:20.786 [VehicleCarKey] Player "dusty" (id=b1H3aMFzk1PEuZ7T7R9ULx5v8FnNYUClXZQ1rumetHE= pos=<3735.82, 402.51, 5999.71>) used ExpansionCarKey to unlock LANEvoque2016_Gold (id=AECA6FE6194B07A43BDB5197A7ADB2A9 pos=<3737.88, 402.54, 6000.29>)
15:42:28.157 [VehicleCarKey] Player "dusty" (id=b1H3aMFzk1PEuZ7T7R9ULx5v8FnNYUClXZQ1rumetHE= pos=<3735.77, 402.52, 5999.09>) used ExpansionCarKey to lock LANEvoque2016_Gold (id=AECA6FE6194B07A43BDB5197A7ADB2A9 pos=<3737.88, 402.54, 6000.29>)
15:43:04.694 [Market] Player "dusty" (id=b1H3aMFzk1PEuZ7T7R9ULx5v8FnNYUClXZQ1rumetHE=) has sold a6_elcanspecteroptic_tan x1 (b6718490) at the trader "Safezone ( [Safezone])" in market zone "Green Mountain" (pos=<3720.000000, 115.783501, 6006.666992>) and got 23800.
15:43:05.338 [Market] Player "dusty" (id=b1H3aMFzk1PEuZ7T7R9ULx5v8FnNYUClXZQ1rumetHE=) has sold a6_hamr_optic x1 (1fb651f0) at the trader "Safezone ( [Safezone])" in market zone "Green Mountain" (pos=<3720.000000, 115.783501, 6006.666992>) and got 23800.
15:43:06.009 [Market] Player "dusty" (id=b1H3aMFzk1PEuZ7T7R9ULx5v8FnNYUClXZQ1rumetHE=) has sold a6_razor_amg_optic x1 (bab52470) at the trader "Safezone ( [Safezone])" in market zone "Green Mountain" (pos=<3720.000000, 115.783501, 6006.666992>) and got 30800.
15:43:07.261 [Market] Player "dusty" (id=b1H3aMFzk1PEuZ7T7R9ULx5v8FnNYUClXZQ1rumetHE=) has sold a6_schmidtbenderpmii_tan_optic x1 (a95dacc0) at the trader "Safezone ( [Safezone])" in market zone "Green Mountain" (pos=<3720.000000, 115.783501, 6006.666992>) and got 16800.
15:43:10.744 [Market] Player "dusty" (id=b1H3aMFzk1PEuZ7T7R9ULx5v8FnNYUClXZQ1rumetHE=) has sold a6_vortexrazorgeniioptic x1 (25c8da40) at the trader "Safezone ( [Safezone])" in market zone "Green Mountain" (pos=<3720.000000, 115.783501, 6006.666992>) and got 30800.
15:43:31.884 [VehicleCarKey] Player "dusty" (id=b1H3aMFzk1PEuZ7T7R9ULx5v8FnNYUClXZQ1rumetHE= pos=<3735.88, 402.36, 6003.18>) used ExpansionCarKey to unlock LANEvoque2016_Gold (id=AECA6FE6194B07A43BDB5197A7ADB2A9 pos=<3737.88, 402.54, 6000.29>)
15:45:29.777 [Market] Player "dusty" (id=b1H3aMFzk1PEuZ7T7R9ULx5v8FnNYUClXZQ1rumetHE=) has bought a6_mk12 x1 (c9d1bd40) from the trader "Safezone ( [Safezone])" in market zone "Green Mountain" (pos=<3720.000000, 115.783501, 6006.666992>) for a price of 120000.
15:45:41.064 [VehicleEnter] Player "Survivor" (id=EjmwRFPqN8k5qPn9W0YqPUleIKWpE2fNI4fmQ-rFG6c=) entered vehicle Range Rover Evoque 2016 (Gold) (id=AECA6FE6194B07A43BDB5197A7ADB2A9 pos=<3737.88, 402.54, 6000.29>) as passenger
15:46:05.271 [Market] Player "dusty" (id=b1H3aMFzk1PEuZ7T7R9ULx5v8FnNYUClXZQ1rumetHE=) has bought ammo_762x54hpbt x1 (ce5cdb90) from the trader "Safezone ( [Safezone])" in market zone "Green Mountain" (pos=<3720.000000, 115.783501, 6006.666992>) for a price of 200.
15:46:38.160 [VehicleLeave] Player "Survivor" (id=EjmwRFPqN8k5qPn9W0YqPUleIKWpE2fNI4fmQ-rFG6c=) left vehicle Range Rover Evoque 2016 (Gold) (id=AECA6FE6194B07A43BDB5197A7ADB2A9 pos=<3737.88, 402.54, 6000.29>)
15:46:48.414 [Market] Player "dusty" (id=b1H3aMFzk1PEuZ7T7R9ULx5v8FnNYUClXZQ1rumetHE=) has bought ammo_556x45fmj x1 (b41efcc0) from the trader "Safezone ( [Safezone])" in market zone "Green Mountain" (pos=<3720.000000, 115.783501, 6006.666992>) for a price of 140.
15:51:37.197 [VehicleEnter] Player "dusty" (id=b1H3aMFzk1PEuZ7T7R9ULx5v8FnNYUClXZQ1rumetHE=) entered vehicle Range Rover Evoque 2016 (Gold) (id=AECA6FE6194B07A43BDB5197A7ADB2A9 pos=<3737.88, 402.54, 6000.29>) as passenger
15:51:40.182 [VehicleEnter] Player "Survivor" (id=EjmwRFPqN8k5qPn9W0YqPUleIKWpE2fNI4fmQ-rFG6c=) entered vehicle Range Rover Evoque 2016 (Gold) (id=AECA6FE6194B07A43BDB5197A7ADB2A9 pos=<3737.86, 402.54, 6000.32>) as driver
15:51:44.987 [VehicleEngine] Player "Survivor" (id=EjmwRFPqN8k5qPn9W0YqPUleIKWpE2fNI4fmQ-rFG6c=) started vehicle Range Rover Evoque 2016 (Gold) (id=AECA6FE6194B07A43BDB5197A7ADB2A9 pos=<3737.79, 402.54, 6000.4>)
15:52:48.530 [Safezone] Player "dusty" (id=b1H3aMFzk1PEuZ7T7R9ULx5v8FnNYUClXZQ1rumetHE= pos=<4273.76, 331.7, 5518.96>) left the safezone
15:52:49.250 [Safezone] Player "Survivor" (id=EjmwRFPqN8k5qPn9W0YqPUleIKWpE2fNI4fmQ-rFG6c= pos=<4281.85, 331.31, 5512.54>) left the safezone
16:06:08.162 [VehicleEngine] Player "Survivor" (id=EjmwRFPqN8k5qPn9W0YqPUleIKWpE2fNI4fmQ-rFG6c=) stopped vehicle Range Rover Evoque 2016 (Gold) (id=AECA6FE6194B07A43BDB5197A7ADB2A9 pos=<1482.31, 461.3, 14441>)
16:06:15.913 [VehicleLeave] Player "dusty" (id=b1H3aMFzk1PEuZ7T7R9ULx5v8FnNYUClXZQ1rumetHE=) left vehicle Range Rover Evoque 2016 (Gold) (id=AECA6FE6194B07A43BDB5197A7ADB2A9 pos=<1482.45, 461.29, 14441.2>)
16:06:16.451 [VehicleLeave] Player "Survivor" (id=EjmwRFPqN8k5qPn9W0YqPUleIKWpE2fNI4fmQ-rFG6c=) left vehicle Range Rover Evoque 2016 (Gold) (id=AECA6FE6194B07A43BDB5197A7ADB2A9 pos=<1482.46, 461.29, 14441.2>)
16:10:19.011 [VehicleEnter] Player "dusty" (id=b1H3aMFzk1PEuZ7T7R9ULx5v8FnNYUClXZQ1rumetHE=) entered vehicle Range Rover Evoque 2016 (Gold) (id=AECA6FE6194B07A43BDB5197A7ADB2A9 pos=<1482.49, 461.29, 14441.2>) as driver
16:10:26.083 [VehicleEnter] Player "Survivor" (id=EjmwRFPqN8k5qPn9W0YqPUleIKWpE2fNI4fmQ-rFG6c=) entered vehicle Range Rover Evoque 2016 (Gold) (id=AECA6FE6194B07A43BDB5197A7ADB2A9 pos=<1482.62, 461.27, 14441.4>) as passenger
16:10:29.737 [VehicleEngine] Player "dusty" (id=b1H3aMFzk1PEuZ7T7R9ULx5v8FnNYUClXZQ1rumetHE=) started vehicle Range Rover Evoque 2016 (Gold) (id=AECA6FE6194B07A43BDB5197A7ADB2A9 pos=<1482.69, 461.27, 14441.5>)
16:11:19.875 [VehicleEngine] Player "NULL" (id=NULL) stopped vehicle Range Rover Evoque 2016 (Gold) (id=AECA6FE6194B07A43BDB5197A7ADB2A9 pos=<1729.84, 451.75, 14300>)
16:11:20.009 [VehicleLeave] Player "dusty" (id=b1H3aMFzk1PEuZ7T7R9ULx5v8FnNYUClXZQ1rumetHE=) left vehicle Range Rover Evoque 2016 (Gold) (id=AECA6FE6194B07A43BDB5197A7ADB2A9 pos=<1729.85, 451.75, 14300>)
16:11:26.739 [VehicleLeave] Player "Survivor" (id=EjmwRFPqN8k5qPn9W0YqPUleIKWpE2fNI4fmQ-rFG6c=) left vehicle Range Rover Evoque 2016 (Gold) (id=AECA6FE6194B07A43BDB5197A7ADB2A9 pos=<1729.84, 451.75, 14300>)
16:15:15.708 [VehicleEnter] Player "dusty" (id=b1H3aMFzk1PEuZ7T7R9ULx5v8FnNYUClXZQ1rumetHE=) entered vehicle Range Rover Evoque 2016 (Gold) (id=AECA6FE6194B07A43BDB5197A7ADB2A9 pos=<1729.85, 451.75, 14300>) as driver
16:15:18.462 [VehicleEngine] Player "dusty" (id=b1H3aMFzk1PEuZ7T7R9ULx5v8FnNYUClXZQ1rumetHE=) started vehicle Range Rover Evoque 2016 (Gold) (id=AECA6FE6194B07A43BDB5197A7ADB2A9 pos=<1729.87, 451.75, 14300>)
16:15:40.187 [VehicleEngine] Player "dusty" (id=b1H3aMFzk1PEuZ7T7R9ULx5v8FnNYUClXZQ1rumetHE=) stopped vehicle Range Rover Evoque 2016 (Gold) (id=AECA6FE6194B07A43BDB5197A7ADB2A9 pos=<1684.4, 451.75, 14150.6>)
16:15:43.638 [VehicleLeave] Player "dusty" (id=b1H3aMFzk1PEuZ7T7R9ULx5v8FnNYUClXZQ1rumetHE=) left vehicle Range Rover Evoque 2016 (Gold) (id=AECA6FE6194B07A43BDB5197A7ADB2A9 pos=<1684.4, 451.75, 14150.6>)
16:17:21.773 [VehicleEnter] Player "dusty" (id=b1H3aMFzk1PEuZ7T7R9ULx5v8FnNYUClXZQ1rumetHE=) entered vehicle Range Rover Evoque 2016 (Gold) (id=AECA6FE6194B07A43BDB5197A7ADB2A9 pos=<1684.39, 451.75, 14150.6>) as driver
16:17:58.412 [VehicleEngine] Player "dusty" (id=b1H3aMFzk1PEuZ7T7R9ULx5v8FnNYUClXZQ1rumetHE=) started vehicle Range Rover Evoque 2016 (Gold) (id=AECA6FE6194B07A43BDB5197A7ADB2A9 pos=<1684.32, 451.75, 14150.6>)
16:19:26.462 [VehicleEngine] Player "dusty" (id=b1H3aMFzk1PEuZ7T7R9ULx5v8FnNYUClXZQ1rumetHE=) stopped vehicle Range Rover Evoque 2016 (Gold) (id=AECA6FE6194B07A43BDB5197A7ADB2A9 pos=<1732.98, 450.01, 14006.4>)
16:19:29.397 [VehicleLeave] Player "dusty" (id=b1H3aMFzk1PEuZ7T7R9ULx5v8FnNYUClXZQ1rumetHE=) left vehicle Range Rover Evoque 2016 (Gold) (id=AECA6FE6194B07A43BDB5197A7ADB2A9 pos=<1732.98, 450.01, 14006.4>)
16:20:29.145 [VehicleEnter] Player "Survivor" (id=EjmwRFPqN8k5qPn9W0YqPUleIKWpE2fNI4fmQ-rFG6c=) entered vehicle Range Rover Evoque 2016 (Gold) (id=AECA6FE6194B07A43BDB5197A7ADB2A9 pos=<1732.98, 450.01, 14006.4>) as passenger
16:20:47.367 [VehicleEnter] Player "dusty" (id=b1H3aMFzk1PEuZ7T7R9ULx5v8FnNYUClXZQ1rumetHE=) entered vehicle Range Rover Evoque 2016 (Gold) (id=AECA6FE6194B07A43BDB5197A7ADB2A9 pos=<1732.99, 450.01, 14006.4>) as driver
16:20:50.162 [VehicleEngine] Player "dusty" (id=b1H3aMFzk1PEuZ7T7R9ULx5v8FnNYUClXZQ1rumetHE=) started vehicle Range Rover Evoque 2016 (Gold) (id=AECA6FE6194B07A43BDB5197A7ADB2A9 pos=<1732.99, 450.01, 14006.4>)
16:21:03.487 [VehicleEngine] Player "dusty" (id=b1H3aMFzk1PEuZ7T7R9ULx5v8FnNYUClXZQ1rumetHE=) stopped vehicle Range Rover Evoque 2016 (Gold) (id=AECA6FE6194B07A43BDB5197A7ADB2A9 pos=<1688.86, 449.44, 13989.5>)
16:21:05.810 [VehicleLeave] Player "Survivor" (id=EjmwRFPqN8k5qPn9W0YqPUleIKWpE2fNI4fmQ-rFG6c=) left vehicle Range Rover Evoque 2016 (Gold) (id=AECA6FE6194B07A43BDB5197A7ADB2A9 pos=<1688.9, 449.44, 13989.5>)
16:21:07.060 [VehicleLeave] Player "dusty" (id=b1H3aMFzk1PEuZ7T7R9ULx5v8FnNYUClXZQ1rumetHE=) left vehicle Range Rover Evoque 2016 (Gold) (id=AECA6FE6194B07A43BDB5197A7ADB2A9 pos=<1688.92, 449.44, 13989.5>)
16:22:14.315 [VehicleEnter] Player "Survivor" (id=EjmwRFPqN8k5qPn9W0YqPUleIKWpE2fNI4fmQ-rFG6c=) entered vehicle Range Rover Evoque 2016 (Gold) (id=AECA6FE6194B07A43BDB5197A7ADB2A9 pos=<1688.92, 449.44, 13989.5>) as passenger
16:23:12.596 [VehicleEnter] Player "dusty" (id=b1H3aMFzk1PEuZ7T7R9ULx5v8FnNYUClXZQ1rumetHE=) entered vehicle Range Rover Evoque 2016 (Gold) (id=AECA6FE6194B07A43BDB5197A7ADB2A9 pos=<1688.94, 449.43, 13989.5>) as driver
16:23:14.262 [VehicleEngine] Player "dusty" (id=b1H3aMFzk1PEuZ7T7R9ULx5v8FnNYUClXZQ1rumetHE=) started vehicle Range Rover Evoque 2016 (Gold) (id=AECA6FE6194B07A43BDB5197A7ADB2A9 pos=<1688.96, 449.43, 13989.5>)
16:24:05.462 [VehicleEngine] Player "dusty" (id=b1H3aMFzk1PEuZ7T7R9ULx5v8FnNYUClXZQ1rumetHE=) stopped vehicle Range Rover Evoque 2016 (Gold) (id=AECA6FE6194B07A43BDB5197A7ADB2A9 pos=<1519.32, 439.04, 13570.1>)
16:24:08.794 [VehicleLeave] Player "dusty" (id=b1H3aMFzk1PEuZ7T7R9ULx5v8FnNYUClXZQ1rumetHE=) left vehicle Range Rover Evoque 2016 (Gold) (id=AECA6FE6194B07A43BDB5197A7ADB2A9 pos=<1519.33, 439.05, 13570.1>)
16:24:11.865 [VehicleLeave] Player "Survivor" (id=EjmwRFPqN8k5qPn9W0YqPUleIKWpE2fNI4fmQ-rFG6c=) left vehicle Range Rover Evoque 2016 (Gold) (id=AECA6FE6194B07A43BDB5197A7ADB2A9 pos=<1519.33, 439.05, 13570.1>)
16:28:24.734 [VehicleEnter] Player "dusty" (id=b1H3aMFzk1PEuZ7T7R9ULx5v8FnNYUClXZQ1rumetHE=) entered vehicle Range Rover Evoque 2016 (Gold) (id=AECA6FE6194B07A43BDB5197A7ADB2A9 pos=<1519.34, 439.05, 13570.1>) as driver
16:28:25.276 [VehicleEnter] Player "Survivor" (id=EjmwRFPqN8k5qPn9W0YqPUleIKWpE2fNI4fmQ-rFG6c=) entered vehicle Range Rover Evoque 2016 (Gold) (id=AECA6FE6194B07A43BDB5197A7ADB2A9 pos=<1519.34, 439.05, 13570.1>) as passenger
16:28:29.137 [VehicleEngine] Player "dusty" (id=b1H3aMFzk1PEuZ7T7R9ULx5v8FnNYUClXZQ1rumetHE=) started vehicle Range Rover Evoque 2016 (Gold) (id=AECA6FE6194B07A43BDB5197A7ADB2A9 pos=<1519.35, 439.05, 13570.1>)
16:33:35.137 [VehicleEngine] Player "dusty" (id=b1H3aMFzk1PEuZ7T7R9ULx5v8FnNYUClXZQ1rumetHE=) stopped vehicle Range Rover Evoque 2016 (Gold) (id=AECA6FE6194B07A43BDB5197A7ADB2A9 pos=<2450.97, 246.93, 11840.1>)
16:33:37.679 [VehicleLeave] Player "Survivor" (id=EjmwRFPqN8k5qPn9W0YqPUleIKWpE2fNI4fmQ-rFG6c=) left vehicle Range Rover Evoque 2016 (Gold) (id=AECA6FE6194B07A43BDB5197A7ADB2A9 pos=<2450.97, 246.93, 11840.1>)
16:33:47.319 [VehicleLeave] Player "dusty" (id=b1H3aMFzk1PEuZ7T7R9ULx5v8FnNYUClXZQ1rumetHE=) left vehicle Range Rover Evoque 2016 (Gold) (id=AECA6FE6194B07A43BDB5197A7ADB2A9 pos=<2450.98, 246.93, 11840.1>)
16:34:00.818 [VehicleEnter] Player "dusty" (id=b1H3aMFzk1PEuZ7T7R9ULx5v8FnNYUClXZQ1rumetHE=) entered vehicle Range Rover Evoque 2016 (Gold) (id=AECA6FE6194B07A43BDB5197A7ADB2A9 pos=<2450.31, 246.54, 11840>) as passenger
16:34:03.382 [VehicleLeave] Player "dusty" (id=b1H3aMFzk1PEuZ7T7R9ULx5v8FnNYUClXZQ1rumetHE=) left vehicle Range Rover Evoque 2016 (Gold) (id=AECA6FE6194B07A43BDB5197A7ADB2A9 pos=<2450.31, 246.54, 11840>)
16:34:07.215 [VehicleEnter] Player "dusty" (id=b1H3aMFzk1PEuZ7T7R9ULx5v8FnNYUClXZQ1rumetHE=) entered vehicle Range Rover Evoque 2016 (Gold) (id=AECA6FE6194B07A43BDB5197A7ADB2A9 pos=<2450.31, 246.54, 11840>) as passenger
16:34:08.081 [VehicleEnter] Player "dusty" (id=b1H3aMFzk1PEuZ7T7R9ULx5v8FnNYUClXZQ1rumetHE=) switched seats in vehicle Range Rover Evoque 2016 (Gold) (id=AECA6FE6194B07A43BDB5197A7ADB2A9 pos=<2450.31, 246.54, 11840>) to driver
16:34:11.795 [VehicleEnter] Player "Survivor" (id=EjmwRFPqN8k5qPn9W0YqPUleIKWpE2fNI4fmQ-rFG6c=) entered vehicle Range Rover Evoque 2016 (Gold) (id=AECA6FE6194B07A43BDB5197A7ADB2A9 pos=<2450.38, 246.53, 11840.1>) as passenger
16:34:13.462 [VehicleEngine] Player "dusty" (id=b1H3aMFzk1PEuZ7T7R9ULx5v8FnNYUClXZQ1rumetHE=) started vehicle Range Rover Evoque 2016 (Gold) (id=AECA6FE6194B07A43BDB5197A7ADB2A9 pos=<2450.4, 246.53, 11840.1>)
16:42:42.859 [Safezone] Player "Survivor" (id=EjmwRFPqN8k5qPn9W0YqPUleIKWpE2fNI4fmQ-rFG6c= pos=<8491.94, 393.49, 9466.22>) entered the safezone
16:42:43.027 [Safezone] Player "dusty" (id=b1H3aMFzk1PEuZ7T7R9ULx5v8FnNYUClXZQ1rumetHE= pos=<8490.49, 393.8, 9463.46>) entered the safezone
16:43:17.987 [VehicleEngine] Player "dusty" (id=b1H3aMFzk1PEuZ7T7R9ULx5v8FnNYUClXZQ1rumetHE=) stopped vehicle Range Rover Evoque 2016 (Gold) (id=AECA6FE6194B07A43BDB5197A7ADB2A9 pos=<8161.91, 474.06, 9094.91>)
16:43:20.872 [VehicleLeave] Player "dusty" (id=b1H3aMFzk1PEuZ7T7R9ULx5v8FnNYUClXZQ1rumetHE=) left vehicle Range Rover Evoque 2016 (Gold) (id=AECA6FE6194B07A43BDB5197A7ADB2A9 pos=<8161.91, 474.06, 9094.91>)
16:43:38.834 [Market] Player "dusty" (id=b1H3aMFzk1PEuZ7T7R9ULx5v8FnNYUClXZQ1rumetHE=) has sold a6_eotechhws512_optic x1 (ad84b360, Battery9V<ad78efe0>) at the trader "Safezone ( [Safezone])" in market zone "Altar" (pos=<8170.000000, 518.744812, 9100.000000>) and got 24200.
16:43:41.452 [Market] Player "dusty" (id=b1H3aMFzk1PEuZ7T7R9ULx5v8FnNYUClXZQ1rumetHE=) has sold a6_sigsauerromeo0_optic x1 (2c2f7cb0, Battery9V<24f856d0>) at the trader "Safezone ( [Safezone])" in market zone "Altar" (pos=<8170.000000, 518.744812, 9100.000000>) and got 17000.
16:43:46.832 [Market] Player "dusty" (id=b1H3aMFzk1PEuZ7T7R9ULx5v8FnNYUClXZQ1rumetHE=) has sold weaponcleaningkit x1 (c1142c50) at the trader "Safezone ( [Safezone])" in market zone "Altar" (pos=<8170.000000, 518.744812, 9100.000000>) and got 10000.
16:44:16.556 [Market] Player "dusty" (id=b1H3aMFzk1PEuZ7T7R9ULx5v8FnNYUClXZQ1rumetHE=) has bought bbp_blueprint x1 (b1a87ac0) from the trader "Safezone ( [Safezone])" in market zone "Altar" (pos=<8170.000000, 518.744812, 9100.000000>) for a price of 25000.
16:44:19.341 [Market] Player "dusty" (id=b1H3aMFzk1PEuZ7T7R9ULx5v8FnNYUClXZQ1rumetHE=) has bought whetstone x1 (b1a829d0) from the trader "Safezone ( [Safezone])" in market zone "Altar" (pos=<8170.000000, 518.744812, 9100.000000>) for a price of 25000.
16:44:42.420 [Market] Player "dusty" (id=b1H3aMFzk1PEuZ7T7R9ULx5v8FnNYUClXZQ1rumetHE=) has bought codelock x1 (c9640270) from the trader "Safezone ( [Safezone])" in market zone "Altar" (pos=<8170.000000, 518.744812, 9100.000000>) for a price of 25000.
16:46:06.365 [Market] Player "dusty" (id=b1H3aMFzk1PEuZ7T7R9ULx5v8FnNYUClXZQ1rumetHE=) has sold hideout_grizzly_medkit x1 (ad1bcb30) at the trader "Safezone ( [Safezone])" in market zone "Altar" (pos=<8170.000000, 518.744812, 9100.000000>) and got 17500.
16:47:18.540 [Market] Player "dusty" (id=b1H3aMFzk1PEuZ7T7R9ULx5v8FnNYUClXZQ1rumetHE=) has bought fog_bag_6shbagt_black x1 (bcbed740) from the trader "Safezone ( [Safezone])" in market zone "Altar" (pos=<8170.000000, 518.744812, 9100.000000>) for a price of 20000.
16:49:38.343 [VehicleEnter] Player "dusty" (id=b1H3aMFzk1PEuZ7T7R9ULx5v8FnNYUClXZQ1rumetHE=) entered vehicle Range Rover Evoque 2016 (Gold) (id=AECA6FE6194B07A43BDB5197A7ADB2A9 pos=<8161.91, 474.06, 9094.91>) as driver
16:50:49.831 [VehicleLeave] Player "dusty" (id=b1H3aMFzk1PEuZ7T7R9ULx5v8FnNYUClXZQ1rumetHE=) left vehicle Range Rover Evoque 2016 (Gold) (id=AECA6FE6194B07A43BDB5197A7ADB2A9 pos=<8161.88, 474.06, 9094.99>)
16:51:03.271 [VehicleLeave] Player "Survivor" (id=EjmwRFPqN8k5qPn9W0YqPUleIKWpE2fNI4fmQ-rFG6c=) left vehicle Range Rover Evoque 2016 (Gold) (id=AECA6FE6194B07A43BDB5197A7ADB2A9 pos=<8161.88, 474.06, 9094.99>)
16:51:27.818 [Market] Player "Survivor" (id=EjmwRFPqN8k5qPn9W0YqPUleIKWpE2fNI4fmQ-rFG6c=) has sold a6_vuduoptic x1 (b1907120) at the trader "Safezone ( [Safezone])" in market zone "Altar" (pos=<8170.000000, 518.744812, 9100.000000>) and got 30800.
16:51:28.714 [Market] Player "Survivor" (id=EjmwRFPqN8k5qPn9W0YqPUleIKWpE2fNI4fmQ-rFG6c=) has sold a6_leupoldmark6optic x1 (cd83e460) at the trader "Safezone ( [Safezone])" in market zone "Altar" (pos=<8170.000000, 518.744812, 9100.000000>) and got 30800.
16:51:29.327 [Market] Player "Survivor" (id=EjmwRFPqN8k5qPn9W0YqPUleIKWpE2fNI4fmQ-rFG6c=) has sold a6_sigsauerromeo2_optic x1 (afea70f0) at the trader "Safezone ( [Safezone])" in market zone "Altar" (pos=<8170.000000, 518.744812, 9100.000000>) and got 11200.
16:51:30.045 [Market] Player "Survivor" (id=EjmwRFPqN8k5qPn9W0YqPUleIKWpE2fNI4fmQ-rFG6c=) has sold a6_schmidtbenderpmii_tan_optic x1 (c7ec6f70) at the trader "Safezone ( [Safezone])" in market zone "Altar" (pos=<8170.000000, 518.744812, 9100.000000>) and got 16800.
16:51:30.718 [Market] Player "Survivor" (id=EjmwRFPqN8k5qPn9W0YqPUleIKWpE2fNI4fmQ-rFG6c=) has sold a6_sigsauerromeo5optic x1 (b010d8e0, Battery9V<b0064e20>) at the trader "Safezone ( [Safezone])" in market zone "Altar" (pos=<8170.000000, 518.744812, 9100.000000>) and got 24800.
16:51:58.291 [Expansion Quests] Initialize quest system on the connected client with UID=cV8t_hz-DbmjgpE7KHB_xKirXUSLw63DLVi1XRlzxsI=
16:51:58.298 [Expansion Quests] Created new persistent player quest data for player UID=cV8t_hz-DbmjgpE7KHB_xKirXUSLw63DLVi1XRlzxsI=
16:51:58.298 [Expansion Quests] Create new achievement/auto-start quest for quest ID=1 for player with UID=cV8t_hz-DbmjgpE7KHB_xKirXUSLw63DLVi1XRlzxsI=
16:51:58.299 [Expansion Quests] Added new objective data for type=TRAVEL | Key= | ID=1
16:51:58.299 [Expansion Quests] Updated and saved persistent player quest data for player with UID=cV8t_hz-DbmjgpE7KHB_xKirXUSLw63DLVi1XRlzxsI= | Quest ID=1
16:51:58.300 [Expansion Quests] Sending cV8t_hz-DbmjgpE7KHB_xKirXUSLw63DLVi1XRlzxsI= quest configs to client for player with UID=cV8t_hz-DbmjgpE7KHB_xKirXUSLw63DLVi1XRlzxsI=
16:51:58.300 [Expansion Quests] Sending player quest data for 1 quests to player with UID=cV8t_hz-DbmjgpE7KHB_xKirXUSLw63DLVi1XRlzxsI=
16:51:58.773 [Expansion Quests] Added new objective data for type=TRAVEL | Key= | ID=1
16:51:58.773 [Expansion Quests] Updated and saved persistent player quest data for player with UID=cV8t_hz-DbmjgpE7KHB_xKirXUSLw63DLVi1XRlzxsI= | Quest ID=1
16:52:18.736 [VehicleEnter] Player "Survivor" (id=EjmwRFPqN8k5qPn9W0YqPUleIKWpE2fNI4fmQ-rFG6c=) entered vehicle Range Rover Evoque 2016 (Gold) (id=AECA6FE6194B07A43BDB5197A7ADB2A9 pos=<8161.88, 474.06, 9094.99>) as passenger
16:52:52.835 [VehicleLeave] Player "Survivor" (id=EjmwRFPqN8k5qPn9W0YqPUleIKWpE2fNI4fmQ-rFG6c=) left vehicle Range Rover Evoque 2016 (Gold) (id=AECA6FE6194B07A43BDB5197A7ADB2A9 pos=<8161.88, 474.06, 9094.99>)
16:53:03.068 [VehicleEnter] Player "Survivor" (id=EjmwRFPqN8k5qPn9W0YqPUleIKWpE2fNI4fmQ-rFG6c=) entered vehicle Range Rover Evoque 2016 (Gold) (id=AECA6FE6194B07A43BDB5197A7ADB2A9 pos=<8161.88, 474.06, 9094.99>) as passenger
16:53:18.738 [VehicleEnter] Player "dusty" (id=b1H3aMFzk1PEuZ7T7R9ULx5v8FnNYUClXZQ1rumetHE=) entered vehicle Range Rover Evoque 2016 (Gold) (id=AECA6FE6194B07A43BDB5197A7ADB2A9 pos=<8161.88, 474.06, 9094.99>) as driver
16:53:21.687 [VehicleEngine] Player "dusty" (id=b1H3aMFzk1PEuZ7T7R9ULx5v8FnNYUClXZQ1rumetHE=) started vehicle Range Rover Evoque 2016 (Gold) (id=AECA6FE6194B07A43BDB5197A7ADB2A9 pos=<8161.88, 474.06, 9095>)
16:53:34.187 [VehicleEngine] Player "dusty" (id=b1H3aMFzk1PEuZ7T7R9ULx5v8FnNYUClXZQ1rumetHE=) stopped vehicle Range Rover Evoque 2016 (Gold) (id=AECA6FE6194B07A43BDB5197A7ADB2A9 pos=<8200.56, 470.55, 9051.46>)
16:53:37.136 [VehicleLeave] Player "dusty" (id=b1H3aMFzk1PEuZ7T7R9ULx5v8FnNYUClXZQ1rumetHE=) left vehicle Range Rover Evoque 2016 (Gold) (id=AECA6FE6194B07A43BDB5197A7ADB2A9 pos=<8200.56, 470.55, 9051.46>)
16:53:45.909 [VehicleLeave] Player "Survivor" (id=EjmwRFPqN8k5qPn9W0YqPUleIKWpE2fNI4fmQ-rFG6c=) left vehicle Range Rover Evoque 2016 (Gold) (id=AECA6FE6194B07A43BDB5197A7ADB2A9 pos=<8200.56, 470.55, 9051.46>)
16:54:00.946 [VehicleEnter] Player "Survivor" (id=EjmwRFPqN8k5qPn9W0YqPUleIKWpE2fNI4fmQ-rFG6c=) entered vehicle Range Rover Evoque 2016 (Gold) (id=AECA6FE6194B07A43BDB5197A7ADB2A9 pos=<8200.56, 470.55, 9051.46>) as passenger
16:54:18.238 [VehicleEnter] Player "dusty" (id=b1H3aMFzk1PEuZ7T7R9ULx5v8FnNYUClXZQ1rumetHE=) entered vehicle Range Rover Evoque 2016 (Gold) (id=AECA6FE6194B07A43BDB5197A7ADB2A9 pos=<8200.56, 470.55, 9051.46>) as driver
16:54:21.562 [VehicleEngine] Player "dusty" (id=b1H3aMFzk1PEuZ7T7R9ULx5v8FnNYUClXZQ1rumetHE=) started vehicle Range Rover Evoque 2016 (Gold) (id=AECA6FE6194B07A43BDB5197A7ADB2A9 pos=<8200.56, 470.55, 9051.46>)
16:54:51.191 [Safezone] Player "Survivor" (id=EjmwRFPqN8k5qPn9W0YqPUleIKWpE2fNI4fmQ-rFG6c= pos=<8786.78, 381.47, 9097.13>) left the safezone
16:54:51.359 [Safezone] Player "dusty" (id=b1H3aMFzk1PEuZ7T7R9ULx5v8FnNYUClXZQ1rumetHE= pos=<8786.19, 381.55, 9097.82>) left the safezone
16:55:34.237 [VehicleEngine] Player "dusty" (id=b1H3aMFzk1PEuZ7T7R9ULx5v8FnNYUClXZQ1rumetHE=) stopped vehicle Range Rover Evoque 2016 (Gold) (id=AECA6FE6194B07A43BDB5197A7ADB2A9 pos=<9485.32, 304, 8818.61>)
16:55:37.368 [VehicleLeave] Player "dusty" (id=b1H3aMFzk1PEuZ7T7R9ULx5v8FnNYUClXZQ1rumetHE=) left vehicle Range Rover Evoque 2016 (Gold) (id=AECA6FE6194B07A43BDB5197A7ADB2A9 pos=<9485.32, 304, 8818.61>)
16:55:45.008 [VehicleLeave] Player "Survivor" (id=EjmwRFPqN8k5qPn9W0YqPUleIKWpE2fNI4fmQ-rFG6c=) left vehicle Range Rover Evoque 2016 (Gold) (id=AECA6FE6194B07A43BDB5197A7ADB2A9 pos=<9485.32, 304, 8818.61>)
16:58:07.501 [VehicleEnter] Player "dusty" (id=b1H3aMFzk1PEuZ7T7R9ULx5v8FnNYUClXZQ1rumetHE=) entered vehicle Range Rover Evoque 2016 (Gold) (id=AECA6FE6194B07A43BDB5197A7ADB2A9 pos=<9485.31, 304, 8818.61>) as driver
16:58:09.187 [VehicleEngine] Player "dusty" (id=b1H3aMFzk1PEuZ7T7R9ULx5v8FnNYUClXZQ1rumetHE=) started vehicle Range Rover Evoque 2016 (Gold) (id=AECA6FE6194B07A43BDB5197A7ADB2A9 pos=<9485.3, 304, 8818.61>)
16:59:35.131 [VehicleEngine] Player "NULL" (id=NULL) stopped vehicle Range Rover Evoque 2016 (Gold) (id=AECA6FE6194B07A43BDB5197A7ADB2A9 pos=<9536.53, 302.89, 8811.39>)
16:59:35.131 [VehicleEnter] Player "dusty" (id=b1H3aMFzk1PEuZ7T7R9ULx5v8FnNYUClXZQ1rumetHE=) switched seats in vehicle Range Rover Evoque 2016 (Gold) (id=AECA6FE6194B07A43BDB5197A7ADB2A9 pos=<9536.53, 302.89, 8811.39>) to passenger
16:59:39.129 [VehicleEnter] Player "dusty" (id=b1H3aMFzk1PEuZ7T7R9ULx5v8FnNYUClXZQ1rumetHE=) switched seats in vehicle Range Rover Evoque 2016 (Gold) (id=AECA6FE6194B07A43BDB5197A7ADB2A9 pos=<9536.53, 302.89, 8811.39>) to driver
16:59:45.362 [VehicleEngine] Player "dusty" (id=b1H3aMFzk1PEuZ7T7R9ULx5v8FnNYUClXZQ1rumetHE=) started vehicle Range Rover Evoque 2016 (Gold) (id=AECA6FE6194B07A43BDB5197A7ADB2A9 pos=<9536.53, 302.89, 8811.39>)
17:00:15.009 [VehicleEnter] Player "Survivor" (id=EjmwRFPqN8k5qPn9W0YqPUleIKWpE2fNI4fmQ-rFG6c=) entered vehicle Range Rover Evoque 2016 (Gold) (id=AECA6FE6194B07A43BDB5197A7ADB2A9 pos=<9534.73, 302.98, 8811.38>) as passenger
17:02:19.102 [VehicleLeave] Player "Survivor" (id=EjmwRFPqN8k5qPn9W0YqPUleIKWpE2fNI4fmQ-rFG6c=) left vehicle Range Rover Evoque 2016 (Gold) (id=AECA6FE6194B07A43BDB5197A7ADB2A9 pos=<10461, 178.64, 9132.88>)
17:02:21.892 [VehicleEngine] Player "NULL" (id=NULL) stopped vehicle Range Rover Evoque 2016 (Gold) (id=AECA6FE6194B07A43BDB5197A7ADB2A9 pos=<10461, 178.64, 9132.88>)
17:02:22.025 [VehicleLeave] Player "dusty" (id=b1H3aMFzk1PEuZ7T7R9ULx5v8FnNYUClXZQ1rumetHE=) left vehicle Range Rover Evoque 2016 (Gold) (id=AECA6FE6194B07A43BDB5197A7ADB2A9 pos=<10461, 178.64, 9132.88>)
17:03:21.894 [VehicleEnter] Player "dusty" (id=b1H3aMFzk1PEuZ7T7R9ULx5v8FnNYUClXZQ1rumetHE=) entered vehicle Range Rover Evoque 2016 (Gold) (id=AECA6FE6194B07A43BDB5197A7ADB2A9 pos=<10461, 178.64, 9132.88>) as driver
17:03:43.362 [VehicleLeave] Player "dusty" (id=b1H3aMFzk1PEuZ7T7R9ULx5v8FnNYUClXZQ1rumetHE=) left vehicle Range Rover Evoque 2016 (Gold) (id=AECA6FE6194B07A43BDB5197A7ADB2A9 pos=<10460.9, 178.64, 9132.88>)
17:05:01.748 [VehicleEnter] Player "Survivor" (id=EjmwRFPqN8k5qPn9W0YqPUleIKWpE2fNI4fmQ-rFG6c=) entered vehicle Range Rover Evoque 2016 (Gold) (id=AECA6FE6194B07A43BDB5197A7ADB2A9 pos=<10460.9, 178.64, 9132.88>) as passenger
17:05:10.597 [VehicleEnter] Player "dusty" (id=b1H3aMFzk1PEuZ7T7R9ULx5v8FnNYUClXZQ1rumetHE=) entered vehicle Range Rover Evoque 2016 (Gold) (id=AECA6FE6194B07A43BDB5197A7ADB2A9 pos=<10460.9, 178.64, 9132.88>) as driver
17:05:17.912 [VehicleEngine] Player "dusty" (id=b1H3aMFzk1PEuZ7T7R9ULx5v8FnNYUClXZQ1rumetHE=) started vehicle Range Rover Evoque 2016 (Gold) (id=AECA6FE6194B07A43BDB5197A7ADB2A9 pos=<10460.9, 178.64, 9132.88>)
17:05:53.739 [Expansion Quests] Deleted quest with ID=1 is a of player with UID=cV8t_hz-DbmjgpE7KHB_xKirXUSLw63DLVi1XRlzxsI=.
17:07:08.581 [VehicleLeave] Player "Survivor" (id=EjmwRFPqN8k5qPn9W0YqPUleIKWpE2fNI4fmQ-rFG6c=) left vehicle Range Rover Evoque 2016 (Gold) (id=AECA6FE6194B07A43BDB5197A7ADB2A9 pos=<11948.4, 54.02, 9135.12>)
17:07:45.015 [VehicleEnter] Player "Survivor" (id=EjmwRFPqN8k5qPn9W0YqPUleIKWpE2fNI4fmQ-rFG6c=) entered vehicle Range Rover Evoque 2016 (Gold) (id=AECA6FE6194B07A43BDB5197A7ADB2A9 pos=<11948.4, 54.02, 9135.12>) as passenger
17:12:19.912 [VehicleEngine] Player "dusty" (id=b1H3aMFzk1PEuZ7T7R9ULx5v8FnNYUClXZQ1rumetHE=) stopped vehicle Range Rover Evoque 2016 (Gold) (id=AECA6FE6194B07A43BDB5197A7ADB2A9 pos=<13118.6, 11.05, 3542.26>)
17:12:22.392 [VehicleLeave] Player "Survivor" (id=EjmwRFPqN8k5qPn9W0YqPUleIKWpE2fNI4fmQ-rFG6c=) left vehicle Range Rover Evoque 2016 (Gold) (id=AECA6FE6194B07A43BDB5197A7ADB2A9 pos=<13118.6, 11.05, 3542.26>)
17:12:22.747 [VehicleLeave] Player "dusty" (id=b1H3aMFzk1PEuZ7T7R9ULx5v8FnNYUClXZQ1rumetHE=) left vehicle Range Rover Evoque 2016 (Gold) (id=AECA6FE6194B07A43BDB5197A7ADB2A9 pos=<13118.6, 11.05, 3542.26>)
17:13:00.681 [VehicleEnter] Player "dusty" (id=b1H3aMFzk1PEuZ7T7R9ULx5v8FnNYUClXZQ1rumetHE=) entered vehicle Range Rover Evoque 2016 (Gold) (id=AECA6FE6194B07A43BDB5197A7ADB2A9 pos=<13118.6, 11.05, 3542.27>) as driver
17:13:01.935 [VehicleEnter] Player "Survivor" (id=EjmwRFPqN8k5qPn9W0YqPUleIKWpE2fNI4fmQ-rFG6c=) entered vehicle Range Rover Evoque 2016 (Gold) (id=AECA6FE6194B07A43BDB5197A7ADB2A9 pos=<13118.6, 11.05, 3542.28>) as passenger
17:13:03.362 [VehicleEngine] Player "dusty" (id=b1H3aMFzk1PEuZ7T7R9ULx5v8FnNYUClXZQ1rumetHE=) started vehicle Range Rover Evoque 2016 (Gold) (id=AECA6FE6194B07A43BDB5197A7ADB2A9 pos=<13118.6, 11.05, 3542.28>)
17:13:50.352 [VehicleLeave] Player "Survivor" (id=EjmwRFPqN8k5qPn9W0YqPUleIKWpE2fNI4fmQ-rFG6c=) left vehicle Range Rover Evoque 2016 (Gold) (id=AECA6FE6194B07A43BDB5197A7ADB2A9 pos=<13085.7, 11.05, 3595.26>)
17:14:08.520 [VehicleEnter] Player "Survivor" (id=EjmwRFPqN8k5qPn9W0YqPUleIKWpE2fNI4fmQ-rFG6c=) entered vehicle Range Rover Evoque 2016 (Gold) (id=AECA6FE6194B07A43BDB5197A7ADB2A9 pos=<13085.7, 11.05, 3595.18>) as passenger
17:14:49.913 [VehicleLeave] Player "Survivor" (id=EjmwRFPqN8k5qPn9W0YqPUleIKWpE2fNI4fmQ-rFG6c=) left vehicle Range Rover Evoque 2016 (Gold) (id=AECA6FE6194B07A43BDB5197A7ADB2A9 pos=<12971.7, 5.33, 3790.66>)
17:14:57.886 [VehicleEnter] Player "Survivor" (id=EjmwRFPqN8k5qPn9W0YqPUleIKWpE2fNI4fmQ-rFG6c=) entered vehicle Range Rover Evoque 2016 (Gold) (id=AECA6FE6194B07A43BDB5197A7ADB2A9 pos=<12971.7, 5.33, 3790.66>) as passenger
17:18:48.312 [VehicleEngine] Player "dusty" (id=b1H3aMFzk1PEuZ7T7R9ULx5v8FnNYUClXZQ1rumetHE=) stopped vehicle Range Rover Evoque 2016 (Gold) (id=AECA6FE6194B07A43BDB5197A7ADB2A9 pos=<8314.19, 10.6, 3044.66>)
17:18:51.209 [VehicleLeave] Player "dusty" (id=b1H3aMFzk1PEuZ7T7R9ULx5v8FnNYUClXZQ1rumetHE=) left vehicle Range Rover Evoque 2016 (Gold) (id=AECA6FE6194B07A43BDB5197A7ADB2A9 pos=<8314.19, 10.6, 3044.66>)
17:18:56.411 [VehicleLeave] Player "Survivor" (id=EjmwRFPqN8k5qPn9W0YqPUleIKWpE2fNI4fmQ-rFG6c=) left vehicle Range Rover Evoque 2016 (Gold) (id=AECA6FE6194B07A43BDB5197A7ADB2A9 pos=<8314.19, 10.6, 3044.66>)
17:19:00.305 [VehicleEnter] Player "dusty" (id=b1H3aMFzk1PEuZ7T7R9ULx5v8FnNYUClXZQ1rumetHE=) entered vehicle Range Rover Evoque 2016 (Gold) (id=AECA6FE6194B07A43BDB5197A7ADB2A9 pos=<8314.19, 10.6, 3044.66>) as passenger
17:19:02.357 [VehicleEnter] Player "Survivor" (id=EjmwRFPqN8k5qPn9W0YqPUleIKWpE2fNI4fmQ-rFG6c=) entered vehicle Range Rover Evoque 2016 (Gold) (id=AECA6FE6194B07A43BDB5197A7ADB2A9 pos=<8314.19, 10.6, 3044.66>) as driver
17:19:16.077 [VehicleLeave] Player "dusty" (id=b1H3aMFzk1PEuZ7T7R9ULx5v8FnNYUClXZQ1rumetHE=) left vehicle Range Rover Evoque 2016 (Gold) (id=AECA6FE6194B07A43BDB5197A7ADB2A9 pos=<8314.19, 10.6, 3044.66>)
17:19:16.338 [VehicleLeave] Player "Survivor" (id=EjmwRFPqN8k5qPn9W0YqPUleIKWpE2fNI4fmQ-rFG6c=) left vehicle Range Rover Evoque 2016 (Gold) (id=AECA6FE6194B07A43BDB5197A7ADB2A9 pos=<8314.19, 10.6, 3044.66>)
17:19:26.975 [VehicleEnter] Player "dusty" (id=b1H3aMFzk1PEuZ7T7R9ULx5v8FnNYUClXZQ1rumetHE=) entered vehicle Range Rover Evoque 2016 (Gold) (id=AECA6FE6194B07A43BDB5197A7ADB2A9 pos=<8314.19, 10.6, 3044.66>) as passenger
17:19:31.155 [VehicleEnter] Player "Survivor" (id=EjmwRFPqN8k5qPn9W0YqPUleIKWpE2fNI4fmQ-rFG6c=) entered vehicle Range Rover Evoque 2016 (Gold) (id=AECA6FE6194B07A43BDB5197A7ADB2A9 pos=<8314.19, 10.6, 3044.66>) as driver
17:19:35.012 [VehicleEngine] Player "Survivor" (id=EjmwRFPqN8k5qPn9W0YqPUleIKWpE2fNI4fmQ-rFG6c=) started vehicle Range Rover Evoque 2016 (Gold) (id=AECA6FE6194B07A43BDB5197A7ADB2A9 pos=<8314.19, 10.6, 3044.66>)
17:22:45.885 [VehicleEngine] Player "NULL" (id=NULL) stopped vehicle Range Rover Evoque 2016 (Gold) (id=AECA6FE6194B07A43BDB5197A7ADB2A9 pos=<5239.64, 9.52, 2211.67>)
17:22:46.019 [VehicleLeave] Player "Survivor" (id=EjmwRFPqN8k5qPn9W0YqPUleIKWpE2fNI4fmQ-rFG6c=) left vehicle Range Rover Evoque 2016 (Gold) (id=AECA6FE6194B07A43BDB5197A7ADB2A9 pos=<5239.64, 9.52, 2211.67>)
17:22:46.172 [VehicleLeave] Player "dusty" (id=b1H3aMFzk1PEuZ7T7R9ULx5v8FnNYUClXZQ1rumetHE=) left vehicle Range Rover Evoque 2016 (Gold) (id=AECA6FE6194B07A43BDB5197A7ADB2A9 pos=<5239.64, 9.52, 2211.67>)
17:23:23.400 [VehicleEnter] Player "Survivor" (id=EjmwRFPqN8k5qPn9W0YqPUleIKWpE2fNI4fmQ-rFG6c=) entered vehicle Range Rover Evoque 2016 (Gold) (id=AECA6FE6194B07A43BDB5197A7ADB2A9 pos=<5239.65, 9.52, 2211.67>) as driver
17:23:26.612 [VehicleEngine] Player "Survivor" (id=EjmwRFPqN8k5qPn9W0YqPUleIKWpE2fNI4fmQ-rFG6c=) started vehicle Range Rover Evoque 2016 (Gold) (id=AECA6FE6194B07A43BDB5197A7ADB2A9 pos=<5239.66, 9.52, 2211.67>)
17:23:49.162 [VehicleEngine] Player "Survivor" (id=EjmwRFPqN8k5qPn9W0YqPUleIKWpE2fNI4fmQ-rFG6c=) stopped vehicle Range Rover Evoque 2016 (Gold) (id=AECA6FE6194B07A43BDB5197A7ADB2A9 pos=<5070.76, 9.52, 2405.88>)
17:23:52.989 [VehicleLeave] Player "Survivor" (id=EjmwRFPqN8k5qPn9W0YqPUleIKWpE2fNI4fmQ-rFG6c=) left vehicle Range Rover Evoque 2016 (Gold) (id=AECA6FE6194B07A43BDB5197A7ADB2A9 pos=<5070.76, 9.52, 2405.87>)
17:25:47.929 [VehicleEnter] Player "Survivor" (id=EjmwRFPqN8k5qPn9W0YqPUleIKWpE2fNI4fmQ-rFG6c=) entered vehicle Range Rover Evoque 2016 (Gold) (id=AECA6FE6194B07A43BDB5197A7ADB2A9 pos=<5070.76, 9.52, 2405.87>) as passenger
17:25:50.226 [VehicleLeave] Player "Survivor" (id=EjmwRFPqN8k5qPn9W0YqPUleIKWpE2fNI4fmQ-rFG6c=) left vehicle Range Rover Evoque 2016 (Gold) (id=AECA6FE6194B07A43BDB5197A7ADB2A9 pos=<5070.76, 9.52, 2405.87>)
17:25:55.006 [VehicleEnter] Player "dusty" (id=b1H3aMFzk1PEuZ7T7R9ULx5v8FnNYUClXZQ1rumetHE=) entered vehicle Range Rover Evoque 2016 (Gold) (id=AECA6FE6194B07A43BDB5197A7ADB2A9 pos=<5070.76, 9.52, 2405.87>) as passenger
17:25:56.362 [VehicleEnter] Player "Survivor" (id=EjmwRFPqN8k5qPn9W0YqPUleIKWpE2fNI4fmQ-rFG6c=) entered vehicle Range Rover Evoque 2016 (Gold) (id=AECA6FE6194B07A43BDB5197A7ADB2A9 pos=<5070.77, 9.52, 2405.87>) as driver
17:26:04.837 [VehicleEngine] Player "Survivor" (id=EjmwRFPqN8k5qPn9W0YqPUleIKWpE2fNI4fmQ-rFG6c=) started vehicle Range Rover Evoque 2016 (Gold) (id=AECA6FE6194B07A43BDB5197A7ADB2A9 pos=<5070.77, 9.52, 2405.85>)
17:28:02.987 [VehicleEngine] Player "Survivor" (id=EjmwRFPqN8k5qPn9W0YqPUleIKWpE2fNI4fmQ-rFG6c=) stopped vehicle Range Rover Evoque 2016 (Gold) (id=AECA6FE6194B07A43BDB5197A7ADB2A9 pos=<3669.68, 6.17, 2442.08>)
17:28:11.987 [VehicleEngine] Player "Survivor" (id=EjmwRFPqN8k5qPn9W0YqPUleIKWpE2fNI4fmQ-rFG6c=) started vehicle Range Rover Evoque 2016 (Gold) (id=AECA6FE6194B07A43BDB5197A7ADB2A9 pos=<3669.68, 6.17, 2442.03>)
17:41:04.116 [VehicleLeave] Player "dusty" (id=b1H3aMFzk1PEuZ7T7R9ULx5v8FnNYUClXZQ1rumetHE=) left vehicle Range Rover Evoque 2016 (Gold) (id=AECA6FE6194B07A43BDB5197A7ADB2A9 pos=<637.53, 217.8, 7839.63>)
17:42:27.210 [VehicleLeave] Player "Survivor" (id=EjmwRFPqN8k5qPn9W0YqPUleIKWpE2fNI4fmQ-rFG6c=) left vehicle Range Rover Evoque 2016 (Gold) (id=AECA6FE6194B07A43BDB5197A7ADB2A9 pos=<645.59, 214.22, 7838.8>)
17:42:35.553 [VehicleEnter] Player "Survivor" (id=EjmwRFPqN8k5qPn9W0YqPUleIKWpE2fNI4fmQ-rFG6c=) entered vehicle Range Rover Evoque 2016 (Gold) (id=AECA6FE6194B07A43BDB5197A7ADB2A9 pos=<645.61, 214.23, 7838.72>) as driver
17:43:38.516 [VehicleEnter] Player "dusty" (id=b1H3aMFzk1PEuZ7T7R9ULx5v8FnNYUClXZQ1rumetHE=) entered vehicle Range Rover Evoque 2016 (Gold) (id=AECA6FE6194B07A43BDB5197A7ADB2A9 pos=<652.95, 208.74, 7851.16>) as passenger
17:45:16.983 [VehicleLeave] Player "dusty" (id=b1H3aMFzk1PEuZ7T7R9ULx5v8FnNYUClXZQ1rumetHE=) left vehicle Range Rover Evoque 2016 (Gold) (id=AECA6FE6194B07A43BDB5197A7ADB2A9 pos=<224.3, 312.46, 7510.96>)
17:45:21.302 [VehicleLeave] Player "Survivor" (id=EjmwRFPqN8k5qPn9W0YqPUleIKWpE2fNI4fmQ-rFG6c=) left vehicle Range Rover Evoque 2016 (Gold) (id=AECA6FE6194B07A43BDB5197A7ADB2A9 pos=<224.3, 312.46, 7510.96>)
17:45:45.409 [VehicleEnter] Player "dusty" (id=b1H3aMFzk1PEuZ7T7R9ULx5v8FnNYUClXZQ1rumetHE=) entered vehicle Range Rover Evoque 2016 (Gold) (id=AECA6FE6194B07A43BDB5197A7ADB2A9 pos=<224.3, 312.46, 7510.96>) as driver
17:45:47.587 [VehicleEngine] Player "dusty" (id=b1H3aMFzk1PEuZ7T7R9ULx5v8FnNYUClXZQ1rumetHE=) stopped vehicle Range Rover Evoque 2016 (Gold) (id=AECA6FE6194B07A43BDB5197A7ADB2A9 pos=<224.3, 312.46, 7510.96>)
17:45:50.344 [VehicleLeave] Player "dusty" (id=b1H3aMFzk1PEuZ7T7R9ULx5v8FnNYUClXZQ1rumetHE=) left vehicle Range Rover Evoque 2016 (Gold) (id=AECA6FE6194B07A43BDB5197A7ADB2A9 pos=<224.3, 312.46, 7510.96>)
17:49:02.162 [Expansion Quests] Initialize quest system on the connected client with UID=EjmwRFPqN8k5qPn9W0YqPUleIKWpE2fNI4fmQ-rFG6c=
17:49:02.176 [Expansion Quests] Loaded existing player quest data for player with UID=EjmwRFPqN8k5qPn9W0YqPUleIKWpE2fNI4fmQ-rFG6c=
17:49:02.176 [Expansion Quests] - LoadGroupQuestData - Got cached group quest data for group with ID=5719501
17:49:02.177 [Expansion Quests] Check quest initialization for quest with ID=1 | State=COMPLETED | Player UID=EjmwRFPqN8k5qPn9W0YqPUleIKWpE2fNI4fmQ-rFG6c=
17:49:02.177 [Expansion Quests] Sending EjmwRFPqN8k5qPn9W0YqPUleIKWpE2fNI4fmQ-rFG6c= quest configs to client for player with UID=EjmwRFPqN8k5qPn9W0YqPUleIKWpE2fNI4fmQ-rFG6c=
17:49:02.178 [Expansion Quests] Sending player quest data for 1 quests to player with UID=EjmwRFPqN8k5qPn9W0YqPUleIKWpE2fNI4fmQ-rFG6c=
17:49:38.375 [VehicleCarKey] Player "dusty" (id=b1H3aMFzk1PEuZ7T7R9ULx5v8FnNYUClXZQ1rumetHE= pos=<226.4, 312.26, 7510.77>) used ExpansionCarKey to lock LANEvoque2016_Gold (id=AECA6FE6194B07A43BDB5197A7ADB2A9 pos=<224.3, 312.46, 7510.96>)
17:54:44.110 [VehicleDeleted] LANEvoque2016_Gold (id=AECA6FE6194B07A43BDB5197A7ADB2A9 pos=<224.3, 312.46, 7510.96>)
