13:09:52.051 [Expansion Quests] Initialize quest system on the connected client with UID=_YRHayB15fdZNFUP3lKt74_CBuzvgAeHzALVT4HHL_0=
13:09:52.062 [Expansion Quests] Loaded existing player quest data for player with UID=_YRHayB15fdZNFUP3lKt74_CBuzvgAeHzALVT4HHL_0=
13:09:52.063 [Expansion Quests] Loaded existing group quest data for group with ID=140782
13:09:52.063 [Expansion Quests] Check quest initialization for quest with ID=1 | State=COMPLETED | Player UID=_YRHayB15fdZNFUP3lKt74_CBuzvgAeHzALVT4HHL_0=
13:09:52.063 [Expansion Quests] Check quest initialization for quest with ID=12 | State=STARTED | Player UID=_YRHayB15fdZNFUP3lKt74_CBuzvgAeHzALVT4HHL_0=
13:09:52.063 [Expansion Quests] Create new quest instance for quest with ID=12 | Player UID=_YRHayB15fdZNFUP3lKt74_CBuzvgAeHzALVT4HHL_0=
13:09:52.063 [Expansion Quests] Check quest initialization for quest with ID=18 | State=NONE | Player UID=_YRHayB15fdZNFUP3lKt74_CBuzvgAeHzALVT4HHL_0=
13:09:52.064 [Expansion Quests] Check quest initialization for quest with ID=19 | State=NONE | Player UID=_YRHayB15fdZNFUP3lKt74_CBuzvgAeHzALVT4HHL_0=
13:09:52.064 [Expansion Quests] Check quest initialization for quest with ID=21 | State=STARTED | Player UID=_YRHayB15fdZNFUP3lKt74_CBuzvgAeHzALVT4HHL_0=
13:09:52.064 [Expansion Quests] Create new quest instance for quest with ID=21 | Player UID=_YRHayB15fdZNFUP3lKt74_CBuzvgAeHzALVT4HHL_0=
13:09:52.064 [Expansion Quests] Check quest initialization for quest with ID=22 | State=STARTED | Player UID=_YRHayB15fdZNFUP3lKt74_CBuzvgAeHzALVT4HHL_0=
13:09:52.064 [Expansion Quests] Create new quest instance for quest with ID=22 | Player UID=_YRHayB15fdZNFUP3lKt74_CBuzvgAeHzALVT4HHL_0=
13:09:52.065 [Expansion Quests] Check quest initialization for quest with ID=23 | State=STARTED | Player UID=_YRHayB15fdZNFUP3lKt74_CBuzvgAeHzALVT4HHL_0=
13:09:52.065 [Expansion Quests] Create new quest instance for quest with ID=23 | Player UID=_YRHayB15fdZNFUP3lKt74_CBuzvgAeHzALVT4HHL_0=
13:09:52.065 [Expansion Quests] Check quest initialization for quest with ID=24 | State=STARTED | Player UID=_YRHayB15fdZNFUP3lKt74_CBuzvgAeHzALVT4HHL_0=
13:09:52.065 [Expansion Quests] Create new quest instance for quest with ID=24 | Player UID=_YRHayB15fdZNFUP3lKt74_CBuzvgAeHzALVT4HHL_0=
13:09:52.065 [Expansion Quests] Check quest initialization for quest with ID=25 | State=STARTED | Player UID=_YRHayB15fdZNFUP3lKt74_CBuzvgAeHzALVT4HHL_0=
13:09:52.065 [Expansion Quests] Create new quest instance for quest with ID=25 | Player UID=_YRHayB15fdZNFUP3lKt74_CBuzvgAeHzALVT4HHL_0=
13:09:52.067 [Expansion Quests] Sending _YRHayB15fdZNFUP3lKt74_CBuzvgAeHzALVT4HHL_0= quest configs to client for player with UID=_YRHayB15fdZNFUP3lKt74_CBuzvgAeHzALVT4HHL_0=
13:09:52.067 [Expansion Quests] Sending player quest data for 9 quests to player with UID=_YRHayB15fdZNFUP3lKt74_CBuzvgAeHzALVT4HHL_0=
13:09:52.468 [Expansion Quests] Added new objective data for type=COLLECT | Key=_YRHayB15fdZNFUP3lKt74_CBuzvgAeHzALVT4HHL_0= | ID=2
13:09:52.469 [Expansion Quests] Updated and saved persistent player quest data for player with UID=_YRHayB15fdZNFUP3lKt74_CBuzvgAeHzALVT4HHL_0= | Quest ID=12
13:12:12.963 [Expansion Quests] Initialize quest system on the connected client with UID=rvwee3OBBhfeCkZDLA_edpHeYiJqOQygt0pZcN1FLZo=
13:12:12.974 [Expansion Quests] Loaded existing player quest data for player with UID=rvwee3OBBhfeCkZDLA_edpHeYiJqOQygt0pZcN1FLZo=
13:12:12.974 [Expansion Quests] Loaded existing group quest data for group with ID=161826
13:12:12.975 [Expansion Quests] Check quest initialization for quest with ID=1 | State=COMPLETED | Player UID=rvwee3OBBhfeCkZDLA_edpHeYiJqOQygt0pZcN1FLZo=
13:12:12.975 [Expansion Quests] Sending rvwee3OBBhfeCkZDLA_edpHeYiJqOQygt0pZcN1FLZo= quest configs to client for player with UID=rvwee3OBBhfeCkZDLA_edpHeYiJqOQygt0pZcN1FLZo=
13:12:12.976 [Expansion Quests] Sending player quest data for 1 quests to player with UID=rvwee3OBBhfeCkZDLA_edpHeYiJqOQygt0pZcN1FLZo=
13:47:22.099 [Market] Player "TootieBad88" (id=_YRHayB15fdZNFUP3lKt74_CBuzvgAeHzALVT4HHL_0=) has bought nailbox x1 (a7cbc160) from the trader "BlackMarket ( [BlackMarket])" in market zone "North Blackmarket" (pos=<5502.500000, 388.799194, 15022.500000>) for a price of 50000.
13:47:36.677 [Market] Player "TootieBad88" (id=_YRHayB15fdZNFUP3lKt74_CBuzvgAeHzALVT4HHL_0=) has sold zy_collectable_cpu x6 (8b4129a0, 8b413530, 8b416370, 8b418620, 8b4140c0, 9fad2b80) at the trader "BlackMarket ( [BlackMarket])" in market zone "North Blackmarket" (pos=<5502.500000, 388.799194, 15022.500000>) and got 90000.
13:47:42.451 [Market] Player "TootieBad88" (id=_YRHayB15fdZNFUP3lKt74_CBuzvgAeHzALVT4HHL_0=) has sold zy_collectable_ram x5 (8b4157e0, a148e5e0, 8b416f00, 8b417a90, 9faa3bf0) at the trader "BlackMarket ( [BlackMarket])" in market zone "North Blackmarket" (pos=<5502.500000, 388.799194, 15022.500000>) and got 75000.
13:48:09.329 [Market] Player "TootieBad88" (id=_YRHayB15fdZNFUP3lKt74_CBuzvgAeHzALVT4HHL_0=) has bought nailbox x1 (a7cc4090) from the trader "BlackMarket ( [BlackMarket])" in market zone "North Blackmarket" (pos=<5502.500000, 388.799194, 15022.500000>) for a price of 50000.
13:48:11.053 [Market] Player "TootieBad88" (id=_YRHayB15fdZNFUP3lKt74_CBuzvgAeHzALVT4HHL_0=) has bought nailbox x1 (a7cc3500) from the trader "BlackMarket ( [BlackMarket])" in market zone "North Blackmarket" (pos=<5502.500000, 388.799194, 15022.500000>) for a price of 50000.
13:48:17.029 [Market] Player "TootieBad88" (id=_YRHayB15fdZNFUP3lKt74_CBuzvgAeHzALVT4HHL_0=) has bought nailbox x1 (a7cc1de0) from the trader "BlackMarket ( [BlackMarket])" in market zone "North Blackmarket" (pos=<5502.500000, 388.799194, 15022.500000>) for a price of 50000.
13:59:37.994 [Expansion Quests] Added new objective data for type=CRAFTING | Key=_YRHayB15fdZNFUP3lKt74_CBuzvgAeHzALVT4HHL_0= | ID=2
13:59:37.995 [Expansion Quests] Updated and saved persistent player quest data for player with UID=_YRHayB15fdZNFUP3lKt74_CBuzvgAeHzALVT4HHL_0= | Quest ID=21
13:59:37.995 [Expansion Quests] Added new objective data for type=CRAFTING | Key=_YRHayB15fdZNFUP3lKt74_CBuzvgAeHzALVT4HHL_0= | ID=1
13:59:37.996 [Expansion Quests] Updated and saved persistent player quest data for player with UID=_YRHayB15fdZNFUP3lKt74_CBuzvgAeHzALVT4HHL_0= | Quest ID=22
13:59:37.996 [Expansion Quests] Added new objective data for type=CRAFTING | Key=_YRHayB15fdZNFUP3lKt74_CBuzvgAeHzALVT4HHL_0= | ID=3
13:59:37.997 [Expansion Quests] Updated and saved persistent player quest data for player with UID=_YRHayB15fdZNFUP3lKt74_CBuzvgAeHzALVT4HHL_0= | Quest ID=23
13:59:37.998 [Expansion Quests] Added new objective data for type=CRAFTING | Key=_YRHayB15fdZNFUP3lKt74_CBuzvgAeHzALVT4HHL_0= | ID=4
13:59:37.998 [Expansion Quests] Updated and saved persistent player quest data for player with UID=_YRHayB15fdZNFUP3lKt74_CBuzvgAeHzALVT4HHL_0= | Quest ID=24
13:59:37.999 [Expansion Quests] Added new objective data for type=CRAFTING | Key=_YRHayB15fdZNFUP3lKt74_CBuzvgAeHzALVT4HHL_0= | ID=5
13:59:38.000 [Expansion Quests] Updated and saved persistent player quest data for player with UID=_YRHayB15fdZNFUP3lKt74_CBuzvgAeHzALVT4HHL_0= | Quest ID=25
14:04:02.291 [Expansion Quests] Deleted quest with ID=21 is a of player with UID=_YRHayB15fdZNFUP3lKt74_CBuzvgAeHzALVT4HHL_0=.
14:04:02.292 [Expansion Quests] Deleted quest with ID=22 is a of player with UID=_YRHayB15fdZNFUP3lKt74_CBuzvgAeHzALVT4HHL_0=.
14:04:02.292 [Expansion Quests] Deleted quest with ID=23 is a of player with UID=_YRHayB15fdZNFUP3lKt74_CBuzvgAeHzALVT4HHL_0=.
14:04:02.292 [Expansion Quests] Deleted quest with ID=24 is a of player with UID=_YRHayB15fdZNFUP3lKt74_CBuzvgAeHzALVT4HHL_0=.
14:04:02.292 [Expansion Quests] Deleted quest with ID=25 is a of player with UID=_YRHayB15fdZNFUP3lKt74_CBuzvgAeHzALVT4HHL_0=.
14:04:02.292 [Expansion Quests] Deleted quest with ID=12 is a of player with UID=_YRHayB15fdZNFUP3lKt74_CBuzvgAeHzALVT4HHL_0=.
16:45:00.911 [Expansion Quests] Initialize quest system on the connected client with UID=o4f3cnqp6AYc2jBk38PQBx8x94UJVru5puhAaLyBD18=
16:45:00.925 [Expansion Quests] Loaded existing player quest data for player with UID=o4f3cnqp6AYc2jBk38PQBx8x94UJVru5puhAaLyBD18=
16:45:00.926 [Expansion Quests] Loaded existing group quest data for group with ID=218927968
16:45:00.926 [Expansion Quests] Check quest initialization for quest with ID=24 | State=COMPLETED | Player UID=o4f3cnqp6AYc2jBk38PQBx8x94UJVru5puhAaLyBD18=
16:45:00.927 [Expansion Quests] Check quest initialization for quest with ID=1 | State=COMPLETED | Player UID=o4f3cnqp6AYc2jBk38PQBx8x94UJVru5puhAaLyBD18=
16:45:00.928 [Expansion Quests] Sending o4f3cnqp6AYc2jBk38PQBx8x94UJVru5puhAaLyBD18= quest configs to client for player with UID=o4f3cnqp6AYc2jBk38PQBx8x94UJVru5puhAaLyBD18=
16:45:00.928 [Expansion Quests] Sending player quest data for 2 quests to player with UID=o4f3cnqp6AYc2jBk38PQBx8x94UJVru5puhAaLyBD18=
17:38:36.612 [Expansion Quests] Initialize quest system on the connected client with UID=_YRHayB15fdZNFUP3lKt74_CBuzvgAeHzALVT4HHL_0=
17:38:36.628 [Expansion Quests] Loaded existing player quest data for player with UID=_YRHayB15fdZNFUP3lKt74_CBuzvgAeHzALVT4HHL_0=
17:38:36.628 [Expansion Quests] - LoadGroupQuestData - Got cached group quest data for group with ID=140782
17:38:36.628 [Expansion Quests] Check quest initialization for quest with ID=1 | State=COMPLETED | Player UID=_YRHayB15fdZNFUP3lKt74_CBuzvgAeHzALVT4HHL_0=
17:38:36.628 [Expansion Quests] Check quest initialization for quest with ID=12 | State=STARTED | Player UID=_YRHayB15fdZNFUP3lKt74_CBuzvgAeHzALVT4HHL_0=
17:38:36.628 [Expansion Quests] Create new quest instance for quest with ID=12 | Player UID=_YRHayB15fdZNFUP3lKt74_CBuzvgAeHzALVT4HHL_0=
17:38:36.629 [Expansion Quests] Check quest initialization for quest with ID=18 | State=NONE | Player UID=_YRHayB15fdZNFUP3lKt74_CBuzvgAeHzALVT4HHL_0=
17:38:36.629 [Expansion Quests] Check quest initialization for quest with ID=19 | State=NONE | Player UID=_YRHayB15fdZNFUP3lKt74_CBuzvgAeHzALVT4HHL_0=
17:38:36.629 [Expansion Quests] Check quest initialization for quest with ID=21 | State=STARTED | Player UID=_YRHayB15fdZNFUP3lKt74_CBuzvgAeHzALVT4HHL_0=
17:38:36.629 [Expansion Quests] Create new quest instance for quest with ID=21 | Player UID=_YRHayB15fdZNFUP3lKt74_CBuzvgAeHzALVT4HHL_0=
17:38:36.630 [Expansion Quests] Check quest initialization for quest with ID=22 | State=STARTED | Player UID=_YRHayB15fdZNFUP3lKt74_CBuzvgAeHzALVT4HHL_0=
17:38:36.630 [Expansion Quests] Create new quest instance for quest with ID=22 | Player UID=_YRHayB15fdZNFUP3lKt74_CBuzvgAeHzALVT4HHL_0=
17:38:36.630 [Expansion Quests] Check quest initialization for quest with ID=23 | State=STARTED | Player UID=_YRHayB15fdZNFUP3lKt74_CBuzvgAeHzALVT4HHL_0=
17:38:36.631 [Expansion Quests] Create new quest instance for quest with ID=23 | Player UID=_YRHayB15fdZNFUP3lKt74_CBuzvgAeHzALVT4HHL_0=
17:38:36.631 [Expansion Quests] Check quest initialization for quest with ID=24 | State=STARTED | Player UID=_YRHayB15fdZNFUP3lKt74_CBuzvgAeHzALVT4HHL_0=
17:38:36.631 [Expansion Quests] Create new quest instance for quest with ID=24 | Player UID=_YRHayB15fdZNFUP3lKt74_CBuzvgAeHzALVT4HHL_0=
17:38:36.631 [Expansion Quests] Check quest initialization for quest with ID=25 | State=STARTED | Player UID=_YRHayB15fdZNFUP3lKt74_CBuzvgAeHzALVT4HHL_0=
17:38:36.632 [Expansion Quests] Create new quest instance for quest with ID=25 | Player UID=_YRHayB15fdZNFUP3lKt74_CBuzvgAeHzALVT4HHL_0=
17:38:36.633 [Expansion Quests] Sending _YRHayB15fdZNFUP3lKt74_CBuzvgAeHzALVT4HHL_0= quest configs to client for player with UID=_YRHayB15fdZNFUP3lKt74_CBuzvgAeHzALVT4HHL_0=
17:38:36.633 [Expansion Quests] Sending player quest data for 9 quests to player with UID=_YRHayB15fdZNFUP3lKt74_CBuzvgAeHzALVT4HHL_0=
17:38:37.061 [Expansion Quests] Added new objective data for type=COLLECT | Key=_YRHayB15fdZNFUP3lKt74_CBuzvgAeHzALVT4HHL_0= | ID=2
17:38:37.062 [Expansion Quests] Updated and saved persistent player quest data for player with UID=_YRHayB15fdZNFUP3lKt74_CBuzvgAeHzALVT4HHL_0= | Quest ID=12
17:44:33.964 [Expansion Quests] Added new objective data for type=CRAFTING | Key=_YRHayB15fdZNFUP3lKt74_CBuzvgAeHzALVT4HHL_0= | ID=2
17:44:33.965 [Expansion Quests] Updated and saved persistent player quest data for player with UID=_YRHayB15fdZNFUP3lKt74_CBuzvgAeHzALVT4HHL_0= | Quest ID=21
17:44:33.965 [Expansion Quests] Added new objective data for type=CRAFTING | Key=_YRHayB15fdZNFUP3lKt74_CBuzvgAeHzALVT4HHL_0= | ID=1
17:44:33.966 [Expansion Quests] Updated and saved persistent player quest data for player with UID=_YRHayB15fdZNFUP3lKt74_CBuzvgAeHzALVT4HHL_0= | Quest ID=22
17:44:33.966 [Expansion Quests] Added new objective data for type=CRAFTING | Key=_YRHayB15fdZNFUP3lKt74_CBuzvgAeHzALVT4HHL_0= | ID=3
17:44:33.967 [Expansion Quests] Updated and saved persistent player quest data for player with UID=_YRHayB15fdZNFUP3lKt74_CBuzvgAeHzALVT4HHL_0= | Quest ID=23
17:44:33.967 [Expansion Quests] Added new objective data for type=CRAFTING | Key=_YRHayB15fdZNFUP3lKt74_CBuzvgAeHzALVT4HHL_0= | ID=4
17:44:33.968 [Expansion Quests] Updated and saved persistent player quest data for player with UID=_YRHayB15fdZNFUP3lKt74_CBuzvgAeHzALVT4HHL_0= | Quest ID=24
17:44:33.968 [Expansion Quests] Added new objective data for type=CRAFTING | Key=_YRHayB15fdZNFUP3lKt74_CBuzvgAeHzALVT4HHL_0= | ID=5
17:44:33.969 [Expansion Quests] Updated and saved persistent player quest data for player with UID=_YRHayB15fdZNFUP3lKt74_CBuzvgAeHzALVT4HHL_0= | Quest ID=25
17:49:47.552 [Expansion Quests] Added new objective data for type=CRAFTING | Key=_YRHayB15fdZNFUP3lKt74_CBuzvgAeHzALVT4HHL_0= | ID=2
17:49:47.553 [Expansion Quests] Updated and saved persistent player quest data for player with UID=_YRHayB15fdZNFUP3lKt74_CBuzvgAeHzALVT4HHL_0= | Quest ID=21
17:49:47.553 [Expansion Quests] Added new objective data for type=CRAFTING | Key=_YRHayB15fdZNFUP3lKt74_CBuzvgAeHzALVT4HHL_0= | ID=1
17:49:47.554 [Expansion Quests] Updated and saved persistent player quest data for player with UID=_YRHayB15fdZNFUP3lKt74_CBuzvgAeHzALVT4HHL_0= | Quest ID=22
17:49:47.554 [Expansion Quests] Added new objective data for type=CRAFTING | Key=_YRHayB15fdZNFUP3lKt74_CBuzvgAeHzALVT4HHL_0= | ID=3
17:49:47.555 [Expansion Quests] Updated and saved persistent player quest data for player with UID=_YRHayB15fdZNFUP3lKt74_CBuzvgAeHzALVT4HHL_0= | Quest ID=23
17:49:47.556 [Expansion Quests] Added new objective data for type=CRAFTING | Key=_YRHayB15fdZNFUP3lKt74_CBuzvgAeHzALVT4HHL_0= | ID=4
17:49:47.556 [Expansion Quests] Updated and saved persistent player quest data for player with UID=_YRHayB15fdZNFUP3lKt74_CBuzvgAeHzALVT4HHL_0= | Quest ID=24
17:49:47.557 [Expansion Quests] Added new objective data for type=CRAFTING | Key=_YRHayB15fdZNFUP3lKt74_CBuzvgAeHzALVT4HHL_0= | ID=5
17:49:47.558 [Expansion Quests] Updated and saved persistent player quest data for player with UID=_YRHayB15fdZNFUP3lKt74_CBuzvgAeHzALVT4HHL_0= | Quest ID=25
18:36:37.220 [Expansion Quests] Added new objective data for type=CRAFTING | Key=_YRHayB15fdZNFUP3lKt74_CBuzvgAeHzALVT4HHL_0= | ID=2
18:36:37.220 [Expansion Quests] Updated and saved persistent player quest data for player with UID=_YRHayB15fdZNFUP3lKt74_CBuzvgAeHzALVT4HHL_0= | Quest ID=21
18:36:37.221 [Expansion Quests] Added new objective data for type=CRAFTING | Key=_YRHayB15fdZNFUP3lKt74_CBuzvgAeHzALVT4HHL_0= | ID=1
18:36:37.221 [Expansion Quests] Updated and saved persistent player quest data for player with UID=_YRHayB15fdZNFUP3lKt74_CBuzvgAeHzALVT4HHL_0= | Quest ID=22
18:36:37.222 [Expansion Quests] Added new objective data for type=CRAFTING | Key=_YRHayB15fdZNFUP3lKt74_CBuzvgAeHzALVT4HHL_0= | ID=3
18:36:37.222 [Expansion Quests] Updated and saved persistent player quest data for player with UID=_YRHayB15fdZNFUP3lKt74_CBuzvgAeHzALVT4HHL_0= | Quest ID=23
18:36:37.222 [Expansion Quests] Added new objective data for type=CRAFTING | Key=_YRHayB15fdZNFUP3lKt74_CBuzvgAeHzALVT4HHL_0= | ID=4
18:36:37.223 [Expansion Quests] Updated and saved persistent player quest data for player with UID=_YRHayB15fdZNFUP3lKt74_CBuzvgAeHzALVT4HHL_0= | Quest ID=24
18:36:37.223 [Expansion Quests] Added new objective data for type=CRAFTING | Key=_YRHayB15fdZNFUP3lKt74_CBuzvgAeHzALVT4HHL_0= | ID=5
18:36:37.224 [Expansion Quests] Updated and saved persistent player quest data for player with UID=_YRHayB15fdZNFUP3lKt74_CBuzvgAeHzALVT4HHL_0= | Quest ID=25
18:36:49.384 [Expansion Quests] Added new objective data for type=CRAFTING | Key=_YRHayB15fdZNFUP3lKt74_CBuzvgAeHzALVT4HHL_0= | ID=2
18:36:49.385 [Expansion Quests] Updated and saved persistent player quest data for player with UID=_YRHayB15fdZNFUP3lKt74_CBuzvgAeHzALVT4HHL_0= | Quest ID=21
18:36:49.385 [Expansion Quests] Added new objective data for type=CRAFTING | Key=_YRHayB15fdZNFUP3lKt74_CBuzvgAeHzALVT4HHL_0= | ID=1
18:36:49.386 [Expansion Quests] Updated and saved persistent player quest data for player with UID=_YRHayB15fdZNFUP3lKt74_CBuzvgAeHzALVT4HHL_0= | Quest ID=22
18:36:49.386 [Expansion Quests] Added new objective data for type=CRAFTING | Key=_YRHayB15fdZNFUP3lKt74_CBuzvgAeHzALVT4HHL_0= | ID=3
18:36:49.387 [Expansion Quests] Updated and saved persistent player quest data for player with UID=_YRHayB15fdZNFUP3lKt74_CBuzvgAeHzALVT4HHL_0= | Quest ID=23
18:36:49.387 [Expansion Quests] Added new objective data for type=CRAFTING | Key=_YRHayB15fdZNFUP3lKt74_CBuzvgAeHzALVT4HHL_0= | ID=4
18:36:49.388 [Expansion Quests] Updated and saved persistent player quest data for player with UID=_YRHayB15fdZNFUP3lKt74_CBuzvgAeHzALVT4HHL_0= | Quest ID=24
18:36:49.388 [Expansion Quests] Added new objective data for type=CRAFTING | Key=_YRHayB15fdZNFUP3lKt74_CBuzvgAeHzALVT4HHL_0= | ID=5
18:36:49.389 [Expansion Quests] Updated and saved persistent player quest data for player with UID=_YRHayB15fdZNFUP3lKt74_CBuzvgAeHzALVT4HHL_0= | Quest ID=25
18:51:59.639 [Expansion Quests] Added new objective data for type=CRAFTING | Key=_YRHayB15fdZNFUP3lKt74_CBuzvgAeHzALVT4HHL_0= | ID=2
18:51:59.640 [Expansion Quests] Updated and saved persistent player quest data for player with UID=_YRHayB15fdZNFUP3lKt74_CBuzvgAeHzALVT4HHL_0= | Quest ID=21
18:51:59.641 [Expansion Quests] Added new objective data for type=CRAFTING | Key=_YRHayB15fdZNFUP3lKt74_CBuzvgAeHzALVT4HHL_0= | ID=1
18:51:59.641 [Expansion Quests] Updated and saved persistent player quest data for player with UID=_YRHayB15fdZNFUP3lKt74_CBuzvgAeHzALVT4HHL_0= | Quest ID=22
18:51:59.642 [Expansion Quests] Added new objective data for type=CRAFTING | Key=_YRHayB15fdZNFUP3lKt74_CBuzvgAeHzALVT4HHL_0= | ID=3
18:51:59.642 [Expansion Quests] Updated and saved persistent player quest data for player with UID=_YRHayB15fdZNFUP3lKt74_CBuzvgAeHzALVT4HHL_0= | Quest ID=23
18:51:59.643 [Expansion Quests] Added new objective data for type=CRAFTING | Key=_YRHayB15fdZNFUP3lKt74_CBuzvgAeHzALVT4HHL_0= | ID=4
18:51:59.644 [Expansion Quests] Updated and saved persistent player quest data for player with UID=_YRHayB15fdZNFUP3lKt74_CBuzvgAeHzALVT4HHL_0= | Quest ID=24
18:51:59.644 [Expansion Quests] Added new objective data for type=CRAFTING | Key=_YRHayB15fdZNFUP3lKt74_CBuzvgAeHzALVT4HHL_0= | ID=5
18:51:59.645 [Expansion Quests] Updated and saved persistent player quest data for player with UID=_YRHayB15fdZNFUP3lKt74_CBuzvgAeHzALVT4HHL_0= | Quest ID=25
19:18:03.013 [Expansion Quests] Deleted quest with ID=21 is a of player with UID=_YRHayB15fdZNFUP3lKt74_CBuzvgAeHzALVT4HHL_0=.
19:18:03.013 [Expansion Quests] Deleted quest with ID=22 is a of player with UID=_YRHayB15fdZNFUP3lKt74_CBuzvgAeHzALVT4HHL_0=.
19:18:03.014 [Expansion Quests] Deleted quest with ID=23 is a of player with UID=_YRHayB15fdZNFUP3lKt74_CBuzvgAeHzALVT4HHL_0=.
19:18:03.014 [Expansion Quests] Deleted quest with ID=24 is a of player with UID=_YRHayB15fdZNFUP3lKt74_CBuzvgAeHzALVT4HHL_0=.
19:18:03.014 [Expansion Quests] Deleted quest with ID=25 is a of player with UID=_YRHayB15fdZNFUP3lKt74_CBuzvgAeHzALVT4HHL_0=.
19:18:03.014 [Expansion Quests] Deleted quest with ID=12 is a of player with UID=_YRHayB15fdZNFUP3lKt74_CBuzvgAeHzALVT4HHL_0=.
19:18:11.234 [Expansion Quests] Initialize quest system on the connected client with UID=_YRHayB15fdZNFUP3lKt74_CBuzvgAeHzALVT4HHL_0=
19:18:11.243 [Expansion Quests] Loaded existing player quest data for player with UID=_YRHayB15fdZNFUP3lKt74_CBuzvgAeHzALVT4HHL_0=
19:18:11.243 [Expansion Quests] - LoadGroupQuestData - Got cached group quest data for group with ID=140782
19:18:11.244 [Expansion Quests] Check quest initialization for quest with ID=1 | State=COMPLETED | Player UID=_YRHayB15fdZNFUP3lKt74_CBuzvgAeHzALVT4HHL_0=
19:18:11.244 [Expansion Quests] Check quest initialization for quest with ID=12 | State=STARTED | Player UID=_YRHayB15fdZNFUP3lKt74_CBuzvgAeHzALVT4HHL_0=
19:18:11.244 [Expansion Quests] Create new quest instance for quest with ID=12 | Player UID=_YRHayB15fdZNFUP3lKt74_CBuzvgAeHzALVT4HHL_0=
19:18:11.245 [Expansion Quests] Check quest initialization for quest with ID=18 | State=NONE | Player UID=_YRHayB15fdZNFUP3lKt74_CBuzvgAeHzALVT4HHL_0=
19:18:11.245 [Expansion Quests] Check quest initialization for quest with ID=19 | State=NONE | Player UID=_YRHayB15fdZNFUP3lKt74_CBuzvgAeHzALVT4HHL_0=
19:18:11.245 [Expansion Quests] Check quest initialization for quest with ID=21 | State=STARTED | Player UID=_YRHayB15fdZNFUP3lKt74_CBuzvgAeHzALVT4HHL_0=
19:18:11.245 [Expansion Quests] Create new quest instance for quest with ID=21 | Player UID=_YRHayB15fdZNFUP3lKt74_CBuzvgAeHzALVT4HHL_0=
19:18:11.245 [Expansion Quests] Check quest initialization for quest with ID=22 | State=STARTED | Player UID=_YRHayB15fdZNFUP3lKt74_CBuzvgAeHzALVT4HHL_0=
19:18:11.246 [Expansion Quests] Create new quest instance for quest with ID=22 | Player UID=_YRHayB15fdZNFUP3lKt74_CBuzvgAeHzALVT4HHL_0=
19:18:11.246 [Expansion Quests] Check quest initialization for quest with ID=23 | State=STARTED | Player UID=_YRHayB15fdZNFUP3lKt74_CBuzvgAeHzALVT4HHL_0=
19:18:11.246 [Expansion Quests] Create new quest instance for quest with ID=23 | Player UID=_YRHayB15fdZNFUP3lKt74_CBuzvgAeHzALVT4HHL_0=
19:18:11.247 [Expansion Quests] Check quest initialization for quest with ID=24 | State=STARTED | Player UID=_YRHayB15fdZNFUP3lKt74_CBuzvgAeHzALVT4HHL_0=
19:18:11.247 [Expansion Quests] Create new quest instance for quest with ID=24 | Player UID=_YRHayB15fdZNFUP3lKt74_CBuzvgAeHzALVT4HHL_0=
19:18:11.247 [Expansion Quests] Check quest initialization for quest with ID=25 | State=STARTED | Player UID=_YRHayB15fdZNFUP3lKt74_CBuzvgAeHzALVT4HHL_0=
19:18:11.247 [Expansion Quests] Create new quest instance for quest with ID=25 | Player UID=_YRHayB15fdZNFUP3lKt74_CBuzvgAeHzALVT4HHL_0=
19:18:11.249 [Expansion Quests] Sending _YRHayB15fdZNFUP3lKt74_CBuzvgAeHzALVT4HHL_0= quest configs to client for player with UID=_YRHayB15fdZNFUP3lKt74_CBuzvgAeHzALVT4HHL_0=
19:18:11.249 [Expansion Quests] Sending player quest data for 9 quests to player with UID=_YRHayB15fdZNFUP3lKt74_CBuzvgAeHzALVT4HHL_0=
19:18:11.688 [Expansion Quests] Added new objective data for type=COLLECT | Key=_YRHayB15fdZNFUP3lKt74_CBuzvgAeHzALVT4HHL_0= | ID=2
19:18:11.689 [Expansion Quests] Updated and saved persistent player quest data for player with UID=_YRHayB15fdZNFUP3lKt74_CBuzvgAeHzALVT4HHL_0= | Quest ID=12
19:19:10.186 [Expansion Quests] Deleted quest with ID=21 is a of player with UID=_YRHayB15fdZNFUP3lKt74_CBuzvgAeHzALVT4HHL_0=.
19:19:10.186 [Expansion Quests] Deleted quest with ID=22 is a of player with UID=_YRHayB15fdZNFUP3lKt74_CBuzvgAeHzALVT4HHL_0=.
19:19:10.187 [Expansion Quests] Deleted quest with ID=23 is a of player with UID=_YRHayB15fdZNFUP3lKt74_CBuzvgAeHzALVT4HHL_0=.
19:19:10.187 [Expansion Quests] Deleted quest with ID=24 is a of player with UID=_YRHayB15fdZNFUP3lKt74_CBuzvgAeHzALVT4HHL_0=.
19:19:10.187 [Expansion Quests] Deleted quest with ID=25 is a of player with UID=_YRHayB15fdZNFUP3lKt74_CBuzvgAeHzALVT4HHL_0=.
19:19:10.187 [Expansion Quests] Deleted quest with ID=12 is a of player with UID=_YRHayB15fdZNFUP3lKt74_CBuzvgAeHzALVT4HHL_0=.
