23:00:52.951 [Expansion Quests] Objective with ID=6 (Type=COLLECT) is set to inactive. Skip adding objective..
23:02:44.535 [Expansion Quests] Initialize quest system on the connected client with UID=FyJcOhcMvMpOVeNd_G3xpD63Qg86N5ALZZh0U4LUn0c=
23:02:44.538 [Expansion Quests] Loaded existing player quest data for player with UID=FyJcOhcMvMpOVeNd_G3xpD63Qg86N5ALZZh0U4LUn0c=
23:02:44.539 [Expansion Quests] Loaded existing group quest data for group with ID=5310120
23:02:44.539 [Expansion Quests] Check quest initialization for quest with ID=1 | State=COMPLETED | Player UID=FyJcOhcMvMpOVeNd_G3xpD63Qg86N5ALZZh0U4LUn0c=
23:02:44.540 [Expansion Quests] Sending FyJcOhcMvMpOVeNd_G3xpD63Qg86N5ALZZh0U4LUn0c= quest configs to client for player with UID=FyJcOhcMvMpOVeNd_G3xpD63Qg86N5ALZZh0U4LUn0c=
23:02:44.541 [Expansion Quests] Sending player quest data for 1 quests to player with UID=FyJcOhcMvMpOVeNd_G3xpD63Qg86N5ALZZh0U4LUn0c=
23:05:30.831 [Safezone] Player "Syntactix" (id=FyJcOhcMvMpOVeNd_G3xpD63Qg86N5ALZZh0U4LUn0c= pos=<3703.69, 402, 5979.93>) entered the safezone
23:17:05.568 [Safezone] Player "Syntactix" (id=FyJcOhcMvMpOVeNd_G3xpD63Qg86N5ALZZh0U4LUn0c= pos=<4716.83, 284.34, 6314.51>) left the safezone
23:18:56.474 [Safezone] Player "Syntactix" (id=FyJcOhcMvMpOVeNd_G3xpD63Qg86N5ALZZh0U4LUn0c= pos=<3638, 479.36, 5962.96>) entered the safezone
23:21:41.874 [Market] Player "Syntactix" (id=FyJcOhcMvMpOVeNd_G3xpD63Qg86N5ALZZh0U4LUn0c=) has bought fog_gorka_pants_black x1 (1200c810) from the trader "Safezone ( [Safezone])" in market zone "Green Mountain" (pos=<3720.000000, 115.783501, 6006.666992>) for a price of 1000.
23:21:45.912 [Market] Player "Syntactix" (id=FyJcOhcMvMpOVeNd_G3xpD63Qg86N5ALZZh0U4LUn0c=) has bought fog_ferrogloves_black x1 (1200d420) from the trader "Safezone ( [Safezone])" in market zone "Green Mountain" (pos=<3720.000000, 115.783501, 6006.666992>) for a price of 1000.
23:22:01.340 [Market] Player "Syntactix" (id=FyJcOhcMvMpOVeNd_G3xpD63Qg86N5ALZZh0U4LUn0c=) has sold fog_ferrogloves_black x1 (1200d420) at the trader "Safezone ( [Safezone])" in market zone "Green Mountain" (pos=<3720.000000, 115.783501, 6006.666992>) and got 500.
23:22:04.041 [Market] Player "Syntactix" (id=FyJcOhcMvMpOVeNd_G3xpD63Qg86N5ALZZh0U4LUn0c=) has sold fog_gorka_pants_black x1 (1200c810) at the trader "Safezone ( [Safezone])" in market zone "Green Mountain" (pos=<3720.000000, 115.783501, 6006.666992>) and got 500.
23:22:08.086 [Market] Player "Syntactix" (id=FyJcOhcMvMpOVeNd_G3xpD63Qg86N5ALZZh0U4LUn0c=) has bought fog_gorka_pants_white x1 (12007fb0) from the trader "Safezone ( [Safezone])" in market zone "Green Mountain" (pos=<3720.000000, 115.783501, 6006.666992>) for a price of 1000.
23:22:12.801 [Market] Player "Syntactix" (id=FyJcOhcMvMpOVeNd_G3xpD63Qg86N5ALZZh0U4LUn0c=) has bought fog_glasses_ess_black x1 (1200d420) from the trader "Safezone ( [Safezone])" in market zone "Green Mountain" (pos=<3720.000000, 115.783501, 6006.666992>) for a price of 1000.
23:22:18.635 [Market] Player "Syntactix" (id=FyJcOhcMvMpOVeNd_G3xpD63Qg86N5ALZZh0U4LUn0c=) has bought fog_ferrogloves_white x1 (1200e030) from the trader "Safezone ( [Safezone])" in market zone "Green Mountain" (pos=<3720.000000, 115.783501, 6006.666992>) for a price of 1000.
23:22:24.563 [Market] Player "Syntactix" (id=FyJcOhcMvMpOVeNd_G3xpD63Qg86N5ALZZh0U4LUn0c=) has bought fog_halfmask_white x1 (12014cc0) from the trader "Safezone ( [Safezone])" in market zone "Green Mountain" (pos=<3720.000000, 115.783501, 6006.666992>) for a price of 1000.
23:22:35.943 [Market] Player "Syntactix" (id=FyJcOhcMvMpOVeNd_G3xpD63Qg86N5ALZZh0U4LUn0c=) has bought fog_gorka_jacket_white x1 (120164e0) from the trader "Safezone ( [Safezone])" in market zone "Green Mountain" (pos=<3720.000000, 115.783501, 6006.666992>) for a price of 1000.
23:23:20.682 [Market] Player "Syntactix" (id=FyJcOhcMvMpOVeNd_G3xpD63Qg86N5ALZZh0U4LUn0c=) has bought fog_operator_boots_black x1 (13226940) from the trader "Safezone ( [Safezone])" in market zone "Green Mountain" (pos=<3720.000000, 115.783501, 6006.666992>) for a price of 14000.
06:49:23.630 [Expansion Quests] Initialize quest system on the connected client with UID=rvwee3OBBhfeCkZDLA_edpHeYiJqOQygt0pZcN1FLZo=
06:49:23.645 [Expansion Quests] Loaded existing player quest data for player with UID=rvwee3OBBhfeCkZDLA_edpHeYiJqOQygt0pZcN1FLZo=
06:49:23.646 [Expansion Quests] Loaded existing group quest data for group with ID=161826
06:49:23.647 [Expansion Quests] Check quest initialization for quest with ID=1 | State=COMPLETED | Player UID=rvwee3OBBhfeCkZDLA_edpHeYiJqOQygt0pZcN1FLZo=
06:49:23.648 [Expansion Quests] Sending rvwee3OBBhfeCkZDLA_edpHeYiJqOQygt0pZcN1FLZo= quest configs to client for player with UID=rvwee3OBBhfeCkZDLA_edpHeYiJqOQygt0pZcN1FLZo=
06:49:23.648 [Expansion Quests] Sending player quest data for 1 quests to player with UID=rvwee3OBBhfeCkZDLA_edpHeYiJqOQygt0pZcN1FLZo=
12:52:28.433 [Expansion Quests] Initialize quest system on the connected client with UID=rvwee3OBBhfeCkZDLA_edpHeYiJqOQygt0pZcN1FLZo=
12:52:28.444 [Expansion Quests] Loaded existing player quest data for player with UID=rvwee3OBBhfeCkZDLA_edpHeYiJqOQygt0pZcN1FLZo=
12:52:28.444 [Expansion Quests] - LoadGroupQuestData - Got cached group quest data for group with ID=161826
12:52:28.444 [Expansion Quests] Check quest initialization for quest with ID=1 | State=COMPLETED | Player UID=rvwee3OBBhfeCkZDLA_edpHeYiJqOQygt0pZcN1FLZo=
12:52:28.445 [Expansion Quests] Sending rvwee3OBBhfeCkZDLA_edpHeYiJqOQygt0pZcN1FLZo= quest configs to client for player with UID=rvwee3OBBhfeCkZDLA_edpHeYiJqOQygt0pZcN1FLZo=
12:52:28.445 [Expansion Quests] Sending player quest data for 1 quests to player with UID=rvwee3OBBhfeCkZDLA_edpHeYiJqOQygt0pZcN1FLZo=
13:08:24.731 [Safezone] Player "sammy" (id=rvwee3OBBhfeCkZDLA_edpHeYiJqOQygt0pZcN1FLZo= pos=<3343.36, 286.15, 5692.99>) entered the safezone
13:10:24.172 [Market] Player "sammy" (id=rvwee3OBBhfeCkZDLA_edpHeYiJqOQygt0pZcN1FLZo=) has sold a6_acogoptic_black_sigsauerromeo2_optic x1 (c4b40750) at the trader "Safezone ( [Safezone])" in market zone "Green Mountain" (pos=<3720.000000, 115.783501, 6006.666992>) and got 66500.
13:10:25.218 [Market] Player "sammy" (id=rvwee3OBBhfeCkZDLA_edpHeYiJqOQygt0pZcN1FLZo=) has sold a6_acogoptic_tan x1 (c4b5c5a0) at the trader "Safezone ( [Safezone])" in market zone "Green Mountain" (pos=<3720.000000, 115.783501, 6006.666992>) and got 59500.
13:11:43.993 [Market] Player "sammy" (id=rvwee3OBBhfeCkZDLA_edpHeYiJqOQygt0pZcN1FLZo=) has bought fog_wintergloves_black x1 (a9b4fd50) from the trader "Safezone ( [Safezone])" in market zone "Green Mountain" (pos=<3720.000000, 115.783501, 6006.666992>) for a price of 1000.
13:13:10.438 [Market] Player "sammy" (id=rvwee3OBBhfeCkZDLA_edpHeYiJqOQygt0pZcN1FLZo=) has sold tacticalgloves_beige x1 (b55fa460) at the trader "Safezone ( [Safezone])" in market zone "Green Mountain" (pos=<3720.000000, 115.783501, 6006.666992>) and got 500.
13:24:46.074 [Safezone] Player "sammy" (id=rvwee3OBBhfeCkZDLA_edpHeYiJqOQygt0pZcN1FLZo= pos=<3772.53, 362.98, 6244.59>) entered the safezone
13:24:46.074 [Expansion Quests] Initialize quest system on the connected client with UID=rvwee3OBBhfeCkZDLA_edpHeYiJqOQygt0pZcN1FLZo=
13:24:46.085 [Expansion Quests] Loaded existing player quest data for player with UID=rvwee3OBBhfeCkZDLA_edpHeYiJqOQygt0pZcN1FLZo=
13:24:46.085 [Expansion Quests] - LoadGroupQuestData - Got cached group quest data for group with ID=161826
13:24:46.085 [Expansion Quests] Check quest initialization for quest with ID=1 | State=COMPLETED | Player UID=rvwee3OBBhfeCkZDLA_edpHeYiJqOQygt0pZcN1FLZo=
13:24:46.086 [Expansion Quests] Sending rvwee3OBBhfeCkZDLA_edpHeYiJqOQygt0pZcN1FLZo= quest configs to client for player with UID=rvwee3OBBhfeCkZDLA_edpHeYiJqOQygt0pZcN1FLZo=
13:24:46.086 [Expansion Quests] Sending player quest data for 1 quests to player with UID=rvwee3OBBhfeCkZDLA_edpHeYiJqOQygt0pZcN1FLZo=
13:25:43.394 [Safezone] Player "sammy" (id=rvwee3OBBhfeCkZDLA_edpHeYiJqOQygt0pZcN1FLZo= pos=<3837.21, 325.18, 6564.58>) left the safezone
21:41:28.093 [Safezone] Player "$kizo" (id=o4f3cnqp6AYc2jBk38PQBx8x94UJVru5puhAaLyBD18= pos=<3700.34, 402.97, 5961.18>) entered the safezone
21:41:28.094 [Expansion Quests] Initialize quest system on the connected client with UID=o4f3cnqp6AYc2jBk38PQBx8x94UJVru5puhAaLyBD18=
21:41:28.107 [Expansion Quests] Loaded existing player quest data for player with UID=o4f3cnqp6AYc2jBk38PQBx8x94UJVru5puhAaLyBD18=
21:41:28.108 [Expansion Quests] Loaded existing group quest data for group with ID=218927968
21:41:28.108 [Expansion Quests] Check quest initialization for quest with ID=1 | State=COMPLETED | Player UID=o4f3cnqp6AYc2jBk38PQBx8x94UJVru5puhAaLyBD18=
21:41:28.109 [Expansion Quests] Sending o4f3cnqp6AYc2jBk38PQBx8x94UJVru5puhAaLyBD18= quest configs to client for player with UID=o4f3cnqp6AYc2jBk38PQBx8x94UJVru5puhAaLyBD18=
21:41:28.109 [Expansion Quests] Sending player quest data for 1 quests to player with UID=o4f3cnqp6AYc2jBk38PQBx8x94UJVru5puhAaLyBD18=
21:42:32.237 [Expansion Quests] Added new objective data for type=CRAFTING | Key=o4f3cnqp6AYc2jBk38PQBx8x94UJVru5puhAaLyBD18= | ID=4
21:42:32.238 [Expansion Quests] Updated and saved persistent player quest data for player with UID=o4f3cnqp6AYc2jBk38PQBx8x94UJVru5puhAaLyBD18= | Quest ID=24
21:42:32.238 [Expansion Quests] Created new quest instance with instance key=o4f3cnqp6AYc2jBk38PQBx8x94UJVru5puhAaLyBD18= for quest with ID=24
21:43:25.630 [Expansion Quests] Added new objective data for type=CRAFTING | Key=o4f3cnqp6AYc2jBk38PQBx8x94UJVru5puhAaLyBD18= | ID=4
21:43:25.630 [Expansion Quests] Updated and saved persistent player quest data for player with UID=o4f3cnqp6AYc2jBk38PQBx8x94UJVru5puhAaLyBD18= | Quest ID=24
21:43:31.392 [Expansion Quests] Added new objective data for type=CRAFTING | Key=o4f3cnqp6AYc2jBk38PQBx8x94UJVru5puhAaLyBD18= | ID=4
21:43:31.393 [Expansion Quests] Updated and saved persistent player quest data for player with UID=o4f3cnqp6AYc2jBk38PQBx8x94UJVru5puhAaLyBD18= | Quest ID=24
21:43:46.581 [Expansion Quests] Added new objective data for type=CRAFTING | Key=o4f3cnqp6AYc2jBk38PQBx8x94UJVru5puhAaLyBD18= | ID=4
21:43:46.581 [Expansion Quests] Updated and saved persistent player quest data for player with UID=o4f3cnqp6AYc2jBk38PQBx8x94UJVru5puhAaLyBD18= | Quest ID=24
21:43:46.583 [Expansion Quests] Added new objective data for type=CRAFTING | Key=o4f3cnqp6AYc2jBk38PQBx8x94UJVru5puhAaLyBD18= | ID=4
21:43:46.584 [Expansion Quests] Updated and saved persistent player quest data for player with UID=o4f3cnqp6AYc2jBk38PQBx8x94UJVru5puhAaLyBD18= | Quest ID=24
21:43:46.584 [Expansion Quests] Player with UID=o4f3cnqp6AYc2jBk38PQBx8x94UJVru5puhAaLyBD18= has completed quest with ID=24
21:45:03.233 [VehicleDeleted] CrSk_Insurgent_SUV_Black (id=544633146145724EEC041C9241734C33 pos=<0, -51.28, -0.2>)
21:45:13.920 [VehicleEnter] Player "$kizo" (id=o4f3cnqp6AYc2jBk38PQBx8x94UJVru5puhAaLyBD18=) entered vehicle Insurgent SUV Black (id=6A4A36E51A435F2653BDC9948CFAE62E pos=<3737.81, 402.59, 6000.43>) as driver
21:45:15.550 [VehicleEngine] Player "$kizo" (id=o4f3cnqp6AYc2jBk38PQBx8x94UJVru5puhAaLyBD18=) started vehicle Insurgent SUV Black (id=6A4A36E51A435F2653BDC9948CFAE62E pos=<3737.81, 402.59, 6000.43>)
21:45:50.304 [Safezone] Player "$kizo" (id=o4f3cnqp6AYc2jBk38PQBx8x94UJVru5puhAaLyBD18= pos=<4334.75, 320.01, 5430.06>) left the safezone
21:47:13.800 [VehicleEngine] Player "$kizo" (id=o4f3cnqp6AYc2jBk38PQBx8x94UJVru5puhAaLyBD18=) stopped vehicle Insurgent SUV Black (id=6A4A36E51A435F2653BDC9948CFAE62E pos=<4573.83, 233.35, 4526.6>)
21:47:16.980 [VehicleLeave] Player "$kizo" (id=o4f3cnqp6AYc2jBk38PQBx8x94UJVru5puhAaLyBD18=) left vehicle Insurgent SUV Black (id=6A4A36E51A435F2653BDC9948CFAE62E pos=<4573.83, 233.35, 4526.6>)
21:48:50.804 [VehicleEnter] Player "$kizo" (id=o4f3cnqp6AYc2jBk38PQBx8x94UJVru5puhAaLyBD18=) entered vehicle Insurgent SUV Black (id=6A4A36E51A435F2653BDC9948CFAE62E pos=<4573.83, 233.35, 4526.6>) as driver
21:48:52.550 [VehicleEngine] Player "$kizo" (id=o4f3cnqp6AYc2jBk38PQBx8x94UJVru5puhAaLyBD18=) started vehicle Insurgent SUV Black (id=6A4A36E51A435F2653BDC9948CFAE62E pos=<4573.83, 233.35, 4526.6>)
21:49:40.702 [VehicleLeave] Player "$kizo" (id=o4f3cnqp6AYc2jBk38PQBx8x94UJVru5puhAaLyBD18=) left vehicle Insurgent SUV Black (id=6A4A36E51A435F2653BDC9948CFAE62E pos=<4573.83, 250.79, 4618>)
21:58:45.014 [VehicleEnter] Player "$kizo" (id=o4f3cnqp6AYc2jBk38PQBx8x94UJVru5puhAaLyBD18=) entered vehicle Insurgent SUV Black (id=6A4A36E51A435F2653BDC9948CFAE62E pos=<4573.84, 250.79, 4618.02>) as driver
21:59:34.775 [VehicleEngine] Player "$kizo" (id=o4f3cnqp6AYc2jBk38PQBx8x94UJVru5puhAaLyBD18=) stopped vehicle Insurgent SUV Black (id=6A4A36E51A435F2653BDC9948CFAE62E pos=<4569.41, 233.35, 4520.52>)
21:59:40.813 [VehicleLeave] Player "$kizo" (id=o4f3cnqp6AYc2jBk38PQBx8x94UJVru5puhAaLyBD18=) left vehicle Insurgent SUV Black (id=6A4A36E51A435F2653BDC9948CFAE62E pos=<4569.41, 233.35, 4520.52>)
22:12:20.154 [VehicleEnter] Player "$kizo" (id=o4f3cnqp6AYc2jBk38PQBx8x94UJVru5puhAaLyBD18=) entered vehicle Insurgent SUV Black (id=6A4A36E51A435F2653BDC9948CFAE62E pos=<4569.41, 233.35, 4520.52>) as driver
22:12:22.500 [VehicleEngine] Player "$kizo" (id=o4f3cnqp6AYc2jBk38PQBx8x94UJVru5puhAaLyBD18=) started vehicle Insurgent SUV Black (id=6A4A36E51A435F2653BDC9948CFAE62E pos=<4569.41, 233.35, 4520.52>)
22:12:49.650 [VehicleEngine] Player "$kizo" (id=o4f3cnqp6AYc2jBk38PQBx8x94UJVru5puhAaLyBD18=) stopped vehicle Insurgent SUV Black (id=6A4A36E51A435F2653BDC9948CFAE62E pos=<4574.1, 233.35, 4527.55>)
22:12:52.788 [VehicleLeave] Player "$kizo" (id=o4f3cnqp6AYc2jBk38PQBx8x94UJVru5puhAaLyBD18=) left vehicle Insurgent SUV Black (id=6A4A36E51A435F2653BDC9948CFAE62E pos=<4574.1, 233.35, 4527.55>)
22:23:43.140 [VehicleCarKey] Player "$kizo" (id=o4f3cnqp6AYc2jBk38PQBx8x94UJVru5puhAaLyBD18= pos=<4574.27, 233.28, 4530.63>) used ExpansionCarKey to lock CrSk_Insurgent_SUV_Black (id=6A4A36E51A435F2653BDC9948CFAE62E pos=<4574.1, 233.35, 4527.55>)
22:29:08.400 [VehicleDeleted] CrSk_Insurgent_SUV_Black (id=6A4A36E51A435F2653BDC9948CFAE62E pos=<4574.1, 233.35, 4527.55>)
