13:46:29.993 [Expansion Quests] Objective with ID=6 (Type=COLLECT) is set to inactive. Skip adding objective..
18:21:44.001 [Expansion Quests] Initialize quest system on the connected client with UID=9szT4lgWrC31d88fAvc23o0FnJmOGYTMMEI5DdQjB90=
18:21:44.005 [Expansion Quests] Created new persistent player quest data for player UID=9szT4lgWrC31d88fAvc23o0FnJmOGYTMMEI5DdQjB90=
18:21:44.005 [Expansion Quests] Create new achievement/auto-start quest for quest ID=1 for player with UID=9szT4lgWrC31d88fAvc23o0FnJmOGYTMMEI5DdQjB90=
18:21:44.006 [Expansion Quests] Added new objective data for type=TRAVEL | Key= | ID=1
18:21:44.006 [Expansion Quests] Updated and saved persistent player quest data for player with UID=9szT4lgWrC31d88fAvc23o0FnJmOGYTMMEI5DdQjB90= | Quest ID=1
18:21:44.007 [Expansion Quests] Sending 9szT4lgWrC31d88fAvc23o0FnJmOGYTMMEI5DdQjB90= quest configs to client for player with UID=9szT4lgWrC31d88fAvc23o0FnJmOGYTMMEI5DdQjB90=
18:21:44.007 [Expansion Quests] Sending player quest data for 1 quests to player with UID=9szT4lgWrC31d88fAvc23o0FnJmOGYTMMEI5DdQjB90=
18:21:44.480 [Expansion Quests] Added new objective data for type=TRAVEL | Key= | ID=1
18:21:44.480 [Expansion Quests] Updated and saved persistent player quest data for player with UID=9szT4lgWrC31d88fAvc23o0FnJmOGYTMMEI5DdQjB90= | Quest ID=1
19:48:44.523 [Safezone] Player "WearYourPPE" (id=9szT4lgWrC31d88fAvc23o0FnJmOGYTMMEI5DdQjB90= pos=<3303.49, 284.23, 5747.78>) entered the safezone
19:50:18.398 [VehicleEnter] Player "WearYourPPE" (id=9szT4lgWrC31d88fAvc23o0FnJmOGYTMMEI5DdQjB90=) entered vehicle Insurgent SUV Winter (id=AAFC039CC7423A4ECD106EBAF4FF3560 pos=<3756.2, 403.29, 5998.67>) as driver
19:50:20.368 [VehicleLeave] Player "WearYourPPE" (id=9szT4lgWrC31d88fAvc23o0FnJmOGYTMMEI5DdQjB90=) left vehicle Insurgent SUV Winter (id=AAFC039CC7423A4ECD106EBAF4FF3560 pos=<3756.2, 403.29, 5998.67>)
19:50:35.641 [Expansion Quests] Added new objective data for type=TRAVEL | Key= | ID=1
19:50:35.641 [Expansion Quests] Updated and saved persistent player quest data for player with UID=9szT4lgWrC31d88fAvc23o0FnJmOGYTMMEI5DdQjB90= | Quest ID=1
19:50:35.642 [Expansion Quests] Player with UID=9szT4lgWrC31d88fAvc23o0FnJmOGYTMMEI5DdQjB90= has completed quest with ID=1
19:50:35.642 [Expansion Quests] Updated and saved persistent player quest data for player with UID=9szT4lgWrC31d88fAvc23o0FnJmOGYTMMEI5DdQjB90= | Quest ID=1
19:52:53.553 [Market] Player "WearYourPPE" (id=9szT4lgWrC31d88fAvc23o0FnJmOGYTMMEI5DdQjB90=) has bought hideout_weaponbag_black x1 (427ee7b0) from the trader "Safezone ( [Safezone])" in market zone "Green Mountain" (pos=<3720.000000, 115.783501, 6006.666992>) for a price of 0.
19:53:22.486 [Market] Player "WearYourPPE" (id=9szT4lgWrC31d88fAvc23o0FnJmOGYTMMEI5DdQjB90=) has bought fog_arcticpants_black x1 (42801fe0) from the trader "Safezone ( [Safezone])" in market zone "Green Mountain" (pos=<3720.000000, 115.783501, 6006.666992>) for a price of 0.
19:53:38.030 [Market] Player "WearYourPPE" (id=9szT4lgWrC31d88fAvc23o0FnJmOGYTMMEI5DdQjB90=) has bought fog_shirt_arcticjacket_black x1 (35c7f550) from the trader "Safezone ( [Safezone])" in market zone "Green Mountain" (pos=<3720.000000, 115.783501, 6006.666992>) for a price of 0.
19:54:57.713 [Market] Player "WearYourPPE" (id=9szT4lgWrC31d88fAvc23o0FnJmOGYTMMEI5DdQjB90=) has bought fog_helmet_hgu56_black x1 (3c09f480) from the trader "Safezone ( [Safezone])" in market zone "Green Mountain" (pos=<3720.000000, 115.783501, 6006.666992>) for a price of 0.
19:55:18.377 [Market] Player "WearYourPPE" (id=9szT4lgWrC31d88fAvc23o0FnJmOGYTMMEI5DdQjB90=) has bought hideout_ifak_medkit_black x1 (48dfd190) from the trader "Safezone ( [Safezone])" in market zone "Green Mountain" (pos=<3720.000000, 115.783501, 6006.666992>) for a price of 0.
19:55:19.249 [Market] Player "WearYourPPE" (id=9szT4lgWrC31d88fAvc23o0FnJmOGYTMMEI5DdQjB90=) has bought hideout_grizzly_medkit x1 (48df8c30) from the trader "Safezone ( [Safezone])" in market zone "Green Mountain" (pos=<3720.000000, 115.783501, 6006.666992>) for a price of 0.
19:55:20.095 [Market] Player "WearYourPPE" (id=9szT4lgWrC31d88fAvc23o0FnJmOGYTMMEI5DdQjB90=) has bought hideout_bandagedressing x1 (48df6980) from the trader "Safezone ( [Safezone])" in market zone "Green Mountain" (pos=<3720.000000, 115.783501, 6006.666992>) for a price of 0.
19:55:20.674 [Market] Player "WearYourPPE" (id=9szT4lgWrC31d88fAvc23o0FnJmOGYTMMEI5DdQjB90=) has bought hideout_bandagedressing x1 (48df97c0) from the trader "Safezone ( [Safezone])" in market zone "Green Mountain" (pos=<3720.000000, 115.783501, 6006.666992>) for a price of 0.
19:55:28.415 [Market] Player "WearYourPPE" (id=9szT4lgWrC31d88fAvc23o0FnJmOGYTMMEI5DdQjB90=) has bought mfp_hflask_midnight x1 (35caed40) from the trader "Safezone ( [Safezone])" in market zone "Green Mountain" (pos=<3720.000000, 115.783501, 6006.666992>) for a price of 2500.
19:55:45.224 [Market] Player "WearYourPPE" (id=9szT4lgWrC31d88fAvc23o0FnJmOGYTMMEI5DdQjB90=) has bought fog_dripclava_black x1 (3f0dac70) from the trader "Safezone ( [Safezone])" in market zone "Green Mountain" (pos=<3720.000000, 115.783501, 6006.666992>) for a price of 0.
19:56:04.725 [Market] Player "WearYourPPE" (id=9szT4lgWrC31d88fAvc23o0FnJmOGYTMMEI5DdQjB90=) has bought fog_uapnvg_black x1 (304e11a0) from the trader "Safezone ( [Safezone])" in market zone "Green Mountain" (pos=<3720.000000, 115.783501, 6006.666992>) for a price of 10000.
19:56:47.352 [Market] Player "WearYourPPE" (id=9szT4lgWrC31d88fAvc23o0FnJmOGYTMMEI5DdQjB90=) has sold balaclava3holes_black x1 (2d9bffc0) at the trader "Safezone ( [Safezone])" in market zone "Green Mountain" (pos=<3720.000000, 115.783501, 6006.666992>) and got 0.
19:56:50.104 [Market] Player "WearYourPPE" (id=9szT4lgWrC31d88fAvc23o0FnJmOGYTMMEI5DdQjB90=) has sold fog_fieldshorts_black x1 (88a4dd40) at the trader "Safezone ( [Safezone])" in market zone "Green Mountain" (pos=<3720.000000, 115.783501, 6006.666992>) and got 0.
19:57:13.128 [Market] Player "WearYourPPE" (id=9szT4lgWrC31d88fAvc23o0FnJmOGYTMMEI5DdQjB90=) has bought bbp_blueprint x1 (3cee87f0) from the trader "Safezone ( [Safezone])" in market zone "Green Mountain" (pos=<3720.000000, 115.783501, 6006.666992>) for a price of 0.
19:57:14.268 [Market] Player "WearYourPPE" (id=9szT4lgWrC31d88fAvc23o0FnJmOGYTMMEI5DdQjB90=) has bought codelock x1 (304fb7d0) from the trader "Safezone ( [Safezone])" in market zone "Green Mountain" (pos=<3720.000000, 115.783501, 6006.666992>) for a price of 0.
19:57:14.912 [Market] Player "WearYourPPE" (id=9szT4lgWrC31d88fAvc23o0FnJmOGYTMMEI5DdQjB90=) has bought codelock x1 (304f4b40) from the trader "Safezone ( [Safezone])" in market zone "Green Mountain" (pos=<3720.000000, 115.783501, 6006.666992>) for a price of 0.
19:57:16.913 [Market] Player "WearYourPPE" (id=9szT4lgWrC31d88fAvc23o0FnJmOGYTMMEI5DdQjB90=) has bought codelock x1 (304fcff0) from the trader "Safezone ( [Safezone])" in market zone "Green Mountain" (pos=<3720.000000, 115.783501, 6006.666992>) for a price of 0.
19:57:18.820 [Market] Player "WearYourPPE" (id=9szT4lgWrC31d88fAvc23o0FnJmOGYTMMEI5DdQjB90=) has bought whetstone x1 (41c15160) from the trader "Safezone ( [Safezone])" in market zone "Green Mountain" (pos=<3720.000000, 115.783501, 6006.666992>) for a price of 0.
19:57:19.217 [Market] Player "WearYourPPE" (id=9szT4lgWrC31d88fAvc23o0FnJmOGYTMMEI5DdQjB90=) has bought whetstone x1 (41c1e7b0) from the trader "Safezone ( [Safezone])" in market zone "Green Mountain" (pos=<3720.000000, 115.783501, 6006.666992>) for a price of 0.
19:57:29.712 [Market] Player "WearYourPPE" (id=9szT4lgWrC31d88fAvc23o0FnJmOGYTMMEI5DdQjB90=) has bought lbs_sleepingpacked_new_camo x1 (41c24fc0) from the trader "Safezone ( [Safezone])" in market zone "Green Mountain" (pos=<3720.000000, 115.783501, 6006.666992>) for a price of 0.
19:58:00.313 [Market] Player "WearYourPPE" (id=9szT4lgWrC31d88fAvc23o0FnJmOGYTMMEI5DdQjB90=) has bought a6_chimera_300_suppressor x1 (37ba8870) from the trader "Safezone ( [Safezone])" in market zone "Green Mountain" (pos=<3720.000000, 115.783501, 6006.666992>) for a price of 0.
19:58:05.221 [Market] Player "WearYourPPE" (id=9szT4lgWrC31d88fAvc23o0FnJmOGYTMMEI5DdQjB90=) has bought a6_ai_338_suppressor x1 (37ba9400) from the trader "Safezone ( [Safezone])" in market zone "Green Mountain" (pos=<3720.000000, 115.783501, 6006.666992>) for a price of 0.
19:58:29.167 [Market] Player "WearYourPPE" (id=9szT4lgWrC31d88fAvc23o0FnJmOGYTMMEI5DdQjB90=) has bought a6_beowulf x1 (3d5a78a0) from the trader "Safezone ( [Safezone])" in market zone "Green Mountain" (pos=<3720.000000, 115.783501, 6006.666992>) for a price of 0.
19:59:13.178 [Market] Player "WearYourPPE" (id=9szT4lgWrC31d88fAvc23o0FnJmOGYTMMEI5DdQjB90=) has bought a6_mag_beowulf_10rnd x1 (3a15dec0, ammo_a6_50beo x10) from the trader "Safezone ( [Safezone])" in market zone "Green Mountain" (pos=<3720.000000, 115.783501, 6006.666992>) for a price of 6000.
19:59:13.639 [Market] Player "WearYourPPE" (id=9szT4lgWrC31d88fAvc23o0FnJmOGYTMMEI5DdQjB90=) has bought a6_mag_beowulf_10rnd x1 (3a15ead0, ammo_a6_50beo x10) from the trader "Safezone ( [Safezone])" in market zone "Green Mountain" (pos=<3720.000000, 115.783501, 6006.666992>) for a price of 6000.
19:59:14.097 [Market] Player "WearYourPPE" (id=9szT4lgWrC31d88fAvc23o0FnJmOGYTMMEI5DdQjB90=) has bought a6_mag_beowulf_10rnd x1 (3a170c50, ammo_a6_50beo x10) from the trader "Safezone ( [Safezone])" in market zone "Green Mountain" (pos=<3720.000000, 115.783501, 6006.666992>) for a price of 6000.
19:59:14.715 [Market] Player "WearYourPPE" (id=9szT4lgWrC31d88fAvc23o0FnJmOGYTMMEI5DdQjB90=) has bought a6_mag_beowulf_10rnd x1 (3a169fc0, ammo_a6_50beo x10) from the trader "Safezone ( [Safezone])" in market zone "Green Mountain" (pos=<3720.000000, 115.783501, 6006.666992>) for a price of 6000.
19:59:39.788 [Market] Player "WearYourPPE" (id=9szT4lgWrC31d88fAvc23o0FnJmOGYTMMEI5DdQjB90=) has bought a6_m4a1_handguard_dd125_mlok_green x1 (434dae60) from the trader "Safezone ( [Safezone])" in market zone "Green Mountain" (pos=<3720.000000, 115.783501, 6006.666992>) for a price of 0.
20:00:38.142 [Market] Player "WearYourPPE" (id=9szT4lgWrC31d88fAvc23o0FnJmOGYTMMEI5DdQjB90=) has bought a6_mft_min_buttstock_black x1 (502267b0) from the trader "Safezone ( [Safezone])" in market zone "Green Mountain" (pos=<3720.000000, 115.783501, 6006.666992>) for a price of 0.
20:01:51.921 [Market] Player "WearYourPPE" (id=9szT4lgWrC31d88fAvc23o0FnJmOGYTMMEI5DdQjB90=) has bought a6_asval x1 (7ed09fd0) from the trader "Safezone ( [Safezone])" in market zone "Green Mountain" (pos=<3720.000000, 115.783501, 6006.666992>) for a price of 0.
20:02:10.053 [Market] Player "WearYourPPE" (id=9szT4lgWrC31d88fAvc23o0FnJmOGYTMMEI5DdQjB90=) has bought ammo_a6_50beo x20 (3b4889d0) from the trader "Safezone ( [Safezone])" in market zone "Green Mountain" (pos=<3720.000000, 115.783501, 6006.666992>) for a price of 12000.
20:03:23.006 [Market] Player "WearYourPPE" (id=9szT4lgWrC31d88fAvc23o0FnJmOGYTMMEI5DdQjB90=) has bought a6_mag_vikhr_30rnd x1 (4e293db0) from the trader "Safezone ( [Safezone])" in market zone "Green Mountain" (pos=<3720.000000, 115.783501, 6006.666992>) for a price of 0.
20:03:23.478 [Market] Player "WearYourPPE" (id=9szT4lgWrC31d88fAvc23o0FnJmOGYTMMEI5DdQjB90=) has bought a6_mag_vikhr_30rnd x1 (4e2961e0) from the trader "Safezone ( [Safezone])" in market zone "Green Mountain" (pos=<3720.000000, 115.783501, 6006.666992>) for a price of 0.
20:03:24.046 [Market] Player "WearYourPPE" (id=9szT4lgWrC31d88fAvc23o0FnJmOGYTMMEI5DdQjB90=) has bought a6_mag_vikhr_30rnd x1 (424914e0) from the trader "Safezone ( [Safezone])" in market zone "Green Mountain" (pos=<3720.000000, 115.783501, 6006.666992>) for a price of 0.
20:03:25.713 [Market] Player "WearYourPPE" (id=9szT4lgWrC31d88fAvc23o0FnJmOGYTMMEI5DdQjB90=) has bought a6_mag_vikhr_30rnd x1 (424c9d90) from the trader "Safezone ( [Safezone])" in market zone "Green Mountain" (pos=<3720.000000, 115.783501, 6006.666992>) for a price of 0.
20:04:51.644 [Market] Player "WearYourPPE" (id=9szT4lgWrC31d88fAvc23o0FnJmOGYTMMEI5DdQjB90=) has bought a6_mag_vector_50rnd x1 (42499990, ammo_9x19ap63 x50) from the trader "Safezone ( [Safezone])" in market zone "Green Mountain" (pos=<3720.000000, 115.783501, 6006.666992>) for a price of 7000.
20:04:52.860 [Market] Player "WearYourPPE" (id=9szT4lgWrC31d88fAvc23o0FnJmOGYTMMEI5DdQjB90=) has bought a6_mag_vector_50rnd x1 (3b9909d0, ammo_9x19ap63 x50) from the trader "Safezone ( [Safezone])" in market zone "Green Mountain" (pos=<3720.000000, 115.783501, 6006.666992>) for a price of 7000.
20:05:11.737 [Market] Player "WearYourPPE" (id=9szT4lgWrC31d88fAvc23o0FnJmOGYTMMEI5DdQjB90=) has bought a6_glock19 x1 (845db6d0) from the trader "Safezone ( [Safezone])" in market zone "Green Mountain" (pos=<3720.000000, 115.783501, 6006.666992>) for a price of 0.
20:05:50.835 [Market] Player "WearYourPPE" (id=9szT4lgWrC31d88fAvc23o0FnJmOGYTMMEI5DdQjB90=) has bought a6_optic_mount9a91 x1 (43addc70) from the trader "Safezone ( [Safezone])" in market zone "Green Mountain" (pos=<3720.000000, 115.783501, 6006.666992>) for a price of 0.
20:07:42.930 [Market] Player "WearYourPPE" (id=9szT4lgWrC31d88fAvc23o0FnJmOGYTMMEI5DdQjB90=) has bought a6_ospreysuppressor x1 (35c02f20) from the trader "Safezone ( [Safezone])" in market zone "Green Mountain" (pos=<3720.000000, 115.783501, 6006.666992>) for a price of 0.
20:07:57.723 [Market] Player "WearYourPPE" (id=9szT4lgWrC31d88fAvc23o0FnJmOGYTMMEI5DdQjB90=) has sold a6_chimera_300_suppressor x1 (37ba8870) at the trader "Safezone ( [Safezone])" in market zone "Green Mountain" (pos=<3720.000000, 115.783501, 6006.666992>) and got 0.
20:08:54.341 [Market] Player "WearYourPPE" (id=9szT4lgWrC31d88fAvc23o0FnJmOGYTMMEI5DdQjB90=) has bought fog_vest_tactec_black x1 (4f7bbe00) from the trader "Safezone ( [Safezone])" in market zone "Green Mountain" (pos=<3720.000000, 115.783501, 6006.666992>) for a price of 25000.
20:09:14.305 [Market] Player "WearYourPPE" (id=9szT4lgWrC31d88fAvc23o0FnJmOGYTMMEI5DdQjB90=) has bought fog_pouch_mag_avs_black x1 (4d9ef080) from the trader "Safezone ( [Safezone])" in market zone "Green Mountain" (pos=<3720.000000, 115.783501, 6006.666992>) for a price of 0.
20:09:32.095 [Market] Player "WearYourPPE" (id=9szT4lgWrC31d88fAvc23o0FnJmOGYTMMEI5DdQjB90=) has bought fog_pouch_admin_small_black x1 (4c15bce0) from the trader "Safezone ( [Safezone])" in market zone "Green Mountain" (pos=<3720.000000, 115.783501, 6006.666992>) for a price of 0.
20:09:34.309 [Market] Player "WearYourPPE" (id=9szT4lgWrC31d88fAvc23o0FnJmOGYTMMEI5DdQjB90=) has bought fog_pouch_belly_black x1 (4c160240) from the trader "Safezone ( [Safezone])" in market zone "Green Mountain" (pos=<3720.000000, 115.783501, 6006.666992>) for a price of 0.
20:11:48.085 [VehicleEnter] Player "WearYourPPE" (id=9szT4lgWrC31d88fAvc23o0FnJmOGYTMMEI5DdQjB90=) entered vehicle Insurgent SUV Winter (id=AAFC039CC7423A4ECD106EBAF4FF3560 pos=<3756.2, 403.29, 5998.67>) as driver
20:11:50.319 [VehicleEngine] Player "WearYourPPE" (id=9szT4lgWrC31d88fAvc23o0FnJmOGYTMMEI5DdQjB90=) started vehicle Insurgent SUV Winter (id=AAFC039CC7423A4ECD106EBAF4FF3560 pos=<3756.2, 403.29, 5998.67>)
20:12:31.778 [Safezone] Player "WearYourPPE" (id=9szT4lgWrC31d88fAvc23o0FnJmOGYTMMEI5DdQjB90= pos=<3504.78, 344.72, 6622.74>) left the safezone
20:13:00.616 [VehicleEngine] Player "NULL" (id=NULL) stopped vehicle Insurgent SUV Winter (id=AAFC039CC7423A4ECD106EBAF4FF3560 pos=<3541.71, 333.21, 7114.81>)
20:13:00.650 [VehicleLeave] Player "WearYourPPE" (id=9szT4lgWrC31d88fAvc23o0FnJmOGYTMMEI5DdQjB90=) left vehicle Insurgent SUV Winter (id=AAFC039CC7423A4ECD106EBAF4FF3560 pos=<3541.71, 333.21, 7114.81>)
20:14:09.718 [VehicleEnter] Player "WearYourPPE" (id=9szT4lgWrC31d88fAvc23o0FnJmOGYTMMEI5DdQjB90=) entered vehicle Shelby Super Snake 2019 (White w/Black Stripes) (id=2D67F552AB496F6CF8A451822A199EA9 pos=<3472.17, 334.96, 7150.46>) as driver
20:14:20.749 [VehicleLeave] Player "WearYourPPE" (id=9szT4lgWrC31d88fAvc23o0FnJmOGYTMMEI5DdQjB90=) left vehicle Shelby Super Snake 2019 (White w/Black Stripes) (id=2D67F552AB496F6CF8A451822A199EA9 pos=<3472.21, 334.96, 7150.46>)
20:14:50.379 [VehicleEnter] Player "WearYourPPE" (id=9szT4lgWrC31d88fAvc23o0FnJmOGYTMMEI5DdQjB90=) entered vehicle Insurgent SUV Winter (id=AAFC039CC7423A4ECD106EBAF4FF3560 pos=<3541.71, 333.21, 7114.81>) as driver
20:14:52.719 [VehicleEngine] Player "WearYourPPE" (id=9szT4lgWrC31d88fAvc23o0FnJmOGYTMMEI5DdQjB90=) started vehicle Insurgent SUV Winter (id=AAFC039CC7423A4ECD106EBAF4FF3560 pos=<3541.71, 333.21, 7114.81>)
20:15:04.879 [VehicleEngine] Player "NULL" (id=NULL) stopped vehicle Insurgent SUV Winter (id=AAFC039CC7423A4ECD106EBAF4FF3560 pos=<3547.39, 332.43, 7125.44>)
20:15:04.919 [VehicleLeave] Player "WearYourPPE" (id=9szT4lgWrC31d88fAvc23o0FnJmOGYTMMEI5DdQjB90=) left vehicle Insurgent SUV Winter (id=AAFC039CC7423A4ECD106EBAF4FF3560 pos=<3547.39, 332.43, 7125.44>)
20:15:12.131 [VehicleEnter] Player "WearYourPPE" (id=9szT4lgWrC31d88fAvc23o0FnJmOGYTMMEI5DdQjB90=) entered vehicle Porsche 911 GT3 RS (White) (id=DD1ABBFAD0436884AE66E8988DC1F5D5 pos=<3546.84, 331.95, 7134.8>) as driver
20:15:15.019 [VehicleEngine] Player "WearYourPPE" (id=9szT4lgWrC31d88fAvc23o0FnJmOGYTMMEI5DdQjB90=) started vehicle Porsche 911 GT3 RS (White) (id=DD1ABBFAD0436884AE66E8988DC1F5D5 pos=<3546.89, 331.95, 7134.8>)
20:17:36.331 [VehicleEngine] Player "NULL" (id=NULL) stopped vehicle Porsche 911 GT3 RS (White) (id=DD1ABBFAD0436884AE66E8988DC1F5D5 pos=<4150.83, 324.48, 8944.14>)
20:17:36.461 [VehicleLeave] Player "WearYourPPE" (id=9szT4lgWrC31d88fAvc23o0FnJmOGYTMMEI5DdQjB90=) left vehicle Porsche 911 GT3 RS (White) (id=DD1ABBFAD0436884AE66E8988DC1F5D5 pos=<4150.83, 324.48, 8944.14>)
