23:00:55.198 [Expansion Quests] Objective with ID=6 (Type=COLLECT) is set to inactive. Skip adding objective..
23:02:42.975 [Expansion Quests] Initialize quest system on the connected client with UID=Xkk2ff2NKMMSM_BKiN5eD7UhixQcE9wfCszC8WY-J9I=
23:02:42.979 [Expansion Quests] Created new persistent player quest data for player UID=Xkk2ff2NKMMSM_BKiN5eD7UhixQcE9wfCszC8WY-J9I=
23:02:42.979 [Expansion Quests] Create new achievement/auto-start quest for quest ID=1 for player with UID=Xkk2ff2NKMMSM_BKiN5eD7UhixQcE9wfCszC8WY-J9I=
23:02:42.979 [Expansion Quests] Added new objective data for type=TRAVEL | Key= | ID=1
23:02:42.980 [Expansion Quests] Updated and saved persistent player quest data for player with UID=Xkk2ff2NKMMSM_BKiN5eD7UhixQcE9wfCszC8WY-J9I= | Quest ID=1
23:02:42.980 [Expansion Quests] Sending Xkk2ff2NKMMSM_BKiN5eD7UhixQcE9wfCszC8WY-J9I= quest configs to client for player with UID=Xkk2ff2NKMMSM_BKiN5eD7UhixQcE9wfCszC8WY-J9I=
23:02:42.981 [Expansion Quests] Sending player quest data for 1 quests to player with UID=Xkk2ff2NKMMSM_BKiN5eD7UhixQcE9wfCszC8WY-J9I=
23:02:43.457 [Expansion Quests] Added new objective data for type=TRAVEL | Key= | ID=1
23:02:43.457 [Expansion Quests] Updated and saved persistent player quest data for player with UID=Xkk2ff2NKMMSM_BKiN5eD7UhixQcE9wfCszC8WY-J9I= | Quest ID=1
23:29:39.324 [Safezone] Player "crusher43" (id=Xkk2ff2NKMMSM_BKiN5eD7UhixQcE9wfCszC8WY-J9I= pos=<3347.36, 285.44, 5680.43>) entered the safezone
23:31:08.371 [Expansion Quests] Added new objective data for type=TRAVEL | Key= | ID=1
23:31:08.372 [Expansion Quests] Updated and saved persistent player quest data for player with UID=Xkk2ff2NKMMSM_BKiN5eD7UhixQcE9wfCszC8WY-J9I= | Quest ID=1
23:31:08.372 [Expansion Quests] Player with UID=Xkk2ff2NKMMSM_BKiN5eD7UhixQcE9wfCszC8WY-J9I= has completed quest with ID=1
23:31:08.373 [Expansion Quests] Updated and saved persistent player quest data for player with UID=Xkk2ff2NKMMSM_BKiN5eD7UhixQcE9wfCszC8WY-J9I= | Quest ID=1
23:34:25.129 [Market] Player "crusher43" (id=Xkk2ff2NKMMSM_BKiN5eD7UhixQcE9wfCszC8WY-J9I=) has bought mfp_tomatosoup_opened x1 (28d80ef0) from the trader "Safezone ( [Safezone])" in market zone "Green Mountain" (pos=<3720.000000, 115.783501, 6006.666992>) for a price of 2500.
23:34:33.574 [Market] Player "crusher43" (id=Xkk2ff2NKMMSM_BKiN5eD7UhixQcE9wfCszC8WY-J9I=) has bought mfp_hflask_carmine x1 (28d84b40) from the trader "Safezone ( [Safezone])" in market zone "Green Mountain" (pos=<3720.000000, 115.783501, 6006.666992>) for a price of 2500.
23:35:27.406 [Market] Player "crusher43" (id=Xkk2ff2NKMMSM_BKiN5eD7UhixQcE9wfCszC8WY-J9I=) has sold a6_vuduoptic x1 (2e8c35e0) at the trader "Safezone ( [Safezone])" in market zone "Green Mountain" (pos=<3720.000000, 115.783501, 6006.666992>) and got 0.
23:35:28.456 [Market] Player "crusher43" (id=Xkk2ff2NKMMSM_BKiN5eD7UhixQcE9wfCszC8WY-J9I=) has sold a6_sigsauerromeoxloptic x1 (2ee535d0, Battery9V<2edb0550>) at the trader "Safezone ( [Safezone])" in market zone "Green Mountain" (pos=<3720.000000, 115.783501, 6006.666992>) and got 0.
23:35:29.006 [Market] Player "crusher43" (id=Xkk2ff2NKMMSM_BKiN5eD7UhixQcE9wfCszC8WY-J9I=) has sold a6_acogoptic_tan x1 (2e1e0780) at the trader "Safezone ( [Safezone])" in market zone "Green Mountain" (pos=<3720.000000, 115.783501, 6006.666992>) and got 0.
23:35:29.354 [Market] Player "crusher43" (id=Xkk2ff2NKMMSM_BKiN5eD7UhixQcE9wfCszC8WY-J9I=) has sold a6_spitfire_optic x1 (2ee4a510) at the trader "Safezone ( [Safezone])" in market zone "Green Mountain" (pos=<3720.000000, 115.783501, 6006.666992>) and got 0.
23:37:16.912 [Market] Player "crusher43" (id=Xkk2ff2NKMMSM_BKiN5eD7UhixQcE9wfCszC8WY-J9I=) has bought a6_p90 x1 (3f265b30) from the trader "Safezone ( [Safezone])" in market zone "Green Mountain" (pos=<3720.000000, 115.783501, 6006.666992>) for a price of 0.
23:37:46.818 [Market] Player "crusher43" (id=Xkk2ff2NKMMSM_BKiN5eD7UhixQcE9wfCszC8WY-J9I=) has bought hideout_grizzly_medkit x1 (9d462960) from the trader "Safezone ( [Safezone])" in market zone "Green Mountain" (pos=<3720.000000, 115.783501, 6006.666992>) for a price of 0.
23:38:22.758 [Market] Player "crusher43" (id=Xkk2ff2NKMMSM_BKiN5eD7UhixQcE9wfCszC8WY-J9I=) has bought a6_mag_p90_50rnd x1 (441a0690, ammo_a6_57x28 x50) from the trader "Safezone ( [Safezone])" in market zone "Green Mountain" (pos=<3720.000000, 115.783501, 6006.666992>) for a price of 9000.
23:38:40.204 [Market] Player "crusher43" (id=Xkk2ff2NKMMSM_BKiN5eD7UhixQcE9wfCszC8WY-J9I=) has bought a6_fsg2_grip_black x1 (9d47c9a0) from the trader "Safezone ( [Safezone])" in market zone "Green Mountain" (pos=<3720.000000, 115.783501, 6006.666992>) for a price of 0.
23:38:50.887 [Market] Player "crusher43" (id=Xkk2ff2NKMMSM_BKiN5eD7UhixQcE9wfCszC8WY-J9I=) has bought a6_gemtech_tundra_suppressor x1 (9d483d40) from the trader "Safezone ( [Safezone])" in market zone "Green Mountain" (pos=<3720.000000, 115.783501, 6006.666992>) for a price of 0.
23:39:03.534 [Market] Player "crusher43" (id=Xkk2ff2NKMMSM_BKiN5eD7UhixQcE9wfCszC8WY-J9I=) has bought a6_vortexrazoroptic x1 (45e5c910) from the trader "Safezone ( [Safezone])" in market zone "Green Mountain" (pos=<3720.000000, 115.783501, 6006.666992>) for a price of 0.
08:01:36.793 [Safezone] Player "$kizo" (id=o4f3cnqp6AYc2jBk38PQBx8x94UJVru5puhAaLyBD18= pos=<3693.14, 402.02, 5971.86>) entered the safezone
08:01:36.793 [Expansion Quests] Initialize quest system on the connected client with UID=o4f3cnqp6AYc2jBk38PQBx8x94UJVru5puhAaLyBD18=
08:01:36.801 [Expansion Quests] Created new persistent player quest data for player UID=o4f3cnqp6AYc2jBk38PQBx8x94UJVru5puhAaLyBD18=
08:01:36.801 [Expansion Quests] Create new achievement/auto-start quest for quest ID=1 for player with UID=o4f3cnqp6AYc2jBk38PQBx8x94UJVru5puhAaLyBD18=
08:01:36.802 [Expansion Quests] Added new objective data for type=TRAVEL | Key= | ID=1
08:01:36.802 [Expansion Quests] Updated and saved persistent player quest data for player with UID=o4f3cnqp6AYc2jBk38PQBx8x94UJVru5puhAaLyBD18= | Quest ID=1
08:01:36.803 [Expansion Quests] Sending o4f3cnqp6AYc2jBk38PQBx8x94UJVru5puhAaLyBD18= quest configs to client for player with UID=o4f3cnqp6AYc2jBk38PQBx8x94UJVru5puhAaLyBD18=
08:01:36.803 [Expansion Quests] Sending player quest data for 1 quests to player with UID=o4f3cnqp6AYc2jBk38PQBx8x94UJVru5puhAaLyBD18=
08:01:37.191 [Expansion Quests] Added new objective data for type=TRAVEL | Key= | ID=1
08:01:37.191 [Expansion Quests] Updated and saved persistent player quest data for player with UID=o4f3cnqp6AYc2jBk38PQBx8x94UJVru5puhAaLyBD18= | Quest ID=1
08:02:35.388 [Market] Player "$kizo" (id=o4f3cnqp6AYc2jBk38PQBx8x94UJVru5puhAaLyBD18=) has bought codelock x1 (42b30170) from the trader "Safezone ( [Safezone])" in market zone "Green Mountain" (pos=<3720.000000, 115.783501, 6006.666992>) for a price of 0.
08:02:36.332 [Market] Player "$kizo" (id=o4f3cnqp6AYc2jBk38PQBx8x94UJVru5puhAaLyBD18=) has bought bbp_blueprint x1 (af721470) from the trader "Safezone ( [Safezone])" in market zone "Green Mountain" (pos=<3720.000000, 115.783501, 6006.666992>) for a price of 0.
08:03:00.483 [Expansion Quests] Added new objective data for type=TRAVEL | Key= | ID=1
08:03:00.483 [Expansion Quests] Updated and saved persistent player quest data for player with UID=o4f3cnqp6AYc2jBk38PQBx8x94UJVru5puhAaLyBD18= | Quest ID=1
08:03:00.484 [Expansion Quests] Player with UID=o4f3cnqp6AYc2jBk38PQBx8x94UJVru5puhAaLyBD18= has completed quest with ID=1
08:03:00.484 [Expansion Quests] Updated and saved persistent player quest data for player with UID=o4f3cnqp6AYc2jBk38PQBx8x94UJVru5puhAaLyBD18= | Quest ID=1
08:03:14.553 [VehicleDeleted] OffroadHatchback (id=CB785A881E422B37CBB11DB0B521EAF9 pos=<0.01, -51.05, 0.03>)
08:06:58.347 [Market] Player "$kizo" (id=o4f3cnqp6AYc2jBk38PQBx8x94UJVru5puhAaLyBD18=) has bought codelock x1 (44ad52a0) from the trader "Safezone ( [Safezone])" in market zone "Green Mountain" (pos=<3720.000000, 115.783501, 6006.666992>) for a price of 0.
08:06:59.161 [Market] Player "$kizo" (id=o4f3cnqp6AYc2jBk38PQBx8x94UJVru5puhAaLyBD18=) has bought whetstone x1 (b2d43020) from the trader "Safezone ( [Safezone])" in market zone "Green Mountain" (pos=<3720.000000, 115.783501, 6006.666992>) for a price of 0.
08:06:59.345 [Market] Player "$kizo" (id=o4f3cnqp6AYc2jBk38PQBx8x94UJVru5puhAaLyBD18=) has bought whetstone x1 (b2d3eac0) from the trader "Safezone ( [Safezone])" in market zone "Green Mountain" (pos=<3720.000000, 115.783501, 6006.666992>) for a price of 0.
08:07:00.927 [Market] Player "$kizo" (id=o4f3cnqp6AYc2jBk38PQBx8x94UJVru5puhAaLyBD18=) has sold whetstone x1 (b2d43020) at the trader "Safezone ( [Safezone])" in market zone "Green Mountain" (pos=<3720.000000, 115.783501, 6006.666992>) and got 0.
08:07:01.111 [Market] Player "$kizo" (id=o4f3cnqp6AYc2jBk38PQBx8x94UJVru5puhAaLyBD18=) has sold whetstone x1 (b2d3eac0) at the trader "Safezone ( [Safezone])" in market zone "Green Mountain" (pos=<3720.000000, 115.783501, 6006.666992>) and got 0.
08:10:43.724 [VehicleEnter] Player "$kizo" (id=o4f3cnqp6AYc2jBk38PQBx8x94UJVru5puhAaLyBD18=) entered vehicle Ada 4x4 (id=B60C47955D4B4664748A3CBD3A8C8256 pos=<3737.88, 402.56, 6000.36>) as driver
08:11:12.147 [VehicleEngine] Player "$kizo" (id=o4f3cnqp6AYc2jBk38PQBx8x94UJVru5puhAaLyBD18=) started vehicle Ada 4x4 (id=B60C47955D4B4664748A3CBD3A8C8256 pos=<3737.88, 402.56, 6000.36>)
08:12:47.772 [Safezone] Player "$kizo" (id=o4f3cnqp6AYc2jBk38PQBx8x94UJVru5puhAaLyBD18= pos=<4274.29, 331.81, 5520.55>) left the safezone
08:16:38.672 [VehicleEngine] Player "$kizo" (id=o4f3cnqp6AYc2jBk38PQBx8x94UJVru5puhAaLyBD18=) stopped vehicle Ada 4x4 (id=B60C47955D4B4664748A3CBD3A8C8256 pos=<4360.85, 232.04, 4606.77>)
08:16:44.500 [VehicleLeave] Player "$kizo" (id=o4f3cnqp6AYc2jBk38PQBx8x94UJVru5puhAaLyBD18=) left vehicle Ada 4x4 (id=B60C47955D4B4664748A3CBD3A8C8256 pos=<4360.85, 232.04, 4606.77>)
08:17:57.771 [VehicleEnter] Player "$kizo" (id=o4f3cnqp6AYc2jBk38PQBx8x94UJVru5puhAaLyBD18=) entered vehicle Ada 4x4 (id=B60C47955D4B4664748A3CBD3A8C8256 pos=<4360.85, 232.04, 4606.77>) as driver
08:17:59.147 [VehicleEngine] Player "$kizo" (id=o4f3cnqp6AYc2jBk38PQBx8x94UJVru5puhAaLyBD18=) started vehicle Ada 4x4 (id=B60C47955D4B4664748A3CBD3A8C8256 pos=<4360.85, 232.04, 4606.77>)
08:18:02.714 [VehicleLeave] Player "$kizo" (id=o4f3cnqp6AYc2jBk38PQBx8x94UJVru5puhAaLyBD18=) left vehicle Ada 4x4 (id=B60C47955D4B4664748A3CBD3A8C8256 pos=<4360.85, 232.04, 4606.77>)
08:18:10.447 [VehicleEnter] Player "$kizo" (id=o4f3cnqp6AYc2jBk38PQBx8x94UJVru5puhAaLyBD18=) entered vehicle Ada 4x4 (id=B60C47955D4B4664748A3CBD3A8C8256 pos=<4360.85, 232.04, 4606.77>) as driver
08:19:09.873 [VehicleLeave] Player "$kizo" (id=o4f3cnqp6AYc2jBk38PQBx8x94UJVru5puhAaLyBD18=) left vehicle Ada 4x4 (id=B60C47955D4B4664748A3CBD3A8C8256 pos=<4571.22, 233.32, 4525.83>)
08:29:21.301 [VehicleEnter] Player "$kizo" (id=o4f3cnqp6AYc2jBk38PQBx8x94UJVru5puhAaLyBD18=) entered vehicle Ada 4x4 (id=B60C47955D4B4664748A3CBD3A8C8256 pos=<4571.17, 233.32, 4525.88>) as driver
08:29:43.997 [VehicleEngine] Player "$kizo" (id=o4f3cnqp6AYc2jBk38PQBx8x94UJVru5puhAaLyBD18=) stopped vehicle Ada 4x4 (id=B60C47955D4B4664748A3CBD3A8C8256 pos=<4572.43, 233.32, 4528.96>)
08:29:47.431 [VehicleLeave] Player "$kizo" (id=o4f3cnqp6AYc2jBk38PQBx8x94UJVru5puhAaLyBD18=) left vehicle Ada 4x4 (id=B60C47955D4B4664748A3CBD3A8C8256 pos=<4572.43, 233.32, 4528.96>)
08:35:54.538 [VehicleEnter] Player "$kizo" (id=o4f3cnqp6AYc2jBk38PQBx8x94UJVru5puhAaLyBD18=) entered vehicle Ada 4x4 (id=B60C47955D4B4664748A3CBD3A8C8256 pos=<4572.43, 233.32, 4528.96>) as driver
08:35:56.189 [VehicleLeave] Player "$kizo" (id=o4f3cnqp6AYc2jBk38PQBx8x94UJVru5puhAaLyBD18=) left vehicle Ada 4x4 (id=B60C47955D4B4664748A3CBD3A8C8256 pos=<4572.43, 233.32, 4528.96>)
08:36:06.158 [VehicleEnter] Player "$kizo" (id=o4f3cnqp6AYc2jBk38PQBx8x94UJVru5puhAaLyBD18=) entered vehicle Ada 4x4 (id=B60C47955D4B4664748A3CBD3A8C8256 pos=<4572.43, 233.32, 4528.96>) as driver
08:36:07.658 [VehicleLeave] Player "$kizo" (id=o4f3cnqp6AYc2jBk38PQBx8x94UJVru5puhAaLyBD18=) left vehicle Ada 4x4 (id=B60C47955D4B4664748A3CBD3A8C8256 pos=<4572.43, 233.32, 4528.96>)
08:36:11.692 [VehicleEnter] Player "$kizo" (id=o4f3cnqp6AYc2jBk38PQBx8x94UJVru5puhAaLyBD18=) entered vehicle Ada 4x4 (id=B60C47955D4B4664748A3CBD3A8C8256 pos=<4572.43, 233.32, 4528.96>) as driver
08:36:21.222 [VehicleEngine] Player "$kizo" (id=o4f3cnqp6AYc2jBk38PQBx8x94UJVru5puhAaLyBD18=) started vehicle Ada 4x4 (id=B60C47955D4B4664748A3CBD3A8C8256 pos=<4572.43, 233.32, 4528.96>)
08:37:00.892 [VehicleLeave] Player "$kizo" (id=o4f3cnqp6AYc2jBk38PQBx8x94UJVru5puhAaLyBD18=) left vehicle Ada 4x4 (id=B60C47955D4B4664748A3CBD3A8C8256 pos=<4540.17, 233.12, 4560.29>)
08:37:26.546 [VehicleEnter] Player "$kizo" (id=o4f3cnqp6AYc2jBk38PQBx8x94UJVru5puhAaLyBD18=) entered vehicle Ada 4x4 (id=B60C47955D4B4664748A3CBD3A8C8256 pos=<4540.17, 233.12, 4560.29>) as driver
08:51:49.180 [VehicleLeave] Player "$kizo" (id=o4f3cnqp6AYc2jBk38PQBx8x94UJVru5puhAaLyBD18=) left vehicle Ada 4x4 (id=B60C47955D4B4664748A3CBD3A8C8256 pos=<2343.79, 133.25, 3712.9>)
08:51:52.176 [VehicleEnter] Player "$kizo" (id=o4f3cnqp6AYc2jBk38PQBx8x94UJVru5puhAaLyBD18=) entered vehicle Ada 4x4 (id=B60C47955D4B4664748A3CBD3A8C8256 pos=<2343.79, 133.25, 3712.9>) as driver
08:51:53.497 [VehicleEngine] Player "$kizo" (id=o4f3cnqp6AYc2jBk38PQBx8x94UJVru5puhAaLyBD18=) stopped vehicle Ada 4x4 (id=B60C47955D4B4664748A3CBD3A8C8256 pos=<2343.79, 133.25, 3712.9>)
08:51:55.948 [VehicleLeave] Player "$kizo" (id=o4f3cnqp6AYc2jBk38PQBx8x94UJVru5puhAaLyBD18=) left vehicle Ada 4x4 (id=B60C47955D4B4664748A3CBD3A8C8256 pos=<2343.79, 133.25, 3712.9>)
08:52:01.777 [VehicleCarKey] Player "$kizo" (id=o4f3cnqp6AYc2jBk38PQBx8x94UJVru5puhAaLyBD18= pos=<2345.22, 133.33, 3713.92>) used ExpansionCarKey to lock OffroadHatchback (id=B60C47955D4B4664748A3CBD3A8C8256 pos=<2343.79, 133.25, 3712.9>)
08:53:01.763 [VehicleDeleted] OffroadHatchback (id=B60C47955D4B4664748A3CBD3A8C8256 pos=<2343.79, 133.25, 3712.9>)
10:38:52.342 [Safezone] Player "$kizo" (id=o4f3cnqp6AYc2jBk38PQBx8x94UJVru5puhAaLyBD18= pos=<3235.37, 295.97, 6076.98>) entered the safezone
10:42:06.873 [VehicleDeleted] Hatchback_02 (id=95E7B04EEC462A147BC4C2B8257ABA36 pos=<0, 0.64, 0.09>)
10:42:06.891 [Market] Player "$kizo" (id=o4f3cnqp6AYc2jBk38PQBx8x94UJVru5puhAaLyBD18=) has bought hatchback_02 x1 (7f3d8750, HeadlightH7<3d0f1cf0>, HeadlightH7<3d0f1cf0>, SparkPlug<3d0f6de0>, CarRadiator<3d0f56c0>, CarBattery<3d0ee320>, Hatchback_02_Trunk<3d126900>, Hatchback_02_Hood<3d127490>, Hatchback_02_Door_2_2<3d1251e0>, Hatchback_02_Door_1_2<3d123ac0>, Hatchback_02_Door_2_1<3d11a470>, Hatchback_02_Door_1_1<3d1200f0>, Hatchback_02_Wheel<41392a80>, Hatchback_02_Wheel<41392a80>, Hatchback_02_Wheel<41392a80>, Hatchback_02_Wheel<41392a80>, Hatchback_02_Wheel<41392a80>) from the trader "Vehicles ( [Vehicles])" in market zone "Green Mountain" (pos=<3720.000000, 115.783501, 6006.666992>) for a price of 18400.
10:42:28.011 [VehicleCarKey] Player "$kizo" (id=o4f3cnqp6AYc2jBk38PQBx8x94UJVru5puhAaLyBD18= pos=<3695.05, 402.02, 5992.17>) used ExpansionCarKey to unlock Hatchback_02 (id=962637E21044B901AAE89EB1DB6CBF5C pos=<3695.99, 402.04, 5994.26>)
10:42:38.702 [VehicleEnter] Player "$kizo" (id=o4f3cnqp6AYc2jBk38PQBx8x94UJVru5puhAaLyBD18=) entered vehicle Gunter 2 (id=962637E21044B901AAE89EB1DB6CBF5C pos=<3695.98, 402.04, 5994.26>) as driver
10:42:41.546 [VehicleEngine] Player "$kizo" (id=o4f3cnqp6AYc2jBk38PQBx8x94UJVru5puhAaLyBD18=) started vehicle Gunter 2 (id=962637E21044B901AAE89EB1DB6CBF5C pos=<3695.97, 402.04, 5994.26>)
10:43:22.840 [Safezone] Player "$kizo" (id=o4f3cnqp6AYc2jBk38PQBx8x94UJVru5puhAaLyBD18= pos=<4205.49, 336.96, 5583.91>) left the safezone
10:45:03.035 [VehicleLeave] Player "$kizo" (id=o4f3cnqp6AYc2jBk38PQBx8x94UJVru5puhAaLyBD18=) left vehicle Gunter 2 (id=962637E21044B901AAE89EB1DB6CBF5C pos=<4575.73, 233.32, 4527.37>)
10:47:24.834 [VehicleEnter] Player "$kizo" (id=o4f3cnqp6AYc2jBk38PQBx8x94UJVru5puhAaLyBD18=) entered vehicle Gunter 2 (id=962637E21044B901AAE89EB1DB6CBF5C pos=<4575.74, 233.32, 4527.37>) as driver
10:48:55.478 [Safezone] Player "$kizo" (id=o4f3cnqp6AYc2jBk38PQBx8x94UJVru5puhAaLyBD18= pos=<4088.41, 355.39, 5689.94>) entered the safezone
10:49:35.163 [VehicleLeave] Player "$kizo" (id=o4f3cnqp6AYc2jBk38PQBx8x94UJVru5puhAaLyBD18=) left vehicle Gunter 2 (id=962637E21044B901AAE89EB1DB6CBF5C pos=<3704.54, 402.06, 5969.32>)
10:49:46.204 [Market] Player "$kizo" (id=o4f3cnqp6AYc2jBk38PQBx8x94UJVru5puhAaLyBD18=) has bought fog_bag_6shbagt_black x1 (48fea110) from the trader "Safezone ( [Safezone])" in market zone "Green Mountain" (pos=<3720.000000, 115.783501, 6006.666992>) for a price of 0.
10:52:42.845 [VehicleEnter] Player "$kizo" (id=o4f3cnqp6AYc2jBk38PQBx8x94UJVru5puhAaLyBD18=) entered vehicle Gunter 2 (id=962637E21044B901AAE89EB1DB6CBF5C pos=<3704.54, 402.06, 5969.31>) as driver
10:53:03.196 [VehicleEngine] Player "$kizo" (id=o4f3cnqp6AYc2jBk38PQBx8x94UJVru5puhAaLyBD18=) stopped vehicle Gunter 2 (id=962637E21044B901AAE89EB1DB6CBF5C pos=<3738.06, 402.58, 6000.17>)
10:53:06.478 [VehicleLeave] Player "$kizo" (id=o4f3cnqp6AYc2jBk38PQBx8x94UJVru5puhAaLyBD18=) left vehicle Gunter 2 (id=962637E21044B901AAE89EB1DB6CBF5C pos=<3738.01, 402.58, 6000.24>)
10:53:13.930 [VehicleDeleted] Hatchback_02 (id=962637E21044B901AAE89EB1DB6CBF5C pos=<3738.01, 402.58, 6000.24>)
10:54:17.664 [Market] Player "$kizo" (id=o4f3cnqp6AYc2jBk38PQBx8x94UJVru5puhAaLyBD18=) has bought shovel x1 (3981c650) from the trader "Safezone ( [Safezone])" in market zone "Green Mountain" (pos=<3720.000000, 115.783501, 6006.666992>) for a price of 0.
10:54:40.060 [Market] Player "$kizo" (id=o4f3cnqp6AYc2jBk38PQBx8x94UJVru5puhAaLyBD18=) has bought fieldshovel x1 (2e3576b0) from the trader "Safezone ( [Safezone])" in market zone "Green Mountain" (pos=<3720.000000, 115.783501, 6006.666992>) for a price of 0.
