16:37:23.148 [Expansion Quests] Objective with ID=6 (Type=COLLECT) is set to inactive. Skip adding objective..
16:38:46.173 [Safezone] Player "Syntactix" (id=FyJcOhcMvMpOVeNd_G3xpD63Qg86N5ALZZh0U4LUn0c= pos=<3699.23, 402.02, 6001.82>) entered the safezone
16:38:46.174 [Expansion Quests] Initialize quest system on the connected client with UID=FyJcOhcMvMpOVeNd_G3xpD63Qg86N5ALZZh0U4LUn0c=
16:38:46.185 [Expansion Quests] Loaded existing player quest data for player with UID=FyJcOhcMvMpOVeNd_G3xpD63Qg86N5ALZZh0U4LUn0c=
16:38:46.186 [Expansion Quests] Loaded existing group quest data for group with ID=5310120
16:38:46.186 [Expansion Quests] Check quest initialization for quest with ID=1 | State=COMPLETED | Player UID=FyJcOhcMvMpOVeNd_G3xpD63Qg86N5ALZZh0U4LUn0c=
16:38:46.187 [Expansion Quests] Sending FyJcOhcMvMpOVeNd_G3xpD63Qg86N5ALZZh0U4LUn0c= quest configs to client for player with UID=FyJcOhcMvMpOVeNd_G3xpD63Qg86N5ALZZh0U4LUn0c=
16:38:46.187 [Expansion Quests] Sending player quest data for 1 quests to player with UID=FyJcOhcMvMpOVeNd_G3xpD63Qg86N5ALZZh0U4LUn0c=
16:44:19.691 [Safezone] Player "$kizo" (id=o4f3cnqp6AYc2jBk38PQBx8x94UJVru5puhAaLyBD18= pos=<3697.4, 402.02, 5993.71>) entered the safezone
16:44:19.692 [Expansion Quests] Initialize quest system on the connected client with UID=o4f3cnqp6AYc2jBk38PQBx8x94UJVru5puhAaLyBD18=
16:44:19.707 [Expansion Quests] Loaded existing player quest data for player with UID=o4f3cnqp6AYc2jBk38PQBx8x94UJVru5puhAaLyBD18=
16:44:19.707 [Expansion Quests] Check quest initialization for quest with ID=1 | State=COMPLETED | Player UID=o4f3cnqp6AYc2jBk38PQBx8x94UJVru5puhAaLyBD18=
16:44:19.708 [Expansion Quests] Sending o4f3cnqp6AYc2jBk38PQBx8x94UJVru5puhAaLyBD18= quest configs to client for player with UID=o4f3cnqp6AYc2jBk38PQBx8x94UJVru5puhAaLyBD18=
16:44:19.708 [Expansion Quests] Sending player quest data for 1 quests to player with UID=o4f3cnqp6AYc2jBk38PQBx8x94UJVru5puhAaLyBD18=
16:45:06.845 [VehicleEnter] Player "$kizo" (id=o4f3cnqp6AYc2jBk38PQBx8x94UJVru5puhAaLyBD18=) entered vehicle Insurgent SUV Black (id=0C5A9D02E14D10946D935192D799FB3D pos=<3701.03, 402.07, 5993.56>) as driver
16:45:08.704 [VehicleEngine] Player "$kizo" (id=o4f3cnqp6AYc2jBk38PQBx8x94UJVru5puhAaLyBD18=) started vehicle Insurgent SUV Black (id=0C5A9D02E14D10946D935192D799FB3D pos=<3701.03, 402.07, 5993.56>)
16:45:14.516 [VehicleLeave] Player "$kizo" (id=o4f3cnqp6AYc2jBk38PQBx8x94UJVru5puhAaLyBD18=) left vehicle Insurgent SUV Black (id=0C5A9D02E14D10946D935192D799FB3D pos=<3701.03, 402.07, 5993.56>)
16:45:26.222 [VehicleEnter] Player "$kizo" (id=o4f3cnqp6AYc2jBk38PQBx8x94UJVru5puhAaLyBD18=) entered vehicle Insurgent SUV Black (id=0C5A9D02E14D10946D935192D799FB3D pos=<3701.03, 402.07, 5993.56>) as driver
16:46:08.251 [Safezone] Player "$kizo" (id=o4f3cnqp6AYc2jBk38PQBx8x94UJVru5puhAaLyBD18= pos=<4311.04, 329.72, 5483.15>) left the safezone
16:47:27.842 [VehicleLeave] Player "$kizo" (id=o4f3cnqp6AYc2jBk38PQBx8x94UJVru5puhAaLyBD18=) left vehicle Insurgent SUV Black (id=0C5A9D02E14D10946D935192D799FB3D pos=<4569.63, 233.35, 4523.05>)
16:48:11.001 [Safezone] Player "Syntactix" (id=FyJcOhcMvMpOVeNd_G3xpD63Qg86N5ALZZh0U4LUn0c= pos=<3699.86, 402, 5983.12>) entered the safezone
16:59:04.860 [VehicleEnter] Player "$kizo" (id=o4f3cnqp6AYc2jBk38PQBx8x94UJVru5puhAaLyBD18=) entered vehicle Insurgent SUV Black (id=0C5A9D02E14D10946D935192D799FB3D pos=<4568.69, 233.35, 4522.67>) as driver
16:59:54.004 [VehicleEngine] Player "$kizo" (id=o4f3cnqp6AYc2jBk38PQBx8x94UJVru5puhAaLyBD18=) stopped vehicle Insurgent SUV Black (id=0C5A9D02E14D10946D935192D799FB3D pos=<4576.62, 233.35, 4530.19>)
16:59:56.208 [VehicleLeave] Player "$kizo" (id=o4f3cnqp6AYc2jBk38PQBx8x94UJVru5puhAaLyBD18=) left vehicle Insurgent SUV Black (id=0C5A9D02E14D10946D935192D799FB3D pos=<4576.62, 233.35, 4530.19>)
17:18:26.984 [Expansion Quests] Initialize quest system on the connected client with UID=o4f3cnqp6AYc2jBk38PQBx8x94UJVru5puhAaLyBD18=
17:18:26.988 [Expansion Quests] Loaded existing player quest data for player with UID=o4f3cnqp6AYc2jBk38PQBx8x94UJVru5puhAaLyBD18=
17:18:26.988 [Expansion Quests] Created new persistent group quest data for group with ID=218927968
17:18:26.988 [Expansion Quests] Check quest initialization for quest with ID=1 | State=COMPLETED | Player UID=o4f3cnqp6AYc2jBk38PQBx8x94UJVru5puhAaLyBD18=
17:18:26.989 [Expansion Quests] Sending o4f3cnqp6AYc2jBk38PQBx8x94UJVru5puhAaLyBD18= quest configs to client for player with UID=o4f3cnqp6AYc2jBk38PQBx8x94UJVru5puhAaLyBD18=
17:18:26.989 [Expansion Quests] Sending player quest data for 1 quests to player with UID=o4f3cnqp6AYc2jBk38PQBx8x94UJVru5puhAaLyBD18=
17:18:45.548 [VehicleDeleted] CrSk_Insurgent_SUV_Black (id=0C5A9D02E14D10946D935192D799FB3D pos=<4576.62, 233.35, 4530.19>)
17:20:16.076 [VehicleCover] Player "$kizo" (id=o4f3cnqp6AYc2jBk38PQBx8x94UJVru5puhAaLyBD18= pos=<4575.13, 233.32, 4529.43>) uncovered vehicle "CrSk_Insurgent_SUV_Black" (GlobalID=8000000080000000800000008000000F pos=<4576.62, 233.35, 4530.19>)!
17:27:16.731 [VehicleDeleted] CrSk_Insurgent_SUV_Black (id=468701AD4D45986558CFE5A2D2C42B18 pos=<4575.92, 233.35, 4530.98>)
17:44:02.050 [VehicleCover] Player "$kizo" (id=o4f3cnqp6AYc2jBk38PQBx8x94UJVru5puhAaLyBD18= pos=<4574.58, 233.28, 4529.33>) uncovered vehicle "CrSk_Insurgent_SUV_Black" (GlobalID=8000000080000000800000008000000F pos=<4575.92, 233.35, 4530.98>)!
17:44:15.156 [VehicleEnter] Player "$kizo" (id=o4f3cnqp6AYc2jBk38PQBx8x94UJVru5puhAaLyBD18=) entered vehicle Insurgent SUV Black (id=C416628DD947269F1F10E083F74E6EEA pos=<4576.26, 233.35, 4530.99>) as driver
17:44:21.655 [VehicleLeave] Player "$kizo" (id=o4f3cnqp6AYc2jBk38PQBx8x94UJVru5puhAaLyBD18=) left vehicle Insurgent SUV Black (id=C416628DD947269F1F10E083F74E6EEA pos=<4576.26, 233.35, 4530.99>)
17:45:06.373 [VehicleEnter] Player "$kizo" (id=o4f3cnqp6AYc2jBk38PQBx8x94UJVru5puhAaLyBD18=) entered vehicle Insurgent SUV Black (id=C416628DD947269F1F10E083F74E6EEA pos=<4576.26, 233.35, 4530.99>) as driver
17:45:07.997 [VehicleEngine] Player "$kizo" (id=o4f3cnqp6AYc2jBk38PQBx8x94UJVru5puhAaLyBD18=) started vehicle Insurgent SUV Black (id=C416628DD947269F1F10E083F74E6EEA pos=<4576.26, 233.35, 4530.99>)
17:45:16.941 [VehicleLeave] Player "$kizo" (id=o4f3cnqp6AYc2jBk38PQBx8x94UJVru5puhAaLyBD18=) left vehicle Insurgent SUV Black (id=C416628DD947269F1F10E083F74E6EEA pos=<4566.43, 233.35, 4533.96>)
17:45:23.816 [VehicleEnter] Player "$kizo" (id=o4f3cnqp6AYc2jBk38PQBx8x94UJVru5puhAaLyBD18=) entered vehicle Insurgent SUV Black (id=C416628DD947269F1F10E083F74E6EEA pos=<4566.43, 233.35, 4533.97>) as driver
17:46:47.003 [Safezone] Player "$kizo" (id=o4f3cnqp6AYc2jBk38PQBx8x94UJVru5puhAaLyBD18= pos=<4083.82, 357.01, 5693.79>) entered the safezone
17:47:14.312 [VehicleLeave] Player "$kizo" (id=o4f3cnqp6AYc2jBk38PQBx8x94UJVru5puhAaLyBD18=) left vehicle Insurgent SUV Black (id=C416628DD947269F1F10E083F74E6EEA pos=<3737.88, 402.56, 6001.05>)
17:47:24.252 [VehicleDeleted] CrSk_Insurgent_SUV_Black (id=C416628DD947269F1F10E083F74E6EEA pos=<3737.88, 402.56, 6001.05>)
17:50:01.617 [Market] Player "$kizo" (id=o4f3cnqp6AYc2jBk38PQBx8x94UJVru5puhAaLyBD18=) has bought a6_mcx_spear x1 (b5283f50, A6_RK2_Grip<1e92d5e0>, A6_MOESLK_Buttstock_Tan<1e930fb0>, A6_SLX68_Suppressor<1e9256b0>, A6_VuduOptic<c6326990>, A6_Mag_MCX_Spear_20Rnd<c632ca10>, ammo_a6_277fury x20) from the trader "Safezone ( [Safezone])" in market zone "Green Mountain" (pos=<3720.000000, 115.783501, 6006.666992>) for a price of 0.
18:45:50.566 [Expansion Quests] Initialize quest system on the connected client with UID=3J-NbjgiVl-E-ZoQZOVTiZyU__qnsGO4ro0cBkRtb6o=
18:45:50.570 [Expansion Quests] Created new persistent player quest data for player UID=3J-NbjgiVl-E-ZoQZOVTiZyU__qnsGO4ro0cBkRtb6o=
18:45:50.570 [Expansion Quests] Create new achievement/auto-start quest for quest ID=1 for player with UID=3J-NbjgiVl-E-ZoQZOVTiZyU__qnsGO4ro0cBkRtb6o=
18:45:50.571 [Expansion Quests] Added new objective data for type=TRAVEL | Key= | ID=1
18:45:50.571 [Expansion Quests] Updated and saved persistent player quest data for player with UID=3J-NbjgiVl-E-ZoQZOVTiZyU__qnsGO4ro0cBkRtb6o= | Quest ID=1
18:45:50.572 [Expansion Quests] Sending 3J-NbjgiVl-E-ZoQZOVTiZyU__qnsGO4ro0cBkRtb6o= quest configs to client for player with UID=3J-NbjgiVl-E-ZoQZOVTiZyU__qnsGO4ro0cBkRtb6o=
18:45:50.572 [Expansion Quests] Sending player quest data for 1 quests to player with UID=3J-NbjgiVl-E-ZoQZOVTiZyU__qnsGO4ro0cBkRtb6o=
18:45:51.052 [Expansion Quests] Added new objective data for type=TRAVEL | Key= | ID=1
18:45:51.053 [Expansion Quests] Updated and saved persistent player quest data for player with UID=3J-NbjgiVl-E-ZoQZOVTiZyU__qnsGO4ro0cBkRtb6o= | Quest ID=1
18:47:35.244 [Expansion Quests] Deleted quest with ID=1 is a of player with UID=3J-NbjgiVl-E-ZoQZOVTiZyU__qnsGO4ro0cBkRtb6o=.
20:11:59.601 [Expansion Quests] Initialize quest system on the connected client with UID=smrsfctXLmfqYV2V4xYTBccqGYfN9F-xXgsr88FO4io=
20:11:59.616 [Expansion Quests] Loaded existing player quest data for player with UID=smrsfctXLmfqYV2V4xYTBccqGYfN9F-xXgsr88FO4io=
20:11:59.617 [Expansion Quests] Loaded existing group quest data for group with ID=5968555
20:11:59.617 [Expansion Quests] Check quest initialization for quest with ID=1 | State=STARTED | Player UID=smrsfctXLmfqYV2V4xYTBccqGYfN9F-xXgsr88FO4io=
20:11:59.618 [Expansion Quests] Create new quest instance for quest with ID=1 | Player UID=smrsfctXLmfqYV2V4xYTBccqGYfN9F-xXgsr88FO4io=
20:11:59.619 [Expansion Quests] Sending smrsfctXLmfqYV2V4xYTBccqGYfN9F-xXgsr88FO4io= quest configs to client for player with UID=smrsfctXLmfqYV2V4xYTBccqGYfN9F-xXgsr88FO4io=
20:11:59.619 [Expansion Quests] Sending player quest data for 1 quests to player with UID=smrsfctXLmfqYV2V4xYTBccqGYfN9F-xXgsr88FO4io=
20:12:00.049 [Expansion Quests] Added new objective data for type=TRAVEL | Key=smrsfctXLmfqYV2V4xYTBccqGYfN9F-xXgsr88FO4io= | ID=1
20:12:00.049 [Expansion Quests] Updated and saved persistent player quest data for player with UID=smrsfctXLmfqYV2V4xYTBccqGYfN9F-xXgsr88FO4io= | Quest ID=1
20:27:22.114 [Safezone] Player "ScuffdZ" (id=smrsfctXLmfqYV2V4xYTBccqGYfN9F-xXgsr88FO4io= pos=<8657.25, 391.82, 9090.23>) entered the safezone
20:34:44.238 [Market] Player "ScuffdZ" (id=smrsfctXLmfqYV2V4xYTBccqGYfN9F-xXgsr88FO4io=) has bought hideout_weaponbag_black x1 (c20f3880) from the trader "Safezone ( [Safezone])" in market zone "Altar" (pos=<8170.000000, 518.744812, 9100.000000>) for a price of 0.
20:40:09.940 [Market] Player "ScuffdZ" (id=smrsfctXLmfqYV2V4xYTBccqGYfN9F-xXgsr88FO4io=) has bought fog_helmet_fast_sf_black x1 (ae3ed6a0) from the trader "Safezone ( [Safezone])" in market zone "Altar" (pos=<8170.000000, 518.744812, 9100.000000>) for a price of 0.
20:41:20.657 [Market] Player "ScuffdZ" (id=smrsfctXLmfqYV2V4xYTBccqGYfN9F-xXgsr88FO4io=) has bought a6_mag_vikhr_30rnd x2 (b70cb030) from the trader "Safezone ( [Safezone])" in market zone "Altar" (pos=<8170.000000, 518.744812, 9100.000000>) for a price of 0.
20:53:59.148 [Market] Player "ScuffdZ" (id=smrsfctXLmfqYV2V4xYTBccqGYfN9F-xXgsr88FO4io=) has bought a6_auga3_black x1 (b899eed0) from the trader "Safezone ( [Safezone])" in market zone "Altar" (pos=<8170.000000, 518.744812, 9100.000000>) for a price of 0.
20:57:04.976 [Market] Player "ScuffdZ" (id=smrsfctXLmfqYV2V4xYTBccqGYfN9F-xXgsr88FO4io=) has bought a6_hamr_optic x1 (18d09f30) from the trader "Safezone ( [Safezone])" in market zone "Altar" (pos=<8170.000000, 518.744812, 9100.000000>) for a price of 0.
20:57:44.080 [Market] Player "ScuffdZ" (id=smrsfctXLmfqYV2V4xYTBccqGYfN9F-xXgsr88FO4io=) has bought a6_fsg2_grip_black x1 (b5ba80f0) from the trader "Safezone ( [Safezone])" in market zone "Altar" (pos=<8170.000000, 518.744812, 9100.000000>) for a price of 0.
20:58:59.966 [Market] Player "ScuffdZ" (id=smrsfctXLmfqYV2V4xYTBccqGYfN9F-xXgsr88FO4io=) has bought a6_mag_stanag_60rnd x1 (caf520f0, ammo_556x45hp x60) from the trader "Safezone ( [Safezone])" in market zone "Altar" (pos=<8170.000000, 518.744812, 9100.000000>) for a price of 13200.
21:00:18.990 [Market] Player "ScuffdZ" (id=smrsfctXLmfqYV2V4xYTBccqGYfN9F-xXgsr88FO4io=) has bought a6_hk416_black x1 (c828ea60) from the trader "Safezone ( [Safezone])" in market zone "Altar" (pos=<8170.000000, 518.744812, 9100.000000>) for a price of 0.
21:01:20.268 [Market] Player "ScuffdZ" (id=smrsfctXLmfqYV2V4xYTBccqGYfN9F-xXgsr88FO4io=) has bought a6_hk_e1_buttstock_black x1 (cace7150) from the trader "Safezone ( [Safezone])" in market zone "Altar" (pos=<8170.000000, 518.744812, 9100.000000>) for a price of 0.
21:02:20.543 [Market] Player "ScuffdZ" (id=smrsfctXLmfqYV2V4xYTBccqGYfN9F-xXgsr88FO4io=) has bought a6_hk_handguard_quad_rail_black x1 (cad079a0) from the trader "Safezone ( [Safezone])" in market zone "Altar" (pos=<8170.000000, 518.744812, 9100.000000>) for a price of 0.
21:09:25.904 [VehicleDeleted] CivilianSedan (id=0CB7B5C05746335ECDE1A4B9B841A8EE pos=<0.02, 0.61, -0.24>)
21:09:25.919 [Market] Player "ScuffdZ" (id=smrsfctXLmfqYV2V4xYTBccqGYfN9F-xXgsr88FO4io=) has bought civiliansedan x1 (2a4cd900, HeadlightH7<abe9afc0>, HeadlightH7<abe9afc0>, CivSedanDoors_BackRight<abe998a0>, CivSedanDoors_BackLeft<abe8dfa0>, CivSedanDoors_CoDriver<abe90de0>, CivSedanDoors_Driver<abe86c00>, CivSedanTrunk<c21c1f10>, CivSedanHood<c21c41c0>, SparkPlug<c21bb700>, CarRadiator<c21b88c0>, CarBattery<c21af270>, CivSedanWheel<b8ee7980>, CivSedanWheel<b8ee7980>, CivSedanWheel<b8ee7980>, CivSedanWheel<b8ee7980>, CivSedanWheel<b8ee7980>) from the trader "Vehicles ( [Vehicles])" in market zone "Altar" (pos=<8170.000000, 518.744812, 9100.000000>) for a price of 27040.
21:09:41.046 [VehicleCarKey] Player "ScuffdZ" (id=smrsfctXLmfqYV2V4xYTBccqGYfN9F-xXgsr88FO4io= pos=<8219.34, 469.94, 9061.23>) used ExpansionCarKey to unlock CivilianSedan (id=7586F81A1A4164AB88AEC4A82EA33DB4 pos=<8220.64, 469.74, 9059.56>)
21:10:19.434 [VehicleEnter] Player "ScuffdZ" (id=smrsfctXLmfqYV2V4xYTBccqGYfN9F-xXgsr88FO4io=) entered vehicle Olga 24 (id=7586F81A1A4164AB88AEC4A82EA33DB4 pos=<8220.64, 469.74, 9059.56>) as driver
21:10:24.138 [VehicleEngine] Player "ScuffdZ" (id=smrsfctXLmfqYV2V4xYTBccqGYfN9F-xXgsr88FO4io=) started vehicle Olga 24 (id=7586F81A1A4164AB88AEC4A82EA33DB4 pos=<8220.64, 469.74, 9059.56>)
21:12:04.311 [Safezone] Player "ScuffdZ" (id=smrsfctXLmfqYV2V4xYTBccqGYfN9F-xXgsr88FO4io= pos=<7732.64, 435.85, 9589.55>) left the safezone
21:15:08.596 [VehicleEngine] Player "NULL" (id=NULL) stopped vehicle Olga 24 (id=7586F81A1A4164AB88AEC4A82EA33DB4 pos=<5772.54, 274.24, 10218.9>)
21:15:08.638 [VehicleLeave] Player "ScuffdZ" (id=smrsfctXLmfqYV2V4xYTBccqGYfN9F-xXgsr88FO4io=) left vehicle Olga 24 (id=7586F81A1A4164AB88AEC4A82EA33DB4 pos=<5772.54, 274.24, 10218.9>)
21:17:18.904 [VehicleEnter] Player "ScuffdZ" (id=smrsfctXLmfqYV2V4xYTBccqGYfN9F-xXgsr88FO4io=) entered vehicle Olga 24 (id=7586F81A1A4164AB88AEC4A82EA33DB4 pos=<5772.54, 274.24, 10218.9>) as driver
21:17:23.413 [VehicleEngine] Player "ScuffdZ" (id=smrsfctXLmfqYV2V4xYTBccqGYfN9F-xXgsr88FO4io=) started vehicle Olga 24 (id=7586F81A1A4164AB88AEC4A82EA33DB4 pos=<5772.54, 274.24, 10218.9>)
21:20:03.675 [VehicleEngine] Player "NULL" (id=NULL) stopped vehicle Olga 24 (id=7586F81A1A4164AB88AEC4A82EA33DB4 pos=<4416.35, 339.01, 10242.3>)
21:20:03.714 [VehicleLeave] Player "ScuffdZ" (id=smrsfctXLmfqYV2V4xYTBccqGYfN9F-xXgsr88FO4io=) left vehicle Olga 24 (id=7586F81A1A4164AB88AEC4A82EA33DB4 pos=<4416.35, 339.01, 10242.3>)
21:25:29.628 [VehicleEnter] Player "ScuffdZ" (id=smrsfctXLmfqYV2V4xYTBccqGYfN9F-xXgsr88FO4io=) entered vehicle Olga 24 (id=7586F81A1A4164AB88AEC4A82EA33DB4 pos=<4416.35, 339.01, 10242.3>) as driver
21:25:32.988 [VehicleEngine] Player "ScuffdZ" (id=smrsfctXLmfqYV2V4xYTBccqGYfN9F-xXgsr88FO4io=) started vehicle Olga 24 (id=7586F81A1A4164AB88AEC4A82EA33DB4 pos=<4416.35, 339.01, 10242.3>)
21:28:32.197 [VehicleEngine] Player "NULL" (id=NULL) stopped vehicle Olga 24 (id=7586F81A1A4164AB88AEC4A82EA33DB4 pos=<4181.71, 338.4, 11116.6>)
21:28:32.239 [VehicleLeave] Player "ScuffdZ" (id=smrsfctXLmfqYV2V4xYTBccqGYfN9F-xXgsr88FO4io=) left vehicle Olga 24 (id=7586F81A1A4164AB88AEC4A82EA33DB4 pos=<4181.71, 338.4, 11116.6>)
21:28:43.071 [VehicleCarKey] Player "ScuffdZ" (id=smrsfctXLmfqYV2V4xYTBccqGYfN9F-xXgsr88FO4io= pos=<4182.59, 338.43, 11119.1>) used ExpansionCarKey to lock CivilianSedan (id=7586F81A1A4164AB88AEC4A82EA33DB4 pos=<4181.71, 338.4, 11116.6>)
21:33:09.175 [VehicleCarKey] Player "ScuffdZ" (id=smrsfctXLmfqYV2V4xYTBccqGYfN9F-xXgsr88FO4io= pos=<4180.78, 338.43, 11118.3>) used ExpansionCarKey to unlock CivilianSedan (id=7586F81A1A4164AB88AEC4A82EA33DB4 pos=<4181.71, 338.4, 11116.6>)
21:33:19.012 [VehicleEnter] Player "ScuffdZ" (id=smrsfctXLmfqYV2V4xYTBccqGYfN9F-xXgsr88FO4io=) entered vehicle Olga 24 (id=7586F81A1A4164AB88AEC4A82EA33DB4 pos=<4181.71, 338.4, 11116.6>) as driver
21:33:25.988 [VehicleEngine] Player "ScuffdZ" (id=smrsfctXLmfqYV2V4xYTBccqGYfN9F-xXgsr88FO4io=) started vehicle Olga 24 (id=7586F81A1A4164AB88AEC4A82EA33DB4 pos=<4181.71, 338.4, 11116.6>)
21:34:42.405 [VehicleEngine] Player "NULL" (id=NULL) stopped vehicle Olga 24 (id=7586F81A1A4164AB88AEC4A82EA33DB4 pos=<4174.7, 371.63, 11623.8>)
21:34:42.453 [VehicleLeave] Player "ScuffdZ" (id=smrsfctXLmfqYV2V4xYTBccqGYfN9F-xXgsr88FO4io=) left vehicle Olga 24 (id=7586F81A1A4164AB88AEC4A82EA33DB4 pos=<4174.7, 371.63, 11623.8>)
21:34:49.608 [VehicleEnter] Player "ScuffdZ" (id=smrsfctXLmfqYV2V4xYTBccqGYfN9F-xXgsr88FO4io=) entered vehicle Olga 24 (id=7586F81A1A4164AB88AEC4A82EA33DB4 pos=<4174.7, 371.63, 11623.8>) as driver
21:34:53.513 [VehicleEngine] Player "ScuffdZ" (id=smrsfctXLmfqYV2V4xYTBccqGYfN9F-xXgsr88FO4io=) started vehicle Olga 24 (id=7586F81A1A4164AB88AEC4A82EA33DB4 pos=<4174.7, 371.63, 11623.8>)
21:35:35.703 [VehicleEngine] Player "NULL" (id=NULL) stopped vehicle Olga 24 (id=7586F81A1A4164AB88AEC4A82EA33DB4 pos=<4026, 369.79, 11624>)
21:35:35.738 [VehicleLeave] Player "ScuffdZ" (id=smrsfctXLmfqYV2V4xYTBccqGYfN9F-xXgsr88FO4io=) left vehicle Olga 24 (id=7586F81A1A4164AB88AEC4A82EA33DB4 pos=<4026, 369.79, 11624>)
21:35:48.107 [VehicleCarKey] Player "ScuffdZ" (id=smrsfctXLmfqYV2V4xYTBccqGYfN9F-xXgsr88FO4io= pos=<4025.17, 369.82, 11622.1>) used ExpansionCarKey to lock CivilianSedan (id=7586F81A1A4164AB88AEC4A82EA33DB4 pos=<4026, 369.79, 11624>)
21:40:57.180 [VehicleDeleted] CivilianSedan (id=7586F81A1A4164AB88AEC4A82EA33DB4 pos=<4026, 369.79, 11624>)
21:50:04.603 [VehicleCover] Player "ScuffdZ" (id=smrsfctXLmfqYV2V4xYTBccqGYfN9F-xXgsr88FO4io= pos=<4025.86, 369.82, 11621.7>) uncovered vehicle "CivilianSedan" (GlobalID=80000000800000008000000080000010 pos=<4026, 369.79, 11624>)!
21:50:11.420 [VehicleCarKey] Player "ScuffdZ" (id=smrsfctXLmfqYV2V4xYTBccqGYfN9F-xXgsr88FO4io= pos=<4025.86, 369.82, 11621.7>) used ExpansionCarKey to unlock CivilianSedan (id=8F13DA39E5439E11E08E648A1FD3C933 pos=<4026, 369.79, 11624>)
21:50:18.826 [VehicleEnter] Player "ScuffdZ" (id=smrsfctXLmfqYV2V4xYTBccqGYfN9F-xXgsr88FO4io=) entered vehicle Olga 24 (id=8F13DA39E5439E11E08E648A1FD3C933 pos=<4026, 369.79, 11624>) as driver
21:50:53.788 [VehicleEngine] Player "ScuffdZ" (id=smrsfctXLmfqYV2V4xYTBccqGYfN9F-xXgsr88FO4io=) started vehicle Olga 24 (id=8F13DA39E5439E11E08E648A1FD3C933 pos=<4026.08, 369.79, 11624>)
22:02:32.727 [VehicleEngine] Player "NULL" (id=NULL) stopped vehicle Olga 24 (id=8F13DA39E5439E11E08E648A1FD3C933 pos=<2056.81, 247.84, 12171>)
22:02:32.768 [VehicleLeave] Player "ScuffdZ" (id=smrsfctXLmfqYV2V4xYTBccqGYfN9F-xXgsr88FO4io=) left vehicle Olga 24 (id=8F13DA39E5439E11E08E648A1FD3C933 pos=<2056.81, 247.84, 12171>)
22:02:37.292 [VehicleCarKey] Player "ScuffdZ" (id=smrsfctXLmfqYV2V4xYTBccqGYfN9F-xXgsr88FO4io= pos=<2058.57, 247.65, 12172.4>) used ExpansionCarKey to lock CivilianSedan (id=8F13DA39E5439E11E08E648A1FD3C933 pos=<2056.81, 247.84, 12171>)
22:02:45.298 [VehicleCarKey] Player "ScuffdZ" (id=smrsfctXLmfqYV2V4xYTBccqGYfN9F-xXgsr88FO4io= pos=<2058.57, 247.65, 12172.4>) used ExpansionCarKey to unlock CivilianSedan (id=8F13DA39E5439E11E08E648A1FD3C933 pos=<2056.81, 247.84, 12171>)
22:02:49.828 [VehicleCarKey] Player "ScuffdZ" (id=smrsfctXLmfqYV2V4xYTBccqGYfN9F-xXgsr88FO4io= pos=<2058.45, 247.71, 12171.5>) used ExpansionCarKey to lock CivilianSedan (id=8F13DA39E5439E11E08E648A1FD3C933 pos=<2056.81, 247.84, 12171>)
22:06:56.251 [VehicleCarKey] Player "ScuffdZ" (id=smrsfctXLmfqYV2V4xYTBccqGYfN9F-xXgsr88FO4io= pos=<2058.97, 247.71, 12170.4>) used ExpansionCarKey to unlock CivilianSedan (id=8F13DA39E5439E11E08E648A1FD3C933 pos=<2056.81, 247.84, 12171>)
22:07:03.956 [VehicleEnter] Player "ScuffdZ" (id=smrsfctXLmfqYV2V4xYTBccqGYfN9F-xXgsr88FO4io=) entered vehicle Olga 24 (id=8F13DA39E5439E11E08E648A1FD3C933 pos=<2056.81, 247.84, 12171>) as driver
22:07:09.488 [VehicleEngine] Player "ScuffdZ" (id=smrsfctXLmfqYV2V4xYTBccqGYfN9F-xXgsr88FO4io=) started vehicle Olga 24 (id=8F13DA39E5439E11E08E648A1FD3C933 pos=<2056.81, 247.84, 12171>)
22:26:06.098 [VehicleEngine] Player "NULL" (id=NULL) stopped vehicle Olga 24 (id=8F13DA39E5439E11E08E648A1FD3C933 pos=<2364.86, 239.22, 12604>)
22:26:06.133 [VehicleLeave] Player "ScuffdZ" (id=smrsfctXLmfqYV2V4xYTBccqGYfN9F-xXgsr88FO4io=) left vehicle Olga 24 (id=8F13DA39E5439E11E08E648A1FD3C933 pos=<2364.86, 239.22, 12604>)
22:26:16.726 [VehicleEnter] Player "ScuffdZ" (id=smrsfctXLmfqYV2V4xYTBccqGYfN9F-xXgsr88FO4io=) entered vehicle Olga 24 (id=8F13DA39E5439E11E08E648A1FD3C933 pos=<2364.87, 239.22, 12604>) as driver
22:26:19.588 [VehicleEngine] Player "ScuffdZ" (id=smrsfctXLmfqYV2V4xYTBccqGYfN9F-xXgsr88FO4io=) started vehicle Olga 24 (id=8F13DA39E5439E11E08E648A1FD3C933 pos=<2364.88, 239.22, 12604>)
22:26:38.294 [VehicleEngine] Player "NULL" (id=NULL) stopped vehicle Olga 24 (id=8F13DA39E5439E11E08E648A1FD3C933 pos=<2365.04, 239.22, 12603.6>)
22:26:38.323 [VehicleLeave] Player "ScuffdZ" (id=smrsfctXLmfqYV2V4xYTBccqGYfN9F-xXgsr88FO4io=) left vehicle Olga 24 (id=8F13DA39E5439E11E08E648A1FD3C933 pos=<2365.04, 239.22, 12603.6>)
22:28:23.488 [VehicleEnter] Player "ScuffdZ" (id=smrsfctXLmfqYV2V4xYTBccqGYfN9F-xXgsr88FO4io=) entered vehicle Olga 24 (id=8F13DA39E5439E11E08E648A1FD3C933 pos=<2365.04, 239.22, 12603.6>) as driver
22:28:27.913 [VehicleEngine] Player "ScuffdZ" (id=smrsfctXLmfqYV2V4xYTBccqGYfN9F-xXgsr88FO4io=) started vehicle Olga 24 (id=8F13DA39E5439E11E08E648A1FD3C933 pos=<2365.05, 239.22, 12603.6>)
22:28:57.361 [VehicleEngine] Player "NULL" (id=NULL) stopped vehicle Olga 24 (id=8F13DA39E5439E11E08E648A1FD3C933 pos=<2402.18, 241.87, 12751.1>)
22:28:57.387 [VehicleLeave] Player "ScuffdZ" (id=smrsfctXLmfqYV2V4xYTBccqGYfN9F-xXgsr88FO4io=) left vehicle Olga 24 (id=8F13DA39E5439E11E08E648A1FD3C933 pos=<2402.18, 241.87, 12751.1>)
22:29:27.158 [VehicleEnter] Player "ScuffdZ" (id=smrsfctXLmfqYV2V4xYTBccqGYfN9F-xXgsr88FO4io=) entered vehicle Olga 24 (id=8F13DA39E5439E11E08E648A1FD3C933 pos=<2402.18, 241.87, 12751.1>) as driver
22:29:35.363 [VehicleEngine] Player "ScuffdZ" (id=smrsfctXLmfqYV2V4xYTBccqGYfN9F-xXgsr88FO4io=) started vehicle Olga 24 (id=8F13DA39E5439E11E08E648A1FD3C933 pos=<2402.18, 241.87, 12751.1>)
22:31:06.373 [VehicleEngine] Player "NULL" (id=NULL) stopped vehicle Olga 24 (id=8F13DA39E5439E11E08E648A1FD3C933 pos=<2339.48, 245.76, 12738.4>)
22:31:06.412 [VehicleLeave] Player "ScuffdZ" (id=smrsfctXLmfqYV2V4xYTBccqGYfN9F-xXgsr88FO4io=) left vehicle Olga 24 (id=8F13DA39E5439E11E08E648A1FD3C933 pos=<2339.48, 245.76, 12738.4>)
22:31:13.749 [VehicleEnter] Player "ScuffdZ" (id=smrsfctXLmfqYV2V4xYTBccqGYfN9F-xXgsr88FO4io=) entered vehicle Olga 24 (id=8F13DA39E5439E11E08E648A1FD3C933 pos=<2339.49, 245.76, 12738.4>) as driver
22:31:45.838 [VehicleEngine] Player "ScuffdZ" (id=smrsfctXLmfqYV2V4xYTBccqGYfN9F-xXgsr88FO4io=) started vehicle Olga 24 (id=8F13DA39E5439E11E08E648A1FD3C933 pos=<2339.79, 245.74, 12738.4>)
22:31:59.988 [VehicleEngine] Player "ScuffdZ" (id=smrsfctXLmfqYV2V4xYTBccqGYfN9F-xXgsr88FO4io=) stopped vehicle Olga 24 (id=8F13DA39E5439E11E08E648A1FD3C933 pos=<2367.73, 243.81, 12742.9>)
22:32:25.813 [VehicleEngine] Player "ScuffdZ" (id=smrsfctXLmfqYV2V4xYTBccqGYfN9F-xXgsr88FO4io=) started vehicle Olga 24 (id=8F13DA39E5439E11E08E648A1FD3C933 pos=<2367.91, 243.79, 12742.9>)
22:34:49.916 [VehicleEngine] Player "NULL" (id=NULL) stopped vehicle Olga 24 (id=8F13DA39E5439E11E08E648A1FD3C933 pos=<2360.09, 244.64, 12747>)
22:34:49.939 [VehicleLeave] Player "ScuffdZ" (id=smrsfctXLmfqYV2V4xYTBccqGYfN9F-xXgsr88FO4io=) left vehicle Olga 24 (id=8F13DA39E5439E11E08E648A1FD3C933 pos=<2360.09, 244.64, 12747>)
22:35:07.584 [VehicleEnter] Player "ScuffdZ" (id=smrsfctXLmfqYV2V4xYTBccqGYfN9F-xXgsr88FO4io=) entered vehicle Olga 24 (id=8F13DA39E5439E11E08E648A1FD3C933 pos=<2360.1, 244.64, 12747>) as driver
22:35:14.988 [VehicleEngine] Player "ScuffdZ" (id=smrsfctXLmfqYV2V4xYTBccqGYfN9F-xXgsr88FO4io=) started vehicle Olga 24 (id=8F13DA39E5439E11E08E648A1FD3C933 pos=<2360.21, 244.63, 12747>)
22:35:48.413 [VehicleEngine] Player "NULL" (id=NULL) stopped vehicle Olga 24 (id=8F13DA39E5439E11E08E648A1FD3C933 pos=<2394.36, 241.6, 12734.3>)
22:35:48.451 [VehicleLeave] Player "ScuffdZ" (id=smrsfctXLmfqYV2V4xYTBccqGYfN9F-xXgsr88FO4io=) left vehicle Olga 24 (id=8F13DA39E5439E11E08E648A1FD3C933 pos=<2394.36, 241.6, 12734.3>)
22:37:16.266 [VehicleEnter] Player "ScuffdZ" (id=smrsfctXLmfqYV2V4xYTBccqGYfN9F-xXgsr88FO4io=) entered vehicle Olga 24 (id=8F13DA39E5439E11E08E648A1FD3C933 pos=<2394.37, 241.6, 12734.3>) as driver
22:37:20.888 [VehicleEngine] Player "ScuffdZ" (id=smrsfctXLmfqYV2V4xYTBccqGYfN9F-xXgsr88FO4io=) started vehicle Olga 24 (id=8F13DA39E5439E11E08E648A1FD3C933 pos=<2394.39, 241.6, 12734.3>)
22:37:45.562 [VehicleEngine] Player "NULL" (id=NULL) stopped vehicle Olga 24 (id=8F13DA39E5439E11E08E648A1FD3C933 pos=<2364.85, 239.22, 12603.8>)
22:37:45.600 [VehicleLeave] Player "ScuffdZ" (id=smrsfctXLmfqYV2V4xYTBccqGYfN9F-xXgsr88FO4io=) left vehicle Olga 24 (id=8F13DA39E5439E11E08E648A1FD3C933 pos=<2364.85, 239.22, 12603.8>)
22:42:17.688 [VehicleCarKey] Player "ScuffdZ" (id=smrsfctXLmfqYV2V4xYTBccqGYfN9F-xXgsr88FO4io= pos=<2364.59, 239.23, 12606.6>) used ExpansionCarKey to lock CivilianSedan (id=8F13DA39E5439E11E08E648A1FD3C933 pos=<2364.85, 239.22, 12603.8>)
22:57:10.813 [VehicleDeleted] CivilianSedan (id=8F13DA39E5439E11E08E648A1FD3C933 pos=<2364.85, 239.22, 12603.8>)
22:58:02.594 [Expansion Quests] Deleted quest with ID=1 is a of player with UID=smrsfctXLmfqYV2V4xYTBccqGYfN9F-xXgsr88FO4io=.
