2025-11-09 22:17:21 [INFO] OnInit - Initializing Bastardos Hacked Crates System...
2025-11-09 22:17:21 [INFO] OnInit - Loading Hacked Crate Loot Configuration (loot_pools.json)...
2025-11-09 22:17:21 [INFO] [BSHCLootPoolConfig] Found loot_pools.json at: $profile:\Bastardo_HC\loot_pools.json
2025-11-09 22:17:21 [INFO] [BSHCLootPoolConfig] JsonLoadFile executed. Loaded 2 categories defined in the root.
2025-11-09 22:17:21 [INFO] [BSHCLootPoolConfig] Category 'DefaultArmaments' has 1 loot pools.
2025-11-09 22:17:21 [INFO] [BSHCLootPoolConfig] Category 'DefaultMedical' has 1 loot pools.
2025-11-09 22:17:21 [INFO] OnInit - Hacked Crate Loot Configuration processed successfully.
2025-11-09 22:17:21 [INFO] OnInit - Loading Hacked Crate settings (global, static, dynamic)...
2025-11-09 22:17:21 [INFO] CrateManagement instance created with default grace period and tick interval.
2025-11-09 22:17:21 [INFO] [BSHCGlobalServerSettings] Loading from: $profile:\Bastardo_HC\BS_Global_settings.json
2025-11-09 22:17:21 [INFO] [CrateConfigManager] Re-saved static_crates.json to include any new options.
2025-11-09 22:17:21 [INFO] [CrateConfigManager] Re-saved dynamic_crates.json to include any new options.
2025-11-09 22:17:21 [INFO] [CrateConfigManager] Static CrateManagement has been set.
2025-11-09 22:17:21 [INFO] CrateSpawner instance created.
2025-11-09 22:17:21 [INFO] OnInit - Crate Spawner created. Grace Period: 5 minutes. Periodic Tick: 3600 seconds.
2025-11-09 22:17:21 [INFO] OnInit - Bastardos Hacked Crates System Initialization sequence finished.
2025-11-09 22:17:25 [INFO] OnMissionStart - Server mission started. Scheduling Hacked Crate cleanup and initial spawn setup.
2025-11-09 22:17:25 [INFO] OnMissionStart - Immediate STATIC Crate spawn scheduled in 15 seconds.
2025-11-09 22:17:25 [INFO] OnMissionStart - Initial DYNAMIC Crate spawn scheduled in approx. 320 seconds.
2025-11-09 22:17:25 [INFO] OnMissionStart - Scheduling first PERIODIC Crate Spawn Tick in approx. 3600 seconds.
2025-11-09 22:17:39 [INFO] Inventory for BS_Hacked_Crate LOCKED. IsOpen: false LootAccessActionDone: false
2025-11-09 22:17:39 [INFO] OnStoreLoad: m_ConfigUniqueID_Persist set from storage to: 'DefaultStaticEvent_Example1' for BS_Hacked_Crate<2988319>
2025-11-09 22:17:39 [INFO] OnStoreLoad: FINISHED loading raw data into member variables for BS_Hacked_Crate<2988319>
2025-11-09 22:17:56 [INFO] DeferredEEInitLogic: START for BS_Hacked_Crate<2988319>. m_LoadedExpansionMarkerUID (should be from OnStoreLoad) is ''. Current m_ExpansionMarkerUID (active) is ''
2025-11-09 22:17:56 [INFO] GetCrateSettings: m_CrateSettings_Instance is NULL for BS_Hacked_Crate<2988319>. Calling AttemptToReacquireSettings().
2025-11-09 22:17:56 [INFO] HackedCrate_Base (BS_Hacked_Crate): Attempting to re-acquire CrateSettings. Persisted ConfigUniqueID is: 'DefaultStaticEvent_Example1'
2025-11-09 22:17:56 [INFO] HackedCrate_Base (BS_Hacked_Crate): Instance specific CrateSettings assigned. ConfigUniqueID: DefaultStaticEvent_Example1
2025-11-09 22:17:56 [INFO] HackedCrate_Base (BS_Hacked_Crate): Successfully re-acquired CrateSettings by persisted ConfigUniqueID 'DefaultStaticEvent_Example1'.
2025-11-09 22:17:56 [INFO] DeferredEEInitLogic: Settings acquired successfully for BS_Hacked_Crate<2988319>.
2025-11-09 22:17:56 [INFO] DeferredEEInitLogic: m_ExpansionMarkerUID is empty. Calling CreateExpansionMapMarker for BS_Hacked_Crate<2988319>.
2025-11-09 22:17:56 [INFO] EXP_DEBUG: Inside CreateExpansionMapMarker for BS_Hacked_Crate.UseExpansionMapMarker is true.
2025-11-09 22:17:56 [INFO] EXP_DEBUG: EXPANSIONMODNAVIGATION is NOT defined. No Expansion marker will be created.
2025-11-09 22:17:56 [INFO] DeferredEEInitLogic: AG DEBUG for BS_Hacked_Crate<2988319>
2025-11-09 22:17:56 [INFO] BSHC_AG_DEBUG: BSHC_CreateAdvancedGroupsMapMarker call.
2025-11-09 22:17:56 [INFO] BSHC_AG_DEBUG: Final Marker Name: '#STR_BSHC_HackedCrate_DisplayName'
2025-11-09 22:17:56 [INFO] BSHC_AG_DEBUG: Trying to create AG marker with name: #STR_BSHC_HackedCrate_DisplayName, Pos: <2471.820068, 193.177002, 5114.220215>, Icon: BS_HackedCrate/gui/iconcrate.paa, Color: -65536, ShowOnMap: true, ShowInWorld: true
2025-11-09 22:17:56 [INFO] BSHC_AG_DEBUG: LBStaticMarkerManager.Get is accessible.
2025-11-09 22:17:56 [INFO] BSHC_AG_DEBUG: Created AG marker (UID: 420229816) for BS_Hacked_Crate
2025-11-09 22:17:56 [INFO] DeferredEEInitLogic: Final m_LootAccessActionDone for BS_Hacked_Crate<2988319> is: false
2025-11-09 22:17:56 [INFO] Inventory for BS_Hacked_Crate LOCKED. IsOpen: false LootAccessActionDone: false
2025-11-09 22:17:56 [INFO] DeferredEEInitLogic: FINISHED for BS_Hacked_Crate<2988319>
2025-11-09 22:17:56 [INFO] DeferredEEInitLogic: Re-added persistent crate BS_Hacked_Crate to g_ActiveHackedCrates list.
2025-11-09 22:18:29 [INFO] DeleteHackedCratesFromKnownLocations - Starting cleanup of Hacked Crates from KNOWN SPAWN LOCATIONS as defined in configurations...
2025-11-09 22:18:29 [INFO] DeleteHackedCratesFromKnownLocations - Deleting INACTIVE: BS_Hacked_Crate (ID: 2988319) found at configured spawn Pos: <2471.820068, 193.177002, 5114.220215> for CrateType BS_Hacked_Crate
2025-11-09 22:18:29 [INFO] EEDelete called for BS_Hacked_Crate at <2471.820068, 193.177002, 5114.220215>
2025-11-09 22:18:29 [INFO] EXP_REMOVE_DEBUG: Attempting RemoveExpansionMapMarker. Context: EEDelete. Current UID: '' for BS_Hacked_Crate<2988319>
2025-11-09 22:18:29 [INFO] EXP_REMOVE_DEBUG: EXPANSIONMODNAVIGATION NOT defined. Cannot remove marker. Context: EEDelete for BS_Hacked_Crate<2988319>
2025-11-09 22:18:29 [INFO] BSHC_AG_DEBUG: BSHC_RemoveAdvancedGroupsMapMarker called.
2025-11-09 22:18:29 [INFO] BSHC_AG_DEBUG: Removing AG marker UID: 420229816
2025-11-09 22:18:29 [INFO] BSHC_AG_DEBUG: AG marker UID 420229816 successfully removed.
2025-11-09 22:18:29 [INFO] HackedCrate (BS_Hacked_Crate): Sending RPC Notification. Type: DESPAWN, Key: #STR_BSHC_Notification_Despawn_Located
2025-11-09 22:18:29 [INFO] EEDelete: Removed BS_Hacked_Crate from g_ActiveHackedCrates. Remaining count: 0
2025-11-09 22:18:29 [INFO] DeleteHackedCratesFromKnownLocations - Cleanup from known locations finished. Total inactive Hacked Crates (matching type and location) deleted: 1
2025-11-09 22:18:33 [INFO] PerformImmediateStaticSpawn - Calling CrateSpawner to setup STATIC Hacked Crates...
2025-11-09 22:18:33 [INFO] CrateSpawner: ------------- Starting IMMEDIATE STATIC Spawn Pass -------------
2025-11-09 22:18:33 [INFO] CrateSpawner: Processing IMMEDIATE STATIC for ConfigUniqueID: 'DefaultStaticEvent_Example1'.
2025-11-09 22:18:33 [INFO] SpawnStaticCrates: Processing 1 static locations for ConfigUniqueID: 'DefaultStaticEvent_Example1'.
2025-11-09 22:18:33 [INFO] SpawnStaticCrates: Location <2471.820068, 193.177002, 5114.220215> is free. Attempting to spawn crate.
2025-11-09 22:18:33 [INFO] Inventory for BS_Hacked_Crate LOCKED. IsOpen: false LootAccessActionDone: false
2025-11-09 22:18:33 [INFO] HackedCrate_Base (BS_Hacked_Crate): Instance specific CrateSettings assigned. ConfigUniqueID: DefaultStaticEvent_Example1
2025-11-09 22:18:33 [INFO] CrateSpawner: Standard Notification RPC sent. Key: #STR_BSHC_Notification_Spawn_Located
2025-11-09 22:18:33 [INFO] [SpawnAIAroundCrate] Spawning 3 AI(s) next to the crate.
2025-11-09 22:18:33 [INFO] [SpawnAIAroundCrate] Successfully spawned ZmbM_SoldierNormal at <2477.126709, 192.645584, 5138.310059>
2025-11-09 22:18:33 [INFO] [SpawnAIAroundCrate] Successfully spawned ZmbM_SoldierNormal at <2458.734131, 192.976074, 5126.543945>
2025-11-09 22:18:33 [INFO] [SpawnAIAroundCrate] Successfully spawned ZmbM_SoldierNormal at <2449.466309, 192.504517, 5105.342773>
2025-11-09 22:18:33 [INFO] CrateSpawner: ------------- Finished IMMEDIATE STATIC Spawn Pass -------------
2025-11-09 22:18:34 [INFO] DeferredEEInitLogic: START for BS_Hacked_Crate<3011005>. m_LoadedExpansionMarkerUID (should be from OnStoreLoad) is ''. Current m_ExpansionMarkerUID (active) is ''
2025-11-09 22:18:34 [INFO] DeferredEEInitLogic: Settings acquired successfully for BS_Hacked_Crate<3011005>.
2025-11-09 22:18:34 [INFO] DeferredEEInitLogic: m_ExpansionMarkerUID is empty. Calling CreateExpansionMapMarker for BS_Hacked_Crate<3011005>.
2025-11-09 22:18:34 [INFO] EXP_DEBUG: Inside CreateExpansionMapMarker for BS_Hacked_Crate.UseExpansionMapMarker is true.
2025-11-09 22:18:34 [INFO] EXP_DEBUG: EXPANSIONMODNAVIGATION is NOT defined. No Expansion marker will be created.
2025-11-09 22:18:34 [INFO] DeferredEEInitLogic: AG DEBUG for BS_Hacked_Crate<3011005>
2025-11-09 22:18:34 [INFO] BSHC_AG_DEBUG: BSHC_CreateAdvancedGroupsMapMarker call.
2025-11-09 22:18:34 [INFO] BSHC_AG_DEBUG: Final Marker Name: '#STR_BSHC_HackedCrate_DisplayName'
2025-11-09 22:18:34 [INFO] BSHC_AG_DEBUG: Trying to create AG marker with name: #STR_BSHC_HackedCrate_DisplayName, Pos: <2471.820068, 193.177002, 5114.220215>, Icon: BS_HackedCrate/gui/iconcrate.paa, Color: -65536, ShowOnMap: true, ShowInWorld: true
2025-11-09 22:18:34 [INFO] BSHC_AG_DEBUG: LBStaticMarkerManager.Get is accessible.
2025-11-09 22:18:34 [INFO] BSHC_AG_DEBUG: Created AG marker (UID: 1262589652) for BS_Hacked_Crate
2025-11-09 22:18:34 [INFO] DeferredEEInitLogic: Final m_LootAccessActionDone for BS_Hacked_Crate<3011005> is: false
2025-11-09 22:18:34 [INFO] Inventory for BS_Hacked_Crate LOCKED. IsOpen: false LootAccessActionDone: false
2025-11-09 22:18:34 [INFO] DeferredEEInitLogic: FINISHED for BS_Hacked_Crate<3011005>
2025-11-09 22:23:38 [INFO] PerformInitialDynamicSpawn - Grace period ended. Calling CrateSpawner to setup initial DYNAMIC Hacked Crates...
2025-11-09 22:23:38 [INFO] CrateSpawner: ------------- Starting INITIAL DYNAMIC Spawn Pass (Post-Grace) -------------
2025-11-09 22:23:38 [INFO] CrateSpawner: Current server population for dynamic spawn: 1 players.
2025-11-09 22:23:38 [INFO] CrateSpawner: Processing DYNAMIC for ConfigUniqueID: 'DefaultDynamicEvent_Example1'.
2025-11-09 22:23:38 [INFO] CrateSpawner: Attempting to spawn 2 for ConfigUniqueID: 'DefaultDynamicEvent_Example1'.
2025-11-09 22:23:38 [INFO] SpawnRandomCrates: Attempting to spawn 2 of type 'BS_Hacked_Crate' with ConfigUniqueID 'DefaultDynamicEvent_Example1'.
2025-11-09 22:23:38 [INFO] SpawnRandomCrates: Shuffled list for 'DefaultDynamicEvent_Example1' is empty or non-existent. Regenerating and shuffling.
2025-11-09 22:23:38 [INFO] CrateSpawner: Sending spawn warning for 'BS_Hacked_Crate' at Airfield
2025-11-09 22:23:38 [INFO] CrateSpawner: Added to pending list for ConfigUniqueID 'DefaultDynamicEvent_Example1'. New pending count: 1
2025-11-09 22:23:38 [INFO] CrateSpawner: Sending spawn warning for 'BS_Hacked_Crate' at VMC
2025-11-09 22:23:38 [INFO] CrateSpawner: Added to pending list for ConfigUniqueID 'DefaultDynamicEvent_Example1'. New pending count: 2
2025-11-09 22:23:38 [INFO] CrateSpawner: ------------- Finished INITIAL DYNAMIC Spawn Pass -------------
2025-11-09 22:33:38 [INFO] SpawnCrateAfterWarning: Timer finished. Spawning crate BS_Hacked_Crate. Removed from pending list. New pending count: 1
2025-11-09 22:33:38 [INFO] Inventory for BS_Hacked_Crate LOCKED. IsOpen: false LootAccessActionDone: false
2025-11-09 22:33:38 [INFO] HackedCrate_Base (BS_Hacked_Crate): Instance specific CrateSettings assigned. ConfigUniqueID: DefaultDynamicEvent_Example1
2025-11-09 22:33:38 [INFO] [SpawnAIAroundCrate] Spawning 3 AI(s) next to the crate.
2025-11-09 22:33:38 [INFO] [SpawnAIAroundCrate] Successfully spawned ZmbM_SoldierNormal at <4749.106934, 339.000000, 10356.515625>
2025-11-09 22:33:38 [INFO] [SpawnAIAroundCrate] Successfully spawned ZmbM_SoldierNormal at <4754.973633, 338.999969, 10360.100586>
2025-11-09 22:33:39 [INFO] [SpawnAIAroundCrate] Successfully spawned ZmbM_SoldierNormal at <4733.659180, 338.989990, 10375.044922>
2025-11-09 22:33:39 [INFO] SpawnCrateAfterWarning: Timer finished. Spawning crate BS_Hacked_Crate. Removed from pending list. New pending count: 0
2025-11-09 22:33:39 [INFO] Inventory for BS_Hacked_Crate LOCKED. IsOpen: false LootAccessActionDone: false
2025-11-09 22:33:39 [INFO] HackedCrate_Base (BS_Hacked_Crate): Instance specific CrateSettings assigned. ConfigUniqueID: DefaultDynamicEvent_Example1
2025-11-09 22:33:39 [INFO] [SpawnAIAroundCrate] Spawning 2 AI(s) next to the crate.
2025-11-09 22:33:39 [INFO] [SpawnAIAroundCrate] Successfully spawned ZmbM_SoldierNormal at <4535.364258, 317.719879, 8358.897461>
2025-11-09 22:33:39 [INFO] [SpawnAIAroundCrate] Successfully spawned ZmbM_SoldierNormal at <4565.274414, 317.989990, 8352.395508>
2025-11-09 22:33:39 [INFO] DeferredEEInitLogic: START for BS_Hacked_Crate<3014415>. m_LoadedExpansionMarkerUID (should be from OnStoreLoad) is ''. Current m_ExpansionMarkerUID (active) is ''
2025-11-09 22:33:39 [INFO] DeferredEEInitLogic: Settings acquired successfully for BS_Hacked_Crate<3014415>.
2025-11-09 22:33:39 [INFO] DeferredEEInitLogic: m_ExpansionMarkerUID is empty. Calling CreateExpansionMapMarker for BS_Hacked_Crate<3014415>.
2025-11-09 22:33:39 [INFO] EXP_DEBUG: Inside CreateExpansionMapMarker for BS_Hacked_Crate.UseExpansionMapMarker is true.
2025-11-09 22:33:39 [INFO] EXP_DEBUG: EXPANSIONMODNAVIGATION is NOT defined. No Expansion marker will be created.
2025-11-09 22:33:39 [INFO] DeferredEEInitLogic: AG DEBUG for BS_Hacked_Crate<3014415>
2025-11-09 22:33:39 [INFO] BSHC_AG_DEBUG: BSHC_CreateAdvancedGroupsMapMarker call.
2025-11-09 22:33:39 [INFO] BSHC_AG_DEBUG: Final Marker Name: '#STR_BSHC_HackedCrate_DisplayName'
2025-11-09 22:33:39 [INFO] BSHC_AG_DEBUG: Trying to create AG marker with name: #STR_BSHC_HackedCrate_DisplayName, Pos: <4732.430176, 338.968994, 10350.200195>, Icon: BS_HackedCrate/gui/iconcrate.paa, Color: -65536, ShowOnMap: true, ShowInWorld: true
2025-11-09 22:33:39 [INFO] BSHC_AG_DEBUG: LBStaticMarkerManager.Get is accessible.
2025-11-09 22:33:39 [INFO] BSHC_AG_DEBUG: Created AG marker (UID: 83298990) for BS_Hacked_Crate
2025-11-09 22:33:39 [INFO] DeferredEEInitLogic: Final m_LootAccessActionDone for BS_Hacked_Crate<3014415> is: false
2025-11-09 22:33:39 [INFO] Inventory for BS_Hacked_Crate LOCKED. IsOpen: false LootAccessActionDone: false
2025-11-09 22:33:39 [INFO] DeferredEEInitLogic: FINISHED for BS_Hacked_Crate<3014415>
2025-11-09 22:33:39 [INFO] DeferredEEInitLogic: START for BS_Hacked_Crate<3014419>. m_LoadedExpansionMarkerUID (should be from OnStoreLoad) is ''. Current m_ExpansionMarkerUID (active) is ''
2025-11-09 22:33:39 [INFO] DeferredEEInitLogic: Settings acquired successfully for BS_Hacked_Crate<3014419>.
2025-11-09 22:33:39 [INFO] DeferredEEInitLogic: m_ExpansionMarkerUID is empty. Calling CreateExpansionMapMarker for BS_Hacked_Crate<3014419>.
2025-11-09 22:33:39 [INFO] EXP_DEBUG: Inside CreateExpansionMapMarker for BS_Hacked_Crate.UseExpansionMapMarker is true.
2025-11-09 22:33:39 [INFO] EXP_DEBUG: EXPANSIONMODNAVIGATION is NOT defined. No Expansion marker will be created.
2025-11-09 22:33:39 [INFO] DeferredEEInitLogic: AG DEBUG for BS_Hacked_Crate<3014419>
2025-11-09 22:33:39 [INFO] BSHC_AG_DEBUG: BSHC_CreateAdvancedGroupsMapMarker call.
2025-11-09 22:33:39 [INFO] BSHC_AG_DEBUG: Final Marker Name: '#STR_BSHC_HackedCrate_DisplayName'
2025-11-09 22:33:39 [INFO] BSHC_AG_DEBUG: Trying to create AG marker with name: #STR_BSHC_HackedCrate_DisplayName, Pos: <4553.689941, 317.975006, 8352.099609>, Icon: BS_HackedCrate/gui/iconcrate.paa, Color: -65536, ShowOnMap: true, ShowInWorld: true
2025-11-09 22:33:39 [INFO] BSHC_AG_DEBUG: LBStaticMarkerManager.Get is accessible.
2025-11-09 22:33:39 [INFO] BSHC_AG_DEBUG: Created AG marker (UID: 1530312357) for BS_Hacked_Crate
2025-11-09 22:33:39 [INFO] DeferredEEInitLogic: Final m_LootAccessActionDone for BS_Hacked_Crate<3014419> is: false
2025-11-09 22:33:39 [INFO] Inventory for BS_Hacked_Crate LOCKED. IsOpen: false LootAccessActionDone: false
2025-11-09 22:33:39 [INFO] DeferredEEInitLogic: FINISHED for BS_Hacked_Crate<3014419>
2025-11-09 23:18:19 [INFO] --------------------------------------------------------------------------
2025-11-09 23:18:19 [INFO] OnCrateSpawnTickPeriodic - Management Tick received. Evaluating individual crate configs...
2025-11-09 23:18:19 [INFO] --------------------------------------------------------------------------
2025-11-09 23:18:19 [INFO] Config 'DefaultDynamicEvent_Example1' is due for a check. Processing...
2025-11-09 23:18:19 [INFO] CrateSpawner: Processing ConfigUniqueID: 'DefaultDynamicEvent_Example1' (CrateType: 'BS_Hacked_Crate')
2025-11-09 23:18:19 [INFO] CrateSpawner: Skipping ConfigUniqueID 'DefaultDynamicEvent_Example1'. Players required: 1, Current: 0
2025-11-09 23:18:19 [INFO] OnCrateSpawnTickPeriodic - Management Tick finished. Next check in 3600 seconds.
2025-11-10 00:18:19 [INFO] --------------------------------------------------------------------------
2025-11-10 00:18:19 [INFO] OnCrateSpawnTickPeriodic - Management Tick received. Evaluating individual crate configs...
2025-11-10 00:18:19 [INFO] --------------------------------------------------------------------------
2025-11-10 00:18:19 [INFO] OnCrateSpawnTickPeriodic - Management Tick finished. Next check in 3600 seconds.
2025-11-10 01:18:19 [INFO] --------------------------------------------------------------------------
2025-11-10 01:18:19 [INFO] OnCrateSpawnTickPeriodic - Management Tick received. Evaluating individual crate configs...
2025-11-10 01:18:19 [INFO] --------------------------------------------------------------------------
2025-11-10 01:18:19 [INFO] Config 'DefaultDynamicEvent_Example1' is due for a check. Processing...
2025-11-10 01:18:19 [INFO] CrateSpawner: Processing ConfigUniqueID: 'DefaultDynamicEvent_Example1' (CrateType: 'BS_Hacked_Crate')
2025-11-10 01:18:19 [INFO] CrateSpawner: Skipping ConfigUniqueID 'DefaultDynamicEvent_Example1'. Players required: 1, Current: 0
2025-11-10 01:18:19 [INFO] OnCrateSpawnTickPeriodic - Management Tick finished. Next check in 3600 seconds.
2025-11-10 02:18:19 [INFO] --------------------------------------------------------------------------
2025-11-10 02:18:19 [INFO] OnCrateSpawnTickPeriodic - Management Tick received. Evaluating individual crate configs...
2025-11-10 02:18:19 [INFO] --------------------------------------------------------------------------
2025-11-10 02:18:19 [INFO] Config 'DefaultDynamicEvent_Example1' is due for a check. Processing...
2025-11-10 02:18:19 [INFO] CrateSpawner: Processing ConfigUniqueID: 'DefaultDynamicEvent_Example1' (CrateType: 'BS_Hacked_Crate')
2025-11-10 02:18:19 [INFO] CrateSpawner: Skipping ConfigUniqueID 'DefaultDynamicEvent_Example1'. Players required: 1, Current: 0
2025-11-10 02:18:19 [INFO] OnCrateSpawnTickPeriodic - Management Tick finished. Next check in 3600 seconds.
2025-11-10 03:18:19 [INFO] --------------------------------------------------------------------------
2025-11-10 03:18:19 [INFO] OnCrateSpawnTickPeriodic - Management Tick received. Evaluating individual crate configs...
2025-11-10 03:18:19 [INFO] --------------------------------------------------------------------------
2025-11-10 03:18:19 [INFO] Config 'DefaultDynamicEvent_Example1' is due for a check. Processing...
2025-11-10 03:18:19 [INFO] CrateSpawner: Processing ConfigUniqueID: 'DefaultDynamicEvent_Example1' (CrateType: 'BS_Hacked_Crate')
2025-11-10 03:18:19 [INFO] CrateSpawner: Skipping ConfigUniqueID 'DefaultDynamicEvent_Example1'. Players required: 1, Current: 0
2025-11-10 03:18:19 [INFO] OnCrateSpawnTickPeriodic - Management Tick finished. Next check in 3600 seconds.
2025-11-10 04:18:19 [INFO] --------------------------------------------------------------------------
2025-11-10 04:18:19 [INFO] OnCrateSpawnTickPeriodic - Management Tick received. Evaluating individual crate configs...
2025-11-10 04:18:19 [INFO] --------------------------------------------------------------------------
2025-11-10 04:18:19 [INFO] Config 'DefaultDynamicEvent_Example1' is due for a check. Processing...
2025-11-10 04:18:19 [INFO] CrateSpawner: Processing ConfigUniqueID: 'DefaultDynamicEvent_Example1' (CrateType: 'BS_Hacked_Crate')
2025-11-10 04:18:19 [INFO] CrateSpawner: Skipping ConfigUniqueID 'DefaultDynamicEvent_Example1'. Players required: 1, Current: 0
2025-11-10 04:18:19 [INFO] OnCrateSpawnTickPeriodic - Management Tick finished. Next check in 3600 seconds.
2025-11-10 05:18:19 [INFO] --------------------------------------------------------------------------
2025-11-10 05:18:19 [INFO] OnCrateSpawnTickPeriodic - Management Tick received. Evaluating individual crate configs...
2025-11-10 05:18:19 [INFO] --------------------------------------------------------------------------
2025-11-10 05:18:19 [INFO] Config 'DefaultDynamicEvent_Example1' is due for a check. Processing...
2025-11-10 05:18:19 [INFO] CrateSpawner: Processing ConfigUniqueID: 'DefaultDynamicEvent_Example1' (CrateType: 'BS_Hacked_Crate')
2025-11-10 05:18:19 [INFO] CrateSpawner: Skipping ConfigUniqueID 'DefaultDynamicEvent_Example1'. Players required: 1, Current: 0
2025-11-10 05:18:19 [INFO] OnCrateSpawnTickPeriodic - Management Tick finished. Next check in 3600 seconds.
2025-11-10 06:18:19 [INFO] --------------------------------------------------------------------------
2025-11-10 06:18:19 [INFO] OnCrateSpawnTickPeriodic - Management Tick received. Evaluating individual crate configs...
2025-11-10 06:18:19 [INFO] --------------------------------------------------------------------------
2025-11-10 06:18:19 [INFO] Config 'DefaultDynamicEvent_Example1' is due for a check. Processing...
2025-11-10 06:18:19 [INFO] CrateSpawner: Processing ConfigUniqueID: 'DefaultDynamicEvent_Example1' (CrateType: 'BS_Hacked_Crate')
2025-11-10 06:18:19 [INFO] CrateSpawner: Skipping ConfigUniqueID 'DefaultDynamicEvent_Example1'. Players required: 1, Current: 0
2025-11-10 06:18:19 [INFO] OnCrateSpawnTickPeriodic - Management Tick finished. Next check in 3600 seconds.
2025-11-10 07:18:19 [INFO] --------------------------------------------------------------------------
2025-11-10 07:18:19 [INFO] OnCrateSpawnTickPeriodic - Management Tick received. Evaluating individual crate configs...
2025-11-10 07:18:19 [INFO] --------------------------------------------------------------------------
2025-11-10 07:18:19 [INFO] Config 'DefaultDynamicEvent_Example1' is due for a check. Processing...
2025-11-10 07:18:19 [INFO] CrateSpawner: Processing ConfigUniqueID: 'DefaultDynamicEvent_Example1' (CrateType: 'BS_Hacked_Crate')
2025-11-10 07:18:19 [INFO] CrateSpawner: Skipping ConfigUniqueID 'DefaultDynamicEvent_Example1'. Players required: 1, Current: 0
2025-11-10 07:18:19 [INFO] OnCrateSpawnTickPeriodic - Management Tick finished. Next check in 3600 seconds.
2025-11-10 08:18:19 [INFO] --------------------------------------------------------------------------
2025-11-10 08:18:19 [INFO] OnCrateSpawnTickPeriodic - Management Tick received. Evaluating individual crate configs...
2025-11-10 08:18:19 [INFO] --------------------------------------------------------------------------
2025-11-10 08:18:19 [INFO] Config 'DefaultDynamicEvent_Example1' is due for a check. Processing...
2025-11-10 08:18:19 [INFO] CrateSpawner: Processing ConfigUniqueID: 'DefaultDynamicEvent_Example1' (CrateType: 'BS_Hacked_Crate')
2025-11-10 08:18:19 [INFO] CrateSpawner: Skipping ConfigUniqueID 'DefaultDynamicEvent_Example1'. Players required: 1, Current: 0
2025-11-10 08:18:19 [INFO] OnCrateSpawnTickPeriodic - Management Tick finished. Next check in 3600 seconds.
2025-11-10 09:18:19 [INFO] --------------------------------------------------------------------------
2025-11-10 09:18:19 [INFO] OnCrateSpawnTickPeriodic - Management Tick received. Evaluating individual crate configs...
2025-11-10 09:18:19 [INFO] --------------------------------------------------------------------------
2025-11-10 09:18:19 [INFO] Config 'DefaultDynamicEvent_Example1' is due for a check. Processing...
2025-11-10 09:18:19 [INFO] CrateSpawner: Processing ConfigUniqueID: 'DefaultDynamicEvent_Example1' (CrateType: 'BS_Hacked_Crate')
2025-11-10 09:18:19 [INFO] CrateSpawner: Skipping ConfigUniqueID 'DefaultDynamicEvent_Example1'. Players required: 1, Current: 0
2025-11-10 09:18:19 [INFO] OnCrateSpawnTickPeriodic - Management Tick finished. Next check in 3600 seconds.
2025-11-10 10:18:19 [INFO] --------------------------------------------------------------------------
2025-11-10 10:18:19 [INFO] OnCrateSpawnTickPeriodic - Management Tick received. Evaluating individual crate configs...
2025-11-10 10:18:19 [INFO] --------------------------------------------------------------------------
2025-11-10 10:18:19 [INFO] Config 'DefaultDynamicEvent_Example1' is due for a check. Processing...
2025-11-10 10:18:19 [INFO] CrateSpawner: Processing ConfigUniqueID: 'DefaultDynamicEvent_Example1' (CrateType: 'BS_Hacked_Crate')
2025-11-10 10:18:19 [INFO] CrateSpawner: Skipping ConfigUniqueID 'DefaultDynamicEvent_Example1'. Players required: 1, Current: 0
2025-11-10 10:18:19 [INFO] OnCrateSpawnTickPeriodic - Management Tick finished. Next check in 3600 seconds.
2025-11-10 11:18:19 [INFO] --------------------------------------------------------------------------
2025-11-10 11:18:19 [INFO] OnCrateSpawnTickPeriodic - Management Tick received. Evaluating individual crate configs...
2025-11-10 11:18:19 [INFO] --------------------------------------------------------------------------
2025-11-10 11:18:19 [INFO] Config 'DefaultDynamicEvent_Example1' is due for a check. Processing...
2025-11-10 11:18:19 [INFO] CrateSpawner: Processing ConfigUniqueID: 'DefaultDynamicEvent_Example1' (CrateType: 'BS_Hacked_Crate')
2025-11-10 11:18:19 [INFO] CrateSpawner: Skipping ConfigUniqueID 'DefaultDynamicEvent_Example1'. Players required: 1, Current: 0
2025-11-10 11:18:19 [INFO] OnCrateSpawnTickPeriodic - Management Tick finished. Next check in 3600 seconds.
2025-11-10 12:18:19 [INFO] --------------------------------------------------------------------------
2025-11-10 12:18:19 [INFO] OnCrateSpawnTickPeriodic - Management Tick received. Evaluating individual crate configs...
2025-11-10 12:18:19 [INFO] --------------------------------------------------------------------------
2025-11-10 12:18:19 [INFO] Config 'DefaultDynamicEvent_Example1' is due for a check. Processing...
2025-11-10 12:18:19 [INFO] CrateSpawner: Processing ConfigUniqueID: 'DefaultDynamicEvent_Example1' (CrateType: 'BS_Hacked_Crate')
2025-11-10 12:18:19 [INFO] CrateSpawner: Skipping ConfigUniqueID 'DefaultDynamicEvent_Example1'. Players required: 1, Current: 0
2025-11-10 12:18:19 [INFO] OnCrateSpawnTickPeriodic - Management Tick finished. Next check in 3600 seconds.
2025-11-10 13:18:19 [INFO] --------------------------------------------------------------------------
2025-11-10 13:18:19 [INFO] OnCrateSpawnTickPeriodic - Management Tick received. Evaluating individual crate configs...
2025-11-10 13:18:19 [INFO] --------------------------------------------------------------------------
2025-11-10 13:18:19 [INFO] Config 'DefaultDynamicEvent_Example1' is due for a check. Processing...
2025-11-10 13:18:19 [INFO] CrateSpawner: Processing ConfigUniqueID: 'DefaultDynamicEvent_Example1' (CrateType: 'BS_Hacked_Crate')
2025-11-10 13:18:19 [INFO] CrateSpawner: Skipping ConfigUniqueID 'DefaultDynamicEvent_Example1'. Players required: 1, Current: 0
2025-11-10 13:18:19 [INFO] OnCrateSpawnTickPeriodic - Management Tick finished. Next check in 3600 seconds.
2025-11-10 14:18:19 [INFO] --------------------------------------------------------------------------
2025-11-10 14:18:19 [INFO] OnCrateSpawnTickPeriodic - Management Tick received. Evaluating individual crate configs...
2025-11-10 14:18:19 [INFO] --------------------------------------------------------------------------
2025-11-10 14:18:19 [INFO] Config 'DefaultDynamicEvent_Example1' is due for a check. Processing...
2025-11-10 14:18:19 [INFO] CrateSpawner: Processing ConfigUniqueID: 'DefaultDynamicEvent_Example1' (CrateType: 'BS_Hacked_Crate')
2025-11-10 14:18:19 [INFO] CrateSpawner: Skipping ConfigUniqueID 'DefaultDynamicEvent_Example1'. Players required: 1, Current: 0
2025-11-10 14:18:19 [INFO] OnCrateSpawnTickPeriodic - Management Tick finished. Next check in 3600 seconds.
2025-11-10 15:18:19 [INFO] --------------------------------------------------------------------------
2025-11-10 15:18:19 [INFO] OnCrateSpawnTickPeriodic - Management Tick received. Evaluating individual crate configs...
2025-11-10 15:18:19 [INFO] --------------------------------------------------------------------------
2025-11-10 15:18:19 [INFO] Config 'DefaultDynamicEvent_Example1' is due for a check. Processing...
2025-11-10 15:18:19 [INFO] CrateSpawner: Processing ConfigUniqueID: 'DefaultDynamicEvent_Example1' (CrateType: 'BS_Hacked_Crate')
2025-11-10 15:18:19 [INFO] CrateSpawner: Skipping ConfigUniqueID 'DefaultDynamicEvent_Example1'. Players required: 1, Current: 0
2025-11-10 15:18:19 [INFO] OnCrateSpawnTickPeriodic - Management Tick finished. Next check in 3600 seconds.
2025-11-10 16:18:19 [INFO] --------------------------------------------------------------------------
2025-11-10 16:18:19 [INFO] OnCrateSpawnTickPeriodic - Management Tick received. Evaluating individual crate configs...
2025-11-10 16:18:19 [INFO] --------------------------------------------------------------------------
2025-11-10 16:18:19 [INFO] Config 'DefaultDynamicEvent_Example1' is due for a check. Processing...
2025-11-10 16:18:19 [INFO] CrateSpawner: Processing ConfigUniqueID: 'DefaultDynamicEvent_Example1' (CrateType: 'BS_Hacked_Crate')
2025-11-10 16:18:19 [INFO] CrateSpawner: Skipping ConfigUniqueID 'DefaultDynamicEvent_Example1'. Players required: 1, Current: 0
2025-11-10 16:18:19 [INFO] OnCrateSpawnTickPeriodic - Management Tick finished. Next check in 3600 seconds.
2025-11-10 17:18:19 [INFO] --------------------------------------------------------------------------
2025-11-10 17:18:19 [INFO] OnCrateSpawnTickPeriodic - Management Tick received. Evaluating individual crate configs...
2025-11-10 17:18:19 [INFO] --------------------------------------------------------------------------
2025-11-10 17:18:19 [INFO] Config 'DefaultDynamicEvent_Example1' is due for a check. Processing...
2025-11-10 17:18:19 [INFO] CrateSpawner: Processing ConfigUniqueID: 'DefaultDynamicEvent_Example1' (CrateType: 'BS_Hacked_Crate')
2025-11-10 17:18:19 [INFO] CrateSpawner: Skipping ConfigUniqueID 'DefaultDynamicEvent_Example1'. Players required: 1, Current: 0
2025-11-10 17:18:19 [INFO] OnCrateSpawnTickPeriodic - Management Tick finished. Next check in 3600 seconds.
2025-11-10 18:18:19 [INFO] --------------------------------------------------------------------------
2025-11-10 18:18:19 [INFO] OnCrateSpawnTickPeriodic - Management Tick received. Evaluating individual crate configs...
2025-11-10 18:18:19 [INFO] --------------------------------------------------------------------------
2025-11-10 18:18:19 [INFO] Config 'DefaultDynamicEvent_Example1' is due for a check. Processing...
2025-11-10 18:18:19 [INFO] CrateSpawner: Processing ConfigUniqueID: 'DefaultDynamicEvent_Example1' (CrateType: 'BS_Hacked_Crate')
2025-11-10 18:18:19 [INFO] CrateSpawner: Skipping ConfigUniqueID 'DefaultDynamicEvent_Example1'. Players required: 1, Current: 0
2025-11-10 18:18:19 [INFO] OnCrateSpawnTickPeriodic - Management Tick finished. Next check in 3600 seconds.
2025-11-10 19:18:19 [INFO] --------------------------------------------------------------------------
2025-11-10 19:18:19 [INFO] OnCrateSpawnTickPeriodic - Management Tick received. Evaluating individual crate configs...
2025-11-10 19:18:19 [INFO] --------------------------------------------------------------------------
2025-11-10 19:18:19 [INFO] Config 'DefaultDynamicEvent_Example1' is due for a check. Processing...
2025-11-10 19:18:19 [INFO] CrateSpawner: Processing ConfigUniqueID: 'DefaultDynamicEvent_Example1' (CrateType: 'BS_Hacked_Crate')
2025-11-10 19:18:19 [INFO] CrateSpawner: Skipping ConfigUniqueID 'DefaultDynamicEvent_Example1'. Players required: 1, Current: 0
2025-11-10 19:18:19 [INFO] OnCrateSpawnTickPeriodic - Management Tick finished. Next check in 3600 seconds.
2025-11-10 20:18:19 [INFO] --------------------------------------------------------------------------
2025-11-10 20:18:19 [INFO] OnCrateSpawnTickPeriodic - Management Tick received. Evaluating individual crate configs...
2025-11-10 20:18:19 [INFO] --------------------------------------------------------------------------
2025-11-10 20:18:19 [INFO] Config 'DefaultDynamicEvent_Example1' is due for a check. Processing...
2025-11-10 20:18:19 [INFO] CrateSpawner: Processing ConfigUniqueID: 'DefaultDynamicEvent_Example1' (CrateType: 'BS_Hacked_Crate')
2025-11-10 20:18:19 [INFO] CrateSpawner: Skipping ConfigUniqueID 'DefaultDynamicEvent_Example1'. Players required: 1, Current: 0
2025-11-10 20:18:19 [INFO] OnCrateSpawnTickPeriodic - Management Tick finished. Next check in 3600 seconds.
2025-11-10 21:18:19 [INFO] --------------------------------------------------------------------------
2025-11-10 21:18:19 [INFO] OnCrateSpawnTickPeriodic - Management Tick received. Evaluating individual crate configs...
2025-11-10 21:18:19 [INFO] --------------------------------------------------------------------------
2025-11-10 21:18:19 [INFO] Config 'DefaultDynamicEvent_Example1' is due for a check. Processing...
2025-11-10 21:18:19 [INFO] CrateSpawner: Processing ConfigUniqueID: 'DefaultDynamicEvent_Example1' (CrateType: 'BS_Hacked_Crate')
2025-11-10 21:18:19 [INFO] CrateSpawner: Skipping ConfigUniqueID 'DefaultDynamicEvent_Example1'. Players required: 1, Current: 0
2025-11-10 21:18:19 [INFO] OnCrateSpawnTickPeriodic - Management Tick finished. Next check in 3600 seconds.
2025-11-10 22:18:19 [INFO] --------------------------------------------------------------------------
2025-11-10 22:18:19 [INFO] OnCrateSpawnTickPeriodic - Management Tick received. Evaluating individual crate configs...
2025-11-10 22:18:19 [INFO] --------------------------------------------------------------------------
2025-11-10 22:18:19 [INFO] Config 'DefaultDynamicEvent_Example1' is due for a check. Processing...
2025-11-10 22:18:19 [INFO] CrateSpawner: Processing ConfigUniqueID: 'DefaultDynamicEvent_Example1' (CrateType: 'BS_Hacked_Crate')
2025-11-10 22:18:19 [INFO] CrateSpawner: Skipping ConfigUniqueID 'DefaultDynamicEvent_Example1'. Players required: 1, Current: 0
2025-11-10 22:18:19 [INFO] OnCrateSpawnTickPeriodic - Management Tick finished. Next check in 3600 seconds.
