2025-11-13 05:51:47 [INFO] OnInit - Initializing Bastardos Hacked Crates System...
2025-11-13 05:51:47 [INFO] OnInit - Loading Hacked Crate Loot Configuration (loot_pools.json)...
2025-11-13 05:51:47 [INFO] [BSHCLootPoolConfig] Found loot_pools.json at: $profile:\Bastardo_HC\loot_pools.json
2025-11-13 05:51:47 [INFO] [BSHCLootPoolConfig] JsonLoadFile executed. Loaded 2 categories defined in the root.
2025-11-13 05:51:47 [INFO] [BSHCLootPoolConfig] Category 'DefaultArmaments' has 1 loot pools.
2025-11-13 05:51:47 [INFO] [BSHCLootPoolConfig] Category 'DefaultMedical' has 1 loot pools.
2025-11-13 05:51:47 [INFO] OnInit - Hacked Crate Loot Configuration processed successfully.
2025-11-13 05:51:47 [INFO] OnInit - Loading Hacked Crate settings (global, static, dynamic)...
2025-11-13 05:51:47 [INFO] CrateManagement instance created with default grace period and tick interval.
2025-11-13 05:51:47 [INFO] [BSHCGlobalServerSettings] Loading from: $profile:\Bastardo_HC\BS_Global_settings.json
2025-11-13 05:51:47 [INFO] [CrateConfigManager] Re-saved static_crates.json to include any new options.
2025-11-13 05:51:47 [INFO] [CrateConfigManager] Re-saved dynamic_crates.json to include any new options.
2025-11-13 05:51:47 [INFO] [CrateConfigManager] Static CrateManagement has been set.
2025-11-13 05:51:47 [INFO] CrateSpawner instance created.
2025-11-13 05:51:47 [INFO] OnInit - Crate Spawner created. Grace Period: 5 minutes. Periodic Tick: 3600 seconds.
2025-11-13 05:51:47 [INFO] OnInit - Bastardos Hacked Crates System Initialization sequence finished.
2025-11-13 05:51:50 [INFO] OnMissionStart - Server mission started. Scheduling Hacked Crate cleanup and initial spawn setup.
2025-11-13 05:51:50 [INFO] OnMissionStart - Immediate STATIC Crate spawn scheduled in 15 seconds.
2025-11-13 05:51:50 [INFO] OnMissionStart - Initial DYNAMIC Crate spawn scheduled in approx. 320 seconds.
2025-11-13 05:51:50 [INFO] OnMissionStart - Scheduling first PERIODIC Crate Spawn Tick in approx. 3600 seconds.
2025-11-13 05:52:54 [INFO] DeleteHackedCratesFromKnownLocations - Starting cleanup of Hacked Crates from KNOWN SPAWN LOCATIONS as defined in configurations...
2025-11-13 05:52:54 [INFO] DeleteHackedCratesFromKnownLocations - Cleanup from known locations finished. Total inactive Hacked Crates (matching type and location) deleted: 0
2025-11-13 05:52:59 [INFO] PerformImmediateStaticSpawn - Calling CrateSpawner to setup STATIC Hacked Crates...
2025-11-13 05:52:59 [INFO] CrateSpawner: ------------- Starting IMMEDIATE STATIC Spawn Pass -------------
2025-11-13 05:52:59 [INFO] CrateSpawner: Processing IMMEDIATE STATIC for ConfigUniqueID: 'DefaultStaticEvent_Example1'.
2025-11-13 05:52:59 [INFO] SpawnStaticCrates: Processing 1 static locations for ConfigUniqueID: 'DefaultStaticEvent_Example1'.
2025-11-13 05:52:59 [INFO] SpawnStaticCrates: Location <2471.820068, 193.177002, 5114.220215> is free. Attempting to spawn crate.
2025-11-13 05:52:59 [INFO] Inventory for BS_Hacked_Crate LOCKED. IsOpen: false LootAccessActionDone: false
2025-11-13 05:52:59 [INFO] HackedCrate_Base (BS_Hacked_Crate): Instance specific CrateSettings assigned. ConfigUniqueID: DefaultStaticEvent_Example1
2025-11-13 05:52:59 [INFO] [SpawnAIAroundCrate] Spawning 1 AI(s) next to the crate.
2025-11-13 05:52:59 [INFO] [SpawnAIAroundCrate] Successfully spawned ZmbM_SoldierNormal at <2457.221191, 193.259628, 5117.608887>
2025-11-13 05:52:59 [INFO] CrateSpawner: ------------- Finished IMMEDIATE STATIC Spawn Pass -------------
2025-11-13 05:52:59 [INFO] DeferredEEInitLogic: START for BS_Hacked_Crate<3011584>. m_LoadedExpansionMarkerUID (should be from OnStoreLoad) is ''. Current m_ExpansionMarkerUID (active) is ''
2025-11-13 05:52:59 [INFO] DeferredEEInitLogic: Settings acquired successfully for BS_Hacked_Crate<3011584>.
2025-11-13 05:52:59 [INFO] DeferredEEInitLogic: m_ExpansionMarkerUID is empty. Calling CreateExpansionMapMarker for BS_Hacked_Crate<3011584>.
2025-11-13 05:52:59 [INFO] EXP_DEBUG: Inside CreateExpansionMapMarker for BS_Hacked_Crate.UseExpansionMapMarker is true.
2025-11-13 05:52:59 [INFO] EXP_DEBUG: EXPANSIONMODNAVIGATION is NOT defined. No Expansion marker will be created.
2025-11-13 05:52:59 [INFO] DeferredEEInitLogic: AG DEBUG for BS_Hacked_Crate<3011584>
2025-11-13 05:52:59 [INFO] BSHC_AG_DEBUG: BSHC_CreateAdvancedGroupsMapMarker call.
2025-11-13 05:52:59 [INFO] BSHC_AG_DEBUG: Final Marker Name: '#STR_BSHC_HackedCrate_DisplayName'
2025-11-13 05:52:59 [INFO] BSHC_AG_DEBUG: Trying to create AG marker with name: #STR_BSHC_HackedCrate_DisplayName, Pos: <2471.820068, 193.177002, 5114.220215>, Icon: BS_HackedCrate/gui/iconcrate.paa, Color: -65536, ShowOnMap: true, ShowInWorld: true
2025-11-13 05:52:59 [INFO] BSHC_AG_DEBUG: LBStaticMarkerManager.Get is accessible.
2025-11-13 05:52:59 [INFO] BSHC_AG_DEBUG: Created AG marker (UID: 94309373) for BS_Hacked_Crate
2025-11-13 05:52:59 [INFO] DeferredEEInitLogic: Final m_LootAccessActionDone for BS_Hacked_Crate<3011584> is: false
2025-11-13 05:52:59 [INFO] Inventory for BS_Hacked_Crate LOCKED. IsOpen: false LootAccessActionDone: false
2025-11-13 05:52:59 [INFO] DeferredEEInitLogic: FINISHED for BS_Hacked_Crate<3011584>
2025-11-13 05:58:04 [INFO] PerformInitialDynamicSpawn - Grace period ended. Calling CrateSpawner to setup initial DYNAMIC Hacked Crates...
2025-11-13 05:58:04 [INFO] CrateSpawner: ------------- Starting INITIAL DYNAMIC Spawn Pass (Post-Grace) -------------
2025-11-13 05:58:04 [INFO] CrateSpawner: Current server population for dynamic spawn: 2 players.
2025-11-13 05:58:04 [INFO] CrateSpawner: Processing DYNAMIC for ConfigUniqueID: 'DefaultDynamicEvent_Example1'.
2025-11-13 05:58:04 [INFO] CrateSpawner: Attempting to spawn 2 for ConfigUniqueID: 'DefaultDynamicEvent_Example1'.
2025-11-13 05:58:04 [INFO] SpawnRandomCrates: Attempting to spawn 2 of type 'BS_Hacked_Crate' with ConfigUniqueID 'DefaultDynamicEvent_Example1'.
2025-11-13 05:58:04 [INFO] SpawnRandomCrates: Shuffled list for 'DefaultDynamicEvent_Example1' is empty or non-existent. Regenerating and shuffling.
2025-11-13 05:58:04 [INFO] CrateSpawner: Sending spawn warning for 'BS_Hacked_Crate' at Airfield
2025-11-13 05:58:04 [INFO] CrateSpawner: Added to pending list for ConfigUniqueID 'DefaultDynamicEvent_Example1'. New pending count: 1
2025-11-13 05:58:04 [INFO] CrateSpawner: Sending spawn warning for 'BS_Hacked_Crate' at VMC
2025-11-13 05:58:04 [INFO] CrateSpawner: Added to pending list for ConfigUniqueID 'DefaultDynamicEvent_Example1'. New pending count: 2
2025-11-13 05:58:04 [INFO] CrateSpawner: ------------- Finished INITIAL DYNAMIC Spawn Pass -------------
2025-11-13 06:08:04 [INFO] SpawnCrateAfterWarning: Timer finished. Spawning crate BS_Hacked_Crate. Removed from pending list. New pending count: 1
2025-11-13 06:08:04 [INFO] Inventory for BS_Hacked_Crate LOCKED. IsOpen: false LootAccessActionDone: false
2025-11-13 06:08:04 [INFO] HackedCrate_Base (BS_Hacked_Crate): Instance specific CrateSettings assigned. ConfigUniqueID: DefaultDynamicEvent_Example1
2025-11-13 06:08:04 [INFO] CrateSpawner: Standard Notification RPC sent. Key: #STR_BSHC_Notification_Spawn_Located
2025-11-13 06:08:04 [INFO] [SpawnAIAroundCrate] Spawning 3 AI(s) next to the crate.
2025-11-13 06:08:04 [INFO] [SpawnAIAroundCrate] Successfully spawned ZmbM_SoldierNormal at <4720.999023, 339.000000, 10334.770508>
2025-11-13 06:08:04 [INFO] [SpawnAIAroundCrate] Successfully spawned ZmbM_SoldierNormal at <4723.811035, 339.000000, 10334.606445>
2025-11-13 06:08:04 [INFO] [SpawnAIAroundCrate] Successfully spawned ZmbM_SoldierNormal at <4722.187012, 338.998047, 10369.273438>
2025-11-13 06:08:04 [INFO] SpawnCrateAfterWarning: Timer finished. Spawning crate BS_Hacked_Crate. Removed from pending list. New pending count: 0
2025-11-13 06:08:04 [INFO] Inventory for BS_Hacked_Crate LOCKED. IsOpen: false LootAccessActionDone: false
2025-11-13 06:08:04 [INFO] HackedCrate_Base (BS_Hacked_Crate): Instance specific CrateSettings assigned. ConfigUniqueID: DefaultDynamicEvent_Example1
2025-11-13 06:08:04 [INFO] CrateSpawner: Standard Notification RPC sent. Key: #STR_BSHC_Notification_Spawn_Located
2025-11-13 06:08:04 [INFO] [SpawnAIAroundCrate] Spawning 1 AI(s) next to the crate.
2025-11-13 06:08:04 [INFO] [SpawnAIAroundCrate] Successfully spawned ZmbM_SoldierNormal at <4540.908691, 317.920441, 8348.234375>
2025-11-13 06:08:04 [INFO] DeferredEEInitLogic: START for BS_Hacked_Crate<3015374>. m_LoadedExpansionMarkerUID (should be from OnStoreLoad) is ''. Current m_ExpansionMarkerUID (active) is ''
2025-11-13 06:08:04 [INFO] DeferredEEInitLogic: Settings acquired successfully for BS_Hacked_Crate<3015374>.
2025-11-13 06:08:04 [INFO] DeferredEEInitLogic: m_ExpansionMarkerUID is empty. Calling CreateExpansionMapMarker for BS_Hacked_Crate<3015374>.
2025-11-13 06:08:04 [INFO] EXP_DEBUG: Inside CreateExpansionMapMarker for BS_Hacked_Crate.UseExpansionMapMarker is true.
2025-11-13 06:08:04 [INFO] EXP_DEBUG: EXPANSIONMODNAVIGATION is NOT defined. No Expansion marker will be created.
2025-11-13 06:08:04 [INFO] DeferredEEInitLogic: AG DEBUG for BS_Hacked_Crate<3015374>
2025-11-13 06:08:04 [INFO] BSHC_AG_DEBUG: BSHC_CreateAdvancedGroupsMapMarker call.
2025-11-13 06:08:04 [INFO] BSHC_AG_DEBUG: Final Marker Name: '#STR_BSHC_HackedCrate_DisplayName'
2025-11-13 06:08:04 [INFO] BSHC_AG_DEBUG: Trying to create AG marker with name: #STR_BSHC_HackedCrate_DisplayName, Pos: <4732.430176, 338.968994, 10350.200195>, Icon: BS_HackedCrate/gui/iconcrate.paa, Color: -65536, ShowOnMap: true, ShowInWorld: true
2025-11-13 06:08:04 [INFO] BSHC_AG_DEBUG: LBStaticMarkerManager.Get is accessible.
2025-11-13 06:08:04 [INFO] BSHC_AG_DEBUG: Created AG marker (UID: 107089282) for BS_Hacked_Crate
2025-11-13 06:08:04 [INFO] DeferredEEInitLogic: Final m_LootAccessActionDone for BS_Hacked_Crate<3015374> is: false
2025-11-13 06:08:04 [INFO] Inventory for BS_Hacked_Crate LOCKED. IsOpen: false LootAccessActionDone: false
2025-11-13 06:08:04 [INFO] DeferredEEInitLogic: FINISHED for BS_Hacked_Crate<3015374>
2025-11-13 06:08:04 [INFO] DeferredEEInitLogic: START for BS_Hacked_Crate<3015378>. m_LoadedExpansionMarkerUID (should be from OnStoreLoad) is ''. Current m_ExpansionMarkerUID (active) is ''
2025-11-13 06:08:04 [INFO] DeferredEEInitLogic: Settings acquired successfully for BS_Hacked_Crate<3015378>.
2025-11-13 06:08:04 [INFO] DeferredEEInitLogic: m_ExpansionMarkerUID is empty. Calling CreateExpansionMapMarker for BS_Hacked_Crate<3015378>.
2025-11-13 06:08:04 [INFO] EXP_DEBUG: Inside CreateExpansionMapMarker for BS_Hacked_Crate.UseExpansionMapMarker is true.
2025-11-13 06:08:04 [INFO] EXP_DEBUG: EXPANSIONMODNAVIGATION is NOT defined. No Expansion marker will be created.
2025-11-13 06:08:04 [INFO] DeferredEEInitLogic: AG DEBUG for BS_Hacked_Crate<3015378>
2025-11-13 06:08:04 [INFO] BSHC_AG_DEBUG: BSHC_CreateAdvancedGroupsMapMarker call.
2025-11-13 06:08:04 [INFO] BSHC_AG_DEBUG: Final Marker Name: '#STR_BSHC_HackedCrate_DisplayName'
2025-11-13 06:08:04 [INFO] BSHC_AG_DEBUG: Trying to create AG marker with name: #STR_BSHC_HackedCrate_DisplayName, Pos: <4553.689941, 317.975006, 8352.099609>, Icon: BS_HackedCrate/gui/iconcrate.paa, Color: -65536, ShowOnMap: true, ShowInWorld: true
2025-11-13 06:08:04 [INFO] BSHC_AG_DEBUG: LBStaticMarkerManager.Get is accessible.
2025-11-13 06:08:04 [INFO] BSHC_AG_DEBUG: Created AG marker (UID: 1107985524) for BS_Hacked_Crate
2025-11-13 06:08:04 [INFO] DeferredEEInitLogic: Final m_LootAccessActionDone for BS_Hacked_Crate<3015378> is: false
2025-11-13 06:08:04 [INFO] Inventory for BS_Hacked_Crate LOCKED. IsOpen: false LootAccessActionDone: false
2025-11-13 06:08:04 [INFO] DeferredEEInitLogic: FINISHED for BS_Hacked_Crate<3015378>
2025-11-13 06:36:01 [INFO] EEDelete called for BS_Hacked_Crate at <2471.820068, 193.177002, 5114.220215>
2025-11-13 06:36:01 [INFO] EXP_REMOVE_DEBUG: Attempting RemoveExpansionMapMarker. Context: EEDelete. Current UID: '' for BS_Hacked_Crate<3011584>
2025-11-13 06:36:01 [INFO] EXP_REMOVE_DEBUG: EXPANSIONMODNAVIGATION NOT defined. Cannot remove marker. Context: EEDelete for BS_Hacked_Crate<3011584>
2025-11-13 06:36:01 [INFO] BSHC_AG_DEBUG: BSHC_RemoveAdvancedGroupsMapMarker called.
2025-11-13 06:36:01 [INFO] BSHC_AG_DEBUG: Removing AG marker UID: 94309373
2025-11-13 06:36:01 [INFO] BSHC_AG_DEBUG: AG marker UID 94309373 successfully removed.
2025-11-13 06:36:01 [INFO] HackedCrate (BS_Hacked_Crate): Sending RPC Notification. Type: DESPAWN, Key: #STR_BSHC_Notification_Despawn_Located
2025-11-13 06:36:01 [INFO] EEDelete: Removed BS_Hacked_Crate from g_ActiveHackedCrates. Remaining count: 2
2025-11-13 06:52:44 [INFO] --------------------------------------------------------------------------
2025-11-13 06:52:44 [INFO] OnCrateSpawnTickPeriodic - Management Tick received. Evaluating individual crate configs...
2025-11-13 06:52:44 [INFO] --------------------------------------------------------------------------
2025-11-13 06:52:44 [INFO] Config 'DefaultDynamicEvent_Example1' is due for a check. Processing...
2025-11-13 06:52:44 [INFO] CrateSpawner: Processing ConfigUniqueID: 'DefaultDynamicEvent_Example1' (CrateType: 'BS_Hacked_Crate')
2025-11-13 06:52:44 [INFO] CrateSpawner: Handling RANDOM for ConfigUniqueID: 'DefaultDynamicEvent_Example1'.
2025-11-13 06:52:44 [INFO] CrateSpawner: ConfigUniqueID 'DefaultDynamicEvent_Example1' - Existing: 2, Target Active: 2
2025-11-13 06:52:44 [INFO] OnCrateSpawnTickPeriodic - Management Tick finished. Next check in 3600 seconds.
2025-11-13 06:59:19 [INFO] EEDelete called for BS_Hacked_Crate at <4553.689941, 317.975006, 8352.099609>
2025-11-13 06:59:19 [INFO] EXP_REMOVE_DEBUG: Attempting RemoveExpansionMapMarker. Context: EEDelete. Current UID: '' for BS_Hacked_Crate<3015378>
2025-11-13 06:59:19 [INFO] EXP_REMOVE_DEBUG: EXPANSIONMODNAVIGATION NOT defined. Cannot remove marker. Context: EEDelete for BS_Hacked_Crate<3015378>
2025-11-13 06:59:19 [INFO] BSHC_AG_DEBUG: BSHC_RemoveAdvancedGroupsMapMarker called.
2025-11-13 06:59:19 [INFO] BSHC_AG_DEBUG: Removing AG marker UID: 1107985524
2025-11-13 06:59:19 [INFO] BSHC_AG_DEBUG: AG marker UID 1107985524 successfully removed.
2025-11-13 06:59:19 [INFO] HackedCrate (BS_Hacked_Crate): Sending RPC Notification. Type: DESPAWN, Key: #STR_BSHC_Notification_Despawn_Located
2025-11-13 06:59:19 [INFO] EEDelete: Removed BS_Hacked_Crate from g_ActiveHackedCrates. Remaining count: 1
2025-11-13 07:09:11 [INFO] EEDelete called for BS_Hacked_Crate at <4732.430176, 338.968994, 10350.200195>
2025-11-13 07:09:11 [INFO] EXP_REMOVE_DEBUG: Attempting RemoveExpansionMapMarker. Context: EEDelete. Current UID: '' for BS_Hacked_Crate<3015374>
2025-11-13 07:09:11 [INFO] EXP_REMOVE_DEBUG: EXPANSIONMODNAVIGATION NOT defined. Cannot remove marker. Context: EEDelete for BS_Hacked_Crate<3015374>
2025-11-13 07:09:11 [INFO] BSHC_AG_DEBUG: BSHC_RemoveAdvancedGroupsMapMarker called.
2025-11-13 07:09:11 [INFO] BSHC_AG_DEBUG: Removing AG marker UID: 107089282
2025-11-13 07:09:11 [INFO] BSHC_AG_DEBUG: AG marker UID 107089282 successfully removed.
2025-11-13 07:09:11 [INFO] HackedCrate (BS_Hacked_Crate): Sending RPC Notification. Type: DESPAWN, Key: #STR_BSHC_Notification_Despawn_Located
2025-11-13 07:09:11 [INFO] EEDelete: Removed BS_Hacked_Crate from g_ActiveHackedCrates. Remaining count: 0
2025-11-13 07:52:44 [INFO] --------------------------------------------------------------------------
2025-11-13 07:52:44 [INFO] OnCrateSpawnTickPeriodic - Management Tick received. Evaluating individual crate configs...
2025-11-13 07:52:44 [INFO] --------------------------------------------------------------------------
2025-11-13 07:52:44 [INFO] Config 'DefaultDynamicEvent_Example1' is due for a check. Processing...
2025-11-13 07:52:44 [INFO] CrateSpawner: Processing ConfigUniqueID: 'DefaultDynamicEvent_Example1' (CrateType: 'BS_Hacked_Crate')
2025-11-13 07:52:44 [INFO] CrateSpawner: Handling RANDOM for ConfigUniqueID: 'DefaultDynamicEvent_Example1'.
2025-11-13 07:52:44 [INFO] CrateSpawner: ConfigUniqueID 'DefaultDynamicEvent_Example1' - Existing: 0, Target Active: 2
2025-11-13 07:52:44 [INFO] CrateSpawner: Attempting to spawn 2 for ConfigUniqueID: 'DefaultDynamicEvent_Example1'.
2025-11-13 07:52:44 [INFO] SpawnRandomCrates: Attempting to spawn 2 of type 'BS_Hacked_Crate' with ConfigUniqueID 'DefaultDynamicEvent_Example1'.
2025-11-13 07:52:44 [INFO] SpawnRandomCrates: Shuffled list for 'DefaultDynamicEvent_Example1' is empty or non-existent. Regenerating and shuffling.
2025-11-13 07:52:44 [INFO] CrateSpawner: Sending spawn warning for 'BS_Hacked_Crate' at VMC
2025-11-13 07:52:44 [INFO] CrateSpawner: Added to pending list for ConfigUniqueID 'DefaultDynamicEvent_Example1'. New pending count: 1
2025-11-13 07:52:44 [INFO] CrateSpawner: Sending spawn warning for 'BS_Hacked_Crate' at Airfield
2025-11-13 07:52:44 [INFO] CrateSpawner: Added to pending list for ConfigUniqueID 'DefaultDynamicEvent_Example1'. New pending count: 2
2025-11-13 07:52:44 [INFO] OnCrateSpawnTickPeriodic - Management Tick finished. Next check in 3600 seconds.
2025-11-13 08:02:44 [INFO] SpawnCrateAfterWarning: Timer finished. Spawning crate BS_Hacked_Crate. Removed from pending list. New pending count: 1
2025-11-13 08:02:44 [INFO] Inventory for BS_Hacked_Crate LOCKED. IsOpen: false LootAccessActionDone: false
2025-11-13 08:02:44 [INFO] HackedCrate_Base (BS_Hacked_Crate): Instance specific CrateSettings assigned. ConfigUniqueID: DefaultDynamicEvent_Example1
2025-11-13 08:02:44 [INFO] CrateSpawner: Standard Notification RPC sent. Key: #STR_BSHC_Notification_Spawn_Located
2025-11-13 08:02:44 [INFO] [SpawnAIAroundCrate] Spawning 2 AI(s) next to the crate.
2025-11-13 08:02:44 [INFO] [SpawnAIAroundCrate] Successfully spawned ZmbM_SoldierNormal at <4554.618164, 317.989990, 8362.905273>
2025-11-13 08:02:44 [INFO] [SpawnAIAroundCrate] Successfully spawned ZmbM_SoldierNormal at <4566.727539, 318.001282, 8338.251953>
2025-11-13 08:02:44 [INFO] SpawnCrateAfterWarning: Timer finished. Spawning crate BS_Hacked_Crate. Removed from pending list. New pending count: 0
2025-11-13 08:02:44 [INFO] Inventory for BS_Hacked_Crate LOCKED. IsOpen: false LootAccessActionDone: false
2025-11-13 08:02:44 [INFO] HackedCrate_Base (BS_Hacked_Crate): Instance specific CrateSettings assigned. ConfigUniqueID: DefaultDynamicEvent_Example1
2025-11-13 08:02:44 [INFO] CrateSpawner: Standard Notification RPC sent. Key: #STR_BSHC_Notification_Spawn_Located
2025-11-13 08:02:44 [INFO] [SpawnAIAroundCrate] Spawning 1 AI(s) next to the crate.
2025-11-13 08:02:44 [INFO] [SpawnAIAroundCrate] Successfully spawned ZmbM_SoldierNormal at <4708.070313, 339.000000, 10345.308594>
2025-11-13 08:02:44 [INFO] DeferredEEInitLogic: START for BS_Hacked_Crate<3020004>. m_LoadedExpansionMarkerUID (should be from OnStoreLoad) is ''. Current m_ExpansionMarkerUID (active) is ''
2025-11-13 08:02:44 [INFO] DeferredEEInitLogic: Settings acquired successfully for BS_Hacked_Crate<3020004>.
2025-11-13 08:02:44 [INFO] DeferredEEInitLogic: m_ExpansionMarkerUID is empty. Calling CreateExpansionMapMarker for BS_Hacked_Crate<3020004>.
2025-11-13 08:02:44 [INFO] EXP_DEBUG: Inside CreateExpansionMapMarker for BS_Hacked_Crate.UseExpansionMapMarker is true.
2025-11-13 08:02:44 [INFO] EXP_DEBUG: EXPANSIONMODNAVIGATION is NOT defined. No Expansion marker will be created.
2025-11-13 08:02:44 [INFO] DeferredEEInitLogic: AG DEBUG for BS_Hacked_Crate<3020004>
2025-11-13 08:02:44 [INFO] BSHC_AG_DEBUG: BSHC_CreateAdvancedGroupsMapMarker call.
2025-11-13 08:02:44 [INFO] BSHC_AG_DEBUG: Final Marker Name: '#STR_BSHC_HackedCrate_DisplayName'
2025-11-13 08:02:44 [INFO] BSHC_AG_DEBUG: Trying to create AG marker with name: #STR_BSHC_HackedCrate_DisplayName, Pos: <4553.689941, 317.975006, 8352.099609>, Icon: BS_HackedCrate/gui/iconcrate.paa, Color: -65536, ShowOnMap: true, ShowInWorld: true
2025-11-13 08:02:44 [INFO] BSHC_AG_DEBUG: LBStaticMarkerManager.Get is accessible.
2025-11-13 08:02:44 [INFO] BSHC_AG_DEBUG: Created AG marker (UID: 251600558) for BS_Hacked_Crate
2025-11-13 08:02:44 [INFO] DeferredEEInitLogic: Final m_LootAccessActionDone for BS_Hacked_Crate<3020004> is: false
2025-11-13 08:02:44 [INFO] Inventory for BS_Hacked_Crate LOCKED. IsOpen: false LootAccessActionDone: false
2025-11-13 08:02:44 [INFO] DeferredEEInitLogic: FINISHED for BS_Hacked_Crate<3020004>
2025-11-13 08:02:44 [INFO] DeferredEEInitLogic: START for BS_Hacked_Crate<3020007>. m_LoadedExpansionMarkerUID (should be from OnStoreLoad) is ''. Current m_ExpansionMarkerUID (active) is ''
2025-11-13 08:02:44 [INFO] DeferredEEInitLogic: Settings acquired successfully for BS_Hacked_Crate<3020007>.
2025-11-13 08:02:44 [INFO] DeferredEEInitLogic: m_ExpansionMarkerUID is empty. Calling CreateExpansionMapMarker for BS_Hacked_Crate<3020007>.
2025-11-13 08:02:44 [INFO] EXP_DEBUG: Inside CreateExpansionMapMarker for BS_Hacked_Crate.UseExpansionMapMarker is true.
2025-11-13 08:02:44 [INFO] EXP_DEBUG: EXPANSIONMODNAVIGATION is NOT defined. No Expansion marker will be created.
2025-11-13 08:02:44 [INFO] DeferredEEInitLogic: AG DEBUG for BS_Hacked_Crate<3020007>
2025-11-13 08:02:44 [INFO] BSHC_AG_DEBUG: BSHC_CreateAdvancedGroupsMapMarker call.
2025-11-13 08:02:44 [INFO] BSHC_AG_DEBUG: Final Marker Name: '#STR_BSHC_HackedCrate_DisplayName'
2025-11-13 08:02:44 [INFO] BSHC_AG_DEBUG: Trying to create AG marker with name: #STR_BSHC_HackedCrate_DisplayName, Pos: <4732.430176, 338.968994, 10350.200195>, Icon: BS_HackedCrate/gui/iconcrate.paa, Color: -65536, ShowOnMap: true, ShowInWorld: true
2025-11-13 08:02:44 [INFO] BSHC_AG_DEBUG: LBStaticMarkerManager.Get is accessible.
2025-11-13 08:02:44 [INFO] BSHC_AG_DEBUG: Created AG marker (UID: 941650096) for BS_Hacked_Crate
2025-11-13 08:02:44 [INFO] DeferredEEInitLogic: Final m_LootAccessActionDone for BS_Hacked_Crate<3020007> is: false
2025-11-13 08:02:44 [INFO] Inventory for BS_Hacked_Crate LOCKED. IsOpen: false LootAccessActionDone: false
2025-11-13 08:02:44 [INFO] DeferredEEInitLogic: FINISHED for BS_Hacked_Crate<3020007>
2025-11-13 08:34:49 [INFO] EEDelete called for BS_Hacked_Crate at <4553.689941, 317.975006, 8352.099609>
2025-11-13 08:34:49 [INFO] EXP_REMOVE_DEBUG: Attempting RemoveExpansionMapMarker. Context: EEDelete. Current UID: '' for BS_Hacked_Crate<3020004>
2025-11-13 08:34:49 [INFO] EXP_REMOVE_DEBUG: EXPANSIONMODNAVIGATION NOT defined. Cannot remove marker. Context: EEDelete for BS_Hacked_Crate<3020004>
2025-11-13 08:34:49 [INFO] BSHC_AG_DEBUG: BSHC_RemoveAdvancedGroupsMapMarker called.
2025-11-13 08:34:49 [INFO] BSHC_AG_DEBUG: Removing AG marker UID: 251600558
2025-11-13 08:34:49 [INFO] BSHC_AG_DEBUG: AG marker UID 251600558 successfully removed.
2025-11-13 08:34:49 [INFO] HackedCrate (BS_Hacked_Crate): Sending RPC Notification. Type: DESPAWN, Key: #STR_BSHC_Notification_Despawn_Located
2025-11-13 08:34:49 [INFO] EEDelete: Removed BS_Hacked_Crate from g_ActiveHackedCrates. Remaining count: 1
