2025-11-11 02:53:00 [INFO] OnInit - Initializing Bastardos Hacked Crates System...
2025-11-11 02:53:00 [INFO] OnInit - Loading Hacked Crate Loot Configuration (loot_pools.json)...
2025-11-11 02:53:00 [INFO] [BSHCLootPoolConfig] Found loot_pools.json at: $profile:\Bastardo_HC\loot_pools.json
2025-11-11 02:53:00 [INFO] [BSHCLootPoolConfig] JsonLoadFile executed. Loaded 2 categories defined in the root.
2025-11-11 02:53:00 [INFO] [BSHCLootPoolConfig] Category 'DefaultArmaments' has 1 loot pools.
2025-11-11 02:53:00 [INFO] [BSHCLootPoolConfig] Category 'DefaultMedical' has 1 loot pools.
2025-11-11 02:53:00 [INFO] OnInit - Hacked Crate Loot Configuration processed successfully.
2025-11-11 02:53:00 [INFO] OnInit - Loading Hacked Crate settings (global, static, dynamic)...
2025-11-11 02:53:00 [INFO] CrateManagement instance created with default grace period and tick interval.
2025-11-11 02:53:00 [INFO] [BSHCGlobalServerSettings] Loading from: $profile:\Bastardo_HC\BS_Global_settings.json
2025-11-11 02:53:00 [INFO] [CrateConfigManager] Re-saved static_crates.json to include any new options.
2025-11-11 02:53:00 [INFO] [CrateConfigManager] Re-saved dynamic_crates.json to include any new options.
2025-11-11 02:53:00 [INFO] [CrateConfigManager] Static CrateManagement has been set.
2025-11-11 02:53:00 [INFO] CrateSpawner instance created.
2025-11-11 02:53:00 [INFO] OnInit - Crate Spawner created. Grace Period: 5 minutes. Periodic Tick: 3600 seconds.
2025-11-11 02:53:00 [INFO] OnInit - Bastardos Hacked Crates System Initialization sequence finished.
2025-11-11 02:53:04 [INFO] OnMissionStart - Server mission started. Scheduling Hacked Crate cleanup and initial spawn setup.
2025-11-11 02:53:04 [INFO] OnMissionStart - Immediate STATIC Crate spawn scheduled in 15 seconds.
2025-11-11 02:53:04 [INFO] OnMissionStart - Initial DYNAMIC Crate spawn scheduled in approx. 320 seconds.
2025-11-11 02:53:04 [INFO] OnMissionStart - Scheduling first PERIODIC Crate Spawn Tick in approx. 3600 seconds.
2025-11-11 02:53:18 [INFO] Inventory for BS_Hacked_Crate LOCKED. IsOpen: false LootAccessActionDone: false
2025-11-11 02:53:18 [INFO] OnStoreLoad: m_ConfigUniqueID_Persist set from storage to: 'DefaultStaticEvent_Example1' for BS_Hacked_Crate<2988079>
2025-11-11 02:53:18 [INFO] OnStoreLoad: FINISHED loading raw data into member variables for BS_Hacked_Crate<2988079>
2025-11-11 02:53:34 [INFO] DeferredEEInitLogic: START for BS_Hacked_Crate<2988079>. m_LoadedExpansionMarkerUID (should be from OnStoreLoad) is ''. Current m_ExpansionMarkerUID (active) is ''
2025-11-11 02:53:34 [INFO] GetCrateSettings: m_CrateSettings_Instance is NULL for BS_Hacked_Crate<2988079>. Calling AttemptToReacquireSettings().
2025-11-11 02:53:34 [INFO] HackedCrate_Base (BS_Hacked_Crate): Attempting to re-acquire CrateSettings. Persisted ConfigUniqueID is: 'DefaultStaticEvent_Example1'
2025-11-11 02:53:34 [INFO] HackedCrate_Base (BS_Hacked_Crate): Instance specific CrateSettings assigned. ConfigUniqueID: DefaultStaticEvent_Example1
2025-11-11 02:53:34 [INFO] HackedCrate_Base (BS_Hacked_Crate): Successfully re-acquired CrateSettings by persisted ConfigUniqueID 'DefaultStaticEvent_Example1'.
2025-11-11 02:53:34 [INFO] DeferredEEInitLogic: Settings acquired successfully for BS_Hacked_Crate<2988079>.
2025-11-11 02:53:34 [INFO] DeferredEEInitLogic: m_ExpansionMarkerUID is empty. Calling CreateExpansionMapMarker for BS_Hacked_Crate<2988079>.
2025-11-11 02:53:34 [INFO] EXP_DEBUG: Inside CreateExpansionMapMarker for BS_Hacked_Crate.UseExpansionMapMarker is true.
2025-11-11 02:53:34 [INFO] EXP_DEBUG: EXPANSIONMODNAVIGATION is NOT defined. No Expansion marker will be created.
2025-11-11 02:53:34 [INFO] DeferredEEInitLogic: AG DEBUG for BS_Hacked_Crate<2988079>
2025-11-11 02:53:34 [INFO] BSHC_AG_DEBUG: BSHC_CreateAdvancedGroupsMapMarker call.
2025-11-11 02:53:34 [INFO] BSHC_AG_DEBUG: Final Marker Name: '#STR_BSHC_HackedCrate_DisplayName'
2025-11-11 02:53:34 [INFO] BSHC_AG_DEBUG: Trying to create AG marker with name: #STR_BSHC_HackedCrate_DisplayName, Pos: <2471.820068, 193.177002, 5114.220215>, Icon: BS_HackedCrate/gui/iconcrate.paa, Color: -65536, ShowOnMap: true, ShowInWorld: true
2025-11-11 02:53:34 [INFO] BSHC_AG_DEBUG: LBStaticMarkerManager.Get is accessible.
2025-11-11 02:53:34 [INFO] BSHC_AG_DEBUG: Created AG marker (UID: 1246008539) for BS_Hacked_Crate
2025-11-11 02:53:34 [INFO] DeferredEEInitLogic: Final m_LootAccessActionDone for BS_Hacked_Crate<2988079> is: false
2025-11-11 02:53:34 [INFO] Inventory for BS_Hacked_Crate LOCKED. IsOpen: false LootAccessActionDone: false
2025-11-11 02:53:34 [INFO] DeferredEEInitLogic: FINISHED for BS_Hacked_Crate<2988079>
2025-11-11 02:53:34 [INFO] DeferredEEInitLogic: Re-added persistent crate BS_Hacked_Crate to g_ActiveHackedCrates list.
2025-11-11 02:54:08 [INFO] DeleteHackedCratesFromKnownLocations - Starting cleanup of Hacked Crates from KNOWN SPAWN LOCATIONS as defined in configurations...
2025-11-11 02:54:08 [INFO] DeleteHackedCratesFromKnownLocations - Deleting INACTIVE: BS_Hacked_Crate (ID: 2988079) found at configured spawn Pos: <2471.820068, 193.177002, 5114.220215> for CrateType BS_Hacked_Crate
2025-11-11 02:54:08 [INFO] EEDelete called for BS_Hacked_Crate at <2471.820068, 193.177002, 5114.220215>
2025-11-11 02:54:08 [INFO] EXP_REMOVE_DEBUG: Attempting RemoveExpansionMapMarker. Context: EEDelete. Current UID: '' for BS_Hacked_Crate<2988079>
2025-11-11 02:54:08 [INFO] EXP_REMOVE_DEBUG: EXPANSIONMODNAVIGATION NOT defined. Cannot remove marker. Context: EEDelete for BS_Hacked_Crate<2988079>
2025-11-11 02:54:08 [INFO] BSHC_AG_DEBUG: BSHC_RemoveAdvancedGroupsMapMarker called.
2025-11-11 02:54:08 [INFO] BSHC_AG_DEBUG: Removing AG marker UID: 1246008539
2025-11-11 02:54:08 [INFO] BSHC_AG_DEBUG: AG marker UID 1246008539 successfully removed.
2025-11-11 02:54:08 [INFO] HackedCrate (BS_Hacked_Crate): Sending RPC Notification. Type: DESPAWN, Key: #STR_BSHC_Notification_Despawn_Located
2025-11-11 02:54:08 [INFO] EEDelete: Removed BS_Hacked_Crate from g_ActiveHackedCrates. Remaining count: 0
2025-11-11 02:54:08 [INFO] DeleteHackedCratesFromKnownLocations - Cleanup from known locations finished. Total inactive Hacked Crates (matching type and location) deleted: 1
2025-11-11 02:54:12 [INFO] PerformImmediateStaticSpawn - Calling CrateSpawner to setup STATIC Hacked Crates...
2025-11-11 02:54:12 [INFO] CrateSpawner: ------------- Starting IMMEDIATE STATIC Spawn Pass -------------
2025-11-11 02:54:12 [INFO] CrateSpawner: Processing IMMEDIATE STATIC for ConfigUniqueID: 'DefaultStaticEvent_Example1'.
2025-11-11 02:54:12 [INFO] SpawnStaticCrates: Processing 1 static locations for ConfigUniqueID: 'DefaultStaticEvent_Example1'.
2025-11-11 02:54:12 [INFO] SpawnStaticCrates: Location <2471.820068, 193.177002, 5114.220215> is free. Attempting to spawn crate.
2025-11-11 02:54:12 [INFO] Inventory for BS_Hacked_Crate LOCKED. IsOpen: false LootAccessActionDone: false
2025-11-11 02:54:12 [INFO] HackedCrate_Base (BS_Hacked_Crate): Instance specific CrateSettings assigned. ConfigUniqueID: DefaultStaticEvent_Example1
2025-11-11 02:54:12 [INFO] [SpawnAIAroundCrate] Spawning 2 AI(s) next to the crate.
2025-11-11 02:54:12 [INFO] [SpawnAIAroundCrate] Successfully spawned ZmbM_SoldierNormal at <2481.177490, 193.280609, 5098.861816>
2025-11-11 02:54:12 [INFO] [SpawnAIAroundCrate] Successfully spawned ZmbM_SoldierNormal at <2475.019775, 193.280548, 5098.870605>
2025-11-11 02:54:12 [INFO] CrateSpawner: ------------- Finished IMMEDIATE STATIC Spawn Pass -------------
2025-11-11 02:54:12 [INFO] DeferredEEInitLogic: START for BS_Hacked_Crate<3011090>. m_LoadedExpansionMarkerUID (should be from OnStoreLoad) is ''. Current m_ExpansionMarkerUID (active) is ''
2025-11-11 02:54:12 [INFO] DeferredEEInitLogic: Settings acquired successfully for BS_Hacked_Crate<3011090>.
2025-11-11 02:54:12 [INFO] DeferredEEInitLogic: m_ExpansionMarkerUID is empty. Calling CreateExpansionMapMarker for BS_Hacked_Crate<3011090>.
2025-11-11 02:54:12 [INFO] EXP_DEBUG: Inside CreateExpansionMapMarker for BS_Hacked_Crate.UseExpansionMapMarker is true.
2025-11-11 02:54:12 [INFO] EXP_DEBUG: EXPANSIONMODNAVIGATION is NOT defined. No Expansion marker will be created.
2025-11-11 02:54:12 [INFO] DeferredEEInitLogic: AG DEBUG for BS_Hacked_Crate<3011090>
2025-11-11 02:54:12 [INFO] BSHC_AG_DEBUG: BSHC_CreateAdvancedGroupsMapMarker call.
2025-11-11 02:54:12 [INFO] BSHC_AG_DEBUG: Final Marker Name: '#STR_BSHC_HackedCrate_DisplayName'
2025-11-11 02:54:12 [INFO] BSHC_AG_DEBUG: Trying to create AG marker with name: #STR_BSHC_HackedCrate_DisplayName, Pos: <2471.820068, 193.177002, 5114.220215>, Icon: BS_HackedCrate/gui/iconcrate.paa, Color: -65536, ShowOnMap: true, ShowInWorld: true
2025-11-11 02:54:12 [INFO] BSHC_AG_DEBUG: LBStaticMarkerManager.Get is accessible.
2025-11-11 02:54:12 [INFO] BSHC_AG_DEBUG: Created AG marker (UID: 86117123) for BS_Hacked_Crate
2025-11-11 02:54:12 [INFO] DeferredEEInitLogic: Final m_LootAccessActionDone for BS_Hacked_Crate<3011090> is: false
2025-11-11 02:54:12 [INFO] Inventory for BS_Hacked_Crate LOCKED. IsOpen: false LootAccessActionDone: false
2025-11-11 02:54:12 [INFO] DeferredEEInitLogic: FINISHED for BS_Hacked_Crate<3011090>
2025-11-11 02:59:17 [INFO] PerformInitialDynamicSpawn - Grace period ended. Calling CrateSpawner to setup initial DYNAMIC Hacked Crates...
2025-11-11 02:59:17 [INFO] CrateSpawner: ------------- Starting INITIAL DYNAMIC Spawn Pass (Post-Grace) -------------
2025-11-11 02:59:17 [INFO] CrateSpawner: Current server population for dynamic spawn: 0 players.
2025-11-11 02:59:17 [INFO] CrateSpawner: Processing DYNAMIC for ConfigUniqueID: 'DefaultDynamicEvent_Example1'.
2025-11-11 02:59:17 [INFO] CrateSpawner: Skipping ConfigUniqueID 'DefaultDynamicEvent_Example1'. Players required: 1, Current: 0
2025-11-11 02:59:17 [INFO] CrateSpawner: ------------- Finished INITIAL DYNAMIC Spawn Pass -------------
