2025-11-28 05:01:02 [INFO] OnInit - Initializing Bastardos Hacked Crates System...
2025-11-28 05:01:02 [INFO] OnInit - Loading Hacked Crate Loot Configuration (loot_pools.json)...
2025-11-28 05:01:02 [INFO] [BSHCLootPoolConfig] Found loot_pools.json at: $profile:\Bastardo_HC\loot_pools.json
2025-11-28 05:01:02 [INFO] [BSHCLootPoolConfig] JsonLoadFile executed. Loaded 2 categories defined in the root.
2025-11-28 05:01:02 [INFO] [BSHCLootPoolConfig] Category 'DefaultArmaments' has 1 loot pools.
2025-11-28 05:01:02 [INFO] [BSHCLootPoolConfig] Category 'DefaultMedical' has 1 loot pools.
2025-11-28 05:01:02 [INFO] OnInit - Hacked Crate Loot Configuration processed successfully.
2025-11-28 05:01:02 [INFO] OnInit - Loading Hacked Crate settings (global, static, dynamic)...
2025-11-28 05:01:02 [INFO] CrateManagement instance created with default grace period and tick interval.
2025-11-28 05:01:02 [INFO] [BSHCGlobalServerSettings] Loading from: $profile:\Bastardo_HC\BS_Global_settings.json
2025-11-28 05:01:02 [INFO] [CrateConfigManager] Re-saved static_crates.json to include any new options.
2025-11-28 05:01:02 [INFO] [CrateConfigManager] Re-saved dynamic_crates.json to include any new options.
2025-11-28 05:01:02 [INFO] [CrateConfigManager] Static CrateManagement has been set.
2025-11-28 05:01:02 [INFO] CrateSpawner instance created.
2025-11-28 05:01:02 [INFO] OnInit - Crate Spawner created. Grace Period: 5 minutes. Periodic Tick: 3600 seconds.
2025-11-28 05:01:02 [INFO] OnInit - Bastardos Hacked Crates System Initialization sequence finished.
2025-11-28 05:01:09 [INFO] OnMissionStart - Server mission started. Scheduling Hacked Crate cleanup and initial spawn setup.
2025-11-28 05:01:09 [INFO] OnMissionStart - Immediate STATIC Crate spawn scheduled in 15 seconds.
2025-11-28 05:01:09 [INFO] OnMissionStart - Initial DYNAMIC Crate spawn scheduled in approx. 320 seconds.
2025-11-28 05:01:09 [INFO] OnMissionStart - Scheduling first PERIODIC Crate Spawn Tick in approx. 3600 seconds.
2025-11-28 05:01:27 [INFO] Inventory for BS_Hacked_Crate LOCKED. IsOpen: false LootAccessActionDone: false
2025-11-28 05:01:27 [INFO] OnStoreLoad: m_ConfigUniqueID_Persist set from storage to: 'DefaultDynamicEvent_Example1' for BS_Hacked_Crate<2991585>
2025-11-28 05:01:27 [INFO] OnStoreLoad: FINISHED loading raw data into member variables for BS_Hacked_Crate<2991585>
2025-11-28 05:01:41 [INFO] DeferredEEInitLogic: START for BS_Hacked_Crate<2991585>. m_LoadedExpansionMarkerUID (should be from OnStoreLoad) is ''. Current m_ExpansionMarkerUID (active) is ''
2025-11-28 05:01:41 [INFO] GetCrateSettings: m_CrateSettings_Instance is NULL for BS_Hacked_Crate<2991585>. Calling AttemptToReacquireSettings().
2025-11-28 05:01:41 [INFO] HackedCrate_Base (BS_Hacked_Crate): Attempting to re-acquire CrateSettings. Persisted ConfigUniqueID is: 'DefaultDynamicEvent_Example1'
2025-11-28 05:01:41 [INFO] HackedCrate_Base (BS_Hacked_Crate): Instance specific CrateSettings assigned. ConfigUniqueID: DefaultDynamicEvent_Example1
2025-11-28 05:01:41 [INFO] HackedCrate_Base (BS_Hacked_Crate): Successfully re-acquired CrateSettings by persisted ConfigUniqueID 'DefaultDynamicEvent_Example1'.
2025-11-28 05:01:41 [INFO] DeferredEEInitLogic: Settings acquired successfully for BS_Hacked_Crate<2991585>.
2025-11-28 05:01:41 [INFO] DeferredEEInitLogic: AG DEBUG for BS_Hacked_Crate<2991585>
2025-11-28 05:01:41 [INFO] BSHC_AG_DEBUG: BSHC_CreateAdvancedGroupsMapMarker call.
2025-11-28 05:01:41 [INFO] BSHC_AG_DEBUG: Final Marker Name: '#STR_BSHC_HackedCrate_DisplayName'
2025-11-28 05:01:41 [INFO] BSHC_AG_DEBUG: Trying to create AG marker with name: #STR_BSHC_HackedCrate_DisplayName, Pos: <4732.430176, 338.968994, 10350.200195>, Icon: BS_HackedCrate/gui/iconcrate.paa, Color: -65536, ShowOnMap: true, ShowInWorld: true
2025-11-28 05:01:41 [INFO] BSHC_AG_DEBUG: LBStaticMarkerManager.Get is accessible.
2025-11-28 05:01:41 [INFO] BSHC_AG_DEBUG: Created AG marker (UID: 437859537) for BS_Hacked_Crate
2025-11-28 05:01:41 [INFO] DeferredEEInitLogic: Final m_LootAccessActionDone for BS_Hacked_Crate<2991585> is: false
2025-11-28 05:01:41 [INFO] Inventory for BS_Hacked_Crate LOCKED. IsOpen: false LootAccessActionDone: false
2025-11-28 05:01:41 [INFO] DeferredEEInitLogic: FINISHED for BS_Hacked_Crate<2991585>
2025-11-28 05:01:41 [INFO] DeferredEEInitLogic: Re-added persistent crate BS_Hacked_Crate to g_ActiveHackedCrates list.
2025-11-28 05:02:09 [INFO] DeleteHackedCratesFromKnownLocations - Starting cleanup of Hacked Crates from KNOWN SPAWN LOCATIONS as defined in configurations...
2025-11-28 05:02:09 [INFO] DeleteHackedCratesFromKnownLocations - Deleting INACTIVE: BS_Hacked_Crate (ID: 2991585) found at configured spawn Pos: <4732.430176, 338.968994, 10350.200195> for CrateType BS_Hacked_Crate
2025-11-28 05:02:09 [INFO] EEDelete called for BS_Hacked_Crate at <4732.430176, 338.968994, 10350.200195>
2025-11-28 05:02:09 [INFO] EXP_REMOVE_DEBUG: Attempting RemoveExpansionMapMarker. Context: EEDelete. Current UID: '' for BS_Hacked_Crate<2991585>
2025-11-28 05:02:09 [INFO] EXP_REMOVE_DEBUG: EXPANSIONMODNAVIGATION NOT defined. Cannot remove marker. Context: EEDelete for BS_Hacked_Crate<2991585>
2025-11-28 05:02:09 [INFO] BSHC_AG_DEBUG: BSHC_RemoveAdvancedGroupsMapMarker called.
2025-11-28 05:02:09 [INFO] BSHC_AG_DEBUG: Removing AG marker UID: 437859537
2025-11-28 05:02:09 [INFO] BSHC_AG_DEBUG: AG marker UID 437859537 successfully removed.
2025-11-28 05:02:09 [INFO] HackedCrate (BS_Hacked_Crate): Sending RPC Notification. Type: DESPAWN, Key: #STR_BSHC_Notification_Despawn_Located
2025-11-28 05:02:09 [INFO] EEDelete: Removed BS_Hacked_Crate from g_ActiveHackedCrates. Remaining count: 0
2025-11-28 05:02:09 [INFO] DeleteHackedCratesFromKnownLocations - Cleanup from known locations finished. Total inactive Hacked Crates (matching type and location) deleted: 1
2025-11-28 05:02:13 [INFO] PerformImmediateStaticSpawn - Calling CrateSpawner to setup STATIC Hacked Crates...
2025-11-28 05:02:13 [INFO] CrateSpawner: ------------- Starting IMMEDIATE STATIC Spawn Pass -------------
2025-11-28 05:02:13 [INFO] CrateSpawner: Processing IMMEDIATE STATIC for ConfigUniqueID: 'DefaultStaticEvent_Example1'.
2025-11-28 05:02:13 [INFO] SpawnStaticCrates: Processing 1 static locations for ConfigUniqueID: 'DefaultStaticEvent_Example1'.
2025-11-28 05:02:13 [INFO] SpawnStaticCrates: Location <2471.820068, 193.177002, 5114.220215> is free. Attempting to spawn crate.
2025-11-28 05:02:13 [INFO] Inventory for BS_Hacked_Crate LOCKED. IsOpen: false LootAccessActionDone: false
2025-11-28 05:02:13 [INFO] HackedCrate_Base (BS_Hacked_Crate): Instance specific CrateSettings assigned. ConfigUniqueID: DefaultStaticEvent_Example1
2025-11-28 05:02:13 [INFO] [SpawnAIAroundCrate] Spawning 1 AI(s) next to the crate.
2025-11-28 05:02:13 [INFO] [SpawnAIAroundCrate] Successfully spawned ZmbM_SoldierNormal at <2463.476318, 191.658173, 5136.185059>
2025-11-28 05:02:13 [INFO] CrateSpawner: ------------- Finished IMMEDIATE STATIC Spawn Pass -------------
2025-11-28 05:02:13 [INFO] DeferredEEInitLogic: START for BS_Hacked_Crate<3009468>. m_LoadedExpansionMarkerUID (should be from OnStoreLoad) is ''. Current m_ExpansionMarkerUID (active) is ''
2025-11-28 05:02:13 [INFO] DeferredEEInitLogic: Settings acquired successfully for BS_Hacked_Crate<3009468>.
2025-11-28 05:02:13 [INFO] DeferredEEInitLogic: m_ExpansionMarkerUID is empty. Calling CreateExpansionMapMarker for BS_Hacked_Crate<3009468>.
2025-11-28 05:02:13 [INFO] EXP_DEBUG: Inside CreateExpansionMapMarker for BS_Hacked_Crate.UseExpansionMapMarker is true.
2025-11-28 05:02:13 [INFO] EXP_DEBUG: EXPANSIONMODNAVIGATION is NOT defined. No Expansion marker will be created.
2025-11-28 05:02:13 [INFO] DeferredEEInitLogic: AG DEBUG for BS_Hacked_Crate<3009468>
2025-11-28 05:02:13 [INFO] BSHC_AG_DEBUG: BSHC_CreateAdvancedGroupsMapMarker call.
2025-11-28 05:02:13 [INFO] BSHC_AG_DEBUG: Final Marker Name: '#STR_BSHC_HackedCrate_DisplayName'
2025-11-28 05:02:13 [INFO] BSHC_AG_DEBUG: Trying to create AG marker with name: #STR_BSHC_HackedCrate_DisplayName, Pos: <2471.820068, 193.177002, 5114.220215>, Icon: BS_HackedCrate/gui/iconcrate.paa, Color: -65536, ShowOnMap: true, ShowInWorld: true
2025-11-28 05:02:13 [INFO] BSHC_AG_DEBUG: LBStaticMarkerManager.Get is accessible.
2025-11-28 05:02:13 [INFO] BSHC_AG_DEBUG: Created AG marker (UID: 1901257402) for BS_Hacked_Crate
2025-11-28 05:02:13 [INFO] DeferredEEInitLogic: Final m_LootAccessActionDone for BS_Hacked_Crate<3009468> is: false
2025-11-28 05:02:13 [INFO] Inventory for BS_Hacked_Crate LOCKED. IsOpen: false LootAccessActionDone: false
2025-11-28 05:02:13 [INFO] DeferredEEInitLogic: FINISHED for BS_Hacked_Crate<3009468>
2025-11-28 05:07:18 [INFO] PerformInitialDynamicSpawn - Grace period ended. Calling CrateSpawner to setup initial DYNAMIC Hacked Crates...
2025-11-28 05:07:18 [INFO] CrateSpawner: ------------- Starting INITIAL DYNAMIC Spawn Pass (Post-Grace) -------------
2025-11-28 05:07:18 [INFO] CrateSpawner: Current server population for dynamic spawn: 0 players.
2025-11-28 05:07:18 [INFO] CrateSpawner: Processing DYNAMIC for ConfigUniqueID: 'DefaultDynamicEvent_Example1'.
2025-11-28 05:07:18 [INFO] CrateSpawner: Skipping ConfigUniqueID 'DefaultDynamicEvent_Example1'. Players required: 1, Current: 0
2025-11-28 05:07:18 [INFO] CrateSpawner: ------------- Finished INITIAL DYNAMIC Spawn Pass -------------
2025-11-28 06:01:58 [INFO] --------------------------------------------------------------------------
2025-11-28 06:01:58 [INFO] OnCrateSpawnTickPeriodic - Management Tick received. Evaluating individual crate configs...
2025-11-28 06:01:58 [INFO] --------------------------------------------------------------------------
2025-11-28 06:01:58 [INFO] Config 'DefaultDynamicEvent_Example1' is due for a check. Processing...
2025-11-28 06:01:58 [INFO] CrateSpawner: Processing ConfigUniqueID: 'DefaultDynamicEvent_Example1' (CrateType: 'BS_Hacked_Crate')
2025-11-28 06:01:58 [INFO] CrateSpawner: Skipping ConfigUniqueID 'DefaultDynamicEvent_Example1'. Players required: 1, Current: 0
2025-11-28 06:01:58 [INFO] OnCrateSpawnTickPeriodic - Management Tick finished. Next check in 3600 seconds.
2025-11-28 07:01:58 [INFO] --------------------------------------------------------------------------
2025-11-28 07:01:58 [INFO] OnCrateSpawnTickPeriodic - Management Tick received. Evaluating individual crate configs...
2025-11-28 07:01:58 [INFO] --------------------------------------------------------------------------
2025-11-28 07:01:58 [INFO] Config 'DefaultDynamicEvent_Example1' is due for a check. Processing...
2025-11-28 07:01:58 [INFO] CrateSpawner: Processing ConfigUniqueID: 'DefaultDynamicEvent_Example1' (CrateType: 'BS_Hacked_Crate')
2025-11-28 07:01:58 [INFO] CrateSpawner: Skipping ConfigUniqueID 'DefaultDynamicEvent_Example1'. Players required: 1, Current: 0
2025-11-28 07:01:58 [INFO] OnCrateSpawnTickPeriodic - Management Tick finished. Next check in 3600 seconds.
2025-11-28 08:01:58 [INFO] --------------------------------------------------------------------------
2025-11-28 08:01:58 [INFO] OnCrateSpawnTickPeriodic - Management Tick received. Evaluating individual crate configs...
2025-11-28 08:01:58 [INFO] --------------------------------------------------------------------------
2025-11-28 08:01:58 [INFO] Config 'DefaultDynamicEvent_Example1' is due for a check. Processing...
2025-11-28 08:01:58 [INFO] CrateSpawner: Processing ConfigUniqueID: 'DefaultDynamicEvent_Example1' (CrateType: 'BS_Hacked_Crate')
2025-11-28 08:01:58 [INFO] CrateSpawner: Handling RANDOM for ConfigUniqueID: 'DefaultDynamicEvent_Example1'.
2025-11-28 08:01:58 [INFO] CrateSpawner: ConfigUniqueID 'DefaultDynamicEvent_Example1' - Existing: 0, Target Active: 1
2025-11-28 08:01:58 [INFO] CrateSpawner: Attempting to spawn 1 for ConfigUniqueID: 'DefaultDynamicEvent_Example1'.
2025-11-28 08:01:58 [INFO] SpawnRandomCrates: Attempting to spawn 1 of type 'BS_Hacked_Crate' with ConfigUniqueID 'DefaultDynamicEvent_Example1'.
2025-11-28 08:01:58 [INFO] SpawnRandomCrates: Shuffled list for 'DefaultDynamicEvent_Example1' is empty or non-existent. Regenerating and shuffling.
2025-11-28 08:01:58 [INFO] CrateSpawner: Sending spawn warning for 'BS_Hacked_Crate' at VMC
2025-11-28 08:01:58 [INFO] CrateSpawner: Added to pending list for ConfigUniqueID 'DefaultDynamicEvent_Example1'. New pending count: 1
2025-11-28 08:01:58 [INFO] OnCrateSpawnTickPeriodic - Management Tick finished. Next check in 3600 seconds.
2025-11-28 08:06:30 [INFO] EEDelete called for BS_Hacked_Crate at <2471.820068, 193.177002, 5114.220215>
2025-11-28 08:06:30 [INFO] EXP_REMOVE_DEBUG: Attempting RemoveExpansionMapMarker. Context: EEDelete. Current UID: '' for BS_Hacked_Crate<3009468>
2025-11-28 08:06:30 [INFO] EXP_REMOVE_DEBUG: EXPANSIONMODNAVIGATION NOT defined. Cannot remove marker. Context: EEDelete for BS_Hacked_Crate<3009468>
2025-11-28 08:06:30 [INFO] BSHC_AG_DEBUG: BSHC_RemoveAdvancedGroupsMapMarker called.
2025-11-28 08:06:30 [INFO] BSHC_AG_DEBUG: Removing AG marker UID: 1901257402
2025-11-28 08:06:30 [INFO] BSHC_AG_DEBUG: AG marker UID 1901257402 successfully removed.
2025-11-28 08:06:30 [INFO] HackedCrate (BS_Hacked_Crate): Sending RPC Notification. Type: DESPAWN, Key: #STR_BSHC_Notification_Despawn_Located
2025-11-28 08:06:30 [INFO] EEDelete: Removed BS_Hacked_Crate from g_ActiveHackedCrates. Remaining count: 0
2025-11-28 08:11:58 [INFO] SpawnCrateAfterWarning: Timer finished. Spawning crate BS_Hacked_Crate. Removed from pending list. New pending count: 0
2025-11-28 08:11:58 [INFO] Inventory for BS_Hacked_Crate LOCKED. IsOpen: false LootAccessActionDone: false
2025-11-28 08:11:58 [INFO] HackedCrate_Base (BS_Hacked_Crate): Instance specific CrateSettings assigned. ConfigUniqueID: DefaultDynamicEvent_Example1
2025-11-28 08:11:58 [INFO] CrateSpawner: Standard Notification RPC sent. Key: #STR_BSHC_Notification_Spawn_Located
2025-11-28 08:11:58 [INFO] [SpawnAIAroundCrate] Spawning 1 AI(s) next to the crate.
2025-11-28 08:11:58 [INFO] [SpawnAIAroundCrate] Successfully spawned ZmbM_SoldierNormal at <4531.364746, 317.624512, 8346.849609>
2025-11-28 08:11:58 [INFO] DeferredEEInitLogic: START for BS_Hacked_Crate<3018741>. m_LoadedExpansionMarkerUID (should be from OnStoreLoad) is ''. Current m_ExpansionMarkerUID (active) is ''
2025-11-28 08:11:58 [INFO] DeferredEEInitLogic: Settings acquired successfully for BS_Hacked_Crate<3018741>.
2025-11-28 08:11:58 [INFO] DeferredEEInitLogic: AG DEBUG for BS_Hacked_Crate<3018741>
2025-11-28 08:11:58 [INFO] BSHC_AG_DEBUG: BSHC_CreateAdvancedGroupsMapMarker call.
2025-11-28 08:11:58 [INFO] BSHC_AG_DEBUG: Final Marker Name: '#STR_BSHC_HackedCrate_DisplayName'
2025-11-28 08:11:58 [INFO] BSHC_AG_DEBUG: Trying to create AG marker with name: #STR_BSHC_HackedCrate_DisplayName, Pos: <4553.689941, 317.975006, 8352.099609>, Icon: BS_HackedCrate/gui/iconcrate.paa, Color: -65536, ShowOnMap: true, ShowInWorld: true
2025-11-28 08:11:58 [INFO] BSHC_AG_DEBUG: LBStaticMarkerManager.Get is accessible.
2025-11-28 08:11:58 [INFO] BSHC_AG_DEBUG: Created AG marker (UID: 2011754460) for BS_Hacked_Crate
2025-11-28 08:11:58 [INFO] DeferredEEInitLogic: Final m_LootAccessActionDone for BS_Hacked_Crate<3018741> is: false
2025-11-28 08:11:58 [INFO] Inventory for BS_Hacked_Crate LOCKED. IsOpen: false LootAccessActionDone: false
2025-11-28 08:11:58 [INFO] DeferredEEInitLogic: FINISHED for BS_Hacked_Crate<3018741>
2025-11-28 09:01:58 [INFO] --------------------------------------------------------------------------
2025-11-28 09:01:58 [INFO] OnCrateSpawnTickPeriodic - Management Tick received. Evaluating individual crate configs...
2025-11-28 09:01:58 [INFO] --------------------------------------------------------------------------
2025-11-28 09:01:58 [INFO] Config 'DefaultDynamicEvent_Example1' is due for a check. Processing...
2025-11-28 09:01:58 [INFO] CrateSpawner: Processing ConfigUniqueID: 'DefaultDynamicEvent_Example1' (CrateType: 'BS_Hacked_Crate')
2025-11-28 09:01:58 [INFO] CrateSpawner: Skipping ConfigUniqueID 'DefaultDynamicEvent_Example1'. Players required: 1, Current: 0
2025-11-28 09:01:58 [INFO] OnCrateSpawnTickPeriodic - Management Tick finished. Next check in 3600 seconds.
2025-11-28 10:01:58 [INFO] --------------------------------------------------------------------------
2025-11-28 10:01:58 [INFO] OnCrateSpawnTickPeriodic - Management Tick received. Evaluating individual crate configs...
2025-11-28 10:01:58 [INFO] --------------------------------------------------------------------------
2025-11-28 10:01:58 [INFO] Config 'DefaultDynamicEvent_Example1' is due for a check. Processing...
2025-11-28 10:01:58 [INFO] CrateSpawner: Processing ConfigUniqueID: 'DefaultDynamicEvent_Example1' (CrateType: 'BS_Hacked_Crate')
2025-11-28 10:01:58 [INFO] CrateSpawner: Skipping ConfigUniqueID 'DefaultDynamicEvent_Example1'. Players required: 1, Current: 0
2025-11-28 10:01:58 [INFO] OnCrateSpawnTickPeriodic - Management Tick finished. Next check in 3600 seconds.
2025-11-28 11:01:58 [INFO] --------------------------------------------------------------------------
2025-11-28 11:01:58 [INFO] OnCrateSpawnTickPeriodic - Management Tick received. Evaluating individual crate configs...
2025-11-28 11:01:58 [INFO] --------------------------------------------------------------------------
2025-11-28 11:01:58 [INFO] Config 'DefaultDynamicEvent_Example1' is due for a check. Processing...
2025-11-28 11:01:58 [INFO] CrateSpawner: Processing ConfigUniqueID: 'DefaultDynamicEvent_Example1' (CrateType: 'BS_Hacked_Crate')
2025-11-28 11:01:58 [INFO] CrateSpawner: Skipping ConfigUniqueID 'DefaultDynamicEvent_Example1'. Players required: 1, Current: 0
2025-11-28 11:01:58 [INFO] OnCrateSpawnTickPeriodic - Management Tick finished. Next check in 3600 seconds.
2025-11-28 11:25:45 [INFO] EEDelete called for BS_Hacked_Crate at <4553.689941, 317.975006, 8352.099609>
2025-11-28 11:25:45 [INFO] EXP_REMOVE_DEBUG: Attempting RemoveExpansionMapMarker. Context: EEDelete. Current UID: '' for BS_Hacked_Crate<3018741>
2025-11-28 11:25:45 [INFO] EXP_REMOVE_DEBUG: EXPANSIONMODNAVIGATION NOT defined. Cannot remove marker. Context: EEDelete for BS_Hacked_Crate<3018741>
2025-11-28 11:25:45 [INFO] BSHC_AG_DEBUG: BSHC_RemoveAdvancedGroupsMapMarker called.
2025-11-28 11:25:45 [INFO] BSHC_AG_DEBUG: Removing AG marker UID: 2011754460
2025-11-28 11:25:45 [INFO] BSHC_AG_DEBUG: AG marker UID 2011754460 successfully removed.
2025-11-28 11:25:45 [INFO] HackedCrate (BS_Hacked_Crate): Sending RPC Notification. Type: DESPAWN, Key: #STR_BSHC_Notification_Despawn_Located
2025-11-28 11:25:45 [INFO] EEDelete: Removed BS_Hacked_Crate from g_ActiveHackedCrates. Remaining count: 0
2025-11-28 12:01:58 [INFO] --------------------------------------------------------------------------
2025-11-28 12:01:58 [INFO] OnCrateSpawnTickPeriodic - Management Tick received. Evaluating individual crate configs...
2025-11-28 12:01:58 [INFO] --------------------------------------------------------------------------
2025-11-28 12:01:58 [INFO] Config 'DefaultDynamicEvent_Example1' is due for a check. Processing...
2025-11-28 12:01:58 [INFO] CrateSpawner: Processing ConfigUniqueID: 'DefaultDynamicEvent_Example1' (CrateType: 'BS_Hacked_Crate')
2025-11-28 12:01:58 [INFO] CrateSpawner: Handling RANDOM for ConfigUniqueID: 'DefaultDynamicEvent_Example1'.
2025-11-28 12:01:58 [INFO] CrateSpawner: ConfigUniqueID 'DefaultDynamicEvent_Example1' - Existing: 0, Target Active: 1
2025-11-28 12:01:58 [INFO] CrateSpawner: Attempting to spawn 1 for ConfigUniqueID: 'DefaultDynamicEvent_Example1'.
2025-11-28 12:01:58 [INFO] SpawnRandomCrates: Attempting to spawn 1 of type 'BS_Hacked_Crate' with ConfigUniqueID 'DefaultDynamicEvent_Example1'.
2025-11-28 12:01:58 [INFO] CrateSpawner: Sending spawn warning for 'BS_Hacked_Crate' at Airfield
2025-11-28 12:01:58 [INFO] CrateSpawner: Added to pending list for ConfigUniqueID 'DefaultDynamicEvent_Example1'. New pending count: 1
2025-11-28 12:01:58 [INFO] OnCrateSpawnTickPeriodic - Management Tick finished. Next check in 3600 seconds.
2025-11-28 12:11:58 [INFO] SpawnCrateAfterWarning: Timer finished. Spawning crate BS_Hacked_Crate. Removed from pending list. New pending count: 0
2025-11-28 12:11:58 [INFO] Inventory for BS_Hacked_Crate LOCKED. IsOpen: false LootAccessActionDone: false
2025-11-28 12:11:58 [INFO] HackedCrate_Base (BS_Hacked_Crate): Instance specific CrateSettings assigned. ConfigUniqueID: DefaultDynamicEvent_Example1
2025-11-28 12:11:58 [INFO] CrateSpawner: Standard Notification RPC sent. Key: #STR_BSHC_Notification_Spawn_Located
2025-11-28 12:11:58 [INFO] [SpawnAIAroundCrate] Spawning 1 AI(s) next to the crate.
2025-11-28 12:11:58 [INFO] [SpawnAIAroundCrate] Successfully spawned ZmbM_SoldierNormal at <4746.418945, 338.989990, 10370.733398>
2025-11-28 12:11:59 [INFO] DeferredEEInitLogic: START for BS_Hacked_Crate<3028242>. m_LoadedExpansionMarkerUID (should be from OnStoreLoad) is ''. Current m_ExpansionMarkerUID (active) is ''
2025-11-28 12:11:59 [INFO] DeferredEEInitLogic: Settings acquired successfully for BS_Hacked_Crate<3028242>.
2025-11-28 12:11:59 [INFO] DeferredEEInitLogic: AG DEBUG for BS_Hacked_Crate<3028242>
2025-11-28 12:11:59 [INFO] BSHC_AG_DEBUG: BSHC_CreateAdvancedGroupsMapMarker call.
2025-11-28 12:11:59 [INFO] BSHC_AG_DEBUG: Final Marker Name: '#STR_BSHC_HackedCrate_DisplayName'
2025-11-28 12:11:59 [INFO] BSHC_AG_DEBUG: Trying to create AG marker with name: #STR_BSHC_HackedCrate_DisplayName, Pos: <4732.430176, 338.968994, 10350.200195>, Icon: BS_HackedCrate/gui/iconcrate.paa, Color: -65536, ShowOnMap: true, ShowInWorld: true
2025-11-28 12:11:59 [INFO] BSHC_AG_DEBUG: LBStaticMarkerManager.Get is accessible.
2025-11-28 12:11:59 [INFO] BSHC_AG_DEBUG: Created AG marker (UID: 1147636011) for BS_Hacked_Crate
2025-11-28 12:11:59 [INFO] DeferredEEInitLogic: Final m_LootAccessActionDone for BS_Hacked_Crate<3028242> is: false
2025-11-28 12:11:59 [INFO] Inventory for BS_Hacked_Crate LOCKED. IsOpen: false LootAccessActionDone: false
2025-11-28 12:11:59 [INFO] DeferredEEInitLogic: FINISHED for BS_Hacked_Crate<3028242>
2025-11-28 13:01:59 [INFO] --------------------------------------------------------------------------
2025-11-28 13:01:59 [INFO] OnCrateSpawnTickPeriodic - Management Tick received. Evaluating individual crate configs...
2025-11-28 13:01:59 [INFO] --------------------------------------------------------------------------
2025-11-28 13:01:59 [INFO] Config 'DefaultDynamicEvent_Example1' is due for a check. Processing...
2025-11-28 13:01:59 [INFO] CrateSpawner: Processing ConfigUniqueID: 'DefaultDynamicEvent_Example1' (CrateType: 'BS_Hacked_Crate')
2025-11-28 13:01:59 [INFO] CrateSpawner: Skipping ConfigUniqueID 'DefaultDynamicEvent_Example1'. Players required: 1, Current: 0
2025-11-28 13:01:59 [INFO] OnCrateSpawnTickPeriodic - Management Tick finished. Next check in 3600 seconds.
2025-11-28 14:01:59 [INFO] --------------------------------------------------------------------------
2025-11-28 14:01:59 [INFO] OnCrateSpawnTickPeriodic - Management Tick received. Evaluating individual crate configs...
2025-11-28 14:01:59 [INFO] --------------------------------------------------------------------------
2025-11-28 14:01:59 [INFO] Config 'DefaultDynamicEvent_Example1' is due for a check. Processing...
2025-11-28 14:01:59 [INFO] CrateSpawner: Processing ConfigUniqueID: 'DefaultDynamicEvent_Example1' (CrateType: 'BS_Hacked_Crate')
2025-11-28 14:01:59 [INFO] CrateSpawner: Skipping ConfigUniqueID 'DefaultDynamicEvent_Example1'. Players required: 1, Current: 0
2025-11-28 14:01:59 [INFO] OnCrateSpawnTickPeriodic - Management Tick finished. Next check in 3600 seconds.
2025-11-28 15:01:59 [INFO] --------------------------------------------------------------------------
2025-11-28 15:01:59 [INFO] OnCrateSpawnTickPeriodic - Management Tick received. Evaluating individual crate configs...
2025-11-28 15:01:59 [INFO] --------------------------------------------------------------------------
2025-11-28 15:01:59 [INFO] Config 'DefaultDynamicEvent_Example1' is due for a check. Processing...
2025-11-28 15:01:59 [INFO] CrateSpawner: Processing ConfigUniqueID: 'DefaultDynamicEvent_Example1' (CrateType: 'BS_Hacked_Crate')
2025-11-28 15:01:59 [INFO] CrateSpawner: Skipping ConfigUniqueID 'DefaultDynamicEvent_Example1'. Players required: 1, Current: 0
2025-11-28 15:01:59 [INFO] OnCrateSpawnTickPeriodic - Management Tick finished. Next check in 3600 seconds.
2025-11-28 16:01:59 [INFO] --------------------------------------------------------------------------
2025-11-28 16:01:59 [INFO] OnCrateSpawnTickPeriodic - Management Tick received. Evaluating individual crate configs...
2025-11-28 16:01:59 [INFO] --------------------------------------------------------------------------
2025-11-28 16:01:59 [INFO] Config 'DefaultDynamicEvent_Example1' is due for a check. Processing...
2025-11-28 16:01:59 [INFO] CrateSpawner: Processing ConfigUniqueID: 'DefaultDynamicEvent_Example1' (CrateType: 'BS_Hacked_Crate')
2025-11-28 16:01:59 [INFO] CrateSpawner: Skipping ConfigUniqueID 'DefaultDynamicEvent_Example1'. Players required: 1, Current: 0
2025-11-28 16:01:59 [INFO] OnCrateSpawnTickPeriodic - Management Tick finished. Next check in 3600 seconds.
2025-11-28 17:01:59 [INFO] --------------------------------------------------------------------------
2025-11-28 17:01:59 [INFO] OnCrateSpawnTickPeriodic - Management Tick received. Evaluating individual crate configs...
2025-11-28 17:01:59 [INFO] --------------------------------------------------------------------------
2025-11-28 17:01:59 [INFO] Config 'DefaultDynamicEvent_Example1' is due for a check. Processing...
2025-11-28 17:01:59 [INFO] CrateSpawner: Processing ConfigUniqueID: 'DefaultDynamicEvent_Example1' (CrateType: 'BS_Hacked_Crate')
2025-11-28 17:01:59 [INFO] CrateSpawner: Skipping ConfigUniqueID 'DefaultDynamicEvent_Example1'. Players required: 1, Current: 0
2025-11-28 17:01:59 [INFO] OnCrateSpawnTickPeriodic - Management Tick finished. Next check in 3600 seconds.
2025-11-28 18:01:59 [INFO] --------------------------------------------------------------------------
2025-11-28 18:01:59 [INFO] OnCrateSpawnTickPeriodic - Management Tick received. Evaluating individual crate configs...
2025-11-28 18:01:59 [INFO] --------------------------------------------------------------------------
2025-11-28 18:01:59 [INFO] Config 'DefaultDynamicEvent_Example1' is due for a check. Processing...
2025-11-28 18:01:59 [INFO] CrateSpawner: Processing ConfigUniqueID: 'DefaultDynamicEvent_Example1' (CrateType: 'BS_Hacked_Crate')
2025-11-28 18:01:59 [INFO] CrateSpawner: Skipping ConfigUniqueID 'DefaultDynamicEvent_Example1'. Players required: 1, Current: 0
2025-11-28 18:01:59 [INFO] OnCrateSpawnTickPeriodic - Management Tick finished. Next check in 3600 seconds.
2025-11-28 19:01:59 [INFO] --------------------------------------------------------------------------
2025-11-28 19:01:59 [INFO] OnCrateSpawnTickPeriodic - Management Tick received. Evaluating individual crate configs...
2025-11-28 19:01:59 [INFO] --------------------------------------------------------------------------
2025-11-28 19:01:59 [INFO] Config 'DefaultDynamicEvent_Example1' is due for a check. Processing...
2025-11-28 19:01:59 [INFO] CrateSpawner: Processing ConfigUniqueID: 'DefaultDynamicEvent_Example1' (CrateType: 'BS_Hacked_Crate')
2025-11-28 19:01:59 [INFO] CrateSpawner: Skipping ConfigUniqueID 'DefaultDynamicEvent_Example1'. Players required: 1, Current: 0
2025-11-28 19:01:59 [INFO] OnCrateSpawnTickPeriodic - Management Tick finished. Next check in 3600 seconds.
2025-11-28 20:01:59 [INFO] --------------------------------------------------------------------------
2025-11-28 20:01:59 [INFO] OnCrateSpawnTickPeriodic - Management Tick received. Evaluating individual crate configs...
2025-11-28 20:01:59 [INFO] --------------------------------------------------------------------------
2025-11-28 20:01:59 [INFO] Config 'DefaultDynamicEvent_Example1' is due for a check. Processing...
2025-11-28 20:01:59 [INFO] CrateSpawner: Processing ConfigUniqueID: 'DefaultDynamicEvent_Example1' (CrateType: 'BS_Hacked_Crate')
2025-11-28 20:01:59 [INFO] CrateSpawner: Skipping ConfigUniqueID 'DefaultDynamicEvent_Example1'. Players required: 1, Current: 0
2025-11-28 20:01:59 [INFO] OnCrateSpawnTickPeriodic - Management Tick finished. Next check in 3600 seconds.
2025-11-28 21:01:59 [INFO] --------------------------------------------------------------------------
2025-11-28 21:01:59 [INFO] OnCrateSpawnTickPeriodic - Management Tick received. Evaluating individual crate configs...
2025-11-28 21:01:59 [INFO] --------------------------------------------------------------------------
2025-11-28 21:01:59 [INFO] Config 'DefaultDynamicEvent_Example1' is due for a check. Processing...
2025-11-28 21:01:59 [INFO] CrateSpawner: Processing ConfigUniqueID: 'DefaultDynamicEvent_Example1' (CrateType: 'BS_Hacked_Crate')
2025-11-28 21:01:59 [INFO] CrateSpawner: Skipping ConfigUniqueID 'DefaultDynamicEvent_Example1'. Players required: 1, Current: 0
2025-11-28 21:01:59 [INFO] OnCrateSpawnTickPeriodic - Management Tick finished. Next check in 3600 seconds.
2025-11-28 22:01:59 [INFO] --------------------------------------------------------------------------
2025-11-28 22:01:59 [INFO] OnCrateSpawnTickPeriodic - Management Tick received. Evaluating individual crate configs...
2025-11-28 22:01:59 [INFO] --------------------------------------------------------------------------
2025-11-28 22:01:59 [INFO] Config 'DefaultDynamicEvent_Example1' is due for a check. Processing...
2025-11-28 22:01:59 [INFO] CrateSpawner: Processing ConfigUniqueID: 'DefaultDynamicEvent_Example1' (CrateType: 'BS_Hacked_Crate')
2025-11-28 22:01:59 [INFO] CrateSpawner: Skipping ConfigUniqueID 'DefaultDynamicEvent_Example1'. Players required: 1, Current: 0
2025-11-28 22:01:59 [INFO] OnCrateSpawnTickPeriodic - Management Tick finished. Next check in 3600 seconds.
2025-11-28 23:01:59 [INFO] --------------------------------------------------------------------------
2025-11-28 23:01:59 [INFO] OnCrateSpawnTickPeriodic - Management Tick received. Evaluating individual crate configs...
2025-11-28 23:01:59 [INFO] --------------------------------------------------------------------------
2025-11-28 23:01:59 [INFO] Config 'DefaultDynamicEvent_Example1' is due for a check. Processing...
2025-11-28 23:01:59 [INFO] CrateSpawner: Processing ConfigUniqueID: 'DefaultDynamicEvent_Example1' (CrateType: 'BS_Hacked_Crate')
2025-11-28 23:01:59 [INFO] CrateSpawner: Skipping ConfigUniqueID 'DefaultDynamicEvent_Example1'. Players required: 1, Current: 0
2025-11-28 23:01:59 [INFO] OnCrateSpawnTickPeriodic - Management Tick finished. Next check in 3600 seconds.
2025-11-28 23:26:01 [INFO] EEDelete called for BS_Hacked_Crate at <4732.430176, 338.968994, 10350.200195>
2025-11-28 23:26:01 [INFO] EXP_REMOVE_DEBUG: Attempting RemoveExpansionMapMarker. Context: EEDelete. Current UID: '' for BS_Hacked_Crate<3028242>
2025-11-28 23:26:01 [INFO] EXP_REMOVE_DEBUG: EXPANSIONMODNAVIGATION NOT defined. Cannot remove marker. Context: EEDelete for BS_Hacked_Crate<3028242>
2025-11-28 23:26:01 [INFO] BSHC_AG_DEBUG: BSHC_RemoveAdvancedGroupsMapMarker called.
2025-11-28 23:26:01 [INFO] BSHC_AG_DEBUG: Removing AG marker UID: 1147636011
2025-11-28 23:26:01 [INFO] BSHC_AG_DEBUG: AG marker UID 1147636011 successfully removed.
2025-11-28 23:26:01 [INFO] HackedCrate (BS_Hacked_Crate): Sending RPC Notification. Type: DESPAWN, Key: #STR_BSHC_Notification_Despawn_Located
2025-11-28 23:26:01 [INFO] EEDelete: Removed BS_Hacked_Crate from g_ActiveHackedCrates. Remaining count: 0
2025-11-29 00:01:59 [INFO] --------------------------------------------------------------------------
2025-11-29 00:01:59 [INFO] OnCrateSpawnTickPeriodic - Management Tick received. Evaluating individual crate configs...
2025-11-29 00:01:59 [INFO] --------------------------------------------------------------------------
2025-11-29 00:01:59 [INFO] Config 'DefaultDynamicEvent_Example1' is due for a check. Processing...
2025-11-29 00:01:59 [INFO] CrateSpawner: Processing ConfigUniqueID: 'DefaultDynamicEvent_Example1' (CrateType: 'BS_Hacked_Crate')
2025-11-29 00:01:59 [INFO] CrateSpawner: Handling RANDOM for ConfigUniqueID: 'DefaultDynamicEvent_Example1'.
2025-11-29 00:01:59 [INFO] CrateSpawner: ConfigUniqueID 'DefaultDynamicEvent_Example1' - Existing: 0, Target Active: 1
2025-11-29 00:01:59 [INFO] CrateSpawner: Attempting to spawn 1 for ConfigUniqueID: 'DefaultDynamicEvent_Example1'.
2025-11-29 00:01:59 [INFO] SpawnRandomCrates: Attempting to spawn 1 of type 'BS_Hacked_Crate' with ConfigUniqueID 'DefaultDynamicEvent_Example1'.
2025-11-29 00:01:59 [INFO] SpawnRandomCrates: Shuffled list for 'DefaultDynamicEvent_Example1' is empty or non-existent. Regenerating and shuffling.
2025-11-29 00:01:59 [INFO] CrateSpawner: Sending spawn warning for 'BS_Hacked_Crate' at Airfield
2025-11-29 00:01:59 [INFO] CrateSpawner: Added to pending list for ConfigUniqueID 'DefaultDynamicEvent_Example1'. New pending count: 1
2025-11-29 00:01:59 [INFO] OnCrateSpawnTickPeriodic - Management Tick finished. Next check in 3600 seconds.
2025-11-29 00:11:59 [INFO] SpawnCrateAfterWarning: Timer finished. Spawning crate BS_Hacked_Crate. Removed from pending list. New pending count: 0
2025-11-29 00:11:59 [INFO] Inventory for BS_Hacked_Crate LOCKED. IsOpen: false LootAccessActionDone: false
2025-11-29 00:11:59 [INFO] HackedCrate_Base (BS_Hacked_Crate): Instance specific CrateSettings assigned. ConfigUniqueID: DefaultDynamicEvent_Example1
2025-11-29 00:11:59 [INFO] CrateSpawner: Standard Notification RPC sent. Key: #STR_BSHC_Notification_Spawn_Located
2025-11-29 00:11:59 [INFO] [SpawnAIAroundCrate] Spawning 2 AI(s) next to the crate.
2025-11-29 00:11:59 [INFO] [SpawnAIAroundCrate] Successfully spawned ZmbM_SoldierNormal at <4740.094727, 339.000000, 10338.967773>
2025-11-29 00:11:59 [INFO] [SpawnAIAroundCrate] Successfully spawned ZmbM_SoldierNormal at <4743.605957, 339.000000, 10343.812500>
2025-11-29 00:11:59 [INFO] DeferredEEInitLogic: START for BS_Hacked_Crate<3037735>. m_LoadedExpansionMarkerUID (should be from OnStoreLoad) is ''. Current m_ExpansionMarkerUID (active) is ''
2025-11-29 00:11:59 [INFO] DeferredEEInitLogic: Settings acquired successfully for BS_Hacked_Crate<3037735>.
2025-11-29 00:11:59 [INFO] DeferredEEInitLogic: AG DEBUG for BS_Hacked_Crate<3037735>
2025-11-29 00:11:59 [INFO] BSHC_AG_DEBUG: BSHC_CreateAdvancedGroupsMapMarker call.
2025-11-29 00:11:59 [INFO] BSHC_AG_DEBUG: Final Marker Name: '#STR_BSHC_HackedCrate_DisplayName'
2025-11-29 00:11:59 [INFO] BSHC_AG_DEBUG: Trying to create AG marker with name: #STR_BSHC_HackedCrate_DisplayName, Pos: <4732.430176, 338.968994, 10350.200195>, Icon: BS_HackedCrate/gui/iconcrate.paa, Color: -65536, ShowOnMap: true, ShowInWorld: true
2025-11-29 00:11:59 [INFO] BSHC_AG_DEBUG: LBStaticMarkerManager.Get is accessible.
2025-11-29 00:11:59 [INFO] BSHC_AG_DEBUG: Created AG marker (UID: 1136232400) for BS_Hacked_Crate
2025-11-29 00:11:59 [INFO] DeferredEEInitLogic: Final m_LootAccessActionDone for BS_Hacked_Crate<3037735> is: false
2025-11-29 00:11:59 [INFO] Inventory for BS_Hacked_Crate LOCKED. IsOpen: false LootAccessActionDone: false
2025-11-29 00:11:59 [INFO] DeferredEEInitLogic: FINISHED for BS_Hacked_Crate<3037735>
2025-11-29 01:01:59 [INFO] --------------------------------------------------------------------------
2025-11-29 01:01:59 [INFO] OnCrateSpawnTickPeriodic - Management Tick received. Evaluating individual crate configs...
2025-11-29 01:01:59 [INFO] --------------------------------------------------------------------------
2025-11-29 01:01:59 [INFO] Config 'DefaultDynamicEvent_Example1' is due for a check. Processing...
2025-11-29 01:01:59 [INFO] CrateSpawner: Processing ConfigUniqueID: 'DefaultDynamicEvent_Example1' (CrateType: 'BS_Hacked_Crate')
2025-11-29 01:01:59 [INFO] CrateSpawner: Handling RANDOM for ConfigUniqueID: 'DefaultDynamicEvent_Example1'.
2025-11-29 01:01:59 [INFO] CrateSpawner: ConfigUniqueID 'DefaultDynamicEvent_Example1' - Existing: 1, Target Active: 1
2025-11-29 01:01:59 [INFO] OnCrateSpawnTickPeriodic - Management Tick finished. Next check in 3600 seconds.
2025-11-29 01:12:44 [INFO] EEDelete called for BS_Hacked_Crate at <4732.430176, 338.968994, 10350.200195>
2025-11-29 01:12:44 [INFO] EXP_REMOVE_DEBUG: Attempting RemoveExpansionMapMarker. Context: EEDelete. Current UID: '' for BS_Hacked_Crate<3037735>
2025-11-29 01:12:44 [INFO] EXP_REMOVE_DEBUG: EXPANSIONMODNAVIGATION NOT defined. Cannot remove marker. Context: EEDelete for BS_Hacked_Crate<3037735>
2025-11-29 01:12:44 [INFO] BSHC_AG_DEBUG: BSHC_RemoveAdvancedGroupsMapMarker called.
2025-11-29 01:12:44 [INFO] BSHC_AG_DEBUG: Removing AG marker UID: 1136232400
2025-11-29 01:12:44 [INFO] BSHC_AG_DEBUG: AG marker UID 1136232400 successfully removed.
2025-11-29 01:12:44 [INFO] HackedCrate (BS_Hacked_Crate): Sending RPC Notification. Type: DESPAWN, Key: #STR_BSHC_Notification_Despawn_Located
2025-11-29 01:12:44 [INFO] EEDelete: Removed BS_Hacked_Crate from g_ActiveHackedCrates. Remaining count: 0
2025-11-29 02:01:59 [INFO] --------------------------------------------------------------------------
2025-11-29 02:01:59 [INFO] OnCrateSpawnTickPeriodic - Management Tick received. Evaluating individual crate configs...
2025-11-29 02:01:59 [INFO] --------------------------------------------------------------------------
2025-11-29 02:01:59 [INFO] Config 'DefaultDynamicEvent_Example1' is due for a check. Processing...
2025-11-29 02:01:59 [INFO] CrateSpawner: Processing ConfigUniqueID: 'DefaultDynamicEvent_Example1' (CrateType: 'BS_Hacked_Crate')
2025-11-29 02:01:59 [INFO] CrateSpawner: Handling RANDOM for ConfigUniqueID: 'DefaultDynamicEvent_Example1'.
2025-11-29 02:01:59 [INFO] CrateSpawner: ConfigUniqueID 'DefaultDynamicEvent_Example1' - Existing: 0, Target Active: 1
2025-11-29 02:01:59 [INFO] CrateSpawner: Attempting to spawn 1 for ConfigUniqueID: 'DefaultDynamicEvent_Example1'.
2025-11-29 02:01:59 [INFO] SpawnRandomCrates: Attempting to spawn 1 of type 'BS_Hacked_Crate' with ConfigUniqueID 'DefaultDynamicEvent_Example1'.
2025-11-29 02:01:59 [INFO] CrateSpawner: Sending spawn warning for 'BS_Hacked_Crate' at VMC
2025-11-29 02:01:59 [INFO] CrateSpawner: Added to pending list for ConfigUniqueID 'DefaultDynamicEvent_Example1'. New pending count: 1
2025-11-29 02:01:59 [INFO] OnCrateSpawnTickPeriodic - Management Tick finished. Next check in 3600 seconds.
2025-11-29 02:11:59 [INFO] SpawnCrateAfterWarning: Timer finished. Spawning crate BS_Hacked_Crate. Removed from pending list. New pending count: 0
2025-11-29 02:11:59 [INFO] Inventory for BS_Hacked_Crate LOCKED. IsOpen: false LootAccessActionDone: false
2025-11-29 02:11:59 [INFO] HackedCrate_Base (BS_Hacked_Crate): Instance specific CrateSettings assigned. ConfigUniqueID: DefaultDynamicEvent_Example1
2025-11-29 02:11:59 [INFO] CrateSpawner: Standard Notification RPC sent. Key: #STR_BSHC_Notification_Spawn_Located
2025-11-29 02:11:59 [INFO] [SpawnAIAroundCrate] Spawning 3 AI(s) next to the crate.
2025-11-29 02:11:59 [INFO] [SpawnAIAroundCrate] Successfully spawned ZmbM_SoldierNormal at <4568.026367, 317.999664, 8338.672852>
2025-11-29 02:11:59 [INFO] [SpawnAIAroundCrate] Successfully spawned ZmbM_SoldierNormal at <4535.540039, 317.687958, 8363.185547>
2025-11-29 02:11:59 [INFO] [SpawnAIAroundCrate] Successfully spawned ZmbM_SoldierNormal at <4565.631348, 317.839874, 8367.997070>
2025-11-29 02:11:59 [INFO] DeferredEEInitLogic: START for BS_Hacked_Crate<3048751>. m_LoadedExpansionMarkerUID (should be from OnStoreLoad) is ''. Current m_ExpansionMarkerUID (active) is ''
2025-11-29 02:11:59 [INFO] DeferredEEInitLogic: Settings acquired successfully for BS_Hacked_Crate<3048751>.
2025-11-29 02:11:59 [INFO] DeferredEEInitLogic: AG DEBUG for BS_Hacked_Crate<3048751>
2025-11-29 02:11:59 [INFO] BSHC_AG_DEBUG: BSHC_CreateAdvancedGroupsMapMarker call.
2025-11-29 02:11:59 [INFO] BSHC_AG_DEBUG: Final Marker Name: '#STR_BSHC_HackedCrate_DisplayName'
2025-11-29 02:11:59 [INFO] BSHC_AG_DEBUG: Trying to create AG marker with name: #STR_BSHC_HackedCrate_DisplayName, Pos: <4553.689941, 317.975006, 8352.099609>, Icon: BS_HackedCrate/gui/iconcrate.paa, Color: -65536, ShowOnMap: true, ShowInWorld: true
2025-11-29 02:11:59 [INFO] BSHC_AG_DEBUG: LBStaticMarkerManager.Get is accessible.
2025-11-29 02:11:59 [INFO] BSHC_AG_DEBUG: Created AG marker (UID: 1224839767) for BS_Hacked_Crate
2025-11-29 02:11:59 [INFO] DeferredEEInitLogic: Final m_LootAccessActionDone for BS_Hacked_Crate<3048751> is: false
2025-11-29 02:11:59 [INFO] Inventory for BS_Hacked_Crate LOCKED. IsOpen: false LootAccessActionDone: false
2025-11-29 02:11:59 [INFO] DeferredEEInitLogic: FINISHED for BS_Hacked_Crate<3048751>
2025-11-29 03:01:59 [INFO] --------------------------------------------------------------------------
2025-11-29 03:01:59 [INFO] OnCrateSpawnTickPeriodic - Management Tick received. Evaluating individual crate configs...
2025-11-29 03:01:59 [INFO] --------------------------------------------------------------------------
2025-11-29 03:01:59 [INFO] Config 'DefaultDynamicEvent_Example1' is due for a check. Processing...
2025-11-29 03:01:59 [INFO] CrateSpawner: Processing ConfigUniqueID: 'DefaultDynamicEvent_Example1' (CrateType: 'BS_Hacked_Crate')
2025-11-29 03:01:59 [INFO] CrateSpawner: Skipping ConfigUniqueID 'DefaultDynamicEvent_Example1'. Players required: 1, Current: 0
2025-11-29 03:01:59 [INFO] OnCrateSpawnTickPeriodic - Management Tick finished. Next check in 3600 seconds.
2025-11-29 03:32:54 [INFO] EEDelete called for BS_Hacked_Crate at <4553.689941, 317.975006, 8352.099609>
2025-11-29 03:32:54 [INFO] EXP_REMOVE_DEBUG: Attempting RemoveExpansionMapMarker. Context: EEDelete. Current UID: '' for BS_Hacked_Crate<3048751>
2025-11-29 03:32:54 [INFO] EXP_REMOVE_DEBUG: EXPANSIONMODNAVIGATION NOT defined. Cannot remove marker. Context: EEDelete for BS_Hacked_Crate<3048751>
2025-11-29 03:32:54 [INFO] BSHC_AG_DEBUG: BSHC_RemoveAdvancedGroupsMapMarker called.
2025-11-29 03:32:54 [INFO] BSHC_AG_DEBUG: Removing AG marker UID: 1224839767
2025-11-29 03:32:54 [INFO] BSHC_AG_DEBUG: AG marker UID 1224839767 successfully removed.
2025-11-29 03:32:54 [INFO] HackedCrate (BS_Hacked_Crate): Sending RPC Notification. Type: DESPAWN, Key: #STR_BSHC_Notification_Despawn_Located
2025-11-29 03:32:54 [INFO] EEDelete: Removed BS_Hacked_Crate from g_ActiveHackedCrates. Remaining count: 0
