2025-11-25 05:00:55 [INFO] OnInit - Initializing Bastardos Hacked Crates System...
2025-11-25 05:00:55 [INFO] OnInit - Loading Hacked Crate Loot Configuration (loot_pools.json)...
2025-11-25 05:00:55 [INFO] [BSHCLootPoolConfig] Found loot_pools.json at: $profile:\Bastardo_HC\loot_pools.json
2025-11-25 05:00:55 [INFO] [BSHCLootPoolConfig] JsonLoadFile executed. Loaded 2 categories defined in the root.
2025-11-25 05:00:55 [INFO] [BSHCLootPoolConfig] Category 'DefaultArmaments' has 1 loot pools.
2025-11-25 05:00:55 [INFO] [BSHCLootPoolConfig] Category 'DefaultMedical' has 1 loot pools.
2025-11-25 05:00:55 [INFO] OnInit - Hacked Crate Loot Configuration processed successfully.
2025-11-25 05:00:55 [INFO] OnInit - Loading Hacked Crate settings (global, static, dynamic)...
2025-11-25 05:00:55 [INFO] CrateManagement instance created with default grace period and tick interval.
2025-11-25 05:00:55 [INFO] [BSHCGlobalServerSettings] Loading from: $profile:\Bastardo_HC\BS_Global_settings.json
2025-11-25 05:00:55 [INFO] [CrateConfigManager] Re-saved static_crates.json to include any new options.
2025-11-25 05:00:55 [INFO] [CrateConfigManager] Re-saved dynamic_crates.json to include any new options.
2025-11-25 05:00:55 [INFO] [CrateConfigManager] Static CrateManagement has been set.
2025-11-25 05:00:55 [INFO] CrateSpawner instance created.
2025-11-25 05:00:55 [INFO] OnInit - Crate Spawner created. Grace Period: 5 minutes. Periodic Tick: 3600 seconds.
2025-11-25 05:00:55 [INFO] OnInit - Bastardos Hacked Crates System Initialization sequence finished.
2025-11-25 05:01:01 [INFO] OnMissionStart - Server mission started. Scheduling Hacked Crate cleanup and initial spawn setup.
2025-11-25 05:01:01 [INFO] OnMissionStart - Immediate STATIC Crate spawn scheduled in 15 seconds.
2025-11-25 05:01:01 [INFO] OnMissionStart - Initial DYNAMIC Crate spawn scheduled in approx. 320 seconds.
2025-11-25 05:01:01 [INFO] OnMissionStart - Scheduling first PERIODIC Crate Spawn Tick in approx. 3600 seconds.
2025-11-25 05:01:19 [INFO] Inventory for BS_Hacked_Crate LOCKED. IsOpen: false LootAccessActionDone: false
2025-11-25 05:01:19 [INFO] OnStoreLoad: m_ConfigUniqueID_Persist set from storage to: 'DefaultDynamicEvent_Example1' for BS_Hacked_Crate<2990565>
2025-11-25 05:01:19 [INFO] OnStoreLoad: FINISHED loading raw data into member variables for BS_Hacked_Crate<2990565>
2025-11-25 05:01:33 [INFO] DeferredEEInitLogic: START for BS_Hacked_Crate<2990565>. m_LoadedExpansionMarkerUID (should be from OnStoreLoad) is ''. Current m_ExpansionMarkerUID (active) is ''
2025-11-25 05:01:33 [INFO] GetCrateSettings: m_CrateSettings_Instance is NULL for BS_Hacked_Crate<2990565>. Calling AttemptToReacquireSettings().
2025-11-25 05:01:33 [INFO] HackedCrate_Base (BS_Hacked_Crate): Attempting to re-acquire CrateSettings. Persisted ConfigUniqueID is: 'DefaultDynamicEvent_Example1'
2025-11-25 05:01:33 [INFO] HackedCrate_Base (BS_Hacked_Crate): Instance specific CrateSettings assigned. ConfigUniqueID: DefaultDynamicEvent_Example1
2025-11-25 05:01:33 [INFO] HackedCrate_Base (BS_Hacked_Crate): Successfully re-acquired CrateSettings by persisted ConfigUniqueID 'DefaultDynamicEvent_Example1'.
2025-11-25 05:01:33 [INFO] DeferredEEInitLogic: Settings acquired successfully for BS_Hacked_Crate<2990565>.
2025-11-25 05:01:33 [INFO] DeferredEEInitLogic: AG DEBUG for BS_Hacked_Crate<2990565>
2025-11-25 05:01:33 [INFO] BSHC_AG_DEBUG: BSHC_CreateAdvancedGroupsMapMarker call.
2025-11-25 05:01:33 [INFO] BSHC_AG_DEBUG: Final Marker Name: '#STR_BSHC_HackedCrate_DisplayName'
2025-11-25 05:01:33 [INFO] BSHC_AG_DEBUG: Trying to create AG marker with name: #STR_BSHC_HackedCrate_DisplayName, Pos: <4732.430176, 338.968994, 10350.200195>, Icon: BS_HackedCrate/gui/iconcrate.paa, Color: -65536, ShowOnMap: true, ShowInWorld: true
2025-11-25 05:01:33 [INFO] BSHC_AG_DEBUG: LBStaticMarkerManager.Get is accessible.
2025-11-25 05:01:33 [INFO] BSHC_AG_DEBUG: Created AG marker (UID: 767384570) for BS_Hacked_Crate
2025-11-25 05:01:33 [INFO] DeferredEEInitLogic: Final m_LootAccessActionDone for BS_Hacked_Crate<2990565> is: false
2025-11-25 05:01:33 [INFO] Inventory for BS_Hacked_Crate LOCKED. IsOpen: false LootAccessActionDone: false
2025-11-25 05:01:33 [INFO] DeferredEEInitLogic: FINISHED for BS_Hacked_Crate<2990565>
2025-11-25 05:01:33 [INFO] DeferredEEInitLogic: Re-added persistent crate BS_Hacked_Crate to g_ActiveHackedCrates list.
2025-11-25 05:02:01 [INFO] DeleteHackedCratesFromKnownLocations - Starting cleanup of Hacked Crates from KNOWN SPAWN LOCATIONS as defined in configurations...
2025-11-25 05:02:01 [INFO] DeleteHackedCratesFromKnownLocations - Deleting INACTIVE: BS_Hacked_Crate (ID: 2990565) found at configured spawn Pos: <4732.430176, 338.968994, 10350.200195> for CrateType BS_Hacked_Crate
2025-11-25 05:02:01 [INFO] EEDelete called for BS_Hacked_Crate at <4732.430176, 338.968994, 10350.200195>
2025-11-25 05:02:01 [INFO] EXP_REMOVE_DEBUG: Attempting RemoveExpansionMapMarker. Context: EEDelete. Current UID: '' for BS_Hacked_Crate<2990565>
2025-11-25 05:02:01 [INFO] EXP_REMOVE_DEBUG: EXPANSIONMODNAVIGATION NOT defined. Cannot remove marker. Context: EEDelete for BS_Hacked_Crate<2990565>
2025-11-25 05:02:01 [INFO] BSHC_AG_DEBUG: BSHC_RemoveAdvancedGroupsMapMarker called.
2025-11-25 05:02:01 [INFO] BSHC_AG_DEBUG: Removing AG marker UID: 767384570
2025-11-25 05:02:01 [INFO] BSHC_AG_DEBUG: AG marker UID 767384570 successfully removed.
2025-11-25 05:02:01 [INFO] HackedCrate (BS_Hacked_Crate): Sending RPC Notification. Type: DESPAWN, Key: #STR_BSHC_Notification_Despawn_Located
2025-11-25 05:02:01 [INFO] EEDelete: Removed BS_Hacked_Crate from g_ActiveHackedCrates. Remaining count: 0
2025-11-25 05:02:01 [INFO] DeleteHackedCratesFromKnownLocations - Cleanup from known locations finished. Total inactive Hacked Crates (matching type and location) deleted: 1
2025-11-25 05:02:05 [INFO] PerformImmediateStaticSpawn - Calling CrateSpawner to setup STATIC Hacked Crates...
2025-11-25 05:02:05 [INFO] CrateSpawner: ------------- Starting IMMEDIATE STATIC Spawn Pass -------------
2025-11-25 05:02:05 [INFO] CrateSpawner: Processing IMMEDIATE STATIC for ConfigUniqueID: 'DefaultStaticEvent_Example1'.
2025-11-25 05:02:05 [INFO] SpawnStaticCrates: Processing 1 static locations for ConfigUniqueID: 'DefaultStaticEvent_Example1'.
2025-11-25 05:02:05 [INFO] SpawnStaticCrates: Location <2471.820068, 193.177002, 5114.220215> is free. Attempting to spawn crate.
2025-11-25 05:02:05 [INFO] Inventory for BS_Hacked_Crate LOCKED. IsOpen: false LootAccessActionDone: false
2025-11-25 05:02:05 [INFO] HackedCrate_Base (BS_Hacked_Crate): Instance specific CrateSettings assigned. ConfigUniqueID: DefaultStaticEvent_Example1
2025-11-25 05:02:05 [INFO] [SpawnAIAroundCrate] Spawning 3 AI(s) next to the crate.
2025-11-25 05:02:05 [INFO] [SpawnAIAroundCrate] Successfully spawned ZmbM_SoldierNormal at <2457.579102, 191.957932, 5133.129883>
2025-11-25 05:02:05 [INFO] [SpawnAIAroundCrate] Successfully spawned ZmbM_SoldierNormal at <2461.645020, 193.186844, 5110.775391>
2025-11-25 05:02:05 [INFO] [SpawnAIAroundCrate] Successfully spawned ZmbM_SoldierNormal at <2484.840576, 193.138031, 5126.470703>
2025-11-25 05:02:05 [INFO] CrateSpawner: ------------- Finished IMMEDIATE STATIC Spawn Pass -------------
2025-11-25 05:02:05 [INFO] DeferredEEInitLogic: START for BS_Hacked_Crate<3009186>. m_LoadedExpansionMarkerUID (should be from OnStoreLoad) is ''. Current m_ExpansionMarkerUID (active) is ''
2025-11-25 05:02:05 [INFO] DeferredEEInitLogic: Settings acquired successfully for BS_Hacked_Crate<3009186>.
2025-11-25 05:02:05 [INFO] DeferredEEInitLogic: m_ExpansionMarkerUID is empty. Calling CreateExpansionMapMarker for BS_Hacked_Crate<3009186>.
2025-11-25 05:02:05 [INFO] EXP_DEBUG: Inside CreateExpansionMapMarker for BS_Hacked_Crate.UseExpansionMapMarker is true.
2025-11-25 05:02:05 [INFO] EXP_DEBUG: EXPANSIONMODNAVIGATION is NOT defined. No Expansion marker will be created.
2025-11-25 05:02:05 [INFO] DeferredEEInitLogic: AG DEBUG for BS_Hacked_Crate<3009186>
2025-11-25 05:02:05 [INFO] BSHC_AG_DEBUG: BSHC_CreateAdvancedGroupsMapMarker call.
2025-11-25 05:02:05 [INFO] BSHC_AG_DEBUG: Final Marker Name: '#STR_BSHC_HackedCrate_DisplayName'
2025-11-25 05:02:05 [INFO] BSHC_AG_DEBUG: Trying to create AG marker with name: #STR_BSHC_HackedCrate_DisplayName, Pos: <2471.820068, 193.177002, 5114.220215>, Icon: BS_HackedCrate/gui/iconcrate.paa, Color: -65536, ShowOnMap: true, ShowInWorld: true
2025-11-25 05:02:05 [INFO] BSHC_AG_DEBUG: LBStaticMarkerManager.Get is accessible.
2025-11-25 05:02:05 [INFO] BSHC_AG_DEBUG: Created AG marker (UID: 2109143919) for BS_Hacked_Crate
2025-11-25 05:02:05 [INFO] DeferredEEInitLogic: Final m_LootAccessActionDone for BS_Hacked_Crate<3009186> is: false
2025-11-25 05:02:05 [INFO] Inventory for BS_Hacked_Crate LOCKED. IsOpen: false LootAccessActionDone: false
2025-11-25 05:02:05 [INFO] DeferredEEInitLogic: FINISHED for BS_Hacked_Crate<3009186>
2025-11-25 05:07:10 [INFO] PerformInitialDynamicSpawn - Grace period ended. Calling CrateSpawner to setup initial DYNAMIC Hacked Crates...
2025-11-25 05:07:10 [INFO] CrateSpawner: ------------- Starting INITIAL DYNAMIC Spawn Pass (Post-Grace) -------------
2025-11-25 05:07:10 [INFO] CrateSpawner: Current server population for dynamic spawn: 1 players.
2025-11-25 05:07:10 [INFO] CrateSpawner: Processing DYNAMIC for ConfigUniqueID: 'DefaultDynamicEvent_Example1'.
2025-11-25 05:07:10 [INFO] CrateSpawner: Attempting to spawn 1 for ConfigUniqueID: 'DefaultDynamicEvent_Example1'.
2025-11-25 05:07:10 [INFO] SpawnRandomCrates: Attempting to spawn 1 of type 'BS_Hacked_Crate' with ConfigUniqueID 'DefaultDynamicEvent_Example1'.
2025-11-25 05:07:10 [INFO] SpawnRandomCrates: Shuffled list for 'DefaultDynamicEvent_Example1' is empty or non-existent. Regenerating and shuffling.
2025-11-25 05:07:10 [INFO] CrateSpawner: Sending spawn warning for 'BS_Hacked_Crate' at Airfield
2025-11-25 05:07:10 [INFO] CrateSpawner: Added to pending list for ConfigUniqueID 'DefaultDynamicEvent_Example1'. New pending count: 1
2025-11-25 05:07:10 [INFO] CrateSpawner: ------------- Finished INITIAL DYNAMIC Spawn Pass -------------
2025-11-25 05:17:10 [INFO] SpawnCrateAfterWarning: Timer finished. Spawning crate BS_Hacked_Crate. Removed from pending list. New pending count: 0
2025-11-25 05:17:10 [INFO] Inventory for BS_Hacked_Crate LOCKED. IsOpen: false LootAccessActionDone: false
2025-11-25 05:17:10 [INFO] HackedCrate_Base (BS_Hacked_Crate): Instance specific CrateSettings assigned. ConfigUniqueID: DefaultDynamicEvent_Example1
2025-11-25 05:17:10 [INFO] CrateSpawner: Standard Notification RPC sent. Key: #STR_BSHC_Notification_Spawn_Located
2025-11-25 05:17:10 [INFO] [SpawnAIAroundCrate] Spawning 3 AI(s) next to the crate.
2025-11-25 05:17:10 [INFO] [SpawnAIAroundCrate] Successfully spawned ZmbM_SoldierNormal at <4722.893066, 338.993408, 10354.671875>
2025-11-25 05:17:10 [INFO] [SpawnAIAroundCrate] Successfully spawned ZmbM_SoldierNormal at <4736.441895, 339.000000, 10339.317383>
2025-11-25 05:17:10 [INFO] [SpawnAIAroundCrate] Successfully spawned ZmbM_SoldierNormal at <4708.699219, 339.000000, 10348.419922>
2025-11-25 05:17:10 [INFO] DeferredEEInitLogic: START for BS_Hacked_Crate<3015361>. m_LoadedExpansionMarkerUID (should be from OnStoreLoad) is ''. Current m_ExpansionMarkerUID (active) is ''
2025-11-25 05:17:10 [INFO] DeferredEEInitLogic: Settings acquired successfully for BS_Hacked_Crate<3015361>.
2025-11-25 05:17:10 [INFO] DeferredEEInitLogic: AG DEBUG for BS_Hacked_Crate<3015361>
2025-11-25 05:17:10 [INFO] BSHC_AG_DEBUG: BSHC_CreateAdvancedGroupsMapMarker call.
2025-11-25 05:17:10 [INFO] BSHC_AG_DEBUG: Final Marker Name: '#STR_BSHC_HackedCrate_DisplayName'
2025-11-25 05:17:10 [INFO] BSHC_AG_DEBUG: Trying to create AG marker with name: #STR_BSHC_HackedCrate_DisplayName, Pos: <4732.430176, 338.968994, 10350.200195>, Icon: BS_HackedCrate/gui/iconcrate.paa, Color: -65536, ShowOnMap: true, ShowInWorld: true
2025-11-25 05:17:10 [INFO] BSHC_AG_DEBUG: LBStaticMarkerManager.Get is accessible.
2025-11-25 05:17:10 [INFO] BSHC_AG_DEBUG: Created AG marker (UID: 852977190) for BS_Hacked_Crate
2025-11-25 05:17:10 [INFO] DeferredEEInitLogic: Final m_LootAccessActionDone for BS_Hacked_Crate<3015361> is: false
2025-11-25 05:17:10 [INFO] Inventory for BS_Hacked_Crate LOCKED. IsOpen: false LootAccessActionDone: false
2025-11-25 05:17:10 [INFO] DeferredEEInitLogic: FINISHED for BS_Hacked_Crate<3015361>
2025-11-25 05:51:45 [INFO] EEDelete called for BS_Hacked_Crate at <2471.820068, 193.177002, 5114.220215>
2025-11-25 05:51:45 [INFO] EXP_REMOVE_DEBUG: Attempting RemoveExpansionMapMarker. Context: EEDelete. Current UID: '' for BS_Hacked_Crate<3009186>
2025-11-25 05:51:45 [INFO] EXP_REMOVE_DEBUG: EXPANSIONMODNAVIGATION NOT defined. Cannot remove marker. Context: EEDelete for BS_Hacked_Crate<3009186>
2025-11-25 05:51:45 [INFO] BSHC_AG_DEBUG: BSHC_RemoveAdvancedGroupsMapMarker called.
2025-11-25 05:51:45 [INFO] BSHC_AG_DEBUG: Removing AG marker UID: 2109143919
2025-11-25 05:51:45 [INFO] BSHC_AG_DEBUG: AG marker UID 2109143919 successfully removed.
2025-11-25 05:51:45 [INFO] HackedCrate (BS_Hacked_Crate): Sending RPC Notification. Type: DESPAWN, Key: #STR_BSHC_Notification_Despawn_Located
2025-11-25 05:51:45 [INFO] EEDelete: Removed BS_Hacked_Crate from g_ActiveHackedCrates. Remaining count: 1
2025-11-25 06:01:50 [INFO] --------------------------------------------------------------------------
2025-11-25 06:01:50 [INFO] OnCrateSpawnTickPeriodic - Management Tick received. Evaluating individual crate configs...
2025-11-25 06:01:50 [INFO] --------------------------------------------------------------------------
2025-11-25 06:01:50 [INFO] Config 'DefaultDynamicEvent_Example1' is due for a check. Processing...
2025-11-25 06:01:50 [INFO] CrateSpawner: Processing ConfigUniqueID: 'DefaultDynamicEvent_Example1' (CrateType: 'BS_Hacked_Crate')
2025-11-25 06:01:50 [INFO] CrateSpawner: Handling RANDOM for ConfigUniqueID: 'DefaultDynamicEvent_Example1'.
2025-11-25 06:01:50 [INFO] CrateSpawner: ConfigUniqueID 'DefaultDynamicEvent_Example1' - Existing: 1, Target Active: 1
2025-11-25 06:01:50 [INFO] OnCrateSpawnTickPeriodic - Management Tick finished. Next check in 3600 seconds.
2025-11-25 06:12:23 [INFO] EEDelete called for BS_Hacked_Crate at <4732.430176, 338.968994, 10350.200195>
2025-11-25 06:12:23 [INFO] EXP_REMOVE_DEBUG: Attempting RemoveExpansionMapMarker. Context: EEDelete. Current UID: '' for BS_Hacked_Crate<3015361>
2025-11-25 06:12:23 [INFO] EXP_REMOVE_DEBUG: EXPANSIONMODNAVIGATION NOT defined. Cannot remove marker. Context: EEDelete for BS_Hacked_Crate<3015361>
2025-11-25 06:12:23 [INFO] BSHC_AG_DEBUG: BSHC_RemoveAdvancedGroupsMapMarker called.
2025-11-25 06:12:23 [INFO] BSHC_AG_DEBUG: Removing AG marker UID: 852977190
2025-11-25 06:12:23 [INFO] BSHC_AG_DEBUG: AG marker UID 852977190 successfully removed.
2025-11-25 06:12:23 [INFO] HackedCrate (BS_Hacked_Crate): Sending RPC Notification. Type: DESPAWN, Key: #STR_BSHC_Notification_Despawn_Located
2025-11-25 06:12:23 [INFO] EEDelete: Removed BS_Hacked_Crate from g_ActiveHackedCrates. Remaining count: 0
2025-11-25 07:01:50 [INFO] --------------------------------------------------------------------------
2025-11-25 07:01:50 [INFO] OnCrateSpawnTickPeriodic - Management Tick received. Evaluating individual crate configs...
2025-11-25 07:01:50 [INFO] --------------------------------------------------------------------------
2025-11-25 07:01:50 [INFO] Config 'DefaultDynamicEvent_Example1' is due for a check. Processing...
2025-11-25 07:01:50 [INFO] CrateSpawner: Processing ConfigUniqueID: 'DefaultDynamicEvent_Example1' (CrateType: 'BS_Hacked_Crate')
2025-11-25 07:01:50 [INFO] CrateSpawner: Skipping ConfigUniqueID 'DefaultDynamicEvent_Example1'. Players required: 1, Current: 0
2025-11-25 07:01:50 [INFO] OnCrateSpawnTickPeriodic - Management Tick finished. Next check in 3600 seconds.
2025-11-25 08:01:50 [INFO] --------------------------------------------------------------------------
2025-11-25 08:01:50 [INFO] OnCrateSpawnTickPeriodic - Management Tick received. Evaluating individual crate configs...
2025-11-25 08:01:50 [INFO] --------------------------------------------------------------------------
2025-11-25 08:01:50 [INFO] Config 'DefaultDynamicEvent_Example1' is due for a check. Processing...
2025-11-25 08:01:50 [INFO] CrateSpawner: Processing ConfigUniqueID: 'DefaultDynamicEvent_Example1' (CrateType: 'BS_Hacked_Crate')
2025-11-25 08:01:50 [INFO] CrateSpawner: Skipping ConfigUniqueID 'DefaultDynamicEvent_Example1'. Players required: 1, Current: 0
2025-11-25 08:01:50 [INFO] OnCrateSpawnTickPeriodic - Management Tick finished. Next check in 3600 seconds.
2025-11-25 09:01:50 [INFO] --------------------------------------------------------------------------
2025-11-25 09:01:50 [INFO] OnCrateSpawnTickPeriodic - Management Tick received. Evaluating individual crate configs...
2025-11-25 09:01:50 [INFO] --------------------------------------------------------------------------
2025-11-25 09:01:50 [INFO] Config 'DefaultDynamicEvent_Example1' is due for a check. Processing...
2025-11-25 09:01:50 [INFO] CrateSpawner: Processing ConfigUniqueID: 'DefaultDynamicEvent_Example1' (CrateType: 'BS_Hacked_Crate')
2025-11-25 09:01:50 [INFO] CrateSpawner: Skipping ConfigUniqueID 'DefaultDynamicEvent_Example1'. Players required: 1, Current: 0
2025-11-25 09:01:50 [INFO] OnCrateSpawnTickPeriodic - Management Tick finished. Next check in 3600 seconds.
2025-11-25 10:01:50 [INFO] --------------------------------------------------------------------------
2025-11-25 10:01:50 [INFO] OnCrateSpawnTickPeriodic - Management Tick received. Evaluating individual crate configs...
2025-11-25 10:01:50 [INFO] --------------------------------------------------------------------------
2025-11-25 10:01:50 [INFO] Config 'DefaultDynamicEvent_Example1' is due for a check. Processing...
2025-11-25 10:01:50 [INFO] CrateSpawner: Processing ConfigUniqueID: 'DefaultDynamicEvent_Example1' (CrateType: 'BS_Hacked_Crate')
2025-11-25 10:01:50 [INFO] CrateSpawner: Skipping ConfigUniqueID 'DefaultDynamicEvent_Example1'. Players required: 1, Current: 0
2025-11-25 10:01:50 [INFO] OnCrateSpawnTickPeriodic - Management Tick finished. Next check in 3600 seconds.
2025-11-25 11:01:50 [INFO] --------------------------------------------------------------------------
2025-11-25 11:01:50 [INFO] OnCrateSpawnTickPeriodic - Management Tick received. Evaluating individual crate configs...
2025-11-25 11:01:50 [INFO] --------------------------------------------------------------------------
2025-11-25 11:01:50 [INFO] Config 'DefaultDynamicEvent_Example1' is due for a check. Processing...
2025-11-25 11:01:50 [INFO] CrateSpawner: Processing ConfigUniqueID: 'DefaultDynamicEvent_Example1' (CrateType: 'BS_Hacked_Crate')
2025-11-25 11:01:50 [INFO] CrateSpawner: Skipping ConfigUniqueID 'DefaultDynamicEvent_Example1'. Players required: 1, Current: 0
2025-11-25 11:01:50 [INFO] OnCrateSpawnTickPeriodic - Management Tick finished. Next check in 3600 seconds.
2025-11-25 12:01:50 [INFO] --------------------------------------------------------------------------
2025-11-25 12:01:50 [INFO] OnCrateSpawnTickPeriodic - Management Tick received. Evaluating individual crate configs...
2025-11-25 12:01:50 [INFO] --------------------------------------------------------------------------
2025-11-25 12:01:50 [INFO] Config 'DefaultDynamicEvent_Example1' is due for a check. Processing...
2025-11-25 12:01:50 [INFO] CrateSpawner: Processing ConfigUniqueID: 'DefaultDynamicEvent_Example1' (CrateType: 'BS_Hacked_Crate')
2025-11-25 12:01:50 [INFO] CrateSpawner: Skipping ConfigUniqueID 'DefaultDynamicEvent_Example1'. Players required: 1, Current: 0
2025-11-25 12:01:50 [INFO] OnCrateSpawnTickPeriodic - Management Tick finished. Next check in 3600 seconds.
2025-11-25 13:01:50 [INFO] --------------------------------------------------------------------------
2025-11-25 13:01:50 [INFO] OnCrateSpawnTickPeriodic - Management Tick received. Evaluating individual crate configs...
2025-11-25 13:01:50 [INFO] --------------------------------------------------------------------------
2025-11-25 13:01:50 [INFO] Config 'DefaultDynamicEvent_Example1' is due for a check. Processing...
2025-11-25 13:01:50 [INFO] CrateSpawner: Processing ConfigUniqueID: 'DefaultDynamicEvent_Example1' (CrateType: 'BS_Hacked_Crate')
2025-11-25 13:01:50 [INFO] CrateSpawner: Skipping ConfigUniqueID 'DefaultDynamicEvent_Example1'. Players required: 1, Current: 0
2025-11-25 13:01:50 [INFO] OnCrateSpawnTickPeriodic - Management Tick finished. Next check in 3600 seconds.
2025-11-25 14:01:50 [INFO] --------------------------------------------------------------------------
2025-11-25 14:01:50 [INFO] OnCrateSpawnTickPeriodic - Management Tick received. Evaluating individual crate configs...
2025-11-25 14:01:50 [INFO] --------------------------------------------------------------------------
2025-11-25 14:01:50 [INFO] Config 'DefaultDynamicEvent_Example1' is due for a check. Processing...
2025-11-25 14:01:50 [INFO] CrateSpawner: Processing ConfigUniqueID: 'DefaultDynamicEvent_Example1' (CrateType: 'BS_Hacked_Crate')
2025-11-25 14:01:50 [INFO] CrateSpawner: Skipping ConfigUniqueID 'DefaultDynamicEvent_Example1'. Players required: 1, Current: 0
2025-11-25 14:01:50 [INFO] OnCrateSpawnTickPeriodic - Management Tick finished. Next check in 3600 seconds.
2025-11-25 15:01:50 [INFO] --------------------------------------------------------------------------
2025-11-25 15:01:50 [INFO] OnCrateSpawnTickPeriodic - Management Tick received. Evaluating individual crate configs...
2025-11-25 15:01:50 [INFO] --------------------------------------------------------------------------
2025-11-25 15:01:50 [INFO] Config 'DefaultDynamicEvent_Example1' is due for a check. Processing...
2025-11-25 15:01:50 [INFO] CrateSpawner: Processing ConfigUniqueID: 'DefaultDynamicEvent_Example1' (CrateType: 'BS_Hacked_Crate')
2025-11-25 15:01:50 [INFO] CrateSpawner: Skipping ConfigUniqueID 'DefaultDynamicEvent_Example1'. Players required: 1, Current: 0
2025-11-25 15:01:50 [INFO] OnCrateSpawnTickPeriodic - Management Tick finished. Next check in 3600 seconds.
2025-11-25 16:01:50 [INFO] --------------------------------------------------------------------------
2025-11-25 16:01:50 [INFO] OnCrateSpawnTickPeriodic - Management Tick received. Evaluating individual crate configs...
2025-11-25 16:01:50 [INFO] --------------------------------------------------------------------------
2025-11-25 16:01:50 [INFO] Config 'DefaultDynamicEvent_Example1' is due for a check. Processing...
2025-11-25 16:01:50 [INFO] CrateSpawner: Processing ConfigUniqueID: 'DefaultDynamicEvent_Example1' (CrateType: 'BS_Hacked_Crate')
2025-11-25 16:01:50 [INFO] CrateSpawner: Skipping ConfigUniqueID 'DefaultDynamicEvent_Example1'. Players required: 1, Current: 0
2025-11-25 16:01:50 [INFO] OnCrateSpawnTickPeriodic - Management Tick finished. Next check in 3600 seconds.
2025-11-25 17:01:50 [INFO] --------------------------------------------------------------------------
2025-11-25 17:01:50 [INFO] OnCrateSpawnTickPeriodic - Management Tick received. Evaluating individual crate configs...
2025-11-25 17:01:50 [INFO] --------------------------------------------------------------------------
2025-11-25 17:01:50 [INFO] Config 'DefaultDynamicEvent_Example1' is due for a check. Processing...
2025-11-25 17:01:50 [INFO] CrateSpawner: Processing ConfigUniqueID: 'DefaultDynamicEvent_Example1' (CrateType: 'BS_Hacked_Crate')
2025-11-25 17:01:50 [INFO] CrateSpawner: Skipping ConfigUniqueID 'DefaultDynamicEvent_Example1'. Players required: 1, Current: 0
2025-11-25 17:01:50 [INFO] OnCrateSpawnTickPeriodic - Management Tick finished. Next check in 3600 seconds.
2025-11-25 18:01:50 [INFO] --------------------------------------------------------------------------
2025-11-25 18:01:50 [INFO] OnCrateSpawnTickPeriodic - Management Tick received. Evaluating individual crate configs...
2025-11-25 18:01:50 [INFO] --------------------------------------------------------------------------
2025-11-25 18:01:50 [INFO] Config 'DefaultDynamicEvent_Example1' is due for a check. Processing...
2025-11-25 18:01:50 [INFO] CrateSpawner: Processing ConfigUniqueID: 'DefaultDynamicEvent_Example1' (CrateType: 'BS_Hacked_Crate')
2025-11-25 18:01:50 [INFO] CrateSpawner: Skipping ConfigUniqueID 'DefaultDynamicEvent_Example1'. Players required: 1, Current: 0
2025-11-25 18:01:50 [INFO] OnCrateSpawnTickPeriodic - Management Tick finished. Next check in 3600 seconds.
2025-11-25 19:01:50 [INFO] --------------------------------------------------------------------------
2025-11-25 19:01:50 [INFO] OnCrateSpawnTickPeriodic - Management Tick received. Evaluating individual crate configs...
2025-11-25 19:01:50 [INFO] --------------------------------------------------------------------------
2025-11-25 19:01:50 [INFO] Config 'DefaultDynamicEvent_Example1' is due for a check. Processing...
2025-11-25 19:01:50 [INFO] CrateSpawner: Processing ConfigUniqueID: 'DefaultDynamicEvent_Example1' (CrateType: 'BS_Hacked_Crate')
2025-11-25 19:01:50 [INFO] CrateSpawner: Skipping ConfigUniqueID 'DefaultDynamicEvent_Example1'. Players required: 1, Current: 0
2025-11-25 19:01:50 [INFO] OnCrateSpawnTickPeriodic - Management Tick finished. Next check in 3600 seconds.
2025-11-25 20:01:50 [INFO] --------------------------------------------------------------------------
2025-11-25 20:01:50 [INFO] OnCrateSpawnTickPeriodic - Management Tick received. Evaluating individual crate configs...
2025-11-25 20:01:50 [INFO] --------------------------------------------------------------------------
2025-11-25 20:01:50 [INFO] Config 'DefaultDynamicEvent_Example1' is due for a check. Processing...
2025-11-25 20:01:50 [INFO] CrateSpawner: Processing ConfigUniqueID: 'DefaultDynamicEvent_Example1' (CrateType: 'BS_Hacked_Crate')
2025-11-25 20:01:50 [INFO] CrateSpawner: Skipping ConfigUniqueID 'DefaultDynamicEvent_Example1'. Players required: 1, Current: 0
2025-11-25 20:01:50 [INFO] OnCrateSpawnTickPeriodic - Management Tick finished. Next check in 3600 seconds.
2025-11-25 21:01:50 [INFO] --------------------------------------------------------------------------
2025-11-25 21:01:50 [INFO] OnCrateSpawnTickPeriodic - Management Tick received. Evaluating individual crate configs...
2025-11-25 21:01:50 [INFO] --------------------------------------------------------------------------
2025-11-25 21:01:50 [INFO] Config 'DefaultDynamicEvent_Example1' is due for a check. Processing...
2025-11-25 21:01:50 [INFO] CrateSpawner: Processing ConfigUniqueID: 'DefaultDynamicEvent_Example1' (CrateType: 'BS_Hacked_Crate')
2025-11-25 21:01:50 [INFO] CrateSpawner: Skipping ConfigUniqueID 'DefaultDynamicEvent_Example1'. Players required: 1, Current: 0
2025-11-25 21:01:50 [INFO] OnCrateSpawnTickPeriodic - Management Tick finished. Next check in 3600 seconds.
2025-11-25 22:01:50 [INFO] --------------------------------------------------------------------------
2025-11-25 22:01:50 [INFO] OnCrateSpawnTickPeriodic - Management Tick received. Evaluating individual crate configs...
2025-11-25 22:01:50 [INFO] --------------------------------------------------------------------------
2025-11-25 22:01:50 [INFO] Config 'DefaultDynamicEvent_Example1' is due for a check. Processing...
2025-11-25 22:01:50 [INFO] CrateSpawner: Processing ConfigUniqueID: 'DefaultDynamicEvent_Example1' (CrateType: 'BS_Hacked_Crate')
2025-11-25 22:01:50 [INFO] CrateSpawner: Skipping ConfigUniqueID 'DefaultDynamicEvent_Example1'. Players required: 1, Current: 0
2025-11-25 22:01:50 [INFO] OnCrateSpawnTickPeriodic - Management Tick finished. Next check in 3600 seconds.
