2025-11-23 05:00:53 [INFO] OnInit - Initializing Bastardos Hacked Crates System...
2025-11-23 05:00:53 [INFO] OnInit - Loading Hacked Crate Loot Configuration (loot_pools.json)...
2025-11-23 05:00:53 [INFO] [BSHCLootPoolConfig] Found loot_pools.json at: $profile:\Bastardo_HC\loot_pools.json
2025-11-23 05:00:53 [INFO] [BSHCLootPoolConfig] JsonLoadFile executed. Loaded 2 categories defined in the root.
2025-11-23 05:00:53 [INFO] [BSHCLootPoolConfig] Category 'DefaultArmaments' has 1 loot pools.
2025-11-23 05:00:53 [INFO] [BSHCLootPoolConfig] Category 'DefaultMedical' has 1 loot pools.
2025-11-23 05:00:53 [INFO] OnInit - Hacked Crate Loot Configuration processed successfully.
2025-11-23 05:00:53 [INFO] OnInit - Loading Hacked Crate settings (global, static, dynamic)...
2025-11-23 05:00:53 [INFO] CrateManagement instance created with default grace period and tick interval.
2025-11-23 05:00:53 [INFO] [BSHCGlobalServerSettings] Loading from: $profile:\Bastardo_HC\BS_Global_settings.json
2025-11-23 05:00:53 [INFO] [CrateConfigManager] Re-saved static_crates.json to include any new options.
2025-11-23 05:00:53 [INFO] [CrateConfigManager] Re-saved dynamic_crates.json to include any new options.
2025-11-23 05:00:53 [INFO] [CrateConfigManager] Static CrateManagement has been set.
2025-11-23 05:00:53 [INFO] CrateSpawner instance created.
2025-11-23 05:00:53 [INFO] OnInit - Crate Spawner created. Grace Period: 5 minutes. Periodic Tick: 3600 seconds.
2025-11-23 05:00:53 [INFO] OnInit - Bastardos Hacked Crates System Initialization sequence finished.
2025-11-23 05:01:00 [INFO] OnMissionStart - Server mission started. Scheduling Hacked Crate cleanup and initial spawn setup.
2025-11-23 05:01:00 [INFO] OnMissionStart - Immediate STATIC Crate spawn scheduled in 15 seconds.
2025-11-23 05:01:00 [INFO] OnMissionStart - Initial DYNAMIC Crate spawn scheduled in approx. 320 seconds.
2025-11-23 05:01:00 [INFO] OnMissionStart - Scheduling first PERIODIC Crate Spawn Tick in approx. 3600 seconds.
2025-11-23 05:01:17 [INFO] Inventory for BS_Hacked_Crate LOCKED. IsOpen: false LootAccessActionDone: false
2025-11-23 05:01:17 [INFO] OnStoreLoad: m_ConfigUniqueID_Persist set from storage to: 'DefaultDynamicEvent_Example1' for BS_Hacked_Crate<2990786>
2025-11-23 05:01:17 [INFO] OnStoreLoad: FINISHED loading raw data into member variables for BS_Hacked_Crate<2990786>
2025-11-23 05:01:31 [INFO] DeferredEEInitLogic: START for BS_Hacked_Crate<2990786>. m_LoadedExpansionMarkerUID (should be from OnStoreLoad) is ''. Current m_ExpansionMarkerUID (active) is ''
2025-11-23 05:01:31 [INFO] GetCrateSettings: m_CrateSettings_Instance is NULL for BS_Hacked_Crate<2990786>. Calling AttemptToReacquireSettings().
2025-11-23 05:01:31 [INFO] HackedCrate_Base (BS_Hacked_Crate): Attempting to re-acquire CrateSettings. Persisted ConfigUniqueID is: 'DefaultDynamicEvent_Example1'
2025-11-23 05:01:31 [INFO] HackedCrate_Base (BS_Hacked_Crate): Instance specific CrateSettings assigned. ConfigUniqueID: DefaultDynamicEvent_Example1
2025-11-23 05:01:31 [INFO] HackedCrate_Base (BS_Hacked_Crate): Successfully re-acquired CrateSettings by persisted ConfigUniqueID 'DefaultDynamicEvent_Example1'.
2025-11-23 05:01:31 [INFO] DeferredEEInitLogic: Settings acquired successfully for BS_Hacked_Crate<2990786>.
2025-11-23 05:01:31 [INFO] DeferredEEInitLogic: AG DEBUG for BS_Hacked_Crate<2990786>
2025-11-23 05:01:31 [INFO] BSHC_AG_DEBUG: BSHC_CreateAdvancedGroupsMapMarker call.
2025-11-23 05:01:31 [INFO] BSHC_AG_DEBUG: Final Marker Name: '#STR_BSHC_HackedCrate_DisplayName'
2025-11-23 05:01:31 [INFO] BSHC_AG_DEBUG: Trying to create AG marker with name: #STR_BSHC_HackedCrate_DisplayName, Pos: <4553.689941, 317.975006, 8352.099609>, Icon: BS_HackedCrate/gui/iconcrate.paa, Color: -65536, ShowOnMap: true, ShowInWorld: true
2025-11-23 05:01:31 [INFO] BSHC_AG_DEBUG: LBStaticMarkerManager.Get is accessible.
2025-11-23 05:01:31 [INFO] BSHC_AG_DEBUG: Created AG marker (UID: 1131906892) for BS_Hacked_Crate
2025-11-23 05:01:31 [INFO] DeferredEEInitLogic: Final m_LootAccessActionDone for BS_Hacked_Crate<2990786> is: false
2025-11-23 05:01:31 [INFO] Inventory for BS_Hacked_Crate LOCKED. IsOpen: false LootAccessActionDone: false
2025-11-23 05:01:31 [INFO] DeferredEEInitLogic: FINISHED for BS_Hacked_Crate<2990786>
2025-11-23 05:01:31 [INFO] DeferredEEInitLogic: Re-added persistent crate BS_Hacked_Crate to g_ActiveHackedCrates list.
2025-11-23 05:02:00 [INFO] DeleteHackedCratesFromKnownLocations - Starting cleanup of Hacked Crates from KNOWN SPAWN LOCATIONS as defined in configurations...
2025-11-23 05:02:00 [INFO] DeleteHackedCratesFromKnownLocations - Deleting INACTIVE: BS_Hacked_Crate (ID: 2990786) found at configured spawn Pos: <4553.689941, 317.975006, 8352.099609> for CrateType BS_Hacked_Crate
2025-11-23 05:02:00 [INFO] EEDelete called for BS_Hacked_Crate at <4553.689941, 317.975006, 8352.099609>
2025-11-23 05:02:00 [INFO] EXP_REMOVE_DEBUG: Attempting RemoveExpansionMapMarker. Context: EEDelete. Current UID: '' for BS_Hacked_Crate<2990786>
2025-11-23 05:02:00 [INFO] EXP_REMOVE_DEBUG: EXPANSIONMODNAVIGATION NOT defined. Cannot remove marker. Context: EEDelete for BS_Hacked_Crate<2990786>
2025-11-23 05:02:00 [INFO] BSHC_AG_DEBUG: BSHC_RemoveAdvancedGroupsMapMarker called.
2025-11-23 05:02:00 [INFO] BSHC_AG_DEBUG: Removing AG marker UID: 1131906892
2025-11-23 05:02:00 [INFO] BSHC_AG_DEBUG: AG marker UID 1131906892 successfully removed.
2025-11-23 05:02:00 [INFO] HackedCrate (BS_Hacked_Crate): Sending RPC Notification. Type: DESPAWN, Key: #STR_BSHC_Notification_Despawn_Located
2025-11-23 05:02:00 [INFO] EEDelete: Removed BS_Hacked_Crate from g_ActiveHackedCrates. Remaining count: 0
2025-11-23 05:02:00 [INFO] DeleteHackedCratesFromKnownLocations - Cleanup from known locations finished. Total inactive Hacked Crates (matching type and location) deleted: 1
2025-11-23 05:02:04 [INFO] PerformImmediateStaticSpawn - Calling CrateSpawner to setup STATIC Hacked Crates...
2025-11-23 05:02:04 [INFO] CrateSpawner: ------------- Starting IMMEDIATE STATIC Spawn Pass -------------
2025-11-23 05:02:04 [INFO] CrateSpawner: Processing IMMEDIATE STATIC for ConfigUniqueID: 'DefaultStaticEvent_Example1'.
2025-11-23 05:02:04 [INFO] SpawnStaticCrates: Processing 1 static locations for ConfigUniqueID: 'DefaultStaticEvent_Example1'.
2025-11-23 05:02:04 [INFO] SpawnStaticCrates: Location <2471.820068, 193.177002, 5114.220215> is free. Attempting to spawn crate.
2025-11-23 05:02:04 [INFO] Inventory for BS_Hacked_Crate LOCKED. IsOpen: false LootAccessActionDone: false
2025-11-23 05:02:04 [INFO] HackedCrate_Base (BS_Hacked_Crate): Instance specific CrateSettings assigned. ConfigUniqueID: DefaultStaticEvent_Example1
2025-11-23 05:02:04 [INFO] [SpawnAIAroundCrate] Spawning 2 AI(s) next to the crate.
2025-11-23 05:02:04 [INFO] [SpawnAIAroundCrate] Successfully spawned ZmbM_SoldierNormal at <2454.550781, 192.904236, 5101.800781>
2025-11-23 05:02:04 [INFO] [SpawnAIAroundCrate] Successfully spawned ZmbM_SoldierNormal at <2457.453613, 193.240860, 5118.156250>
2025-11-23 05:02:04 [INFO] CrateSpawner: ------------- Finished IMMEDIATE STATIC Spawn Pass -------------
2025-11-23 05:02:05 [INFO] DeferredEEInitLogic: START for BS_Hacked_Crate<3009515>. m_LoadedExpansionMarkerUID (should be from OnStoreLoad) is ''. Current m_ExpansionMarkerUID (active) is ''
2025-11-23 05:02:05 [INFO] DeferredEEInitLogic: Settings acquired successfully for BS_Hacked_Crate<3009515>.
2025-11-23 05:02:05 [INFO] DeferredEEInitLogic: m_ExpansionMarkerUID is empty. Calling CreateExpansionMapMarker for BS_Hacked_Crate<3009515>.
2025-11-23 05:02:05 [INFO] EXP_DEBUG: Inside CreateExpansionMapMarker for BS_Hacked_Crate.UseExpansionMapMarker is true.
2025-11-23 05:02:05 [INFO] EXP_DEBUG: EXPANSIONMODNAVIGATION is NOT defined. No Expansion marker will be created.
2025-11-23 05:02:05 [INFO] DeferredEEInitLogic: AG DEBUG for BS_Hacked_Crate<3009515>
2025-11-23 05:02:05 [INFO] BSHC_AG_DEBUG: BSHC_CreateAdvancedGroupsMapMarker call.
2025-11-23 05:02:05 [INFO] BSHC_AG_DEBUG: Final Marker Name: '#STR_BSHC_HackedCrate_DisplayName'
2025-11-23 05:02:05 [INFO] BSHC_AG_DEBUG: Trying to create AG marker with name: #STR_BSHC_HackedCrate_DisplayName, Pos: <2471.820068, 193.177002, 5114.220215>, Icon: BS_HackedCrate/gui/iconcrate.paa, Color: -65536, ShowOnMap: true, ShowInWorld: true
2025-11-23 05:02:05 [INFO] BSHC_AG_DEBUG: LBStaticMarkerManager.Get is accessible.
2025-11-23 05:02:05 [INFO] BSHC_AG_DEBUG: Created AG marker (UID: 1140033603) for BS_Hacked_Crate
2025-11-23 05:02:05 [INFO] DeferredEEInitLogic: Final m_LootAccessActionDone for BS_Hacked_Crate<3009515> is: false
2025-11-23 05:02:05 [INFO] Inventory for BS_Hacked_Crate LOCKED. IsOpen: false LootAccessActionDone: false
2025-11-23 05:02:05 [INFO] DeferredEEInitLogic: FINISHED for BS_Hacked_Crate<3009515>
2025-11-23 05:07:09 [INFO] PerformInitialDynamicSpawn - Grace period ended. Calling CrateSpawner to setup initial DYNAMIC Hacked Crates...
2025-11-23 05:07:09 [INFO] CrateSpawner: ------------- Starting INITIAL DYNAMIC Spawn Pass (Post-Grace) -------------
2025-11-23 05:07:09 [INFO] CrateSpawner: Current server population for dynamic spawn: 1 players.
2025-11-23 05:07:09 [INFO] CrateSpawner: Processing DYNAMIC for ConfigUniqueID: 'DefaultDynamicEvent_Example1'.
2025-11-23 05:07:09 [INFO] CrateSpawner: Attempting to spawn 1 for ConfigUniqueID: 'DefaultDynamicEvent_Example1'.
2025-11-23 05:07:09 [INFO] SpawnRandomCrates: Attempting to spawn 1 of type 'BS_Hacked_Crate' with ConfigUniqueID 'DefaultDynamicEvent_Example1'.
2025-11-23 05:07:09 [INFO] SpawnRandomCrates: Shuffled list for 'DefaultDynamicEvent_Example1' is empty or non-existent. Regenerating and shuffling.
2025-11-23 05:07:09 [INFO] CrateSpawner: Sending spawn warning for 'BS_Hacked_Crate' at VMC
2025-11-23 05:07:09 [INFO] CrateSpawner: Added to pending list for ConfigUniqueID 'DefaultDynamicEvent_Example1'. New pending count: 1
2025-11-23 05:07:09 [INFO] CrateSpawner: ------------- Finished INITIAL DYNAMIC Spawn Pass -------------
2025-11-23 05:11:37 [INFO] BSHC_AG_DEBUG: BSHC_RemoveAdvancedGroupsMapMarker called.
2025-11-23 05:11:37 [INFO] BSHC_AG_DEBUG: Removing AG marker UID: 1140033603
2025-11-23 05:11:37 [INFO] BSHC_AG_DEBUG: AG marker UID 1140033603 successfully removed.
2025-11-23 05:11:37 [INFO] HackedCrate (BS_Hacked_Crate): Sending RPC Notification. Type: START, Key: #STR_BSHC_Notification_Start_Located
2025-11-23 05:13:04 [INFO] BSHC_AG_DEBUG: BSHC_RemoveAdvancedGroupsMapMarker called.
2025-11-23 05:13:04 [INFO] BSHC_AG_DEBUG: Removing AG marker UID: 1912792089
2025-11-23 05:13:04 [INFO] BSHC_AG_DEBUG: AG marker UID 1912792089 successfully removed.
2025-11-23 05:14:34 [INFO] BSHC_AG_DEBUG: BSHC_RemoveAdvancedGroupsMapMarker called.
2025-11-23 05:14:34 [INFO] BSHC_AG_DEBUG: Removing AG marker UID: 1888805184
2025-11-23 05:14:34 [INFO] BSHC_AG_DEBUG: AG marker UID 1888805184 successfully removed.
2025-11-23 05:16:04 [INFO] BSHC_AG_DEBUG: BSHC_RemoveAdvancedGroupsMapMarker called.
2025-11-23 05:16:04 [INFO] BSHC_AG_DEBUG: Removing AG marker UID: 823419555
2025-11-23 05:16:04 [INFO] BSHC_AG_DEBUG: AG marker UID 823419555 successfully removed.
2025-11-23 05:17:09 [INFO] SpawnCrateAfterWarning: Timer finished. Spawning crate BS_Hacked_Crate. Removed from pending list. New pending count: 0
2025-11-23 05:17:09 [INFO] Inventory for BS_Hacked_Crate LOCKED. IsOpen: false LootAccessActionDone: false
2025-11-23 05:17:09 [INFO] HackedCrate_Base (BS_Hacked_Crate): Instance specific CrateSettings assigned. ConfigUniqueID: DefaultDynamicEvent_Example1
2025-11-23 05:17:09 [INFO] CrateSpawner: Standard Notification RPC sent. Key: #STR_BSHC_Notification_Spawn_Located
2025-11-23 05:17:09 [INFO] [SpawnAIAroundCrate] Spawning 3 AI(s) next to the crate.
2025-11-23 05:17:09 [INFO] [SpawnAIAroundCrate] Successfully spawned ZmbM_SoldierNormal at <4555.248047, 317.985504, 8341.380859>
2025-11-23 05:17:09 [INFO] [SpawnAIAroundCrate] Successfully spawned ZmbM_SoldierNormal at <4544.998535, 317.984436, 8359.156250>
2025-11-23 05:17:09 [INFO] [SpawnAIAroundCrate] Successfully spawned ZmbM_SoldierNormal at <4572.958984, 317.897919, 8350.666992>
2025-11-23 05:17:10 [INFO] DeferredEEInitLogic: START for BS_Hacked_Crate<3015959>. m_LoadedExpansionMarkerUID (should be from OnStoreLoad) is ''. Current m_ExpansionMarkerUID (active) is ''
2025-11-23 05:17:10 [INFO] DeferredEEInitLogic: Settings acquired successfully for BS_Hacked_Crate<3015959>.
2025-11-23 05:17:10 [INFO] DeferredEEInitLogic: AG DEBUG for BS_Hacked_Crate<3015959>
2025-11-23 05:17:10 [INFO] BSHC_AG_DEBUG: BSHC_CreateAdvancedGroupsMapMarker call.
2025-11-23 05:17:10 [INFO] BSHC_AG_DEBUG: Final Marker Name: '#STR_BSHC_HackedCrate_DisplayName'
2025-11-23 05:17:10 [INFO] BSHC_AG_DEBUG: Trying to create AG marker with name: #STR_BSHC_HackedCrate_DisplayName, Pos: <4553.689941, 317.975006, 8352.099609>, Icon: BS_HackedCrate/gui/iconcrate.paa, Color: -65536, ShowOnMap: true, ShowInWorld: true
2025-11-23 05:17:10 [INFO] BSHC_AG_DEBUG: LBStaticMarkerManager.Get is accessible.
2025-11-23 05:17:10 [INFO] BSHC_AG_DEBUG: Created AG marker (UID: 1470738321) for BS_Hacked_Crate
2025-11-23 05:17:10 [INFO] DeferredEEInitLogic: Final m_LootAccessActionDone for BS_Hacked_Crate<3015959> is: false
2025-11-23 05:17:10 [INFO] Inventory for BS_Hacked_Crate LOCKED. IsOpen: false LootAccessActionDone: false
2025-11-23 05:17:10 [INFO] DeferredEEInitLogic: FINISHED for BS_Hacked_Crate<3015959>
2025-11-23 05:17:34 [INFO] BSHC_AG_DEBUG: BSHC_RemoveAdvancedGroupsMapMarker called.
2025-11-23 05:17:34 [INFO] BSHC_AG_DEBUG: Removing AG marker UID: 481442303
2025-11-23 05:17:34 [INFO] BSHC_AG_DEBUG: AG marker UID 481442303 successfully removed.
2025-11-23 05:19:04 [INFO] BSHC_AG_DEBUG: BSHC_RemoveAdvancedGroupsMapMarker called.
2025-11-23 05:19:04 [INFO] BSHC_AG_DEBUG: Removing AG marker UID: 1283627348
2025-11-23 05:19:04 [INFO] BSHC_AG_DEBUG: AG marker UID 1283627348 successfully removed.
2025-11-23 05:20:34 [INFO] BSHC_AG_DEBUG: BSHC_RemoveAdvancedGroupsMapMarker called.
2025-11-23 05:20:34 [INFO] BSHC_AG_DEBUG: Removing AG marker UID: 778722643
2025-11-23 05:20:34 [INFO] BSHC_AG_DEBUG: AG marker UID 778722643 successfully removed.
2025-11-23 05:22:04 [INFO] BSHC_AG_DEBUG: BSHC_RemoveAdvancedGroupsMapMarker called.
2025-11-23 05:22:04 [INFO] BSHC_AG_DEBUG: Removing AG marker UID: 793403154
2025-11-23 05:22:04 [INFO] BSHC_AG_DEBUG: AG marker UID 793403154 successfully removed.
2025-11-23 05:23:34 [INFO] BSHC_AG_DEBUG: BSHC_RemoveAdvancedGroupsMapMarker called.
2025-11-23 05:23:34 [INFO] BSHC_AG_DEBUG: Removing AG marker UID: 1952770266
2025-11-23 05:23:34 [INFO] BSHC_AG_DEBUG: AG marker UID 1952770266 successfully removed.
2025-11-23 05:25:04 [INFO] BSHC_AG_DEBUG: BSHC_RemoveAdvancedGroupsMapMarker called.
2025-11-23 05:25:04 [INFO] BSHC_AG_DEBUG: Removing AG marker UID: 539508965
2025-11-23 05:25:04 [INFO] BSHC_AG_DEBUG: AG marker UID 539508965 successfully removed.
2025-11-23 05:26:34 [INFO] BSHC_AG_DEBUG: BSHC_RemoveAdvancedGroupsMapMarker called.
2025-11-23 05:26:34 [INFO] BSHC_AG_DEBUG: Removing AG marker UID: 1357619743
2025-11-23 05:26:34 [INFO] BSHC_AG_DEBUG: AG marker UID 1357619743 successfully removed.
2025-11-23 05:26:38 [INFO] BSHC_AG_DEBUG: BSHC_RemoveAdvancedGroupsMapMarker called.
2025-11-23 05:26:38 [INFO] BSHC_AG_DEBUG: Removing AG marker UID: 1719061779
2025-11-23 05:26:38 [INFO] BSHC_AG_DEBUG: AG marker UID 1719061779 successfully removed.
2025-11-23 05:26:38 [INFO] Crate BS_Hacked_Crate requires access action (RequireAccessAction: true). Loot access pending.
2025-11-23 05:26:38 [INFO] Unlocking crate & attempting to spawn loot at <2471.820068, 193.177002, 5114.220215> for crate type: BS_Hacked_Crate
2025-11-23 05:26:38 [INFO] Temporarily unlocking inventory for loot spawn for BS_Hacked_Crate
2025-11-23 05:26:38 [INFO] Spawning loot from JSON pools for crate: BS_Hacked_Crate. Using defined LootCategoriesToUse: 1 categories.
2025-11-23 05:26:38 [INFO] Processing category from CrateSettings: 'DefaultMedical' for crate BS_Hacked_Crate
2025-11-23 05:26:38 [INFO]   - Selected Pool: 'Basic_Medical_Supplies' (Weight/Probability: 0.8) for crate BS_Hacked_Crate
2025-11-23 05:26:38 [INFO]     - Pool Min/Max items for 'Basic_Medical_Supplies': 2/2 (Clamped for pool size 2)
2025-11-23 05:26:38 [INFO]     - Calculated Count To Spawn from this pool 'Basic_Medical_Supplies': 2
2025-11-23 05:26:38 [INFO]     - Attempting to spawn 2 weighted random items from pool 'Basic_Medical_Supplies':
2025-11-23 05:26:38 [INFO]       - Spawning Item 1/2: BandageDressing (Original Probability in Pool: 1.5) for crate BS_Hacked_Crate
2025-11-23 05:26:38 [INFO]         -> Spawned base item OK: BandageDressing
2025-11-23 05:26:38 [INFO]       - Spawning Item 2/2: PainkillerTablets (Original Probability in Pool: 0.5) for crate BS_Hacked_Crate
2025-11-23 05:26:38 [INFO]         -> Spawned base item OK: PainkillerTablets
2025-11-23 05:26:38 [INFO] Inventory for BS_Hacked_Crate LOCKED. IsOpen: true LootAccessActionDone: false
2025-11-23 05:26:38 [INFO] Inventory lock state re-evaluated for BS_Hacked_Crate. Should be LOCKED if RequireAccessAction is true and action not yet performed.
2025-11-23 05:26:38 [INFO] Loot spawning process finished for crate at <2471.820068, 193.177002, 5114.220215>
2025-11-23 05:26:38 [INFO] HandlePostLootTimersAndDespawn (BS_Hacked_Crate): Advanced Groups marker (UID: 1390978582) will be handled by EEDelete or specific despawn logic.
2025-11-23 05:26:38 [INFO] HandlePostLootTimersAndDespawn (BS_Hacked_Crate): Scheduling auto-despawn in 1800s (30 minutes).
2025-11-23 05:26:38 [INFO] StartAutoDespawnTimer: Auto-despawn timer started for BS_Hacked_Crate<a1ef4f40>. Will delete in 1800s.
2025-11-23 05:26:38 [INFO] HackedCrate (BS_Hacked_Crate): Sending RPC Notification. Type: END, Key: #STR_BSHC_Notification_End_Located
2025-11-23 05:26:38 [INFO] Hack finished: BS_Hacked_Crate at <2471.820068, 193.177002, 5114.220215>
2025-11-23 05:26:43 [INFO] Inventory for BS_Hacked_Crate UNLOCKED. IsOpen: true LootAccessActionDone: true
2025-11-23 05:26:43 [INFO] Player crusher43 accessed loot in HackedCrate: <2471.820068, 193.177002, 5114.220215>
2025-11-23 05:57:06 [INFO] DeleteCrateScheduled: Auto-despawn timer finished for BS_Hacked_Crate<a1ef4f40>. Deleting crate now.
2025-11-23 05:57:06 [INFO] EXP_REMOVE_DEBUG: Attempting RemoveExpansionMapMarker. Context: UnknownContext. Current UID: '' for BS_Hacked_Crate<3009515>
2025-11-23 05:57:06 [INFO] EXP_REMOVE_DEBUG: EXPANSIONMODNAVIGATION NOT defined. Cannot remove marker. Context: UnknownContext for BS_Hacked_Crate<3009515>
2025-11-23 05:57:06 [INFO] EEDelete called for BS_Hacked_Crate at <2471.820068, 193.177002, 5114.220215>
2025-11-23 05:57:06 [INFO] EXP_REMOVE_DEBUG: Attempting RemoveExpansionMapMarker. Context: EEDelete. Current UID: '' for BS_Hacked_Crate<3009515>
2025-11-23 05:57:06 [INFO] EXP_REMOVE_DEBUG: EXPANSIONMODNAVIGATION NOT defined. Cannot remove marker. Context: EEDelete for BS_Hacked_Crate<3009515>
2025-11-23 05:57:06 [INFO] BSHC_AG_DEBUG: BSHC_RemoveAdvancedGroupsMapMarker called.
2025-11-23 05:57:06 [INFO] BSHC_AG_DEBUG: Removing AG marker UID: 1390978582
2025-11-23 05:57:06 [INFO] BSHC_AG_DEBUG: AG marker UID 1390978582 successfully removed.
2025-11-23 05:57:06 [INFO] HackedCrate (BS_Hacked_Crate): Sending RPC Notification. Type: DESPAWN, Key: #STR_BSHC_Notification_Despawn_Located
2025-11-23 05:57:06 [INFO] EEDelete: Removed BS_Hacked_Crate from g_ActiveHackedCrates. Remaining count: 1
2025-11-23 06:01:50 [INFO] --------------------------------------------------------------------------
2025-11-23 06:01:50 [INFO] OnCrateSpawnTickPeriodic - Management Tick received. Evaluating individual crate configs...
2025-11-23 06:01:50 [INFO] --------------------------------------------------------------------------
2025-11-23 06:01:50 [INFO] Config 'DefaultDynamicEvent_Example1' is due for a check. Processing...
2025-11-23 06:01:50 [INFO] CrateSpawner: Processing ConfigUniqueID: 'DefaultDynamicEvent_Example1' (CrateType: 'BS_Hacked_Crate')
2025-11-23 06:01:50 [INFO] CrateSpawner: Skipping ConfigUniqueID 'DefaultDynamicEvent_Example1'. Players required: 1, Current: 0
2025-11-23 06:01:50 [INFO] OnCrateSpawnTickPeriodic - Management Tick finished. Next check in 3600 seconds.
2025-11-23 07:01:50 [INFO] --------------------------------------------------------------------------
2025-11-23 07:01:50 [INFO] OnCrateSpawnTickPeriodic - Management Tick received. Evaluating individual crate configs...
2025-11-23 07:01:50 [INFO] --------------------------------------------------------------------------
2025-11-23 07:01:50 [INFO] Config 'DefaultDynamicEvent_Example1' is due for a check. Processing...
2025-11-23 07:01:50 [INFO] CrateSpawner: Processing ConfigUniqueID: 'DefaultDynamicEvent_Example1' (CrateType: 'BS_Hacked_Crate')
2025-11-23 07:01:50 [INFO] CrateSpawner: Skipping ConfigUniqueID 'DefaultDynamicEvent_Example1'. Players required: 1, Current: 0
2025-11-23 07:01:50 [INFO] OnCrateSpawnTickPeriodic - Management Tick finished. Next check in 3600 seconds.
2025-11-23 08:01:50 [INFO] --------------------------------------------------------------------------
2025-11-23 08:01:50 [INFO] OnCrateSpawnTickPeriodic - Management Tick received. Evaluating individual crate configs...
2025-11-23 08:01:50 [INFO] --------------------------------------------------------------------------
2025-11-23 08:01:50 [INFO] Config 'DefaultDynamicEvent_Example1' is due for a check. Processing...
2025-11-23 08:01:50 [INFO] CrateSpawner: Processing ConfigUniqueID: 'DefaultDynamicEvent_Example1' (CrateType: 'BS_Hacked_Crate')
2025-11-23 08:01:50 [INFO] CrateSpawner: Skipping ConfigUniqueID 'DefaultDynamicEvent_Example1'. Players required: 1, Current: 0
2025-11-23 08:01:50 [INFO] OnCrateSpawnTickPeriodic - Management Tick finished. Next check in 3600 seconds.
2025-11-23 09:01:50 [INFO] --------------------------------------------------------------------------
2025-11-23 09:01:50 [INFO] OnCrateSpawnTickPeriodic - Management Tick received. Evaluating individual crate configs...
2025-11-23 09:01:50 [INFO] --------------------------------------------------------------------------
2025-11-23 09:01:50 [INFO] Config 'DefaultDynamicEvent_Example1' is due for a check. Processing...
2025-11-23 09:01:50 [INFO] CrateSpawner: Processing ConfigUniqueID: 'DefaultDynamicEvent_Example1' (CrateType: 'BS_Hacked_Crate')
2025-11-23 09:01:50 [INFO] CrateSpawner: Skipping ConfigUniqueID 'DefaultDynamicEvent_Example1'. Players required: 1, Current: 0
2025-11-23 09:01:50 [INFO] OnCrateSpawnTickPeriodic - Management Tick finished. Next check in 3600 seconds.
2025-11-23 10:01:50 [INFO] --------------------------------------------------------------------------
2025-11-23 10:01:50 [INFO] OnCrateSpawnTickPeriodic - Management Tick received. Evaluating individual crate configs...
2025-11-23 10:01:50 [INFO] --------------------------------------------------------------------------
2025-11-23 10:01:50 [INFO] Config 'DefaultDynamicEvent_Example1' is due for a check. Processing...
2025-11-23 10:01:50 [INFO] CrateSpawner: Processing ConfigUniqueID: 'DefaultDynamicEvent_Example1' (CrateType: 'BS_Hacked_Crate')
2025-11-23 10:01:50 [INFO] CrateSpawner: Skipping ConfigUniqueID 'DefaultDynamicEvent_Example1'. Players required: 1, Current: 0
2025-11-23 10:01:50 [INFO] OnCrateSpawnTickPeriodic - Management Tick finished. Next check in 3600 seconds.
2025-11-23 11:01:50 [INFO] --------------------------------------------------------------------------
2025-11-23 11:01:50 [INFO] OnCrateSpawnTickPeriodic - Management Tick received. Evaluating individual crate configs...
2025-11-23 11:01:50 [INFO] --------------------------------------------------------------------------
2025-11-23 11:01:50 [INFO] Config 'DefaultDynamicEvent_Example1' is due for a check. Processing...
2025-11-23 11:01:50 [INFO] CrateSpawner: Processing ConfigUniqueID: 'DefaultDynamicEvent_Example1' (CrateType: 'BS_Hacked_Crate')
2025-11-23 11:01:50 [INFO] CrateSpawner: Skipping ConfigUniqueID 'DefaultDynamicEvent_Example1'. Players required: 1, Current: 0
2025-11-23 11:01:50 [INFO] OnCrateSpawnTickPeriodic - Management Tick finished. Next check in 3600 seconds.
2025-11-23 12:01:50 [INFO] --------------------------------------------------------------------------
2025-11-23 12:01:50 [INFO] OnCrateSpawnTickPeriodic - Management Tick received. Evaluating individual crate configs...
2025-11-23 12:01:50 [INFO] --------------------------------------------------------------------------
2025-11-23 12:01:50 [INFO] Config 'DefaultDynamicEvent_Example1' is due for a check. Processing...
2025-11-23 12:01:50 [INFO] CrateSpawner: Processing ConfigUniqueID: 'DefaultDynamicEvent_Example1' (CrateType: 'BS_Hacked_Crate')
2025-11-23 12:01:50 [INFO] CrateSpawner: Skipping ConfigUniqueID 'DefaultDynamicEvent_Example1'. Players required: 1, Current: 0
2025-11-23 12:01:50 [INFO] OnCrateSpawnTickPeriodic - Management Tick finished. Next check in 3600 seconds.
2025-11-23 13:01:50 [INFO] --------------------------------------------------------------------------
2025-11-23 13:01:50 [INFO] OnCrateSpawnTickPeriodic - Management Tick received. Evaluating individual crate configs...
2025-11-23 13:01:50 [INFO] --------------------------------------------------------------------------
2025-11-23 13:01:50 [INFO] Config 'DefaultDynamicEvent_Example1' is due for a check. Processing...
2025-11-23 13:01:50 [INFO] CrateSpawner: Processing ConfigUniqueID: 'DefaultDynamicEvent_Example1' (CrateType: 'BS_Hacked_Crate')
2025-11-23 13:01:50 [INFO] CrateSpawner: Skipping ConfigUniqueID 'DefaultDynamicEvent_Example1'. Players required: 1, Current: 0
2025-11-23 13:01:50 [INFO] OnCrateSpawnTickPeriodic - Management Tick finished. Next check in 3600 seconds.
2025-11-23 14:01:50 [INFO] --------------------------------------------------------------------------
2025-11-23 14:01:50 [INFO] OnCrateSpawnTickPeriodic - Management Tick received. Evaluating individual crate configs...
2025-11-23 14:01:50 [INFO] --------------------------------------------------------------------------
2025-11-23 14:01:50 [INFO] Config 'DefaultDynamicEvent_Example1' is due for a check. Processing...
2025-11-23 14:01:50 [INFO] CrateSpawner: Processing ConfigUniqueID: 'DefaultDynamicEvent_Example1' (CrateType: 'BS_Hacked_Crate')
2025-11-23 14:01:50 [INFO] CrateSpawner: Handling RANDOM for ConfigUniqueID: 'DefaultDynamicEvent_Example1'.
2025-11-23 14:01:50 [INFO] CrateSpawner: ConfigUniqueID 'DefaultDynamicEvent_Example1' - Existing: 1, Target Active: 1
2025-11-23 14:01:50 [INFO] OnCrateSpawnTickPeriodic - Management Tick finished. Next check in 3600 seconds.
2025-11-23 14:17:08 [INFO] EEDelete called for BS_Hacked_Crate at <4553.689941, 317.975006, 8352.099609>
2025-11-23 14:17:08 [INFO] EXP_REMOVE_DEBUG: Attempting RemoveExpansionMapMarker. Context: EEDelete. Current UID: '' for BS_Hacked_Crate<3015959>
2025-11-23 14:17:08 [INFO] EXP_REMOVE_DEBUG: EXPANSIONMODNAVIGATION NOT defined. Cannot remove marker. Context: EEDelete for BS_Hacked_Crate<3015959>
2025-11-23 14:17:08 [INFO] BSHC_AG_DEBUG: BSHC_RemoveAdvancedGroupsMapMarker called.
2025-11-23 14:17:08 [INFO] BSHC_AG_DEBUG: Removing AG marker UID: 1470738321
2025-11-23 14:17:08 [INFO] BSHC_AG_DEBUG: AG marker UID 1470738321 successfully removed.
2025-11-23 14:17:08 [INFO] HackedCrate (BS_Hacked_Crate): Sending RPC Notification. Type: DESPAWN, Key: #STR_BSHC_Notification_Despawn_Located
2025-11-23 14:17:08 [INFO] EEDelete: Removed BS_Hacked_Crate from g_ActiveHackedCrates. Remaining count: 0
2025-11-23 15:01:50 [INFO] --------------------------------------------------------------------------
2025-11-23 15:01:50 [INFO] OnCrateSpawnTickPeriodic - Management Tick received. Evaluating individual crate configs...
2025-11-23 15:01:50 [INFO] --------------------------------------------------------------------------
2025-11-23 15:01:50 [INFO] Config 'DefaultDynamicEvent_Example1' is due for a check. Processing...
2025-11-23 15:01:50 [INFO] CrateSpawner: Processing ConfigUniqueID: 'DefaultDynamicEvent_Example1' (CrateType: 'BS_Hacked_Crate')
2025-11-23 15:01:50 [INFO] CrateSpawner: Handling RANDOM for ConfigUniqueID: 'DefaultDynamicEvent_Example1'.
2025-11-23 15:01:50 [INFO] CrateSpawner: ConfigUniqueID 'DefaultDynamicEvent_Example1' - Existing: 0, Target Active: 1
2025-11-23 15:01:50 [INFO] CrateSpawner: Attempting to spawn 1 for ConfigUniqueID: 'DefaultDynamicEvent_Example1'.
2025-11-23 15:01:50 [INFO] SpawnRandomCrates: Attempting to spawn 1 of type 'BS_Hacked_Crate' with ConfigUniqueID 'DefaultDynamicEvent_Example1'.
2025-11-23 15:01:50 [INFO] CrateSpawner: Sending spawn warning for 'BS_Hacked_Crate' at Airfield
2025-11-23 15:01:50 [INFO] CrateSpawner: Added to pending list for ConfigUniqueID 'DefaultDynamicEvent_Example1'. New pending count: 1
2025-11-23 15:01:50 [INFO] OnCrateSpawnTickPeriodic - Management Tick finished. Next check in 3600 seconds.
2025-11-23 15:11:50 [INFO] SpawnCrateAfterWarning: Timer finished. Spawning crate BS_Hacked_Crate. Removed from pending list. New pending count: 0
2025-11-23 15:11:50 [INFO] Inventory for BS_Hacked_Crate LOCKED. IsOpen: false LootAccessActionDone: false
2025-11-23 15:11:50 [INFO] HackedCrate_Base (BS_Hacked_Crate): Instance specific CrateSettings assigned. ConfigUniqueID: DefaultDynamicEvent_Example1
2025-11-23 15:11:50 [INFO] CrateSpawner: Standard Notification RPC sent. Key: #STR_BSHC_Notification_Spawn_Located
2025-11-23 15:11:50 [INFO] [SpawnAIAroundCrate] Spawning 1 AI(s) next to the crate.
2025-11-23 15:11:50 [INFO] [SpawnAIAroundCrate] Successfully spawned ZmbM_SoldierNormal at <4743.345703, 339.000000, 10337.063477>
2025-11-23 15:11:50 [INFO] DeferredEEInitLogic: START for BS_Hacked_Crate<3025960>. m_LoadedExpansionMarkerUID (should be from OnStoreLoad) is ''. Current m_ExpansionMarkerUID (active) is ''
2025-11-23 15:11:50 [INFO] DeferredEEInitLogic: Settings acquired successfully for BS_Hacked_Crate<3025960>.
2025-11-23 15:11:50 [INFO] DeferredEEInitLogic: AG DEBUG for BS_Hacked_Crate<3025960>
2025-11-23 15:11:50 [INFO] BSHC_AG_DEBUG: BSHC_CreateAdvancedGroupsMapMarker call.
2025-11-23 15:11:50 [INFO] BSHC_AG_DEBUG: Final Marker Name: '#STR_BSHC_HackedCrate_DisplayName'
2025-11-23 15:11:50 [INFO] BSHC_AG_DEBUG: Trying to create AG marker with name: #STR_BSHC_HackedCrate_DisplayName, Pos: <4732.430176, 338.968994, 10350.200195>, Icon: BS_HackedCrate/gui/iconcrate.paa, Color: -65536, ShowOnMap: true, ShowInWorld: true
2025-11-23 15:11:50 [INFO] BSHC_AG_DEBUG: LBStaticMarkerManager.Get is accessible.
2025-11-23 15:11:50 [INFO] BSHC_AG_DEBUG: Created AG marker (UID: 254156540) for BS_Hacked_Crate
2025-11-23 15:11:50 [INFO] DeferredEEInitLogic: Final m_LootAccessActionDone for BS_Hacked_Crate<3025960> is: false
2025-11-23 15:11:50 [INFO] Inventory for BS_Hacked_Crate LOCKED. IsOpen: false LootAccessActionDone: false
2025-11-23 15:11:50 [INFO] DeferredEEInitLogic: FINISHED for BS_Hacked_Crate<3025960>
2025-11-23 16:01:50 [INFO] --------------------------------------------------------------------------
2025-11-23 16:01:50 [INFO] OnCrateSpawnTickPeriodic - Management Tick received. Evaluating individual crate configs...
2025-11-23 16:01:50 [INFO] --------------------------------------------------------------------------
2025-11-23 16:01:50 [INFO] Config 'DefaultDynamicEvent_Example1' is due for a check. Processing...
2025-11-23 16:01:50 [INFO] CrateSpawner: Processing ConfigUniqueID: 'DefaultDynamicEvent_Example1' (CrateType: 'BS_Hacked_Crate')
2025-11-23 16:01:50 [INFO] CrateSpawner: Handling RANDOM for ConfigUniqueID: 'DefaultDynamicEvent_Example1'.
2025-11-23 16:01:50 [INFO] CrateSpawner: ConfigUniqueID 'DefaultDynamicEvent_Example1' - Existing: 1, Target Active: 1
2025-11-23 16:01:50 [INFO] OnCrateSpawnTickPeriodic - Management Tick finished. Next check in 3600 seconds.
2025-11-23 16:04:45 [INFO] EEDelete called for BS_Hacked_Crate at <4732.430176, 338.968994, 10350.200195>
2025-11-23 16:04:45 [INFO] EXP_REMOVE_DEBUG: Attempting RemoveExpansionMapMarker. Context: EEDelete. Current UID: '' for BS_Hacked_Crate<3025960>
2025-11-23 16:04:45 [INFO] EXP_REMOVE_DEBUG: EXPANSIONMODNAVIGATION NOT defined. Cannot remove marker. Context: EEDelete for BS_Hacked_Crate<3025960>
2025-11-23 16:04:45 [INFO] BSHC_AG_DEBUG: BSHC_RemoveAdvancedGroupsMapMarker called.
2025-11-23 16:04:45 [INFO] BSHC_AG_DEBUG: Removing AG marker UID: 254156540
2025-11-23 16:04:45 [INFO] BSHC_AG_DEBUG: AG marker UID 254156540 successfully removed.
2025-11-23 16:04:45 [INFO] HackedCrate (BS_Hacked_Crate): Sending RPC Notification. Type: DESPAWN, Key: #STR_BSHC_Notification_Despawn_Located
2025-11-23 16:04:45 [INFO] EEDelete: Removed BS_Hacked_Crate from g_ActiveHackedCrates. Remaining count: 0
2025-11-23 17:01:50 [INFO] --------------------------------------------------------------------------
2025-11-23 17:01:50 [INFO] OnCrateSpawnTickPeriodic - Management Tick received. Evaluating individual crate configs...
2025-11-23 17:01:50 [INFO] --------------------------------------------------------------------------
2025-11-23 17:01:50 [INFO] Config 'DefaultDynamicEvent_Example1' is due for a check. Processing...
2025-11-23 17:01:50 [INFO] CrateSpawner: Processing ConfigUniqueID: 'DefaultDynamicEvent_Example1' (CrateType: 'BS_Hacked_Crate')
2025-11-23 17:01:50 [INFO] CrateSpawner: Skipping ConfigUniqueID 'DefaultDynamicEvent_Example1'. Players required: 1, Current: 0
2025-11-23 17:01:50 [INFO] OnCrateSpawnTickPeriodic - Management Tick finished. Next check in 3600 seconds.
2025-11-23 18:01:50 [INFO] --------------------------------------------------------------------------
2025-11-23 18:01:50 [INFO] OnCrateSpawnTickPeriodic - Management Tick received. Evaluating individual crate configs...
2025-11-23 18:01:50 [INFO] --------------------------------------------------------------------------
2025-11-23 18:01:50 [INFO] Config 'DefaultDynamicEvent_Example1' is due for a check. Processing...
2025-11-23 18:01:50 [INFO] CrateSpawner: Processing ConfigUniqueID: 'DefaultDynamicEvent_Example1' (CrateType: 'BS_Hacked_Crate')
2025-11-23 18:01:50 [INFO] CrateSpawner: Skipping ConfigUniqueID 'DefaultDynamicEvent_Example1'. Players required: 1, Current: 0
2025-11-23 18:01:50 [INFO] OnCrateSpawnTickPeriodic - Management Tick finished. Next check in 3600 seconds.
2025-11-23 19:01:50 [INFO] --------------------------------------------------------------------------
2025-11-23 19:01:50 [INFO] OnCrateSpawnTickPeriodic - Management Tick received. Evaluating individual crate configs...
2025-11-23 19:01:50 [INFO] --------------------------------------------------------------------------
2025-11-23 19:01:50 [INFO] Config 'DefaultDynamicEvent_Example1' is due for a check. Processing...
2025-11-23 19:01:50 [INFO] CrateSpawner: Processing ConfigUniqueID: 'DefaultDynamicEvent_Example1' (CrateType: 'BS_Hacked_Crate')
2025-11-23 19:01:50 [INFO] CrateSpawner: Skipping ConfigUniqueID 'DefaultDynamicEvent_Example1'. Players required: 1, Current: 0
2025-11-23 19:01:50 [INFO] OnCrateSpawnTickPeriodic - Management Tick finished. Next check in 3600 seconds.
