2025-11-17 06:24:42 [INFO] OnInit - Initializing Bastardos Hacked Crates System...
2025-11-17 06:24:42 [INFO] OnInit - Loading Hacked Crate Loot Configuration (loot_pools.json)...
2025-11-17 06:24:42 [INFO] [BSHCLootPoolConfig] Found loot_pools.json at: $profile:\Bastardo_HC\loot_pools.json
2025-11-17 06:24:42 [INFO] [BSHCLootPoolConfig] JsonLoadFile executed. Loaded 2 categories defined in the root.
2025-11-17 06:24:42 [INFO] [BSHCLootPoolConfig] Category 'DefaultArmaments' has 1 loot pools.
2025-11-17 06:24:42 [INFO] [BSHCLootPoolConfig] Category 'DefaultMedical' has 1 loot pools.
2025-11-17 06:24:42 [INFO] OnInit - Hacked Crate Loot Configuration processed successfully.
2025-11-17 06:24:42 [INFO] OnInit - Loading Hacked Crate settings (global, static, dynamic)...
2025-11-17 06:24:42 [INFO] CrateManagement instance created with default grace period and tick interval.
2025-11-17 06:24:42 [INFO] [BSHCGlobalServerSettings] Loading from: $profile:\Bastardo_HC\BS_Global_settings.json
2025-11-17 06:24:42 [INFO] [CrateConfigManager] Re-saved static_crates.json to include any new options.
2025-11-17 06:24:42 [INFO] [CrateConfigManager] Re-saved dynamic_crates.json to include any new options.
2025-11-17 06:24:42 [INFO] [CrateConfigManager] Static CrateManagement has been set.
2025-11-17 06:24:42 [INFO] CrateSpawner instance created.
2025-11-17 06:24:42 [INFO] OnInit - Crate Spawner created. Grace Period: 5 minutes. Periodic Tick: 3600 seconds.
2025-11-17 06:24:42 [INFO] OnInit - Bastardos Hacked Crates System Initialization sequence finished.
2025-11-17 06:24:49 [INFO] OnMissionStart - Server mission started. Scheduling Hacked Crate cleanup and initial spawn setup.
2025-11-17 06:24:49 [INFO] OnMissionStart - Immediate STATIC Crate spawn scheduled in 15 seconds.
2025-11-17 06:24:49 [INFO] OnMissionStart - Initial DYNAMIC Crate spawn scheduled in approx. 320 seconds.
2025-11-17 06:24:49 [INFO] OnMissionStart - Scheduling first PERIODIC Crate Spawn Tick in approx. 3600 seconds.
2025-11-17 06:25:07 [INFO] Inventory for BS_Hacked_Crate LOCKED. IsOpen: false LootAccessActionDone: false
2025-11-17 06:25:07 [INFO] OnStoreLoad: m_ConfigUniqueID_Persist set from storage to: 'DefaultDynamicEvent_Example1' for BS_Hacked_Crate<2991185>
2025-11-17 06:25:07 [INFO] OnStoreLoad: FINISHED loading raw data into member variables for BS_Hacked_Crate<2991185>
2025-11-17 06:25:08 [INFO] Inventory for BS_Hacked_Crate LOCKED. IsOpen: false LootAccessActionDone: false
2025-11-17 06:25:08 [INFO] OnStoreLoad: m_ConfigUniqueID_Persist set from storage to: 'DefaultDynamicEvent_Example1' for BS_Hacked_Crate<2992246>
2025-11-17 06:25:08 [INFO] OnStoreLoad: FINISHED loading raw data into member variables for BS_Hacked_Crate<2992246>
2025-11-17 06:25:22 [INFO] DeferredEEInitLogic: START for BS_Hacked_Crate<2991185>. m_LoadedExpansionMarkerUID (should be from OnStoreLoad) is ''. Current m_ExpansionMarkerUID (active) is ''
2025-11-17 06:25:22 [INFO] GetCrateSettings: m_CrateSettings_Instance is NULL for BS_Hacked_Crate<2991185>. Calling AttemptToReacquireSettings().
2025-11-17 06:25:22 [INFO] HackedCrate_Base (BS_Hacked_Crate): Attempting to re-acquire CrateSettings. Persisted ConfigUniqueID is: 'DefaultDynamicEvent_Example1'
2025-11-17 06:25:22 [INFO] HackedCrate_Base (BS_Hacked_Crate): Instance specific CrateSettings assigned. ConfigUniqueID: DefaultDynamicEvent_Example1
2025-11-17 06:25:22 [INFO] HackedCrate_Base (BS_Hacked_Crate): Successfully re-acquired CrateSettings by persisted ConfigUniqueID 'DefaultDynamicEvent_Example1'.
2025-11-17 06:25:22 [INFO] DeferredEEInitLogic: Settings acquired successfully for BS_Hacked_Crate<2991185>.
2025-11-17 06:25:22 [INFO] DeferredEEInitLogic: m_ExpansionMarkerUID is empty. Calling CreateExpansionMapMarker for BS_Hacked_Crate<2991185>.
2025-11-17 06:25:22 [INFO] EXP_DEBUG: Inside CreateExpansionMapMarker for BS_Hacked_Crate.UseExpansionMapMarker is true.
2025-11-17 06:25:22 [INFO] EXP_DEBUG: EXPANSIONMODNAVIGATION is NOT defined. No Expansion marker will be created.
2025-11-17 06:25:22 [INFO] DeferredEEInitLogic: AG DEBUG for BS_Hacked_Crate<2991185>
2025-11-17 06:25:22 [INFO] BSHC_AG_DEBUG: BSHC_CreateAdvancedGroupsMapMarker call.
2025-11-17 06:25:22 [INFO] BSHC_AG_DEBUG: Final Marker Name: '#STR_BSHC_HackedCrate_DisplayName'
2025-11-17 06:25:22 [INFO] BSHC_AG_DEBUG: Trying to create AG marker with name: #STR_BSHC_HackedCrate_DisplayName, Pos: <4553.689941, 317.975006, 8352.099609>, Icon: BS_HackedCrate/gui/iconcrate.paa, Color: -65536, ShowOnMap: true, ShowInWorld: true
2025-11-17 06:25:22 [INFO] BSHC_AG_DEBUG: LBStaticMarkerManager.Get is accessible.
2025-11-17 06:25:22 [INFO] BSHC_AG_DEBUG: Created AG marker (UID: 1733873366) for BS_Hacked_Crate
2025-11-17 06:25:22 [INFO] DeferredEEInitLogic: Final m_LootAccessActionDone for BS_Hacked_Crate<2991185> is: false
2025-11-17 06:25:22 [INFO] Inventory for BS_Hacked_Crate LOCKED. IsOpen: false LootAccessActionDone: false
2025-11-17 06:25:22 [INFO] DeferredEEInitLogic: FINISHED for BS_Hacked_Crate<2991185>
2025-11-17 06:25:22 [INFO] DeferredEEInitLogic: Re-added persistent crate BS_Hacked_Crate to g_ActiveHackedCrates list.
2025-11-17 06:25:22 [INFO] DeferredEEInitLogic: START for BS_Hacked_Crate<2992246>. m_LoadedExpansionMarkerUID (should be from OnStoreLoad) is ''. Current m_ExpansionMarkerUID (active) is ''
2025-11-17 06:25:22 [INFO] GetCrateSettings: m_CrateSettings_Instance is NULL for BS_Hacked_Crate<2992246>. Calling AttemptToReacquireSettings().
2025-11-17 06:25:22 [INFO] HackedCrate_Base (BS_Hacked_Crate): Attempting to re-acquire CrateSettings. Persisted ConfigUniqueID is: 'DefaultDynamicEvent_Example1'
2025-11-17 06:25:22 [INFO] HackedCrate_Base (BS_Hacked_Crate): Instance specific CrateSettings assigned. ConfigUniqueID: DefaultDynamicEvent_Example1
2025-11-17 06:25:22 [INFO] HackedCrate_Base (BS_Hacked_Crate): Successfully re-acquired CrateSettings by persisted ConfigUniqueID 'DefaultDynamicEvent_Example1'.
2025-11-17 06:25:22 [INFO] DeferredEEInitLogic: Settings acquired successfully for BS_Hacked_Crate<2992246>.
2025-11-17 06:25:22 [INFO] DeferredEEInitLogic: m_ExpansionMarkerUID is empty. Calling CreateExpansionMapMarker for BS_Hacked_Crate<2992246>.
2025-11-17 06:25:22 [INFO] EXP_DEBUG: Inside CreateExpansionMapMarker for BS_Hacked_Crate.UseExpansionMapMarker is true.
2025-11-17 06:25:22 [INFO] EXP_DEBUG: EXPANSIONMODNAVIGATION is NOT defined. No Expansion marker will be created.
2025-11-17 06:25:22 [INFO] DeferredEEInitLogic: AG DEBUG for BS_Hacked_Crate<2992246>
2025-11-17 06:25:22 [INFO] BSHC_AG_DEBUG: BSHC_CreateAdvancedGroupsMapMarker call.
2025-11-17 06:25:22 [INFO] BSHC_AG_DEBUG: Final Marker Name: '#STR_BSHC_HackedCrate_DisplayName'
2025-11-17 06:25:22 [INFO] BSHC_AG_DEBUG: Trying to create AG marker with name: #STR_BSHC_HackedCrate_DisplayName, Pos: <4732.430176, 338.968994, 10350.200195>, Icon: BS_HackedCrate/gui/iconcrate.paa, Color: -65536, ShowOnMap: true, ShowInWorld: true
2025-11-17 06:25:22 [INFO] BSHC_AG_DEBUG: LBStaticMarkerManager.Get is accessible.
2025-11-17 06:25:22 [INFO] BSHC_AG_DEBUG: Created AG marker (UID: 1445833883) for BS_Hacked_Crate
2025-11-17 06:25:22 [INFO] DeferredEEInitLogic: Final m_LootAccessActionDone for BS_Hacked_Crate<2992246> is: false
2025-11-17 06:25:22 [INFO] Inventory for BS_Hacked_Crate LOCKED. IsOpen: false LootAccessActionDone: false
2025-11-17 06:25:22 [INFO] DeferredEEInitLogic: FINISHED for BS_Hacked_Crate<2992246>
2025-11-17 06:25:22 [INFO] DeferredEEInitLogic: Re-added persistent crate BS_Hacked_Crate to g_ActiveHackedCrates list.
2025-11-17 06:25:50 [INFO] DeleteHackedCratesFromKnownLocations - Starting cleanup of Hacked Crates from KNOWN SPAWN LOCATIONS as defined in configurations...
2025-11-17 06:25:50 [INFO] DeleteHackedCratesFromKnownLocations - Deleting INACTIVE: BS_Hacked_Crate (ID: 2992246) found at configured spawn Pos: <4732.430176, 338.968994, 10350.200195> for CrateType BS_Hacked_Crate
2025-11-17 06:25:50 [INFO] EEDelete called for BS_Hacked_Crate at <4732.430176, 338.968994, 10350.200195>
2025-11-17 06:25:50 [INFO] EXP_REMOVE_DEBUG: Attempting RemoveExpansionMapMarker. Context: EEDelete. Current UID: '' for BS_Hacked_Crate<2992246>
2025-11-17 06:25:50 [INFO] EXP_REMOVE_DEBUG: EXPANSIONMODNAVIGATION NOT defined. Cannot remove marker. Context: EEDelete for BS_Hacked_Crate<2992246>
2025-11-17 06:25:50 [INFO] BSHC_AG_DEBUG: BSHC_RemoveAdvancedGroupsMapMarker called.
2025-11-17 06:25:50 [INFO] BSHC_AG_DEBUG: Removing AG marker UID: 1445833883
2025-11-17 06:25:50 [INFO] BSHC_AG_DEBUG: AG marker UID 1445833883 successfully removed.
2025-11-17 06:25:50 [INFO] HackedCrate (BS_Hacked_Crate): Sending RPC Notification. Type: DESPAWN, Key: #STR_BSHC_Notification_Despawn_Located
2025-11-17 06:25:50 [INFO] EEDelete: Removed BS_Hacked_Crate from g_ActiveHackedCrates. Remaining count: 1
2025-11-17 06:25:50 [INFO] DeleteHackedCratesFromKnownLocations - Deleting INACTIVE: BS_Hacked_Crate (ID: 2991185) found at configured spawn Pos: <4553.689941, 317.975006, 8352.099609> for CrateType BS_Hacked_Crate
2025-11-17 06:25:50 [INFO] EEDelete called for BS_Hacked_Crate at <4553.689941, 317.975006, 8352.099609>
2025-11-17 06:25:50 [INFO] EXP_REMOVE_DEBUG: Attempting RemoveExpansionMapMarker. Context: EEDelete. Current UID: '' for BS_Hacked_Crate<2991185>
2025-11-17 06:25:50 [INFO] EXP_REMOVE_DEBUG: EXPANSIONMODNAVIGATION NOT defined. Cannot remove marker. Context: EEDelete for BS_Hacked_Crate<2991185>
2025-11-17 06:25:50 [INFO] BSHC_AG_DEBUG: BSHC_RemoveAdvancedGroupsMapMarker called.
2025-11-17 06:25:50 [INFO] BSHC_AG_DEBUG: Removing AG marker UID: 1733873366
2025-11-17 06:25:50 [INFO] BSHC_AG_DEBUG: AG marker UID 1733873366 successfully removed.
2025-11-17 06:25:50 [INFO] HackedCrate (BS_Hacked_Crate): Sending RPC Notification. Type: DESPAWN, Key: #STR_BSHC_Notification_Despawn_Located
2025-11-17 06:25:50 [INFO] EEDelete: Removed BS_Hacked_Crate from g_ActiveHackedCrates. Remaining count: 0
2025-11-17 06:25:50 [INFO] DeleteHackedCratesFromKnownLocations - Cleanup from known locations finished. Total inactive Hacked Crates (matching type and location) deleted: 2
2025-11-17 06:25:55 [INFO] PerformImmediateStaticSpawn - Calling CrateSpawner to setup STATIC Hacked Crates...
2025-11-17 06:25:55 [INFO] CrateSpawner: ------------- Starting IMMEDIATE STATIC Spawn Pass -------------
2025-11-17 06:25:55 [INFO] CrateSpawner: Processing IMMEDIATE STATIC for ConfigUniqueID: 'DefaultStaticEvent_Example1'.
2025-11-17 06:25:55 [INFO] SpawnStaticCrates: Processing 1 static locations for ConfigUniqueID: 'DefaultStaticEvent_Example1'.
2025-11-17 06:25:55 [INFO] SpawnStaticCrates: Location <2471.820068, 193.177002, 5114.220215> is free. Attempting to spawn crate.
2025-11-17 06:25:55 [INFO] Inventory for BS_Hacked_Crate LOCKED. IsOpen: false LootAccessActionDone: false
2025-11-17 06:25:55 [INFO] HackedCrate_Base (BS_Hacked_Crate): Instance specific CrateSettings assigned. ConfigUniqueID: DefaultStaticEvent_Example1
2025-11-17 06:25:55 [INFO] [SpawnAIAroundCrate] Spawning 2 AI(s) next to the crate.
2025-11-17 06:25:55 [INFO] [SpawnAIAroundCrate] Successfully spawned ZmbM_SoldierNormal at <2458.847168, 193.241043, 5114.906250>
2025-11-17 06:25:55 [INFO] [SpawnAIAroundCrate] Successfully spawned ZmbM_SoldierNormal at <2453.931641, 193.258606, 5105.999512>
2025-11-17 06:25:55 [INFO] CrateSpawner: ------------- Finished IMMEDIATE STATIC Spawn Pass -------------
2025-11-17 06:25:55 [INFO] DeferredEEInitLogic: START for BS_Hacked_Crate<3010702>. m_LoadedExpansionMarkerUID (should be from OnStoreLoad) is ''. Current m_ExpansionMarkerUID (active) is ''
2025-11-17 06:25:55 [INFO] DeferredEEInitLogic: Settings acquired successfully for BS_Hacked_Crate<3010702>.
2025-11-17 06:25:55 [INFO] DeferredEEInitLogic: m_ExpansionMarkerUID is empty. Calling CreateExpansionMapMarker for BS_Hacked_Crate<3010702>.
2025-11-17 06:25:55 [INFO] EXP_DEBUG: Inside CreateExpansionMapMarker for BS_Hacked_Crate.UseExpansionMapMarker is true.
2025-11-17 06:25:55 [INFO] EXP_DEBUG: EXPANSIONMODNAVIGATION is NOT defined. No Expansion marker will be created.
2025-11-17 06:25:55 [INFO] DeferredEEInitLogic: AG DEBUG for BS_Hacked_Crate<3010702>
2025-11-17 06:25:55 [INFO] BSHC_AG_DEBUG: BSHC_CreateAdvancedGroupsMapMarker call.
2025-11-17 06:25:55 [INFO] BSHC_AG_DEBUG: Final Marker Name: '#STR_BSHC_HackedCrate_DisplayName'
2025-11-17 06:25:55 [INFO] BSHC_AG_DEBUG: Trying to create AG marker with name: #STR_BSHC_HackedCrate_DisplayName, Pos: <2471.820068, 193.177002, 5114.220215>, Icon: BS_HackedCrate/gui/iconcrate.paa, Color: -65536, ShowOnMap: true, ShowInWorld: true
2025-11-17 06:25:55 [INFO] BSHC_AG_DEBUG: LBStaticMarkerManager.Get is accessible.
2025-11-17 06:25:55 [INFO] BSHC_AG_DEBUG: Created AG marker (UID: 722949810) for BS_Hacked_Crate
2025-11-17 06:25:55 [INFO] DeferredEEInitLogic: Final m_LootAccessActionDone for BS_Hacked_Crate<3010702> is: false
2025-11-17 06:25:55 [INFO] Inventory for BS_Hacked_Crate LOCKED. IsOpen: false LootAccessActionDone: false
2025-11-17 06:25:55 [INFO] DeferredEEInitLogic: FINISHED for BS_Hacked_Crate<3010702>
2025-11-17 06:31:00 [INFO] PerformInitialDynamicSpawn - Grace period ended. Calling CrateSpawner to setup initial DYNAMIC Hacked Crates...
2025-11-17 06:31:00 [INFO] CrateSpawner: ------------- Starting INITIAL DYNAMIC Spawn Pass (Post-Grace) -------------
2025-11-17 06:31:00 [INFO] CrateSpawner: Current server population for dynamic spawn: 0 players.
2025-11-17 06:31:00 [INFO] CrateSpawner: Processing DYNAMIC for ConfigUniqueID: 'DefaultDynamicEvent_Example1'.
2025-11-17 06:31:00 [INFO] CrateSpawner: Skipping ConfigUniqueID 'DefaultDynamicEvent_Example1'. Players required: 1, Current: 0
2025-11-17 06:31:00 [INFO] CrateSpawner: ------------- Finished INITIAL DYNAMIC Spawn Pass -------------
2025-11-17 07:25:40 [INFO] --------------------------------------------------------------------------
2025-11-17 07:25:40 [INFO] OnCrateSpawnTickPeriodic - Management Tick received. Evaluating individual crate configs...
2025-11-17 07:25:40 [INFO] --------------------------------------------------------------------------
2025-11-17 07:25:40 [INFO] Config 'DefaultDynamicEvent_Example1' is due for a check. Processing...
2025-11-17 07:25:40 [INFO] CrateSpawner: Processing ConfigUniqueID: 'DefaultDynamicEvent_Example1' (CrateType: 'BS_Hacked_Crate')
2025-11-17 07:25:40 [INFO] CrateSpawner: Skipping ConfigUniqueID 'DefaultDynamicEvent_Example1'. Players required: 1, Current: 0
2025-11-17 07:25:40 [INFO] OnCrateSpawnTickPeriodic - Management Tick finished. Next check in 3600 seconds.
2025-11-17 08:25:40 [INFO] --------------------------------------------------------------------------
2025-11-17 08:25:40 [INFO] OnCrateSpawnTickPeriodic - Management Tick received. Evaluating individual crate configs...
2025-11-17 08:25:40 [INFO] --------------------------------------------------------------------------
2025-11-17 08:25:40 [INFO] Config 'DefaultDynamicEvent_Example1' is due for a check. Processing...
2025-11-17 08:25:40 [INFO] CrateSpawner: Processing ConfigUniqueID: 'DefaultDynamicEvent_Example1' (CrateType: 'BS_Hacked_Crate')
2025-11-17 08:25:40 [INFO] CrateSpawner: Skipping ConfigUniqueID 'DefaultDynamicEvent_Example1'. Players required: 1, Current: 0
2025-11-17 08:25:40 [INFO] OnCrateSpawnTickPeriodic - Management Tick finished. Next check in 3600 seconds.
2025-11-17 09:25:40 [INFO] --------------------------------------------------------------------------
2025-11-17 09:25:40 [INFO] OnCrateSpawnTickPeriodic - Management Tick received. Evaluating individual crate configs...
2025-11-17 09:25:40 [INFO] --------------------------------------------------------------------------
2025-11-17 09:25:40 [INFO] Config 'DefaultDynamicEvent_Example1' is due for a check. Processing...
2025-11-17 09:25:40 [INFO] CrateSpawner: Processing ConfigUniqueID: 'DefaultDynamicEvent_Example1' (CrateType: 'BS_Hacked_Crate')
2025-11-17 09:25:40 [INFO] CrateSpawner: Skipping ConfigUniqueID 'DefaultDynamicEvent_Example1'. Players required: 1, Current: 0
2025-11-17 09:25:40 [INFO] OnCrateSpawnTickPeriodic - Management Tick finished. Next check in 3600 seconds.
2025-11-17 10:25:40 [INFO] --------------------------------------------------------------------------
2025-11-17 10:25:40 [INFO] OnCrateSpawnTickPeriodic - Management Tick received. Evaluating individual crate configs...
2025-11-17 10:25:40 [INFO] --------------------------------------------------------------------------
2025-11-17 10:25:40 [INFO] Config 'DefaultDynamicEvent_Example1' is due for a check. Processing...
2025-11-17 10:25:40 [INFO] CrateSpawner: Processing ConfigUniqueID: 'DefaultDynamicEvent_Example1' (CrateType: 'BS_Hacked_Crate')
2025-11-17 10:25:40 [INFO] CrateSpawner: Skipping ConfigUniqueID 'DefaultDynamicEvent_Example1'. Players required: 1, Current: 0
2025-11-17 10:25:40 [INFO] OnCrateSpawnTickPeriodic - Management Tick finished. Next check in 3600 seconds.
2025-11-17 11:25:40 [INFO] --------------------------------------------------------------------------
2025-11-17 11:25:40 [INFO] OnCrateSpawnTickPeriodic - Management Tick received. Evaluating individual crate configs...
2025-11-17 11:25:40 [INFO] --------------------------------------------------------------------------
2025-11-17 11:25:40 [INFO] OnCrateSpawnTickPeriodic - Management Tick finished. Next check in 3600 seconds.
2025-11-17 12:25:40 [INFO] --------------------------------------------------------------------------
2025-11-17 12:25:40 [INFO] OnCrateSpawnTickPeriodic - Management Tick received. Evaluating individual crate configs...
2025-11-17 12:25:40 [INFO] --------------------------------------------------------------------------
2025-11-17 12:25:40 [INFO] Config 'DefaultDynamicEvent_Example1' is due for a check. Processing...
2025-11-17 12:25:40 [INFO] CrateSpawner: Processing ConfigUniqueID: 'DefaultDynamicEvent_Example1' (CrateType: 'BS_Hacked_Crate')
2025-11-17 12:25:40 [INFO] CrateSpawner: Skipping ConfigUniqueID 'DefaultDynamicEvent_Example1'. Players required: 1, Current: 0
2025-11-17 12:25:40 [INFO] OnCrateSpawnTickPeriodic - Management Tick finished. Next check in 3600 seconds.
2025-11-17 13:25:40 [INFO] --------------------------------------------------------------------------
2025-11-17 13:25:40 [INFO] OnCrateSpawnTickPeriodic - Management Tick received. Evaluating individual crate configs...
2025-11-17 13:25:40 [INFO] --------------------------------------------------------------------------
2025-11-17 13:25:40 [INFO] Config 'DefaultDynamicEvent_Example1' is due for a check. Processing...
2025-11-17 13:25:40 [INFO] CrateSpawner: Processing ConfigUniqueID: 'DefaultDynamicEvent_Example1' (CrateType: 'BS_Hacked_Crate')
2025-11-17 13:25:40 [INFO] CrateSpawner: Skipping ConfigUniqueID 'DefaultDynamicEvent_Example1'. Players required: 1, Current: 0
2025-11-17 13:25:40 [INFO] OnCrateSpawnTickPeriodic - Management Tick finished. Next check in 3600 seconds.
2025-11-17 14:25:40 [INFO] --------------------------------------------------------------------------
2025-11-17 14:25:40 [INFO] OnCrateSpawnTickPeriodic - Management Tick received. Evaluating individual crate configs...
2025-11-17 14:25:40 [INFO] --------------------------------------------------------------------------
2025-11-17 14:25:40 [INFO] Config 'DefaultDynamicEvent_Example1' is due for a check. Processing...
2025-11-17 14:25:40 [INFO] CrateSpawner: Processing ConfigUniqueID: 'DefaultDynamicEvent_Example1' (CrateType: 'BS_Hacked_Crate')
2025-11-17 14:25:40 [INFO] CrateSpawner: Skipping ConfigUniqueID 'DefaultDynamicEvent_Example1'. Players required: 1, Current: 0
2025-11-17 14:25:40 [INFO] OnCrateSpawnTickPeriodic - Management Tick finished. Next check in 3600 seconds.
2025-11-17 15:25:40 [INFO] --------------------------------------------------------------------------
2025-11-17 15:25:40 [INFO] OnCrateSpawnTickPeriodic - Management Tick received. Evaluating individual crate configs...
2025-11-17 15:25:40 [INFO] --------------------------------------------------------------------------
2025-11-17 15:25:40 [INFO] Config 'DefaultDynamicEvent_Example1' is due for a check. Processing...
2025-11-17 15:25:40 [INFO] CrateSpawner: Processing ConfigUniqueID: 'DefaultDynamicEvent_Example1' (CrateType: 'BS_Hacked_Crate')
2025-11-17 15:25:40 [INFO] CrateSpawner: Skipping ConfigUniqueID 'DefaultDynamicEvent_Example1'. Players required: 1, Current: 0
2025-11-17 15:25:40 [INFO] OnCrateSpawnTickPeriodic - Management Tick finished. Next check in 3600 seconds.
2025-11-17 16:25:40 [INFO] --------------------------------------------------------------------------
2025-11-17 16:25:40 [INFO] OnCrateSpawnTickPeriodic - Management Tick received. Evaluating individual crate configs...
2025-11-17 16:25:40 [INFO] --------------------------------------------------------------------------
2025-11-17 16:25:40 [INFO] Config 'DefaultDynamicEvent_Example1' is due for a check. Processing...
2025-11-17 16:25:40 [INFO] CrateSpawner: Processing ConfigUniqueID: 'DefaultDynamicEvent_Example1' (CrateType: 'BS_Hacked_Crate')
2025-11-17 16:25:40 [INFO] CrateSpawner: Skipping ConfigUniqueID 'DefaultDynamicEvent_Example1'. Players required: 1, Current: 0
2025-11-17 16:25:40 [INFO] OnCrateSpawnTickPeriodic - Management Tick finished. Next check in 3600 seconds.
2025-11-17 17:25:40 [INFO] --------------------------------------------------------------------------
2025-11-17 17:25:40 [INFO] OnCrateSpawnTickPeriodic - Management Tick received. Evaluating individual crate configs...
2025-11-17 17:25:40 [INFO] --------------------------------------------------------------------------
2025-11-17 17:25:40 [INFO] Config 'DefaultDynamicEvent_Example1' is due for a check. Processing...
2025-11-17 17:25:40 [INFO] CrateSpawner: Processing ConfigUniqueID: 'DefaultDynamicEvent_Example1' (CrateType: 'BS_Hacked_Crate')
2025-11-17 17:25:40 [INFO] CrateSpawner: Skipping ConfigUniqueID 'DefaultDynamicEvent_Example1'. Players required: 1, Current: 0
2025-11-17 17:25:40 [INFO] OnCrateSpawnTickPeriodic - Management Tick finished. Next check in 3600 seconds.
2025-11-17 18:25:40 [INFO] --------------------------------------------------------------------------
2025-11-17 18:25:40 [INFO] OnCrateSpawnTickPeriodic - Management Tick received. Evaluating individual crate configs...
2025-11-17 18:25:40 [INFO] --------------------------------------------------------------------------
2025-11-17 18:25:40 [INFO] Config 'DefaultDynamicEvent_Example1' is due for a check. Processing...
2025-11-17 18:25:40 [INFO] CrateSpawner: Processing ConfigUniqueID: 'DefaultDynamicEvent_Example1' (CrateType: 'BS_Hacked_Crate')
2025-11-17 18:25:40 [INFO] CrateSpawner: Skipping ConfigUniqueID 'DefaultDynamicEvent_Example1'. Players required: 1, Current: 0
2025-11-17 18:25:40 [INFO] OnCrateSpawnTickPeriodic - Management Tick finished. Next check in 3600 seconds.
2025-11-17 19:25:40 [INFO] --------------------------------------------------------------------------
2025-11-17 19:25:40 [INFO] OnCrateSpawnTickPeriodic - Management Tick received. Evaluating individual crate configs...
2025-11-17 19:25:40 [INFO] --------------------------------------------------------------------------
2025-11-17 19:25:40 [INFO] Config 'DefaultDynamicEvent_Example1' is due for a check. Processing...
2025-11-17 19:25:40 [INFO] CrateSpawner: Processing ConfigUniqueID: 'DefaultDynamicEvent_Example1' (CrateType: 'BS_Hacked_Crate')
2025-11-17 19:25:40 [INFO] CrateSpawner: Skipping ConfigUniqueID 'DefaultDynamicEvent_Example1'. Players required: 1, Current: 0
2025-11-17 19:25:40 [INFO] OnCrateSpawnTickPeriodic - Management Tick finished. Next check in 3600 seconds.
2025-11-17 20:25:40 [INFO] --------------------------------------------------------------------------
2025-11-17 20:25:40 [INFO] OnCrateSpawnTickPeriodic - Management Tick received. Evaluating individual crate configs...
2025-11-17 20:25:40 [INFO] --------------------------------------------------------------------------
2025-11-17 20:25:40 [INFO] Config 'DefaultDynamicEvent_Example1' is due for a check. Processing...
2025-11-17 20:25:40 [INFO] CrateSpawner: Processing ConfigUniqueID: 'DefaultDynamicEvent_Example1' (CrateType: 'BS_Hacked_Crate')
2025-11-17 20:25:40 [INFO] CrateSpawner: Skipping ConfigUniqueID 'DefaultDynamicEvent_Example1'. Players required: 1, Current: 0
2025-11-17 20:25:40 [INFO] OnCrateSpawnTickPeriodic - Management Tick finished. Next check in 3600 seconds.
2025-11-17 21:25:40 [INFO] --------------------------------------------------------------------------
2025-11-17 21:25:40 [INFO] OnCrateSpawnTickPeriodic - Management Tick received. Evaluating individual crate configs...
2025-11-17 21:25:40 [INFO] --------------------------------------------------------------------------
2025-11-17 21:25:40 [INFO] Config 'DefaultDynamicEvent_Example1' is due for a check. Processing...
2025-11-17 21:25:40 [INFO] CrateSpawner: Processing ConfigUniqueID: 'DefaultDynamicEvent_Example1' (CrateType: 'BS_Hacked_Crate')
2025-11-17 21:25:40 [INFO] CrateSpawner: Skipping ConfigUniqueID 'DefaultDynamicEvent_Example1'. Players required: 1, Current: 0
2025-11-17 21:25:40 [INFO] OnCrateSpawnTickPeriodic - Management Tick finished. Next check in 3600 seconds.
2025-11-17 22:25:40 [INFO] --------------------------------------------------------------------------
2025-11-17 22:25:40 [INFO] OnCrateSpawnTickPeriodic - Management Tick received. Evaluating individual crate configs...
2025-11-17 22:25:40 [INFO] --------------------------------------------------------------------------
2025-11-17 22:25:40 [INFO] Config 'DefaultDynamicEvent_Example1' is due for a check. Processing...
2025-11-17 22:25:40 [INFO] CrateSpawner: Processing ConfigUniqueID: 'DefaultDynamicEvent_Example1' (CrateType: 'BS_Hacked_Crate')
2025-11-17 22:25:40 [INFO] CrateSpawner: Skipping ConfigUniqueID 'DefaultDynamicEvent_Example1'. Players required: 1, Current: 0
2025-11-17 22:25:40 [INFO] OnCrateSpawnTickPeriodic - Management Tick finished. Next check in 3600 seconds.
2025-11-17 23:25:40 [INFO] --------------------------------------------------------------------------
2025-11-17 23:25:40 [INFO] OnCrateSpawnTickPeriodic - Management Tick received. Evaluating individual crate configs...
2025-11-17 23:25:40 [INFO] --------------------------------------------------------------------------
2025-11-17 23:25:40 [INFO] Config 'DefaultDynamicEvent_Example1' is due for a check. Processing...
2025-11-17 23:25:40 [INFO] CrateSpawner: Processing ConfigUniqueID: 'DefaultDynamicEvent_Example1' (CrateType: 'BS_Hacked_Crate')
2025-11-17 23:25:40 [INFO] CrateSpawner: Skipping ConfigUniqueID 'DefaultDynamicEvent_Example1'. Players required: 1, Current: 0
2025-11-17 23:25:40 [INFO] OnCrateSpawnTickPeriodic - Management Tick finished. Next check in 3600 seconds.
2025-11-18 00:25:40 [INFO] --------------------------------------------------------------------------
2025-11-18 00:25:40 [INFO] OnCrateSpawnTickPeriodic - Management Tick received. Evaluating individual crate configs...
2025-11-18 00:25:40 [INFO] --------------------------------------------------------------------------
2025-11-18 00:25:40 [INFO] Config 'DefaultDynamicEvent_Example1' is due for a check. Processing...
2025-11-18 00:25:40 [INFO] CrateSpawner: Processing ConfigUniqueID: 'DefaultDynamicEvent_Example1' (CrateType: 'BS_Hacked_Crate')
2025-11-18 00:25:40 [INFO] CrateSpawner: Skipping ConfigUniqueID 'DefaultDynamicEvent_Example1'. Players required: 1, Current: 0
2025-11-18 00:25:40 [INFO] OnCrateSpawnTickPeriodic - Management Tick finished. Next check in 3600 seconds.
2025-11-18 01:25:40 [INFO] --------------------------------------------------------------------------
2025-11-18 01:25:40 [INFO] OnCrateSpawnTickPeriodic - Management Tick received. Evaluating individual crate configs...
2025-11-18 01:25:40 [INFO] --------------------------------------------------------------------------
2025-11-18 01:25:40 [INFO] Config 'DefaultDynamicEvent_Example1' is due for a check. Processing...
2025-11-18 01:25:40 [INFO] CrateSpawner: Processing ConfigUniqueID: 'DefaultDynamicEvent_Example1' (CrateType: 'BS_Hacked_Crate')
2025-11-18 01:25:40 [INFO] CrateSpawner: Skipping ConfigUniqueID 'DefaultDynamicEvent_Example1'. Players required: 1, Current: 0
2025-11-18 01:25:40 [INFO] OnCrateSpawnTickPeriodic - Management Tick finished. Next check in 3600 seconds.
2025-11-18 02:25:40 [INFO] --------------------------------------------------------------------------
2025-11-18 02:25:40 [INFO] OnCrateSpawnTickPeriodic - Management Tick received. Evaluating individual crate configs...
2025-11-18 02:25:40 [INFO] --------------------------------------------------------------------------
2025-11-18 02:25:40 [INFO] Config 'DefaultDynamicEvent_Example1' is due for a check. Processing...
2025-11-18 02:25:40 [INFO] CrateSpawner: Processing ConfigUniqueID: 'DefaultDynamicEvent_Example1' (CrateType: 'BS_Hacked_Crate')
2025-11-18 02:25:40 [INFO] CrateSpawner: Skipping ConfigUniqueID 'DefaultDynamicEvent_Example1'. Players required: 1, Current: 0
2025-11-18 02:25:40 [INFO] OnCrateSpawnTickPeriodic - Management Tick finished. Next check in 3600 seconds.
2025-11-18 03:25:40 [INFO] --------------------------------------------------------------------------
2025-11-18 03:25:40 [INFO] OnCrateSpawnTickPeriodic - Management Tick received. Evaluating individual crate configs...
2025-11-18 03:25:40 [INFO] --------------------------------------------------------------------------
2025-11-18 03:25:40 [INFO] Config 'DefaultDynamicEvent_Example1' is due for a check. Processing...
2025-11-18 03:25:40 [INFO] CrateSpawner: Processing ConfigUniqueID: 'DefaultDynamicEvent_Example1' (CrateType: 'BS_Hacked_Crate')
2025-11-18 03:25:40 [INFO] CrateSpawner: Skipping ConfigUniqueID 'DefaultDynamicEvent_Example1'. Players required: 1, Current: 0
2025-11-18 03:25:40 [INFO] OnCrateSpawnTickPeriodic - Management Tick finished. Next check in 3600 seconds.
2025-11-18 04:25:40 [INFO] --------------------------------------------------------------------------
2025-11-18 04:25:40 [INFO] OnCrateSpawnTickPeriodic - Management Tick received. Evaluating individual crate configs...
2025-11-18 04:25:40 [INFO] --------------------------------------------------------------------------
2025-11-18 04:25:40 [INFO] Config 'DefaultDynamicEvent_Example1' is due for a check. Processing...
2025-11-18 04:25:40 [INFO] CrateSpawner: Processing ConfigUniqueID: 'DefaultDynamicEvent_Example1' (CrateType: 'BS_Hacked_Crate')
2025-11-18 04:25:40 [INFO] CrateSpawner: Skipping ConfigUniqueID 'DefaultDynamicEvent_Example1'. Players required: 1, Current: 0
2025-11-18 04:25:40 [INFO] OnCrateSpawnTickPeriodic - Management Tick finished. Next check in 3600 seconds.
2025-11-18 05:25:40 [INFO] --------------------------------------------------------------------------
2025-11-18 05:25:40 [INFO] OnCrateSpawnTickPeriodic - Management Tick received. Evaluating individual crate configs...
2025-11-18 05:25:40 [INFO] --------------------------------------------------------------------------
2025-11-18 05:25:40 [INFO] Config 'DefaultDynamicEvent_Example1' is due for a check. Processing...
2025-11-18 05:25:40 [INFO] CrateSpawner: Processing ConfigUniqueID: 'DefaultDynamicEvent_Example1' (CrateType: 'BS_Hacked_Crate')
2025-11-18 05:25:40 [INFO] CrateSpawner: Skipping ConfigUniqueID 'DefaultDynamicEvent_Example1'. Players required: 1, Current: 0
2025-11-18 05:25:40 [INFO] OnCrateSpawnTickPeriodic - Management Tick finished. Next check in 3600 seconds.
2025-11-18 06:25:40 [INFO] --------------------------------------------------------------------------
2025-11-18 06:25:40 [INFO] OnCrateSpawnTickPeriodic - Management Tick received. Evaluating individual crate configs...
2025-11-18 06:25:40 [INFO] --------------------------------------------------------------------------
2025-11-18 06:25:40 [INFO] Config 'DefaultDynamicEvent_Example1' is due for a check. Processing...
2025-11-18 06:25:40 [INFO] CrateSpawner: Processing ConfigUniqueID: 'DefaultDynamicEvent_Example1' (CrateType: 'BS_Hacked_Crate')
2025-11-18 06:25:40 [INFO] CrateSpawner: Skipping ConfigUniqueID 'DefaultDynamicEvent_Example1'. Players required: 1, Current: 0
2025-11-18 06:25:40 [INFO] OnCrateSpawnTickPeriodic - Management Tick finished. Next check in 3600 seconds.
2025-11-18 07:25:40 [INFO] --------------------------------------------------------------------------
2025-11-18 07:25:40 [INFO] OnCrateSpawnTickPeriodic - Management Tick received. Evaluating individual crate configs...
2025-11-18 07:25:40 [INFO] --------------------------------------------------------------------------
2025-11-18 07:25:40 [INFO] Config 'DefaultDynamicEvent_Example1' is due for a check. Processing...
2025-11-18 07:25:40 [INFO] CrateSpawner: Processing ConfigUniqueID: 'DefaultDynamicEvent_Example1' (CrateType: 'BS_Hacked_Crate')
2025-11-18 07:25:40 [INFO] CrateSpawner: Skipping ConfigUniqueID 'DefaultDynamicEvent_Example1'. Players required: 1, Current: 0
2025-11-18 07:25:40 [INFO] OnCrateSpawnTickPeriodic - Management Tick finished. Next check in 3600 seconds.
2025-11-18 08:25:40 [INFO] --------------------------------------------------------------------------
2025-11-18 08:25:40 [INFO] OnCrateSpawnTickPeriodic - Management Tick received. Evaluating individual crate configs...
2025-11-18 08:25:40 [INFO] --------------------------------------------------------------------------
2025-11-18 08:25:40 [INFO] Config 'DefaultDynamicEvent_Example1' is due for a check. Processing...
2025-11-18 08:25:40 [INFO] CrateSpawner: Processing ConfigUniqueID: 'DefaultDynamicEvent_Example1' (CrateType: 'BS_Hacked_Crate')
2025-11-18 08:25:40 [INFO] CrateSpawner: Skipping ConfigUniqueID 'DefaultDynamicEvent_Example1'. Players required: 1, Current: 0
2025-11-18 08:25:40 [INFO] OnCrateSpawnTickPeriodic - Management Tick finished. Next check in 3600 seconds.
2025-11-18 09:25:40 [INFO] --------------------------------------------------------------------------
2025-11-18 09:25:40 [INFO] OnCrateSpawnTickPeriodic - Management Tick received. Evaluating individual crate configs...
2025-11-18 09:25:40 [INFO] --------------------------------------------------------------------------
2025-11-18 09:25:40 [INFO] Config 'DefaultDynamicEvent_Example1' is due for a check. Processing...
2025-11-18 09:25:40 [INFO] CrateSpawner: Processing ConfigUniqueID: 'DefaultDynamicEvent_Example1' (CrateType: 'BS_Hacked_Crate')
2025-11-18 09:25:40 [INFO] CrateSpawner: Skipping ConfigUniqueID 'DefaultDynamicEvent_Example1'. Players required: 1, Current: 0
2025-11-18 09:25:40 [INFO] OnCrateSpawnTickPeriodic - Management Tick finished. Next check in 3600 seconds.
2025-11-18 10:25:40 [INFO] --------------------------------------------------------------------------
2025-11-18 10:25:40 [INFO] OnCrateSpawnTickPeriodic - Management Tick received. Evaluating individual crate configs...
2025-11-18 10:25:40 [INFO] --------------------------------------------------------------------------
2025-11-18 10:25:40 [INFO] Config 'DefaultDynamicEvent_Example1' is due for a check. Processing...
2025-11-18 10:25:40 [INFO] CrateSpawner: Processing ConfigUniqueID: 'DefaultDynamicEvent_Example1' (CrateType: 'BS_Hacked_Crate')
2025-11-18 10:25:40 [INFO] CrateSpawner: Skipping ConfigUniqueID 'DefaultDynamicEvent_Example1'. Players required: 1, Current: 0
2025-11-18 10:25:40 [INFO] OnCrateSpawnTickPeriodic - Management Tick finished. Next check in 3600 seconds.
2025-11-18 11:25:40 [INFO] --------------------------------------------------------------------------
2025-11-18 11:25:40 [INFO] OnCrateSpawnTickPeriodic - Management Tick received. Evaluating individual crate configs...
2025-11-18 11:25:40 [INFO] --------------------------------------------------------------------------
2025-11-18 11:25:40 [INFO] Config 'DefaultDynamicEvent_Example1' is due for a check. Processing...
2025-11-18 11:25:40 [INFO] CrateSpawner: Processing ConfigUniqueID: 'DefaultDynamicEvent_Example1' (CrateType: 'BS_Hacked_Crate')
2025-11-18 11:25:40 [INFO] CrateSpawner: Skipping ConfigUniqueID 'DefaultDynamicEvent_Example1'. Players required: 1, Current: 0
2025-11-18 11:25:40 [INFO] OnCrateSpawnTickPeriodic - Management Tick finished. Next check in 3600 seconds.
2025-11-18 12:25:40 [INFO] --------------------------------------------------------------------------
2025-11-18 12:25:40 [INFO] OnCrateSpawnTickPeriodic - Management Tick received. Evaluating individual crate configs...
2025-11-18 12:25:40 [INFO] --------------------------------------------------------------------------
2025-11-18 12:25:40 [INFO] Config 'DefaultDynamicEvent_Example1' is due for a check. Processing...
2025-11-18 12:25:40 [INFO] CrateSpawner: Processing ConfigUniqueID: 'DefaultDynamicEvent_Example1' (CrateType: 'BS_Hacked_Crate')
2025-11-18 12:25:40 [INFO] CrateSpawner: Skipping ConfigUniqueID 'DefaultDynamicEvent_Example1'. Players required: 1, Current: 0
2025-11-18 12:25:40 [INFO] OnCrateSpawnTickPeriodic - Management Tick finished. Next check in 3600 seconds.
2025-11-18 13:25:40 [INFO] --------------------------------------------------------------------------
2025-11-18 13:25:40 [INFO] OnCrateSpawnTickPeriodic - Management Tick received. Evaluating individual crate configs...
2025-11-18 13:25:40 [INFO] --------------------------------------------------------------------------
2025-11-18 13:25:40 [INFO] Config 'DefaultDynamicEvent_Example1' is due for a check. Processing...
2025-11-18 13:25:40 [INFO] CrateSpawner: Processing ConfigUniqueID: 'DefaultDynamicEvent_Example1' (CrateType: 'BS_Hacked_Crate')
2025-11-18 13:25:40 [INFO] CrateSpawner: Skipping ConfigUniqueID 'DefaultDynamicEvent_Example1'. Players required: 1, Current: 0
2025-11-18 13:25:40 [INFO] OnCrateSpawnTickPeriodic - Management Tick finished. Next check in 3600 seconds.
2025-11-18 14:25:40 [INFO] --------------------------------------------------------------------------
2025-11-18 14:25:40 [INFO] OnCrateSpawnTickPeriodic - Management Tick received. Evaluating individual crate configs...
2025-11-18 14:25:40 [INFO] --------------------------------------------------------------------------
2025-11-18 14:25:40 [INFO] Config 'DefaultDynamicEvent_Example1' is due for a check. Processing...
2025-11-18 14:25:40 [INFO] CrateSpawner: Processing ConfigUniqueID: 'DefaultDynamicEvent_Example1' (CrateType: 'BS_Hacked_Crate')
2025-11-18 14:25:40 [INFO] CrateSpawner: Skipping ConfigUniqueID 'DefaultDynamicEvent_Example1'. Players required: 1, Current: 0
2025-11-18 14:25:40 [INFO] OnCrateSpawnTickPeriodic - Management Tick finished. Next check in 3600 seconds.
2025-11-18 15:25:40 [INFO] --------------------------------------------------------------------------
2025-11-18 15:25:40 [INFO] OnCrateSpawnTickPeriodic - Management Tick received. Evaluating individual crate configs...
2025-11-18 15:25:40 [INFO] --------------------------------------------------------------------------
2025-11-18 15:25:40 [INFO] Config 'DefaultDynamicEvent_Example1' is due for a check. Processing...
2025-11-18 15:25:40 [INFO] CrateSpawner: Processing ConfigUniqueID: 'DefaultDynamicEvent_Example1' (CrateType: 'BS_Hacked_Crate')
2025-11-18 15:25:40 [INFO] CrateSpawner: Skipping ConfigUniqueID 'DefaultDynamicEvent_Example1'. Players required: 1, Current: 0
2025-11-18 15:25:40 [INFO] OnCrateSpawnTickPeriodic - Management Tick finished. Next check in 3600 seconds.
2025-11-18 16:25:40 [INFO] --------------------------------------------------------------------------
2025-11-18 16:25:40 [INFO] OnCrateSpawnTickPeriodic - Management Tick received. Evaluating individual crate configs...
2025-11-18 16:25:40 [INFO] --------------------------------------------------------------------------
2025-11-18 16:25:40 [INFO] Config 'DefaultDynamicEvent_Example1' is due for a check. Processing...
2025-11-18 16:25:40 [INFO] CrateSpawner: Processing ConfigUniqueID: 'DefaultDynamicEvent_Example1' (CrateType: 'BS_Hacked_Crate')
2025-11-18 16:25:40 [INFO] CrateSpawner: Skipping ConfigUniqueID 'DefaultDynamicEvent_Example1'. Players required: 1, Current: 0
2025-11-18 16:25:40 [INFO] OnCrateSpawnTickPeriodic - Management Tick finished. Next check in 3600 seconds.
2025-11-18 17:25:40 [INFO] --------------------------------------------------------------------------
2025-11-18 17:25:40 [INFO] OnCrateSpawnTickPeriodic - Management Tick received. Evaluating individual crate configs...
2025-11-18 17:25:40 [INFO] --------------------------------------------------------------------------
2025-11-18 17:25:40 [INFO] Config 'DefaultDynamicEvent_Example1' is due for a check. Processing...
2025-11-18 17:25:40 [INFO] CrateSpawner: Processing ConfigUniqueID: 'DefaultDynamicEvent_Example1' (CrateType: 'BS_Hacked_Crate')
2025-11-18 17:25:40 [INFO] CrateSpawner: Skipping ConfigUniqueID 'DefaultDynamicEvent_Example1'. Players required: 1, Current: 0
2025-11-18 17:25:40 [INFO] OnCrateSpawnTickPeriodic - Management Tick finished. Next check in 3600 seconds.
2025-11-18 18:25:40 [INFO] --------------------------------------------------------------------------
2025-11-18 18:25:40 [INFO] OnCrateSpawnTickPeriodic - Management Tick received. Evaluating individual crate configs...
2025-11-18 18:25:40 [INFO] --------------------------------------------------------------------------
2025-11-18 18:25:40 [INFO] Config 'DefaultDynamicEvent_Example1' is due for a check. Processing...
2025-11-18 18:25:40 [INFO] CrateSpawner: Processing ConfigUniqueID: 'DefaultDynamicEvent_Example1' (CrateType: 'BS_Hacked_Crate')
2025-11-18 18:25:40 [INFO] CrateSpawner: Skipping ConfigUniqueID 'DefaultDynamicEvent_Example1'. Players required: 1, Current: 0
2025-11-18 18:25:40 [INFO] OnCrateSpawnTickPeriodic - Management Tick finished. Next check in 3600 seconds.
2025-11-18 19:25:40 [INFO] --------------------------------------------------------------------------
2025-11-18 19:25:40 [INFO] OnCrateSpawnTickPeriodic - Management Tick received. Evaluating individual crate configs...
2025-11-18 19:25:40 [INFO] --------------------------------------------------------------------------
2025-11-18 19:25:40 [INFO] Config 'DefaultDynamicEvent_Example1' is due for a check. Processing...
2025-11-18 19:25:40 [INFO] CrateSpawner: Processing ConfigUniqueID: 'DefaultDynamicEvent_Example1' (CrateType: 'BS_Hacked_Crate')
2025-11-18 19:25:40 [INFO] CrateSpawner: Skipping ConfigUniqueID 'DefaultDynamicEvent_Example1'. Players required: 1, Current: 0
2025-11-18 19:25:40 [INFO] OnCrateSpawnTickPeriodic - Management Tick finished. Next check in 3600 seconds.
2025-11-18 20:25:40 [INFO] --------------------------------------------------------------------------
2025-11-18 20:25:40 [INFO] OnCrateSpawnTickPeriodic - Management Tick received. Evaluating individual crate configs...
2025-11-18 20:25:40 [INFO] --------------------------------------------------------------------------
2025-11-18 20:25:40 [INFO] OnCrateSpawnTickPeriodic - Management Tick finished. Next check in 3600 seconds.
2025-11-18 21:25:40 [INFO] --------------------------------------------------------------------------
2025-11-18 21:25:40 [INFO] OnCrateSpawnTickPeriodic - Management Tick received. Evaluating individual crate configs...
2025-11-18 21:25:40 [INFO] --------------------------------------------------------------------------
2025-11-18 21:25:40 [INFO] Config 'DefaultDynamicEvent_Example1' is due for a check. Processing...
2025-11-18 21:25:40 [INFO] CrateSpawner: Processing ConfigUniqueID: 'DefaultDynamicEvent_Example1' (CrateType: 'BS_Hacked_Crate')
2025-11-18 21:25:40 [INFO] CrateSpawner: Skipping ConfigUniqueID 'DefaultDynamicEvent_Example1'. Players required: 1, Current: 0
2025-11-18 21:25:40 [INFO] OnCrateSpawnTickPeriodic - Management Tick finished. Next check in 3600 seconds.
2025-11-18 22:25:40 [INFO] --------------------------------------------------------------------------
2025-11-18 22:25:40 [INFO] OnCrateSpawnTickPeriodic - Management Tick received. Evaluating individual crate configs...
2025-11-18 22:25:40 [INFO] --------------------------------------------------------------------------
2025-11-18 22:25:40 [INFO] Config 'DefaultDynamicEvent_Example1' is due for a check. Processing...
2025-11-18 22:25:40 [INFO] CrateSpawner: Processing ConfigUniqueID: 'DefaultDynamicEvent_Example1' (CrateType: 'BS_Hacked_Crate')
2025-11-18 22:25:40 [INFO] CrateSpawner: Skipping ConfigUniqueID 'DefaultDynamicEvent_Example1'. Players required: 1, Current: 0
2025-11-18 22:25:40 [INFO] OnCrateSpawnTickPeriodic - Management Tick finished. Next check in 3600 seconds.
2025-11-18 23:25:40 [INFO] --------------------------------------------------------------------------
2025-11-18 23:25:40 [INFO] OnCrateSpawnTickPeriodic - Management Tick received. Evaluating individual crate configs...
2025-11-18 23:25:40 [INFO] --------------------------------------------------------------------------
2025-11-18 23:25:40 [INFO] Config 'DefaultDynamicEvent_Example1' is due for a check. Processing...
2025-11-18 23:25:40 [INFO] CrateSpawner: Processing ConfigUniqueID: 'DefaultDynamicEvent_Example1' (CrateType: 'BS_Hacked_Crate')
2025-11-18 23:25:40 [INFO] CrateSpawner: Skipping ConfigUniqueID 'DefaultDynamicEvent_Example1'. Players required: 1, Current: 0
2025-11-18 23:25:40 [INFO] OnCrateSpawnTickPeriodic - Management Tick finished. Next check in 3600 seconds.
2025-11-18 23:33:12 [INFO] EEDelete called for BS_Hacked_Crate at <2471.820068, 193.177002, 5114.220215>
2025-11-18 23:33:12 [INFO] EXP_REMOVE_DEBUG: Attempting RemoveExpansionMapMarker. Context: EEDelete. Current UID: '' for BS_Hacked_Crate<3010702>
2025-11-18 23:33:12 [INFO] EXP_REMOVE_DEBUG: EXPANSIONMODNAVIGATION NOT defined. Cannot remove marker. Context: EEDelete for BS_Hacked_Crate<3010702>
2025-11-18 23:33:12 [INFO] BSHC_AG_DEBUG: BSHC_RemoveAdvancedGroupsMapMarker called.
2025-11-18 23:33:12 [INFO] BSHC_AG_DEBUG: Removing AG marker UID: 722949810
2025-11-18 23:33:12 [INFO] BSHC_AG_DEBUG: AG marker UID 722949810 successfully removed.
2025-11-18 23:33:12 [INFO] HackedCrate (BS_Hacked_Crate): Sending RPC Notification. Type: DESPAWN, Key: #STR_BSHC_Notification_Despawn_Located
2025-11-18 23:33:12 [INFO] EEDelete: Removed BS_Hacked_Crate from g_ActiveHackedCrates. Remaining count: 0
2025-11-19 00:25:40 [INFO] --------------------------------------------------------------------------
2025-11-19 00:25:40 [INFO] OnCrateSpawnTickPeriodic - Management Tick received. Evaluating individual crate configs...
2025-11-19 00:25:40 [INFO] --------------------------------------------------------------------------
2025-11-19 00:25:40 [INFO] Config 'DefaultDynamicEvent_Example1' is due for a check. Processing...
2025-11-19 00:25:40 [INFO] CrateSpawner: Processing ConfigUniqueID: 'DefaultDynamicEvent_Example1' (CrateType: 'BS_Hacked_Crate')
2025-11-19 00:25:40 [INFO] CrateSpawner: Handling RANDOM for ConfigUniqueID: 'DefaultDynamicEvent_Example1'.
2025-11-19 00:25:40 [INFO] CrateSpawner: ConfigUniqueID 'DefaultDynamicEvent_Example1' - Existing: 0, Target Active: 2
2025-11-19 00:25:40 [INFO] CrateSpawner: Attempting to spawn 2 for ConfigUniqueID: 'DefaultDynamicEvent_Example1'.
2025-11-19 00:25:40 [INFO] SpawnRandomCrates: Attempting to spawn 2 of type 'BS_Hacked_Crate' with ConfigUniqueID 'DefaultDynamicEvent_Example1'.
2025-11-19 00:25:40 [INFO] SpawnRandomCrates: Shuffled list for 'DefaultDynamicEvent_Example1' is empty or non-existent. Regenerating and shuffling.
2025-11-19 00:25:40 [INFO] CrateSpawner: Sending spawn warning for 'BS_Hacked_Crate' at Airfield
2025-11-19 00:25:40 [INFO] CrateSpawner: Added to pending list for ConfigUniqueID 'DefaultDynamicEvent_Example1'. New pending count: 1
2025-11-19 00:25:40 [INFO] CrateSpawner: Sending spawn warning for 'BS_Hacked_Crate' at VMC
2025-11-19 00:25:40 [INFO] CrateSpawner: Added to pending list for ConfigUniqueID 'DefaultDynamicEvent_Example1'. New pending count: 2
2025-11-19 00:25:40 [INFO] OnCrateSpawnTickPeriodic - Management Tick finished. Next check in 3600 seconds.
2025-11-19 00:35:40 [INFO] SpawnCrateAfterWarning: Timer finished. Spawning crate BS_Hacked_Crate. Removed from pending list. New pending count: 1
2025-11-19 00:35:40 [INFO] Inventory for BS_Hacked_Crate LOCKED. IsOpen: false LootAccessActionDone: false
2025-11-19 00:35:40 [INFO] HackedCrate_Base (BS_Hacked_Crate): Instance specific CrateSettings assigned. ConfigUniqueID: DefaultDynamicEvent_Example1
2025-11-19 00:35:40 [INFO] CrateSpawner: Standard Notification RPC sent. Key: #STR_BSHC_Notification_Spawn_Located
2025-11-19 00:35:40 [INFO] [SpawnAIAroundCrate] Spawning 2 AI(s) next to the crate.
2025-11-19 00:35:40 [INFO] [SpawnAIAroundCrate] Successfully spawned ZmbM_SoldierNormal at <4738.514648, 338.998932, 10359.789063>
2025-11-19 00:35:40 [INFO] [SpawnAIAroundCrate] Successfully spawned ZmbM_SoldierNormal at <4749.823730, 338.993103, 10363.397461>
2025-11-19 00:35:40 [INFO] SpawnCrateAfterWarning: Timer finished. Spawning crate BS_Hacked_Crate. Removed from pending list. New pending count: 0
2025-11-19 00:35:40 [INFO] Inventory for BS_Hacked_Crate LOCKED. IsOpen: false LootAccessActionDone: false
2025-11-19 00:35:40 [INFO] HackedCrate_Base (BS_Hacked_Crate): Instance specific CrateSettings assigned. ConfigUniqueID: DefaultDynamicEvent_Example1
2025-11-19 00:35:40 [INFO] CrateSpawner: Standard Notification RPC sent. Key: #STR_BSHC_Notification_Spawn_Located
2025-11-19 00:35:40 [INFO] [SpawnAIAroundCrate] Spawning 1 AI(s) next to the crate.
2025-11-19 00:35:40 [INFO] [SpawnAIAroundCrate] Successfully spawned ZmbM_SoldierNormal at <4540.256348, 317.645844, 8331.323242>
2025-11-19 00:35:40 [INFO] DeferredEEInitLogic: START for BS_Hacked_Crate<3025073>. m_LoadedExpansionMarkerUID (should be from OnStoreLoad) is ''. Current m_ExpansionMarkerUID (active) is ''
2025-11-19 00:35:40 [INFO] DeferredEEInitLogic: Settings acquired successfully for BS_Hacked_Crate<3025073>.
2025-11-19 00:35:40 [INFO] DeferredEEInitLogic: m_ExpansionMarkerUID is empty. Calling CreateExpansionMapMarker for BS_Hacked_Crate<3025073>.
2025-11-19 00:35:40 [INFO] EXP_DEBUG: Inside CreateExpansionMapMarker for BS_Hacked_Crate.UseExpansionMapMarker is true.
2025-11-19 00:35:40 [INFO] EXP_DEBUG: EXPANSIONMODNAVIGATION is NOT defined. No Expansion marker will be created.
2025-11-19 00:35:40 [INFO] DeferredEEInitLogic: AG DEBUG for BS_Hacked_Crate<3025073>
2025-11-19 00:35:40 [INFO] BSHC_AG_DEBUG: BSHC_CreateAdvancedGroupsMapMarker call.
2025-11-19 00:35:40 [INFO] BSHC_AG_DEBUG: Final Marker Name: '#STR_BSHC_HackedCrate_DisplayName'
2025-11-19 00:35:40 [INFO] BSHC_AG_DEBUG: Trying to create AG marker with name: #STR_BSHC_HackedCrate_DisplayName, Pos: <4732.430176, 338.968994, 10350.200195>, Icon: BS_HackedCrate/gui/iconcrate.paa, Color: -65536, ShowOnMap: true, ShowInWorld: true
2025-11-19 00:35:40 [INFO] BSHC_AG_DEBUG: LBStaticMarkerManager.Get is accessible.
2025-11-19 00:35:40 [INFO] BSHC_AG_DEBUG: Created AG marker (UID: 666324983) for BS_Hacked_Crate
2025-11-19 00:35:40 [INFO] DeferredEEInitLogic: Final m_LootAccessActionDone for BS_Hacked_Crate<3025073> is: false
2025-11-19 00:35:40 [INFO] Inventory for BS_Hacked_Crate LOCKED. IsOpen: false LootAccessActionDone: false
2025-11-19 00:35:40 [INFO] DeferredEEInitLogic: FINISHED for BS_Hacked_Crate<3025073>
2025-11-19 00:35:40 [INFO] DeferredEEInitLogic: START for BS_Hacked_Crate<3025076>. m_LoadedExpansionMarkerUID (should be from OnStoreLoad) is ''. Current m_ExpansionMarkerUID (active) is ''
2025-11-19 00:35:40 [INFO] DeferredEEInitLogic: Settings acquired successfully for BS_Hacked_Crate<3025076>.
2025-11-19 00:35:40 [INFO] DeferredEEInitLogic: m_ExpansionMarkerUID is empty. Calling CreateExpansionMapMarker for BS_Hacked_Crate<3025076>.
2025-11-19 00:35:40 [INFO] EXP_DEBUG: Inside CreateExpansionMapMarker for BS_Hacked_Crate.UseExpansionMapMarker is true.
2025-11-19 00:35:40 [INFO] EXP_DEBUG: EXPANSIONMODNAVIGATION is NOT defined. No Expansion marker will be created.
2025-11-19 00:35:40 [INFO] DeferredEEInitLogic: AG DEBUG for BS_Hacked_Crate<3025076>
2025-11-19 00:35:40 [INFO] BSHC_AG_DEBUG: BSHC_CreateAdvancedGroupsMapMarker call.
2025-11-19 00:35:40 [INFO] BSHC_AG_DEBUG: Final Marker Name: '#STR_BSHC_HackedCrate_DisplayName'
2025-11-19 00:35:40 [INFO] BSHC_AG_DEBUG: Trying to create AG marker with name: #STR_BSHC_HackedCrate_DisplayName, Pos: <4553.689941, 317.975006, 8352.099609>, Icon: BS_HackedCrate/gui/iconcrate.paa, Color: -65536, ShowOnMap: true, ShowInWorld: true
2025-11-19 00:35:40 [INFO] BSHC_AG_DEBUG: LBStaticMarkerManager.Get is accessible.
2025-11-19 00:35:40 [INFO] BSHC_AG_DEBUG: Created AG marker (UID: 1136101324) for BS_Hacked_Crate
2025-11-19 00:35:40 [INFO] DeferredEEInitLogic: Final m_LootAccessActionDone for BS_Hacked_Crate<3025076> is: false
2025-11-19 00:35:40 [INFO] Inventory for BS_Hacked_Crate LOCKED. IsOpen: false LootAccessActionDone: false
2025-11-19 00:35:40 [INFO] DeferredEEInitLogic: FINISHED for BS_Hacked_Crate<3025076>
2025-11-19 01:25:40 [INFO] --------------------------------------------------------------------------
2025-11-19 01:25:40 [INFO] OnCrateSpawnTickPeriodic - Management Tick received. Evaluating individual crate configs...
2025-11-19 01:25:40 [INFO] --------------------------------------------------------------------------
2025-11-19 01:25:40 [INFO] Config 'DefaultDynamicEvent_Example1' is due for a check. Processing...
2025-11-19 01:25:40 [INFO] CrateSpawner: Processing ConfigUniqueID: 'DefaultDynamicEvent_Example1' (CrateType: 'BS_Hacked_Crate')
2025-11-19 01:25:40 [INFO] CrateSpawner: Skipping ConfigUniqueID 'DefaultDynamicEvent_Example1'. Players required: 1, Current: 0
2025-11-19 01:25:40 [INFO] OnCrateSpawnTickPeriodic - Management Tick finished. Next check in 3600 seconds.
2025-11-19 02:25:40 [INFO] --------------------------------------------------------------------------
2025-11-19 02:25:40 [INFO] OnCrateSpawnTickPeriodic - Management Tick received. Evaluating individual crate configs...
2025-11-19 02:25:40 [INFO] --------------------------------------------------------------------------
2025-11-19 02:25:40 [INFO] Config 'DefaultDynamicEvent_Example1' is due for a check. Processing...
2025-11-19 02:25:40 [INFO] CrateSpawner: Processing ConfigUniqueID: 'DefaultDynamicEvent_Example1' (CrateType: 'BS_Hacked_Crate')
2025-11-19 02:25:40 [INFO] CrateSpawner: Skipping ConfigUniqueID 'DefaultDynamicEvent_Example1'. Players required: 1, Current: 0
2025-11-19 02:25:40 [INFO] OnCrateSpawnTickPeriodic - Management Tick finished. Next check in 3600 seconds.
2025-11-19 03:25:40 [INFO] --------------------------------------------------------------------------
2025-11-19 03:25:40 [INFO] OnCrateSpawnTickPeriodic - Management Tick received. Evaluating individual crate configs...
2025-11-19 03:25:40 [INFO] --------------------------------------------------------------------------
2025-11-19 03:25:40 [INFO] Config 'DefaultDynamicEvent_Example1' is due for a check. Processing...
2025-11-19 03:25:40 [INFO] CrateSpawner: Processing ConfigUniqueID: 'DefaultDynamicEvent_Example1' (CrateType: 'BS_Hacked_Crate')
2025-11-19 03:25:40 [INFO] CrateSpawner: Skipping ConfigUniqueID 'DefaultDynamicEvent_Example1'. Players required: 1, Current: 0
2025-11-19 03:25:40 [INFO] OnCrateSpawnTickPeriodic - Management Tick finished. Next check in 3600 seconds.
2025-11-19 04:25:40 [INFO] --------------------------------------------------------------------------
2025-11-19 04:25:40 [INFO] OnCrateSpawnTickPeriodic - Management Tick received. Evaluating individual crate configs...
2025-11-19 04:25:40 [INFO] --------------------------------------------------------------------------
2025-11-19 04:25:40 [INFO] Config 'DefaultDynamicEvent_Example1' is due for a check. Processing...
2025-11-19 04:25:40 [INFO] CrateSpawner: Processing ConfigUniqueID: 'DefaultDynamicEvent_Example1' (CrateType: 'BS_Hacked_Crate')
2025-11-19 04:25:40 [INFO] CrateSpawner: Skipping ConfigUniqueID 'DefaultDynamicEvent_Example1'. Players required: 1, Current: 0
2025-11-19 04:25:40 [INFO] OnCrateSpawnTickPeriodic - Management Tick finished. Next check in 3600 seconds.
2025-11-19 05:25:40 [INFO] --------------------------------------------------------------------------
2025-11-19 05:25:40 [INFO] OnCrateSpawnTickPeriodic - Management Tick received. Evaluating individual crate configs...
2025-11-19 05:25:40 [INFO] --------------------------------------------------------------------------
2025-11-19 05:25:40 [INFO] Config 'DefaultDynamicEvent_Example1' is due for a check. Processing...
2025-11-19 05:25:40 [INFO] CrateSpawner: Processing ConfigUniqueID: 'DefaultDynamicEvent_Example1' (CrateType: 'BS_Hacked_Crate')
2025-11-19 05:25:40 [INFO] CrateSpawner: Skipping ConfigUniqueID 'DefaultDynamicEvent_Example1'. Players required: 1, Current: 0
2025-11-19 05:25:40 [INFO] OnCrateSpawnTickPeriodic - Management Tick finished. Next check in 3600 seconds.
2025-11-19 06:25:40 [INFO] --------------------------------------------------------------------------
2025-11-19 06:25:40 [INFO] OnCrateSpawnTickPeriodic - Management Tick received. Evaluating individual crate configs...
2025-11-19 06:25:40 [INFO] --------------------------------------------------------------------------
2025-11-19 06:25:40 [INFO] Config 'DefaultDynamicEvent_Example1' is due for a check. Processing...
2025-11-19 06:25:40 [INFO] CrateSpawner: Processing ConfigUniqueID: 'DefaultDynamicEvent_Example1' (CrateType: 'BS_Hacked_Crate')
2025-11-19 06:25:40 [INFO] CrateSpawner: Skipping ConfigUniqueID 'DefaultDynamicEvent_Example1'. Players required: 1, Current: 0
2025-11-19 06:25:40 [INFO] OnCrateSpawnTickPeriodic - Management Tick finished. Next check in 3600 seconds.
2025-11-19 07:25:40 [INFO] --------------------------------------------------------------------------
2025-11-19 07:25:40 [INFO] OnCrateSpawnTickPeriodic - Management Tick received. Evaluating individual crate configs...
2025-11-19 07:25:40 [INFO] --------------------------------------------------------------------------
2025-11-19 07:25:40 [INFO] Config 'DefaultDynamicEvent_Example1' is due for a check. Processing...
2025-11-19 07:25:40 [INFO] CrateSpawner: Processing ConfigUniqueID: 'DefaultDynamicEvent_Example1' (CrateType: 'BS_Hacked_Crate')
2025-11-19 07:25:40 [INFO] CrateSpawner: Skipping ConfigUniqueID 'DefaultDynamicEvent_Example1'. Players required: 1, Current: 0
2025-11-19 07:25:40 [INFO] OnCrateSpawnTickPeriodic - Management Tick finished. Next check in 3600 seconds.
2025-11-19 08:25:40 [INFO] --------------------------------------------------------------------------
2025-11-19 08:25:40 [INFO] OnCrateSpawnTickPeriodic - Management Tick received. Evaluating individual crate configs...
2025-11-19 08:25:40 [INFO] --------------------------------------------------------------------------
2025-11-19 08:25:40 [INFO] Config 'DefaultDynamicEvent_Example1' is due for a check. Processing...
2025-11-19 08:25:40 [INFO] CrateSpawner: Processing ConfigUniqueID: 'DefaultDynamicEvent_Example1' (CrateType: 'BS_Hacked_Crate')
2025-11-19 08:25:40 [INFO] CrateSpawner: Skipping ConfigUniqueID 'DefaultDynamicEvent_Example1'. Players required: 1, Current: 0
2025-11-19 08:25:40 [INFO] OnCrateSpawnTickPeriodic - Management Tick finished. Next check in 3600 seconds.
2025-11-19 09:25:40 [INFO] --------------------------------------------------------------------------
2025-11-19 09:25:40 [INFO] OnCrateSpawnTickPeriodic - Management Tick received. Evaluating individual crate configs...
2025-11-19 09:25:40 [INFO] --------------------------------------------------------------------------
2025-11-19 09:25:40 [INFO] Config 'DefaultDynamicEvent_Example1' is due for a check. Processing...
2025-11-19 09:25:40 [INFO] CrateSpawner: Processing ConfigUniqueID: 'DefaultDynamicEvent_Example1' (CrateType: 'BS_Hacked_Crate')
2025-11-19 09:25:40 [INFO] CrateSpawner: Skipping ConfigUniqueID 'DefaultDynamicEvent_Example1'. Players required: 1, Current: 0
2025-11-19 09:25:40 [INFO] OnCrateSpawnTickPeriodic - Management Tick finished. Next check in 3600 seconds.
2025-11-19 10:25:40 [INFO] --------------------------------------------------------------------------
2025-11-19 10:25:40 [INFO] OnCrateSpawnTickPeriodic - Management Tick received. Evaluating individual crate configs...
2025-11-19 10:25:40 [INFO] --------------------------------------------------------------------------
2025-11-19 10:25:40 [INFO] Config 'DefaultDynamicEvent_Example1' is due for a check. Processing...
2025-11-19 10:25:40 [INFO] CrateSpawner: Processing ConfigUniqueID: 'DefaultDynamicEvent_Example1' (CrateType: 'BS_Hacked_Crate')
2025-11-19 10:25:40 [INFO] CrateSpawner: Skipping ConfigUniqueID 'DefaultDynamicEvent_Example1'. Players required: 1, Current: 0
2025-11-19 10:25:40 [INFO] OnCrateSpawnTickPeriodic - Management Tick finished. Next check in 3600 seconds.
2025-11-19 11:25:40 [INFO] --------------------------------------------------------------------------
2025-11-19 11:25:40 [INFO] OnCrateSpawnTickPeriodic - Management Tick received. Evaluating individual crate configs...
2025-11-19 11:25:40 [INFO] --------------------------------------------------------------------------
2025-11-19 11:25:40 [INFO] Config 'DefaultDynamicEvent_Example1' is due for a check. Processing...
2025-11-19 11:25:40 [INFO] CrateSpawner: Processing ConfigUniqueID: 'DefaultDynamicEvent_Example1' (CrateType: 'BS_Hacked_Crate')
2025-11-19 11:25:40 [INFO] CrateSpawner: Skipping ConfigUniqueID 'DefaultDynamicEvent_Example1'. Players required: 1, Current: 0
2025-11-19 11:25:40 [INFO] OnCrateSpawnTickPeriodic - Management Tick finished. Next check in 3600 seconds.
2025-11-19 12:25:40 [INFO] --------------------------------------------------------------------------
2025-11-19 12:25:40 [INFO] OnCrateSpawnTickPeriodic - Management Tick received. Evaluating individual crate configs...
2025-11-19 12:25:40 [INFO] --------------------------------------------------------------------------
2025-11-19 12:25:40 [INFO] Config 'DefaultDynamicEvent_Example1' is due for a check. Processing...
2025-11-19 12:25:40 [INFO] CrateSpawner: Processing ConfigUniqueID: 'DefaultDynamicEvent_Example1' (CrateType: 'BS_Hacked_Crate')
2025-11-19 12:25:40 [INFO] CrateSpawner: Skipping ConfigUniqueID 'DefaultDynamicEvent_Example1'. Players required: 1, Current: 0
2025-11-19 12:25:40 [INFO] OnCrateSpawnTickPeriodic - Management Tick finished. Next check in 3600 seconds.
2025-11-19 13:25:40 [INFO] --------------------------------------------------------------------------
2025-11-19 13:25:40 [INFO] OnCrateSpawnTickPeriodic - Management Tick received. Evaluating individual crate configs...
2025-11-19 13:25:40 [INFO] --------------------------------------------------------------------------
2025-11-19 13:25:40 [INFO] Config 'DefaultDynamicEvent_Example1' is due for a check. Processing...
2025-11-19 13:25:40 [INFO] CrateSpawner: Processing ConfigUniqueID: 'DefaultDynamicEvent_Example1' (CrateType: 'BS_Hacked_Crate')
2025-11-19 13:25:40 [INFO] CrateSpawner: Skipping ConfigUniqueID 'DefaultDynamicEvent_Example1'. Players required: 1, Current: 0
2025-11-19 13:25:40 [INFO] OnCrateSpawnTickPeriodic - Management Tick finished. Next check in 3600 seconds.
2025-11-19 14:25:40 [INFO] --------------------------------------------------------------------------
2025-11-19 14:25:40 [INFO] OnCrateSpawnTickPeriodic - Management Tick received. Evaluating individual crate configs...
2025-11-19 14:25:40 [INFO] --------------------------------------------------------------------------
2025-11-19 14:25:40 [INFO] Config 'DefaultDynamicEvent_Example1' is due for a check. Processing...
2025-11-19 14:25:40 [INFO] CrateSpawner: Processing ConfigUniqueID: 'DefaultDynamicEvent_Example1' (CrateType: 'BS_Hacked_Crate')
2025-11-19 14:25:40 [INFO] CrateSpawner: Skipping ConfigUniqueID 'DefaultDynamicEvent_Example1'. Players required: 1, Current: 0
2025-11-19 14:25:40 [INFO] OnCrateSpawnTickPeriodic - Management Tick finished. Next check in 3600 seconds.
2025-11-19 15:25:40 [INFO] --------------------------------------------------------------------------
2025-11-19 15:25:40 [INFO] OnCrateSpawnTickPeriodic - Management Tick received. Evaluating individual crate configs...
2025-11-19 15:25:40 [INFO] --------------------------------------------------------------------------
2025-11-19 15:25:40 [INFO] Config 'DefaultDynamicEvent_Example1' is due for a check. Processing...
2025-11-19 15:25:40 [INFO] CrateSpawner: Processing ConfigUniqueID: 'DefaultDynamicEvent_Example1' (CrateType: 'BS_Hacked_Crate')
2025-11-19 15:25:40 [INFO] CrateSpawner: Skipping ConfigUniqueID 'DefaultDynamicEvent_Example1'. Players required: 1, Current: 0
2025-11-19 15:25:40 [INFO] OnCrateSpawnTickPeriodic - Management Tick finished. Next check in 3600 seconds.
2025-11-19 16:25:40 [INFO] --------------------------------------------------------------------------
2025-11-19 16:25:40 [INFO] OnCrateSpawnTickPeriodic - Management Tick received. Evaluating individual crate configs...
2025-11-19 16:25:40 [INFO] --------------------------------------------------------------------------
2025-11-19 16:25:40 [INFO] Config 'DefaultDynamicEvent_Example1' is due for a check. Processing...
2025-11-19 16:25:40 [INFO] CrateSpawner: Processing ConfigUniqueID: 'DefaultDynamicEvent_Example1' (CrateType: 'BS_Hacked_Crate')
2025-11-19 16:25:40 [INFO] CrateSpawner: Skipping ConfigUniqueID 'DefaultDynamicEvent_Example1'. Players required: 1, Current: 0
2025-11-19 16:25:40 [INFO] OnCrateSpawnTickPeriodic - Management Tick finished. Next check in 3600 seconds.
2025-11-19 17:25:40 [INFO] --------------------------------------------------------------------------
2025-11-19 17:25:40 [INFO] OnCrateSpawnTickPeriodic - Management Tick received. Evaluating individual crate configs...
2025-11-19 17:25:40 [INFO] --------------------------------------------------------------------------
2025-11-19 17:25:40 [INFO] Config 'DefaultDynamicEvent_Example1' is due for a check. Processing...
2025-11-19 17:25:40 [INFO] CrateSpawner: Processing ConfigUniqueID: 'DefaultDynamicEvent_Example1' (CrateType: 'BS_Hacked_Crate')
2025-11-19 17:25:40 [INFO] CrateSpawner: Skipping ConfigUniqueID 'DefaultDynamicEvent_Example1'. Players required: 1, Current: 0
2025-11-19 17:25:40 [INFO] OnCrateSpawnTickPeriodic - Management Tick finished. Next check in 3600 seconds.
2025-11-19 18:25:40 [INFO] --------------------------------------------------------------------------
2025-11-19 18:25:40 [INFO] OnCrateSpawnTickPeriodic - Management Tick received. Evaluating individual crate configs...
2025-11-19 18:25:40 [INFO] --------------------------------------------------------------------------
2025-11-19 18:25:40 [INFO] Config 'DefaultDynamicEvent_Example1' is due for a check. Processing...
2025-11-19 18:25:40 [INFO] CrateSpawner: Processing ConfigUniqueID: 'DefaultDynamicEvent_Example1' (CrateType: 'BS_Hacked_Crate')
2025-11-19 18:25:40 [INFO] CrateSpawner: Skipping ConfigUniqueID 'DefaultDynamicEvent_Example1'. Players required: 1, Current: 0
2025-11-19 18:25:40 [INFO] OnCrateSpawnTickPeriodic - Management Tick finished. Next check in 3600 seconds.
2025-11-19 19:25:40 [INFO] --------------------------------------------------------------------------
2025-11-19 19:25:40 [INFO] OnCrateSpawnTickPeriodic - Management Tick received. Evaluating individual crate configs...
2025-11-19 19:25:40 [INFO] --------------------------------------------------------------------------
2025-11-19 19:25:40 [INFO] Config 'DefaultDynamicEvent_Example1' is due for a check. Processing...
2025-11-19 19:25:40 [INFO] CrateSpawner: Processing ConfigUniqueID: 'DefaultDynamicEvent_Example1' (CrateType: 'BS_Hacked_Crate')
2025-11-19 19:25:40 [INFO] CrateSpawner: Skipping ConfigUniqueID 'DefaultDynamicEvent_Example1'. Players required: 1, Current: 0
2025-11-19 19:25:40 [INFO] OnCrateSpawnTickPeriodic - Management Tick finished. Next check in 3600 seconds.
2025-11-19 20:25:40 [INFO] --------------------------------------------------------------------------
2025-11-19 20:25:40 [INFO] OnCrateSpawnTickPeriodic - Management Tick received. Evaluating individual crate configs...
2025-11-19 20:25:40 [INFO] --------------------------------------------------------------------------
2025-11-19 20:25:40 [INFO] Config 'DefaultDynamicEvent_Example1' is due for a check. Processing...
2025-11-19 20:25:40 [INFO] CrateSpawner: Processing ConfigUniqueID: 'DefaultDynamicEvent_Example1' (CrateType: 'BS_Hacked_Crate')
2025-11-19 20:25:40 [INFO] CrateSpawner: Skipping ConfigUniqueID 'DefaultDynamicEvent_Example1'. Players required: 1, Current: 0
2025-11-19 20:25:40 [INFO] OnCrateSpawnTickPeriodic - Management Tick finished. Next check in 3600 seconds.
