2025-11-12 15:44:33 [INFO] OnInit - Initializing Bastardos Hacked Crates System...
2025-11-12 15:44:33 [INFO] OnInit - Loading Hacked Crate Loot Configuration (loot_pools.json)...
2025-11-12 15:44:33 [INFO] [BSHCLootPoolConfig] Found loot_pools.json at: $profile:\Bastardo_HC\loot_pools.json
2025-11-12 15:44:33 [INFO] [BSHCLootPoolConfig] JsonLoadFile executed. Loaded 2 categories defined in the root.
2025-11-12 15:44:33 [INFO] [BSHCLootPoolConfig] Category 'DefaultArmaments' has 1 loot pools.
2025-11-12 15:44:33 [INFO] [BSHCLootPoolConfig] Category 'DefaultMedical' has 1 loot pools.
2025-11-12 15:44:33 [INFO] OnInit - Hacked Crate Loot Configuration processed successfully.
2025-11-12 15:44:33 [INFO] OnInit - Loading Hacked Crate settings (global, static, dynamic)...
2025-11-12 15:44:33 [INFO] CrateManagement instance created with default grace period and tick interval.
2025-11-12 15:44:33 [INFO] [BSHCGlobalServerSettings] Loading from: $profile:\Bastardo_HC\BS_Global_settings.json
2025-11-12 15:44:33 [INFO] [CrateConfigManager] Re-saved static_crates.json to include any new options.
2025-11-12 15:44:33 [INFO] [CrateConfigManager] Re-saved dynamic_crates.json to include any new options.
2025-11-12 15:44:33 [INFO] [CrateConfigManager] Static CrateManagement has been set.
2025-11-12 15:44:33 [INFO] CrateSpawner instance created.
2025-11-12 15:44:33 [INFO] OnInit - Crate Spawner created. Grace Period: 5 minutes. Periodic Tick: 3600 seconds.
2025-11-12 15:44:33 [INFO] OnInit - Bastardos Hacked Crates System Initialization sequence finished.
2025-11-12 15:44:40 [INFO] OnMissionStart - Server mission started. Scheduling Hacked Crate cleanup and initial spawn setup.
2025-11-12 15:44:40 [INFO] OnMissionStart - Immediate STATIC Crate spawn scheduled in 15 seconds.
2025-11-12 15:44:40 [INFO] OnMissionStart - Initial DYNAMIC Crate spawn scheduled in approx. 320 seconds.
2025-11-12 15:44:40 [INFO] OnMissionStart - Scheduling first PERIODIC Crate Spawn Tick in approx. 3600 seconds.
2025-11-12 15:45:44 [INFO] DeleteHackedCratesFromKnownLocations - Starting cleanup of Hacked Crates from KNOWN SPAWN LOCATIONS as defined in configurations...
2025-11-12 15:45:44 [INFO] DeleteHackedCratesFromKnownLocations - Cleanup from known locations finished. Total inactive Hacked Crates (matching type and location) deleted: 0
2025-11-12 15:45:49 [INFO] PerformImmediateStaticSpawn - Calling CrateSpawner to setup STATIC Hacked Crates...
2025-11-12 15:45:49 [INFO] CrateSpawner: ------------- Starting IMMEDIATE STATIC Spawn Pass -------------
2025-11-12 15:45:49 [INFO] CrateSpawner: Processing IMMEDIATE STATIC for ConfigUniqueID: 'DefaultStaticEvent_Example1'.
2025-11-12 15:45:49 [INFO] SpawnStaticCrates: Processing 1 static locations for ConfigUniqueID: 'DefaultStaticEvent_Example1'.
2025-11-12 15:45:49 [INFO] SpawnStaticCrates: Location <2471.820068, 193.177002, 5114.220215> is free. Attempting to spawn crate.
2025-11-12 15:45:49 [INFO] Inventory for BS_Hacked_Crate LOCKED. IsOpen: false LootAccessActionDone: false
2025-11-12 15:45:49 [INFO] HackedCrate_Base (BS_Hacked_Crate): Instance specific CrateSettings assigned. ConfigUniqueID: DefaultStaticEvent_Example1
2025-11-12 15:45:49 [INFO] [SpawnAIAroundCrate] Spawning 1 AI(s) next to the crate.
2025-11-12 15:45:49 [INFO] [SpawnAIAroundCrate] Successfully spawned ZmbM_SoldierNormal at <2467.187744, 192.916168, 5130.043457>
2025-11-12 15:45:49 [INFO] CrateSpawner: ------------- Finished IMMEDIATE STATIC Spawn Pass -------------
2025-11-12 15:45:49 [INFO] DeferredEEInitLogic: START for BS_Hacked_Crate<3008987>. m_LoadedExpansionMarkerUID (should be from OnStoreLoad) is ''. Current m_ExpansionMarkerUID (active) is ''
2025-11-12 15:45:49 [INFO] DeferredEEInitLogic: Settings acquired successfully for BS_Hacked_Crate<3008987>.
2025-11-12 15:45:49 [INFO] DeferredEEInitLogic: m_ExpansionMarkerUID is empty. Calling CreateExpansionMapMarker for BS_Hacked_Crate<3008987>.
2025-11-12 15:45:49 [INFO] EXP_DEBUG: Inside CreateExpansionMapMarker for BS_Hacked_Crate.UseExpansionMapMarker is true.
2025-11-12 15:45:49 [INFO] EXP_DEBUG: EXPANSIONMODNAVIGATION is NOT defined. No Expansion marker will be created.
2025-11-12 15:45:49 [INFO] DeferredEEInitLogic: AG DEBUG for BS_Hacked_Crate<3008987>
2025-11-12 15:45:49 [INFO] BSHC_AG_DEBUG: BSHC_CreateAdvancedGroupsMapMarker call.
2025-11-12 15:45:49 [INFO] BSHC_AG_DEBUG: Final Marker Name: '#STR_BSHC_HackedCrate_DisplayName'
2025-11-12 15:45:49 [INFO] BSHC_AG_DEBUG: Trying to create AG marker with name: #STR_BSHC_HackedCrate_DisplayName, Pos: <2471.820068, 193.177002, 5114.220215>, Icon: BS_HackedCrate/gui/iconcrate.paa, Color: -65536, ShowOnMap: true, ShowInWorld: true
2025-11-12 15:45:49 [INFO] BSHC_AG_DEBUG: LBStaticMarkerManager.Get is accessible.
2025-11-12 15:45:49 [INFO] BSHC_AG_DEBUG: Created AG marker (UID: 1802360570) for BS_Hacked_Crate
2025-11-12 15:45:49 [INFO] DeferredEEInitLogic: Final m_LootAccessActionDone for BS_Hacked_Crate<3008987> is: false
2025-11-12 15:45:49 [INFO] Inventory for BS_Hacked_Crate LOCKED. IsOpen: false LootAccessActionDone: false
2025-11-12 15:45:49 [INFO] DeferredEEInitLogic: FINISHED for BS_Hacked_Crate<3008987>
