2025-11-09 09:10:06 [INFO] OnInit - Initializing Bastardos Hacked Crates System...
2025-11-09 09:10:06 [INFO] OnInit - Loading Hacked Crate Loot Configuration (loot_pools.json)...
2025-11-09 09:10:06 [INFO] [BSHCLootPoolConfig] Found loot_pools.json at: $profile:\Bastardo_HC\loot_pools.json
2025-11-09 09:10:06 [INFO] [BSHCLootPoolConfig] JsonLoadFile executed. Loaded 2 categories defined in the root.
2025-11-09 09:10:06 [INFO] [BSHCLootPoolConfig] Category 'DefaultArmaments' has 1 loot pools.
2025-11-09 09:10:06 [INFO] [BSHCLootPoolConfig] Category 'DefaultMedical' has 1 loot pools.
2025-11-09 09:10:06 [INFO] OnInit - Hacked Crate Loot Configuration processed successfully.
2025-11-09 09:10:06 [INFO] OnInit - Loading Hacked Crate settings (global, static, dynamic)...
2025-11-09 09:10:06 [INFO] CrateManagement instance created with default grace period and tick interval.
2025-11-09 09:10:06 [INFO] [BSHCGlobalServerSettings] Loading from: $profile:\Bastardo_HC\BS_Global_settings.json
2025-11-09 09:10:06 [INFO] [CrateConfigManager] Re-saved static_crates.json to include any new options.
2025-11-09 09:10:06 [INFO] [CrateConfigManager] Re-saved dynamic_crates.json to include any new options.
2025-11-09 09:10:06 [INFO] [CrateConfigManager] Static CrateManagement has been set.
2025-11-09 09:10:06 [INFO] CrateSpawner instance created.
2025-11-09 09:10:06 [INFO] OnInit - Crate Spawner created. Grace Period: 5 minutes. Periodic Tick: 3600 seconds.
2025-11-09 09:10:06 [INFO] OnInit - Bastardos Hacked Crates System Initialization sequence finished.
2025-11-09 09:10:10 [INFO] OnMissionStart - Server mission started. Scheduling Hacked Crate cleanup and initial spawn setup.
2025-11-09 09:10:10 [INFO] OnMissionStart - Immediate STATIC Crate spawn scheduled in 15 seconds.
2025-11-09 09:10:10 [INFO] OnMissionStart - Initial DYNAMIC Crate spawn scheduled in approx. 320 seconds.
2025-11-09 09:10:10 [INFO] OnMissionStart - Scheduling first PERIODIC Crate Spawn Tick in approx. 3600 seconds.
2025-11-09 09:10:22 [INFO] Inventory for BS_Hacked_Crate LOCKED. IsOpen: false LootAccessActionDone: false
2025-11-09 09:10:22 [INFO] OnStoreLoad: m_ConfigUniqueID_Persist set from storage to: 'DefaultStaticEvent_Example1' for BS_Hacked_Crate<2986670>
2025-11-09 09:10:22 [INFO] OnStoreLoad: FINISHED loading raw data into member variables for BS_Hacked_Crate<2986670>
2025-11-09 09:10:25 [INFO] Inventory for BS_Hacked_Crate LOCKED. IsOpen: false LootAccessActionDone: false
2025-11-09 09:10:25 [INFO] OnStoreLoad: m_ConfigUniqueID_Persist set from storage to: 'DefaultDynamicEvent_Example1' for BS_Hacked_Crate<2991376>
2025-11-09 09:10:25 [INFO] OnStoreLoad: FINISHED loading raw data into member variables for BS_Hacked_Crate<2991376>
2025-11-09 09:10:26 [INFO] Inventory for BS_Hacked_Crate LOCKED. IsOpen: false LootAccessActionDone: false
2025-11-09 09:10:26 [INFO] OnStoreLoad: m_ConfigUniqueID_Persist set from storage to: 'DefaultDynamicEvent_Example1' for BS_Hacked_Crate<2993672>
2025-11-09 09:10:26 [INFO] OnStoreLoad: FINISHED loading raw data into member variables for BS_Hacked_Crate<2993672>
2025-11-09 09:10:39 [INFO] DeferredEEInitLogic: START for BS_Hacked_Crate<2986670>. m_LoadedExpansionMarkerUID (should be from OnStoreLoad) is ''. Current m_ExpansionMarkerUID (active) is ''
2025-11-09 09:10:39 [INFO] GetCrateSettings: m_CrateSettings_Instance is NULL for BS_Hacked_Crate<2986670>. Calling AttemptToReacquireSettings().
2025-11-09 09:10:39 [INFO] HackedCrate_Base (BS_Hacked_Crate): Attempting to re-acquire CrateSettings. Persisted ConfigUniqueID is: 'DefaultStaticEvent_Example1'
2025-11-09 09:10:39 [INFO] HackedCrate_Base (BS_Hacked_Crate): Instance specific CrateSettings assigned. ConfigUniqueID: DefaultStaticEvent_Example1
2025-11-09 09:10:39 [INFO] HackedCrate_Base (BS_Hacked_Crate): Successfully re-acquired CrateSettings by persisted ConfigUniqueID 'DefaultStaticEvent_Example1'.
2025-11-09 09:10:39 [INFO] DeferredEEInitLogic: Settings acquired successfully for BS_Hacked_Crate<2986670>.
2025-11-09 09:10:39 [INFO] DeferredEEInitLogic: m_ExpansionMarkerUID is empty. Calling CreateExpansionMapMarker for BS_Hacked_Crate<2986670>.
2025-11-09 09:10:39 [INFO] EXP_DEBUG: Inside CreateExpansionMapMarker for BS_Hacked_Crate.UseExpansionMapMarker is true.
2025-11-09 09:10:39 [INFO] EXP_DEBUG: EXPANSIONMODNAVIGATION is NOT defined. No Expansion marker will be created.
2025-11-09 09:10:39 [INFO] DeferredEEInitLogic: AG DEBUG for BS_Hacked_Crate<2986670>
2025-11-09 09:10:39 [INFO] BSHC_AG_DEBUG: BSHC_CreateAdvancedGroupsMapMarker call.
2025-11-09 09:10:39 [INFO] BSHC_AG_DEBUG: Final Marker Name: '#STR_BSHC_HackedCrate_DisplayName'
2025-11-09 09:10:39 [INFO] BSHC_AG_DEBUG: Trying to create AG marker with name: #STR_BSHC_HackedCrate_DisplayName, Pos: <2471.820068, 193.177002, 5114.220215>, Icon: BS_HackedCrate/gui/iconcrate.paa, Color: -65536, ShowOnMap: true, ShowInWorld: true
2025-11-09 09:10:39 [INFO] BSHC_AG_DEBUG: LBStaticMarkerManager.Get is accessible.
2025-11-09 09:10:39 [INFO] BSHC_AG_DEBUG: Created AG marker (UID: 1854201123) for BS_Hacked_Crate
2025-11-09 09:10:39 [INFO] DeferredEEInitLogic: Final m_LootAccessActionDone for BS_Hacked_Crate<2986670> is: true
2025-11-09 09:10:39 [INFO] StartAutoDespawnTimer: Auto-despawn timer started for BS_Hacked_Crate<c29b14e0>. Will delete in 1623.56s.
2025-11-09 09:10:39 [INFO] Inventory for BS_Hacked_Crate UNLOCKED. IsOpen: true LootAccessActionDone: true
2025-11-09 09:10:39 [INFO] DeferredEEInitLogic: FINISHED for BS_Hacked_Crate<2986670>
2025-11-09 09:10:39 [INFO] DeferredEEInitLogic: Re-added persistent crate BS_Hacked_Crate to g_ActiveHackedCrates list.
2025-11-09 09:10:39 [INFO] DeferredEEInitLogic: START for BS_Hacked_Crate<2991376>. m_LoadedExpansionMarkerUID (should be from OnStoreLoad) is ''. Current m_ExpansionMarkerUID (active) is ''
2025-11-09 09:10:39 [INFO] GetCrateSettings: m_CrateSettings_Instance is NULL for BS_Hacked_Crate<2991376>. Calling AttemptToReacquireSettings().
2025-11-09 09:10:39 [INFO] HackedCrate_Base (BS_Hacked_Crate): Attempting to re-acquire CrateSettings. Persisted ConfigUniqueID is: 'DefaultDynamicEvent_Example1'
2025-11-09 09:10:39 [INFO] HackedCrate_Base (BS_Hacked_Crate): Instance specific CrateSettings assigned. ConfigUniqueID: DefaultDynamicEvent_Example1
2025-11-09 09:10:39 [INFO] HackedCrate_Base (BS_Hacked_Crate): Successfully re-acquired CrateSettings by persisted ConfigUniqueID 'DefaultDynamicEvent_Example1'.
2025-11-09 09:10:39 [INFO] DeferredEEInitLogic: Settings acquired successfully for BS_Hacked_Crate<2991376>.
2025-11-09 09:10:39 [INFO] DeferredEEInitLogic: m_ExpansionMarkerUID is empty. Calling CreateExpansionMapMarker for BS_Hacked_Crate<2991376>.
2025-11-09 09:10:39 [INFO] EXP_DEBUG: Inside CreateExpansionMapMarker for BS_Hacked_Crate.UseExpansionMapMarker is true.
2025-11-09 09:10:39 [INFO] EXP_DEBUG: EXPANSIONMODNAVIGATION is NOT defined. No Expansion marker will be created.
2025-11-09 09:10:39 [INFO] DeferredEEInitLogic: AG DEBUG for BS_Hacked_Crate<2991376>
2025-11-09 09:10:39 [INFO] BSHC_AG_DEBUG: BSHC_CreateAdvancedGroupsMapMarker call.
2025-11-09 09:10:39 [INFO] BSHC_AG_DEBUG: Final Marker Name: '#STR_BSHC_HackedCrate_DisplayName'
2025-11-09 09:10:39 [INFO] BSHC_AG_DEBUG: Trying to create AG marker with name: #STR_BSHC_HackedCrate_DisplayName, Pos: <4732.430176, 338.968994, 10350.200195>, Icon: BS_HackedCrate/gui/iconcrate.paa, Color: -65536, ShowOnMap: true, ShowInWorld: true
2025-11-09 09:10:39 [INFO] BSHC_AG_DEBUG: LBStaticMarkerManager.Get is accessible.
2025-11-09 09:10:39 [INFO] BSHC_AG_DEBUG: Created AG marker (UID: 783572455) for BS_Hacked_Crate
2025-11-09 09:10:39 [INFO] DeferredEEInitLogic: Final m_LootAccessActionDone for BS_Hacked_Crate<2991376> is: false
2025-11-09 09:10:39 [INFO] Inventory for BS_Hacked_Crate LOCKED. IsOpen: false LootAccessActionDone: false
2025-11-09 09:10:39 [INFO] DeferredEEInitLogic: FINISHED for BS_Hacked_Crate<2991376>
2025-11-09 09:10:39 [INFO] DeferredEEInitLogic: Re-added persistent crate BS_Hacked_Crate to g_ActiveHackedCrates list.
2025-11-09 09:10:39 [INFO] DeferredEEInitLogic: START for BS_Hacked_Crate<2993672>. m_LoadedExpansionMarkerUID (should be from OnStoreLoad) is ''. Current m_ExpansionMarkerUID (active) is ''
2025-11-09 09:10:39 [INFO] GetCrateSettings: m_CrateSettings_Instance is NULL for BS_Hacked_Crate<2993672>. Calling AttemptToReacquireSettings().
2025-11-09 09:10:39 [INFO] HackedCrate_Base (BS_Hacked_Crate): Attempting to re-acquire CrateSettings. Persisted ConfigUniqueID is: 'DefaultDynamicEvent_Example1'
2025-11-09 09:10:39 [INFO] HackedCrate_Base (BS_Hacked_Crate): Instance specific CrateSettings assigned. ConfigUniqueID: DefaultDynamicEvent_Example1
2025-11-09 09:10:39 [INFO] HackedCrate_Base (BS_Hacked_Crate): Successfully re-acquired CrateSettings by persisted ConfigUniqueID 'DefaultDynamicEvent_Example1'.
2025-11-09 09:10:39 [INFO] DeferredEEInitLogic: Settings acquired successfully for BS_Hacked_Crate<2993672>.
2025-11-09 09:10:39 [INFO] DeferredEEInitLogic: m_ExpansionMarkerUID is empty. Calling CreateExpansionMapMarker for BS_Hacked_Crate<2993672>.
2025-11-09 09:10:39 [INFO] EXP_DEBUG: Inside CreateExpansionMapMarker for BS_Hacked_Crate.UseExpansionMapMarker is true.
2025-11-09 09:10:39 [INFO] EXP_DEBUG: EXPANSIONMODNAVIGATION is NOT defined. No Expansion marker will be created.
2025-11-09 09:10:39 [INFO] DeferredEEInitLogic: AG DEBUG for BS_Hacked_Crate<2993672>
2025-11-09 09:10:39 [INFO] BSHC_AG_DEBUG: BSHC_CreateAdvancedGroupsMapMarker call.
2025-11-09 09:10:39 [INFO] BSHC_AG_DEBUG: Final Marker Name: '#STR_BSHC_HackedCrate_DisplayName'
2025-11-09 09:10:39 [INFO] BSHC_AG_DEBUG: Trying to create AG marker with name: #STR_BSHC_HackedCrate_DisplayName, Pos: <4553.689941, 317.975006, 8352.099609>, Icon: BS_HackedCrate/gui/iconcrate.paa, Color: -65536, ShowOnMap: true, ShowInWorld: true
2025-11-09 09:10:39 [INFO] BSHC_AG_DEBUG: LBStaticMarkerManager.Get is accessible.
2025-11-09 09:10:39 [INFO] BSHC_AG_DEBUG: Created AG marker (UID: 513490382) for BS_Hacked_Crate
2025-11-09 09:10:39 [INFO] DeferredEEInitLogic: Final m_LootAccessActionDone for BS_Hacked_Crate<2993672> is: false
2025-11-09 09:10:39 [INFO] Inventory for BS_Hacked_Crate LOCKED. IsOpen: false LootAccessActionDone: false
2025-11-09 09:10:39 [INFO] DeferredEEInitLogic: FINISHED for BS_Hacked_Crate<2993672>
2025-11-09 09:10:39 [INFO] DeferredEEInitLogic: Re-added persistent crate BS_Hacked_Crate to g_ActiveHackedCrates list.
2025-11-09 09:11:12 [INFO] DeleteHackedCratesFromKnownLocations - Starting cleanup of Hacked Crates from KNOWN SPAWN LOCATIONS as defined in configurations...
2025-11-09 09:11:12 [INFO] DeleteHackedCratesFromKnownLocations - SKIPPING ACTIVE: BS_Hacked_Crate (TimerStarted: false, IsOpen: true) at <2471.820068, 193.177002, 5114.220215>
2025-11-09 09:11:12 [INFO] DeleteHackedCratesFromKnownLocations - Deleting INACTIVE: BS_Hacked_Crate (ID: 2991376) found at configured spawn Pos: <4732.430176, 338.968994, 10350.200195> for CrateType BS_Hacked_Crate
2025-11-09 09:11:12 [INFO] EEDelete called for BS_Hacked_Crate at <4732.430176, 338.968994, 10350.200195>
2025-11-09 09:11:12 [INFO] EXP_REMOVE_DEBUG: Attempting RemoveExpansionMapMarker. Context: EEDelete. Current UID: '' for BS_Hacked_Crate<2991376>
2025-11-09 09:11:12 [INFO] EXP_REMOVE_DEBUG: EXPANSIONMODNAVIGATION NOT defined. Cannot remove marker. Context: EEDelete for BS_Hacked_Crate<2991376>
2025-11-09 09:11:12 [INFO] BSHC_AG_DEBUG: BSHC_RemoveAdvancedGroupsMapMarker called.
2025-11-09 09:11:12 [INFO] BSHC_AG_DEBUG: Removing AG marker UID: 783572455
2025-11-09 09:11:12 [INFO] BSHC_AG_DEBUG: AG marker UID 783572455 successfully removed.
2025-11-09 09:11:12 [INFO] HackedCrate (BS_Hacked_Crate): Sending RPC Notification. Type: DESPAWN, Key: #STR_BSHC_Notification_Despawn_Located
2025-11-09 09:11:12 [INFO] EEDelete: Removed BS_Hacked_Crate from g_ActiveHackedCrates. Remaining count: 2
2025-11-09 09:11:12 [INFO] DeleteHackedCratesFromKnownLocations - Deleting INACTIVE: BS_Hacked_Crate (ID: 2993672) found at configured spawn Pos: <4553.689941, 317.975006, 8352.099609> for CrateType BS_Hacked_Crate
2025-11-09 09:11:12 [INFO] EEDelete called for BS_Hacked_Crate at <4553.689941, 317.975006, 8352.099609>
2025-11-09 09:11:12 [INFO] EXP_REMOVE_DEBUG: Attempting RemoveExpansionMapMarker. Context: EEDelete. Current UID: '' for BS_Hacked_Crate<2993672>
2025-11-09 09:11:12 [INFO] EXP_REMOVE_DEBUG: EXPANSIONMODNAVIGATION NOT defined. Cannot remove marker. Context: EEDelete for BS_Hacked_Crate<2993672>
2025-11-09 09:11:12 [INFO] BSHC_AG_DEBUG: BSHC_RemoveAdvancedGroupsMapMarker called.
2025-11-09 09:11:12 [INFO] BSHC_AG_DEBUG: Removing AG marker UID: 513490382
2025-11-09 09:11:12 [INFO] BSHC_AG_DEBUG: AG marker UID 513490382 successfully removed.
2025-11-09 09:11:12 [INFO] HackedCrate (BS_Hacked_Crate): Sending RPC Notification. Type: DESPAWN, Key: #STR_BSHC_Notification_Despawn_Located
2025-11-09 09:11:12 [INFO] EEDelete: Removed BS_Hacked_Crate from g_ActiveHackedCrates. Remaining count: 1
2025-11-09 09:11:12 [INFO] DeleteHackedCratesFromKnownLocations - Cleanup from known locations finished. Total inactive Hacked Crates (matching type and location) deleted: 2
2025-11-09 09:11:17 [INFO] PerformImmediateStaticSpawn - Calling CrateSpawner to setup STATIC Hacked Crates...
2025-11-09 09:11:17 [INFO] CrateSpawner: ------------- Starting IMMEDIATE STATIC Spawn Pass -------------
2025-11-09 09:11:17 [INFO] CrateSpawner: Processing IMMEDIATE STATIC for ConfigUniqueID: 'DefaultStaticEvent_Example1'.
2025-11-09 09:11:17 [INFO] SpawnStaticCrates: Processing 1 static locations for ConfigUniqueID: 'DefaultStaticEvent_Example1'.
2025-11-09 09:11:17 [INFO] SpawnStaticCrates: Location <2471.820068, 193.177002, 5114.220215> is already occupied by an active crate. Skipping.
2025-11-09 09:11:17 [INFO] CrateSpawner: ------------- Finished IMMEDIATE STATIC Spawn Pass -------------
2025-11-09 09:16:22 [INFO] PerformInitialDynamicSpawn - Grace period ended. Calling CrateSpawner to setup initial DYNAMIC Hacked Crates...
2025-11-09 09:16:22 [INFO] CrateSpawner: ------------- Starting INITIAL DYNAMIC Spawn Pass (Post-Grace) -------------
2025-11-09 09:16:22 [INFO] CrateSpawner: Current server population for dynamic spawn: 2 players.
2025-11-09 09:16:22 [INFO] CrateSpawner: Processing DYNAMIC for ConfigUniqueID: 'DefaultDynamicEvent_Example1'.
2025-11-09 09:16:22 [INFO] CrateSpawner: Attempting to spawn 2 for ConfigUniqueID: 'DefaultDynamicEvent_Example1'.
2025-11-09 09:16:22 [INFO] SpawnRandomCrates: Attempting to spawn 2 of type 'BS_Hacked_Crate' with ConfigUniqueID 'DefaultDynamicEvent_Example1'.
2025-11-09 09:16:22 [INFO] SpawnRandomCrates: Shuffled list for 'DefaultDynamicEvent_Example1' is empty or non-existent. Regenerating and shuffling.
2025-11-09 09:16:22 [INFO] CrateSpawner: Sending spawn warning for 'BS_Hacked_Crate' at Airfield
2025-11-09 09:16:22 [INFO] CrateSpawner: Added to pending list for ConfigUniqueID 'DefaultDynamicEvent_Example1'. New pending count: 1
2025-11-09 09:16:22 [INFO] CrateSpawner: Sending spawn warning for 'BS_Hacked_Crate' at VMC
2025-11-09 09:16:22 [INFO] CrateSpawner: Added to pending list for ConfigUniqueID 'DefaultDynamicEvent_Example1'. New pending count: 2
2025-11-09 09:16:22 [INFO] CrateSpawner: ------------- Finished INITIAL DYNAMIC Spawn Pass -------------
2025-11-09 09:26:22 [INFO] SpawnCrateAfterWarning: Timer finished. Spawning crate BS_Hacked_Crate. Removed from pending list. New pending count: 1
2025-11-09 09:26:22 [INFO] Inventory for BS_Hacked_Crate LOCKED. IsOpen: false LootAccessActionDone: false
2025-11-09 09:26:22 [INFO] HackedCrate_Base (BS_Hacked_Crate): Instance specific CrateSettings assigned. ConfigUniqueID: DefaultDynamicEvent_Example1
2025-11-09 09:26:22 [INFO] CrateSpawner: Standard Notification RPC sent. Key: #STR_BSHC_Notification_Spawn_Located
2025-11-09 09:26:22 [INFO] [SpawnAIAroundCrate] Spawning 3 AI(s) next to the crate.
2025-11-09 09:26:22 [INFO] [SpawnAIAroundCrate] Successfully spawned ZmbM_SoldierNormal at <4724.573242, 339.000000, 10359.271484>
2025-11-09 09:26:22 [INFO] [SpawnAIAroundCrate] Successfully spawned ZmbM_SoldierNormal at <4717.251465, 339.000000, 10341.210938>
2025-11-09 09:26:22 [INFO] [SpawnAIAroundCrate] Successfully spawned ZmbM_SoldierNormal at <4755.571777, 339.000000, 10349.565430>
2025-11-09 09:26:22 [INFO] SpawnCrateAfterWarning: Timer finished. Spawning crate BS_Hacked_Crate. Removed from pending list. New pending count: 0
2025-11-09 09:26:22 [INFO] Inventory for BS_Hacked_Crate LOCKED. IsOpen: false LootAccessActionDone: false
2025-11-09 09:26:22 [INFO] HackedCrate_Base (BS_Hacked_Crate): Instance specific CrateSettings assigned. ConfigUniqueID: DefaultDynamicEvent_Example1
2025-11-09 09:26:22 [INFO] CrateSpawner: Standard Notification RPC sent. Key: #STR_BSHC_Notification_Spawn_Located
2025-11-09 09:26:22 [INFO] [SpawnAIAroundCrate] Spawning 1 AI(s) next to the crate.
2025-11-09 09:26:22 [INFO] [SpawnAIAroundCrate] Successfully spawned ZmbM_SoldierNormal at <4533.916504, 317.702454, 8349.532227>
2025-11-09 09:26:22 [INFO] DeferredEEInitLogic: START for BS_Hacked_Crate<3014623>. m_LoadedExpansionMarkerUID (should be from OnStoreLoad) is ''. Current m_ExpansionMarkerUID (active) is ''
2025-11-09 09:26:22 [INFO] DeferredEEInitLogic: Settings acquired successfully for BS_Hacked_Crate<3014623>.
2025-11-09 09:26:22 [INFO] DeferredEEInitLogic: m_ExpansionMarkerUID is empty. Calling CreateExpansionMapMarker for BS_Hacked_Crate<3014623>.
2025-11-09 09:26:22 [INFO] EXP_DEBUG: Inside CreateExpansionMapMarker for BS_Hacked_Crate.UseExpansionMapMarker is true.
2025-11-09 09:26:22 [INFO] EXP_DEBUG: EXPANSIONMODNAVIGATION is NOT defined. No Expansion marker will be created.
2025-11-09 09:26:22 [INFO] DeferredEEInitLogic: AG DEBUG for BS_Hacked_Crate<3014623>
2025-11-09 09:26:22 [INFO] BSHC_AG_DEBUG: BSHC_CreateAdvancedGroupsMapMarker call.
2025-11-09 09:26:22 [INFO] BSHC_AG_DEBUG: Final Marker Name: '#STR_BSHC_HackedCrate_DisplayName'
2025-11-09 09:26:22 [INFO] BSHC_AG_DEBUG: Trying to create AG marker with name: #STR_BSHC_HackedCrate_DisplayName, Pos: <4732.430176, 338.968994, 10350.200195>, Icon: BS_HackedCrate/gui/iconcrate.paa, Color: -65536, ShowOnMap: true, ShowInWorld: true
2025-11-09 09:26:22 [INFO] BSHC_AG_DEBUG: LBStaticMarkerManager.Get is accessible.
2025-11-09 09:26:22 [INFO] BSHC_AG_DEBUG: Created AG marker (UID: 677073214) for BS_Hacked_Crate
2025-11-09 09:26:22 [INFO] DeferredEEInitLogic: Final m_LootAccessActionDone for BS_Hacked_Crate<3014623> is: false
2025-11-09 09:26:22 [INFO] Inventory for BS_Hacked_Crate LOCKED. IsOpen: false LootAccessActionDone: false
2025-11-09 09:26:22 [INFO] DeferredEEInitLogic: FINISHED for BS_Hacked_Crate<3014623>
2025-11-09 09:26:22 [INFO] DeferredEEInitLogic: START for BS_Hacked_Crate<3014627>. m_LoadedExpansionMarkerUID (should be from OnStoreLoad) is ''. Current m_ExpansionMarkerUID (active) is ''
2025-11-09 09:26:22 [INFO] DeferredEEInitLogic: Settings acquired successfully for BS_Hacked_Crate<3014627>.
2025-11-09 09:26:22 [INFO] DeferredEEInitLogic: m_ExpansionMarkerUID is empty. Calling CreateExpansionMapMarker for BS_Hacked_Crate<3014627>.
2025-11-09 09:26:22 [INFO] EXP_DEBUG: Inside CreateExpansionMapMarker for BS_Hacked_Crate.UseExpansionMapMarker is true.
2025-11-09 09:26:22 [INFO] EXP_DEBUG: EXPANSIONMODNAVIGATION is NOT defined. No Expansion marker will be created.
2025-11-09 09:26:22 [INFO] DeferredEEInitLogic: AG DEBUG for BS_Hacked_Crate<3014627>
2025-11-09 09:26:22 [INFO] BSHC_AG_DEBUG: BSHC_CreateAdvancedGroupsMapMarker call.
2025-11-09 09:26:22 [INFO] BSHC_AG_DEBUG: Final Marker Name: '#STR_BSHC_HackedCrate_DisplayName'
2025-11-09 09:26:22 [INFO] BSHC_AG_DEBUG: Trying to create AG marker with name: #STR_BSHC_HackedCrate_DisplayName, Pos: <4553.689941, 317.975006, 8352.099609>, Icon: BS_HackedCrate/gui/iconcrate.paa, Color: -65536, ShowOnMap: true, ShowInWorld: true
2025-11-09 09:26:22 [INFO] BSHC_AG_DEBUG: LBStaticMarkerManager.Get is accessible.
2025-11-09 09:26:22 [INFO] BSHC_AG_DEBUG: Created AG marker (UID: 1845484570) for BS_Hacked_Crate
2025-11-09 09:26:22 [INFO] DeferredEEInitLogic: Final m_LootAccessActionDone for BS_Hacked_Crate<3014627> is: false
2025-11-09 09:26:22 [INFO] Inventory for BS_Hacked_Crate LOCKED. IsOpen: false LootAccessActionDone: false
2025-11-09 09:26:22 [INFO] DeferredEEInitLogic: FINISHED for BS_Hacked_Crate<3014627>
2025-11-09 09:38:29 [INFO] DeleteCrateScheduled: Auto-despawn timer finished for BS_Hacked_Crate<c29b14e0>. Deleting crate now.
2025-11-09 09:38:29 [INFO] EXP_REMOVE_DEBUG: Attempting RemoveExpansionMapMarker. Context: UnknownContext. Current UID: '' for BS_Hacked_Crate<2986670>
2025-11-09 09:38:29 [INFO] EXP_REMOVE_DEBUG: EXPANSIONMODNAVIGATION NOT defined. Cannot remove marker. Context: UnknownContext for BS_Hacked_Crate<2986670>
2025-11-09 09:38:29 [INFO] EEDelete called for BS_Hacked_Crate at <2471.820068, 193.177002, 5114.220215>
2025-11-09 09:38:29 [INFO] EXP_REMOVE_DEBUG: Attempting RemoveExpansionMapMarker. Context: EEDelete. Current UID: '' for BS_Hacked_Crate<2986670>
2025-11-09 09:38:29 [INFO] EXP_REMOVE_DEBUG: EXPANSIONMODNAVIGATION NOT defined. Cannot remove marker. Context: EEDelete for BS_Hacked_Crate<2986670>
2025-11-09 09:38:29 [INFO] BSHC_AG_DEBUG: BSHC_RemoveAdvancedGroupsMapMarker called.
2025-11-09 09:38:29 [INFO] BSHC_AG_DEBUG: Removing AG marker UID: 1854201123
2025-11-09 09:38:29 [INFO] BSHC_AG_DEBUG: AG marker UID 1854201123 successfully removed.
2025-11-09 09:38:29 [INFO] HackedCrate (BS_Hacked_Crate): Sending RPC Notification. Type: DESPAWN, Key: #STR_BSHC_Notification_Despawn_Located
2025-11-09 09:38:29 [INFO] EEDelete: Removed BS_Hacked_Crate from g_ActiveHackedCrates. Remaining count: 2
2025-11-09 10:00:12 [INFO] EEDelete called for BS_Hacked_Crate at <4553.689941, 317.975006, 8352.099609>
2025-11-09 10:00:12 [INFO] EXP_REMOVE_DEBUG: Attempting RemoveExpansionMapMarker. Context: EEDelete. Current UID: '' for BS_Hacked_Crate<3014627>
2025-11-09 10:00:12 [INFO] EXP_REMOVE_DEBUG: EXPANSIONMODNAVIGATION NOT defined. Cannot remove marker. Context: EEDelete for BS_Hacked_Crate<3014627>
2025-11-09 10:00:12 [INFO] BSHC_AG_DEBUG: BSHC_RemoveAdvancedGroupsMapMarker called.
2025-11-09 10:00:12 [INFO] BSHC_AG_DEBUG: Removing AG marker UID: 1845484570
2025-11-09 10:00:12 [INFO] BSHC_AG_DEBUG: AG marker UID 1845484570 successfully removed.
2025-11-09 10:00:12 [INFO] HackedCrate (BS_Hacked_Crate): Sending RPC Notification. Type: DESPAWN, Key: #STR_BSHC_Notification_Despawn_Located
2025-11-09 10:00:12 [INFO] EEDelete: Removed BS_Hacked_Crate from g_ActiveHackedCrates. Remaining count: 1
2025-11-09 10:04:15 [INFO] EEDelete called for BS_Hacked_Crate at <4732.430176, 338.968994, 10350.200195>
2025-11-09 10:04:15 [INFO] EXP_REMOVE_DEBUG: Attempting RemoveExpansionMapMarker. Context: EEDelete. Current UID: '' for BS_Hacked_Crate<3014623>
2025-11-09 10:04:15 [INFO] EXP_REMOVE_DEBUG: EXPANSIONMODNAVIGATION NOT defined. Cannot remove marker. Context: EEDelete for BS_Hacked_Crate<3014623>
2025-11-09 10:04:15 [INFO] BSHC_AG_DEBUG: BSHC_RemoveAdvancedGroupsMapMarker called.
2025-11-09 10:04:15 [INFO] BSHC_AG_DEBUG: Removing AG marker UID: 677073214
2025-11-09 10:04:15 [INFO] BSHC_AG_DEBUG: AG marker UID 677073214 successfully removed.
2025-11-09 10:04:15 [INFO] HackedCrate (BS_Hacked_Crate): Sending RPC Notification. Type: DESPAWN, Key: #STR_BSHC_Notification_Despawn_Located
2025-11-09 10:04:15 [INFO] EEDelete: Removed BS_Hacked_Crate from g_ActiveHackedCrates. Remaining count: 0
2025-11-09 10:11:02 [INFO] --------------------------------------------------------------------------
2025-11-09 10:11:02 [INFO] OnCrateSpawnTickPeriodic - Management Tick received. Evaluating individual crate configs...
2025-11-09 10:11:02 [INFO] --------------------------------------------------------------------------
2025-11-09 10:11:02 [INFO] Config 'DefaultDynamicEvent_Example1' is due for a check. Processing...
2025-11-09 10:11:02 [INFO] CrateSpawner: Processing ConfigUniqueID: 'DefaultDynamicEvent_Example1' (CrateType: 'BS_Hacked_Crate')
2025-11-09 10:11:02 [INFO] CrateSpawner: Handling RANDOM for ConfigUniqueID: 'DefaultDynamicEvent_Example1'.
2025-11-09 10:11:02 [INFO] CrateSpawner: ConfigUniqueID 'DefaultDynamicEvent_Example1' - Existing: 0, Target Active: 2
2025-11-09 10:11:02 [INFO] CrateSpawner: Attempting to spawn 2 for ConfigUniqueID: 'DefaultDynamicEvent_Example1'.
2025-11-09 10:11:02 [INFO] SpawnRandomCrates: Attempting to spawn 2 of type 'BS_Hacked_Crate' with ConfigUniqueID 'DefaultDynamicEvent_Example1'.
2025-11-09 10:11:02 [INFO] SpawnRandomCrates: Shuffled list for 'DefaultDynamicEvent_Example1' is empty or non-existent. Regenerating and shuffling.
2025-11-09 10:11:02 [INFO] CrateSpawner: Sending spawn warning for 'BS_Hacked_Crate' at VMC
2025-11-09 10:11:02 [INFO] CrateSpawner: Added to pending list for ConfigUniqueID 'DefaultDynamicEvent_Example1'. New pending count: 1
2025-11-09 10:11:02 [INFO] CrateSpawner: Sending spawn warning for 'BS_Hacked_Crate' at Airfield
2025-11-09 10:11:02 [INFO] CrateSpawner: Added to pending list for ConfigUniqueID 'DefaultDynamicEvent_Example1'. New pending count: 2
2025-11-09 10:11:02 [INFO] OnCrateSpawnTickPeriodic - Management Tick finished. Next check in 3600 seconds.
2025-11-09 10:21:02 [INFO] SpawnCrateAfterWarning: Timer finished. Spawning crate BS_Hacked_Crate. Removed from pending list. New pending count: 1
2025-11-09 10:21:02 [INFO] Inventory for BS_Hacked_Crate LOCKED. IsOpen: false LootAccessActionDone: false
2025-11-09 10:21:02 [INFO] HackedCrate_Base (BS_Hacked_Crate): Instance specific CrateSettings assigned. ConfigUniqueID: DefaultDynamicEvent_Example1
2025-11-09 10:21:02 [INFO] CrateSpawner: Standard Notification RPC sent. Key: #STR_BSHC_Notification_Spawn_Located
2025-11-09 10:21:02 [INFO] [SpawnAIAroundCrate] Spawning 3 AI(s) next to the crate.
2025-11-09 10:21:02 [INFO] [SpawnAIAroundCrate] Successfully spawned ZmbM_SoldierNormal at <4547.255859, 317.715240, 8375.625977>
2025-11-09 10:21:02 [INFO] [SpawnAIAroundCrate] Successfully spawned ZmbM_SoldierNormal at <4559.129883, 317.989990, 8343.353516>
2025-11-09 10:21:02 [INFO] [SpawnAIAroundCrate] Successfully spawned ZmbM_SoldierNormal at <4531.343750, 317.582550, 8351.724609>
2025-11-09 10:21:02 [INFO] SpawnCrateAfterWarning: Timer finished. Spawning crate BS_Hacked_Crate. Removed from pending list. New pending count: 0
2025-11-09 10:21:02 [INFO] Inventory for BS_Hacked_Crate LOCKED. IsOpen: false LootAccessActionDone: false
2025-11-09 10:21:02 [INFO] HackedCrate_Base (BS_Hacked_Crate): Instance specific CrateSettings assigned. ConfigUniqueID: DefaultDynamicEvent_Example1
2025-11-09 10:21:02 [INFO] CrateSpawner: Standard Notification RPC sent. Key: #STR_BSHC_Notification_Spawn_Located
2025-11-09 10:21:02 [INFO] [SpawnAIAroundCrate] Spawning 1 AI(s) next to the crate.
2025-11-09 10:21:02 [INFO] [SpawnAIAroundCrate] Successfully spawned ZmbM_SoldierNormal at <4732.005859, 339.000000, 10360.772461>
2025-11-09 10:21:02 [INFO] DeferredEEInitLogic: START for BS_Hacked_Crate<3017017>. m_LoadedExpansionMarkerUID (should be from OnStoreLoad) is ''. Current m_ExpansionMarkerUID (active) is ''
2025-11-09 10:21:02 [INFO] DeferredEEInitLogic: Settings acquired successfully for BS_Hacked_Crate<3017017>.
2025-11-09 10:21:02 [INFO] DeferredEEInitLogic: m_ExpansionMarkerUID is empty. Calling CreateExpansionMapMarker for BS_Hacked_Crate<3017017>.
2025-11-09 10:21:02 [INFO] EXP_DEBUG: Inside CreateExpansionMapMarker for BS_Hacked_Crate.UseExpansionMapMarker is true.
2025-11-09 10:21:02 [INFO] EXP_DEBUG: EXPANSIONMODNAVIGATION is NOT defined. No Expansion marker will be created.
2025-11-09 10:21:02 [INFO] DeferredEEInitLogic: AG DEBUG for BS_Hacked_Crate<3017017>
2025-11-09 10:21:02 [INFO] BSHC_AG_DEBUG: BSHC_CreateAdvancedGroupsMapMarker call.
2025-11-09 10:21:02 [INFO] BSHC_AG_DEBUG: Final Marker Name: '#STR_BSHC_HackedCrate_DisplayName'
2025-11-09 10:21:02 [INFO] BSHC_AG_DEBUG: Trying to create AG marker with name: #STR_BSHC_HackedCrate_DisplayName, Pos: <4553.689941, 317.975006, 8352.099609>, Icon: BS_HackedCrate/gui/iconcrate.paa, Color: -65536, ShowOnMap: true, ShowInWorld: true
2025-11-09 10:21:02 [INFO] BSHC_AG_DEBUG: LBStaticMarkerManager.Get is accessible.
2025-11-09 10:21:02 [INFO] BSHC_AG_DEBUG: Created AG marker (UID: 612321676) for BS_Hacked_Crate
2025-11-09 10:21:02 [INFO] DeferredEEInitLogic: Final m_LootAccessActionDone for BS_Hacked_Crate<3017017> is: false
2025-11-09 10:21:02 [INFO] Inventory for BS_Hacked_Crate LOCKED. IsOpen: false LootAccessActionDone: false
2025-11-09 10:21:02 [INFO] DeferredEEInitLogic: FINISHED for BS_Hacked_Crate<3017017>
2025-11-09 10:21:02 [INFO] DeferredEEInitLogic: START for BS_Hacked_Crate<3017021>. m_LoadedExpansionMarkerUID (should be from OnStoreLoad) is ''. Current m_ExpansionMarkerUID (active) is ''
2025-11-09 10:21:02 [INFO] DeferredEEInitLogic: Settings acquired successfully for BS_Hacked_Crate<3017021>.
2025-11-09 10:21:02 [INFO] DeferredEEInitLogic: m_ExpansionMarkerUID is empty. Calling CreateExpansionMapMarker for BS_Hacked_Crate<3017021>.
2025-11-09 10:21:02 [INFO] EXP_DEBUG: Inside CreateExpansionMapMarker for BS_Hacked_Crate.UseExpansionMapMarker is true.
2025-11-09 10:21:02 [INFO] EXP_DEBUG: EXPANSIONMODNAVIGATION is NOT defined. No Expansion marker will be created.
2025-11-09 10:21:02 [INFO] DeferredEEInitLogic: AG DEBUG for BS_Hacked_Crate<3017021>
2025-11-09 10:21:02 [INFO] BSHC_AG_DEBUG: BSHC_CreateAdvancedGroupsMapMarker call.
2025-11-09 10:21:02 [INFO] BSHC_AG_DEBUG: Final Marker Name: '#STR_BSHC_HackedCrate_DisplayName'
2025-11-09 10:21:02 [INFO] BSHC_AG_DEBUG: Trying to create AG marker with name: #STR_BSHC_HackedCrate_DisplayName, Pos: <4732.430176, 338.968994, 10350.200195>, Icon: BS_HackedCrate/gui/iconcrate.paa, Color: -65536, ShowOnMap: true, ShowInWorld: true
2025-11-09 10:21:02 [INFO] BSHC_AG_DEBUG: LBStaticMarkerManager.Get is accessible.
2025-11-09 10:21:02 [INFO] BSHC_AG_DEBUG: Created AG marker (UID: 876243178) for BS_Hacked_Crate
2025-11-09 10:21:02 [INFO] DeferredEEInitLogic: Final m_LootAccessActionDone for BS_Hacked_Crate<3017021> is: false
2025-11-09 10:21:02 [INFO] Inventory for BS_Hacked_Crate LOCKED. IsOpen: false LootAccessActionDone: false
2025-11-09 10:21:02 [INFO] DeferredEEInitLogic: FINISHED for BS_Hacked_Crate<3017021>
