2025-11-25 22:37:20 [INFO] OnInit - Initializing Bastardos Hacked Crates System...
2025-11-25 22:37:20 [INFO] OnInit - Loading Hacked Crate Loot Configuration (loot_pools.json)...
2025-11-25 22:37:20 [INFO] [BSHCLootPoolConfig] Found loot_pools.json at: $profile:\Bastardo_HC\loot_pools.json
2025-11-25 22:37:20 [INFO] [BSHCLootPoolConfig] JsonLoadFile executed. Loaded 2 categories defined in the root.
2025-11-25 22:37:20 [INFO] [BSHCLootPoolConfig] Category 'DefaultArmaments' has 1 loot pools.
2025-11-25 22:37:20 [INFO] [BSHCLootPoolConfig] Category 'DefaultMedical' has 1 loot pools.
2025-11-25 22:37:20 [INFO] OnInit - Hacked Crate Loot Configuration processed successfully.
2025-11-25 22:37:20 [INFO] OnInit - Loading Hacked Crate settings (global, static, dynamic)...
2025-11-25 22:37:20 [INFO] CrateManagement instance created with default grace period and tick interval.
2025-11-25 22:37:20 [INFO] [BSHCGlobalServerSettings] Loading from: $profile:\Bastardo_HC\BS_Global_settings.json
2025-11-25 22:37:21 [INFO] [CrateConfigManager] Re-saved static_crates.json to include any new options.
2025-11-25 22:37:21 [INFO] [CrateConfigManager] Re-saved dynamic_crates.json to include any new options.
2025-11-25 22:37:21 [INFO] [CrateConfigManager] Static CrateManagement has been set.
2025-11-25 22:37:21 [INFO] CrateSpawner instance created.
2025-11-25 22:37:21 [INFO] OnInit - Crate Spawner created. Grace Period: 5 minutes. Periodic Tick: 3600 seconds.
2025-11-25 22:37:21 [INFO] OnInit - Bastardos Hacked Crates System Initialization sequence finished.
2025-11-25 22:37:28 [INFO] OnMissionStart - Server mission started. Scheduling Hacked Crate cleanup and initial spawn setup.
2025-11-25 22:37:28 [INFO] OnMissionStart - Immediate STATIC Crate spawn scheduled in 15 seconds.
2025-11-25 22:37:28 [INFO] OnMissionStart - Initial DYNAMIC Crate spawn scheduled in approx. 320 seconds.
2025-11-25 22:37:28 [INFO] OnMissionStart - Scheduling first PERIODIC Crate Spawn Tick in approx. 3600 seconds.
2025-11-25 22:38:27 [INFO] DeleteHackedCratesFromKnownLocations - Starting cleanup of Hacked Crates from KNOWN SPAWN LOCATIONS as defined in configurations...
2025-11-25 22:38:27 [INFO] DeleteHackedCratesFromKnownLocations - Cleanup from known locations finished. Total inactive Hacked Crates (matching type and location) deleted: 0
2025-11-25 22:38:32 [INFO] PerformImmediateStaticSpawn - Calling CrateSpawner to setup STATIC Hacked Crates...
2025-11-25 22:38:32 [INFO] CrateSpawner: ------------- Starting IMMEDIATE STATIC Spawn Pass -------------
2025-11-25 22:38:32 [INFO] CrateSpawner: Processing IMMEDIATE STATIC for ConfigUniqueID: 'DefaultStaticEvent_Example1'.
2025-11-25 22:38:32 [INFO] SpawnStaticCrates: Processing 1 static locations for ConfigUniqueID: 'DefaultStaticEvent_Example1'.
2025-11-25 22:38:32 [INFO] SpawnStaticCrates: Location <2471.820068, 193.177002, 5114.220215> is free. Attempting to spawn crate.
2025-11-25 22:38:32 [INFO] Inventory for BS_Hacked_Crate LOCKED. IsOpen: false LootAccessActionDone: false
2025-11-25 22:38:32 [INFO] HackedCrate_Base (BS_Hacked_Crate): Instance specific CrateSettings assigned. ConfigUniqueID: DefaultStaticEvent_Example1
2025-11-25 22:38:32 [INFO] [SpawnAIAroundCrate] Spawning 3 AI(s) next to the crate.
2025-11-25 22:38:32 [INFO] [SpawnAIAroundCrate] Successfully spawned ZmbM_SoldierNormal at <2456.258545, 193.266495, 5114.744141>
2025-11-25 22:38:32 [INFO] [SpawnAIAroundCrate] Successfully spawned ZmbM_SoldierNormal at <2460.823975, 193.118652, 5119.010254>
2025-11-25 22:38:32 [INFO] [SpawnAIAroundCrate] Successfully spawned ZmbM_SoldierNormal at <2486.455566, 193.214188, 5116.759766>
2025-11-25 22:38:32 [INFO] CrateSpawner: ------------- Finished IMMEDIATE STATIC Spawn Pass -------------
2025-11-25 22:38:32 [INFO] DeferredEEInitLogic: START for BS_Hacked_Crate<3009205>. m_LoadedExpansionMarkerUID (should be from OnStoreLoad) is ''. Current m_ExpansionMarkerUID (active) is ''
2025-11-25 22:38:32 [INFO] DeferredEEInitLogic: Settings acquired successfully for BS_Hacked_Crate<3009205>.
2025-11-25 22:38:32 [INFO] DeferredEEInitLogic: m_ExpansionMarkerUID is empty. Calling CreateExpansionMapMarker for BS_Hacked_Crate<3009205>.
2025-11-25 22:38:32 [INFO] EXP_DEBUG: Inside CreateExpansionMapMarker for BS_Hacked_Crate.UseExpansionMapMarker is true.
2025-11-25 22:38:32 [INFO] EXP_DEBUG: EXPANSIONMODNAVIGATION is NOT defined. No Expansion marker will be created.
2025-11-25 22:38:32 [INFO] DeferredEEInitLogic: AG DEBUG for BS_Hacked_Crate<3009205>
2025-11-25 22:38:32 [INFO] BSHC_AG_DEBUG: BSHC_CreateAdvancedGroupsMapMarker call.
2025-11-25 22:38:32 [INFO] BSHC_AG_DEBUG: Final Marker Name: '#STR_BSHC_HackedCrate_DisplayName'
2025-11-25 22:38:32 [INFO] BSHC_AG_DEBUG: Trying to create AG marker with name: #STR_BSHC_HackedCrate_DisplayName, Pos: <2471.820068, 193.177002, 5114.220215>, Icon: BS_HackedCrate/gui/iconcrate.paa, Color: -65536, ShowOnMap: true, ShowInWorld: true
2025-11-25 22:38:32 [INFO] BSHC_AG_DEBUG: LBStaticMarkerManager.Get is accessible.
2025-11-25 22:38:32 [INFO] BSHC_AG_DEBUG: Created AG marker (UID: 1161661141) for BS_Hacked_Crate
2025-11-25 22:38:32 [INFO] DeferredEEInitLogic: Final m_LootAccessActionDone for BS_Hacked_Crate<3009205> is: false
2025-11-25 22:38:32 [INFO] Inventory for BS_Hacked_Crate LOCKED. IsOpen: false LootAccessActionDone: false
2025-11-25 22:38:32 [INFO] DeferredEEInitLogic: FINISHED for BS_Hacked_Crate<3009205>
2025-11-25 22:43:37 [INFO] PerformInitialDynamicSpawn - Grace period ended. Calling CrateSpawner to setup initial DYNAMIC Hacked Crates...
2025-11-25 22:43:37 [INFO] CrateSpawner: ------------- Starting INITIAL DYNAMIC Spawn Pass (Post-Grace) -------------
2025-11-25 22:43:37 [INFO] CrateSpawner: Current server population for dynamic spawn: 1 players.
2025-11-25 22:43:37 [INFO] CrateSpawner: Processing DYNAMIC for ConfigUniqueID: 'DefaultDynamicEvent_Example1'.
2025-11-25 22:43:37 [INFO] CrateSpawner: Attempting to spawn 1 for ConfigUniqueID: 'DefaultDynamicEvent_Example1'.
2025-11-25 22:43:37 [INFO] SpawnRandomCrates: Attempting to spawn 1 of type 'BS_Hacked_Crate' with ConfigUniqueID 'DefaultDynamicEvent_Example1'.
2025-11-25 22:43:37 [INFO] SpawnRandomCrates: Shuffled list for 'DefaultDynamicEvent_Example1' is empty or non-existent. Regenerating and shuffling.
2025-11-25 22:43:37 [INFO] CrateSpawner: Sending spawn warning for 'BS_Hacked_Crate' at VMC
2025-11-25 22:43:37 [INFO] CrateSpawner: Added to pending list for ConfigUniqueID 'DefaultDynamicEvent_Example1'. New pending count: 1
2025-11-25 22:43:37 [INFO] CrateSpawner: ------------- Finished INITIAL DYNAMIC Spawn Pass -------------
2025-11-25 22:53:37 [INFO] SpawnCrateAfterWarning: Timer finished. Spawning crate BS_Hacked_Crate. Removed from pending list. New pending count: 0
2025-11-25 22:53:37 [INFO] Inventory for BS_Hacked_Crate LOCKED. IsOpen: false LootAccessActionDone: false
2025-11-25 22:53:37 [INFO] HackedCrate_Base (BS_Hacked_Crate): Instance specific CrateSettings assigned. ConfigUniqueID: DefaultDynamicEvent_Example1
2025-11-25 22:53:37 [INFO] CrateSpawner: Standard Notification RPC sent. Key: #STR_BSHC_Notification_Spawn_Located
2025-11-25 22:53:37 [INFO] [SpawnAIAroundCrate] Spawning 3 AI(s) next to the crate.
2025-11-25 22:53:37 [INFO] [SpawnAIAroundCrate] Successfully spawned ZmbM_SoldierNormal at <4571.253418, 317.989471, 8336.308594>
2025-11-25 22:53:37 [INFO] [SpawnAIAroundCrate] Successfully spawned ZmbM_SoldierNormal at <4557.350098, 317.989990, 8364.370117>
2025-11-25 22:53:37 [INFO] [SpawnAIAroundCrate] Successfully spawned ZmbM_SoldierNormal at <4550.235352, 317.963989, 8338.694336>
2025-11-25 22:53:37 [INFO] DeferredEEInitLogic: START for BS_Hacked_Crate<3015566>. m_LoadedExpansionMarkerUID (should be from OnStoreLoad) is ''. Current m_ExpansionMarkerUID (active) is ''
2025-11-25 22:53:37 [INFO] DeferredEEInitLogic: Settings acquired successfully for BS_Hacked_Crate<3015566>.
2025-11-25 22:53:37 [INFO] DeferredEEInitLogic: AG DEBUG for BS_Hacked_Crate<3015566>
2025-11-25 22:53:37 [INFO] BSHC_AG_DEBUG: BSHC_CreateAdvancedGroupsMapMarker call.
2025-11-25 22:53:37 [INFO] BSHC_AG_DEBUG: Final Marker Name: '#STR_BSHC_HackedCrate_DisplayName'
2025-11-25 22:53:37 [INFO] BSHC_AG_DEBUG: Trying to create AG marker with name: #STR_BSHC_HackedCrate_DisplayName, Pos: <4553.689941, 317.975006, 8352.099609>, Icon: BS_HackedCrate/gui/iconcrate.paa, Color: -65536, ShowOnMap: true, ShowInWorld: true
2025-11-25 22:53:37 [INFO] BSHC_AG_DEBUG: LBStaticMarkerManager.Get is accessible.
2025-11-25 22:53:37 [INFO] BSHC_AG_DEBUG: Created AG marker (UID: 1768739579) for BS_Hacked_Crate
2025-11-25 22:53:37 [INFO] DeferredEEInitLogic: Final m_LootAccessActionDone for BS_Hacked_Crate<3015566> is: false
2025-11-25 22:53:37 [INFO] Inventory for BS_Hacked_Crate LOCKED. IsOpen: false LootAccessActionDone: false
2025-11-25 22:53:37 [INFO] DeferredEEInitLogic: FINISHED for BS_Hacked_Crate<3015566>
2025-11-25 23:25:59 [INFO] EEDelete called for BS_Hacked_Crate at <2471.820068, 193.177002, 5114.220215>
2025-11-25 23:25:59 [INFO] EXP_REMOVE_DEBUG: Attempting RemoveExpansionMapMarker. Context: EEDelete. Current UID: '' for BS_Hacked_Crate<3009205>
2025-11-25 23:25:59 [INFO] EXP_REMOVE_DEBUG: EXPANSIONMODNAVIGATION NOT defined. Cannot remove marker. Context: EEDelete for BS_Hacked_Crate<3009205>
2025-11-25 23:25:59 [INFO] BSHC_AG_DEBUG: BSHC_RemoveAdvancedGroupsMapMarker called.
2025-11-25 23:25:59 [INFO] BSHC_AG_DEBUG: Removing AG marker UID: 1161661141
2025-11-25 23:25:59 [INFO] BSHC_AG_DEBUG: AG marker UID 1161661141 successfully removed.
2025-11-25 23:25:59 [INFO] HackedCrate (BS_Hacked_Crate): Sending RPC Notification. Type: DESPAWN, Key: #STR_BSHC_Notification_Despawn_Located
2025-11-25 23:25:59 [INFO] EEDelete: Removed BS_Hacked_Crate from g_ActiveHackedCrates. Remaining count: 1
2025-11-25 23:32:15 [INFO] EEDelete called for BS_Hacked_Crate at <4553.689941, 317.975006, 8352.099609>
2025-11-25 23:32:15 [INFO] EXP_REMOVE_DEBUG: Attempting RemoveExpansionMapMarker. Context: EEDelete. Current UID: '' for BS_Hacked_Crate<3015566>
2025-11-25 23:32:15 [INFO] EXP_REMOVE_DEBUG: EXPANSIONMODNAVIGATION NOT defined. Cannot remove marker. Context: EEDelete for BS_Hacked_Crate<3015566>
2025-11-25 23:32:15 [INFO] BSHC_AG_DEBUG: BSHC_RemoveAdvancedGroupsMapMarker called.
2025-11-25 23:32:15 [INFO] BSHC_AG_DEBUG: Removing AG marker UID: 1768739579
2025-11-25 23:32:15 [INFO] BSHC_AG_DEBUG: AG marker UID 1768739579 successfully removed.
2025-11-25 23:32:15 [INFO] HackedCrate (BS_Hacked_Crate): Sending RPC Notification. Type: DESPAWN, Key: #STR_BSHC_Notification_Despawn_Located
2025-11-25 23:32:15 [INFO] EEDelete: Removed BS_Hacked_Crate from g_ActiveHackedCrates. Remaining count: 0
2025-11-25 23:38:17 [INFO] --------------------------------------------------------------------------
2025-11-25 23:38:17 [INFO] OnCrateSpawnTickPeriodic - Management Tick received. Evaluating individual crate configs...
2025-11-25 23:38:17 [INFO] --------------------------------------------------------------------------
2025-11-25 23:38:17 [INFO] Config 'DefaultDynamicEvent_Example1' is due for a check. Processing...
2025-11-25 23:38:17 [INFO] CrateSpawner: Processing ConfigUniqueID: 'DefaultDynamicEvent_Example1' (CrateType: 'BS_Hacked_Crate')
2025-11-25 23:38:17 [INFO] CrateSpawner: Handling RANDOM for ConfigUniqueID: 'DefaultDynamicEvent_Example1'.
2025-11-25 23:38:17 [INFO] CrateSpawner: ConfigUniqueID 'DefaultDynamicEvent_Example1' - Existing: 0, Target Active: 1
2025-11-25 23:38:17 [INFO] CrateSpawner: Attempting to spawn 1 for ConfigUniqueID: 'DefaultDynamicEvent_Example1'.
2025-11-25 23:38:17 [INFO] SpawnRandomCrates: Attempting to spawn 1 of type 'BS_Hacked_Crate' with ConfigUniqueID 'DefaultDynamicEvent_Example1'.
2025-11-25 23:38:17 [INFO] CrateSpawner: Sending spawn warning for 'BS_Hacked_Crate' at Airfield
2025-11-25 23:38:17 [INFO] CrateSpawner: Added to pending list for ConfigUniqueID 'DefaultDynamicEvent_Example1'. New pending count: 1
2025-11-25 23:38:17 [INFO] OnCrateSpawnTickPeriodic - Management Tick finished. Next check in 3600 seconds.
2025-11-25 23:48:17 [INFO] SpawnCrateAfterWarning: Timer finished. Spawning crate BS_Hacked_Crate. Removed from pending list. New pending count: 0
2025-11-25 23:48:17 [INFO] Inventory for BS_Hacked_Crate LOCKED. IsOpen: false LootAccessActionDone: false
2025-11-25 23:48:17 [INFO] HackedCrate_Base (BS_Hacked_Crate): Instance specific CrateSettings assigned. ConfigUniqueID: DefaultDynamicEvent_Example1
2025-11-25 23:48:17 [INFO] CrateSpawner: Standard Notification RPC sent. Key: #STR_BSHC_Notification_Spawn_Located
2025-11-25 23:48:17 [INFO] [SpawnAIAroundCrate] Spawning 1 AI(s) next to the crate.
2025-11-25 23:48:17 [INFO] [SpawnAIAroundCrate] Successfully spawned ZmbM_SoldierNormal at <4751.181641, 339.000000, 10356.812500>
2025-11-25 23:48:17 [INFO] DeferredEEInitLogic: START for BS_Hacked_Crate<3019822>. m_LoadedExpansionMarkerUID (should be from OnStoreLoad) is ''. Current m_ExpansionMarkerUID (active) is ''
2025-11-25 23:48:17 [INFO] DeferredEEInitLogic: Settings acquired successfully for BS_Hacked_Crate<3019822>.
2025-11-25 23:48:17 [INFO] DeferredEEInitLogic: AG DEBUG for BS_Hacked_Crate<3019822>
2025-11-25 23:48:17 [INFO] BSHC_AG_DEBUG: BSHC_CreateAdvancedGroupsMapMarker call.
2025-11-25 23:48:17 [INFO] BSHC_AG_DEBUG: Final Marker Name: '#STR_BSHC_HackedCrate_DisplayName'
2025-11-25 23:48:17 [INFO] BSHC_AG_DEBUG: Trying to create AG marker with name: #STR_BSHC_HackedCrate_DisplayName, Pos: <4732.430176, 338.968994, 10350.200195>, Icon: BS_HackedCrate/gui/iconcrate.paa, Color: -65536, ShowOnMap: true, ShowInWorld: true
2025-11-25 23:48:17 [INFO] BSHC_AG_DEBUG: LBStaticMarkerManager.Get is accessible.
2025-11-25 23:48:17 [INFO] BSHC_AG_DEBUG: Created AG marker (UID: 1156090412) for BS_Hacked_Crate
2025-11-25 23:48:17 [INFO] DeferredEEInitLogic: Final m_LootAccessActionDone for BS_Hacked_Crate<3019822> is: false
2025-11-25 23:48:17 [INFO] Inventory for BS_Hacked_Crate LOCKED. IsOpen: false LootAccessActionDone: false
2025-11-25 23:48:17 [INFO] DeferredEEInitLogic: FINISHED for BS_Hacked_Crate<3019822>
2025-11-26 00:38:17 [INFO] --------------------------------------------------------------------------
2025-11-26 00:38:17 [INFO] OnCrateSpawnTickPeriodic - Management Tick received. Evaluating individual crate configs...
2025-11-26 00:38:17 [INFO] --------------------------------------------------------------------------
2025-11-26 00:38:17 [INFO] Config 'DefaultDynamicEvent_Example1' is due for a check. Processing...
2025-11-26 00:38:17 [INFO] CrateSpawner: Processing ConfigUniqueID: 'DefaultDynamicEvent_Example1' (CrateType: 'BS_Hacked_Crate')
2025-11-26 00:38:17 [INFO] CrateSpawner: Skipping ConfigUniqueID 'DefaultDynamicEvent_Example1'. Players required: 1, Current: 0
2025-11-26 00:38:17 [INFO] OnCrateSpawnTickPeriodic - Management Tick finished. Next check in 3600 seconds.
2025-11-26 01:38:17 [INFO] --------------------------------------------------------------------------
2025-11-26 01:38:17 [INFO] OnCrateSpawnTickPeriodic - Management Tick received. Evaluating individual crate configs...
2025-11-26 01:38:17 [INFO] --------------------------------------------------------------------------
2025-11-26 01:38:17 [INFO] Config 'DefaultDynamicEvent_Example1' is due for a check. Processing...
2025-11-26 01:38:17 [INFO] CrateSpawner: Processing ConfigUniqueID: 'DefaultDynamicEvent_Example1' (CrateType: 'BS_Hacked_Crate')
2025-11-26 01:38:17 [INFO] CrateSpawner: Skipping ConfigUniqueID 'DefaultDynamicEvent_Example1'. Players required: 1, Current: 0
2025-11-26 01:38:17 [INFO] OnCrateSpawnTickPeriodic - Management Tick finished. Next check in 3600 seconds.
2025-11-26 02:38:17 [INFO] --------------------------------------------------------------------------
2025-11-26 02:38:17 [INFO] OnCrateSpawnTickPeriodic - Management Tick received. Evaluating individual crate configs...
2025-11-26 02:38:17 [INFO] --------------------------------------------------------------------------
2025-11-26 02:38:17 [INFO] Config 'DefaultDynamicEvent_Example1' is due for a check. Processing...
2025-11-26 02:38:17 [INFO] CrateSpawner: Processing ConfigUniqueID: 'DefaultDynamicEvent_Example1' (CrateType: 'BS_Hacked_Crate')
2025-11-26 02:38:17 [INFO] CrateSpawner: Handling RANDOM for ConfigUniqueID: 'DefaultDynamicEvent_Example1'.
2025-11-26 02:38:17 [INFO] CrateSpawner: ConfigUniqueID 'DefaultDynamicEvent_Example1' - Existing: 1, Target Active: 1
2025-11-26 02:38:17 [INFO] OnCrateSpawnTickPeriodic - Management Tick finished. Next check in 3600 seconds.
2025-11-26 02:42:15 [INFO] EEDelete called for BS_Hacked_Crate at <4732.430176, 338.968994, 10350.200195>
2025-11-26 02:42:15 [INFO] EXP_REMOVE_DEBUG: Attempting RemoveExpansionMapMarker. Context: EEDelete. Current UID: '' for BS_Hacked_Crate<3019822>
2025-11-26 02:42:15 [INFO] EXP_REMOVE_DEBUG: EXPANSIONMODNAVIGATION NOT defined. Cannot remove marker. Context: EEDelete for BS_Hacked_Crate<3019822>
2025-11-26 02:42:15 [INFO] BSHC_AG_DEBUG: BSHC_RemoveAdvancedGroupsMapMarker called.
2025-11-26 02:42:15 [INFO] BSHC_AG_DEBUG: Removing AG marker UID: 1156090412
2025-11-26 02:42:15 [INFO] BSHC_AG_DEBUG: AG marker UID 1156090412 successfully removed.
2025-11-26 02:42:15 [INFO] HackedCrate (BS_Hacked_Crate): Sending RPC Notification. Type: DESPAWN, Key: #STR_BSHC_Notification_Despawn_Located
2025-11-26 02:42:15 [INFO] EEDelete: Removed BS_Hacked_Crate from g_ActiveHackedCrates. Remaining count: 0
2025-11-26 03:38:17 [INFO] --------------------------------------------------------------------------
2025-11-26 03:38:17 [INFO] OnCrateSpawnTickPeriodic - Management Tick received. Evaluating individual crate configs...
2025-11-26 03:38:17 [INFO] --------------------------------------------------------------------------
2025-11-26 03:38:17 [INFO] OnCrateSpawnTickPeriodic - Management Tick finished. Next check in 3600 seconds.
2025-11-26 04:38:17 [INFO] --------------------------------------------------------------------------
2025-11-26 04:38:17 [INFO] OnCrateSpawnTickPeriodic - Management Tick received. Evaluating individual crate configs...
2025-11-26 04:38:17 [INFO] --------------------------------------------------------------------------
2025-11-26 04:38:17 [INFO] Config 'DefaultDynamicEvent_Example1' is due for a check. Processing...
2025-11-26 04:38:17 [INFO] CrateSpawner: Processing ConfigUniqueID: 'DefaultDynamicEvent_Example1' (CrateType: 'BS_Hacked_Crate')
2025-11-26 04:38:17 [INFO] CrateSpawner: Handling RANDOM for ConfigUniqueID: 'DefaultDynamicEvent_Example1'.
2025-11-26 04:38:17 [INFO] CrateSpawner: ConfigUniqueID 'DefaultDynamicEvent_Example1' - Existing: 0, Target Active: 1
2025-11-26 04:38:17 [INFO] CrateSpawner: Attempting to spawn 1 for ConfigUniqueID: 'DefaultDynamicEvent_Example1'.
2025-11-26 04:38:17 [INFO] SpawnRandomCrates: Attempting to spawn 1 of type 'BS_Hacked_Crate' with ConfigUniqueID 'DefaultDynamicEvent_Example1'.
2025-11-26 04:38:17 [INFO] SpawnRandomCrates: Shuffled list for 'DefaultDynamicEvent_Example1' is empty or non-existent. Regenerating and shuffling.
2025-11-26 04:38:17 [INFO] CrateSpawner: Sending spawn warning for 'BS_Hacked_Crate' at VMC
2025-11-26 04:38:17 [INFO] CrateSpawner: Added to pending list for ConfigUniqueID 'DefaultDynamicEvent_Example1'. New pending count: 1
2025-11-26 04:38:17 [INFO] OnCrateSpawnTickPeriodic - Management Tick finished. Next check in 3600 seconds.
2025-11-26 04:48:17 [INFO] SpawnCrateAfterWarning: Timer finished. Spawning crate BS_Hacked_Crate. Removed from pending list. New pending count: 0
2025-11-26 04:48:17 [INFO] Inventory for BS_Hacked_Crate LOCKED. IsOpen: false LootAccessActionDone: false
2025-11-26 04:48:17 [INFO] HackedCrate_Base (BS_Hacked_Crate): Instance specific CrateSettings assigned. ConfigUniqueID: DefaultDynamicEvent_Example1
2025-11-26 04:48:17 [INFO] CrateSpawner: Standard Notification RPC sent. Key: #STR_BSHC_Notification_Spawn_Located
2025-11-26 04:48:17 [INFO] [SpawnAIAroundCrate] Spawning 2 AI(s) next to the crate.
2025-11-26 04:48:17 [INFO] [SpawnAIAroundCrate] Successfully spawned ZmbM_SoldierNormal at <4537.763672, 317.903198, 8352.367188>
2025-11-26 04:48:17 [INFO] [SpawnAIAroundCrate] Successfully spawned ZmbM_SoldierNormal at <4542.211426, 317.931396, 8346.503906>
2025-11-26 04:48:17 [INFO] DeferredEEInitLogic: START for BS_Hacked_Crate<3034405>. m_LoadedExpansionMarkerUID (should be from OnStoreLoad) is ''. Current m_ExpansionMarkerUID (active) is ''
2025-11-26 04:48:17 [INFO] DeferredEEInitLogic: Settings acquired successfully for BS_Hacked_Crate<3034405>.
2025-11-26 04:48:17 [INFO] DeferredEEInitLogic: AG DEBUG for BS_Hacked_Crate<3034405>
2025-11-26 04:48:17 [INFO] BSHC_AG_DEBUG: BSHC_CreateAdvancedGroupsMapMarker call.
2025-11-26 04:48:17 [INFO] BSHC_AG_DEBUG: Final Marker Name: '#STR_BSHC_HackedCrate_DisplayName'
2025-11-26 04:48:17 [INFO] BSHC_AG_DEBUG: Trying to create AG marker with name: #STR_BSHC_HackedCrate_DisplayName, Pos: <4553.689941, 317.975006, 8352.099609>, Icon: BS_HackedCrate/gui/iconcrate.paa, Color: -65536, ShowOnMap: true, ShowInWorld: true
2025-11-26 04:48:17 [INFO] BSHC_AG_DEBUG: LBStaticMarkerManager.Get is accessible.
2025-11-26 04:48:17 [INFO] BSHC_AG_DEBUG: Created AG marker (UID: 1671677810) for BS_Hacked_Crate
2025-11-26 04:48:17 [INFO] DeferredEEInitLogic: Final m_LootAccessActionDone for BS_Hacked_Crate<3034405> is: false
2025-11-26 04:48:17 [INFO] Inventory for BS_Hacked_Crate LOCKED. IsOpen: false LootAccessActionDone: false
2025-11-26 04:48:17 [INFO] DeferredEEInitLogic: FINISHED for BS_Hacked_Crate<3034405>
