2025-12-14 06:00:44 [INFO] OnInit - Initializing Bastardos Hacked Crates System...
2025-12-14 06:00:44 [INFO] OnInit - Loading Hacked Crate Loot Configuration (loot_pools.json)...
2025-12-14 06:00:44 [INFO] [BSHCLootPoolConfig] Found loot_pools.json at: $profile:\Bastardo_HC\loot_pools.json
2025-12-14 06:00:44 [INFO] [BSHCLootPoolConfig] JsonLoadFile executed. Loaded 1 categories defined in the root.
2025-12-14 06:00:44 [INFO] [BSHCLootPoolConfig] Category 'DefaultArmaments' has 0 loot pools.
2025-12-14 06:00:44 [INFO] OnInit - Hacked Crate Loot Configuration processed successfully.
2025-12-14 06:00:44 [INFO] OnInit - Loading Hacked Crate settings (global, static, dynamic)...
2025-12-14 06:00:44 [INFO] CrateManagement instance created with default grace period and tick interval.
2025-12-14 06:00:44 [INFO] [BSHCGlobalServerSettings] Loading from: $profile:\Bastardo_HC\BS_Global_settings.json
2025-12-14 06:00:44 [INFO] [BSHCGlobalServerSettings] Saving to: $profile:\Bastardo_HC\BS_Global_settings.json
2025-12-14 06:00:44 [INFO] [CrateConfigManager] Re-saved static_crates.json to include any new options.
2025-12-14 06:00:44 [INFO] [CrateConfigManager] Re-saved dynamic_crates.json to include any new options.
2025-12-14 06:00:44 [INFO] [CrateConfigManager] Static CrateManagement has been set.
2025-12-14 06:00:44 [INFO] CrateSpawner instance created.
2025-12-14 06:00:44 [INFO] [BSHCGlobalServerSettings] Loading from: $profile:\Bastardo_HC\BS_Global_settings.json
2025-12-14 06:00:44 [INFO] [BSHCGlobalServerSettings] Saving to: $profile:\Bastardo_HC\BS_Global_settings.json
2025-12-14 06:00:44 [INFO] OnInit - Global Dynamic Crate Limit set to: -1
2025-12-14 06:00:44 [INFO] OnInit - Crate Spawner created. Grace Period: 5 minutes. Periodic Tick: 3600 seconds.
2025-12-14 06:00:44 [INFO] OnInit - Bastardos Hacked Crates System Initialization sequence finished.
2025-12-14 06:00:51 [INFO] OnMissionStart - Server mission started. Scheduling Hacked Crate cleanup and initial spawn setup.
2025-12-14 06:00:51 [INFO] OnMissionStart - Immediate STATIC Crate spawn scheduled in 15 seconds.
2025-12-14 06:00:51 [INFO] OnMissionStart - Initial DYNAMIC Crate spawn scheduled in approx. 320 seconds.
2025-12-14 06:00:51 [INFO] OnMissionStart - Scheduling first PERIODIC Crate Spawn Tick in approx. 3600 seconds.
2025-12-14 06:01:09 [INFO] Inventory for BS_Hacked_Crate LOCKED. IsOpen: false LootAccessActionDone: false
2025-12-14 06:01:09 [INFO] OnStoreLoad: m_ConfigUniqueID_Persist set from storage to: 'DefaultDynamicEvent_Example1' for BS_Hacked_Crate<2990497>
2025-12-14 06:01:09 [INFO] OnStoreLoad: FINISHED loading raw data into member variables for BS_Hacked_Crate<2990497>
2025-12-14 06:01:23 [INFO] DeferredEEInitLogic: START for BS_Hacked_Crate<2990497>. m_LoadedExpansionMarkerUID (should be from OnStoreLoad) is ''. Current m_ExpansionMarkerUID (active) is ''
2025-12-14 06:01:23 [INFO] GetCrateSettings: m_CrateSettings_Instance is NULL for BS_Hacked_Crate<2990497>. Calling AttemptToReacquireSettings().
2025-12-14 06:01:23 [INFO] HackedCrate_Base (BS_Hacked_Crate): Attempting to re-acquire CrateSettings. Persisted ConfigUniqueID is: 'DefaultDynamicEvent_Example1'
2025-12-14 06:01:23 [INFO] HackedCrate_Base (BS_Hacked_Crate): Instance specific CrateSettings assigned. ConfigUniqueID: DefaultDynamicEvent_Example1
2025-12-14 06:01:23 [INFO] HackedCrate_Base (BS_Hacked_Crate): Successfully re-acquired CrateSettings by persisted ConfigUniqueID 'DefaultDynamicEvent_Example1'.
2025-12-14 06:01:23 [INFO] DeferredEEInitLogic: Settings acquired successfully for BS_Hacked_Crate<2990497>.
2025-12-14 06:01:23 [INFO] DeferredEEInitLogic: AG DEBUG for BS_Hacked_Crate<2990497>
2025-12-14 06:01:23 [INFO] BSHC_AG_DEBUG: BSHC_CreateAdvancedGroupsMapMarker call.
2025-12-14 06:01:23 [INFO] BSHC_AG_DEBUG: Final Marker Name: '#STR_BSHC_HackedCrate_DisplayName'
2025-12-14 06:01:23 [INFO] BSHC_AG_DEBUG: Trying to create AG marker with name: #STR_BSHC_HackedCrate_DisplayName, Pos: <4732.430176, 338.968994, 10350.200195>, Icon: BS_HackedCrate/gui/iconcrate.paa, Color: -65536, ShowOnMap: true, ShowInWorld: true
2025-12-14 06:01:23 [INFO] BSHC_AG_DEBUG: LBStaticMarkerManager.Get is accessible.
2025-12-14 06:01:23 [INFO] BSHC_AG_DEBUG: Created AG marker (UID: 191829908) for BS_Hacked_Crate
2025-12-14 06:01:23 [INFO] DeferredEEInitLogic: Final m_LootAccessActionDone for BS_Hacked_Crate<2990497> is: false
2025-12-14 06:01:23 [INFO] Inventory for BS_Hacked_Crate LOCKED. IsOpen: false LootAccessActionDone: false
2025-12-14 06:01:23 [INFO] DeferredEEInitLogic: FINISHED for BS_Hacked_Crate<2990497>
2025-12-14 06:01:23 [INFO] DeferredEEInitLogic: Re-added persistent crate BS_Hacked_Crate to g_ActiveHackedCrates list.
2025-12-14 06:01:47 [INFO] DeleteHackedCratesFromKnownLocations - Starting cleanup of Hacked Crates from KNOWN SPAWN LOCATIONS as defined in configurations...
2025-12-14 06:01:47 [INFO] DeleteHackedCratesFromKnownLocations - Deleting INACTIVE: BS_Hacked_Crate (ID: 2990497) found at configured spawn Pos: <4732.430176, 338.968994, 10350.200195> for CrateType BS_Hacked_Crate
2025-12-14 06:01:47 [INFO] EEDelete called for BS_Hacked_Crate at <4732.430176, 338.968994, 10350.200195>
2025-12-14 06:01:47 [INFO] EXP_REMOVE_DEBUG: Attempting RemoveExpansionMapMarker. Context: EEDelete. Current UID: '' for BS_Hacked_Crate<2990497>
2025-12-14 06:01:47 [INFO] EXP_REMOVE_DEBUG: EXPANSIONMODNAVIGATION NOT defined. Cannot remove marker. Context: EEDelete for BS_Hacked_Crate<2990497>
2025-12-14 06:01:47 [INFO] BSHC_AG_DEBUG: BSHC_RemoveAdvancedGroupsMapMarker called.
2025-12-14 06:01:47 [INFO] BSHC_AG_DEBUG: Removing AG marker UID: 191829908
2025-12-14 06:01:47 [INFO] BSHC_AG_DEBUG: AG marker UID 191829908 successfully removed.
2025-12-14 06:01:47 [INFO] HackedCrate (BS_Hacked_Crate): Sending RPC Notification. Type: DESPAWN, Key: #STR_BSHC_Notification_Despawn_Located
2025-12-14 06:01:47 [INFO] DeleteHackedCratesFromKnownLocations - Cleanup from known locations finished. Total inactive Hacked Crates (matching type and location) deleted: 1
2025-12-14 06:01:52 [INFO] PerformImmediateStaticSpawn - Calling CrateSpawner to setup STATIC Hacked Crates...
2025-12-14 06:01:52 [INFO] CrateSpawner: ------------- Starting IMMEDIATE STATIC Spawn Pass -------------
2025-12-14 06:01:52 [INFO] CrateSpawner: Processing IMMEDIATE STATIC for ConfigUniqueID: 'DefaultStaticEvent_Example1'.
2025-12-14 06:01:52 [INFO] SpawnStaticCrates: Processing 1 static locations for ConfigUniqueID: 'DefaultStaticEvent_Example1'.
2025-12-14 06:01:52 [INFO] SpawnStaticCrates: Location <2471.820068, 193.177002, 5114.220215> is free. Attempting to spawn crate.
2025-12-14 06:01:52 [INFO] Inventory for BS_Hacked_Crate LOCKED. IsOpen: false LootAccessActionDone: false
2025-12-14 06:01:52 [INFO] HackedCrate_Base (BS_Hacked_Crate): Instance specific CrateSettings assigned. ConfigUniqueID: DefaultStaticEvent_Example1
2025-12-14 06:01:52 [INFO] [SpawnAIAroundCrate] Spawning 2 AI(s) next to the crate.
2025-12-14 06:01:52 [INFO] [SpawnAIAroundCrate] Successfully spawned ZmbM_SoldierNormal at <2458.016357, 193.185226, 5110.054688>
2025-12-14 06:01:52 [INFO] [SpawnAIAroundCrate] Successfully spawned ZmbM_SoldierNormal at <2491.205078, 193.037766, 5122.132813>
2025-12-14 06:01:52 [INFO] CrateSpawner: ------------- Finished IMMEDIATE STATIC Spawn Pass -------------
2025-12-14 06:01:52 [INFO] DeferredEEInitLogic: START for BS_Hacked_Crate<3009826>. m_LoadedExpansionMarkerUID (should be from OnStoreLoad) is ''. Current m_ExpansionMarkerUID (active) is ''
2025-12-14 06:01:52 [INFO] DeferredEEInitLogic: Settings acquired successfully for BS_Hacked_Crate<3009826>.
2025-12-14 06:01:52 [INFO] DeferredEEInitLogic: m_ExpansionMarkerUID is empty. Calling CreateExpansionMapMarker for BS_Hacked_Crate<3009826>.
2025-12-14 06:01:52 [INFO] EXP_DEBUG: Inside CreateExpansionMapMarker for BS_Hacked_Crate.UseExpansionMapMarker is true.
2025-12-14 06:01:52 [INFO] EXP_DEBUG: EXPANSIONMODNAVIGATION is NOT defined. No Expansion marker will be created.
2025-12-14 06:01:52 [INFO] DeferredEEInitLogic: AG DEBUG for BS_Hacked_Crate<3009826>
2025-12-14 06:01:52 [INFO] BSHC_AG_DEBUG: BSHC_CreateAdvancedGroupsMapMarker call.
2025-12-14 06:01:52 [INFO] BSHC_AG_DEBUG: Final Marker Name: '#STR_BSHC_HackedCrate_DisplayName'
2025-12-14 06:01:52 [INFO] BSHC_AG_DEBUG: Trying to create AG marker with name: #STR_BSHC_HackedCrate_DisplayName, Pos: <2471.820068, 193.177002, 5114.220215>, Icon: BS_HackedCrate/gui/iconcrate.paa, Color: -65536, ShowOnMap: true, ShowInWorld: true
2025-12-14 06:01:52 [INFO] BSHC_AG_DEBUG: LBStaticMarkerManager.Get is accessible.
2025-12-14 06:01:52 [INFO] BSHC_AG_DEBUG: Created AG marker (UID: 846816619) for BS_Hacked_Crate
2025-12-14 06:01:52 [INFO] DeferredEEInitLogic: Final m_LootAccessActionDone for BS_Hacked_Crate<3009826> is: false
2025-12-14 06:01:52 [INFO] Inventory for BS_Hacked_Crate LOCKED. IsOpen: false LootAccessActionDone: false
2025-12-14 06:01:52 [INFO] DeferredEEInitLogic: FINISHED for BS_Hacked_Crate<3009826>
2025-12-14 06:06:57 [INFO] PerformInitialDynamicSpawn - Grace period ended. Calling CrateSpawner to setup initial DYNAMIC Hacked Crates...
2025-12-14 06:06:57 [INFO] CrateSpawner: ------------- Starting INITIAL DYNAMIC Spawn Pass (Post-Grace) -------------
2025-12-14 06:06:57 [INFO] CrateSpawner: Current server population for dynamic spawn: 0 players.
2025-12-14 06:06:57 [INFO] CrateSpawner: Processing DYNAMIC for ConfigUniqueID: 'DefaultDynamicEvent_Example1'.
2025-12-14 06:06:57 [INFO] CrateSpawner: Skipping ConfigUniqueID 'DefaultDynamicEvent_Example1'. Players required: 1, Current: 0
2025-12-14 06:06:57 [INFO] CrateSpawner: ------------- Finished INITIAL DYNAMIC Spawn Pass -------------
2025-12-14 07:01:37 [INFO] --------------------------------------------------------------------------
2025-12-14 07:01:37 [INFO] OnCrateSpawnTickPeriodic - Management Tick received. Evaluating individual crate configs...
2025-12-14 07:01:37 [INFO] --------------------------------------------------------------------------
2025-12-14 07:01:37 [INFO] Config 'DefaultDynamicEvent_Example1' is due for a check. Processing...
2025-12-14 07:01:37 [INFO] CrateSpawner: Processing ConfigUniqueID: 'DefaultDynamicEvent_Example1' (CrateType: 'BS_Hacked_Crate')
2025-12-14 07:01:37 [INFO] CrateSpawner: Skipping ConfigUniqueID 'DefaultDynamicEvent_Example1'. Players required: 1, Current: 0
2025-12-14 07:01:37 [INFO] OnCrateSpawnTickPeriodic - Management Tick finished. Next check in 3600 seconds.
2025-12-14 08:01:37 [INFO] --------------------------------------------------------------------------
2025-12-14 08:01:37 [INFO] OnCrateSpawnTickPeriodic - Management Tick received. Evaluating individual crate configs...
2025-12-14 08:01:37 [INFO] --------------------------------------------------------------------------
2025-12-14 08:01:37 [INFO] Config 'DefaultDynamicEvent_Example1' is due for a check. Processing...
2025-12-14 08:01:37 [INFO] CrateSpawner: Processing ConfigUniqueID: 'DefaultDynamicEvent_Example1' (CrateType: 'BS_Hacked_Crate')
2025-12-14 08:01:37 [INFO] CrateSpawner: Skipping ConfigUniqueID 'DefaultDynamicEvent_Example1'. Players required: 1, Current: 0
2025-12-14 08:01:37 [INFO] OnCrateSpawnTickPeriodic - Management Tick finished. Next check in 3600 seconds.
2025-12-14 09:01:37 [INFO] --------------------------------------------------------------------------
2025-12-14 09:01:37 [INFO] OnCrateSpawnTickPeriodic - Management Tick received. Evaluating individual crate configs...
2025-12-14 09:01:37 [INFO] --------------------------------------------------------------------------
2025-12-14 09:01:37 [INFO] Config 'DefaultDynamicEvent_Example1' is due for a check. Processing...
2025-12-14 09:01:37 [INFO] CrateSpawner: Processing ConfigUniqueID: 'DefaultDynamicEvent_Example1' (CrateType: 'BS_Hacked_Crate')
2025-12-14 09:01:37 [INFO] CrateSpawner: Skipping ConfigUniqueID 'DefaultDynamicEvent_Example1'. Players required: 1, Current: 0
2025-12-14 09:01:37 [INFO] OnCrateSpawnTickPeriodic - Management Tick finished. Next check in 3600 seconds.
2025-12-14 10:01:37 [INFO] --------------------------------------------------------------------------
2025-12-14 10:01:37 [INFO] OnCrateSpawnTickPeriodic - Management Tick received. Evaluating individual crate configs...
2025-12-14 10:01:37 [INFO] --------------------------------------------------------------------------
2025-12-14 10:01:37 [INFO] Config 'DefaultDynamicEvent_Example1' is due for a check. Processing...
2025-12-14 10:01:37 [INFO] CrateSpawner: Processing ConfigUniqueID: 'DefaultDynamicEvent_Example1' (CrateType: 'BS_Hacked_Crate')
2025-12-14 10:01:37 [INFO] CrateSpawner: Skipping ConfigUniqueID 'DefaultDynamicEvent_Example1'. Players required: 1, Current: 0
2025-12-14 10:01:37 [INFO] OnCrateSpawnTickPeriodic - Management Tick finished. Next check in 3600 seconds.
2025-12-14 11:01:37 [INFO] --------------------------------------------------------------------------
2025-12-14 11:01:37 [INFO] OnCrateSpawnTickPeriodic - Management Tick received. Evaluating individual crate configs...
2025-12-14 11:01:37 [INFO] --------------------------------------------------------------------------
2025-12-14 11:01:37 [INFO] Config 'DefaultDynamicEvent_Example1' is due for a check. Processing...
2025-12-14 11:01:37 [INFO] CrateSpawner: Processing ConfigUniqueID: 'DefaultDynamicEvent_Example1' (CrateType: 'BS_Hacked_Crate')
2025-12-14 11:01:37 [INFO] CrateSpawner: Skipping ConfigUniqueID 'DefaultDynamicEvent_Example1'. Players required: 1, Current: 0
2025-12-14 11:01:37 [INFO] OnCrateSpawnTickPeriodic - Management Tick finished. Next check in 3600 seconds.
2025-12-14 12:01:37 [INFO] --------------------------------------------------------------------------
2025-12-14 12:01:37 [INFO] OnCrateSpawnTickPeriodic - Management Tick received. Evaluating individual crate configs...
2025-12-14 12:01:37 [INFO] --------------------------------------------------------------------------
2025-12-14 12:01:37 [INFO] Config 'DefaultDynamicEvent_Example1' is due for a check. Processing...
2025-12-14 12:01:37 [INFO] CrateSpawner: Processing ConfigUniqueID: 'DefaultDynamicEvent_Example1' (CrateType: 'BS_Hacked_Crate')
2025-12-14 12:01:37 [INFO] CrateSpawner: Skipping ConfigUniqueID 'DefaultDynamicEvent_Example1'. Players required: 1, Current: 0
2025-12-14 12:01:37 [INFO] OnCrateSpawnTickPeriodic - Management Tick finished. Next check in 3600 seconds.
2025-12-14 13:01:37 [INFO] --------------------------------------------------------------------------
2025-12-14 13:01:37 [INFO] OnCrateSpawnTickPeriodic - Management Tick received. Evaluating individual crate configs...
2025-12-14 13:01:37 [INFO] --------------------------------------------------------------------------
2025-12-14 13:01:37 [INFO] Config 'DefaultDynamicEvent_Example1' is due for a check. Processing...
2025-12-14 13:01:37 [INFO] CrateSpawner: Processing ConfigUniqueID: 'DefaultDynamicEvent_Example1' (CrateType: 'BS_Hacked_Crate')
2025-12-14 13:01:37 [INFO] CrateSpawner: Skipping ConfigUniqueID 'DefaultDynamicEvent_Example1'. Players required: 1, Current: 0
2025-12-14 13:01:37 [INFO] OnCrateSpawnTickPeriodic - Management Tick finished. Next check in 3600 seconds.
2025-12-14 14:01:37 [INFO] --------------------------------------------------------------------------
2025-12-14 14:01:37 [INFO] OnCrateSpawnTickPeriodic - Management Tick received. Evaluating individual crate configs...
2025-12-14 14:01:37 [INFO] --------------------------------------------------------------------------
2025-12-14 14:01:37 [INFO] Config 'DefaultDynamicEvent_Example1' is due for a check. Processing...
2025-12-14 14:01:37 [INFO] CrateSpawner: Processing ConfigUniqueID: 'DefaultDynamicEvent_Example1' (CrateType: 'BS_Hacked_Crate')
2025-12-14 14:01:37 [INFO] CrateSpawner: Skipping ConfigUniqueID 'DefaultDynamicEvent_Example1'. Players required: 1, Current: 0
2025-12-14 14:01:37 [INFO] OnCrateSpawnTickPeriodic - Management Tick finished. Next check in 3600 seconds.
2025-12-14 15:01:37 [INFO] --------------------------------------------------------------------------
2025-12-14 15:01:37 [INFO] OnCrateSpawnTickPeriodic - Management Tick received. Evaluating individual crate configs...
2025-12-14 15:01:37 [INFO] --------------------------------------------------------------------------
2025-12-14 15:01:37 [INFO] Config 'DefaultDynamicEvent_Example1' is due for a check. Processing...
2025-12-14 15:01:37 [INFO] CrateSpawner: Processing ConfigUniqueID: 'DefaultDynamicEvent_Example1' (CrateType: 'BS_Hacked_Crate')
2025-12-14 15:01:37 [INFO] CrateSpawner: Skipping ConfigUniqueID 'DefaultDynamicEvent_Example1'. Players required: 1, Current: 0
2025-12-14 15:01:37 [INFO] OnCrateSpawnTickPeriodic - Management Tick finished. Next check in 3600 seconds.
2025-12-14 16:01:37 [INFO] --------------------------------------------------------------------------
2025-12-14 16:01:37 [INFO] OnCrateSpawnTickPeriodic - Management Tick received. Evaluating individual crate configs...
2025-12-14 16:01:37 [INFO] --------------------------------------------------------------------------
2025-12-14 16:01:37 [INFO] Config 'DefaultDynamicEvent_Example1' is due for a check. Processing...
2025-12-14 16:01:37 [INFO] CrateSpawner: Processing ConfigUniqueID: 'DefaultDynamicEvent_Example1' (CrateType: 'BS_Hacked_Crate')
2025-12-14 16:01:37 [INFO] CrateSpawner: Skipping ConfigUniqueID 'DefaultDynamicEvent_Example1'. Players required: 1, Current: 0
2025-12-14 16:01:37 [INFO] OnCrateSpawnTickPeriodic - Management Tick finished. Next check in 3600 seconds.
2025-12-14 17:01:37 [INFO] --------------------------------------------------------------------------
2025-12-14 17:01:37 [INFO] OnCrateSpawnTickPeriodic - Management Tick received. Evaluating individual crate configs...
2025-12-14 17:01:37 [INFO] --------------------------------------------------------------------------
2025-12-14 17:01:37 [INFO] Config 'DefaultDynamicEvent_Example1' is due for a check. Processing...
2025-12-14 17:01:37 [INFO] CrateSpawner: Processing ConfigUniqueID: 'DefaultDynamicEvent_Example1' (CrateType: 'BS_Hacked_Crate')
2025-12-14 17:01:37 [INFO] CrateSpawner: Skipping ConfigUniqueID 'DefaultDynamicEvent_Example1'. Players required: 1, Current: 0
2025-12-14 17:01:37 [INFO] OnCrateSpawnTickPeriodic - Management Tick finished. Next check in 3600 seconds.
2025-12-14 18:01:37 [INFO] --------------------------------------------------------------------------
2025-12-14 18:01:37 [INFO] OnCrateSpawnTickPeriodic - Management Tick received. Evaluating individual crate configs...
2025-12-14 18:01:37 [INFO] --------------------------------------------------------------------------
2025-12-14 18:01:37 [INFO] Config 'DefaultDynamicEvent_Example1' is due for a check. Processing...
2025-12-14 18:01:37 [INFO] CrateSpawner: Processing ConfigUniqueID: 'DefaultDynamicEvent_Example1' (CrateType: 'BS_Hacked_Crate')
2025-12-14 18:01:37 [INFO] CrateSpawner: Skipping ConfigUniqueID 'DefaultDynamicEvent_Example1'. Players required: 1, Current: 0
2025-12-14 18:01:37 [INFO] OnCrateSpawnTickPeriodic - Management Tick finished. Next check in 3600 seconds.
2025-12-14 18:58:42 [INFO] EEDelete called for BS_Hacked_Crate at <2471.820068, 193.177002, 5114.220215>
2025-12-14 18:58:42 [INFO] EXP_REMOVE_DEBUG: Attempting RemoveExpansionMapMarker. Context: EEDelete. Current UID: '' for BS_Hacked_Crate<3009826>
2025-12-14 18:58:42 [INFO] EXP_REMOVE_DEBUG: EXPANSIONMODNAVIGATION NOT defined. Cannot remove marker. Context: EEDelete for BS_Hacked_Crate<3009826>
2025-12-14 18:58:42 [INFO] BSHC_AG_DEBUG: BSHC_RemoveAdvancedGroupsMapMarker called.
2025-12-14 18:58:42 [INFO] BSHC_AG_DEBUG: Removing AG marker UID: 846816619
2025-12-14 18:58:42 [INFO] BSHC_AG_DEBUG: AG marker UID 846816619 successfully removed.
2025-12-14 18:58:42 [INFO] EEDelete: Cleaning up 2 AI entities linked to this crate.
2025-12-14 18:58:42 [INFO] HackedCrate (BS_Hacked_Crate): Sending RPC Notification. Type: DESPAWN, Key: #STR_BSHC_Notification_Despawn_Located
2025-12-14 19:01:37 [INFO] --------------------------------------------------------------------------
2025-12-14 19:01:37 [INFO] OnCrateSpawnTickPeriodic - Management Tick received. Evaluating individual crate configs...
2025-12-14 19:01:37 [INFO] --------------------------------------------------------------------------
2025-12-14 19:01:37 [INFO] Config 'DefaultDynamicEvent_Example1' is due for a check. Processing...
2025-12-14 19:01:37 [INFO] CrateSpawner: Processing ConfigUniqueID: 'DefaultDynamicEvent_Example1' (CrateType: 'BS_Hacked_Crate')
2025-12-14 19:01:37 [INFO] CrateSpawner: Handling RANDOM for ConfigUniqueID: 'DefaultDynamicEvent_Example1'.
2025-12-14 19:01:37 [INFO] CrateSpawner: ConfigUniqueID 'DefaultDynamicEvent_Example1' - Existing: 0, Target Active: 1
2025-12-14 19:01:37 [INFO] CrateSpawner: Attempting to spawn 1 for ConfigUniqueID: 'DefaultDynamicEvent_Example1'.
2025-12-14 19:01:37 [INFO] SpawnRandomCrates: Attempting to spawn 1 of type 'BS_Hacked_Crate' with ConfigUniqueID 'DefaultDynamicEvent_Example1'.
2025-12-14 19:01:37 [INFO] SpawnRandomCrates: Shuffled list for 'DefaultDynamicEvent_Example1' is empty or non-existent. Regenerating and shuffling.
2025-12-14 19:01:37 [INFO] CrateSpawner: Sending spawn warning for 'BS_Hacked_Crate' at Airfield
2025-12-14 19:01:37 [INFO] CrateSpawner: Added to pending list for ConfigUniqueID 'DefaultDynamicEvent_Example1'. New pending count: 1
2025-12-14 19:01:37 [INFO] OnCrateSpawnTickPeriodic - Management Tick finished. Next check in 3600 seconds.
2025-12-14 19:11:37 [INFO] SpawnCrateAfterWarning: Timer finished. Spawning crate BS_Hacked_Crate. Removed from pending list. New pending count: 0
2025-12-14 19:11:37 [INFO] Inventory for BS_Hacked_Crate LOCKED. IsOpen: false LootAccessActionDone: false
2025-12-14 19:11:37 [INFO] HackedCrate_Base (BS_Hacked_Crate): Instance specific CrateSettings assigned. ConfigUniqueID: DefaultDynamicEvent_Example1
2025-12-14 19:11:37 [INFO] CrateSpawner: Standard Notification RPC sent. Key: #STR_BSHC_Notification_Spawn_Located
2025-12-14 19:11:37 [INFO] [SpawnAIAroundCrate] Spawning 1 AI(s) next to the crate.
2025-12-14 19:11:37 [INFO] [SpawnAIAroundCrate] Successfully spawned ZmbM_SoldierNormal at <4743.417969, 339.000000, 10337.564453>
2025-12-14 19:11:37 [INFO] DeferredEEInitLogic: START for BS_Hacked_Crate<3020971>. m_LoadedExpansionMarkerUID (should be from OnStoreLoad) is ''. Current m_ExpansionMarkerUID (active) is ''
2025-12-14 19:11:37 [INFO] DeferredEEInitLogic: Settings acquired successfully for BS_Hacked_Crate<3020971>.
2025-12-14 19:11:37 [INFO] DeferredEEInitLogic: AG DEBUG for BS_Hacked_Crate<3020971>
2025-12-14 19:11:37 [INFO] BSHC_AG_DEBUG: BSHC_CreateAdvancedGroupsMapMarker call.
2025-12-14 19:11:37 [INFO] BSHC_AG_DEBUG: Final Marker Name: '#STR_BSHC_HackedCrate_DisplayName'
2025-12-14 19:11:37 [INFO] BSHC_AG_DEBUG: Trying to create AG marker with name: #STR_BSHC_HackedCrate_DisplayName, Pos: <4732.430176, 338.968994, 10350.200195>, Icon: BS_HackedCrate/gui/iconcrate.paa, Color: -65536, ShowOnMap: true, ShowInWorld: true
2025-12-14 19:11:37 [INFO] BSHC_AG_DEBUG: LBStaticMarkerManager.Get is accessible.
2025-12-14 19:11:37 [INFO] BSHC_AG_DEBUG: Created AG marker (UID: 835216394) for BS_Hacked_Crate
2025-12-14 19:11:37 [INFO] DeferredEEInitLogic: Final m_LootAccessActionDone for BS_Hacked_Crate<3020971> is: false
2025-12-14 19:11:37 [INFO] Inventory for BS_Hacked_Crate LOCKED. IsOpen: false LootAccessActionDone: false
2025-12-14 19:11:37 [INFO] DeferredEEInitLogic: FINISHED for BS_Hacked_Crate<3020971>
2025-12-14 19:56:05 [INFO] EEDelete called for BS_Hacked_Crate at <4732.430176, 338.968994, 10350.200195>
2025-12-14 19:56:05 [INFO] EXP_REMOVE_DEBUG: Attempting RemoveExpansionMapMarker. Context: EEDelete. Current UID: '' for BS_Hacked_Crate<3020971>
2025-12-14 19:56:05 [INFO] EXP_REMOVE_DEBUG: EXPANSIONMODNAVIGATION NOT defined. Cannot remove marker. Context: EEDelete for BS_Hacked_Crate<3020971>
2025-12-14 19:56:05 [INFO] BSHC_AG_DEBUG: BSHC_RemoveAdvancedGroupsMapMarker called.
2025-12-14 19:56:05 [INFO] BSHC_AG_DEBUG: Removing AG marker UID: 835216394
2025-12-14 19:56:05 [INFO] BSHC_AG_DEBUG: AG marker UID 835216394 successfully removed.
2025-12-14 19:56:05 [INFO] EEDelete: Cleaning up 1 AI entities linked to this crate.
2025-12-14 19:56:05 [INFO] HackedCrate (BS_Hacked_Crate): Sending RPC Notification. Type: DESPAWN, Key: #STR_BSHC_Notification_Despawn_Located
2025-12-14 20:01:37 [INFO] --------------------------------------------------------------------------
2025-12-14 20:01:37 [INFO] OnCrateSpawnTickPeriodic - Management Tick received. Evaluating individual crate configs...
2025-12-14 20:01:37 [INFO] --------------------------------------------------------------------------
2025-12-14 20:01:37 [INFO] Config 'DefaultDynamicEvent_Example1' is due for a check. Processing...
2025-12-14 20:01:37 [INFO] CrateSpawner: Processing ConfigUniqueID: 'DefaultDynamicEvent_Example1' (CrateType: 'BS_Hacked_Crate')
2025-12-14 20:01:37 [INFO] CrateSpawner: Handling RANDOM for ConfigUniqueID: 'DefaultDynamicEvent_Example1'.
2025-12-14 20:01:37 [INFO] CrateSpawner: ConfigUniqueID 'DefaultDynamicEvent_Example1' - Existing: 0, Target Active: 1
2025-12-14 20:01:37 [INFO] CrateSpawner: Attempting to spawn 1 for ConfigUniqueID: 'DefaultDynamicEvent_Example1'.
2025-12-14 20:01:37 [INFO] SpawnRandomCrates: Attempting to spawn 1 of type 'BS_Hacked_Crate' with ConfigUniqueID 'DefaultDynamicEvent_Example1'.
2025-12-14 20:01:37 [INFO] CrateSpawner: Sending spawn warning for 'BS_Hacked_Crate' at VMC
2025-12-14 20:01:37 [INFO] CrateSpawner: Added to pending list for ConfigUniqueID 'DefaultDynamicEvent_Example1'. New pending count: 1
2025-12-14 20:01:37 [INFO] OnCrateSpawnTickPeriodic - Management Tick finished. Next check in 3600 seconds.
2025-12-14 20:11:37 [INFO] SpawnCrateAfterWarning: Timer finished. Spawning crate BS_Hacked_Crate. Removed from pending list. New pending count: 0
2025-12-14 20:11:37 [INFO] Inventory for BS_Hacked_Crate LOCKED. IsOpen: false LootAccessActionDone: false
2025-12-14 20:11:37 [INFO] HackedCrate_Base (BS_Hacked_Crate): Instance specific CrateSettings assigned. ConfigUniqueID: DefaultDynamicEvent_Example1
2025-12-14 20:11:37 [INFO] CrateSpawner: Standard Notification RPC sent. Key: #STR_BSHC_Notification_Spawn_Located
2025-12-14 20:11:37 [INFO] [SpawnAIAroundCrate] Spawning 1 AI(s) next to the crate.
2025-12-14 20:11:37 [INFO] [SpawnAIAroundCrate] Successfully spawned ZmbM_SoldierNormal at <4564.444336, 317.980804, 8372.732422>
2025-12-14 20:11:37 [INFO] DeferredEEInitLogic: START for BS_Hacked_Crate<3026670>. m_LoadedExpansionMarkerUID (should be from OnStoreLoad) is ''. Current m_ExpansionMarkerUID (active) is ''
2025-12-14 20:11:37 [INFO] DeferredEEInitLogic: Settings acquired successfully for BS_Hacked_Crate<3026670>.
2025-12-14 20:11:37 [INFO] DeferredEEInitLogic: AG DEBUG for BS_Hacked_Crate<3026670>
2025-12-14 20:11:37 [INFO] BSHC_AG_DEBUG: BSHC_CreateAdvancedGroupsMapMarker call.
2025-12-14 20:11:37 [INFO] BSHC_AG_DEBUG: Final Marker Name: '#STR_BSHC_HackedCrate_DisplayName'
2025-12-14 20:11:37 [INFO] BSHC_AG_DEBUG: Trying to create AG marker with name: #STR_BSHC_HackedCrate_DisplayName, Pos: <4553.689941, 317.975006, 8352.099609>, Icon: BS_HackedCrate/gui/iconcrate.paa, Color: -65536, ShowOnMap: true, ShowInWorld: true
2025-12-14 20:11:37 [INFO] BSHC_AG_DEBUG: LBStaticMarkerManager.Get is accessible.
2025-12-14 20:11:37 [INFO] BSHC_AG_DEBUG: Created AG marker (UID: 1453567366) for BS_Hacked_Crate
2025-12-14 20:11:37 [INFO] DeferredEEInitLogic: Final m_LootAccessActionDone for BS_Hacked_Crate<3026670> is: false
2025-12-14 20:11:37 [INFO] Inventory for BS_Hacked_Crate LOCKED. IsOpen: false LootAccessActionDone: false
2025-12-14 20:11:37 [INFO] DeferredEEInitLogic: FINISHED for BS_Hacked_Crate<3026670>
2025-12-14 20:42:30 [INFO] BSHC_AG_DEBUG: BSHC_RemoveAdvancedGroupsMapMarker called.
2025-12-14 20:42:30 [INFO] BSHC_AG_DEBUG: Removing AG marker UID: 1453567366
2025-12-14 20:42:30 [INFO] BSHC_AG_DEBUG: AG marker UID 1453567366 successfully removed.
2025-12-14 20:42:30 [INFO] HackedCrate (BS_Hacked_Crate): Sending RPC Notification. Type: START, Key: #STR_BSHC_Notification_Start_Located
2025-12-14 20:43:57 [INFO] BSHC_AG_DEBUG: BSHC_RemoveAdvancedGroupsMapMarker called.
2025-12-14 20:43:57 [INFO] BSHC_AG_DEBUG: Removing AG marker UID: 156373853
2025-12-14 20:43:57 [INFO] BSHC_AG_DEBUG: AG marker UID 156373853 successfully removed.
2025-12-14 20:45:27 [INFO] BSHC_AG_DEBUG: BSHC_RemoveAdvancedGroupsMapMarker called.
2025-12-14 20:45:27 [INFO] BSHC_AG_DEBUG: Removing AG marker UID: 1431153372
2025-12-14 20:45:27 [INFO] BSHC_AG_DEBUG: AG marker UID 1431153372 successfully removed.
2025-12-14 20:46:57 [INFO] BSHC_AG_DEBUG: BSHC_RemoveAdvancedGroupsMapMarker called.
2025-12-14 20:46:57 [INFO] BSHC_AG_DEBUG: Removing AG marker UID: 812671324
2025-12-14 20:46:57 [INFO] BSHC_AG_DEBUG: AG marker UID 812671324 successfully removed.
2025-12-14 20:48:27 [INFO] BSHC_AG_DEBUG: BSHC_RemoveAdvancedGroupsMapMarker called.
2025-12-14 20:48:27 [INFO] BSHC_AG_DEBUG: Removing AG marker UID: 1357750819
2025-12-14 20:48:27 [INFO] BSHC_AG_DEBUG: AG marker UID 1357750819 successfully removed.
2025-12-14 20:49:57 [INFO] BSHC_AG_DEBUG: BSHC_RemoveAdvancedGroupsMapMarker called.
2025-12-14 20:49:57 [INFO] BSHC_AG_DEBUG: Removing AG marker UID: 759257859
2025-12-14 20:49:57 [INFO] BSHC_AG_DEBUG: AG marker UID 759257859 successfully removed.
2025-12-14 20:51:27 [INFO] BSHC_AG_DEBUG: BSHC_RemoveAdvancedGroupsMapMarker called.
2025-12-14 20:51:27 [INFO] BSHC_AG_DEBUG: Removing AG marker UID: 1517794600
2025-12-14 20:51:27 [INFO] BSHC_AG_DEBUG: AG marker UID 1517794600 successfully removed.
2025-12-14 20:52:57 [INFO] BSHC_AG_DEBUG: BSHC_RemoveAdvancedGroupsMapMarker called.
2025-12-14 20:52:57 [INFO] BSHC_AG_DEBUG: Removing AG marker UID: 1295751877
2025-12-14 20:52:57 [INFO] BSHC_AG_DEBUG: AG marker UID 1295751877 successfully removed.
2025-12-14 20:54:27 [INFO] BSHC_AG_DEBUG: BSHC_RemoveAdvancedGroupsMapMarker called.
2025-12-14 20:54:27 [INFO] BSHC_AG_DEBUG: Removing AG marker UID: 386936515
2025-12-14 20:54:27 [INFO] BSHC_AG_DEBUG: AG marker UID 386936515 successfully removed.
2025-12-14 20:55:57 [INFO] BSHC_AG_DEBUG: BSHC_RemoveAdvancedGroupsMapMarker called.
2025-12-14 20:55:57 [INFO] BSHC_AG_DEBUG: Removing AG marker UID: 221715233
2025-12-14 20:55:57 [INFO] BSHC_AG_DEBUG: AG marker UID 221715233 successfully removed.
2025-12-14 20:57:27 [INFO] BSHC_AG_DEBUG: BSHC_RemoveAdvancedGroupsMapMarker called.
2025-12-14 20:57:27 [INFO] BSHC_AG_DEBUG: Removing AG marker UID: 1192136308
2025-12-14 20:57:27 [INFO] BSHC_AG_DEBUG: AG marker UID 1192136308 successfully removed.
2025-12-14 20:57:31 [INFO] BSHC_AG_DEBUG: BSHC_RemoveAdvancedGroupsMapMarker called.
2025-12-14 20:57:31 [INFO] BSHC_AG_DEBUG: Removing AG marker UID: 1335664515
2025-12-14 20:57:31 [INFO] BSHC_AG_DEBUG: AG marker UID 1335664515 successfully removed.
2025-12-14 20:57:31 [INFO] Inventory for BS_Hacked_Crate LOCKED. IsOpen: true LootAccessActionDone: false
2025-12-14 20:57:31 [INFO] HandlePostLootTimersAndDespawn (BS_Hacked_Crate): Advanced Groups marker (UID: 1409067068) will be handled by EEDelete or specific despawn logic.
2025-12-14 20:57:31 [INFO] HandlePostLootTimersAndDespawn (BS_Hacked_Crate): Scheduling auto-despawn in 1800s (30 minutes).
2025-12-14 20:57:31 [INFO] StartAutoDespawnTimer: Auto-despawn timer started for BS_Hacked_Crate<246802b0>. Will delete in 1800s.
2025-12-14 20:57:31 [INFO] HackedCrate (BS_Hacked_Crate): Sending RPC Notification. Type: END, Key: #STR_BSHC_Notification_End_Located
2025-12-14 20:57:31 [INFO] Hack finished: BS_Hacked_Crate at <4553.689941, 317.975006, 8352.099609>
2025-12-14 20:57:33 [INFO] Inventory for BS_Hacked_Crate UNLOCKED. IsOpen: true LootAccessActionDone: true
2025-12-14 20:57:33 [INFO] Player dusty accessed loot in HackedCrate: <4553.689941, 317.975006, 8352.099609>
2025-12-14 21:01:37 [INFO] --------------------------------------------------------------------------
2025-12-14 21:01:37 [INFO] OnCrateSpawnTickPeriodic - Management Tick received. Evaluating individual crate configs...
2025-12-14 21:01:37 [INFO] --------------------------------------------------------------------------
2025-12-14 21:01:37 [INFO] Config 'DefaultDynamicEvent_Example1' is due for a check. Processing...
2025-12-14 21:01:37 [INFO] CrateSpawner: Processing ConfigUniqueID: 'DefaultDynamicEvent_Example1' (CrateType: 'BS_Hacked_Crate')
2025-12-14 21:01:37 [INFO] CrateSpawner: Handling RANDOM for ConfigUniqueID: 'DefaultDynamicEvent_Example1'.
2025-12-14 21:01:37 [INFO] CrateSpawner: ConfigUniqueID 'DefaultDynamicEvent_Example1' - Existing: 1, Target Active: 1
2025-12-14 21:01:37 [INFO] OnCrateSpawnTickPeriodic - Management Tick finished. Next check in 3600 seconds.
2025-12-14 21:06:29 [INFO] EEDelete called for BS_Hacked_Crate at <4553.689941, 317.975006, 8352.099609>
2025-12-14 21:06:29 [INFO] EXP_REMOVE_DEBUG: Attempting RemoveExpansionMapMarker. Context: EEDelete. Current UID: '' for BS_Hacked_Crate<3026670>
2025-12-14 21:06:29 [INFO] EXP_REMOVE_DEBUG: EXPANSIONMODNAVIGATION NOT defined. Cannot remove marker. Context: EEDelete for BS_Hacked_Crate<3026670>
2025-12-14 21:06:29 [INFO] BSHC_AG_DEBUG: BSHC_RemoveAdvancedGroupsMapMarker called.
2025-12-14 21:06:29 [INFO] BSHC_AG_DEBUG: Removing AG marker UID: 1409067068
2025-12-14 21:06:29 [INFO] BSHC_AG_DEBUG: AG marker UID 1409067068 successfully removed.
2025-12-14 21:06:29 [INFO] EEDelete: Cleaning up 1 AI entities linked to this crate.
2025-12-14 21:06:29 [INFO] HackedCrate (BS_Hacked_Crate): Sending RPC Notification. Type: DESPAWN, Key: #STR_BSHC_Notification_Despawn_Located
2025-12-14 22:01:37 [INFO] --------------------------------------------------------------------------
2025-12-14 22:01:37 [INFO] OnCrateSpawnTickPeriodic - Management Tick received. Evaluating individual crate configs...
2025-12-14 22:01:37 [INFO] --------------------------------------------------------------------------
2025-12-14 22:01:37 [INFO] Config 'DefaultDynamicEvent_Example1' is due for a check. Processing...
2025-12-14 22:01:37 [INFO] CrateSpawner: Processing ConfigUniqueID: 'DefaultDynamicEvent_Example1' (CrateType: 'BS_Hacked_Crate')
2025-12-14 22:01:37 [INFO] CrateSpawner: Handling RANDOM for ConfigUniqueID: 'DefaultDynamicEvent_Example1'.
2025-12-14 22:01:37 [INFO] CrateSpawner: ConfigUniqueID 'DefaultDynamicEvent_Example1' - Existing: 0, Target Active: 1
2025-12-14 22:01:37 [INFO] CrateSpawner: Attempting to spawn 1 for ConfigUniqueID: 'DefaultDynamicEvent_Example1'.
2025-12-14 22:01:37 [INFO] SpawnRandomCrates: Attempting to spawn 1 of type 'BS_Hacked_Crate' with ConfigUniqueID 'DefaultDynamicEvent_Example1'.
2025-12-14 22:01:37 [INFO] SpawnRandomCrates: Shuffled list for 'DefaultDynamicEvent_Example1' is empty or non-existent. Regenerating and shuffling.
2025-12-14 22:01:37 [INFO] CrateSpawner: Sending spawn warning for 'BS_Hacked_Crate' at Airfield
2025-12-14 22:01:37 [INFO] CrateSpawner: Added to pending list for ConfigUniqueID 'DefaultDynamicEvent_Example1'. New pending count: 1
2025-12-14 22:01:37 [INFO] OnCrateSpawnTickPeriodic - Management Tick finished. Next check in 3600 seconds.
2025-12-14 22:11:37 [INFO] SpawnCrateAfterWarning: Timer finished. Spawning crate BS_Hacked_Crate. Removed from pending list. New pending count: 0
2025-12-14 22:11:37 [INFO] Inventory for BS_Hacked_Crate LOCKED. IsOpen: false LootAccessActionDone: false
2025-12-14 22:11:37 [INFO] HackedCrate_Base (BS_Hacked_Crate): Instance specific CrateSettings assigned. ConfigUniqueID: DefaultDynamicEvent_Example1
2025-12-14 22:11:37 [INFO] CrateSpawner: Standard Notification RPC sent. Key: #STR_BSHC_Notification_Spawn_Located
2025-12-14 22:11:37 [INFO] [SpawnAIAroundCrate] Spawning 2 AI(s) next to the crate.
2025-12-14 22:11:37 [INFO] [SpawnAIAroundCrate] Successfully spawned ZmbM_SoldierNormal at <4711.939941, 338.997406, 10361.166016>
2025-12-14 22:11:37 [INFO] [SpawnAIAroundCrate] Successfully spawned ZmbM_SoldierNormal at <4724.300293, 339.000000, 10362.960938>
2025-12-14 22:11:37 [INFO] DeferredEEInitLogic: START for BS_Hacked_Crate<3037700>. m_LoadedExpansionMarkerUID (should be from OnStoreLoad) is ''. Current m_ExpansionMarkerUID (active) is ''
2025-12-14 22:11:37 [INFO] DeferredEEInitLogic: Settings acquired successfully for BS_Hacked_Crate<3037700>.
2025-12-14 22:11:37 [INFO] DeferredEEInitLogic: AG DEBUG for BS_Hacked_Crate<3037700>
2025-12-14 22:11:37 [INFO] BSHC_AG_DEBUG: BSHC_CreateAdvancedGroupsMapMarker call.
2025-12-14 22:11:37 [INFO] BSHC_AG_DEBUG: Final Marker Name: '#STR_BSHC_HackedCrate_DisplayName'
2025-12-14 22:11:37 [INFO] BSHC_AG_DEBUG: Trying to create AG marker with name: #STR_BSHC_HackedCrate_DisplayName, Pos: <4732.430176, 338.968994, 10350.200195>, Icon: BS_HackedCrate/gui/iconcrate.paa, Color: -65536, ShowOnMap: true, ShowInWorld: true
2025-12-14 22:11:37 [INFO] BSHC_AG_DEBUG: LBStaticMarkerManager.Get is accessible.
2025-12-14 22:11:37 [INFO] BSHC_AG_DEBUG: Created AG marker (UID: 1984949421) for BS_Hacked_Crate
2025-12-14 22:11:37 [INFO] DeferredEEInitLogic: Final m_LootAccessActionDone for BS_Hacked_Crate<3037700> is: false
2025-12-14 22:11:37 [INFO] Inventory for BS_Hacked_Crate LOCKED. IsOpen: false LootAccessActionDone: false
2025-12-14 22:11:37 [INFO] DeferredEEInitLogic: FINISHED for BS_Hacked_Crate<3037700>
2025-12-14 22:50:04 [INFO] EEDelete called for BS_Hacked_Crate at <4732.430176, 338.968994, 10350.200195>
2025-12-14 22:50:04 [INFO] EXP_REMOVE_DEBUG: Attempting RemoveExpansionMapMarker. Context: EEDelete. Current UID: '' for BS_Hacked_Crate<3037700>
2025-12-14 22:50:04 [INFO] EXP_REMOVE_DEBUG: EXPANSIONMODNAVIGATION NOT defined. Cannot remove marker. Context: EEDelete for BS_Hacked_Crate<3037700>
2025-12-14 22:50:04 [INFO] BSHC_AG_DEBUG: BSHC_RemoveAdvancedGroupsMapMarker called.
2025-12-14 22:50:04 [INFO] BSHC_AG_DEBUG: Removing AG marker UID: 1984949421
2025-12-14 22:50:04 [INFO] BSHC_AG_DEBUG: AG marker UID 1984949421 successfully removed.
2025-12-14 22:50:04 [INFO] EEDelete: Cleaning up 2 AI entities linked to this crate.
2025-12-14 22:50:04 [INFO] HackedCrate (BS_Hacked_Crate): Sending RPC Notification. Type: DESPAWN, Key: #STR_BSHC_Notification_Despawn_Located
2025-12-14 23:01:37 [INFO] --------------------------------------------------------------------------
2025-12-14 23:01:37 [INFO] OnCrateSpawnTickPeriodic - Management Tick received. Evaluating individual crate configs...
2025-12-14 23:01:37 [INFO] --------------------------------------------------------------------------
2025-12-14 23:01:37 [INFO] Config 'DefaultDynamicEvent_Example1' is due for a check. Processing...
2025-12-14 23:01:37 [INFO] CrateSpawner: Processing ConfigUniqueID: 'DefaultDynamicEvent_Example1' (CrateType: 'BS_Hacked_Crate')
2025-12-14 23:01:37 [INFO] CrateSpawner: Handling RANDOM for ConfigUniqueID: 'DefaultDynamicEvent_Example1'.
2025-12-14 23:01:37 [INFO] CrateSpawner: ConfigUniqueID 'DefaultDynamicEvent_Example1' - Existing: 0, Target Active: 1
2025-12-14 23:01:37 [INFO] CrateSpawner: Attempting to spawn 1 for ConfigUniqueID: 'DefaultDynamicEvent_Example1'.
2025-12-14 23:01:37 [INFO] SpawnRandomCrates: Attempting to spawn 1 of type 'BS_Hacked_Crate' with ConfigUniqueID 'DefaultDynamicEvent_Example1'.
2025-12-14 23:01:37 [INFO] CrateSpawner: Sending spawn warning for 'BS_Hacked_Crate' at VMC
2025-12-14 23:01:37 [INFO] CrateSpawner: Added to pending list for ConfigUniqueID 'DefaultDynamicEvent_Example1'. New pending count: 1
2025-12-14 23:01:37 [INFO] OnCrateSpawnTickPeriodic - Management Tick finished. Next check in 3600 seconds.
2025-12-14 23:11:37 [INFO] SpawnCrateAfterWarning: Timer finished. Spawning crate BS_Hacked_Crate. Removed from pending list. New pending count: 0
2025-12-14 23:11:37 [INFO] Inventory for BS_Hacked_Crate LOCKED. IsOpen: false LootAccessActionDone: false
2025-12-14 23:11:37 [INFO] HackedCrate_Base (BS_Hacked_Crate): Instance specific CrateSettings assigned. ConfigUniqueID: DefaultDynamicEvent_Example1
2025-12-14 23:11:37 [INFO] CrateSpawner: Standard Notification RPC sent. Key: #STR_BSHC_Notification_Spawn_Located
2025-12-14 23:11:37 [INFO] [SpawnAIAroundCrate] Spawning 3 AI(s) next to the crate.
2025-12-14 23:11:37 [INFO] [SpawnAIAroundCrate] Successfully spawned ZmbM_SoldierNormal at <4559.770996, 317.995972, 8335.275391>
2025-12-14 23:11:37 [INFO] [SpawnAIAroundCrate] Successfully spawned ZmbM_SoldierNormal at <4551.873535, 317.949738, 8372.061523>
2025-12-14 23:11:37 [INFO] [SpawnAIAroundCrate] Successfully spawned ZmbM_SoldierNormal at <4564.936523, 317.989990, 8350.525391>
2025-12-14 23:11:37 [INFO] DeferredEEInitLogic: START for BS_Hacked_Crate<3043832>. m_LoadedExpansionMarkerUID (should be from OnStoreLoad) is ''. Current m_ExpansionMarkerUID (active) is ''
2025-12-14 23:11:37 [INFO] DeferredEEInitLogic: Settings acquired successfully for BS_Hacked_Crate<3043832>.
2025-12-14 23:11:37 [INFO] DeferredEEInitLogic: AG DEBUG for BS_Hacked_Crate<3043832>
2025-12-14 23:11:37 [INFO] BSHC_AG_DEBUG: BSHC_CreateAdvancedGroupsMapMarker call.
2025-12-14 23:11:37 [INFO] BSHC_AG_DEBUG: Final Marker Name: '#STR_BSHC_HackedCrate_DisplayName'
2025-12-14 23:11:37 [INFO] BSHC_AG_DEBUG: Trying to create AG marker with name: #STR_BSHC_HackedCrate_DisplayName, Pos: <4553.689941, 317.975006, 8352.099609>, Icon: BS_HackedCrate/gui/iconcrate.paa, Color: -65536, ShowOnMap: true, ShowInWorld: true
2025-12-14 23:11:37 [INFO] BSHC_AG_DEBUG: LBStaticMarkerManager.Get is accessible.
2025-12-14 23:11:37 [INFO] BSHC_AG_DEBUG: Created AG marker (UID: 1140951135) for BS_Hacked_Crate
2025-12-14 23:11:37 [INFO] DeferredEEInitLogic: Final m_LootAccessActionDone for BS_Hacked_Crate<3043832> is: false
2025-12-14 23:11:37 [INFO] Inventory for BS_Hacked_Crate LOCKED. IsOpen: false LootAccessActionDone: false
2025-12-14 23:11:37 [INFO] DeferredEEInitLogic: FINISHED for BS_Hacked_Crate<3043832>
2025-12-15 00:01:37 [INFO] --------------------------------------------------------------------------
2025-12-15 00:01:37 [INFO] OnCrateSpawnTickPeriodic - Management Tick received. Evaluating individual crate configs...
2025-12-15 00:01:37 [INFO] --------------------------------------------------------------------------
2025-12-15 00:01:37 [INFO] Config 'DefaultDynamicEvent_Example1' is due for a check. Processing...
2025-12-15 00:01:37 [INFO] CrateSpawner: Processing ConfigUniqueID: 'DefaultDynamicEvent_Example1' (CrateType: 'BS_Hacked_Crate')
2025-12-15 00:01:37 [INFO] CrateSpawner: Skipping ConfigUniqueID 'DefaultDynamicEvent_Example1'. Players required: 1, Current: 0
2025-12-15 00:01:37 [INFO] OnCrateSpawnTickPeriodic - Management Tick finished. Next check in 3600 seconds.
2025-12-15 01:01:37 [INFO] --------------------------------------------------------------------------
2025-12-15 01:01:37 [INFO] OnCrateSpawnTickPeriodic - Management Tick received. Evaluating individual crate configs...
2025-12-15 01:01:37 [INFO] --------------------------------------------------------------------------
2025-12-15 01:01:37 [INFO] Config 'DefaultDynamicEvent_Example1' is due for a check. Processing...
2025-12-15 01:01:37 [INFO] CrateSpawner: Processing ConfigUniqueID: 'DefaultDynamicEvent_Example1' (CrateType: 'BS_Hacked_Crate')
2025-12-15 01:01:37 [INFO] CrateSpawner: Skipping ConfigUniqueID 'DefaultDynamicEvent_Example1'. Players required: 1, Current: 0
2025-12-15 01:01:37 [INFO] OnCrateSpawnTickPeriodic - Management Tick finished. Next check in 3600 seconds.
2025-12-15 02:01:37 [INFO] --------------------------------------------------------------------------
2025-12-15 02:01:37 [INFO] OnCrateSpawnTickPeriodic - Management Tick received. Evaluating individual crate configs...
2025-12-15 02:01:37 [INFO] --------------------------------------------------------------------------
2025-12-15 02:01:37 [INFO] Config 'DefaultDynamicEvent_Example1' is due for a check. Processing...
2025-12-15 02:01:37 [INFO] CrateSpawner: Processing ConfigUniqueID: 'DefaultDynamicEvent_Example1' (CrateType: 'BS_Hacked_Crate')
2025-12-15 02:01:37 [INFO] CrateSpawner: Skipping ConfigUniqueID 'DefaultDynamicEvent_Example1'. Players required: 1, Current: 0
2025-12-15 02:01:37 [INFO] OnCrateSpawnTickPeriodic - Management Tick finished. Next check in 3600 seconds.
2025-12-15 03:01:37 [INFO] --------------------------------------------------------------------------
2025-12-15 03:01:37 [INFO] OnCrateSpawnTickPeriodic - Management Tick received. Evaluating individual crate configs...
2025-12-15 03:01:37 [INFO] --------------------------------------------------------------------------
2025-12-15 03:01:37 [INFO] Config 'DefaultDynamicEvent_Example1' is due for a check. Processing...
2025-12-15 03:01:37 [INFO] CrateSpawner: Processing ConfigUniqueID: 'DefaultDynamicEvent_Example1' (CrateType: 'BS_Hacked_Crate')
2025-12-15 03:01:37 [INFO] CrateSpawner: Skipping ConfigUniqueID 'DefaultDynamicEvent_Example1'. Players required: 1, Current: 0
2025-12-15 03:01:37 [INFO] OnCrateSpawnTickPeriodic - Management Tick finished. Next check in 3600 seconds.
2025-12-15 04:01:37 [INFO] --------------------------------------------------------------------------
2025-12-15 04:01:37 [INFO] OnCrateSpawnTickPeriodic - Management Tick received. Evaluating individual crate configs...
2025-12-15 04:01:37 [INFO] --------------------------------------------------------------------------
2025-12-15 04:01:37 [INFO] Config 'DefaultDynamicEvent_Example1' is due for a check. Processing...
2025-12-15 04:01:37 [INFO] CrateSpawner: Processing ConfigUniqueID: 'DefaultDynamicEvent_Example1' (CrateType: 'BS_Hacked_Crate')
2025-12-15 04:01:37 [INFO] CrateSpawner: Skipping ConfigUniqueID 'DefaultDynamicEvent_Example1'. Players required: 1, Current: 0
2025-12-15 04:01:37 [INFO] OnCrateSpawnTickPeriodic - Management Tick finished. Next check in 3600 seconds.
2025-12-15 05:01:37 [INFO] --------------------------------------------------------------------------
2025-12-15 05:01:37 [INFO] OnCrateSpawnTickPeriodic - Management Tick received. Evaluating individual crate configs...
2025-12-15 05:01:37 [INFO] --------------------------------------------------------------------------
2025-12-15 05:01:37 [INFO] Config 'DefaultDynamicEvent_Example1' is due for a check. Processing...
2025-12-15 05:01:37 [INFO] CrateSpawner: Processing ConfigUniqueID: 'DefaultDynamicEvent_Example1' (CrateType: 'BS_Hacked_Crate')
2025-12-15 05:01:37 [INFO] CrateSpawner: Skipping ConfigUniqueID 'DefaultDynamicEvent_Example1'. Players required: 1, Current: 0
2025-12-15 05:01:37 [INFO] OnCrateSpawnTickPeriodic - Management Tick finished. Next check in 3600 seconds.
