2025-11-09 08:40:20 [INFO] OnInit - Initializing Bastardos Hacked Crates System...
2025-11-09 08:40:20 [INFO] OnInit - Loading Hacked Crate Loot Configuration (loot_pools.json)...
2025-11-09 08:40:20 [INFO] [BSHCLootPoolConfig] Found loot_pools.json at: $profile:\Bastardo_HC\loot_pools.json
2025-11-09 08:40:20 [INFO] [BSHCLootPoolConfig] JsonLoadFile executed. Loaded 2 categories defined in the root.
2025-11-09 08:40:20 [INFO] [BSHCLootPoolConfig] Category 'DefaultArmaments' has 1 loot pools.
2025-11-09 08:40:20 [INFO] [BSHCLootPoolConfig] Category 'DefaultMedical' has 1 loot pools.
2025-11-09 08:40:20 [INFO] OnInit - Hacked Crate Loot Configuration processed successfully.
2025-11-09 08:40:20 [INFO] OnInit - Loading Hacked Crate settings (global, static, dynamic)...
2025-11-09 08:40:20 [INFO] CrateManagement instance created with default grace period and tick interval.
2025-11-09 08:40:20 [INFO] [BSHCGlobalServerSettings] Loading from: $profile:\Bastardo_HC\BS_Global_settings.json
2025-11-09 08:40:20 [INFO] [CrateConfigManager] Re-saved static_crates.json to include any new options.
2025-11-09 08:40:20 [INFO] [CrateConfigManager] Re-saved dynamic_crates.json to include any new options.
2025-11-09 08:40:20 [INFO] [CrateConfigManager] Static CrateManagement has been set.
2025-11-09 08:40:20 [INFO] CrateSpawner instance created.
2025-11-09 08:40:20 [INFO] OnInit - Crate Spawner created. Grace Period: 5 minutes. Periodic Tick: 3600 seconds.
2025-11-09 08:40:20 [INFO] OnInit - Bastardos Hacked Crates System Initialization sequence finished.
2025-11-09 08:40:27 [INFO] OnMissionStart - Server mission started. Scheduling Hacked Crate cleanup and initial spawn setup.
2025-11-09 08:40:27 [INFO] OnMissionStart - Immediate STATIC Crate spawn scheduled in 15 seconds.
2025-11-09 08:40:27 [INFO] OnMissionStart - Initial DYNAMIC Crate spawn scheduled in approx. 320 seconds.
2025-11-09 08:40:27 [INFO] OnMissionStart - Scheduling first PERIODIC Crate Spawn Tick in approx. 3600 seconds.
2025-11-09 08:40:41 [INFO] Inventory for BS_Hacked_Crate LOCKED. IsOpen: false LootAccessActionDone: false
2025-11-09 08:40:41 [INFO] OnStoreLoad: m_ConfigUniqueID_Persist set from storage to: 'DefaultStaticEvent_Example1' for BS_Hacked_Crate<2987061>
2025-11-09 08:40:41 [INFO] OnStoreLoad: FINISHED loading raw data into member variables for BS_Hacked_Crate<2987061>
2025-11-09 08:40:44 [INFO] Inventory for BS_Hacked_Crate LOCKED. IsOpen: false LootAccessActionDone: false
2025-11-09 08:40:44 [INFO] OnStoreLoad: m_ConfigUniqueID_Persist set from storage to: 'DefaultDynamicEvent_Example1' for BS_Hacked_Crate<2991298>
2025-11-09 08:40:44 [INFO] OnStoreLoad: FINISHED loading raw data into member variables for BS_Hacked_Crate<2991298>
2025-11-09 08:40:44 [INFO] Inventory for BS_Hacked_Crate LOCKED. IsOpen: false LootAccessActionDone: false
2025-11-09 08:40:44 [INFO] OnStoreLoad: m_ConfigUniqueID_Persist set from storage to: 'DefaultDynamicEvent_Example1' for BS_Hacked_Crate<2991730>
2025-11-09 08:40:44 [INFO] OnStoreLoad: FINISHED loading raw data into member variables for BS_Hacked_Crate<2991730>
2025-11-09 08:40:59 [INFO] DeferredEEInitLogic: START for BS_Hacked_Crate<2987061>. m_LoadedExpansionMarkerUID (should be from OnStoreLoad) is ''. Current m_ExpansionMarkerUID (active) is ''
2025-11-09 08:40:59 [INFO] GetCrateSettings: m_CrateSettings_Instance is NULL for BS_Hacked_Crate<2987061>. Calling AttemptToReacquireSettings().
2025-11-09 08:40:59 [INFO] HackedCrate_Base (BS_Hacked_Crate): Attempting to re-acquire CrateSettings. Persisted ConfigUniqueID is: 'DefaultStaticEvent_Example1'
2025-11-09 08:40:59 [INFO] HackedCrate_Base (BS_Hacked_Crate): Instance specific CrateSettings assigned. ConfigUniqueID: DefaultStaticEvent_Example1
2025-11-09 08:40:59 [INFO] HackedCrate_Base (BS_Hacked_Crate): Successfully re-acquired CrateSettings by persisted ConfigUniqueID 'DefaultStaticEvent_Example1'.
2025-11-09 08:40:59 [INFO] DeferredEEInitLogic: Settings acquired successfully for BS_Hacked_Crate<2987061>.
2025-11-09 08:40:59 [INFO] DeferredEEInitLogic: m_ExpansionMarkerUID is empty. Calling CreateExpansionMapMarker for BS_Hacked_Crate<2987061>.
2025-11-09 08:40:59 [INFO] EXP_DEBUG: Inside CreateExpansionMapMarker for BS_Hacked_Crate.UseExpansionMapMarker is true.
2025-11-09 08:40:59 [INFO] EXP_DEBUG: EXPANSIONMODNAVIGATION is NOT defined. No Expansion marker will be created.
2025-11-09 08:40:59 [INFO] DeferredEEInitLogic: AG DEBUG for BS_Hacked_Crate<2987061>
2025-11-09 08:40:59 [INFO] BSHC_AG_DEBUG: BSHC_CreateAdvancedGroupsMapMarker call.
2025-11-09 08:40:59 [INFO] BSHC_AG_DEBUG: Final Marker Name: '#STR_BSHC_HackedCrate_DisplayName'
2025-11-09 08:40:59 [INFO] BSHC_AG_DEBUG: Trying to create AG marker with name: #STR_BSHC_HackedCrate_DisplayName, Pos: <2471.820068, 193.177002, 5114.220215>, Icon: BS_HackedCrate/gui/iconcrate.paa, Color: -65536, ShowOnMap: true, ShowInWorld: true
2025-11-09 08:40:59 [INFO] BSHC_AG_DEBUG: LBStaticMarkerManager.Get is accessible.
2025-11-09 08:40:59 [INFO] BSHC_AG_DEBUG: Created AG marker (UID: 1123059263) for BS_Hacked_Crate
2025-11-09 08:40:59 [INFO] DeferredEEInitLogic: Final m_LootAccessActionDone for BS_Hacked_Crate<2987061> is: false
2025-11-09 08:40:59 [INFO] Inventory for BS_Hacked_Crate LOCKED. IsOpen: false LootAccessActionDone: false
2025-11-09 08:40:59 [INFO] DeferredEEInitLogic: FINISHED for BS_Hacked_Crate<2987061>
2025-11-09 08:40:59 [INFO] DeferredEEInitLogic: Re-added persistent crate BS_Hacked_Crate to g_ActiveHackedCrates list.
2025-11-09 08:40:59 [INFO] DeferredEEInitLogic: START for BS_Hacked_Crate<2991298>. m_LoadedExpansionMarkerUID (should be from OnStoreLoad) is ''. Current m_ExpansionMarkerUID (active) is ''
2025-11-09 08:40:59 [INFO] GetCrateSettings: m_CrateSettings_Instance is NULL for BS_Hacked_Crate<2991298>. Calling AttemptToReacquireSettings().
2025-11-09 08:40:59 [INFO] HackedCrate_Base (BS_Hacked_Crate): Attempting to re-acquire CrateSettings. Persisted ConfigUniqueID is: 'DefaultDynamicEvent_Example1'
2025-11-09 08:40:59 [INFO] HackedCrate_Base (BS_Hacked_Crate): Instance specific CrateSettings assigned. ConfigUniqueID: DefaultDynamicEvent_Example1
2025-11-09 08:40:59 [INFO] HackedCrate_Base (BS_Hacked_Crate): Successfully re-acquired CrateSettings by persisted ConfigUniqueID 'DefaultDynamicEvent_Example1'.
2025-11-09 08:40:59 [INFO] DeferredEEInitLogic: Settings acquired successfully for BS_Hacked_Crate<2991298>.
2025-11-09 08:40:59 [INFO] DeferredEEInitLogic: m_ExpansionMarkerUID is empty. Calling CreateExpansionMapMarker for BS_Hacked_Crate<2991298>.
2025-11-09 08:40:59 [INFO] EXP_DEBUG: Inside CreateExpansionMapMarker for BS_Hacked_Crate.UseExpansionMapMarker is true.
2025-11-09 08:40:59 [INFO] EXP_DEBUG: EXPANSIONMODNAVIGATION is NOT defined. No Expansion marker will be created.
2025-11-09 08:40:59 [INFO] DeferredEEInitLogic: AG DEBUG for BS_Hacked_Crate<2991298>
2025-11-09 08:40:59 [INFO] BSHC_AG_DEBUG: BSHC_CreateAdvancedGroupsMapMarker call.
2025-11-09 08:40:59 [INFO] BSHC_AG_DEBUG: Final Marker Name: '#STR_BSHC_HackedCrate_DisplayName'
2025-11-09 08:40:59 [INFO] BSHC_AG_DEBUG: Trying to create AG marker with name: #STR_BSHC_HackedCrate_DisplayName, Pos: <4732.430176, 338.968994, 10350.200195>, Icon: BS_HackedCrate/gui/iconcrate.paa, Color: -65536, ShowOnMap: true, ShowInWorld: true
2025-11-09 08:40:59 [INFO] BSHC_AG_DEBUG: LBStaticMarkerManager.Get is accessible.
2025-11-09 08:40:59 [INFO] BSHC_AG_DEBUG: Created AG marker (UID: 206838108) for BS_Hacked_Crate
2025-11-09 08:40:59 [INFO] DeferredEEInitLogic: Final m_LootAccessActionDone for BS_Hacked_Crate<2991298> is: false
2025-11-09 08:40:59 [INFO] Inventory for BS_Hacked_Crate LOCKED. IsOpen: false LootAccessActionDone: false
2025-11-09 08:40:59 [INFO] DeferredEEInitLogic: FINISHED for BS_Hacked_Crate<2991298>
2025-11-09 08:40:59 [INFO] DeferredEEInitLogic: Re-added persistent crate BS_Hacked_Crate to g_ActiveHackedCrates list.
2025-11-09 08:40:59 [INFO] DeferredEEInitLogic: START for BS_Hacked_Crate<2991730>. m_LoadedExpansionMarkerUID (should be from OnStoreLoad) is ''. Current m_ExpansionMarkerUID (active) is ''
2025-11-09 08:40:59 [INFO] GetCrateSettings: m_CrateSettings_Instance is NULL for BS_Hacked_Crate<2991730>. Calling AttemptToReacquireSettings().
2025-11-09 08:40:59 [INFO] HackedCrate_Base (BS_Hacked_Crate): Attempting to re-acquire CrateSettings. Persisted ConfigUniqueID is: 'DefaultDynamicEvent_Example1'
2025-11-09 08:40:59 [INFO] HackedCrate_Base (BS_Hacked_Crate): Instance specific CrateSettings assigned. ConfigUniqueID: DefaultDynamicEvent_Example1
2025-11-09 08:40:59 [INFO] HackedCrate_Base (BS_Hacked_Crate): Successfully re-acquired CrateSettings by persisted ConfigUniqueID 'DefaultDynamicEvent_Example1'.
2025-11-09 08:40:59 [INFO] DeferredEEInitLogic: Settings acquired successfully for BS_Hacked_Crate<2991730>.
2025-11-09 08:40:59 [INFO] DeferredEEInitLogic: m_ExpansionMarkerUID is empty. Calling CreateExpansionMapMarker for BS_Hacked_Crate<2991730>.
2025-11-09 08:40:59 [INFO] EXP_DEBUG: Inside CreateExpansionMapMarker for BS_Hacked_Crate.UseExpansionMapMarker is true.
2025-11-09 08:40:59 [INFO] EXP_DEBUG: EXPANSIONMODNAVIGATION is NOT defined. No Expansion marker will be created.
2025-11-09 08:40:59 [INFO] DeferredEEInitLogic: AG DEBUG for BS_Hacked_Crate<2991730>
2025-11-09 08:40:59 [INFO] BSHC_AG_DEBUG: BSHC_CreateAdvancedGroupsMapMarker call.
2025-11-09 08:40:59 [INFO] BSHC_AG_DEBUG: Final Marker Name: '#STR_BSHC_HackedCrate_DisplayName'
2025-11-09 08:40:59 [INFO] BSHC_AG_DEBUG: Trying to create AG marker with name: #STR_BSHC_HackedCrate_DisplayName, Pos: <4553.689941, 317.975006, 8352.099609>, Icon: BS_HackedCrate/gui/iconcrate.paa, Color: -65536, ShowOnMap: true, ShowInWorld: true
2025-11-09 08:40:59 [INFO] BSHC_AG_DEBUG: LBStaticMarkerManager.Get is accessible.
2025-11-09 08:40:59 [INFO] BSHC_AG_DEBUG: Created AG marker (UID: 346171883) for BS_Hacked_Crate
2025-11-09 08:40:59 [INFO] DeferredEEInitLogic: Final m_LootAccessActionDone for BS_Hacked_Crate<2991730> is: false
2025-11-09 08:40:59 [INFO] Inventory for BS_Hacked_Crate LOCKED. IsOpen: false LootAccessActionDone: false
2025-11-09 08:40:59 [INFO] DeferredEEInitLogic: FINISHED for BS_Hacked_Crate<2991730>
2025-11-09 08:40:59 [INFO] DeferredEEInitLogic: Re-added persistent crate BS_Hacked_Crate to g_ActiveHackedCrates list.
2025-11-09 08:41:32 [INFO] DeleteHackedCratesFromKnownLocations - Starting cleanup of Hacked Crates from KNOWN SPAWN LOCATIONS as defined in configurations...
2025-11-09 08:41:32 [INFO] DeleteHackedCratesFromKnownLocations - Deleting INACTIVE: BS_Hacked_Crate (ID: 2987061) found at configured spawn Pos: <2471.820068, 193.177002, 5114.220215> for CrateType BS_Hacked_Crate
2025-11-09 08:41:32 [INFO] EEDelete called for BS_Hacked_Crate at <2471.820068, 193.177002, 5114.220215>
2025-11-09 08:41:32 [INFO] EXP_REMOVE_DEBUG: Attempting RemoveExpansionMapMarker. Context: EEDelete. Current UID: '' for BS_Hacked_Crate<2987061>
2025-11-09 08:41:32 [INFO] EXP_REMOVE_DEBUG: EXPANSIONMODNAVIGATION NOT defined. Cannot remove marker. Context: EEDelete for BS_Hacked_Crate<2987061>
2025-11-09 08:41:32 [INFO] BSHC_AG_DEBUG: BSHC_RemoveAdvancedGroupsMapMarker called.
2025-11-09 08:41:32 [INFO] BSHC_AG_DEBUG: Removing AG marker UID: 1123059263
2025-11-09 08:41:32 [INFO] BSHC_AG_DEBUG: AG marker UID 1123059263 successfully removed.
2025-11-09 08:41:32 [INFO] HackedCrate (BS_Hacked_Crate): Sending RPC Notification. Type: DESPAWN, Key: #STR_BSHC_Notification_Despawn_Located
2025-11-09 08:41:32 [INFO] EEDelete: Removed BS_Hacked_Crate from g_ActiveHackedCrates. Remaining count: 2
2025-11-09 08:41:32 [INFO] DeleteHackedCratesFromKnownLocations - Deleting INACTIVE: BS_Hacked_Crate (ID: 2991298) found at configured spawn Pos: <4732.430176, 338.968994, 10350.200195> for CrateType BS_Hacked_Crate
2025-11-09 08:41:32 [INFO] EEDelete called for BS_Hacked_Crate at <4732.430176, 338.968994, 10350.200195>
2025-11-09 08:41:32 [INFO] EXP_REMOVE_DEBUG: Attempting RemoveExpansionMapMarker. Context: EEDelete. Current UID: '' for BS_Hacked_Crate<2991298>
2025-11-09 08:41:32 [INFO] EXP_REMOVE_DEBUG: EXPANSIONMODNAVIGATION NOT defined. Cannot remove marker. Context: EEDelete for BS_Hacked_Crate<2991298>
2025-11-09 08:41:32 [INFO] BSHC_AG_DEBUG: BSHC_RemoveAdvancedGroupsMapMarker called.
2025-11-09 08:41:32 [INFO] BSHC_AG_DEBUG: Removing AG marker UID: 206838108
2025-11-09 08:41:32 [INFO] BSHC_AG_DEBUG: AG marker UID 206838108 successfully removed.
2025-11-09 08:41:32 [INFO] HackedCrate (BS_Hacked_Crate): Sending RPC Notification. Type: DESPAWN, Key: #STR_BSHC_Notification_Despawn_Located
2025-11-09 08:41:32 [INFO] EEDelete: Removed BS_Hacked_Crate from g_ActiveHackedCrates. Remaining count: 1
2025-11-09 08:41:32 [INFO] DeleteHackedCratesFromKnownLocations - Deleting INACTIVE: BS_Hacked_Crate (ID: 2991730) found at configured spawn Pos: <4553.689941, 317.975006, 8352.099609> for CrateType BS_Hacked_Crate
2025-11-09 08:41:32 [INFO] EEDelete called for BS_Hacked_Crate at <4553.689941, 317.975006, 8352.099609>
2025-11-09 08:41:32 [INFO] EXP_REMOVE_DEBUG: Attempting RemoveExpansionMapMarker. Context: EEDelete. Current UID: '' for BS_Hacked_Crate<2991730>
2025-11-09 08:41:32 [INFO] EXP_REMOVE_DEBUG: EXPANSIONMODNAVIGATION NOT defined. Cannot remove marker. Context: EEDelete for BS_Hacked_Crate<2991730>
2025-11-09 08:41:32 [INFO] BSHC_AG_DEBUG: BSHC_RemoveAdvancedGroupsMapMarker called.
2025-11-09 08:41:32 [INFO] BSHC_AG_DEBUG: Removing AG marker UID: 346171883
2025-11-09 08:41:32 [INFO] BSHC_AG_DEBUG: AG marker UID 346171883 successfully removed.
2025-11-09 08:41:32 [INFO] HackedCrate (BS_Hacked_Crate): Sending RPC Notification. Type: DESPAWN, Key: #STR_BSHC_Notification_Despawn_Located
2025-11-09 08:41:32 [INFO] EEDelete: Removed BS_Hacked_Crate from g_ActiveHackedCrates. Remaining count: 0
2025-11-09 08:41:32 [INFO] DeleteHackedCratesFromKnownLocations - Cleanup from known locations finished. Total inactive Hacked Crates (matching type and location) deleted: 3
2025-11-09 08:41:37 [INFO] PerformImmediateStaticSpawn - Calling CrateSpawner to setup STATIC Hacked Crates...
2025-11-09 08:41:37 [INFO] CrateSpawner: ------------- Starting IMMEDIATE STATIC Spawn Pass -------------
2025-11-09 08:41:37 [INFO] CrateSpawner: Processing IMMEDIATE STATIC for ConfigUniqueID: 'DefaultStaticEvent_Example1'.
2025-11-09 08:41:37 [INFO] SpawnStaticCrates: Processing 1 static locations for ConfigUniqueID: 'DefaultStaticEvent_Example1'.
2025-11-09 08:41:37 [INFO] SpawnStaticCrates: Location <2471.820068, 193.177002, 5114.220215> is free. Attempting to spawn crate.
2025-11-09 08:41:37 [INFO] Inventory for BS_Hacked_Crate LOCKED. IsOpen: false LootAccessActionDone: false
2025-11-09 08:41:37 [INFO] HackedCrate_Base (BS_Hacked_Crate): Instance specific CrateSettings assigned. ConfigUniqueID: DefaultStaticEvent_Example1
2025-11-09 08:41:37 [INFO] [SpawnAIAroundCrate] Spawning 2 AI(s) next to the crate.
2025-11-09 08:41:37 [INFO] [SpawnAIAroundCrate] Successfully spawned ZmbM_SoldierNormal at <2481.752686, 193.160995, 5120.385742>
2025-11-09 08:41:37 [INFO] [SpawnAIAroundCrate] Successfully spawned ZmbM_SoldierNormal at <2486.186035, 193.287338, 5098.141113>
2025-11-09 08:41:37 [INFO] CrateSpawner: ------------- Finished IMMEDIATE STATIC Spawn Pass -------------
2025-11-09 08:41:37 [INFO] DeferredEEInitLogic: START for BS_Hacked_Crate<3010983>. m_LoadedExpansionMarkerUID (should be from OnStoreLoad) is ''. Current m_ExpansionMarkerUID (active) is ''
2025-11-09 08:41:37 [INFO] DeferredEEInitLogic: Settings acquired successfully for BS_Hacked_Crate<3010983>.
2025-11-09 08:41:37 [INFO] DeferredEEInitLogic: m_ExpansionMarkerUID is empty. Calling CreateExpansionMapMarker for BS_Hacked_Crate<3010983>.
2025-11-09 08:41:37 [INFO] EXP_DEBUG: Inside CreateExpansionMapMarker for BS_Hacked_Crate.UseExpansionMapMarker is true.
2025-11-09 08:41:37 [INFO] EXP_DEBUG: EXPANSIONMODNAVIGATION is NOT defined. No Expansion marker will be created.
2025-11-09 08:41:37 [INFO] DeferredEEInitLogic: AG DEBUG for BS_Hacked_Crate<3010983>
2025-11-09 08:41:37 [INFO] BSHC_AG_DEBUG: BSHC_CreateAdvancedGroupsMapMarker call.
2025-11-09 08:41:37 [INFO] BSHC_AG_DEBUG: Final Marker Name: '#STR_BSHC_HackedCrate_DisplayName'
2025-11-09 08:41:37 [INFO] BSHC_AG_DEBUG: Trying to create AG marker with name: #STR_BSHC_HackedCrate_DisplayName, Pos: <2471.820068, 193.177002, 5114.220215>, Icon: BS_HackedCrate/gui/iconcrate.paa, Color: -65536, ShowOnMap: true, ShowInWorld: true
2025-11-09 08:41:37 [INFO] BSHC_AG_DEBUG: LBStaticMarkerManager.Get is accessible.
2025-11-09 08:41:37 [INFO] BSHC_AG_DEBUG: Created AG marker (UID: 1468444491) for BS_Hacked_Crate
2025-11-09 08:41:37 [INFO] DeferredEEInitLogic: Final m_LootAccessActionDone for BS_Hacked_Crate<3010983> is: false
2025-11-09 08:41:37 [INFO] Inventory for BS_Hacked_Crate LOCKED. IsOpen: false LootAccessActionDone: false
2025-11-09 08:41:37 [INFO] DeferredEEInitLogic: FINISHED for BS_Hacked_Crate<3010983>
2025-11-09 08:46:26 [INFO] BSHC_AG_DEBUG: BSHC_RemoveAdvancedGroupsMapMarker called.
2025-11-09 08:46:26 [INFO] BSHC_AG_DEBUG: Removing AG marker UID: 1468444491
2025-11-09 08:46:26 [INFO] BSHC_AG_DEBUG: AG marker UID 1468444491 successfully removed.
2025-11-09 08:46:26 [INFO] HackedCrate (BS_Hacked_Crate): Sending RPC Notification. Type: START, Key: #STR_BSHC_Notification_Start_Located
2025-11-09 08:46:42 [INFO] PerformInitialDynamicSpawn - Grace period ended. Calling CrateSpawner to setup initial DYNAMIC Hacked Crates...
2025-11-09 08:46:42 [INFO] CrateSpawner: ------------- Starting INITIAL DYNAMIC Spawn Pass (Post-Grace) -------------
2025-11-09 08:46:42 [INFO] CrateSpawner: Current server population for dynamic spawn: 2 players.
2025-11-09 08:46:42 [INFO] CrateSpawner: Processing DYNAMIC for ConfigUniqueID: 'DefaultDynamicEvent_Example1'.
2025-11-09 08:46:42 [INFO] CrateSpawner: Attempting to spawn 2 for ConfigUniqueID: 'DefaultDynamicEvent_Example1'.
2025-11-09 08:46:42 [INFO] SpawnRandomCrates: Attempting to spawn 2 of type 'BS_Hacked_Crate' with ConfigUniqueID 'DefaultDynamicEvent_Example1'.
2025-11-09 08:46:42 [INFO] SpawnRandomCrates: Shuffled list for 'DefaultDynamicEvent_Example1' is empty or non-existent. Regenerating and shuffling.
2025-11-09 08:46:42 [INFO] CrateSpawner: Sending spawn warning for 'BS_Hacked_Crate' at Airfield
2025-11-09 08:46:42 [INFO] CrateSpawner: Added to pending list for ConfigUniqueID 'DefaultDynamicEvent_Example1'. New pending count: 1
2025-11-09 08:46:42 [INFO] CrateSpawner: Sending spawn warning for 'BS_Hacked_Crate' at VMC
2025-11-09 08:46:42 [INFO] CrateSpawner: Added to pending list for ConfigUniqueID 'DefaultDynamicEvent_Example1'. New pending count: 2
2025-11-09 08:46:42 [INFO] CrateSpawner: ------------- Finished INITIAL DYNAMIC Spawn Pass -------------
2025-11-09 08:47:53 [INFO] BSHC_AG_DEBUG: BSHC_RemoveAdvancedGroupsMapMarker called.
2025-11-09 08:47:53 [INFO] BSHC_AG_DEBUG: Removing AG marker UID: 1727254029
2025-11-09 08:47:53 [INFO] BSHC_AG_DEBUG: AG marker UID 1727254029 successfully removed.
2025-11-09 08:49:23 [INFO] BSHC_AG_DEBUG: BSHC_RemoveAdvancedGroupsMapMarker called.
2025-11-09 08:49:23 [INFO] BSHC_AG_DEBUG: Removing AG marker UID: 2122906898
2025-11-09 08:49:23 [INFO] BSHC_AG_DEBUG: AG marker UID 2122906898 successfully removed.
2025-11-09 08:50:53 [INFO] BSHC_AG_DEBUG: BSHC_RemoveAdvancedGroupsMapMarker called.
2025-11-09 08:50:53 [INFO] BSHC_AG_DEBUG: Removing AG marker UID: 1433840430
2025-11-09 08:50:53 [INFO] BSHC_AG_DEBUG: AG marker UID 1433840430 successfully removed.
2025-11-09 08:52:23 [INFO] BSHC_AG_DEBUG: BSHC_RemoveAdvancedGroupsMapMarker called.
2025-11-09 08:52:23 [INFO] BSHC_AG_DEBUG: Removing AG marker UID: 456865555
2025-11-09 08:52:23 [INFO] BSHC_AG_DEBUG: AG marker UID 456865555 successfully removed.
2025-11-09 08:53:53 [INFO] BSHC_AG_DEBUG: BSHC_RemoveAdvancedGroupsMapMarker called.
2025-11-09 08:53:53 [INFO] BSHC_AG_DEBUG: Removing AG marker UID: 332605519
2025-11-09 08:53:53 [INFO] BSHC_AG_DEBUG: AG marker UID 332605519 successfully removed.
2025-11-09 08:55:23 [INFO] BSHC_AG_DEBUG: BSHC_RemoveAdvancedGroupsMapMarker called.
2025-11-09 08:55:23 [INFO] BSHC_AG_DEBUG: Removing AG marker UID: 1950738588
2025-11-09 08:55:23 [INFO] BSHC_AG_DEBUG: AG marker UID 1950738588 successfully removed.
2025-11-09 08:55:40 [INFO] Inventory for BS_HackedCrateRust LOCKED. IsOpen: false LootAccessActionDone: false
2025-11-09 08:55:40 [INFO] DeferredEEInitLogic: START for BS_HackedCrateRust<3014872>. m_LoadedExpansionMarkerUID (should be from OnStoreLoad) is ''. Current m_ExpansionMarkerUID (active) is ''
2025-11-09 08:55:40 [INFO] GetCrateSettings: m_CrateSettings_Instance is NULL for BS_HackedCrateRust<3014872>. Calling AttemptToReacquireSettings().
2025-11-09 08:55:40 [INFO] HackedCrate_Base (BS_HackedCrateRust): Attempting to re-acquire CrateSettings. Persisted ConfigUniqueID is: ''
2025-11-09 08:55:40 [INFO] HackedCrate_Base (BS_HackedCrateRust): No persisted ConfigUniqueID. Attempting to find the FIRST DYNAMIC configuration to use as default...
2025-11-09 08:55:40 [INFO] HackedCrate_Base (BS_HackedCrateRust): Instance specific CrateSettings assigned. ConfigUniqueID: DefaultDynamicEvent_Example1
2025-11-09 08:55:40 [INFO] HackedCrate_Base (BS_HackedCrateRust): Assigned the first dynamic config found ('DefaultDynamicEvent_Example1') to this manually spawned crate.
2025-11-09 08:55:40 [INFO] DeferredEEInitLogic: Settings acquired successfully for BS_HackedCrateRust<3014872>.
2025-11-09 08:55:40 [INFO] DeferredEEInitLogic: m_ExpansionMarkerUID is empty. Calling CreateExpansionMapMarker for BS_HackedCrateRust<3014872>.
2025-11-09 08:55:40 [INFO] EXP_DEBUG: Inside CreateExpansionMapMarker for BS_HackedCrateRust.UseExpansionMapMarker is true.
2025-11-09 08:55:40 [INFO] EXP_DEBUG: EXPANSIONMODNAVIGATION is NOT defined. No Expansion marker will be created.
2025-11-09 08:55:40 [INFO] DeferredEEInitLogic: AG DEBUG for BS_HackedCrateRust<3014872>
2025-11-09 08:55:40 [INFO] BSHC_AG_DEBUG: BSHC_CreateAdvancedGroupsMapMarker call.
2025-11-09 08:55:40 [INFO] BSHC_AG_DEBUG: Final Marker Name: '#STR_BSHC_HackedCrateRust_DisplayName'
2025-11-09 08:55:40 [INFO] BSHC_AG_DEBUG: Trying to create AG marker with name: #STR_BSHC_HackedCrateRust_DisplayName, Pos: <2470.077881, 193.331345, 5116.913574>, Icon: BS_HackedCrate/gui/iconcrate.paa, Color: -65536, ShowOnMap: true, ShowInWorld: true
2025-11-09 08:55:40 [INFO] BSHC_AG_DEBUG: LBStaticMarkerManager.Get is accessible.
2025-11-09 08:55:40 [INFO] BSHC_AG_DEBUG: Created AG marker (UID: 1929569816) for BS_HackedCrateRust
2025-11-09 08:55:40 [INFO] DeferredEEInitLogic: Final m_LootAccessActionDone for BS_HackedCrateRust<3014872> is: false
2025-11-09 08:55:40 [INFO] Inventory for BS_HackedCrateRust LOCKED. IsOpen: false LootAccessActionDone: false
2025-11-09 08:55:40 [INFO] DeferredEEInitLogic: FINISHED for BS_HackedCrateRust<3014872>
2025-11-09 08:55:40 [INFO] DeferredEEInitLogic: Re-added persistent crate BS_HackedCrateRust to g_ActiveHackedCrates list.
2025-11-09 08:55:49 [INFO] BSHC_AG_DEBUG: BSHC_RemoveAdvancedGroupsMapMarker called.
2025-11-09 08:55:49 [INFO] BSHC_AG_DEBUG: Removing AG marker UID: 1929569816
2025-11-09 08:55:49 [INFO] BSHC_AG_DEBUG: AG marker UID 1929569816 successfully removed.
2025-11-09 08:55:49 [INFO] HackedCrate (BS_HackedCrateRust): Sending RPC Notification. Type: START, Key: #STR_BSHC_Notification_Start_Located
2025-11-09 08:55:57 [INFO] EEDelete called for BS_HackedCrateRust at <2470.077881, 193.331345, 5116.913574>
2025-11-09 08:55:57 [INFO] EXP_REMOVE_DEBUG: Attempting RemoveExpansionMapMarker. Context: EEDelete. Current UID: '' for BS_HackedCrateRust<3014872>
2025-11-09 08:55:57 [INFO] EXP_REMOVE_DEBUG: EXPANSIONMODNAVIGATION NOT defined. Cannot remove marker. Context: EEDelete for BS_HackedCrateRust<3014872>
2025-11-09 08:55:57 [INFO] BSHC_AG_DEBUG: BSHC_RemoveAdvancedGroupsMapMarker called.
2025-11-09 08:55:57 [INFO] BSHC_AG_DEBUG: Removing AG marker UID: 2094528946
2025-11-09 08:55:57 [INFO] BSHC_AG_DEBUG: AG marker UID 2094528946 successfully removed.
2025-11-09 08:55:57 [INFO] HackedCrate (BS_HackedCrateRust): Sending RPC Notification. Type: DESPAWN, Key: #STR_BSHC_Notification_Despawn_Located
2025-11-09 08:55:57 [INFO] EEDelete: Removed BS_HackedCrateRust from g_ActiveHackedCrates. Remaining count: 1
2025-11-09 08:56:04 [INFO] Inventory for BS_Hacked_Crate_Black LOCKED. IsOpen: false LootAccessActionDone: false
2025-11-09 08:56:05 [INFO] DeferredEEInitLogic: START for BS_Hacked_Crate_Black<3014952>. m_LoadedExpansionMarkerUID (should be from OnStoreLoad) is ''. Current m_ExpansionMarkerUID (active) is ''
2025-11-09 08:56:05 [INFO] GetCrateSettings: m_CrateSettings_Instance is NULL for BS_Hacked_Crate_Black<3014952>. Calling AttemptToReacquireSettings().
2025-11-09 08:56:05 [INFO] HackedCrate_Base (BS_Hacked_Crate_Black): Attempting to re-acquire CrateSettings. Persisted ConfigUniqueID is: ''
2025-11-09 08:56:05 [INFO] HackedCrate_Base (BS_Hacked_Crate_Black): No persisted ConfigUniqueID. Attempting to find the FIRST DYNAMIC configuration to use as default...
2025-11-09 08:56:05 [INFO] HackedCrate_Base (BS_Hacked_Crate_Black): Instance specific CrateSettings assigned. ConfigUniqueID: DefaultDynamicEvent_Example1
2025-11-09 08:56:05 [INFO] HackedCrate_Base (BS_Hacked_Crate_Black): Assigned the first dynamic config found ('DefaultDynamicEvent_Example1') to this manually spawned crate.
2025-11-09 08:56:05 [INFO] DeferredEEInitLogic: Settings acquired successfully for BS_Hacked_Crate_Black<3014952>.
2025-11-09 08:56:05 [INFO] DeferredEEInitLogic: m_ExpansionMarkerUID is empty. Calling CreateExpansionMapMarker for BS_Hacked_Crate_Black<3014952>.
2025-11-09 08:56:05 [INFO] EXP_DEBUG: Inside CreateExpansionMapMarker for BS_Hacked_Crate_Black.UseExpansionMapMarker is true.
2025-11-09 08:56:05 [INFO] EXP_DEBUG: EXPANSIONMODNAVIGATION is NOT defined. No Expansion marker will be created.
2025-11-09 08:56:05 [INFO] DeferredEEInitLogic: AG DEBUG for BS_Hacked_Crate_Black<3014952>
2025-11-09 08:56:05 [INFO] BSHC_AG_DEBUG: BSHC_CreateAdvancedGroupsMapMarker call.
2025-11-09 08:56:05 [INFO] BSHC_AG_DEBUG: Final Marker Name: '#STR_BSHC_HackedCrate_DisplayName'
2025-11-09 08:56:05 [INFO] BSHC_AG_DEBUG: Trying to create AG marker with name: #STR_BSHC_HackedCrate_DisplayName, Pos: <2469.238525, 193.176086, 5117.697754>, Icon: BS_HackedCrate/gui/iconcrate.paa, Color: -65536, ShowOnMap: true, ShowInWorld: true
2025-11-09 08:56:05 [INFO] BSHC_AG_DEBUG: LBStaticMarkerManager.Get is accessible.
2025-11-09 08:56:05 [INFO] BSHC_AG_DEBUG: Created AG marker (UID: 1342480466) for BS_Hacked_Crate_Black
2025-11-09 08:56:05 [INFO] DeferredEEInitLogic: Final m_LootAccessActionDone for BS_Hacked_Crate_Black<3014952> is: false
2025-11-09 08:56:05 [INFO] Inventory for BS_Hacked_Crate_Black LOCKED. IsOpen: false LootAccessActionDone: false
2025-11-09 08:56:05 [INFO] DeferredEEInitLogic: FINISHED for BS_Hacked_Crate_Black<3014952>
2025-11-09 08:56:05 [INFO] DeferredEEInitLogic: Re-added persistent crate BS_Hacked_Crate_Black to g_ActiveHackedCrates list.
2025-11-09 08:56:11 [INFO] EEDelete called for BS_Hacked_Crate_Black at <2469.238525, 193.176086, 5117.697754>
2025-11-09 08:56:11 [INFO] EXP_REMOVE_DEBUG: Attempting RemoveExpansionMapMarker. Context: EEDelete. Current UID: '' for BS_Hacked_Crate_Black<3014952>
2025-11-09 08:56:11 [INFO] EXP_REMOVE_DEBUG: EXPANSIONMODNAVIGATION NOT defined. Cannot remove marker. Context: EEDelete for BS_Hacked_Crate_Black<3014952>
2025-11-09 08:56:11 [INFO] BSHC_AG_DEBUG: BSHC_RemoveAdvancedGroupsMapMarker called.
2025-11-09 08:56:11 [INFO] BSHC_AG_DEBUG: Removing AG marker UID: 1342480466
2025-11-09 08:56:11 [INFO] BSHC_AG_DEBUG: AG marker UID 1342480466 successfully removed.
2025-11-09 08:56:11 [INFO] HackedCrate (BS_Hacked_Crate_Black): Sending RPC Notification. Type: DESPAWN, Key: #STR_BSHC_Notification_Despawn_Located
2025-11-09 08:56:11 [INFO] EEDelete: Removed BS_Hacked_Crate_Black from g_ActiveHackedCrates. Remaining count: 1
2025-11-09 08:56:42 [INFO] SpawnCrateAfterWarning: Timer finished. Spawning crate BS_Hacked_Crate. Removed from pending list. New pending count: 1
2025-11-09 08:56:42 [INFO] Inventory for BS_Hacked_Crate LOCKED. IsOpen: false LootAccessActionDone: false
2025-11-09 08:56:42 [INFO] HackedCrate_Base (BS_Hacked_Crate): Instance specific CrateSettings assigned. ConfigUniqueID: DefaultDynamicEvent_Example1
2025-11-09 08:56:42 [INFO] CrateSpawner: Standard Notification RPC sent. Key: #STR_BSHC_Notification_Spawn_Located
2025-11-09 08:56:42 [INFO] [SpawnAIAroundCrate] Spawning 3 AI(s) next to the crate.
2025-11-09 08:56:42 [INFO] [SpawnAIAroundCrate] Successfully spawned ZmbM_SoldierNormal at <4728.098145, 339.000000, 10327.824219>
2025-11-09 08:56:42 [INFO] [SpawnAIAroundCrate] Successfully spawned ZmbM_SoldierNormal at <4741.823730, 339.000000, 10332.050781>
2025-11-09 08:56:42 [INFO] [SpawnAIAroundCrate] Successfully spawned ZmbM_SoldierNormal at <4746.634766, 339.000000, 10347.585938>
2025-11-09 08:56:42 [INFO] SpawnCrateAfterWarning: Timer finished. Spawning crate BS_Hacked_Crate. Removed from pending list. New pending count: 0
2025-11-09 08:56:42 [INFO] Inventory for BS_Hacked_Crate LOCKED. IsOpen: false LootAccessActionDone: false
2025-11-09 08:56:42 [INFO] HackedCrate_Base (BS_Hacked_Crate): Instance specific CrateSettings assigned. ConfigUniqueID: DefaultDynamicEvent_Example1
2025-11-09 08:56:42 [INFO] CrateSpawner: Standard Notification RPC sent. Key: #STR_BSHC_Notification_Spawn_Located
2025-11-09 08:56:42 [INFO] [SpawnAIAroundCrate] Spawning 3 AI(s) next to the crate.
2025-11-09 08:56:42 [INFO] [SpawnAIAroundCrate] Successfully spawned ZmbM_SoldierNormal at <4547.833008, 317.947723, 8337.448242>
2025-11-09 08:56:42 [INFO] [SpawnAIAroundCrate] Successfully spawned ZmbM_SoldierNormal at <4542.695313, 317.953552, 8359.287109>
2025-11-09 08:56:42 [INFO] [SpawnAIAroundCrate] Successfully spawned ZmbM_SoldierNormal at <4529.980469, 317.540192, 8350.490234>
2025-11-09 08:56:42 [INFO] DeferredEEInitLogic: START for BS_Hacked_Crate<3014960>. m_LoadedExpansionMarkerUID (should be from OnStoreLoad) is ''. Current m_ExpansionMarkerUID (active) is ''
2025-11-09 08:56:42 [INFO] DeferredEEInitLogic: Settings acquired successfully for BS_Hacked_Crate<3014960>.
2025-11-09 08:56:42 [INFO] DeferredEEInitLogic: m_ExpansionMarkerUID is empty. Calling CreateExpansionMapMarker for BS_Hacked_Crate<3014960>.
2025-11-09 08:56:42 [INFO] EXP_DEBUG: Inside CreateExpansionMapMarker for BS_Hacked_Crate.UseExpansionMapMarker is true.
2025-11-09 08:56:42 [INFO] EXP_DEBUG: EXPANSIONMODNAVIGATION is NOT defined. No Expansion marker will be created.
2025-11-09 08:56:42 [INFO] DeferredEEInitLogic: AG DEBUG for BS_Hacked_Crate<3014960>
2025-11-09 08:56:42 [INFO] BSHC_AG_DEBUG: BSHC_CreateAdvancedGroupsMapMarker call.
2025-11-09 08:56:42 [INFO] BSHC_AG_DEBUG: Final Marker Name: '#STR_BSHC_HackedCrate_DisplayName'
2025-11-09 08:56:42 [INFO] BSHC_AG_DEBUG: Trying to create AG marker with name: #STR_BSHC_HackedCrate_DisplayName, Pos: <4732.430176, 338.968994, 10350.200195>, Icon: BS_HackedCrate/gui/iconcrate.paa, Color: -65536, ShowOnMap: true, ShowInWorld: true
2025-11-09 08:56:42 [INFO] BSHC_AG_DEBUG: LBStaticMarkerManager.Get is accessible.
2025-11-09 08:56:42 [INFO] BSHC_AG_DEBUG: Created AG marker (UID: 297477154) for BS_Hacked_Crate
2025-11-09 08:56:42 [INFO] DeferredEEInitLogic: Final m_LootAccessActionDone for BS_Hacked_Crate<3014960> is: false
2025-11-09 08:56:42 [INFO] Inventory for BS_Hacked_Crate LOCKED. IsOpen: false LootAccessActionDone: false
2025-11-09 08:56:42 [INFO] DeferredEEInitLogic: FINISHED for BS_Hacked_Crate<3014960>
2025-11-09 08:56:42 [INFO] DeferredEEInitLogic: START for BS_Hacked_Crate<3014964>. m_LoadedExpansionMarkerUID (should be from OnStoreLoad) is ''. Current m_ExpansionMarkerUID (active) is ''
2025-11-09 08:56:42 [INFO] DeferredEEInitLogic: Settings acquired successfully for BS_Hacked_Crate<3014964>.
2025-11-09 08:56:42 [INFO] DeferredEEInitLogic: m_ExpansionMarkerUID is empty. Calling CreateExpansionMapMarker for BS_Hacked_Crate<3014964>.
2025-11-09 08:56:42 [INFO] EXP_DEBUG: Inside CreateExpansionMapMarker for BS_Hacked_Crate.UseExpansionMapMarker is true.
2025-11-09 08:56:42 [INFO] EXP_DEBUG: EXPANSIONMODNAVIGATION is NOT defined. No Expansion marker will be created.
2025-11-09 08:56:42 [INFO] DeferredEEInitLogic: AG DEBUG for BS_Hacked_Crate<3014964>
2025-11-09 08:56:42 [INFO] BSHC_AG_DEBUG: BSHC_CreateAdvancedGroupsMapMarker call.
2025-11-09 08:56:42 [INFO] BSHC_AG_DEBUG: Final Marker Name: '#STR_BSHC_HackedCrate_DisplayName'
2025-11-09 08:56:42 [INFO] BSHC_AG_DEBUG: Trying to create AG marker with name: #STR_BSHC_HackedCrate_DisplayName, Pos: <4553.689941, 317.975006, 8352.099609>, Icon: BS_HackedCrate/gui/iconcrate.paa, Color: -65536, ShowOnMap: true, ShowInWorld: true
2025-11-09 08:56:42 [INFO] BSHC_AG_DEBUG: LBStaticMarkerManager.Get is accessible.
2025-11-09 08:56:42 [INFO] BSHC_AG_DEBUG: Created AG marker (UID: 1988357396) for BS_Hacked_Crate
2025-11-09 08:56:42 [INFO] DeferredEEInitLogic: Final m_LootAccessActionDone for BS_Hacked_Crate<3014964> is: false
2025-11-09 08:56:42 [INFO] Inventory for BS_Hacked_Crate LOCKED. IsOpen: false LootAccessActionDone: false
2025-11-09 08:56:42 [INFO] DeferredEEInitLogic: FINISHED for BS_Hacked_Crate<3014964>
2025-11-09 08:56:53 [INFO] BSHC_AG_DEBUG: BSHC_RemoveAdvancedGroupsMapMarker called.
2025-11-09 08:56:53 [INFO] BSHC_AG_DEBUG: Removing AG marker UID: 2022830381
2025-11-09 08:56:53 [INFO] BSHC_AG_DEBUG: AG marker UID 2022830381 successfully removed.
2025-11-09 08:58:23 [INFO] BSHC_AG_DEBUG: BSHC_RemoveAdvancedGroupsMapMarker called.
2025-11-09 08:58:23 [INFO] BSHC_AG_DEBUG: Removing AG marker UID: 1337696193
2025-11-09 08:58:23 [INFO] BSHC_AG_DEBUG: AG marker UID 1337696193 successfully removed.
2025-11-09 08:59:53 [INFO] BSHC_AG_DEBUG: BSHC_RemoveAdvancedGroupsMapMarker called.
2025-11-09 08:59:53 [INFO] BSHC_AG_DEBUG: Removing AG marker UID: 88869719
2025-11-09 08:59:53 [INFO] BSHC_AG_DEBUG: AG marker UID 88869719 successfully removed.
2025-11-09 09:01:23 [INFO] BSHC_AG_DEBUG: BSHC_RemoveAdvancedGroupsMapMarker called.
2025-11-09 09:01:23 [INFO] BSHC_AG_DEBUG: Removing AG marker UID: 1527363147
2025-11-09 09:01:23 [INFO] BSHC_AG_DEBUG: AG marker UID 1527363147 successfully removed.
2025-11-09 09:01:27 [INFO] BSHC_AG_DEBUG: BSHC_RemoveAdvancedGroupsMapMarker called.
2025-11-09 09:01:27 [INFO] BSHC_AG_DEBUG: Removing AG marker UID: 1951131816
2025-11-09 09:01:27 [INFO] BSHC_AG_DEBUG: AG marker UID 1951131816 successfully removed.
2025-11-09 09:01:27 [INFO] Crate BS_Hacked_Crate requires access action (RequireAccessAction: true). Loot access pending.
2025-11-09 09:01:27 [INFO] Unlocking crate & attempting to spawn loot at <2471.820068, 193.177002, 5114.220215> for crate type: BS_Hacked_Crate
2025-11-09 09:01:27 [INFO] Temporarily unlocking inventory for loot spawn for BS_Hacked_Crate
2025-11-09 09:01:27 [INFO] Spawning loot from JSON pools for crate: BS_Hacked_Crate. Using defined LootCategoriesToUse: 1 categories.
2025-11-09 09:01:27 [INFO] Processing category from CrateSettings: 'DefaultMedical' for crate BS_Hacked_Crate
2025-11-09 09:01:27 [INFO]   - Selected Pool: 'Basic_Medical_Supplies' (Weight/Probability: 0.8) for crate BS_Hacked_Crate
2025-11-09 09:01:27 [INFO]     - Pool Min/Max items for 'Basic_Medical_Supplies': 2/2 (Clamped for pool size 2)
2025-11-09 09:01:27 [INFO]     - Calculated Count To Spawn from this pool 'Basic_Medical_Supplies': 2
2025-11-09 09:01:27 [INFO]     - Attempting to spawn 2 weighted random items from pool 'Basic_Medical_Supplies':
2025-11-09 09:01:27 [INFO]       - Spawning Item 1/2: PainkillerTablets (Original Probability in Pool: 0.5) for crate BS_Hacked_Crate
2025-11-09 09:01:27 [INFO]         -> Spawned base item OK: PainkillerTablets
2025-11-09 09:01:27 [INFO]       - Spawning Item 2/2: BandageDressing (Original Probability in Pool: 1.5) for crate BS_Hacked_Crate
2025-11-09 09:01:27 [INFO]         -> Spawned base item OK: BandageDressing
2025-11-09 09:01:27 [INFO] Inventory for BS_Hacked_Crate LOCKED. IsOpen: true LootAccessActionDone: false
2025-11-09 09:01:27 [INFO] Inventory lock state re-evaluated for BS_Hacked_Crate. Should be LOCKED if RequireAccessAction is true and action not yet performed.
2025-11-09 09:01:27 [INFO] Loot spawning process finished for crate at <2471.820068, 193.177002, 5114.220215>
2025-11-09 09:01:27 [INFO] HandlePostLootTimersAndDespawn (BS_Hacked_Crate): Advanced Groups marker (UID: 664096692) will be handled by EEDelete or specific despawn logic.
2025-11-09 09:01:27 [INFO] HandlePostLootTimersAndDespawn (BS_Hacked_Crate): Scheduling auto-despawn in 1800s (30 minutes).
2025-11-09 09:01:27 [INFO] StartAutoDespawnTimer: Auto-despawn timer started for BS_Hacked_Crate<5a374c00>. Will delete in 1800s.
2025-11-09 09:01:27 [INFO] HackedCrate (BS_Hacked_Crate): Sending RPC Notification. Type: END, Key: #STR_BSHC_Notification_End_Located
2025-11-09 09:01:27 [INFO] Hack finished: BS_Hacked_Crate at <2471.820068, 193.177002, 5114.220215>
2025-11-09 09:01:30 [INFO] Inventory for BS_Hacked_Crate UNLOCKED. IsOpen: true LootAccessActionDone: true
2025-11-09 09:01:30 [INFO] Player Hellcatz accessed loot in HackedCrate: <2471.820068, 193.177002, 5114.220215>
