2025-11-29 05:00:51 [INFO] OnInit - Initializing Bastardos Hacked Crates System...
2025-11-29 05:00:51 [INFO] OnInit - Loading Hacked Crate Loot Configuration (loot_pools.json)...
2025-11-29 05:00:51 [INFO] [BSHCLootPoolConfig] Found loot_pools.json at: $profile:\Bastardo_HC\loot_pools.json
2025-11-29 05:00:51 [INFO] [BSHCLootPoolConfig] JsonLoadFile executed. Loaded 2 categories defined in the root.
2025-11-29 05:00:51 [INFO] [BSHCLootPoolConfig] Category 'DefaultArmaments' has 1 loot pools.
2025-11-29 05:00:51 [INFO] [BSHCLootPoolConfig] Category 'DefaultMedical' has 1 loot pools.
2025-11-29 05:00:51 [INFO] OnInit - Hacked Crate Loot Configuration processed successfully.
2025-11-29 05:00:51 [INFO] OnInit - Loading Hacked Crate settings (global, static, dynamic)...
2025-11-29 05:00:51 [INFO] CrateManagement instance created with default grace period and tick interval.
2025-11-29 05:00:51 [INFO] [BSHCGlobalServerSettings] Loading from: $profile:\Bastardo_HC\BS_Global_settings.json
2025-11-29 05:00:51 [INFO] [CrateConfigManager] Re-saved static_crates.json to include any new options.
2025-11-29 05:00:51 [INFO] [CrateConfigManager] Re-saved dynamic_crates.json to include any new options.
2025-11-29 05:00:51 [INFO] [CrateConfigManager] Static CrateManagement has been set.
2025-11-29 05:00:51 [INFO] CrateSpawner instance created.
2025-11-29 05:00:51 [INFO] OnInit - Crate Spawner created. Grace Period: 5 minutes. Periodic Tick: 3600 seconds.
2025-11-29 05:00:51 [INFO] OnInit - Bastardos Hacked Crates System Initialization sequence finished.
2025-11-29 05:00:57 [INFO] OnMissionStart - Server mission started. Scheduling Hacked Crate cleanup and initial spawn setup.
2025-11-29 05:00:57 [INFO] OnMissionStart - Immediate STATIC Crate spawn scheduled in 15 seconds.
2025-11-29 05:00:57 [INFO] OnMissionStart - Initial DYNAMIC Crate spawn scheduled in approx. 320 seconds.
2025-11-29 05:00:57 [INFO] OnMissionStart - Scheduling first PERIODIC Crate Spawn Tick in approx. 3600 seconds.
2025-11-29 05:01:12 [INFO] Inventory for BS_Hacked_Crate LOCKED. IsOpen: false LootAccessActionDone: false
2025-11-29 05:01:12 [INFO] OnStoreLoad: m_ConfigUniqueID_Persist set from storage to: 'DefaultStaticEvent_Example1' for BS_Hacked_Crate<2986605>
2025-11-29 05:01:12 [INFO] OnStoreLoad: FINISHED loading raw data into member variables for BS_Hacked_Crate<2986605>
2025-11-29 05:01:28 [INFO] DeferredEEInitLogic: START for BS_Hacked_Crate<2986605>. m_LoadedExpansionMarkerUID (should be from OnStoreLoad) is ''. Current m_ExpansionMarkerUID (active) is ''
2025-11-29 05:01:28 [INFO] GetCrateSettings: m_CrateSettings_Instance is NULL for BS_Hacked_Crate<2986605>. Calling AttemptToReacquireSettings().
2025-11-29 05:01:28 [INFO] HackedCrate_Base (BS_Hacked_Crate): Attempting to re-acquire CrateSettings. Persisted ConfigUniqueID is: 'DefaultStaticEvent_Example1'
2025-11-29 05:01:28 [INFO] HackedCrate_Base (BS_Hacked_Crate): Instance specific CrateSettings assigned. ConfigUniqueID: DefaultStaticEvent_Example1
2025-11-29 05:01:28 [INFO] HackedCrate_Base (BS_Hacked_Crate): Successfully re-acquired CrateSettings by persisted ConfigUniqueID 'DefaultStaticEvent_Example1'.
2025-11-29 05:01:28 [INFO] DeferredEEInitLogic: Settings acquired successfully for BS_Hacked_Crate<2986605>.
2025-11-29 05:01:28 [INFO] DeferredEEInitLogic: m_ExpansionMarkerUID is empty. Calling CreateExpansionMapMarker for BS_Hacked_Crate<2986605>.
2025-11-29 05:01:28 [INFO] EXP_DEBUG: Inside CreateExpansionMapMarker for BS_Hacked_Crate.UseExpansionMapMarker is true.
2025-11-29 05:01:28 [INFO] EXP_DEBUG: EXPANSIONMODNAVIGATION is NOT defined. No Expansion marker will be created.
2025-11-29 05:01:28 [INFO] DeferredEEInitLogic: AG DEBUG for BS_Hacked_Crate<2986605>
2025-11-29 05:01:28 [INFO] BSHC_AG_DEBUG: BSHC_CreateAdvancedGroupsMapMarker call.
2025-11-29 05:01:28 [INFO] BSHC_AG_DEBUG: Final Marker Name: '#STR_BSHC_HackedCrate_DisplayName'
2025-11-29 05:01:28 [INFO] BSHC_AG_DEBUG: Trying to create AG marker with name: #STR_BSHC_HackedCrate_DisplayName, Pos: <2471.820068, 193.177002, 5114.220215>, Icon: BS_HackedCrate/gui/iconcrate.paa, Color: -65536, ShowOnMap: true, ShowInWorld: true
2025-11-29 05:01:28 [INFO] BSHC_AG_DEBUG: LBStaticMarkerManager.Get is accessible.
2025-11-29 05:01:28 [INFO] BSHC_AG_DEBUG: Created AG marker (UID: 182064747) for BS_Hacked_Crate
2025-11-29 05:01:28 [INFO] DeferredEEInitLogic: Final m_LootAccessActionDone for BS_Hacked_Crate<2986605> is: false
2025-11-29 05:01:28 [INFO] Inventory for BS_Hacked_Crate LOCKED. IsOpen: false LootAccessActionDone: false
2025-11-29 05:01:28 [INFO] DeferredEEInitLogic: FINISHED for BS_Hacked_Crate<2986605>
2025-11-29 05:01:28 [INFO] DeferredEEInitLogic: Re-added persistent crate BS_Hacked_Crate to g_ActiveHackedCrates list.
2025-11-29 05:01:56 [INFO] DeleteHackedCratesFromKnownLocations - Starting cleanup of Hacked Crates from KNOWN SPAWN LOCATIONS as defined in configurations...
2025-11-29 05:01:56 [INFO] DeleteHackedCratesFromKnownLocations - Deleting INACTIVE: BS_Hacked_Crate (ID: 2986605) found at configured spawn Pos: <2471.820068, 193.177002, 5114.220215> for CrateType BS_Hacked_Crate
2025-11-29 05:01:56 [INFO] EEDelete called for BS_Hacked_Crate at <2471.820068, 193.177002, 5114.220215>
2025-11-29 05:01:56 [INFO] EXP_REMOVE_DEBUG: Attempting RemoveExpansionMapMarker. Context: EEDelete. Current UID: '' for BS_Hacked_Crate<2986605>
2025-11-29 05:01:56 [INFO] EXP_REMOVE_DEBUG: EXPANSIONMODNAVIGATION NOT defined. Cannot remove marker. Context: EEDelete for BS_Hacked_Crate<2986605>
2025-11-29 05:01:56 [INFO] BSHC_AG_DEBUG: BSHC_RemoveAdvancedGroupsMapMarker called.
2025-11-29 05:01:56 [INFO] BSHC_AG_DEBUG: Removing AG marker UID: 182064747
2025-11-29 05:01:56 [INFO] BSHC_AG_DEBUG: AG marker UID 182064747 successfully removed.
2025-11-29 05:01:56 [INFO] HackedCrate (BS_Hacked_Crate): Sending RPC Notification. Type: DESPAWN, Key: #STR_BSHC_Notification_Despawn_Located
2025-11-29 05:01:56 [INFO] EEDelete: Removed BS_Hacked_Crate from g_ActiveHackedCrates. Remaining count: 0
2025-11-29 05:01:56 [INFO] DeleteHackedCratesFromKnownLocations - Cleanup from known locations finished. Total inactive Hacked Crates (matching type and location) deleted: 1
2025-11-29 05:02:01 [INFO] PerformImmediateStaticSpawn - Calling CrateSpawner to setup STATIC Hacked Crates...
2025-11-29 05:02:01 [INFO] CrateSpawner: ------------- Starting IMMEDIATE STATIC Spawn Pass -------------
2025-11-29 05:02:01 [INFO] CrateSpawner: Processing IMMEDIATE STATIC for ConfigUniqueID: 'DefaultStaticEvent_Example1'.
2025-11-29 05:02:01 [INFO] SpawnStaticCrates: Processing 1 static locations for ConfigUniqueID: 'DefaultStaticEvent_Example1'.
2025-11-29 05:02:01 [INFO] SpawnStaticCrates: Location <2471.820068, 193.177002, 5114.220215> is free. Attempting to spawn crate.
2025-11-29 05:02:01 [INFO] Inventory for BS_Hacked_Crate LOCKED. IsOpen: false LootAccessActionDone: false
2025-11-29 05:02:01 [INFO] HackedCrate_Base (BS_Hacked_Crate): Instance specific CrateSettings assigned. ConfigUniqueID: DefaultStaticEvent_Example1
2025-11-29 05:02:01 [INFO] [SpawnAIAroundCrate] Spawning 1 AI(s) next to the crate.
2025-11-29 05:02:01 [INFO] [SpawnAIAroundCrate] Successfully spawned ZmbM_SoldierNormal at <2458.803955, 193.200989, 5111.867676>
2025-11-29 05:02:01 [INFO] CrateSpawner: ------------- Finished IMMEDIATE STATIC Spawn Pass -------------
2025-11-29 05:02:01 [INFO] DeferredEEInitLogic: START for BS_Hacked_Crate<3009541>. m_LoadedExpansionMarkerUID (should be from OnStoreLoad) is ''. Current m_ExpansionMarkerUID (active) is ''
2025-11-29 05:02:01 [INFO] DeferredEEInitLogic: Settings acquired successfully for BS_Hacked_Crate<3009541>.
2025-11-29 05:02:01 [INFO] DeferredEEInitLogic: m_ExpansionMarkerUID is empty. Calling CreateExpansionMapMarker for BS_Hacked_Crate<3009541>.
2025-11-29 05:02:01 [INFO] EXP_DEBUG: Inside CreateExpansionMapMarker for BS_Hacked_Crate.UseExpansionMapMarker is true.
2025-11-29 05:02:01 [INFO] EXP_DEBUG: EXPANSIONMODNAVIGATION is NOT defined. No Expansion marker will be created.
2025-11-29 05:02:01 [INFO] DeferredEEInitLogic: AG DEBUG for BS_Hacked_Crate<3009541>
2025-11-29 05:02:01 [INFO] BSHC_AG_DEBUG: BSHC_CreateAdvancedGroupsMapMarker call.
2025-11-29 05:02:01 [INFO] BSHC_AG_DEBUG: Final Marker Name: '#STR_BSHC_HackedCrate_DisplayName'
2025-11-29 05:02:01 [INFO] BSHC_AG_DEBUG: Trying to create AG marker with name: #STR_BSHC_HackedCrate_DisplayName, Pos: <2471.820068, 193.177002, 5114.220215>, Icon: BS_HackedCrate/gui/iconcrate.paa, Color: -65536, ShowOnMap: true, ShowInWorld: true
2025-11-29 05:02:01 [INFO] BSHC_AG_DEBUG: LBStaticMarkerManager.Get is accessible.
2025-11-29 05:02:01 [INFO] BSHC_AG_DEBUG: Created AG marker (UID: 596854710) for BS_Hacked_Crate
2025-11-29 05:02:01 [INFO] DeferredEEInitLogic: Final m_LootAccessActionDone for BS_Hacked_Crate<3009541> is: false
2025-11-29 05:02:01 [INFO] Inventory for BS_Hacked_Crate LOCKED. IsOpen: false LootAccessActionDone: false
2025-11-29 05:02:01 [INFO] DeferredEEInitLogic: FINISHED for BS_Hacked_Crate<3009541>
2025-11-29 05:07:06 [INFO] PerformInitialDynamicSpawn - Grace period ended. Calling CrateSpawner to setup initial DYNAMIC Hacked Crates...
2025-11-29 05:07:06 [INFO] CrateSpawner: ------------- Starting INITIAL DYNAMIC Spawn Pass (Post-Grace) -------------
2025-11-29 05:07:06 [INFO] CrateSpawner: Current server population for dynamic spawn: 1 players.
2025-11-29 05:07:06 [INFO] CrateSpawner: Processing DYNAMIC for ConfigUniqueID: 'DefaultDynamicEvent_Example1'.
2025-11-29 05:07:06 [INFO] CrateSpawner: Attempting to spawn 1 for ConfigUniqueID: 'DefaultDynamicEvent_Example1'.
2025-11-29 05:07:06 [INFO] SpawnRandomCrates: Attempting to spawn 1 of type 'BS_Hacked_Crate' with ConfigUniqueID 'DefaultDynamicEvent_Example1'.
2025-11-29 05:07:06 [INFO] SpawnRandomCrates: Shuffled list for 'DefaultDynamicEvent_Example1' is empty or non-existent. Regenerating and shuffling.
2025-11-29 05:07:06 [INFO] CrateSpawner: Sending spawn warning for 'BS_Hacked_Crate' at Airfield
2025-11-29 05:07:06 [INFO] CrateSpawner: Added to pending list for ConfigUniqueID 'DefaultDynamicEvent_Example1'. New pending count: 1
2025-11-29 05:07:06 [INFO] CrateSpawner: ------------- Finished INITIAL DYNAMIC Spawn Pass -------------
2025-11-29 05:17:06 [INFO] SpawnCrateAfterWarning: Timer finished. Spawning crate BS_Hacked_Crate. Removed from pending list. New pending count: 0
2025-11-29 05:17:06 [INFO] Inventory for BS_Hacked_Crate LOCKED. IsOpen: false LootAccessActionDone: false
2025-11-29 05:17:06 [INFO] HackedCrate_Base (BS_Hacked_Crate): Instance specific CrateSettings assigned. ConfigUniqueID: DefaultDynamicEvent_Example1
2025-11-29 05:17:06 [INFO] CrateSpawner: Standard Notification RPC sent. Key: #STR_BSHC_Notification_Spawn_Located
2025-11-29 05:17:06 [INFO] [SpawnAIAroundCrate] Spawning 2 AI(s) next to the crate.
2025-11-29 05:17:06 [INFO] [SpawnAIAroundCrate] Successfully spawned ZmbM_SoldierNormal at <4717.912598, 338.997711, 10344.205078>
2025-11-29 05:17:06 [INFO] [SpawnAIAroundCrate] Successfully spawned ZmbM_SoldierNormal at <4714.855469, 338.993652, 10349.905273>
2025-11-29 05:17:06 [INFO] DeferredEEInitLogic: START for BS_Hacked_Crate<3015718>. m_LoadedExpansionMarkerUID (should be from OnStoreLoad) is ''. Current m_ExpansionMarkerUID (active) is ''
2025-11-29 05:17:06 [INFO] DeferredEEInitLogic: Settings acquired successfully for BS_Hacked_Crate<3015718>.
2025-11-29 05:17:06 [INFO] DeferredEEInitLogic: AG DEBUG for BS_Hacked_Crate<3015718>
2025-11-29 05:17:06 [INFO] BSHC_AG_DEBUG: BSHC_CreateAdvancedGroupsMapMarker call.
2025-11-29 05:17:06 [INFO] BSHC_AG_DEBUG: Final Marker Name: '#STR_BSHC_HackedCrate_DisplayName'
2025-11-29 05:17:06 [INFO] BSHC_AG_DEBUG: Trying to create AG marker with name: #STR_BSHC_HackedCrate_DisplayName, Pos: <4732.430176, 338.968994, 10350.200195>, Icon: BS_HackedCrate/gui/iconcrate.paa, Color: -65536, ShowOnMap: true, ShowInWorld: true
2025-11-29 05:17:06 [INFO] BSHC_AG_DEBUG: LBStaticMarkerManager.Get is accessible.
2025-11-29 05:17:06 [INFO] BSHC_AG_DEBUG: Created AG marker (UID: 1907811202) for BS_Hacked_Crate
2025-11-29 05:17:06 [INFO] DeferredEEInitLogic: Final m_LootAccessActionDone for BS_Hacked_Crate<3015718> is: false
2025-11-29 05:17:06 [INFO] Inventory for BS_Hacked_Crate LOCKED. IsOpen: false LootAccessActionDone: false
2025-11-29 05:17:06 [INFO] DeferredEEInitLogic: FINISHED for BS_Hacked_Crate<3015718>
2025-11-29 06:01:46 [INFO] --------------------------------------------------------------------------
2025-11-29 06:01:46 [INFO] OnCrateSpawnTickPeriodic - Management Tick received. Evaluating individual crate configs...
2025-11-29 06:01:46 [INFO] --------------------------------------------------------------------------
2025-11-29 06:01:46 [INFO] Config 'DefaultDynamicEvent_Example1' is due for a check. Processing...
2025-11-29 06:01:46 [INFO] CrateSpawner: Processing ConfigUniqueID: 'DefaultDynamicEvent_Example1' (CrateType: 'BS_Hacked_Crate')
2025-11-29 06:01:46 [INFO] CrateSpawner: Skipping ConfigUniqueID 'DefaultDynamicEvent_Example1'. Players required: 1, Current: 0
2025-11-29 06:01:46 [INFO] OnCrateSpawnTickPeriodic - Management Tick finished. Next check in 3600 seconds.
2025-11-29 07:01:46 [INFO] --------------------------------------------------------------------------
2025-11-29 07:01:46 [INFO] OnCrateSpawnTickPeriodic - Management Tick received. Evaluating individual crate configs...
2025-11-29 07:01:46 [INFO] --------------------------------------------------------------------------
2025-11-29 07:01:46 [INFO] Config 'DefaultDynamicEvent_Example1' is due for a check. Processing...
2025-11-29 07:01:46 [INFO] CrateSpawner: Processing ConfigUniqueID: 'DefaultDynamicEvent_Example1' (CrateType: 'BS_Hacked_Crate')
2025-11-29 07:01:46 [INFO] CrateSpawner: Skipping ConfigUniqueID 'DefaultDynamicEvent_Example1'. Players required: 1, Current: 0
2025-11-29 07:01:46 [INFO] OnCrateSpawnTickPeriodic - Management Tick finished. Next check in 3600 seconds.
2025-11-29 08:01:46 [INFO] --------------------------------------------------------------------------
2025-11-29 08:01:46 [INFO] OnCrateSpawnTickPeriodic - Management Tick received. Evaluating individual crate configs...
2025-11-29 08:01:46 [INFO] --------------------------------------------------------------------------
2025-11-29 08:01:46 [INFO] Config 'DefaultDynamicEvent_Example1' is due for a check. Processing...
2025-11-29 08:01:46 [INFO] CrateSpawner: Processing ConfigUniqueID: 'DefaultDynamicEvent_Example1' (CrateType: 'BS_Hacked_Crate')
2025-11-29 08:01:46 [INFO] CrateSpawner: Skipping ConfigUniqueID 'DefaultDynamicEvent_Example1'. Players required: 1, Current: 0
2025-11-29 08:01:46 [INFO] OnCrateSpawnTickPeriodic - Management Tick finished. Next check in 3600 seconds.
2025-11-29 09:01:46 [INFO] --------------------------------------------------------------------------
2025-11-29 09:01:46 [INFO] OnCrateSpawnTickPeriodic - Management Tick received. Evaluating individual crate configs...
2025-11-29 09:01:46 [INFO] --------------------------------------------------------------------------
2025-11-29 09:01:46 [INFO] Config 'DefaultDynamicEvent_Example1' is due for a check. Processing...
2025-11-29 09:01:46 [INFO] CrateSpawner: Processing ConfigUniqueID: 'DefaultDynamicEvent_Example1' (CrateType: 'BS_Hacked_Crate')
2025-11-29 09:01:46 [INFO] CrateSpawner: Skipping ConfigUniqueID 'DefaultDynamicEvent_Example1'. Players required: 1, Current: 0
2025-11-29 09:01:46 [INFO] OnCrateSpawnTickPeriodic - Management Tick finished. Next check in 3600 seconds.
2025-11-29 10:01:46 [INFO] --------------------------------------------------------------------------
2025-11-29 10:01:46 [INFO] OnCrateSpawnTickPeriodic - Management Tick received. Evaluating individual crate configs...
2025-11-29 10:01:46 [INFO] --------------------------------------------------------------------------
2025-11-29 10:01:46 [INFO] Config 'DefaultDynamicEvent_Example1' is due for a check. Processing...
2025-11-29 10:01:46 [INFO] CrateSpawner: Processing ConfigUniqueID: 'DefaultDynamicEvent_Example1' (CrateType: 'BS_Hacked_Crate')
2025-11-29 10:01:46 [INFO] CrateSpawner: Skipping ConfigUniqueID 'DefaultDynamicEvent_Example1'. Players required: 1, Current: 0
2025-11-29 10:01:46 [INFO] OnCrateSpawnTickPeriodic - Management Tick finished. Next check in 3600 seconds.
2025-11-29 11:01:46 [INFO] --------------------------------------------------------------------------
2025-11-29 11:01:46 [INFO] OnCrateSpawnTickPeriodic - Management Tick received. Evaluating individual crate configs...
2025-11-29 11:01:46 [INFO] --------------------------------------------------------------------------
2025-11-29 11:01:46 [INFO] Config 'DefaultDynamicEvent_Example1' is due for a check. Processing...
2025-11-29 11:01:46 [INFO] CrateSpawner: Processing ConfigUniqueID: 'DefaultDynamicEvent_Example1' (CrateType: 'BS_Hacked_Crate')
2025-11-29 11:01:46 [INFO] CrateSpawner: Skipping ConfigUniqueID 'DefaultDynamicEvent_Example1'. Players required: 1, Current: 0
2025-11-29 11:01:46 [INFO] OnCrateSpawnTickPeriodic - Management Tick finished. Next check in 3600 seconds.
2025-11-29 12:01:46 [INFO] --------------------------------------------------------------------------
2025-11-29 12:01:46 [INFO] OnCrateSpawnTickPeriodic - Management Tick received. Evaluating individual crate configs...
2025-11-29 12:01:46 [INFO] --------------------------------------------------------------------------
2025-11-29 12:01:46 [INFO] Config 'DefaultDynamicEvent_Example1' is due for a check. Processing...
2025-11-29 12:01:46 [INFO] CrateSpawner: Processing ConfigUniqueID: 'DefaultDynamicEvent_Example1' (CrateType: 'BS_Hacked_Crate')
2025-11-29 12:01:46 [INFO] CrateSpawner: Skipping ConfigUniqueID 'DefaultDynamicEvent_Example1'. Players required: 1, Current: 0
2025-11-29 12:01:46 [INFO] OnCrateSpawnTickPeriodic - Management Tick finished. Next check in 3600 seconds.
2025-11-29 13:01:46 [INFO] --------------------------------------------------------------------------
2025-11-29 13:01:46 [INFO] OnCrateSpawnTickPeriodic - Management Tick received. Evaluating individual crate configs...
2025-11-29 13:01:46 [INFO] --------------------------------------------------------------------------
2025-11-29 13:01:46 [INFO] Config 'DefaultDynamicEvent_Example1' is due for a check. Processing...
2025-11-29 13:01:46 [INFO] CrateSpawner: Processing ConfigUniqueID: 'DefaultDynamicEvent_Example1' (CrateType: 'BS_Hacked_Crate')
2025-11-29 13:01:46 [INFO] CrateSpawner: Handling RANDOM for ConfigUniqueID: 'DefaultDynamicEvent_Example1'.
2025-11-29 13:01:46 [INFO] CrateSpawner: ConfigUniqueID 'DefaultDynamicEvent_Example1' - Existing: 1, Target Active: 1
2025-11-29 13:01:46 [INFO] OnCrateSpawnTickPeriodic - Management Tick finished. Next check in 3600 seconds.
2025-11-29 13:14:45 [INFO] BSHC_AG_DEBUG: BSHC_RemoveAdvancedGroupsMapMarker called.
2025-11-29 13:14:45 [INFO] BSHC_AG_DEBUG: Removing AG marker UID: 1907811202
2025-11-29 13:14:45 [INFO] BSHC_AG_DEBUG: AG marker UID 1907811202 successfully removed.
2025-11-29 13:14:45 [INFO] HackedCrate (BS_Hacked_Crate): Sending RPC Notification. Type: START, Key: #STR_BSHC_Notification_Start_Located
2025-11-29 13:16:04 [INFO] EEDelete called for BS_Hacked_Crate at <2471.820068, 193.177002, 5114.220215>
2025-11-29 13:16:04 [INFO] EXP_REMOVE_DEBUG: Attempting RemoveExpansionMapMarker. Context: EEDelete. Current UID: '' for BS_Hacked_Crate<3009541>
2025-11-29 13:16:04 [INFO] EXP_REMOVE_DEBUG: EXPANSIONMODNAVIGATION NOT defined. Cannot remove marker. Context: EEDelete for BS_Hacked_Crate<3009541>
2025-11-29 13:16:04 [INFO] BSHC_AG_DEBUG: BSHC_RemoveAdvancedGroupsMapMarker called.
2025-11-29 13:16:04 [INFO] BSHC_AG_DEBUG: Removing AG marker UID: 596854710
2025-11-29 13:16:04 [INFO] BSHC_AG_DEBUG: AG marker UID 596854710 successfully removed.
2025-11-29 13:16:04 [INFO] HackedCrate (BS_Hacked_Crate): Sending RPC Notification. Type: DESPAWN, Key: #STR_BSHC_Notification_Despawn_Located
2025-11-29 13:16:04 [INFO] EEDelete: Removed BS_Hacked_Crate from g_ActiveHackedCrates. Remaining count: 1
2025-11-29 13:16:12 [INFO] BSHC_AG_DEBUG: BSHC_RemoveAdvancedGroupsMapMarker called.
2025-11-29 13:16:12 [INFO] BSHC_AG_DEBUG: Removing AG marker UID: 1167887251
2025-11-29 13:16:12 [INFO] BSHC_AG_DEBUG: AG marker UID 1167887251 successfully removed.
2025-11-29 13:17:42 [INFO] BSHC_AG_DEBUG: BSHC_RemoveAdvancedGroupsMapMarker called.
2025-11-29 13:17:42 [INFO] BSHC_AG_DEBUG: Removing AG marker UID: 963998552
2025-11-29 13:17:42 [INFO] BSHC_AG_DEBUG: AG marker UID 963998552 successfully removed.
2025-11-29 13:19:12 [INFO] BSHC_AG_DEBUG: BSHC_RemoveAdvancedGroupsMapMarker called.
2025-11-29 13:19:12 [INFO] BSHC_AG_DEBUG: Removing AG marker UID: 291251044
2025-11-29 13:19:12 [INFO] BSHC_AG_DEBUG: AG marker UID 291251044 successfully removed.
2025-11-29 13:20:42 [INFO] BSHC_AG_DEBUG: BSHC_RemoveAdvancedGroupsMapMarker called.
2025-11-29 13:20:42 [INFO] BSHC_AG_DEBUG: Removing AG marker UID: 1362010789
2025-11-29 13:20:42 [INFO] BSHC_AG_DEBUG: AG marker UID 1362010789 successfully removed.
2025-11-29 13:22:12 [INFO] BSHC_AG_DEBUG: BSHC_RemoveAdvancedGroupsMapMarker called.
2025-11-29 13:22:12 [INFO] BSHC_AG_DEBUG: Removing AG marker UID: 1804261171
2025-11-29 13:22:12 [INFO] BSHC_AG_DEBUG: AG marker UID 1804261171 successfully removed.
2025-11-29 13:23:42 [INFO] BSHC_AG_DEBUG: BSHC_RemoveAdvancedGroupsMapMarker called.
2025-11-29 13:23:42 [INFO] BSHC_AG_DEBUG: Removing AG marker UID: 2074933086
2025-11-29 13:23:42 [INFO] BSHC_AG_DEBUG: AG marker UID 2074933086 successfully removed.
2025-11-29 13:25:12 [INFO] BSHC_AG_DEBUG: BSHC_RemoveAdvancedGroupsMapMarker called.
2025-11-29 13:25:12 [INFO] BSHC_AG_DEBUG: Removing AG marker UID: 907177111
2025-11-29 13:25:12 [INFO] BSHC_AG_DEBUG: AG marker UID 907177111 successfully removed.
2025-11-29 13:26:42 [INFO] BSHC_AG_DEBUG: BSHC_RemoveAdvancedGroupsMapMarker called.
2025-11-29 13:26:42 [INFO] BSHC_AG_DEBUG: Removing AG marker UID: 1787417907
2025-11-29 13:26:42 [INFO] BSHC_AG_DEBUG: AG marker UID 1787417907 successfully removed.
2025-11-29 13:28:12 [INFO] BSHC_AG_DEBUG: BSHC_RemoveAdvancedGroupsMapMarker called.
2025-11-29 13:28:12 [INFO] BSHC_AG_DEBUG: Removing AG marker UID: 1441442837
2025-11-29 13:28:12 [INFO] BSHC_AG_DEBUG: AG marker UID 1441442837 successfully removed.
2025-11-29 13:29:42 [INFO] BSHC_AG_DEBUG: BSHC_RemoveAdvancedGroupsMapMarker called.
2025-11-29 13:29:42 [INFO] BSHC_AG_DEBUG: Removing AG marker UID: 1848499317
2025-11-29 13:29:42 [INFO] BSHC_AG_DEBUG: AG marker UID 1848499317 successfully removed.
2025-11-29 13:29:46 [INFO] BSHC_AG_DEBUG: BSHC_RemoveAdvancedGroupsMapMarker called.
2025-11-29 13:29:46 [INFO] BSHC_AG_DEBUG: Removing AG marker UID: 697324455
2025-11-29 13:29:46 [INFO] BSHC_AG_DEBUG: AG marker UID 697324455 successfully removed.
2025-11-29 13:29:46 [INFO] Crate BS_Hacked_Crate requires access action (RequireAccessAction: true). Loot access pending.
2025-11-29 13:29:46 [INFO] Unlocking crate & attempting to spawn loot at <4732.430176, 338.968994, 10350.200195> for crate type: BS_Hacked_Crate
2025-11-29 13:29:46 [INFO] Temporarily unlocking inventory for loot spawn for BS_Hacked_Crate
2025-11-29 13:29:46 [INFO] Spawning loot from JSON pools for crate: BS_Hacked_Crate. Using defined LootCategoriesToUse: 2 categories.
2025-11-29 13:29:46 [INFO] Processing category from CrateSettings: 'DefaultArmaments' for crate BS_Hacked_Crate
2025-11-29 13:29:46 [INFO]   - Selected Pool: 'M4A1_Example_Pool' (Weight/Probability: 1) for crate BS_Hacked_Crate
2025-11-29 13:29:46 [INFO]     - Pool Min/Max items for 'M4A1_Example_Pool': 1/1 (Clamped for pool size 1)
2025-11-29 13:29:46 [INFO]     - Calculated Count To Spawn from this pool 'M4A1_Example_Pool': 1
2025-11-29 13:29:46 [INFO]     - Attempting to spawn 1 weighted random items from pool 'M4A1_Example_Pool':
2025-11-29 13:29:46 [INFO]       - Spawning Item 1/1: M4A1 (Original Probability in Pool: 1) for crate BS_Hacked_Crate
2025-11-29 13:29:46 [INFO]         -> Spawned base item OK: M4A1
2025-11-29 13:29:46 [INFO]         -> Attaching items to M4A1...
2025-11-29 13:29:46 [INFO]           + Attached OK: Mag_STANAG_30Rnd
2025-11-29 13:29:46 [INFO]           + Attached OK: M4_OEBttstck
2025-11-29 13:29:46 [INFO]           + Attached OK: M4_CarryHandleOptic
2025-11-29 13:29:46 [INFO] Processing category from CrateSettings: 'DefaultMedical' for crate BS_Hacked_Crate
2025-11-29 13:29:46 [INFO]   - Selected Pool: 'Basic_Medical_Supplies' (Weight/Probability: 0.8) for crate BS_Hacked_Crate
2025-11-29 13:29:46 [INFO]     - Pool Min/Max items for 'Basic_Medical_Supplies': 2/2 (Clamped for pool size 2)
2025-11-29 13:29:46 [INFO]     - Calculated Count To Spawn from this pool 'Basic_Medical_Supplies': 2
2025-11-29 13:29:46 [INFO]     - Attempting to spawn 2 weighted random items from pool 'Basic_Medical_Supplies':
2025-11-29 13:29:46 [INFO]       - Spawning Item 1/2: BandageDressing (Original Probability in Pool: 1.5) for crate BS_Hacked_Crate
2025-11-29 13:29:46 [INFO]         -> Spawned base item OK: BandageDressing
2025-11-29 13:29:46 [INFO]       - Spawning Item 2/2: PainkillerTablets (Original Probability in Pool: 0.5) for crate BS_Hacked_Crate
2025-11-29 13:29:46 [INFO]         -> Spawned base item OK: PainkillerTablets
2025-11-29 13:29:46 [INFO] Inventory for BS_Hacked_Crate LOCKED. IsOpen: true LootAccessActionDone: false
2025-11-29 13:29:46 [INFO] Inventory lock state re-evaluated for BS_Hacked_Crate. Should be LOCKED if RequireAccessAction is true and action not yet performed.
2025-11-29 13:29:46 [INFO] Loot spawning process finished for crate at <4732.430176, 338.968994, 10350.200195>
2025-11-29 13:29:46 [INFO] HandlePostLootTimersAndDespawn (BS_Hacked_Crate): Advanced Groups marker (UID: 1822611810) will be handled by EEDelete or specific despawn logic.
2025-11-29 13:29:46 [INFO] HandlePostLootTimersAndDespawn (BS_Hacked_Crate): Scheduling auto-despawn in 1800s (30 minutes).
2025-11-29 13:29:46 [INFO] StartAutoDespawnTimer: Auto-despawn timer started for BS_Hacked_Crate<b77c75d0>. Will delete in 1800s.
2025-11-29 13:29:46 [INFO] HackedCrate (BS_Hacked_Crate): Sending RPC Notification. Type: END, Key: #STR_BSHC_Notification_End_Located
2025-11-29 13:29:46 [INFO] Hack finished: BS_Hacked_Crate at <4732.430176, 338.968994, 10350.200195>
2025-11-29 13:29:54 [INFO] Inventory for BS_Hacked_Crate UNLOCKED. IsOpen: true LootAccessActionDone: true
2025-11-29 13:29:54 [INFO] Player sammy accessed loot in HackedCrate: <4732.430176, 338.968994, 10350.200195>
2025-11-29 14:00:14 [INFO] DeleteCrateScheduled: Auto-despawn timer finished for BS_Hacked_Crate<b77c75d0>. Deleting crate now.
2025-11-29 14:00:14 [INFO] EXP_REMOVE_DEBUG: Attempting RemoveExpansionMapMarker. Context: UnknownContext. Current UID: '' for BS_Hacked_Crate<3015718>
2025-11-29 14:00:14 [INFO] EXP_REMOVE_DEBUG: EXPANSIONMODNAVIGATION NOT defined. Cannot remove marker. Context: UnknownContext for BS_Hacked_Crate<3015718>
2025-11-29 14:00:14 [INFO] EEDelete called for BS_Hacked_Crate at <4732.430176, 338.968994, 10350.200195>
2025-11-29 14:00:14 [INFO] EXP_REMOVE_DEBUG: Attempting RemoveExpansionMapMarker. Context: EEDelete. Current UID: '' for BS_Hacked_Crate<3015718>
2025-11-29 14:00:14 [INFO] EXP_REMOVE_DEBUG: EXPANSIONMODNAVIGATION NOT defined. Cannot remove marker. Context: EEDelete for BS_Hacked_Crate<3015718>
2025-11-29 14:00:14 [INFO] BSHC_AG_DEBUG: BSHC_RemoveAdvancedGroupsMapMarker called.
2025-11-29 14:00:14 [INFO] BSHC_AG_DEBUG: Removing AG marker UID: 1822611810
2025-11-29 14:00:14 [INFO] BSHC_AG_DEBUG: AG marker UID 1822611810 successfully removed.
2025-11-29 14:00:14 [INFO] HackedCrate (BS_Hacked_Crate): Sending RPC Notification. Type: DESPAWN, Key: #STR_BSHC_Notification_Despawn_Located
2025-11-29 14:00:14 [INFO] EEDelete: Removed BS_Hacked_Crate from g_ActiveHackedCrates. Remaining count: 0
2025-11-29 14:01:46 [INFO] --------------------------------------------------------------------------
2025-11-29 14:01:46 [INFO] OnCrateSpawnTickPeriodic - Management Tick received. Evaluating individual crate configs...
2025-11-29 14:01:46 [INFO] --------------------------------------------------------------------------
2025-11-29 14:01:46 [INFO] Config 'DefaultDynamicEvent_Example1' is due for a check. Processing...
2025-11-29 14:01:46 [INFO] CrateSpawner: Processing ConfigUniqueID: 'DefaultDynamicEvent_Example1' (CrateType: 'BS_Hacked_Crate')
2025-11-29 14:01:46 [INFO] CrateSpawner: Handling RANDOM for ConfigUniqueID: 'DefaultDynamicEvent_Example1'.
2025-11-29 14:01:46 [INFO] CrateSpawner: ConfigUniqueID 'DefaultDynamicEvent_Example1' - Existing: 0, Target Active: 1
2025-11-29 14:01:46 [INFO] CrateSpawner: Attempting to spawn 1 for ConfigUniqueID: 'DefaultDynamicEvent_Example1'.
2025-11-29 14:01:46 [INFO] SpawnRandomCrates: Attempting to spawn 1 of type 'BS_Hacked_Crate' with ConfigUniqueID 'DefaultDynamicEvent_Example1'.
2025-11-29 14:01:46 [INFO] CrateSpawner: Sending spawn warning for 'BS_Hacked_Crate' at VMC
2025-11-29 14:01:46 [INFO] CrateSpawner: Added to pending list for ConfigUniqueID 'DefaultDynamicEvent_Example1'. New pending count: 1
2025-11-29 14:01:46 [INFO] OnCrateSpawnTickPeriodic - Management Tick finished. Next check in 3600 seconds.
2025-11-29 14:11:46 [INFO] SpawnCrateAfterWarning: Timer finished. Spawning crate BS_Hacked_Crate. Removed from pending list. New pending count: 0
2025-11-29 14:11:46 [INFO] Inventory for BS_Hacked_Crate LOCKED. IsOpen: false LootAccessActionDone: false
2025-11-29 14:11:46 [INFO] HackedCrate_Base (BS_Hacked_Crate): Instance specific CrateSettings assigned. ConfigUniqueID: DefaultDynamicEvent_Example1
2025-11-29 14:11:46 [INFO] CrateSpawner: Standard Notification RPC sent. Key: #STR_BSHC_Notification_Spawn_Located
2025-11-29 14:11:46 [INFO] [SpawnAIAroundCrate] Spawning 3 AI(s) next to the crate.
2025-11-29 14:11:46 [INFO] [SpawnAIAroundCrate] Successfully spawned ZmbM_SoldierNormal at <4544.817383, 317.947266, 8367.655273>
2025-11-29 14:11:46 [INFO] [SpawnAIAroundCrate] Successfully spawned ZmbM_SoldierNormal at <4538.929688, 317.736389, 8334.951172>
2025-11-29 14:11:46 [INFO] [SpawnAIAroundCrate] Successfully spawned ZmbM_SoldierNormal at <4564.179688, 317.995239, 8343.567383>
2025-11-29 14:11:46 [INFO] DeferredEEInitLogic: START for BS_Hacked_Crate<3024268>. m_LoadedExpansionMarkerUID (should be from OnStoreLoad) is ''. Current m_ExpansionMarkerUID (active) is ''
2025-11-29 14:11:46 [INFO] DeferredEEInitLogic: Settings acquired successfully for BS_Hacked_Crate<3024268>.
2025-11-29 14:11:46 [INFO] DeferredEEInitLogic: AG DEBUG for BS_Hacked_Crate<3024268>
2025-11-29 14:11:46 [INFO] BSHC_AG_DEBUG: BSHC_CreateAdvancedGroupsMapMarker call.
2025-11-29 14:11:46 [INFO] BSHC_AG_DEBUG: Final Marker Name: '#STR_BSHC_HackedCrate_DisplayName'
2025-11-29 14:11:46 [INFO] BSHC_AG_DEBUG: Trying to create AG marker with name: #STR_BSHC_HackedCrate_DisplayName, Pos: <4553.689941, 317.975006, 8352.099609>, Icon: BS_HackedCrate/gui/iconcrate.paa, Color: -65536, ShowOnMap: true, ShowInWorld: true
2025-11-29 14:11:46 [INFO] BSHC_AG_DEBUG: LBStaticMarkerManager.Get is accessible.
2025-11-29 14:11:46 [INFO] BSHC_AG_DEBUG: Created AG marker (UID: 1611776083) for BS_Hacked_Crate
2025-11-29 14:11:46 [INFO] DeferredEEInitLogic: Final m_LootAccessActionDone for BS_Hacked_Crate<3024268> is: false
2025-11-29 14:11:46 [INFO] Inventory for BS_Hacked_Crate LOCKED. IsOpen: false LootAccessActionDone: false
2025-11-29 14:11:46 [INFO] DeferredEEInitLogic: FINISHED for BS_Hacked_Crate<3024268>
2025-11-29 15:01:46 [INFO] --------------------------------------------------------------------------
2025-11-29 15:01:46 [INFO] OnCrateSpawnTickPeriodic - Management Tick received. Evaluating individual crate configs...
2025-11-29 15:01:46 [INFO] --------------------------------------------------------------------------
2025-11-29 15:01:46 [INFO] Config 'DefaultDynamicEvent_Example1' is due for a check. Processing...
2025-11-29 15:01:46 [INFO] CrateSpawner: Processing ConfigUniqueID: 'DefaultDynamicEvent_Example1' (CrateType: 'BS_Hacked_Crate')
2025-11-29 15:01:46 [INFO] CrateSpawner: Skipping ConfigUniqueID 'DefaultDynamicEvent_Example1'. Players required: 1, Current: 0
2025-11-29 15:01:46 [INFO] OnCrateSpawnTickPeriodic - Management Tick finished. Next check in 3600 seconds.
2025-11-29 16:01:46 [INFO] --------------------------------------------------------------------------
2025-11-29 16:01:46 [INFO] OnCrateSpawnTickPeriodic - Management Tick received. Evaluating individual crate configs...
2025-11-29 16:01:46 [INFO] --------------------------------------------------------------------------
2025-11-29 16:01:46 [INFO] Config 'DefaultDynamicEvent_Example1' is due for a check. Processing...
2025-11-29 16:01:46 [INFO] CrateSpawner: Processing ConfigUniqueID: 'DefaultDynamicEvent_Example1' (CrateType: 'BS_Hacked_Crate')
2025-11-29 16:01:46 [INFO] CrateSpawner: Skipping ConfigUniqueID 'DefaultDynamicEvent_Example1'. Players required: 1, Current: 0
2025-11-29 16:01:46 [INFO] OnCrateSpawnTickPeriodic - Management Tick finished. Next check in 3600 seconds.
2025-11-29 17:01:46 [INFO] --------------------------------------------------------------------------
2025-11-29 17:01:46 [INFO] OnCrateSpawnTickPeriodic - Management Tick received. Evaluating individual crate configs...
2025-11-29 17:01:46 [INFO] --------------------------------------------------------------------------
2025-11-29 17:01:46 [INFO] Config 'DefaultDynamicEvent_Example1' is due for a check. Processing...
2025-11-29 17:01:46 [INFO] CrateSpawner: Processing ConfigUniqueID: 'DefaultDynamicEvent_Example1' (CrateType: 'BS_Hacked_Crate')
2025-11-29 17:01:46 [INFO] CrateSpawner: Skipping ConfigUniqueID 'DefaultDynamicEvent_Example1'. Players required: 1, Current: 0
2025-11-29 17:01:46 [INFO] OnCrateSpawnTickPeriodic - Management Tick finished. Next check in 3600 seconds.
2025-11-29 18:01:46 [INFO] --------------------------------------------------------------------------
2025-11-29 18:01:46 [INFO] OnCrateSpawnTickPeriodic - Management Tick received. Evaluating individual crate configs...
2025-11-29 18:01:46 [INFO] --------------------------------------------------------------------------
2025-11-29 18:01:46 [INFO] Config 'DefaultDynamicEvent_Example1' is due for a check. Processing...
2025-11-29 18:01:46 [INFO] CrateSpawner: Processing ConfigUniqueID: 'DefaultDynamicEvent_Example1' (CrateType: 'BS_Hacked_Crate')
2025-11-29 18:01:46 [INFO] CrateSpawner: Skipping ConfigUniqueID 'DefaultDynamicEvent_Example1'. Players required: 1, Current: 0
2025-11-29 18:01:46 [INFO] OnCrateSpawnTickPeriodic - Management Tick finished. Next check in 3600 seconds.
2025-11-29 19:01:46 [INFO] --------------------------------------------------------------------------
2025-11-29 19:01:46 [INFO] OnCrateSpawnTickPeriodic - Management Tick received. Evaluating individual crate configs...
2025-11-29 19:01:46 [INFO] --------------------------------------------------------------------------
2025-11-29 19:01:46 [INFO] Config 'DefaultDynamicEvent_Example1' is due for a check. Processing...
2025-11-29 19:01:46 [INFO] CrateSpawner: Processing ConfigUniqueID: 'DefaultDynamicEvent_Example1' (CrateType: 'BS_Hacked_Crate')
2025-11-29 19:01:46 [INFO] CrateSpawner: Handling RANDOM for ConfigUniqueID: 'DefaultDynamicEvent_Example1'.
2025-11-29 19:01:46 [INFO] CrateSpawner: ConfigUniqueID 'DefaultDynamicEvent_Example1' - Existing: 1, Target Active: 1
2025-11-29 19:01:46 [INFO] OnCrateSpawnTickPeriodic - Management Tick finished. Next check in 3600 seconds.
2025-11-29 19:31:42 [INFO] BSHC_AG_DEBUG: BSHC_RemoveAdvancedGroupsMapMarker called.
2025-11-29 19:31:42 [INFO] BSHC_AG_DEBUG: Removing AG marker UID: 1611776083
2025-11-29 19:31:42 [INFO] BSHC_AG_DEBUG: AG marker UID 1611776083 successfully removed.
2025-11-29 19:31:42 [INFO] HackedCrate (BS_Hacked_Crate): Sending RPC Notification. Type: START, Key: #STR_BSHC_Notification_Start_Located
2025-11-29 19:33:09 [INFO] BSHC_AG_DEBUG: BSHC_RemoveAdvancedGroupsMapMarker called.
2025-11-29 19:33:09 [INFO] BSHC_AG_DEBUG: Removing AG marker UID: 108596655
2025-11-29 19:33:09 [INFO] BSHC_AG_DEBUG: AG marker UID 108596655 successfully removed.
2025-11-29 19:34:39 [INFO] BSHC_AG_DEBUG: BSHC_RemoveAdvancedGroupsMapMarker called.
2025-11-29 19:34:39 [INFO] BSHC_AG_DEBUG: Removing AG marker UID: 1571011451
2025-11-29 19:34:39 [INFO] BSHC_AG_DEBUG: AG marker UID 1571011451 successfully removed.
2025-11-29 19:36:09 [INFO] BSHC_AG_DEBUG: BSHC_RemoveAdvancedGroupsMapMarker called.
2025-11-29 19:36:09 [INFO] BSHC_AG_DEBUG: Removing AG marker UID: 1274124339
2025-11-29 19:36:09 [INFO] BSHC_AG_DEBUG: AG marker UID 1274124339 successfully removed.
2025-11-29 19:37:39 [INFO] BSHC_AG_DEBUG: BSHC_RemoveAdvancedGroupsMapMarker called.
2025-11-29 19:37:39 [INFO] BSHC_AG_DEBUG: Removing AG marker UID: 603342971
2025-11-29 19:37:39 [INFO] BSHC_AG_DEBUG: AG marker UID 603342971 successfully removed.
2025-11-29 19:39:09 [INFO] BSHC_AG_DEBUG: BSHC_RemoveAdvancedGroupsMapMarker called.
2025-11-29 19:39:09 [INFO] BSHC_AG_DEBUG: Removing AG marker UID: 1663420023
2025-11-29 19:39:09 [INFO] BSHC_AG_DEBUG: AG marker UID 1663420023 successfully removed.
2025-11-29 19:40:39 [INFO] BSHC_AG_DEBUG: BSHC_RemoveAdvancedGroupsMapMarker called.
2025-11-29 19:40:39 [INFO] BSHC_AG_DEBUG: Removing AG marker UID: 889154163
2025-11-29 19:40:39 [INFO] BSHC_AG_DEBUG: AG marker UID 889154163 successfully removed.
2025-11-29 19:42:09 [INFO] BSHC_AG_DEBUG: BSHC_RemoveAdvancedGroupsMapMarker called.
2025-11-29 19:42:09 [INFO] BSHC_AG_DEBUG: Removing AG marker UID: 999257992
2025-11-29 19:42:09 [INFO] BSHC_AG_DEBUG: AG marker UID 999257992 successfully removed.
2025-11-29 19:43:39 [INFO] BSHC_AG_DEBUG: BSHC_RemoveAdvancedGroupsMapMarker called.
2025-11-29 19:43:39 [INFO] BSHC_AG_DEBUG: Removing AG marker UID: 1050443166
2025-11-29 19:43:39 [INFO] BSHC_AG_DEBUG: AG marker UID 1050443166 successfully removed.
2025-11-29 19:45:09 [INFO] BSHC_AG_DEBUG: BSHC_RemoveAdvancedGroupsMapMarker called.
2025-11-29 19:45:09 [INFO] BSHC_AG_DEBUG: Removing AG marker UID: 1484763451
2025-11-29 19:45:09 [INFO] BSHC_AG_DEBUG: AG marker UID 1484763451 successfully removed.
2025-11-29 19:46:39 [INFO] BSHC_AG_DEBUG: BSHC_RemoveAdvancedGroupsMapMarker called.
2025-11-29 19:46:39 [INFO] BSHC_AG_DEBUG: Removing AG marker UID: 520896175
2025-11-29 19:46:39 [INFO] BSHC_AG_DEBUG: AG marker UID 520896175 successfully removed.
2025-11-29 19:46:43 [INFO] BSHC_AG_DEBUG: BSHC_RemoveAdvancedGroupsMapMarker called.
2025-11-29 19:46:43 [INFO] BSHC_AG_DEBUG: Removing AG marker UID: 503135379
2025-11-29 19:46:43 [INFO] BSHC_AG_DEBUG: AG marker UID 503135379 successfully removed.
2025-11-29 19:46:43 [INFO] Crate BS_Hacked_Crate requires access action (RequireAccessAction: true). Loot access pending.
2025-11-29 19:46:43 [INFO] Unlocking crate & attempting to spawn loot at <4553.689941, 317.975006, 8352.099609> for crate type: BS_Hacked_Crate
2025-11-29 19:46:43 [INFO] Temporarily unlocking inventory for loot spawn for BS_Hacked_Crate
2025-11-29 19:46:43 [INFO] Spawning loot from JSON pools for crate: BS_Hacked_Crate. Using defined LootCategoriesToUse: 2 categories.
2025-11-29 19:46:43 [INFO] Processing category from CrateSettings: 'DefaultArmaments' for crate BS_Hacked_Crate
2025-11-29 19:46:43 [INFO]   - Selected Pool: 'M4A1_Example_Pool' (Weight/Probability: 1) for crate BS_Hacked_Crate
2025-11-29 19:46:43 [INFO]     - Pool Min/Max items for 'M4A1_Example_Pool': 1/1 (Clamped for pool size 1)
2025-11-29 19:46:43 [INFO]     - Calculated Count To Spawn from this pool 'M4A1_Example_Pool': 1
2025-11-29 19:46:43 [INFO]     - Attempting to spawn 1 weighted random items from pool 'M4A1_Example_Pool':
2025-11-29 19:46:43 [INFO]       - Spawning Item 1/1: M4A1 (Original Probability in Pool: 1) for crate BS_Hacked_Crate
2025-11-29 19:46:43 [INFO]         -> Spawned base item OK: M4A1
2025-11-29 19:46:43 [INFO]         -> Attaching items to M4A1...
2025-11-29 19:46:43 [INFO]           + Attached OK: Mag_STANAG_30Rnd
2025-11-29 19:46:43 [INFO]           + Attached OK: M4_OEBttstck
2025-11-29 19:46:43 [INFO]           + Attached OK: M4_CarryHandleOptic
2025-11-29 19:46:43 [INFO] Processing category from CrateSettings: 'DefaultMedical' for crate BS_Hacked_Crate
2025-11-29 19:46:43 [INFO]   - Selected Pool: 'Basic_Medical_Supplies' (Weight/Probability: 0.8) for crate BS_Hacked_Crate
2025-11-29 19:46:43 [INFO]     - Pool Min/Max items for 'Basic_Medical_Supplies': 2/2 (Clamped for pool size 2)
2025-11-29 19:46:43 [INFO]     - Calculated Count To Spawn from this pool 'Basic_Medical_Supplies': 2
2025-11-29 19:46:43 [INFO]     - Attempting to spawn 2 weighted random items from pool 'Basic_Medical_Supplies':
2025-11-29 19:46:43 [INFO]       - Spawning Item 1/2: BandageDressing (Original Probability in Pool: 1.5) for crate BS_Hacked_Crate
2025-11-29 19:46:43 [INFO]         -> Spawned base item OK: BandageDressing
2025-11-29 19:46:43 [INFO]       - Spawning Item 2/2: PainkillerTablets (Original Probability in Pool: 0.5) for crate BS_Hacked_Crate
2025-11-29 19:46:43 [INFO]         -> Spawned base item OK: PainkillerTablets
2025-11-29 19:46:43 [INFO] Inventory for BS_Hacked_Crate LOCKED. IsOpen: true LootAccessActionDone: false
2025-11-29 19:46:43 [INFO] Inventory lock state re-evaluated for BS_Hacked_Crate. Should be LOCKED if RequireAccessAction is true and action not yet performed.
2025-11-29 19:46:43 [INFO] Loot spawning process finished for crate at <4553.689941, 317.975006, 8352.099609>
2025-11-29 19:46:43 [INFO] HandlePostLootTimersAndDespawn (BS_Hacked_Crate): Advanced Groups marker (UID: 1988685086) will be handled by EEDelete or specific despawn logic.
2025-11-29 19:46:43 [INFO] HandlePostLootTimersAndDespawn (BS_Hacked_Crate): Scheduling auto-despawn in 1800s (30 minutes).
2025-11-29 19:46:43 [INFO] StartAutoDespawnTimer: Auto-despawn timer started for BS_Hacked_Crate<2633f990>. Will delete in 1800s.
2025-11-29 19:46:43 [INFO] HackedCrate (BS_Hacked_Crate): Sending RPC Notification. Type: END, Key: #STR_BSHC_Notification_End_Located
2025-11-29 19:46:43 [INFO] Hack finished: BS_Hacked_Crate at <4553.689941, 317.975006, 8352.099609>
2025-11-29 19:46:52 [INFO] Inventory for BS_Hacked_Crate UNLOCKED. IsOpen: true LootAccessActionDone: true
2025-11-29 19:46:52 [INFO] Player sammy accessed loot in HackedCrate: <4553.689941, 317.975006, 8352.099609>
2025-11-29 20:01:46 [INFO] --------------------------------------------------------------------------
2025-11-29 20:01:46 [INFO] OnCrateSpawnTickPeriodic - Management Tick received. Evaluating individual crate configs...
2025-11-29 20:01:46 [INFO] --------------------------------------------------------------------------
2025-11-29 20:01:46 [INFO] Config 'DefaultDynamicEvent_Example1' is due for a check. Processing...
2025-11-29 20:01:46 [INFO] CrateSpawner: Processing ConfigUniqueID: 'DefaultDynamicEvent_Example1' (CrateType: 'BS_Hacked_Crate')
2025-11-29 20:01:46 [INFO] CrateSpawner: Handling RANDOM for ConfigUniqueID: 'DefaultDynamicEvent_Example1'.
2025-11-29 20:01:46 [INFO] CrateSpawner: ConfigUniqueID 'DefaultDynamicEvent_Example1' - Existing: 1, Target Active: 1
2025-11-29 20:01:46 [INFO] OnCrateSpawnTickPeriodic - Management Tick finished. Next check in 3600 seconds.
2025-11-29 20:17:10 [INFO] DeleteCrateScheduled: Auto-despawn timer finished for BS_Hacked_Crate<2633f990>. Deleting crate now.
2025-11-29 20:17:10 [INFO] EXP_REMOVE_DEBUG: Attempting RemoveExpansionMapMarker. Context: UnknownContext. Current UID: '' for BS_Hacked_Crate<3024268>
2025-11-29 20:17:10 [INFO] EXP_REMOVE_DEBUG: EXPANSIONMODNAVIGATION NOT defined. Cannot remove marker. Context: UnknownContext for BS_Hacked_Crate<3024268>
2025-11-29 20:17:10 [INFO] EEDelete called for BS_Hacked_Crate at <4553.689941, 317.975006, 8352.099609>
2025-11-29 20:17:10 [INFO] EXP_REMOVE_DEBUG: Attempting RemoveExpansionMapMarker. Context: EEDelete. Current UID: '' for BS_Hacked_Crate<3024268>
2025-11-29 20:17:10 [INFO] EXP_REMOVE_DEBUG: EXPANSIONMODNAVIGATION NOT defined. Cannot remove marker. Context: EEDelete for BS_Hacked_Crate<3024268>
2025-11-29 20:17:10 [INFO] BSHC_AG_DEBUG: BSHC_RemoveAdvancedGroupsMapMarker called.
2025-11-29 20:17:10 [INFO] BSHC_AG_DEBUG: Removing AG marker UID: 1988685086
2025-11-29 20:17:10 [INFO] BSHC_AG_DEBUG: AG marker UID 1988685086 successfully removed.
2025-11-29 20:17:10 [INFO] HackedCrate (BS_Hacked_Crate): Sending RPC Notification. Type: DESPAWN, Key: #STR_BSHC_Notification_Despawn_Located
2025-11-29 20:17:10 [INFO] EEDelete: Removed BS_Hacked_Crate from g_ActiveHackedCrates. Remaining count: 0
2025-11-29 21:01:46 [INFO] --------------------------------------------------------------------------
2025-11-29 21:01:46 [INFO] OnCrateSpawnTickPeriodic - Management Tick received. Evaluating individual crate configs...
2025-11-29 21:01:46 [INFO] --------------------------------------------------------------------------
2025-11-29 21:01:46 [INFO] Config 'DefaultDynamicEvent_Example1' is due for a check. Processing...
2025-11-29 21:01:46 [INFO] CrateSpawner: Processing ConfigUniqueID: 'DefaultDynamicEvent_Example1' (CrateType: 'BS_Hacked_Crate')
2025-11-29 21:01:46 [INFO] CrateSpawner: Skipping ConfigUniqueID 'DefaultDynamicEvent_Example1'. Players required: 1, Current: 0
2025-11-29 21:01:46 [INFO] OnCrateSpawnTickPeriodic - Management Tick finished. Next check in 3600 seconds.
2025-11-29 22:01:46 [INFO] --------------------------------------------------------------------------
2025-11-29 22:01:46 [INFO] OnCrateSpawnTickPeriodic - Management Tick received. Evaluating individual crate configs...
2025-11-29 22:01:46 [INFO] --------------------------------------------------------------------------
2025-11-29 22:01:46 [INFO] Config 'DefaultDynamicEvent_Example1' is due for a check. Processing...
2025-11-29 22:01:46 [INFO] CrateSpawner: Processing ConfigUniqueID: 'DefaultDynamicEvent_Example1' (CrateType: 'BS_Hacked_Crate')
2025-11-29 22:01:46 [INFO] CrateSpawner: Skipping ConfigUniqueID 'DefaultDynamicEvent_Example1'. Players required: 1, Current: 0
2025-11-29 22:01:46 [INFO] OnCrateSpawnTickPeriodic - Management Tick finished. Next check in 3600 seconds.
2025-11-29 23:01:46 [INFO] --------------------------------------------------------------------------
2025-11-29 23:01:46 [INFO] OnCrateSpawnTickPeriodic - Management Tick received. Evaluating individual crate configs...
2025-11-29 23:01:46 [INFO] --------------------------------------------------------------------------
2025-11-29 23:01:46 [INFO] Config 'DefaultDynamicEvent_Example1' is due for a check. Processing...
2025-11-29 23:01:46 [INFO] CrateSpawner: Processing ConfigUniqueID: 'DefaultDynamicEvent_Example1' (CrateType: 'BS_Hacked_Crate')
2025-11-29 23:01:46 [INFO] CrateSpawner: Skipping ConfigUniqueID 'DefaultDynamicEvent_Example1'. Players required: 1, Current: 0
2025-11-29 23:01:46 [INFO] OnCrateSpawnTickPeriodic - Management Tick finished. Next check in 3600 seconds.
2025-11-30 00:01:46 [INFO] --------------------------------------------------------------------------
2025-11-30 00:01:46 [INFO] OnCrateSpawnTickPeriodic - Management Tick received. Evaluating individual crate configs...
2025-11-30 00:01:46 [INFO] --------------------------------------------------------------------------
2025-11-30 00:01:46 [INFO] Config 'DefaultDynamicEvent_Example1' is due for a check. Processing...
2025-11-30 00:01:46 [INFO] CrateSpawner: Processing ConfigUniqueID: 'DefaultDynamicEvent_Example1' (CrateType: 'BS_Hacked_Crate')
2025-11-30 00:01:46 [INFO] CrateSpawner: Skipping ConfigUniqueID 'DefaultDynamicEvent_Example1'. Players required: 1, Current: 0
2025-11-30 00:01:46 [INFO] OnCrateSpawnTickPeriodic - Management Tick finished. Next check in 3600 seconds.
2025-11-30 01:01:46 [INFO] --------------------------------------------------------------------------
2025-11-30 01:01:46 [INFO] OnCrateSpawnTickPeriodic - Management Tick received. Evaluating individual crate configs...
2025-11-30 01:01:46 [INFO] --------------------------------------------------------------------------
2025-11-30 01:01:46 [INFO] Config 'DefaultDynamicEvent_Example1' is due for a check. Processing...
2025-11-30 01:01:46 [INFO] CrateSpawner: Processing ConfigUniqueID: 'DefaultDynamicEvent_Example1' (CrateType: 'BS_Hacked_Crate')
2025-11-30 01:01:46 [INFO] CrateSpawner: Skipping ConfigUniqueID 'DefaultDynamicEvent_Example1'. Players required: 1, Current: 0
2025-11-30 01:01:46 [INFO] OnCrateSpawnTickPeriodic - Management Tick finished. Next check in 3600 seconds.
2025-11-30 02:01:46 [INFO] --------------------------------------------------------------------------
2025-11-30 02:01:46 [INFO] OnCrateSpawnTickPeriodic - Management Tick received. Evaluating individual crate configs...
2025-11-30 02:01:46 [INFO] --------------------------------------------------------------------------
2025-11-30 02:01:46 [INFO] Config 'DefaultDynamicEvent_Example1' is due for a check. Processing...
2025-11-30 02:01:46 [INFO] CrateSpawner: Processing ConfigUniqueID: 'DefaultDynamicEvent_Example1' (CrateType: 'BS_Hacked_Crate')
2025-11-30 02:01:46 [INFO] CrateSpawner: Skipping ConfigUniqueID 'DefaultDynamicEvent_Example1'. Players required: 1, Current: 0
2025-11-30 02:01:46 [INFO] OnCrateSpawnTickPeriodic - Management Tick finished. Next check in 3600 seconds.
2025-11-30 03:01:46 [INFO] --------------------------------------------------------------------------
2025-11-30 03:01:46 [INFO] OnCrateSpawnTickPeriodic - Management Tick received. Evaluating individual crate configs...
2025-11-30 03:01:46 [INFO] --------------------------------------------------------------------------
2025-11-30 03:01:46 [INFO] Config 'DefaultDynamicEvent_Example1' is due for a check. Processing...
2025-11-30 03:01:46 [INFO] CrateSpawner: Processing ConfigUniqueID: 'DefaultDynamicEvent_Example1' (CrateType: 'BS_Hacked_Crate')
2025-11-30 03:01:46 [INFO] CrateSpawner: Skipping ConfigUniqueID 'DefaultDynamicEvent_Example1'. Players required: 1, Current: 0
2025-11-30 03:01:46 [INFO] OnCrateSpawnTickPeriodic - Management Tick finished. Next check in 3600 seconds.
2025-11-30 04:01:46 [INFO] --------------------------------------------------------------------------
2025-11-30 04:01:46 [INFO] OnCrateSpawnTickPeriodic - Management Tick received. Evaluating individual crate configs...
2025-11-30 04:01:46 [INFO] --------------------------------------------------------------------------
2025-11-30 04:01:46 [INFO] Config 'DefaultDynamicEvent_Example1' is due for a check. Processing...
2025-11-30 04:01:46 [INFO] CrateSpawner: Processing ConfigUniqueID: 'DefaultDynamicEvent_Example1' (CrateType: 'BS_Hacked_Crate')
2025-11-30 04:01:46 [INFO] CrateSpawner: Handling RANDOM for ConfigUniqueID: 'DefaultDynamicEvent_Example1'.
2025-11-30 04:01:46 [INFO] CrateSpawner: ConfigUniqueID 'DefaultDynamicEvent_Example1' - Existing: 0, Target Active: 1
2025-11-30 04:01:46 [INFO] CrateSpawner: Attempting to spawn 1 for ConfigUniqueID: 'DefaultDynamicEvent_Example1'.
2025-11-30 04:01:46 [INFO] SpawnRandomCrates: Attempting to spawn 1 of type 'BS_Hacked_Crate' with ConfigUniqueID 'DefaultDynamicEvent_Example1'.
2025-11-30 04:01:46 [INFO] SpawnRandomCrates: Shuffled list for 'DefaultDynamicEvent_Example1' is empty or non-existent. Regenerating and shuffling.
2025-11-30 04:01:46 [INFO] CrateSpawner: Sending spawn warning for 'BS_Hacked_Crate' at VMC
2025-11-30 04:01:46 [INFO] CrateSpawner: Added to pending list for ConfigUniqueID 'DefaultDynamicEvent_Example1'. New pending count: 1
2025-11-30 04:01:46 [INFO] OnCrateSpawnTickPeriodic - Management Tick finished. Next check in 3600 seconds.
2025-11-30 04:11:46 [INFO] SpawnCrateAfterWarning: Timer finished. Spawning crate BS_Hacked_Crate. Removed from pending list. New pending count: 0
2025-11-30 04:11:46 [INFO] Inventory for BS_Hacked_Crate LOCKED. IsOpen: false LootAccessActionDone: false
2025-11-30 04:11:46 [INFO] HackedCrate_Base (BS_Hacked_Crate): Instance specific CrateSettings assigned. ConfigUniqueID: DefaultDynamicEvent_Example1
2025-11-30 04:11:46 [INFO] CrateSpawner: Standard Notification RPC sent. Key: #STR_BSHC_Notification_Spawn_Located
2025-11-30 04:11:46 [INFO] [SpawnAIAroundCrate] Spawning 2 AI(s) next to the crate.
2025-11-30 04:11:46 [INFO] [SpawnAIAroundCrate] Successfully spawned ZmbM_SoldierNormal at <4542.652344, 317.862427, 8336.481445>
2025-11-30 04:11:46 [INFO] [SpawnAIAroundCrate] Successfully spawned ZmbM_SoldierNormal at <4546.425781, 317.741974, 8374.620117>
2025-11-30 04:11:46 [INFO] DeferredEEInitLogic: START for BS_Hacked_Crate<3034555>. m_LoadedExpansionMarkerUID (should be from OnStoreLoad) is ''. Current m_ExpansionMarkerUID (active) is ''
2025-11-30 04:11:46 [INFO] DeferredEEInitLogic: Settings acquired successfully for BS_Hacked_Crate<3034555>.
2025-11-30 04:11:46 [INFO] DeferredEEInitLogic: AG DEBUG for BS_Hacked_Crate<3034555>
2025-11-30 04:11:46 [INFO] BSHC_AG_DEBUG: BSHC_CreateAdvancedGroupsMapMarker call.
2025-11-30 04:11:46 [INFO] BSHC_AG_DEBUG: Final Marker Name: '#STR_BSHC_HackedCrate_DisplayName'
2025-11-30 04:11:46 [INFO] BSHC_AG_DEBUG: Trying to create AG marker with name: #STR_BSHC_HackedCrate_DisplayName, Pos: <4553.689941, 317.975006, 8352.099609>, Icon: BS_HackedCrate/gui/iconcrate.paa, Color: -65536, ShowOnMap: true, ShowInWorld: true
2025-11-30 04:11:46 [INFO] BSHC_AG_DEBUG: LBStaticMarkerManager.Get is accessible.
2025-11-30 04:11:46 [INFO] BSHC_AG_DEBUG: Created AG marker (UID: 1080656181) for BS_Hacked_Crate
2025-11-30 04:11:46 [INFO] DeferredEEInitLogic: Final m_LootAccessActionDone for BS_Hacked_Crate<3034555> is: false
2025-11-30 04:11:46 [INFO] Inventory for BS_Hacked_Crate LOCKED. IsOpen: false LootAccessActionDone: false
2025-11-30 04:11:46 [INFO] DeferredEEInitLogic: FINISHED for BS_Hacked_Crate<3034555>
2025-11-30 04:43:31 [INFO] EEDelete called for BS_Hacked_Crate at <4553.689941, 317.975006, 8352.099609>
2025-11-30 04:43:31 [INFO] EXP_REMOVE_DEBUG: Attempting RemoveExpansionMapMarker. Context: EEDelete. Current UID: '' for BS_Hacked_Crate<3034555>
2025-11-30 04:43:31 [INFO] EXP_REMOVE_DEBUG: EXPANSIONMODNAVIGATION NOT defined. Cannot remove marker. Context: EEDelete for BS_Hacked_Crate<3034555>
2025-11-30 04:43:31 [INFO] BSHC_AG_DEBUG: BSHC_RemoveAdvancedGroupsMapMarker called.
2025-11-30 04:43:31 [INFO] BSHC_AG_DEBUG: Removing AG marker UID: 1080656181
2025-11-30 04:43:31 [INFO] BSHC_AG_DEBUG: AG marker UID 1080656181 successfully removed.
2025-11-30 04:43:31 [INFO] HackedCrate (BS_Hacked_Crate): Sending RPC Notification. Type: DESPAWN, Key: #STR_BSHC_Notification_Despawn_Located
2025-11-30 04:43:31 [INFO] EEDelete: Removed BS_Hacked_Crate from g_ActiveHackedCrates. Remaining count: 0
