2025-11-29 03:38:45 [INFO] OnInit - Initializing Bastardos Hacked Crates System...
2025-11-29 03:38:45 [INFO] OnInit - Loading Hacked Crate Loot Configuration (loot_pools.json)...
2025-11-29 03:38:45 [INFO] [BSHCLootPoolConfig] Found loot_pools.json at: $profile:\Bastardo_HC\loot_pools.json
2025-11-29 03:38:45 [INFO] [BSHCLootPoolConfig] JsonLoadFile executed. Loaded 2 categories defined in the root.
2025-11-29 03:38:45 [INFO] [BSHCLootPoolConfig] Category 'DefaultArmaments' has 1 loot pools.
2025-11-29 03:38:45 [INFO] [BSHCLootPoolConfig] Category 'DefaultMedical' has 1 loot pools.
2025-11-29 03:38:45 [INFO] OnInit - Hacked Crate Loot Configuration processed successfully.
2025-11-29 03:38:45 [INFO] OnInit - Loading Hacked Crate settings (global, static, dynamic)...
2025-11-29 03:38:46 [INFO] CrateManagement instance created with default grace period and tick interval.
2025-11-29 03:38:46 [INFO] [BSHCGlobalServerSettings] Loading from: $profile:\Bastardo_HC\BS_Global_settings.json
2025-11-29 03:38:46 [INFO] [CrateConfigManager] Re-saved static_crates.json to include any new options.
2025-11-29 03:38:46 [INFO] [CrateConfigManager] Re-saved dynamic_crates.json to include any new options.
2025-11-29 03:38:46 [INFO] [CrateConfigManager] Static CrateManagement has been set.
2025-11-29 03:38:46 [INFO] CrateSpawner instance created.
2025-11-29 03:38:46 [INFO] OnInit - Crate Spawner created. Grace Period: 5 minutes. Periodic Tick: 3600 seconds.
2025-11-29 03:38:46 [INFO] OnInit - Bastardos Hacked Crates System Initialization sequence finished.
2025-11-29 03:38:53 [INFO] OnMissionStart - Server mission started. Scheduling Hacked Crate cleanup and initial spawn setup.
2025-11-29 03:38:53 [INFO] OnMissionStart - Immediate STATIC Crate spawn scheduled in 15 seconds.
2025-11-29 03:38:53 [INFO] OnMissionStart - Initial DYNAMIC Crate spawn scheduled in approx. 320 seconds.
2025-11-29 03:38:53 [INFO] OnMissionStart - Scheduling first PERIODIC Crate Spawn Tick in approx. 3600 seconds.
2025-11-29 03:39:51 [INFO] DeleteHackedCratesFromKnownLocations - Starting cleanup of Hacked Crates from KNOWN SPAWN LOCATIONS as defined in configurations...
2025-11-29 03:39:51 [INFO] DeleteHackedCratesFromKnownLocations - Cleanup from known locations finished. Total inactive Hacked Crates (matching type and location) deleted: 0
2025-11-29 03:39:56 [INFO] PerformImmediateStaticSpawn - Calling CrateSpawner to setup STATIC Hacked Crates...
2025-11-29 03:39:56 [INFO] CrateSpawner: ------------- Starting IMMEDIATE STATIC Spawn Pass -------------
2025-11-29 03:39:56 [INFO] CrateSpawner: Processing IMMEDIATE STATIC for ConfigUniqueID: 'DefaultStaticEvent_Example1'.
2025-11-29 03:39:56 [INFO] SpawnStaticCrates: Processing 1 static locations for ConfigUniqueID: 'DefaultStaticEvent_Example1'.
2025-11-29 03:39:56 [INFO] SpawnStaticCrates: Location <2471.820068, 193.177002, 5114.220215> is free. Attempting to spawn crate.
2025-11-29 03:39:56 [INFO] Inventory for BS_Hacked_Crate LOCKED. IsOpen: false LootAccessActionDone: false
2025-11-29 03:39:56 [INFO] HackedCrate_Base (BS_Hacked_Crate): Instance specific CrateSettings assigned. ConfigUniqueID: DefaultStaticEvent_Example1
2025-11-29 03:39:56 [INFO] [SpawnAIAroundCrate] Spawning 1 AI(s) next to the crate.
2025-11-29 03:39:56 [INFO] [SpawnAIAroundCrate] Successfully spawned ZmbM_SoldierNormal at <2486.070313, 193.270004, 5104.925293>
2025-11-29 03:39:56 [INFO] CrateSpawner: ------------- Finished IMMEDIATE STATIC Spawn Pass -------------
2025-11-29 03:39:56 [INFO] DeferredEEInitLogic: START for BS_Hacked_Crate<3009143>. m_LoadedExpansionMarkerUID (should be from OnStoreLoad) is ''. Current m_ExpansionMarkerUID (active) is ''
2025-11-29 03:39:56 [INFO] DeferredEEInitLogic: Settings acquired successfully for BS_Hacked_Crate<3009143>.
2025-11-29 03:39:56 [INFO] DeferredEEInitLogic: m_ExpansionMarkerUID is empty. Calling CreateExpansionMapMarker for BS_Hacked_Crate<3009143>.
2025-11-29 03:39:56 [INFO] EXP_DEBUG: Inside CreateExpansionMapMarker for BS_Hacked_Crate.UseExpansionMapMarker is true.
2025-11-29 03:39:56 [INFO] EXP_DEBUG: EXPANSIONMODNAVIGATION is NOT defined. No Expansion marker will be created.
2025-11-29 03:39:56 [INFO] DeferredEEInitLogic: AG DEBUG for BS_Hacked_Crate<3009143>
2025-11-29 03:39:56 [INFO] BSHC_AG_DEBUG: BSHC_CreateAdvancedGroupsMapMarker call.
2025-11-29 03:39:56 [INFO] BSHC_AG_DEBUG: Final Marker Name: '#STR_BSHC_HackedCrate_DisplayName'
2025-11-29 03:39:56 [INFO] BSHC_AG_DEBUG: Trying to create AG marker with name: #STR_BSHC_HackedCrate_DisplayName, Pos: <2471.820068, 193.177002, 5114.220215>, Icon: BS_HackedCrate/gui/iconcrate.paa, Color: -65536, ShowOnMap: true, ShowInWorld: true
2025-11-29 03:39:56 [INFO] BSHC_AG_DEBUG: LBStaticMarkerManager.Get is accessible.
2025-11-29 03:39:56 [INFO] BSHC_AG_DEBUG: Created AG marker (UID: 1666041542) for BS_Hacked_Crate
2025-11-29 03:39:56 [INFO] DeferredEEInitLogic: Final m_LootAccessActionDone for BS_Hacked_Crate<3009143> is: false
2025-11-29 03:39:56 [INFO] Inventory for BS_Hacked_Crate LOCKED. IsOpen: false LootAccessActionDone: false
2025-11-29 03:39:56 [INFO] DeferredEEInitLogic: FINISHED for BS_Hacked_Crate<3009143>
2025-11-29 03:45:01 [INFO] PerformInitialDynamicSpawn - Grace period ended. Calling CrateSpawner to setup initial DYNAMIC Hacked Crates...
2025-11-29 03:45:01 [INFO] CrateSpawner: ------------- Starting INITIAL DYNAMIC Spawn Pass (Post-Grace) -------------
2025-11-29 03:45:01 [INFO] CrateSpawner: Current server population for dynamic spawn: 0 players.
2025-11-29 03:45:01 [INFO] CrateSpawner: Processing DYNAMIC for ConfigUniqueID: 'DefaultDynamicEvent_Example1'.
2025-11-29 03:45:01 [INFO] CrateSpawner: Skipping ConfigUniqueID 'DefaultDynamicEvent_Example1'. Players required: 1, Current: 0
2025-11-29 03:45:01 [INFO] CrateSpawner: ------------- Finished INITIAL DYNAMIC Spawn Pass -------------
2025-11-29 04:39:41 [INFO] --------------------------------------------------------------------------
2025-11-29 04:39:41 [INFO] OnCrateSpawnTickPeriodic - Management Tick received. Evaluating individual crate configs...
2025-11-29 04:39:41 [INFO] --------------------------------------------------------------------------
2025-11-29 04:39:41 [INFO] Config 'DefaultDynamicEvent_Example1' is due for a check. Processing...
2025-11-29 04:39:41 [INFO] CrateSpawner: Processing ConfigUniqueID: 'DefaultDynamicEvent_Example1' (CrateType: 'BS_Hacked_Crate')
2025-11-29 04:39:41 [INFO] CrateSpawner: Skipping ConfigUniqueID 'DefaultDynamicEvent_Example1'. Players required: 1, Current: 0
2025-11-29 04:39:41 [INFO] OnCrateSpawnTickPeriodic - Management Tick finished. Next check in 3600 seconds.
