2025-11-11 03:17:54 [INFO] OnInit - Initializing Bastardos Hacked Crates System...
2025-11-11 03:17:54 [INFO] OnInit - Loading Hacked Crate Loot Configuration (loot_pools.json)...
2025-11-11 03:17:54 [INFO] [BSHCLootPoolConfig] Found loot_pools.json at: $profile:\Bastardo_HC\loot_pools.json
2025-11-11 03:17:54 [INFO] [BSHCLootPoolConfig] JsonLoadFile executed. Loaded 2 categories defined in the root.
2025-11-11 03:17:54 [INFO] [BSHCLootPoolConfig] Category 'DefaultArmaments' has 1 loot pools.
2025-11-11 03:17:54 [INFO] [BSHCLootPoolConfig] Category 'DefaultMedical' has 1 loot pools.
2025-11-11 03:17:54 [INFO] OnInit - Hacked Crate Loot Configuration processed successfully.
2025-11-11 03:17:54 [INFO] OnInit - Loading Hacked Crate settings (global, static, dynamic)...
2025-11-11 03:17:54 [INFO] CrateManagement instance created with default grace period and tick interval.
2025-11-11 03:17:54 [INFO] [BSHCGlobalServerSettings] Loading from: $profile:\Bastardo_HC\BS_Global_settings.json
2025-11-11 03:17:54 [INFO] [CrateConfigManager] Re-saved static_crates.json to include any new options.
2025-11-11 03:17:54 [INFO] [CrateConfigManager] Re-saved dynamic_crates.json to include any new options.
2025-11-11 03:17:54 [INFO] [CrateConfigManager] Static CrateManagement has been set.
2025-11-11 03:17:54 [INFO] CrateSpawner instance created.
2025-11-11 03:17:54 [INFO] OnInit - Crate Spawner created. Grace Period: 5 minutes. Periodic Tick: 3600 seconds.
2025-11-11 03:17:54 [INFO] OnInit - Bastardos Hacked Crates System Initialization sequence finished.
2025-11-11 03:18:01 [INFO] OnMissionStart - Server mission started. Scheduling Hacked Crate cleanup and initial spawn setup.
2025-11-11 03:18:01 [INFO] OnMissionStart - Immediate STATIC Crate spawn scheduled in 15 seconds.
2025-11-11 03:18:01 [INFO] OnMissionStart - Initial DYNAMIC Crate spawn scheduled in approx. 320 seconds.
2025-11-11 03:18:01 [INFO] OnMissionStart - Scheduling first PERIODIC Crate Spawn Tick in approx. 3600 seconds.
2025-11-11 03:18:15 [INFO] Inventory for BS_Hacked_Crate LOCKED. IsOpen: false LootAccessActionDone: false
2025-11-11 03:18:15 [INFO] OnStoreLoad: m_ConfigUniqueID_Persist set from storage to: 'DefaultStaticEvent_Example1' for BS_Hacked_Crate<2987850>
2025-11-11 03:18:15 [INFO] OnStoreLoad: FINISHED loading raw data into member variables for BS_Hacked_Crate<2987850>
2025-11-11 03:18:32 [INFO] DeferredEEInitLogic: START for BS_Hacked_Crate<2987850>. m_LoadedExpansionMarkerUID (should be from OnStoreLoad) is ''. Current m_ExpansionMarkerUID (active) is ''
2025-11-11 03:18:32 [INFO] GetCrateSettings: m_CrateSettings_Instance is NULL for BS_Hacked_Crate<2987850>. Calling AttemptToReacquireSettings().
2025-11-11 03:18:32 [INFO] HackedCrate_Base (BS_Hacked_Crate): Attempting to re-acquire CrateSettings. Persisted ConfigUniqueID is: 'DefaultStaticEvent_Example1'
2025-11-11 03:18:32 [INFO] HackedCrate_Base (BS_Hacked_Crate): Instance specific CrateSettings assigned. ConfigUniqueID: DefaultStaticEvent_Example1
2025-11-11 03:18:32 [INFO] HackedCrate_Base (BS_Hacked_Crate): Successfully re-acquired CrateSettings by persisted ConfigUniqueID 'DefaultStaticEvent_Example1'.
2025-11-11 03:18:32 [INFO] DeferredEEInitLogic: Settings acquired successfully for BS_Hacked_Crate<2987850>.
2025-11-11 03:18:32 [INFO] DeferredEEInitLogic: m_ExpansionMarkerUID is empty. Calling CreateExpansionMapMarker for BS_Hacked_Crate<2987850>.
2025-11-11 03:18:32 [INFO] EXP_DEBUG: Inside CreateExpansionMapMarker for BS_Hacked_Crate.UseExpansionMapMarker is true.
2025-11-11 03:18:32 [INFO] EXP_DEBUG: EXPANSIONMODNAVIGATION is NOT defined. No Expansion marker will be created.
2025-11-11 03:18:32 [INFO] DeferredEEInitLogic: AG DEBUG for BS_Hacked_Crate<2987850>
2025-11-11 03:18:32 [INFO] BSHC_AG_DEBUG: BSHC_CreateAdvancedGroupsMapMarker call.
2025-11-11 03:18:32 [INFO] BSHC_AG_DEBUG: Final Marker Name: '#STR_BSHC_HackedCrate_DisplayName'
2025-11-11 03:18:32 [INFO] BSHC_AG_DEBUG: Trying to create AG marker with name: #STR_BSHC_HackedCrate_DisplayName, Pos: <2471.820068, 193.177002, 5114.220215>, Icon: BS_HackedCrate/gui/iconcrate.paa, Color: -65536, ShowOnMap: true, ShowInWorld: true
2025-11-11 03:18:32 [INFO] BSHC_AG_DEBUG: LBStaticMarkerManager.Get is accessible.
2025-11-11 03:18:32 [INFO] BSHC_AG_DEBUG: Created AG marker (UID: 2123562278) for BS_Hacked_Crate
2025-11-11 03:18:32 [INFO] DeferredEEInitLogic: Final m_LootAccessActionDone for BS_Hacked_Crate<2987850> is: false
2025-11-11 03:18:32 [INFO] Inventory for BS_Hacked_Crate LOCKED. IsOpen: false LootAccessActionDone: false
2025-11-11 03:18:32 [INFO] DeferredEEInitLogic: FINISHED for BS_Hacked_Crate<2987850>
2025-11-11 03:18:32 [INFO] DeferredEEInitLogic: Re-added persistent crate BS_Hacked_Crate to g_ActiveHackedCrates list.
2025-11-11 03:19:05 [INFO] DeleteHackedCratesFromKnownLocations - Starting cleanup of Hacked Crates from KNOWN SPAWN LOCATIONS as defined in configurations...
2025-11-11 03:19:05 [INFO] DeleteHackedCratesFromKnownLocations - Deleting INACTIVE: BS_Hacked_Crate (ID: 2987850) found at configured spawn Pos: <2471.820068, 193.177002, 5114.220215> for CrateType BS_Hacked_Crate
2025-11-11 03:19:05 [INFO] EEDelete called for BS_Hacked_Crate at <2471.820068, 193.177002, 5114.220215>
2025-11-11 03:19:05 [INFO] EXP_REMOVE_DEBUG: Attempting RemoveExpansionMapMarker. Context: EEDelete. Current UID: '' for BS_Hacked_Crate<2987850>
2025-11-11 03:19:05 [INFO] EXP_REMOVE_DEBUG: EXPANSIONMODNAVIGATION NOT defined. Cannot remove marker. Context: EEDelete for BS_Hacked_Crate<2987850>
2025-11-11 03:19:05 [INFO] BSHC_AG_DEBUG: BSHC_RemoveAdvancedGroupsMapMarker called.
2025-11-11 03:19:05 [INFO] BSHC_AG_DEBUG: Removing AG marker UID: 2123562278
2025-11-11 03:19:05 [INFO] BSHC_AG_DEBUG: AG marker UID 2123562278 successfully removed.
2025-11-11 03:19:05 [INFO] HackedCrate (BS_Hacked_Crate): Sending RPC Notification. Type: DESPAWN, Key: #STR_BSHC_Notification_Despawn_Located
2025-11-11 03:19:05 [INFO] EEDelete: Removed BS_Hacked_Crate from g_ActiveHackedCrates. Remaining count: 0
2025-11-11 03:19:05 [INFO] DeleteHackedCratesFromKnownLocations - Cleanup from known locations finished. Total inactive Hacked Crates (matching type and location) deleted: 1
2025-11-11 03:19:10 [INFO] PerformImmediateStaticSpawn - Calling CrateSpawner to setup STATIC Hacked Crates...
2025-11-11 03:19:10 [INFO] CrateSpawner: ------------- Starting IMMEDIATE STATIC Spawn Pass -------------
2025-11-11 03:19:10 [INFO] CrateSpawner: Processing IMMEDIATE STATIC for ConfigUniqueID: 'DefaultStaticEvent_Example1'.
2025-11-11 03:19:10 [INFO] SpawnStaticCrates: Processing 1 static locations for ConfigUniqueID: 'DefaultStaticEvent_Example1'.
2025-11-11 03:19:10 [INFO] SpawnStaticCrates: Location <2471.820068, 193.177002, 5114.220215> is free. Attempting to spawn crate.
2025-11-11 03:19:10 [INFO] Inventory for BS_Hacked_Crate LOCKED. IsOpen: false LootAccessActionDone: false
2025-11-11 03:19:10 [INFO] HackedCrate_Base (BS_Hacked_Crate): Instance specific CrateSettings assigned. ConfigUniqueID: DefaultStaticEvent_Example1
2025-11-11 03:19:10 [INFO] [SpawnAIAroundCrate] Spawning 1 AI(s) next to the crate.
2025-11-11 03:19:10 [INFO] [SpawnAIAroundCrate] Successfully spawned ZmbM_SoldierNormal at <2484.152100, 193.173904, 5119.506836>
2025-11-11 03:19:10 [INFO] CrateSpawner: ------------- Finished IMMEDIATE STATIC Spawn Pass -------------
2025-11-11 03:19:10 [INFO] DeferredEEInitLogic: START for BS_Hacked_Crate<3011008>. m_LoadedExpansionMarkerUID (should be from OnStoreLoad) is ''. Current m_ExpansionMarkerUID (active) is ''
2025-11-11 03:19:10 [INFO] DeferredEEInitLogic: Settings acquired successfully for BS_Hacked_Crate<3011008>.
2025-11-11 03:19:10 [INFO] DeferredEEInitLogic: m_ExpansionMarkerUID is empty. Calling CreateExpansionMapMarker for BS_Hacked_Crate<3011008>.
2025-11-11 03:19:10 [INFO] EXP_DEBUG: Inside CreateExpansionMapMarker for BS_Hacked_Crate.UseExpansionMapMarker is true.
2025-11-11 03:19:10 [INFO] EXP_DEBUG: EXPANSIONMODNAVIGATION is NOT defined. No Expansion marker will be created.
2025-11-11 03:19:10 [INFO] DeferredEEInitLogic: AG DEBUG for BS_Hacked_Crate<3011008>
2025-11-11 03:19:10 [INFO] BSHC_AG_DEBUG: BSHC_CreateAdvancedGroupsMapMarker call.
2025-11-11 03:19:10 [INFO] BSHC_AG_DEBUG: Final Marker Name: '#STR_BSHC_HackedCrate_DisplayName'
2025-11-11 03:19:10 [INFO] BSHC_AG_DEBUG: Trying to create AG marker with name: #STR_BSHC_HackedCrate_DisplayName, Pos: <2471.820068, 193.177002, 5114.220215>, Icon: BS_HackedCrate/gui/iconcrate.paa, Color: -65536, ShowOnMap: true, ShowInWorld: true
2025-11-11 03:19:10 [INFO] BSHC_AG_DEBUG: LBStaticMarkerManager.Get is accessible.
2025-11-11 03:19:10 [INFO] BSHC_AG_DEBUG: Created AG marker (UID: 786390588) for BS_Hacked_Crate
2025-11-11 03:19:10 [INFO] DeferredEEInitLogic: Final m_LootAccessActionDone for BS_Hacked_Crate<3011008> is: false
2025-11-11 03:19:10 [INFO] Inventory for BS_Hacked_Crate LOCKED. IsOpen: false LootAccessActionDone: false
2025-11-11 03:19:10 [INFO] DeferredEEInitLogic: FINISHED for BS_Hacked_Crate<3011008>
2025-11-11 03:24:15 [INFO] PerformInitialDynamicSpawn - Grace period ended. Calling CrateSpawner to setup initial DYNAMIC Hacked Crates...
2025-11-11 03:24:15 [INFO] CrateSpawner: ------------- Starting INITIAL DYNAMIC Spawn Pass (Post-Grace) -------------
2025-11-11 03:24:15 [INFO] CrateSpawner: Current server population for dynamic spawn: 1 players.
2025-11-11 03:24:15 [INFO] CrateSpawner: Processing DYNAMIC for ConfigUniqueID: 'DefaultDynamicEvent_Example1'.
2025-11-11 03:24:15 [INFO] CrateSpawner: Attempting to spawn 2 for ConfigUniqueID: 'DefaultDynamicEvent_Example1'.
2025-11-11 03:24:15 [INFO] SpawnRandomCrates: Attempting to spawn 2 of type 'BS_Hacked_Crate' with ConfigUniqueID 'DefaultDynamicEvent_Example1'.
2025-11-11 03:24:15 [INFO] SpawnRandomCrates: Shuffled list for 'DefaultDynamicEvent_Example1' is empty or non-existent. Regenerating and shuffling.
2025-11-11 03:24:15 [INFO] CrateSpawner: Sending spawn warning for 'BS_Hacked_Crate' at VMC
2025-11-11 03:24:15 [INFO] CrateSpawner: Added to pending list for ConfigUniqueID 'DefaultDynamicEvent_Example1'. New pending count: 1
2025-11-11 03:24:15 [INFO] CrateSpawner: Sending spawn warning for 'BS_Hacked_Crate' at Airfield
2025-11-11 03:24:15 [INFO] CrateSpawner: Added to pending list for ConfigUniqueID 'DefaultDynamicEvent_Example1'. New pending count: 2
2025-11-11 03:24:15 [INFO] CrateSpawner: ------------- Finished INITIAL DYNAMIC Spawn Pass -------------
2025-11-11 03:34:15 [INFO] SpawnCrateAfterWarning: Timer finished. Spawning crate BS_Hacked_Crate. Removed from pending list. New pending count: 1
2025-11-11 03:34:15 [INFO] Inventory for BS_Hacked_Crate LOCKED. IsOpen: false LootAccessActionDone: false
2025-11-11 03:34:15 [INFO] HackedCrate_Base (BS_Hacked_Crate): Instance specific CrateSettings assigned. ConfigUniqueID: DefaultDynamicEvent_Example1
2025-11-11 03:34:15 [INFO] CrateSpawner: Standard Notification RPC sent. Key: #STR_BSHC_Notification_Spawn_Located
2025-11-11 03:34:15 [INFO] [SpawnAIAroundCrate] Spawning 1 AI(s) next to the crate.
2025-11-11 03:34:15 [INFO] [SpawnAIAroundCrate] Successfully spawned ZmbM_SoldierNormal at <4561.641602, 318.035004, 8372.219727>
2025-11-11 03:34:15 [INFO] SpawnCrateAfterWarning: Timer finished. Spawning crate BS_Hacked_Crate. Removed from pending list. New pending count: 0
2025-11-11 03:34:15 [INFO] Inventory for BS_Hacked_Crate LOCKED. IsOpen: false LootAccessActionDone: false
2025-11-11 03:34:15 [INFO] HackedCrate_Base (BS_Hacked_Crate): Instance specific CrateSettings assigned. ConfigUniqueID: DefaultDynamicEvent_Example1
2025-11-11 03:34:15 [INFO] CrateSpawner: Standard Notification RPC sent. Key: #STR_BSHC_Notification_Spawn_Located
2025-11-11 03:34:15 [INFO] [SpawnAIAroundCrate] Spawning 1 AI(s) next to the crate.
2025-11-11 03:34:15 [INFO] [SpawnAIAroundCrate] Successfully spawned ZmbM_SoldierNormal at <4742.320313, 339.000000, 10354.004883>
2025-11-11 03:34:15 [INFO] DeferredEEInitLogic: START for BS_Hacked_Crate<3015185>. m_LoadedExpansionMarkerUID (should be from OnStoreLoad) is ''. Current m_ExpansionMarkerUID (active) is ''
2025-11-11 03:34:15 [INFO] DeferredEEInitLogic: Settings acquired successfully for BS_Hacked_Crate<3015185>.
2025-11-11 03:34:15 [INFO] DeferredEEInitLogic: m_ExpansionMarkerUID is empty. Calling CreateExpansionMapMarker for BS_Hacked_Crate<3015185>.
2025-11-11 03:34:15 [INFO] EXP_DEBUG: Inside CreateExpansionMapMarker for BS_Hacked_Crate.UseExpansionMapMarker is true.
2025-11-11 03:34:15 [INFO] EXP_DEBUG: EXPANSIONMODNAVIGATION is NOT defined. No Expansion marker will be created.
2025-11-11 03:34:15 [INFO] DeferredEEInitLogic: AG DEBUG for BS_Hacked_Crate<3015185>
2025-11-11 03:34:15 [INFO] BSHC_AG_DEBUG: BSHC_CreateAdvancedGroupsMapMarker call.
2025-11-11 03:34:15 [INFO] BSHC_AG_DEBUG: Final Marker Name: '#STR_BSHC_HackedCrate_DisplayName'
2025-11-11 03:34:15 [INFO] BSHC_AG_DEBUG: Trying to create AG marker with name: #STR_BSHC_HackedCrate_DisplayName, Pos: <4553.689941, 317.975006, 8352.099609>, Icon: BS_HackedCrate/gui/iconcrate.paa, Color: -65536, ShowOnMap: true, ShowInWorld: true
2025-11-11 03:34:15 [INFO] BSHC_AG_DEBUG: LBStaticMarkerManager.Get is accessible.
2025-11-11 03:34:15 [INFO] BSHC_AG_DEBUG: Created AG marker (UID: 1785713919) for BS_Hacked_Crate
2025-11-11 03:34:15 [INFO] DeferredEEInitLogic: Final m_LootAccessActionDone for BS_Hacked_Crate<3015185> is: false
2025-11-11 03:34:15 [INFO] Inventory for BS_Hacked_Crate LOCKED. IsOpen: false LootAccessActionDone: false
2025-11-11 03:34:15 [INFO] DeferredEEInitLogic: FINISHED for BS_Hacked_Crate<3015185>
2025-11-11 03:34:15 [INFO] DeferredEEInitLogic: START for BS_Hacked_Crate<3015187>. m_LoadedExpansionMarkerUID (should be from OnStoreLoad) is ''. Current m_ExpansionMarkerUID (active) is ''
2025-11-11 03:34:15 [INFO] DeferredEEInitLogic: Settings acquired successfully for BS_Hacked_Crate<3015187>.
2025-11-11 03:34:15 [INFO] DeferredEEInitLogic: m_ExpansionMarkerUID is empty. Calling CreateExpansionMapMarker for BS_Hacked_Crate<3015187>.
2025-11-11 03:34:15 [INFO] EXP_DEBUG: Inside CreateExpansionMapMarker for BS_Hacked_Crate.UseExpansionMapMarker is true.
2025-11-11 03:34:15 [INFO] EXP_DEBUG: EXPANSIONMODNAVIGATION is NOT defined. No Expansion marker will be created.
2025-11-11 03:34:15 [INFO] DeferredEEInitLogic: AG DEBUG for BS_Hacked_Crate<3015187>
2025-11-11 03:34:15 [INFO] BSHC_AG_DEBUG: BSHC_CreateAdvancedGroupsMapMarker call.
2025-11-11 03:34:15 [INFO] BSHC_AG_DEBUG: Final Marker Name: '#STR_BSHC_HackedCrate_DisplayName'
2025-11-11 03:34:15 [INFO] BSHC_AG_DEBUG: Trying to create AG marker with name: #STR_BSHC_HackedCrate_DisplayName, Pos: <4732.430176, 338.968994, 10350.200195>, Icon: BS_HackedCrate/gui/iconcrate.paa, Color: -65536, ShowOnMap: true, ShowInWorld: true
2025-11-11 03:34:15 [INFO] BSHC_AG_DEBUG: LBStaticMarkerManager.Get is accessible.
2025-11-11 03:34:15 [INFO] BSHC_AG_DEBUG: Created AG marker (UID: 145691160) for BS_Hacked_Crate
2025-11-11 03:34:15 [INFO] DeferredEEInitLogic: Final m_LootAccessActionDone for BS_Hacked_Crate<3015187> is: false
2025-11-11 03:34:15 [INFO] Inventory for BS_Hacked_Crate LOCKED. IsOpen: false LootAccessActionDone: false
2025-11-11 03:34:15 [INFO] DeferredEEInitLogic: FINISHED for BS_Hacked_Crate<3015187>
2025-11-11 04:18:55 [INFO] --------------------------------------------------------------------------
2025-11-11 04:18:55 [INFO] OnCrateSpawnTickPeriodic - Management Tick received. Evaluating individual crate configs...
2025-11-11 04:18:55 [INFO] --------------------------------------------------------------------------
2025-11-11 04:18:55 [INFO] Config 'DefaultDynamicEvent_Example1' is due for a check. Processing...
2025-11-11 04:18:55 [INFO] CrateSpawner: Processing ConfigUniqueID: 'DefaultDynamicEvent_Example1' (CrateType: 'BS_Hacked_Crate')
2025-11-11 04:18:55 [INFO] CrateSpawner: Skipping ConfigUniqueID 'DefaultDynamicEvent_Example1'. Players required: 1, Current: 0
2025-11-11 04:18:55 [INFO] OnCrateSpawnTickPeriodic - Management Tick finished. Next check in 3600 seconds.
2025-11-11 05:18:55 [INFO] --------------------------------------------------------------------------
2025-11-11 05:18:55 [INFO] OnCrateSpawnTickPeriodic - Management Tick received. Evaluating individual crate configs...
2025-11-11 05:18:55 [INFO] --------------------------------------------------------------------------
2025-11-11 05:18:55 [INFO] Config 'DefaultDynamicEvent_Example1' is due for a check. Processing...
2025-11-11 05:18:55 [INFO] CrateSpawner: Processing ConfigUniqueID: 'DefaultDynamicEvent_Example1' (CrateType: 'BS_Hacked_Crate')
2025-11-11 05:18:55 [INFO] CrateSpawner: Skipping ConfigUniqueID 'DefaultDynamicEvent_Example1'. Players required: 1, Current: 0
2025-11-11 05:18:55 [INFO] OnCrateSpawnTickPeriodic - Management Tick finished. Next check in 3600 seconds.
2025-11-11 06:18:55 [INFO] --------------------------------------------------------------------------
2025-11-11 06:18:55 [INFO] OnCrateSpawnTickPeriodic - Management Tick received. Evaluating individual crate configs...
2025-11-11 06:18:55 [INFO] --------------------------------------------------------------------------
2025-11-11 06:18:55 [INFO] Config 'DefaultDynamicEvent_Example1' is due for a check. Processing...
2025-11-11 06:18:55 [INFO] CrateSpawner: Processing ConfigUniqueID: 'DefaultDynamicEvent_Example1' (CrateType: 'BS_Hacked_Crate')
2025-11-11 06:18:55 [INFO] CrateSpawner: Skipping ConfigUniqueID 'DefaultDynamicEvent_Example1'. Players required: 1, Current: 0
2025-11-11 06:18:55 [INFO] OnCrateSpawnTickPeriodic - Management Tick finished. Next check in 3600 seconds.
2025-11-11 07:18:55 [INFO] --------------------------------------------------------------------------
2025-11-11 07:18:55 [INFO] OnCrateSpawnTickPeriodic - Management Tick received. Evaluating individual crate configs...
2025-11-11 07:18:55 [INFO] --------------------------------------------------------------------------
2025-11-11 07:18:55 [INFO] Config 'DefaultDynamicEvent_Example1' is due for a check. Processing...
2025-11-11 07:18:55 [INFO] CrateSpawner: Processing ConfigUniqueID: 'DefaultDynamicEvent_Example1' (CrateType: 'BS_Hacked_Crate')
2025-11-11 07:18:55 [INFO] CrateSpawner: Skipping ConfigUniqueID 'DefaultDynamicEvent_Example1'. Players required: 1, Current: 0
2025-11-11 07:18:55 [INFO] OnCrateSpawnTickPeriodic - Management Tick finished. Next check in 3600 seconds.
2025-11-11 08:18:55 [INFO] --------------------------------------------------------------------------
2025-11-11 08:18:55 [INFO] OnCrateSpawnTickPeriodic - Management Tick received. Evaluating individual crate configs...
2025-11-11 08:18:55 [INFO] --------------------------------------------------------------------------
2025-11-11 08:18:55 [INFO] Config 'DefaultDynamicEvent_Example1' is due for a check. Processing...
2025-11-11 08:18:55 [INFO] CrateSpawner: Processing ConfigUniqueID: 'DefaultDynamicEvent_Example1' (CrateType: 'BS_Hacked_Crate')
2025-11-11 08:18:55 [INFO] CrateSpawner: Skipping ConfigUniqueID 'DefaultDynamicEvent_Example1'. Players required: 1, Current: 0
2025-11-11 08:18:55 [INFO] OnCrateSpawnTickPeriodic - Management Tick finished. Next check in 3600 seconds.
2025-11-11 09:18:55 [INFO] --------------------------------------------------------------------------
2025-11-11 09:18:55 [INFO] OnCrateSpawnTickPeriodic - Management Tick received. Evaluating individual crate configs...
2025-11-11 09:18:55 [INFO] --------------------------------------------------------------------------
2025-11-11 09:18:55 [INFO] Config 'DefaultDynamicEvent_Example1' is due for a check. Processing...
2025-11-11 09:18:55 [INFO] CrateSpawner: Processing ConfigUniqueID: 'DefaultDynamicEvent_Example1' (CrateType: 'BS_Hacked_Crate')
2025-11-11 09:18:55 [INFO] CrateSpawner: Skipping ConfigUniqueID 'DefaultDynamicEvent_Example1'. Players required: 1, Current: 0
2025-11-11 09:18:55 [INFO] OnCrateSpawnTickPeriodic - Management Tick finished. Next check in 3600 seconds.
2025-11-11 10:18:55 [INFO] --------------------------------------------------------------------------
2025-11-11 10:18:55 [INFO] OnCrateSpawnTickPeriodic - Management Tick received. Evaluating individual crate configs...
2025-11-11 10:18:55 [INFO] --------------------------------------------------------------------------
2025-11-11 10:18:55 [INFO] Config 'DefaultDynamicEvent_Example1' is due for a check. Processing...
2025-11-11 10:18:55 [INFO] CrateSpawner: Processing ConfigUniqueID: 'DefaultDynamicEvent_Example1' (CrateType: 'BS_Hacked_Crate')
2025-11-11 10:18:55 [INFO] CrateSpawner: Skipping ConfigUniqueID 'DefaultDynamicEvent_Example1'. Players required: 1, Current: 0
2025-11-11 10:18:55 [INFO] OnCrateSpawnTickPeriodic - Management Tick finished. Next check in 3600 seconds.
2025-11-11 10:40:09 [INFO] EEDelete called for BS_Hacked_Crate at <2471.820068, 193.177002, 5114.220215>
2025-11-11 10:40:09 [INFO] EXP_REMOVE_DEBUG: Attempting RemoveExpansionMapMarker. Context: EEDelete. Current UID: '' for BS_Hacked_Crate<3011008>
2025-11-11 10:40:09 [INFO] EXP_REMOVE_DEBUG: EXPANSIONMODNAVIGATION NOT defined. Cannot remove marker. Context: EEDelete for BS_Hacked_Crate<3011008>
2025-11-11 10:40:09 [INFO] BSHC_AG_DEBUG: BSHC_RemoveAdvancedGroupsMapMarker called.
2025-11-11 10:40:09 [INFO] BSHC_AG_DEBUG: Removing AG marker UID: 786390588
2025-11-11 10:40:09 [INFO] BSHC_AG_DEBUG: AG marker UID 786390588 successfully removed.
2025-11-11 10:40:09 [INFO] HackedCrate (BS_Hacked_Crate): Sending RPC Notification. Type: DESPAWN, Key: #STR_BSHC_Notification_Despawn_Located
2025-11-11 10:40:09 [INFO] EEDelete: Removed BS_Hacked_Crate from g_ActiveHackedCrates. Remaining count: 2
2025-11-11 10:42:49 [INFO] EEDelete called for BS_Hacked_Crate at <4732.430176, 338.968994, 10350.200195>
2025-11-11 10:42:49 [INFO] EXP_REMOVE_DEBUG: Attempting RemoveExpansionMapMarker. Context: EEDelete. Current UID: '' for BS_Hacked_Crate<3015187>
2025-11-11 10:42:49 [INFO] EXP_REMOVE_DEBUG: EXPANSIONMODNAVIGATION NOT defined. Cannot remove marker. Context: EEDelete for BS_Hacked_Crate<3015187>
2025-11-11 10:42:49 [INFO] BSHC_AG_DEBUG: BSHC_RemoveAdvancedGroupsMapMarker called.
2025-11-11 10:42:49 [INFO] BSHC_AG_DEBUG: Removing AG marker UID: 145691160
2025-11-11 10:42:49 [INFO] BSHC_AG_DEBUG: AG marker UID 145691160 successfully removed.
2025-11-11 10:42:49 [INFO] HackedCrate (BS_Hacked_Crate): Sending RPC Notification. Type: DESPAWN, Key: #STR_BSHC_Notification_Despawn_Located
2025-11-11 10:42:49 [INFO] EEDelete: Removed BS_Hacked_Crate from g_ActiveHackedCrates. Remaining count: 1
2025-11-11 11:18:55 [INFO] --------------------------------------------------------------------------
2025-11-11 11:18:55 [INFO] OnCrateSpawnTickPeriodic - Management Tick received. Evaluating individual crate configs...
2025-11-11 11:18:55 [INFO] --------------------------------------------------------------------------
2025-11-11 11:18:55 [INFO] Config 'DefaultDynamicEvent_Example1' is due for a check. Processing...
2025-11-11 11:18:55 [INFO] CrateSpawner: Processing ConfigUniqueID: 'DefaultDynamicEvent_Example1' (CrateType: 'BS_Hacked_Crate')
2025-11-11 11:18:55 [INFO] CrateSpawner: Skipping ConfigUniqueID 'DefaultDynamicEvent_Example1'. Players required: 1, Current: 0
2025-11-11 11:18:55 [INFO] OnCrateSpawnTickPeriodic - Management Tick finished. Next check in 3600 seconds.
2025-11-11 12:18:55 [INFO] --------------------------------------------------------------------------
2025-11-11 12:18:55 [INFO] OnCrateSpawnTickPeriodic - Management Tick received. Evaluating individual crate configs...
2025-11-11 12:18:55 [INFO] --------------------------------------------------------------------------
2025-11-11 12:18:55 [INFO] Config 'DefaultDynamicEvent_Example1' is due for a check. Processing...
2025-11-11 12:18:55 [INFO] CrateSpawner: Processing ConfigUniqueID: 'DefaultDynamicEvent_Example1' (CrateType: 'BS_Hacked_Crate')
2025-11-11 12:18:55 [INFO] CrateSpawner: Skipping ConfigUniqueID 'DefaultDynamicEvent_Example1'. Players required: 1, Current: 0
2025-11-11 12:18:55 [INFO] OnCrateSpawnTickPeriodic - Management Tick finished. Next check in 3600 seconds.
2025-11-11 13:18:55 [INFO] --------------------------------------------------------------------------
2025-11-11 13:18:55 [INFO] OnCrateSpawnTickPeriodic - Management Tick received. Evaluating individual crate configs...
2025-11-11 13:18:55 [INFO] --------------------------------------------------------------------------
2025-11-11 13:18:55 [INFO] Config 'DefaultDynamicEvent_Example1' is due for a check. Processing...
2025-11-11 13:18:55 [INFO] CrateSpawner: Processing ConfigUniqueID: 'DefaultDynamicEvent_Example1' (CrateType: 'BS_Hacked_Crate')
2025-11-11 13:18:55 [INFO] CrateSpawner: Skipping ConfigUniqueID 'DefaultDynamicEvent_Example1'. Players required: 1, Current: 0
2025-11-11 13:18:55 [INFO] OnCrateSpawnTickPeriodic - Management Tick finished. Next check in 3600 seconds.
2025-11-11 14:18:55 [INFO] --------------------------------------------------------------------------
2025-11-11 14:18:55 [INFO] OnCrateSpawnTickPeriodic - Management Tick received. Evaluating individual crate configs...
2025-11-11 14:18:55 [INFO] --------------------------------------------------------------------------
2025-11-11 14:18:55 [INFO] Config 'DefaultDynamicEvent_Example1' is due for a check. Processing...
2025-11-11 14:18:55 [INFO] CrateSpawner: Processing ConfigUniqueID: 'DefaultDynamicEvent_Example1' (CrateType: 'BS_Hacked_Crate')
2025-11-11 14:18:55 [INFO] CrateSpawner: Skipping ConfigUniqueID 'DefaultDynamicEvent_Example1'. Players required: 1, Current: 0
2025-11-11 14:18:55 [INFO] OnCrateSpawnTickPeriodic - Management Tick finished. Next check in 3600 seconds.
2025-11-11 15:18:55 [INFO] --------------------------------------------------------------------------
2025-11-11 15:18:55 [INFO] OnCrateSpawnTickPeriodic - Management Tick received. Evaluating individual crate configs...
2025-11-11 15:18:55 [INFO] --------------------------------------------------------------------------
2025-11-11 15:18:55 [INFO] Config 'DefaultDynamicEvent_Example1' is due for a check. Processing...
2025-11-11 15:18:55 [INFO] CrateSpawner: Processing ConfigUniqueID: 'DefaultDynamicEvent_Example1' (CrateType: 'BS_Hacked_Crate')
2025-11-11 15:18:55 [INFO] CrateSpawner: Skipping ConfigUniqueID 'DefaultDynamicEvent_Example1'. Players required: 1, Current: 0
2025-11-11 15:18:55 [INFO] OnCrateSpawnTickPeriodic - Management Tick finished. Next check in 3600 seconds.
2025-11-11 16:18:55 [INFO] --------------------------------------------------------------------------
2025-11-11 16:18:55 [INFO] OnCrateSpawnTickPeriodic - Management Tick received. Evaluating individual crate configs...
2025-11-11 16:18:55 [INFO] --------------------------------------------------------------------------
2025-11-11 16:18:55 [INFO] Config 'DefaultDynamicEvent_Example1' is due for a check. Processing...
2025-11-11 16:18:55 [INFO] CrateSpawner: Processing ConfigUniqueID: 'DefaultDynamicEvent_Example1' (CrateType: 'BS_Hacked_Crate')
2025-11-11 16:18:55 [INFO] CrateSpawner: Skipping ConfigUniqueID 'DefaultDynamicEvent_Example1'. Players required: 1, Current: 0
2025-11-11 16:18:55 [INFO] OnCrateSpawnTickPeriodic - Management Tick finished. Next check in 3600 seconds.
2025-11-11 17:18:55 [INFO] --------------------------------------------------------------------------
2025-11-11 17:18:55 [INFO] OnCrateSpawnTickPeriodic - Management Tick received. Evaluating individual crate configs...
2025-11-11 17:18:55 [INFO] --------------------------------------------------------------------------
2025-11-11 17:18:55 [INFO] Config 'DefaultDynamicEvent_Example1' is due for a check. Processing...
2025-11-11 17:18:55 [INFO] CrateSpawner: Processing ConfigUniqueID: 'DefaultDynamicEvent_Example1' (CrateType: 'BS_Hacked_Crate')
2025-11-11 17:18:55 [INFO] CrateSpawner: Skipping ConfigUniqueID 'DefaultDynamicEvent_Example1'. Players required: 1, Current: 0
2025-11-11 17:18:55 [INFO] OnCrateSpawnTickPeriodic - Management Tick finished. Next check in 3600 seconds.
2025-11-11 18:18:55 [INFO] --------------------------------------------------------------------------
2025-11-11 18:18:55 [INFO] OnCrateSpawnTickPeriodic - Management Tick received. Evaluating individual crate configs...
2025-11-11 18:18:55 [INFO] --------------------------------------------------------------------------
2025-11-11 18:18:55 [INFO] Config 'DefaultDynamicEvent_Example1' is due for a check. Processing...
2025-11-11 18:18:55 [INFO] CrateSpawner: Processing ConfigUniqueID: 'DefaultDynamicEvent_Example1' (CrateType: 'BS_Hacked_Crate')
2025-11-11 18:18:55 [INFO] CrateSpawner: Skipping ConfigUniqueID 'DefaultDynamicEvent_Example1'. Players required: 1, Current: 0
2025-11-11 18:18:55 [INFO] OnCrateSpawnTickPeriodic - Management Tick finished. Next check in 3600 seconds.
2025-11-11 19:18:55 [INFO] --------------------------------------------------------------------------
2025-11-11 19:18:55 [INFO] OnCrateSpawnTickPeriodic - Management Tick received. Evaluating individual crate configs...
2025-11-11 19:18:55 [INFO] --------------------------------------------------------------------------
2025-11-11 19:18:55 [INFO] Config 'DefaultDynamicEvent_Example1' is due for a check. Processing...
2025-11-11 19:18:55 [INFO] CrateSpawner: Processing ConfigUniqueID: 'DefaultDynamicEvent_Example1' (CrateType: 'BS_Hacked_Crate')
2025-11-11 19:18:55 [INFO] CrateSpawner: Skipping ConfigUniqueID 'DefaultDynamicEvent_Example1'. Players required: 1, Current: 0
2025-11-11 19:18:55 [INFO] OnCrateSpawnTickPeriodic - Management Tick finished. Next check in 3600 seconds.
2025-11-11 20:18:55 [INFO] --------------------------------------------------------------------------
2025-11-11 20:18:55 [INFO] OnCrateSpawnTickPeriodic - Management Tick received. Evaluating individual crate configs...
2025-11-11 20:18:55 [INFO] --------------------------------------------------------------------------
2025-11-11 20:18:55 [INFO] Config 'DefaultDynamicEvent_Example1' is due for a check. Processing...
2025-11-11 20:18:55 [INFO] CrateSpawner: Processing ConfigUniqueID: 'DefaultDynamicEvent_Example1' (CrateType: 'BS_Hacked_Crate')
2025-11-11 20:18:55 [INFO] CrateSpawner: Skipping ConfigUniqueID 'DefaultDynamicEvent_Example1'. Players required: 1, Current: 0
2025-11-11 20:18:55 [INFO] OnCrateSpawnTickPeriodic - Management Tick finished. Next check in 3600 seconds.
2025-11-11 21:18:55 [INFO] --------------------------------------------------------------------------
2025-11-11 21:18:55 [INFO] OnCrateSpawnTickPeriodic - Management Tick received. Evaluating individual crate configs...
2025-11-11 21:18:55 [INFO] --------------------------------------------------------------------------
2025-11-11 21:18:55 [INFO] Config 'DefaultDynamicEvent_Example1' is due for a check. Processing...
2025-11-11 21:18:55 [INFO] CrateSpawner: Processing ConfigUniqueID: 'DefaultDynamicEvent_Example1' (CrateType: 'BS_Hacked_Crate')
2025-11-11 21:18:55 [INFO] CrateSpawner: Skipping ConfigUniqueID 'DefaultDynamicEvent_Example1'. Players required: 1, Current: 0
2025-11-11 21:18:55 [INFO] OnCrateSpawnTickPeriodic - Management Tick finished. Next check in 3600 seconds.
2025-11-11 22:18:55 [INFO] --------------------------------------------------------------------------
2025-11-11 22:18:55 [INFO] OnCrateSpawnTickPeriodic - Management Tick received. Evaluating individual crate configs...
2025-11-11 22:18:55 [INFO] --------------------------------------------------------------------------
2025-11-11 22:18:55 [INFO] Config 'DefaultDynamicEvent_Example1' is due for a check. Processing...
2025-11-11 22:18:55 [INFO] CrateSpawner: Processing ConfigUniqueID: 'DefaultDynamicEvent_Example1' (CrateType: 'BS_Hacked_Crate')
2025-11-11 22:18:55 [INFO] CrateSpawner: Skipping ConfigUniqueID 'DefaultDynamicEvent_Example1'. Players required: 1, Current: 0
2025-11-11 22:18:55 [INFO] OnCrateSpawnTickPeriodic - Management Tick finished. Next check in 3600 seconds.
2025-11-11 23:18:55 [INFO] --------------------------------------------------------------------------
2025-11-11 23:18:55 [INFO] OnCrateSpawnTickPeriodic - Management Tick received. Evaluating individual crate configs...
2025-11-11 23:18:55 [INFO] --------------------------------------------------------------------------
2025-11-11 23:18:55 [INFO] Config 'DefaultDynamicEvent_Example1' is due for a check. Processing...
2025-11-11 23:18:55 [INFO] CrateSpawner: Processing ConfigUniqueID: 'DefaultDynamicEvent_Example1' (CrateType: 'BS_Hacked_Crate')
2025-11-11 23:18:55 [INFO] CrateSpawner: Skipping ConfigUniqueID 'DefaultDynamicEvent_Example1'. Players required: 1, Current: 0
2025-11-11 23:18:55 [INFO] OnCrateSpawnTickPeriodic - Management Tick finished. Next check in 3600 seconds.
2025-11-12 00:18:55 [INFO] --------------------------------------------------------------------------
2025-11-12 00:18:55 [INFO] OnCrateSpawnTickPeriodic - Management Tick received. Evaluating individual crate configs...
2025-11-12 00:18:55 [INFO] --------------------------------------------------------------------------
2025-11-12 00:18:55 [INFO] Config 'DefaultDynamicEvent_Example1' is due for a check. Processing...
2025-11-12 00:18:55 [INFO] CrateSpawner: Processing ConfigUniqueID: 'DefaultDynamicEvent_Example1' (CrateType: 'BS_Hacked_Crate')
2025-11-12 00:18:55 [INFO] CrateSpawner: Skipping ConfigUniqueID 'DefaultDynamicEvent_Example1'. Players required: 1, Current: 0
2025-11-12 00:18:55 [INFO] OnCrateSpawnTickPeriodic - Management Tick finished. Next check in 3600 seconds.
2025-11-12 01:18:55 [INFO] --------------------------------------------------------------------------
2025-11-12 01:18:55 [INFO] OnCrateSpawnTickPeriodic - Management Tick received. Evaluating individual crate configs...
2025-11-12 01:18:55 [INFO] --------------------------------------------------------------------------
2025-11-12 01:18:55 [INFO] Config 'DefaultDynamicEvent_Example1' is due for a check. Processing...
2025-11-12 01:18:55 [INFO] CrateSpawner: Processing ConfigUniqueID: 'DefaultDynamicEvent_Example1' (CrateType: 'BS_Hacked_Crate')
2025-11-12 01:18:55 [INFO] CrateSpawner: Skipping ConfigUniqueID 'DefaultDynamicEvent_Example1'. Players required: 1, Current: 0
2025-11-12 01:18:55 [INFO] OnCrateSpawnTickPeriodic - Management Tick finished. Next check in 3600 seconds.
2025-11-12 02:18:55 [INFO] --------------------------------------------------------------------------
2025-11-12 02:18:55 [INFO] OnCrateSpawnTickPeriodic - Management Tick received. Evaluating individual crate configs...
2025-11-12 02:18:55 [INFO] --------------------------------------------------------------------------
2025-11-12 02:18:55 [INFO] Config 'DefaultDynamicEvent_Example1' is due for a check. Processing...
2025-11-12 02:18:55 [INFO] CrateSpawner: Processing ConfigUniqueID: 'DefaultDynamicEvent_Example1' (CrateType: 'BS_Hacked_Crate')
2025-11-12 02:18:55 [INFO] CrateSpawner: Skipping ConfigUniqueID 'DefaultDynamicEvent_Example1'. Players required: 1, Current: 0
2025-11-12 02:18:55 [INFO] OnCrateSpawnTickPeriodic - Management Tick finished. Next check in 3600 seconds.
2025-11-12 03:18:55 [INFO] --------------------------------------------------------------------------
2025-11-12 03:18:55 [INFO] OnCrateSpawnTickPeriodic - Management Tick received. Evaluating individual crate configs...
2025-11-12 03:18:55 [INFO] --------------------------------------------------------------------------
2025-11-12 03:18:55 [INFO] Config 'DefaultDynamicEvent_Example1' is due for a check. Processing...
2025-11-12 03:18:55 [INFO] CrateSpawner: Processing ConfigUniqueID: 'DefaultDynamicEvent_Example1' (CrateType: 'BS_Hacked_Crate')
2025-11-12 03:18:55 [INFO] CrateSpawner: Skipping ConfigUniqueID 'DefaultDynamicEvent_Example1'. Players required: 1, Current: 0
2025-11-12 03:18:55 [INFO] OnCrateSpawnTickPeriodic - Management Tick finished. Next check in 3600 seconds.
2025-11-12 04:18:55 [INFO] --------------------------------------------------------------------------
2025-11-12 04:18:55 [INFO] OnCrateSpawnTickPeriodic - Management Tick received. Evaluating individual crate configs...
2025-11-12 04:18:55 [INFO] --------------------------------------------------------------------------
2025-11-12 04:18:55 [INFO] Config 'DefaultDynamicEvent_Example1' is due for a check. Processing...
2025-11-12 04:18:55 [INFO] CrateSpawner: Processing ConfigUniqueID: 'DefaultDynamicEvent_Example1' (CrateType: 'BS_Hacked_Crate')
2025-11-12 04:18:55 [INFO] CrateSpawner: Skipping ConfigUniqueID 'DefaultDynamicEvent_Example1'. Players required: 1, Current: 0
2025-11-12 04:18:55 [INFO] OnCrateSpawnTickPeriodic - Management Tick finished. Next check in 3600 seconds.
2025-11-12 05:18:55 [INFO] --------------------------------------------------------------------------
2025-11-12 05:18:55 [INFO] OnCrateSpawnTickPeriodic - Management Tick received. Evaluating individual crate configs...
2025-11-12 05:18:55 [INFO] --------------------------------------------------------------------------
2025-11-12 05:18:55 [INFO] Config 'DefaultDynamicEvent_Example1' is due for a check. Processing...
2025-11-12 05:18:55 [INFO] CrateSpawner: Processing ConfigUniqueID: 'DefaultDynamicEvent_Example1' (CrateType: 'BS_Hacked_Crate')
2025-11-12 05:18:55 [INFO] CrateSpawner: Skipping ConfigUniqueID 'DefaultDynamicEvent_Example1'. Players required: 1, Current: 0
2025-11-12 05:18:55 [INFO] OnCrateSpawnTickPeriodic - Management Tick finished. Next check in 3600 seconds.
2025-11-12 06:18:55 [INFO] --------------------------------------------------------------------------
2025-11-12 06:18:55 [INFO] OnCrateSpawnTickPeriodic - Management Tick received. Evaluating individual crate configs...
2025-11-12 06:18:55 [INFO] --------------------------------------------------------------------------
2025-11-12 06:18:55 [INFO] Config 'DefaultDynamicEvent_Example1' is due for a check. Processing...
2025-11-12 06:18:55 [INFO] CrateSpawner: Processing ConfigUniqueID: 'DefaultDynamicEvent_Example1' (CrateType: 'BS_Hacked_Crate')
2025-11-12 06:18:55 [INFO] CrateSpawner: Skipping ConfigUniqueID 'DefaultDynamicEvent_Example1'. Players required: 1, Current: 0
2025-11-12 06:18:55 [INFO] OnCrateSpawnTickPeriodic - Management Tick finished. Next check in 3600 seconds.
2025-11-12 07:18:55 [INFO] --------------------------------------------------------------------------
2025-11-12 07:18:55 [INFO] OnCrateSpawnTickPeriodic - Management Tick received. Evaluating individual crate configs...
2025-11-12 07:18:55 [INFO] --------------------------------------------------------------------------
2025-11-12 07:18:55 [INFO] Config 'DefaultDynamicEvent_Example1' is due for a check. Processing...
2025-11-12 07:18:55 [INFO] CrateSpawner: Processing ConfigUniqueID: 'DefaultDynamicEvent_Example1' (CrateType: 'BS_Hacked_Crate')
2025-11-12 07:18:55 [INFO] CrateSpawner: Skipping ConfigUniqueID 'DefaultDynamicEvent_Example1'. Players required: 1, Current: 0
2025-11-12 07:18:55 [INFO] OnCrateSpawnTickPeriodic - Management Tick finished. Next check in 3600 seconds.
2025-11-12 08:18:55 [INFO] --------------------------------------------------------------------------
2025-11-12 08:18:55 [INFO] OnCrateSpawnTickPeriodic - Management Tick received. Evaluating individual crate configs...
2025-11-12 08:18:55 [INFO] --------------------------------------------------------------------------
2025-11-12 08:18:55 [INFO] Config 'DefaultDynamicEvent_Example1' is due for a check. Processing...
2025-11-12 08:18:55 [INFO] CrateSpawner: Processing ConfigUniqueID: 'DefaultDynamicEvent_Example1' (CrateType: 'BS_Hacked_Crate')
2025-11-12 08:18:55 [INFO] CrateSpawner: Skipping ConfigUniqueID 'DefaultDynamicEvent_Example1'. Players required: 1, Current: 0
2025-11-12 08:18:55 [INFO] OnCrateSpawnTickPeriodic - Management Tick finished. Next check in 3600 seconds.
2025-11-12 09:18:55 [INFO] --------------------------------------------------------------------------
2025-11-12 09:18:55 [INFO] OnCrateSpawnTickPeriodic - Management Tick received. Evaluating individual crate configs...
2025-11-12 09:18:55 [INFO] --------------------------------------------------------------------------
2025-11-12 09:18:55 [INFO] Config 'DefaultDynamicEvent_Example1' is due for a check. Processing...
2025-11-12 09:18:55 [INFO] CrateSpawner: Processing ConfigUniqueID: 'DefaultDynamicEvent_Example1' (CrateType: 'BS_Hacked_Crate')
2025-11-12 09:18:55 [INFO] CrateSpawner: Skipping ConfigUniqueID 'DefaultDynamicEvent_Example1'. Players required: 1, Current: 0
2025-11-12 09:18:55 [INFO] OnCrateSpawnTickPeriodic - Management Tick finished. Next check in 3600 seconds.
2025-11-12 09:29:32 [INFO] EEDelete called for BS_Hacked_Crate at <4553.689941, 317.975006, 8352.099609>
2025-11-12 09:29:32 [INFO] EXP_REMOVE_DEBUG: Attempting RemoveExpansionMapMarker. Context: EEDelete. Current UID: '' for BS_Hacked_Crate<3015185>
2025-11-12 09:29:32 [INFO] EXP_REMOVE_DEBUG: EXPANSIONMODNAVIGATION NOT defined. Cannot remove marker. Context: EEDelete for BS_Hacked_Crate<3015185>
2025-11-12 09:29:32 [INFO] BSHC_AG_DEBUG: BSHC_RemoveAdvancedGroupsMapMarker called.
2025-11-12 09:29:32 [INFO] BSHC_AG_DEBUG: Removing AG marker UID: 1785713919
2025-11-12 09:29:32 [INFO] BSHC_AG_DEBUG: AG marker UID 1785713919 successfully removed.
2025-11-12 09:29:32 [INFO] HackedCrate (BS_Hacked_Crate): Sending RPC Notification. Type: DESPAWN, Key: #STR_BSHC_Notification_Despawn_Located
2025-11-12 09:29:32 [INFO] EEDelete: Removed BS_Hacked_Crate from g_ActiveHackedCrates. Remaining count: 0
2025-11-12 10:18:55 [INFO] --------------------------------------------------------------------------
2025-11-12 10:18:55 [INFO] OnCrateSpawnTickPeriodic - Management Tick received. Evaluating individual crate configs...
2025-11-12 10:18:55 [INFO] --------------------------------------------------------------------------
2025-11-12 10:18:55 [INFO] Config 'DefaultDynamicEvent_Example1' is due for a check. Processing...
2025-11-12 10:18:55 [INFO] CrateSpawner: Processing ConfigUniqueID: 'DefaultDynamicEvent_Example1' (CrateType: 'BS_Hacked_Crate')
2025-11-12 10:18:55 [INFO] CrateSpawner: Skipping ConfigUniqueID 'DefaultDynamicEvent_Example1'. Players required: 1, Current: 0
2025-11-12 10:18:55 [INFO] OnCrateSpawnTickPeriodic - Management Tick finished. Next check in 3600 seconds.
2025-11-12 11:18:55 [INFO] --------------------------------------------------------------------------
2025-11-12 11:18:55 [INFO] OnCrateSpawnTickPeriodic - Management Tick received. Evaluating individual crate configs...
2025-11-12 11:18:55 [INFO] --------------------------------------------------------------------------
2025-11-12 11:18:55 [INFO] Config 'DefaultDynamicEvent_Example1' is due for a check. Processing...
2025-11-12 11:18:55 [INFO] CrateSpawner: Processing ConfigUniqueID: 'DefaultDynamicEvent_Example1' (CrateType: 'BS_Hacked_Crate')
2025-11-12 11:18:55 [INFO] CrateSpawner: Skipping ConfigUniqueID 'DefaultDynamicEvent_Example1'. Players required: 1, Current: 0
2025-11-12 11:18:55 [INFO] OnCrateSpawnTickPeriodic - Management Tick finished. Next check in 3600 seconds.
2025-11-12 12:18:55 [INFO] --------------------------------------------------------------------------
2025-11-12 12:18:55 [INFO] OnCrateSpawnTickPeriodic - Management Tick received. Evaluating individual crate configs...
2025-11-12 12:18:55 [INFO] --------------------------------------------------------------------------
2025-11-12 12:18:55 [INFO] Config 'DefaultDynamicEvent_Example1' is due for a check. Processing...
2025-11-12 12:18:55 [INFO] CrateSpawner: Processing ConfigUniqueID: 'DefaultDynamicEvent_Example1' (CrateType: 'BS_Hacked_Crate')
2025-11-12 12:18:55 [INFO] CrateSpawner: Skipping ConfigUniqueID 'DefaultDynamicEvent_Example1'. Players required: 1, Current: 0
2025-11-12 12:18:55 [INFO] OnCrateSpawnTickPeriodic - Management Tick finished. Next check in 3600 seconds.
2025-11-12 13:18:55 [INFO] --------------------------------------------------------------------------
2025-11-12 13:18:55 [INFO] OnCrateSpawnTickPeriodic - Management Tick received. Evaluating individual crate configs...
2025-11-12 13:18:55 [INFO] --------------------------------------------------------------------------
2025-11-12 13:18:55 [INFO] Config 'DefaultDynamicEvent_Example1' is due for a check. Processing...
2025-11-12 13:18:55 [INFO] CrateSpawner: Processing ConfigUniqueID: 'DefaultDynamicEvent_Example1' (CrateType: 'BS_Hacked_Crate')
2025-11-12 13:18:55 [INFO] CrateSpawner: Skipping ConfigUniqueID 'DefaultDynamicEvent_Example1'. Players required: 1, Current: 0
2025-11-12 13:18:55 [INFO] OnCrateSpawnTickPeriodic - Management Tick finished. Next check in 3600 seconds.
2025-11-12 14:18:55 [INFO] --------------------------------------------------------------------------
2025-11-12 14:18:55 [INFO] OnCrateSpawnTickPeriodic - Management Tick received. Evaluating individual crate configs...
2025-11-12 14:18:55 [INFO] --------------------------------------------------------------------------
2025-11-12 14:18:55 [INFO] Config 'DefaultDynamicEvent_Example1' is due for a check. Processing...
2025-11-12 14:18:55 [INFO] CrateSpawner: Processing ConfigUniqueID: 'DefaultDynamicEvent_Example1' (CrateType: 'BS_Hacked_Crate')
2025-11-12 14:18:55 [INFO] CrateSpawner: Skipping ConfigUniqueID 'DefaultDynamicEvent_Example1'. Players required: 1, Current: 0
2025-11-12 14:18:55 [INFO] OnCrateSpawnTickPeriodic - Management Tick finished. Next check in 3600 seconds.
2025-11-12 15:18:55 [INFO] --------------------------------------------------------------------------
2025-11-12 15:18:55 [INFO] OnCrateSpawnTickPeriodic - Management Tick received. Evaluating individual crate configs...
2025-11-12 15:18:55 [INFO] --------------------------------------------------------------------------
2025-11-12 15:18:55 [INFO] Config 'DefaultDynamicEvent_Example1' is due for a check. Processing...
2025-11-12 15:18:55 [INFO] CrateSpawner: Processing ConfigUniqueID: 'DefaultDynamicEvent_Example1' (CrateType: 'BS_Hacked_Crate')
2025-11-12 15:18:55 [INFO] CrateSpawner: Skipping ConfigUniqueID 'DefaultDynamicEvent_Example1'. Players required: 1, Current: 0
2025-11-12 15:18:55 [INFO] OnCrateSpawnTickPeriodic - Management Tick finished. Next check in 3600 seconds.
