2025-12-13 18:29:51 [INFO] OnInit - Initializing Bastardos Hacked Crates System...
2025-12-13 18:29:51 [INFO] OnInit - Loading Hacked Crate Loot Configuration (loot_pools.json)...
2025-12-13 18:29:51 [INFO] [BSHCLootPoolConfig] Found loot_pools.json at: $profile:\Bastardo_HC\loot_pools.json
2025-12-13 18:29:51 [INFO] [BSHCLootPoolConfig] JsonLoadFile executed. Loaded 1 categories defined in the root.
2025-12-13 18:29:51 [INFO] [BSHCLootPoolConfig] Category 'DefaultArmaments' has 0 loot pools.
2025-12-13 18:29:51 [INFO] OnInit - Hacked Crate Loot Configuration processed successfully.
2025-12-13 18:29:51 [INFO] OnInit - Loading Hacked Crate settings (global, static, dynamic)...
2025-12-13 18:29:51 [INFO] CrateManagement instance created with default grace period and tick interval.
2025-12-13 18:29:51 [INFO] [BSHCGlobalServerSettings] Loading from: $profile:\Bastardo_HC\BS_Global_settings.json
2025-12-13 18:29:51 [INFO] [BSHCGlobalServerSettings] Saving to: $profile:\Bastardo_HC\BS_Global_settings.json
2025-12-13 18:29:51 [INFO] [CrateConfigManager] Re-saved static_crates.json to include any new options.
2025-12-13 18:29:51 [INFO] [CrateConfigManager] Re-saved dynamic_crates.json to include any new options.
2025-12-13 18:29:51 [INFO] [CrateConfigManager] Static CrateManagement has been set.
2025-12-13 18:29:51 [INFO] CrateSpawner instance created.
2025-12-13 18:29:51 [INFO] [BSHCGlobalServerSettings] Loading from: $profile:\Bastardo_HC\BS_Global_settings.json
2025-12-13 18:29:51 [INFO] [BSHCGlobalServerSettings] Saving to: $profile:\Bastardo_HC\BS_Global_settings.json
2025-12-13 18:29:51 [INFO] OnInit - Global Dynamic Crate Limit set to: -1
2025-12-13 18:29:51 [INFO] OnInit - Crate Spawner created. Grace Period: 5 minutes. Periodic Tick: 3600 seconds.
2025-12-13 18:29:51 [INFO] OnInit - Bastardos Hacked Crates System Initialization sequence finished.
2025-12-13 18:29:55 [INFO] OnMissionStart - Server mission started. Scheduling Hacked Crate cleanup and initial spawn setup.
2025-12-13 18:29:55 [INFO] OnMissionStart - Immediate STATIC Crate spawn scheduled in 15 seconds.
2025-12-13 18:29:55 [INFO] OnMissionStart - Initial DYNAMIC Crate spawn scheduled in approx. 320 seconds.
2025-12-13 18:29:55 [INFO] OnMissionStart - Scheduling first PERIODIC Crate Spawn Tick in approx. 3600 seconds.
2025-12-13 18:30:10 [INFO] Inventory for BS_Hacked_Crate LOCKED. IsOpen: false LootAccessActionDone: false
2025-12-13 18:30:10 [INFO] OnStoreLoad: m_ConfigUniqueID_Persist set from storage to: 'DefaultStaticEvent_Example1' for BS_Hacked_Crate<2987057>
2025-12-13 18:30:10 [INFO] OnStoreLoad: FINISHED loading raw data into member variables for BS_Hacked_Crate<2987057>
2025-12-13 18:30:26 [INFO] DeferredEEInitLogic: START for BS_Hacked_Crate<2987057>. m_LoadedExpansionMarkerUID (should be from OnStoreLoad) is ''. Current m_ExpansionMarkerUID (active) is ''
2025-12-13 18:30:26 [INFO] GetCrateSettings: m_CrateSettings_Instance is NULL for BS_Hacked_Crate<2987057>. Calling AttemptToReacquireSettings().
2025-12-13 18:30:26 [INFO] HackedCrate_Base (BS_Hacked_Crate): Attempting to re-acquire CrateSettings. Persisted ConfigUniqueID is: 'DefaultStaticEvent_Example1'
2025-12-13 18:30:26 [INFO] HackedCrate_Base (BS_Hacked_Crate): Instance specific CrateSettings assigned. ConfigUniqueID: DefaultStaticEvent_Example1
2025-12-13 18:30:26 [INFO] HackedCrate_Base (BS_Hacked_Crate): Successfully re-acquired CrateSettings by persisted ConfigUniqueID 'DefaultStaticEvent_Example1'.
2025-12-13 18:30:26 [INFO] DeferredEEInitLogic: Settings acquired successfully for BS_Hacked_Crate<2987057>.
2025-12-13 18:30:26 [INFO] DeferredEEInitLogic: m_ExpansionMarkerUID is empty. Calling CreateExpansionMapMarker for BS_Hacked_Crate<2987057>.
2025-12-13 18:30:26 [INFO] EXP_DEBUG: Inside CreateExpansionMapMarker for BS_Hacked_Crate.UseExpansionMapMarker is true.
2025-12-13 18:30:26 [INFO] EXP_DEBUG: EXPANSIONMODNAVIGATION is NOT defined. No Expansion marker will be created.
2025-12-13 18:30:26 [INFO] DeferredEEInitLogic: AG DEBUG for BS_Hacked_Crate<2987057>
2025-12-13 18:30:26 [INFO] BSHC_AG_DEBUG: BSHC_CreateAdvancedGroupsMapMarker call.
2025-12-13 18:30:26 [INFO] BSHC_AG_DEBUG: Final Marker Name: '#STR_BSHC_HackedCrate_DisplayName'
2025-12-13 18:30:26 [INFO] BSHC_AG_DEBUG: Trying to create AG marker with name: #STR_BSHC_HackedCrate_DisplayName, Pos: <2471.820068, 193.177002, 5114.220215>, Icon: BS_HackedCrate/gui/iconcrate.paa, Color: -65536, ShowOnMap: true, ShowInWorld: true
2025-12-13 18:30:26 [INFO] BSHC_AG_DEBUG: LBStaticMarkerManager.Get is accessible.
2025-12-13 18:30:26 [INFO] BSHC_AG_DEBUG: Created AG marker (UID: 1226478217) for BS_Hacked_Crate
2025-12-13 18:30:26 [INFO] DeferredEEInitLogic: Final m_LootAccessActionDone for BS_Hacked_Crate<2987057> is: false
2025-12-13 18:30:26 [INFO] Inventory for BS_Hacked_Crate LOCKED. IsOpen: false LootAccessActionDone: false
2025-12-13 18:30:26 [INFO] DeferredEEInitLogic: FINISHED for BS_Hacked_Crate<2987057>
2025-12-13 18:30:26 [INFO] DeferredEEInitLogic: Re-added persistent crate BS_Hacked_Crate to g_ActiveHackedCrates list.
2025-12-13 18:30:50 [INFO] DeleteHackedCratesFromKnownLocations - Starting cleanup of Hacked Crates from KNOWN SPAWN LOCATIONS as defined in configurations...
2025-12-13 18:30:50 [INFO] DeleteHackedCratesFromKnownLocations - Deleting INACTIVE: BS_Hacked_Crate (ID: 2987057) found at configured spawn Pos: <2471.820068, 193.177002, 5114.220215> for CrateType BS_Hacked_Crate
2025-12-13 18:30:50 [INFO] EEDelete called for BS_Hacked_Crate at <2471.820068, 193.177002, 5114.220215>
2025-12-13 18:30:50 [INFO] EXP_REMOVE_DEBUG: Attempting RemoveExpansionMapMarker. Context: EEDelete. Current UID: '' for BS_Hacked_Crate<2987057>
2025-12-13 18:30:50 [INFO] EXP_REMOVE_DEBUG: EXPANSIONMODNAVIGATION NOT defined. Cannot remove marker. Context: EEDelete for BS_Hacked_Crate<2987057>
2025-12-13 18:30:50 [INFO] BSHC_AG_DEBUG: BSHC_RemoveAdvancedGroupsMapMarker called.
2025-12-13 18:30:50 [INFO] BSHC_AG_DEBUG: Removing AG marker UID: 1226478217
2025-12-13 18:30:50 [INFO] BSHC_AG_DEBUG: AG marker UID 1226478217 successfully removed.
2025-12-13 18:30:50 [INFO] HackedCrate (BS_Hacked_Crate): Sending RPC Notification. Type: DESPAWN, Key: #STR_BSHC_Notification_Despawn_Located
2025-12-13 18:30:50 [INFO] DeleteHackedCratesFromKnownLocations - Cleanup from known locations finished. Total inactive Hacked Crates (matching type and location) deleted: 1
2025-12-13 18:30:55 [INFO] PerformImmediateStaticSpawn - Calling CrateSpawner to setup STATIC Hacked Crates...
2025-12-13 18:30:55 [INFO] CrateSpawner: ------------- Starting IMMEDIATE STATIC Spawn Pass -------------
2025-12-13 18:30:55 [INFO] CrateSpawner: Processing IMMEDIATE STATIC for ConfigUniqueID: 'DefaultStaticEvent_Example1'.
2025-12-13 18:30:55 [INFO] SpawnStaticCrates: Processing 1 static locations for ConfigUniqueID: 'DefaultStaticEvent_Example1'.
2025-12-13 18:30:55 [INFO] SpawnStaticCrates: Location <2471.820068, 193.177002, 5114.220215> is free. Attempting to spawn crate.
2025-12-13 18:30:55 [INFO] Inventory for BS_Hacked_Crate LOCKED. IsOpen: false LootAccessActionDone: false
2025-12-13 18:30:55 [INFO] HackedCrate_Base (BS_Hacked_Crate): Instance specific CrateSettings assigned. ConfigUniqueID: DefaultStaticEvent_Example1
2025-12-13 18:30:55 [INFO] [SpawnAIAroundCrate] Spawning 1 AI(s) next to the crate.
2025-12-13 18:30:55 [INFO] [SpawnAIAroundCrate] Successfully spawned ZmbM_SoldierNormal at <2459.462158, 193.156067, 5103.855957>
2025-12-13 18:30:55 [INFO] CrateSpawner: ------------- Finished IMMEDIATE STATIC Spawn Pass -------------
2025-12-13 18:30:55 [INFO] DeferredEEInitLogic: START for BS_Hacked_Crate<3010130>. m_LoadedExpansionMarkerUID (should be from OnStoreLoad) is ''. Current m_ExpansionMarkerUID (active) is ''
2025-12-13 18:30:55 [INFO] DeferredEEInitLogic: Settings acquired successfully for BS_Hacked_Crate<3010130>.
2025-12-13 18:30:55 [INFO] DeferredEEInitLogic: m_ExpansionMarkerUID is empty. Calling CreateExpansionMapMarker for BS_Hacked_Crate<3010130>.
2025-12-13 18:30:55 [INFO] EXP_DEBUG: Inside CreateExpansionMapMarker for BS_Hacked_Crate.UseExpansionMapMarker is true.
2025-12-13 18:30:55 [INFO] EXP_DEBUG: EXPANSIONMODNAVIGATION is NOT defined. No Expansion marker will be created.
2025-12-13 18:30:55 [INFO] DeferredEEInitLogic: AG DEBUG for BS_Hacked_Crate<3010130>
2025-12-13 18:30:55 [INFO] BSHC_AG_DEBUG: BSHC_CreateAdvancedGroupsMapMarker call.
2025-12-13 18:30:55 [INFO] BSHC_AG_DEBUG: Final Marker Name: '#STR_BSHC_HackedCrate_DisplayName'
2025-12-13 18:30:55 [INFO] BSHC_AG_DEBUG: Trying to create AG marker with name: #STR_BSHC_HackedCrate_DisplayName, Pos: <2471.820068, 193.177002, 5114.220215>, Icon: BS_HackedCrate/gui/iconcrate.paa, Color: -65536, ShowOnMap: true, ShowInWorld: true
2025-12-13 18:30:55 [INFO] BSHC_AG_DEBUG: LBStaticMarkerManager.Get is accessible.
2025-12-13 18:30:55 [INFO] BSHC_AG_DEBUG: Created AG marker (UID: 619727470) for BS_Hacked_Crate
2025-12-13 18:30:55 [INFO] DeferredEEInitLogic: Final m_LootAccessActionDone for BS_Hacked_Crate<3010130> is: false
2025-12-13 18:30:55 [INFO] Inventory for BS_Hacked_Crate LOCKED. IsOpen: false LootAccessActionDone: false
2025-12-13 18:30:55 [INFO] DeferredEEInitLogic: FINISHED for BS_Hacked_Crate<3010130>
2025-12-13 18:36:00 [INFO] PerformInitialDynamicSpawn - Grace period ended. Calling CrateSpawner to setup initial DYNAMIC Hacked Crates...
2025-12-13 18:36:00 [INFO] CrateSpawner: ------------- Starting INITIAL DYNAMIC Spawn Pass (Post-Grace) -------------
2025-12-13 18:36:00 [INFO] CrateSpawner: Current server population for dynamic spawn: 1 players.
2025-12-13 18:36:00 [INFO] CrateSpawner: Processing DYNAMIC for ConfigUniqueID: 'DefaultDynamicEvent_Example1'.
2025-12-13 18:36:00 [INFO] CrateSpawner: Attempting to spawn 1 for ConfigUniqueID: 'DefaultDynamicEvent_Example1'.
2025-12-13 18:36:00 [INFO] SpawnRandomCrates: Attempting to spawn 1 of type 'BS_Hacked_Crate' with ConfigUniqueID 'DefaultDynamicEvent_Example1'.
2025-12-13 18:36:00 [INFO] SpawnRandomCrates: Shuffled list for 'DefaultDynamicEvent_Example1' is empty or non-existent. Regenerating and shuffling.
2025-12-13 18:36:00 [INFO] CrateSpawner: Sending spawn warning for 'BS_Hacked_Crate' at Airfield
2025-12-13 18:36:00 [INFO] CrateSpawner: Added to pending list for ConfigUniqueID 'DefaultDynamicEvent_Example1'. New pending count: 1
2025-12-13 18:36:00 [INFO] CrateSpawner: ------------- Finished INITIAL DYNAMIC Spawn Pass -------------
2025-12-13 18:46:00 [INFO] SpawnCrateAfterWarning: Timer finished. Spawning crate BS_Hacked_Crate. Removed from pending list. New pending count: 0
2025-12-13 18:46:00 [INFO] Inventory for BS_Hacked_Crate LOCKED. IsOpen: false LootAccessActionDone: false
2025-12-13 18:46:00 [INFO] HackedCrate_Base (BS_Hacked_Crate): Instance specific CrateSettings assigned. ConfigUniqueID: DefaultDynamicEvent_Example1
2025-12-13 18:46:00 [INFO] [SpawnAIAroundCrate] Spawning 2 AI(s) next to the crate.
2025-12-13 18:46:00 [INFO] [SpawnAIAroundCrate] Successfully spawned ZmbM_SoldierNormal at <4718.166016, 338.989990, 10350.001953>
2025-12-13 18:46:00 [INFO] [SpawnAIAroundCrate] Successfully spawned ZmbM_SoldierNormal at <4737.462402, 339.000000, 10327.354492>
2025-12-13 18:46:00 [INFO] DeferredEEInitLogic: START for BS_Hacked_Crate<3015704>. m_LoadedExpansionMarkerUID (should be from OnStoreLoad) is ''. Current m_ExpansionMarkerUID (active) is ''
2025-12-13 18:46:00 [INFO] DeferredEEInitLogic: Settings acquired successfully for BS_Hacked_Crate<3015704>.
2025-12-13 18:46:00 [INFO] DeferredEEInitLogic: AG DEBUG for BS_Hacked_Crate<3015704>
2025-12-13 18:46:00 [INFO] BSHC_AG_DEBUG: BSHC_CreateAdvancedGroupsMapMarker call.
2025-12-13 18:46:00 [INFO] BSHC_AG_DEBUG: Final Marker Name: '#STR_BSHC_HackedCrate_DisplayName'
2025-12-13 18:46:00 [INFO] BSHC_AG_DEBUG: Trying to create AG marker with name: #STR_BSHC_HackedCrate_DisplayName, Pos: <4732.430176, 338.968994, 10350.200195>, Icon: BS_HackedCrate/gui/iconcrate.paa, Color: -65536, ShowOnMap: true, ShowInWorld: true
2025-12-13 18:46:00 [INFO] BSHC_AG_DEBUG: LBStaticMarkerManager.Get is accessible.
2025-12-13 18:46:00 [INFO] BSHC_AG_DEBUG: Created AG marker (UID: 420623044) for BS_Hacked_Crate
2025-12-13 18:46:00 [INFO] DeferredEEInitLogic: Final m_LootAccessActionDone for BS_Hacked_Crate<3015704> is: false
2025-12-13 18:46:00 [INFO] Inventory for BS_Hacked_Crate LOCKED. IsOpen: false LootAccessActionDone: false
2025-12-13 18:46:00 [INFO] DeferredEEInitLogic: FINISHED for BS_Hacked_Crate<3015704>
2025-12-13 19:30:40 [INFO] --------------------------------------------------------------------------
2025-12-13 19:30:40 [INFO] OnCrateSpawnTickPeriodic - Management Tick received. Evaluating individual crate configs...
2025-12-13 19:30:40 [INFO] --------------------------------------------------------------------------
2025-12-13 19:30:40 [INFO] Config 'DefaultDynamicEvent_Example1' is due for a check. Processing...
2025-12-13 19:30:40 [INFO] CrateSpawner: Processing ConfigUniqueID: 'DefaultDynamicEvent_Example1' (CrateType: 'BS_Hacked_Crate')
2025-12-13 19:30:40 [INFO] CrateSpawner: Skipping ConfigUniqueID 'DefaultDynamicEvent_Example1'. Players required: 1, Current: 0
2025-12-13 19:30:40 [INFO] OnCrateSpawnTickPeriodic - Management Tick finished. Next check in 3600 seconds.
2025-12-13 20:30:40 [INFO] --------------------------------------------------------------------------
2025-12-13 20:30:40 [INFO] OnCrateSpawnTickPeriodic - Management Tick received. Evaluating individual crate configs...
2025-12-13 20:30:40 [INFO] --------------------------------------------------------------------------
2025-12-13 20:30:40 [INFO] Config 'DefaultDynamicEvent_Example1' is due for a check. Processing...
2025-12-13 20:30:40 [INFO] CrateSpawner: Processing ConfigUniqueID: 'DefaultDynamicEvent_Example1' (CrateType: 'BS_Hacked_Crate')
2025-12-13 20:30:40 [INFO] CrateSpawner: Skipping ConfigUniqueID 'DefaultDynamicEvent_Example1'. Players required: 1, Current: 0
2025-12-13 20:30:40 [INFO] OnCrateSpawnTickPeriodic - Management Tick finished. Next check in 3600 seconds.
2025-12-13 21:30:40 [INFO] --------------------------------------------------------------------------
2025-12-13 21:30:40 [INFO] OnCrateSpawnTickPeriodic - Management Tick received. Evaluating individual crate configs...
2025-12-13 21:30:40 [INFO] --------------------------------------------------------------------------
2025-12-13 21:30:40 [INFO] Config 'DefaultDynamicEvent_Example1' is due for a check. Processing...
2025-12-13 21:30:40 [INFO] CrateSpawner: Processing ConfigUniqueID: 'DefaultDynamicEvent_Example1' (CrateType: 'BS_Hacked_Crate')
2025-12-13 21:30:40 [INFO] CrateSpawner: Skipping ConfigUniqueID 'DefaultDynamicEvent_Example1'. Players required: 1, Current: 0
2025-12-13 21:30:40 [INFO] OnCrateSpawnTickPeriodic - Management Tick finished. Next check in 3600 seconds.
2025-12-13 22:30:40 [INFO] --------------------------------------------------------------------------
2025-12-13 22:30:40 [INFO] OnCrateSpawnTickPeriodic - Management Tick received. Evaluating individual crate configs...
2025-12-13 22:30:40 [INFO] --------------------------------------------------------------------------
2025-12-13 22:30:40 [INFO] Config 'DefaultDynamicEvent_Example1' is due for a check. Processing...
2025-12-13 22:30:40 [INFO] CrateSpawner: Processing ConfigUniqueID: 'DefaultDynamicEvent_Example1' (CrateType: 'BS_Hacked_Crate')
2025-12-13 22:30:40 [INFO] CrateSpawner: Skipping ConfigUniqueID 'DefaultDynamicEvent_Example1'. Players required: 1, Current: 0
2025-12-13 22:30:40 [INFO] OnCrateSpawnTickPeriodic - Management Tick finished. Next check in 3600 seconds.
2025-12-13 23:30:40 [INFO] --------------------------------------------------------------------------
2025-12-13 23:30:40 [INFO] OnCrateSpawnTickPeriodic - Management Tick received. Evaluating individual crate configs...
2025-12-13 23:30:40 [INFO] --------------------------------------------------------------------------
2025-12-13 23:30:40 [INFO] Config 'DefaultDynamicEvent_Example1' is due for a check. Processing...
2025-12-13 23:30:40 [INFO] CrateSpawner: Processing ConfigUniqueID: 'DefaultDynamicEvent_Example1' (CrateType: 'BS_Hacked_Crate')
2025-12-13 23:30:40 [INFO] CrateSpawner: Skipping ConfigUniqueID 'DefaultDynamicEvent_Example1'. Players required: 1, Current: 0
2025-12-13 23:30:40 [INFO] OnCrateSpawnTickPeriodic - Management Tick finished. Next check in 3600 seconds.
2025-12-13 23:54:51 [INFO] BSHC_AG_DEBUG: BSHC_RemoveAdvancedGroupsMapMarker called.
2025-12-13 23:54:51 [INFO] BSHC_AG_DEBUG: Removing AG marker UID: 619727470
2025-12-13 23:54:51 [INFO] BSHC_AG_DEBUG: AG marker UID 619727470 successfully removed.
2025-12-13 23:54:51 [INFO] HackedCrate (BS_Hacked_Crate): Sending RPC Notification. Type: START, Key: #STR_BSHC_Notification_Start_Located
2025-12-13 23:56:18 [INFO] BSHC_AG_DEBUG: BSHC_RemoveAdvancedGroupsMapMarker called.
2025-12-13 23:56:18 [INFO] BSHC_AG_DEBUG: Removing AG marker UID: 2032398928
2025-12-13 23:56:18 [INFO] BSHC_AG_DEBUG: AG marker UID 2032398928 successfully removed.
2025-12-13 23:57:48 [INFO] BSHC_AG_DEBUG: BSHC_RemoveAdvancedGroupsMapMarker called.
2025-12-13 23:57:48 [INFO] BSHC_AG_DEBUG: Removing AG marker UID: 608192783
2025-12-13 23:57:48 [INFO] BSHC_AG_DEBUG: AG marker UID 608192783 successfully removed.
2025-12-13 23:59:18 [INFO] BSHC_AG_DEBUG: BSHC_RemoveAdvancedGroupsMapMarker called.
2025-12-13 23:59:18 [INFO] BSHC_AG_DEBUG: Removing AG marker UID: 722753196
2025-12-13 23:59:18 [INFO] BSHC_AG_DEBUG: AG marker UID 722753196 successfully removed.
2025-12-14 00:00:49 [INFO] BSHC_AG_DEBUG: BSHC_RemoveAdvancedGroupsMapMarker called.
2025-12-14 00:00:49 [INFO] BSHC_AG_DEBUG: Removing AG marker UID: 353381063
2025-12-14 00:00:49 [INFO] BSHC_AG_DEBUG: AG marker UID 353381063 successfully removed.
2025-12-14 00:02:19 [INFO] BSHC_AG_DEBUG: BSHC_RemoveAdvancedGroupsMapMarker called.
2025-12-14 00:02:19 [INFO] BSHC_AG_DEBUG: Removing AG marker UID: 1318886789
2025-12-14 00:02:19 [INFO] BSHC_AG_DEBUG: AG marker UID 1318886789 successfully removed.
2025-12-14 00:03:49 [INFO] BSHC_AG_DEBUG: BSHC_RemoveAdvancedGroupsMapMarker called.
2025-12-14 00:03:49 [INFO] BSHC_AG_DEBUG: Removing AG marker UID: 1396418235
2025-12-14 00:03:49 [INFO] BSHC_AG_DEBUG: AG marker UID 1396418235 successfully removed.
2025-12-14 00:05:19 [INFO] BSHC_AG_DEBUG: BSHC_RemoveAdvancedGroupsMapMarker called.
2025-12-14 00:05:19 [INFO] BSHC_AG_DEBUG: Removing AG marker UID: 358493026
2025-12-14 00:05:19 [INFO] BSHC_AG_DEBUG: AG marker UID 358493026 successfully removed.
2025-12-14 00:06:49 [INFO] BSHC_AG_DEBUG: BSHC_RemoveAdvancedGroupsMapMarker called.
2025-12-14 00:06:49 [INFO] BSHC_AG_DEBUG: Removing AG marker UID: 129241123
2025-12-14 00:06:49 [INFO] BSHC_AG_DEBUG: AG marker UID 129241123 successfully removed.
2025-12-14 00:08:19 [INFO] BSHC_AG_DEBUG: BSHC_RemoveAdvancedGroupsMapMarker called.
2025-12-14 00:08:19 [INFO] BSHC_AG_DEBUG: Removing AG marker UID: 2039673646
2025-12-14 00:08:19 [INFO] BSHC_AG_DEBUG: AG marker UID 2039673646 successfully removed.
2025-12-14 00:09:49 [INFO] BSHC_AG_DEBUG: BSHC_RemoveAdvancedGroupsMapMarker called.
2025-12-14 00:09:49 [INFO] BSHC_AG_DEBUG: Removing AG marker UID: 1637729129
2025-12-14 00:09:49 [INFO] BSHC_AG_DEBUG: AG marker UID 1637729129 successfully removed.
2025-12-14 00:09:53 [INFO] BSHC_AG_DEBUG: BSHC_RemoveAdvancedGroupsMapMarker called.
2025-12-14 00:09:53 [INFO] BSHC_AG_DEBUG: Removing AG marker UID: 360590242
2025-12-14 00:09:53 [INFO] BSHC_AG_DEBUG: AG marker UID 360590242 successfully removed.
2025-12-14 00:09:53 [INFO] Inventory for BS_Hacked_Crate LOCKED. IsOpen: true LootAccessActionDone: false
2025-12-14 00:09:53 [INFO] HandlePostLootTimersAndDespawn (BS_Hacked_Crate): Advanced Groups marker (UID: 117640899) will be handled by EEDelete or specific despawn logic.
2025-12-14 00:09:53 [INFO] HandlePostLootTimersAndDespawn (BS_Hacked_Crate): Scheduling auto-despawn in 1800s (30 minutes).
2025-12-14 00:09:53 [INFO] StartAutoDespawnTimer: Auto-despawn timer started for BS_Hacked_Crate<c895b170>. Will delete in 1800s.
2025-12-14 00:09:53 [INFO] HackedCrate (BS_Hacked_Crate): Sending RPC Notification. Type: END, Key: #STR_BSHC_Notification_End_Located
2025-12-14 00:09:53 [INFO] Hack finished: BS_Hacked_Crate at <2471.820068, 193.177002, 5114.220215>
2025-12-14 00:30:40 [INFO] --------------------------------------------------------------------------
2025-12-14 00:30:40 [INFO] OnCrateSpawnTickPeriodic - Management Tick received. Evaluating individual crate configs...
2025-12-14 00:30:40 [INFO] --------------------------------------------------------------------------
2025-12-14 00:30:40 [INFO] Config 'DefaultDynamicEvent_Example1' is due for a check. Processing...
2025-12-14 00:30:40 [INFO] CrateSpawner: Processing ConfigUniqueID: 'DefaultDynamicEvent_Example1' (CrateType: 'BS_Hacked_Crate')
2025-12-14 00:30:40 [INFO] CrateSpawner: Skipping ConfigUniqueID 'DefaultDynamicEvent_Example1'. Players required: 1, Current: 0
2025-12-14 00:30:40 [INFO] OnCrateSpawnTickPeriodic - Management Tick finished. Next check in 3600 seconds.
2025-12-14 00:40:20 [INFO] DeleteCrateScheduled: Auto-despawn timer finished for BS_Hacked_Crate<c895b170>. Deleting crate now.
2025-12-14 00:40:20 [INFO] EXP_REMOVE_DEBUG: Attempting RemoveExpansionMapMarker. Context: UnknownContext. Current UID: '' for BS_Hacked_Crate<3010130>
2025-12-14 00:40:20 [INFO] EXP_REMOVE_DEBUG: EXPANSIONMODNAVIGATION NOT defined. Cannot remove marker. Context: UnknownContext for BS_Hacked_Crate<3010130>
2025-12-14 00:40:20 [INFO] EEDelete called for BS_Hacked_Crate at <2471.820068, 193.177002, 5114.220215>
2025-12-14 00:40:20 [INFO] EXP_REMOVE_DEBUG: Attempting RemoveExpansionMapMarker. Context: EEDelete. Current UID: '' for BS_Hacked_Crate<3010130>
2025-12-14 00:40:20 [INFO] EXP_REMOVE_DEBUG: EXPANSIONMODNAVIGATION NOT defined. Cannot remove marker. Context: EEDelete for BS_Hacked_Crate<3010130>
2025-12-14 00:40:20 [INFO] BSHC_AG_DEBUG: BSHC_RemoveAdvancedGroupsMapMarker called.
2025-12-14 00:40:20 [INFO] BSHC_AG_DEBUG: Removing AG marker UID: 117640899
2025-12-14 00:40:20 [INFO] BSHC_AG_DEBUG: AG marker UID 117640899 successfully removed.
2025-12-14 00:40:20 [INFO] EEDelete: Cleaning up 1 AI entities linked to this crate.
2025-12-14 00:40:20 [INFO] HackedCrate (BS_Hacked_Crate): Sending RPC Notification. Type: DESPAWN, Key: #STR_BSHC_Notification_Despawn_Located
2025-12-14 01:30:40 [INFO] --------------------------------------------------------------------------
2025-12-14 01:30:40 [INFO] OnCrateSpawnTickPeriodic - Management Tick received. Evaluating individual crate configs...
2025-12-14 01:30:40 [INFO] --------------------------------------------------------------------------
2025-12-14 01:30:40 [INFO] Config 'DefaultDynamicEvent_Example1' is due for a check. Processing...
2025-12-14 01:30:40 [INFO] CrateSpawner: Processing ConfigUniqueID: 'DefaultDynamicEvent_Example1' (CrateType: 'BS_Hacked_Crate')
2025-12-14 01:30:40 [INFO] CrateSpawner: Skipping ConfigUniqueID 'DefaultDynamicEvent_Example1'. Players required: 1, Current: 0
2025-12-14 01:30:40 [INFO] OnCrateSpawnTickPeriodic - Management Tick finished. Next check in 3600 seconds.
2025-12-14 02:30:40 [INFO] --------------------------------------------------------------------------
2025-12-14 02:30:40 [INFO] OnCrateSpawnTickPeriodic - Management Tick received. Evaluating individual crate configs...
2025-12-14 02:30:40 [INFO] --------------------------------------------------------------------------
2025-12-14 02:30:40 [INFO] Config 'DefaultDynamicEvent_Example1' is due for a check. Processing...
2025-12-14 02:30:40 [INFO] CrateSpawner: Processing ConfigUniqueID: 'DefaultDynamicEvent_Example1' (CrateType: 'BS_Hacked_Crate')
2025-12-14 02:30:40 [INFO] CrateSpawner: Skipping ConfigUniqueID 'DefaultDynamicEvent_Example1'. Players required: 1, Current: 0
2025-12-14 02:30:40 [INFO] OnCrateSpawnTickPeriodic - Management Tick finished. Next check in 3600 seconds.
2025-12-14 03:30:40 [INFO] --------------------------------------------------------------------------
2025-12-14 03:30:40 [INFO] OnCrateSpawnTickPeriodic - Management Tick received. Evaluating individual crate configs...
2025-12-14 03:30:40 [INFO] --------------------------------------------------------------------------
2025-12-14 03:30:40 [INFO] Config 'DefaultDynamicEvent_Example1' is due for a check. Processing...
2025-12-14 03:30:40 [INFO] CrateSpawner: Processing ConfigUniqueID: 'DefaultDynamicEvent_Example1' (CrateType: 'BS_Hacked_Crate')
2025-12-14 03:30:40 [INFO] CrateSpawner: Skipping ConfigUniqueID 'DefaultDynamicEvent_Example1'. Players required: 1, Current: 0
2025-12-14 03:30:40 [INFO] OnCrateSpawnTickPeriodic - Management Tick finished. Next check in 3600 seconds.
2025-12-14 04:30:40 [INFO] --------------------------------------------------------------------------
2025-12-14 04:30:40 [INFO] OnCrateSpawnTickPeriodic - Management Tick received. Evaluating individual crate configs...
2025-12-14 04:30:40 [INFO] --------------------------------------------------------------------------
2025-12-14 04:30:40 [INFO] Config 'DefaultDynamicEvent_Example1' is due for a check. Processing...
2025-12-14 04:30:40 [INFO] CrateSpawner: Processing ConfigUniqueID: 'DefaultDynamicEvent_Example1' (CrateType: 'BS_Hacked_Crate')
2025-12-14 04:30:40 [INFO] CrateSpawner: Skipping ConfigUniqueID 'DefaultDynamicEvent_Example1'. Players required: 1, Current: 0
2025-12-14 04:30:40 [INFO] OnCrateSpawnTickPeriodic - Management Tick finished. Next check in 3600 seconds.
2025-12-14 05:30:40 [INFO] --------------------------------------------------------------------------
2025-12-14 05:30:40 [INFO] OnCrateSpawnTickPeriodic - Management Tick received. Evaluating individual crate configs...
2025-12-14 05:30:40 [INFO] --------------------------------------------------------------------------
2025-12-14 05:30:40 [INFO] Config 'DefaultDynamicEvent_Example1' is due for a check. Processing...
2025-12-14 05:30:40 [INFO] CrateSpawner: Processing ConfigUniqueID: 'DefaultDynamicEvent_Example1' (CrateType: 'BS_Hacked_Crate')
2025-12-14 05:30:40 [INFO] CrateSpawner: Skipping ConfigUniqueID 'DefaultDynamicEvent_Example1'. Players required: 1, Current: 0
2025-12-14 05:30:40 [INFO] OnCrateSpawnTickPeriodic - Management Tick finished. Next check in 3600 seconds.
