2025-11-11 02:47:45 [INFO] OnInit - Initializing Bastardos Hacked Crates System...
2025-11-11 02:47:45 [INFO] OnInit - Loading Hacked Crate Loot Configuration (loot_pools.json)...
2025-11-11 02:47:45 [INFO] [BSHCLootPoolConfig] Found loot_pools.json at: $profile:\Bastardo_HC\loot_pools.json
2025-11-11 02:47:45 [INFO] [BSHCLootPoolConfig] JsonLoadFile executed. Loaded 2 categories defined in the root.
2025-11-11 02:47:45 [INFO] [BSHCLootPoolConfig] Category 'DefaultArmaments' has 1 loot pools.
2025-11-11 02:47:45 [INFO] [BSHCLootPoolConfig] Category 'DefaultMedical' has 1 loot pools.
2025-11-11 02:47:45 [INFO] OnInit - Hacked Crate Loot Configuration processed successfully.
2025-11-11 02:47:45 [INFO] OnInit - Loading Hacked Crate settings (global, static, dynamic)...
2025-11-11 02:47:45 [INFO] CrateManagement instance created with default grace period and tick interval.
2025-11-11 02:47:45 [INFO] [BSHCGlobalServerSettings] Loading from: $profile:\Bastardo_HC\BS_Global_settings.json
2025-11-11 02:47:45 [INFO] [CrateConfigManager] Re-saved static_crates.json to include any new options.
2025-11-11 02:47:45 [INFO] [CrateConfigManager] Re-saved dynamic_crates.json to include any new options.
2025-11-11 02:47:45 [INFO] [CrateConfigManager] Static CrateManagement has been set.
2025-11-11 02:47:45 [INFO] CrateSpawner instance created.
2025-11-11 02:47:45 [INFO] OnInit - Crate Spawner created. Grace Period: 5 minutes. Periodic Tick: 3600 seconds.
2025-11-11 02:47:45 [INFO] OnInit - Bastardos Hacked Crates System Initialization sequence finished.
2025-11-11 02:47:52 [INFO] OnMissionStart - Server mission started. Scheduling Hacked Crate cleanup and initial spawn setup.
2025-11-11 02:47:52 [INFO] OnMissionStart - Immediate STATIC Crate spawn scheduled in 15 seconds.
2025-11-11 02:47:52 [INFO] OnMissionStart - Initial DYNAMIC Crate spawn scheduled in approx. 320 seconds.
2025-11-11 02:47:52 [INFO] OnMissionStart - Scheduling first PERIODIC Crate Spawn Tick in approx. 3600 seconds.
2025-11-11 02:48:07 [INFO] Inventory for BS_Hacked_Crate LOCKED. IsOpen: false LootAccessActionDone: false
2025-11-11 02:48:07 [INFO] OnStoreLoad: m_ConfigUniqueID_Persist set from storage to: 'DefaultStaticEvent_Example1' for BS_Hacked_Crate<2988121>
2025-11-11 02:48:07 [INFO] OnStoreLoad: FINISHED loading raw data into member variables for BS_Hacked_Crate<2988121>
2025-11-11 02:48:09 [INFO] Inventory for BS_Hacked_Crate LOCKED. IsOpen: false LootAccessActionDone: false
2025-11-11 02:48:09 [INFO] OnStoreLoad: m_ConfigUniqueID_Persist set from storage to: 'DefaultDynamicEvent_Example1' for BS_Hacked_Crate<2993036>
2025-11-11 02:48:09 [INFO] OnStoreLoad: FINISHED loading raw data into member variables for BS_Hacked_Crate<2993036>
2025-11-11 02:48:09 [INFO] Inventory for BS_Hacked_Crate LOCKED. IsOpen: false LootAccessActionDone: false
2025-11-11 02:48:09 [INFO] OnStoreLoad: m_ConfigUniqueID_Persist set from storage to: 'DefaultDynamicEvent_Example1' for BS_Hacked_Crate<2993197>
2025-11-11 02:48:09 [INFO] OnStoreLoad: FINISHED loading raw data into member variables for BS_Hacked_Crate<2993197>
2025-11-11 02:48:23 [INFO] DeferredEEInitLogic: START for BS_Hacked_Crate<2988121>. m_LoadedExpansionMarkerUID (should be from OnStoreLoad) is ''. Current m_ExpansionMarkerUID (active) is ''
2025-11-11 02:48:23 [INFO] GetCrateSettings: m_CrateSettings_Instance is NULL for BS_Hacked_Crate<2988121>. Calling AttemptToReacquireSettings().
2025-11-11 02:48:23 [INFO] HackedCrate_Base (BS_Hacked_Crate): Attempting to re-acquire CrateSettings. Persisted ConfigUniqueID is: 'DefaultStaticEvent_Example1'
2025-11-11 02:48:23 [INFO] HackedCrate_Base (BS_Hacked_Crate): Instance specific CrateSettings assigned. ConfigUniqueID: DefaultStaticEvent_Example1
2025-11-11 02:48:23 [INFO] HackedCrate_Base (BS_Hacked_Crate): Successfully re-acquired CrateSettings by persisted ConfigUniqueID 'DefaultStaticEvent_Example1'.
2025-11-11 02:48:23 [INFO] DeferredEEInitLogic: Settings acquired successfully for BS_Hacked_Crate<2988121>.
2025-11-11 02:48:23 [INFO] DeferredEEInitLogic: m_ExpansionMarkerUID is empty. Calling CreateExpansionMapMarker for BS_Hacked_Crate<2988121>.
2025-11-11 02:48:23 [INFO] EXP_DEBUG: Inside CreateExpansionMapMarker for BS_Hacked_Crate.UseExpansionMapMarker is true.
2025-11-11 02:48:23 [INFO] EXP_DEBUG: EXPANSIONMODNAVIGATION is NOT defined. No Expansion marker will be created.
2025-11-11 02:48:23 [INFO] DeferredEEInitLogic: AG DEBUG for BS_Hacked_Crate<2988121>
2025-11-11 02:48:23 [INFO] BSHC_AG_DEBUG: BSHC_CreateAdvancedGroupsMapMarker call.
2025-11-11 02:48:23 [INFO] BSHC_AG_DEBUG: Final Marker Name: '#STR_BSHC_HackedCrate_DisplayName'
2025-11-11 02:48:23 [INFO] BSHC_AG_DEBUG: Trying to create AG marker with name: #STR_BSHC_HackedCrate_DisplayName, Pos: <2471.820068, 193.177002, 5114.220215>, Icon: BS_HackedCrate/gui/iconcrate.paa, Color: -65536, ShowOnMap: true, ShowInWorld: true
2025-11-11 02:48:23 [INFO] BSHC_AG_DEBUG: LBStaticMarkerManager.Get is accessible.
2025-11-11 02:48:23 [INFO] BSHC_AG_DEBUG: Created AG marker (UID: 1226019451) for BS_Hacked_Crate
2025-11-11 02:48:23 [INFO] DeferredEEInitLogic: Final m_LootAccessActionDone for BS_Hacked_Crate<2988121> is: false
2025-11-11 02:48:23 [INFO] Inventory for BS_Hacked_Crate LOCKED. IsOpen: false LootAccessActionDone: false
2025-11-11 02:48:23 [INFO] DeferredEEInitLogic: FINISHED for BS_Hacked_Crate<2988121>
2025-11-11 02:48:23 [INFO] DeferredEEInitLogic: Re-added persistent crate BS_Hacked_Crate to g_ActiveHackedCrates list.
2025-11-11 02:48:23 [INFO] DeferredEEInitLogic: START for BS_Hacked_Crate<2993036>. m_LoadedExpansionMarkerUID (should be from OnStoreLoad) is ''. Current m_ExpansionMarkerUID (active) is ''
2025-11-11 02:48:23 [INFO] GetCrateSettings: m_CrateSettings_Instance is NULL for BS_Hacked_Crate<2993036>. Calling AttemptToReacquireSettings().
2025-11-11 02:48:23 [INFO] HackedCrate_Base (BS_Hacked_Crate): Attempting to re-acquire CrateSettings. Persisted ConfigUniqueID is: 'DefaultDynamicEvent_Example1'
2025-11-11 02:48:23 [INFO] HackedCrate_Base (BS_Hacked_Crate): Instance specific CrateSettings assigned. ConfigUniqueID: DefaultDynamicEvent_Example1
2025-11-11 02:48:23 [INFO] HackedCrate_Base (BS_Hacked_Crate): Successfully re-acquired CrateSettings by persisted ConfigUniqueID 'DefaultDynamicEvent_Example1'.
2025-11-11 02:48:23 [INFO] DeferredEEInitLogic: Settings acquired successfully for BS_Hacked_Crate<2993036>.
2025-11-11 02:48:23 [INFO] DeferredEEInitLogic: m_ExpansionMarkerUID is empty. Calling CreateExpansionMapMarker for BS_Hacked_Crate<2993036>.
2025-11-11 02:48:23 [INFO] EXP_DEBUG: Inside CreateExpansionMapMarker for BS_Hacked_Crate.UseExpansionMapMarker is true.
2025-11-11 02:48:23 [INFO] EXP_DEBUG: EXPANSIONMODNAVIGATION is NOT defined. No Expansion marker will be created.
2025-11-11 02:48:23 [INFO] DeferredEEInitLogic: AG DEBUG for BS_Hacked_Crate<2993036>
2025-11-11 02:48:23 [INFO] BSHC_AG_DEBUG: BSHC_CreateAdvancedGroupsMapMarker call.
2025-11-11 02:48:23 [INFO] BSHC_AG_DEBUG: Final Marker Name: '#STR_BSHC_HackedCrate_DisplayName'
2025-11-11 02:48:23 [INFO] BSHC_AG_DEBUG: Trying to create AG marker with name: #STR_BSHC_HackedCrate_DisplayName, Pos: <4732.430176, 338.968994, 10350.200195>, Icon: BS_HackedCrate/gui/iconcrate.paa, Color: -65536, ShowOnMap: true, ShowInWorld: true
2025-11-11 02:48:23 [INFO] BSHC_AG_DEBUG: LBStaticMarkerManager.Get is accessible.
2025-11-11 02:48:23 [INFO] BSHC_AG_DEBUG: Created AG marker (UID: 1877532649) for BS_Hacked_Crate
2025-11-11 02:48:23 [INFO] DeferredEEInitLogic: Final m_LootAccessActionDone for BS_Hacked_Crate<2993036> is: false
2025-11-11 02:48:23 [INFO] Inventory for BS_Hacked_Crate LOCKED. IsOpen: false LootAccessActionDone: false
2025-11-11 02:48:23 [INFO] DeferredEEInitLogic: FINISHED for BS_Hacked_Crate<2993036>
2025-11-11 02:48:23 [INFO] DeferredEEInitLogic: Re-added persistent crate BS_Hacked_Crate to g_ActiveHackedCrates list.
2025-11-11 02:48:23 [INFO] DeferredEEInitLogic: START for BS_Hacked_Crate<2993197>. m_LoadedExpansionMarkerUID (should be from OnStoreLoad) is ''. Current m_ExpansionMarkerUID (active) is ''
2025-11-11 02:48:23 [INFO] GetCrateSettings: m_CrateSettings_Instance is NULL for BS_Hacked_Crate<2993197>. Calling AttemptToReacquireSettings().
2025-11-11 02:48:23 [INFO] HackedCrate_Base (BS_Hacked_Crate): Attempting to re-acquire CrateSettings. Persisted ConfigUniqueID is: 'DefaultDynamicEvent_Example1'
2025-11-11 02:48:23 [INFO] HackedCrate_Base (BS_Hacked_Crate): Instance specific CrateSettings assigned. ConfigUniqueID: DefaultDynamicEvent_Example1
2025-11-11 02:48:23 [INFO] HackedCrate_Base (BS_Hacked_Crate): Successfully re-acquired CrateSettings by persisted ConfigUniqueID 'DefaultDynamicEvent_Example1'.
2025-11-11 02:48:23 [INFO] DeferredEEInitLogic: Settings acquired successfully for BS_Hacked_Crate<2993197>.
2025-11-11 02:48:23 [INFO] DeferredEEInitLogic: m_ExpansionMarkerUID is empty. Calling CreateExpansionMapMarker for BS_Hacked_Crate<2993197>.
2025-11-11 02:48:23 [INFO] EXP_DEBUG: Inside CreateExpansionMapMarker for BS_Hacked_Crate.UseExpansionMapMarker is true.
2025-11-11 02:48:23 [INFO] EXP_DEBUG: EXPANSIONMODNAVIGATION is NOT defined. No Expansion marker will be created.
2025-11-11 02:48:23 [INFO] DeferredEEInitLogic: AG DEBUG for BS_Hacked_Crate<2993197>
2025-11-11 02:48:23 [INFO] BSHC_AG_DEBUG: BSHC_CreateAdvancedGroupsMapMarker call.
2025-11-11 02:48:23 [INFO] BSHC_AG_DEBUG: Final Marker Name: '#STR_BSHC_HackedCrate_DisplayName'
2025-11-11 02:48:23 [INFO] BSHC_AG_DEBUG: Trying to create AG marker with name: #STR_BSHC_HackedCrate_DisplayName, Pos: <4553.689941, 317.975006, 8352.099609>, Icon: BS_HackedCrate/gui/iconcrate.paa, Color: -65536, ShowOnMap: true, ShowInWorld: true
2025-11-11 02:48:23 [INFO] BSHC_AG_DEBUG: LBStaticMarkerManager.Get is accessible.
2025-11-11 02:48:23 [INFO] BSHC_AG_DEBUG: Created AG marker (UID: 876243178) for BS_Hacked_Crate
2025-11-11 02:48:23 [INFO] DeferredEEInitLogic: Final m_LootAccessActionDone for BS_Hacked_Crate<2993197> is: false
2025-11-11 02:48:23 [INFO] Inventory for BS_Hacked_Crate LOCKED. IsOpen: false LootAccessActionDone: false
2025-11-11 02:48:23 [INFO] DeferredEEInitLogic: FINISHED for BS_Hacked_Crate<2993197>
2025-11-11 02:48:23 [INFO] DeferredEEInitLogic: Re-added persistent crate BS_Hacked_Crate to g_ActiveHackedCrates list.
2025-11-11 02:48:56 [INFO] DeleteHackedCratesFromKnownLocations - Starting cleanup of Hacked Crates from KNOWN SPAWN LOCATIONS as defined in configurations...
2025-11-11 02:48:56 [INFO] DeleteHackedCratesFromKnownLocations - Deleting INACTIVE: BS_Hacked_Crate (ID: 2988121) found at configured spawn Pos: <2471.820068, 193.177002, 5114.220215> for CrateType BS_Hacked_Crate
2025-11-11 02:48:56 [INFO] EEDelete called for BS_Hacked_Crate at <2471.820068, 193.177002, 5114.220215>
2025-11-11 02:48:56 [INFO] EXP_REMOVE_DEBUG: Attempting RemoveExpansionMapMarker. Context: EEDelete. Current UID: '' for BS_Hacked_Crate<2988121>
2025-11-11 02:48:56 [INFO] EXP_REMOVE_DEBUG: EXPANSIONMODNAVIGATION NOT defined. Cannot remove marker. Context: EEDelete for BS_Hacked_Crate<2988121>
2025-11-11 02:48:56 [INFO] BSHC_AG_DEBUG: BSHC_RemoveAdvancedGroupsMapMarker called.
2025-11-11 02:48:56 [INFO] BSHC_AG_DEBUG: Removing AG marker UID: 1226019451
2025-11-11 02:48:56 [INFO] BSHC_AG_DEBUG: AG marker UID 1226019451 successfully removed.
2025-11-11 02:48:56 [INFO] HackedCrate (BS_Hacked_Crate): Sending RPC Notification. Type: DESPAWN, Key: #STR_BSHC_Notification_Despawn_Located
2025-11-11 02:48:56 [INFO] EEDelete: Removed BS_Hacked_Crate from g_ActiveHackedCrates. Remaining count: 2
2025-11-11 02:48:56 [INFO] DeleteHackedCratesFromKnownLocations - Deleting INACTIVE: BS_Hacked_Crate (ID: 2993036) found at configured spawn Pos: <4732.430176, 338.968994, 10350.200195> for CrateType BS_Hacked_Crate
2025-11-11 02:48:56 [INFO] EEDelete called for BS_Hacked_Crate at <4732.430176, 338.968994, 10350.200195>
2025-11-11 02:48:56 [INFO] EXP_REMOVE_DEBUG: Attempting RemoveExpansionMapMarker. Context: EEDelete. Current UID: '' for BS_Hacked_Crate<2993036>
2025-11-11 02:48:56 [INFO] EXP_REMOVE_DEBUG: EXPANSIONMODNAVIGATION NOT defined. Cannot remove marker. Context: EEDelete for BS_Hacked_Crate<2993036>
2025-11-11 02:48:56 [INFO] BSHC_AG_DEBUG: BSHC_RemoveAdvancedGroupsMapMarker called.
2025-11-11 02:48:56 [INFO] BSHC_AG_DEBUG: Removing AG marker UID: 1877532649
2025-11-11 02:48:56 [INFO] BSHC_AG_DEBUG: AG marker UID 1877532649 successfully removed.
2025-11-11 02:48:56 [INFO] HackedCrate (BS_Hacked_Crate): Sending RPC Notification. Type: DESPAWN, Key: #STR_BSHC_Notification_Despawn_Located
2025-11-11 02:48:56 [INFO] EEDelete: Removed BS_Hacked_Crate from g_ActiveHackedCrates. Remaining count: 1
2025-11-11 02:48:56 [INFO] DeleteHackedCratesFromKnownLocations - Deleting INACTIVE: BS_Hacked_Crate (ID: 2993197) found at configured spawn Pos: <4553.689941, 317.975006, 8352.099609> for CrateType BS_Hacked_Crate
2025-11-11 02:48:56 [INFO] EEDelete called for BS_Hacked_Crate at <4553.689941, 317.975006, 8352.099609>
2025-11-11 02:48:56 [INFO] EXP_REMOVE_DEBUG: Attempting RemoveExpansionMapMarker. Context: EEDelete. Current UID: '' for BS_Hacked_Crate<2993197>
2025-11-11 02:48:56 [INFO] EXP_REMOVE_DEBUG: EXPANSIONMODNAVIGATION NOT defined. Cannot remove marker. Context: EEDelete for BS_Hacked_Crate<2993197>
2025-11-11 02:48:56 [INFO] BSHC_AG_DEBUG: BSHC_RemoveAdvancedGroupsMapMarker called.
2025-11-11 02:48:56 [INFO] BSHC_AG_DEBUG: Removing AG marker UID: 876243178
2025-11-11 02:48:56 [INFO] BSHC_AG_DEBUG: AG marker UID 876243178 successfully removed.
2025-11-11 02:48:56 [INFO] HackedCrate (BS_Hacked_Crate): Sending RPC Notification. Type: DESPAWN, Key: #STR_BSHC_Notification_Despawn_Located
2025-11-11 02:48:56 [INFO] EEDelete: Removed BS_Hacked_Crate from g_ActiveHackedCrates. Remaining count: 0
2025-11-11 02:48:56 [INFO] DeleteHackedCratesFromKnownLocations - Cleanup from known locations finished. Total inactive Hacked Crates (matching type and location) deleted: 3
2025-11-11 02:49:01 [INFO] PerformImmediateStaticSpawn - Calling CrateSpawner to setup STATIC Hacked Crates...
2025-11-11 02:49:01 [INFO] CrateSpawner: ------------- Starting IMMEDIATE STATIC Spawn Pass -------------
2025-11-11 02:49:01 [INFO] CrateSpawner: Processing IMMEDIATE STATIC for ConfigUniqueID: 'DefaultStaticEvent_Example1'.
2025-11-11 02:49:01 [INFO] SpawnStaticCrates: Processing 1 static locations for ConfigUniqueID: 'DefaultStaticEvent_Example1'.
2025-11-11 02:49:01 [INFO] SpawnStaticCrates: Location <2471.820068, 193.177002, 5114.220215> is free. Attempting to spawn crate.
2025-11-11 02:49:01 [INFO] Inventory for BS_Hacked_Crate LOCKED. IsOpen: false LootAccessActionDone: false
2025-11-11 02:49:01 [INFO] HackedCrate_Base (BS_Hacked_Crate): Instance specific CrateSettings assigned. ConfigUniqueID: DefaultStaticEvent_Example1
2025-11-11 02:49:01 [INFO] [SpawnAIAroundCrate] Spawning 3 AI(s) next to the crate.
2025-11-11 02:49:01 [INFO] [SpawnAIAroundCrate] Successfully spawned ZmbM_SoldierNormal at <2495.314209, 193.249817, 5112.137695>
2025-11-11 02:49:01 [INFO] [SpawnAIAroundCrate] Successfully spawned ZmbM_SoldierNormal at <2483.030518, 193.145248, 5124.658691>
2025-11-11 02:49:01 [INFO] [SpawnAIAroundCrate] Successfully spawned ZmbM_SoldierNormal at <2469.873779, 192.946732, 5133.223145>
2025-11-11 02:49:01 [INFO] CrateSpawner: ------------- Finished IMMEDIATE STATIC Spawn Pass -------------
2025-11-11 02:49:01 [INFO] DeferredEEInitLogic: START for BS_Hacked_Crate<3011121>. m_LoadedExpansionMarkerUID (should be from OnStoreLoad) is ''. Current m_ExpansionMarkerUID (active) is ''
2025-11-11 02:49:01 [INFO] DeferredEEInitLogic: Settings acquired successfully for BS_Hacked_Crate<3011121>.
2025-11-11 02:49:01 [INFO] DeferredEEInitLogic: m_ExpansionMarkerUID is empty. Calling CreateExpansionMapMarker for BS_Hacked_Crate<3011121>.
2025-11-11 02:49:01 [INFO] EXP_DEBUG: Inside CreateExpansionMapMarker for BS_Hacked_Crate.UseExpansionMapMarker is true.
2025-11-11 02:49:01 [INFO] EXP_DEBUG: EXPANSIONMODNAVIGATION is NOT defined. No Expansion marker will be created.
2025-11-11 02:49:01 [INFO] DeferredEEInitLogic: AG DEBUG for BS_Hacked_Crate<3011121>
2025-11-11 02:49:01 [INFO] BSHC_AG_DEBUG: BSHC_CreateAdvancedGroupsMapMarker call.
2025-11-11 02:49:01 [INFO] BSHC_AG_DEBUG: Final Marker Name: '#STR_BSHC_HackedCrate_DisplayName'
2025-11-11 02:49:01 [INFO] BSHC_AG_DEBUG: Trying to create AG marker with name: #STR_BSHC_HackedCrate_DisplayName, Pos: <2471.820068, 193.177002, 5114.220215>, Icon: BS_HackedCrate/gui/iconcrate.paa, Color: -65536, ShowOnMap: true, ShowInWorld: true
2025-11-11 02:49:01 [INFO] BSHC_AG_DEBUG: LBStaticMarkerManager.Get is accessible.
2025-11-11 02:49:01 [INFO] BSHC_AG_DEBUG: Created AG marker (UID: 1945233396) for BS_Hacked_Crate
2025-11-11 02:49:01 [INFO] DeferredEEInitLogic: Final m_LootAccessActionDone for BS_Hacked_Crate<3011121> is: false
2025-11-11 02:49:01 [INFO] Inventory for BS_Hacked_Crate LOCKED. IsOpen: false LootAccessActionDone: false
2025-11-11 02:49:01 [INFO] DeferredEEInitLogic: FINISHED for BS_Hacked_Crate<3011121>
