2025-11-22 19:23:58 [INFO] OnInit - Initializing Bastardos Hacked Crates System...
2025-11-22 19:23:58 [INFO] OnInit - Loading Hacked Crate Loot Configuration (loot_pools.json)...
2025-11-22 19:23:58 [INFO] [BSHCLootPoolConfig] Found loot_pools.json at: $profile:\Bastardo_HC\loot_pools.json
2025-11-22 19:23:58 [INFO] [BSHCLootPoolConfig] JsonLoadFile executed. Loaded 2 categories defined in the root.
2025-11-22 19:23:58 [INFO] [BSHCLootPoolConfig] Category 'DefaultArmaments' has 1 loot pools.
2025-11-22 19:23:58 [INFO] [BSHCLootPoolConfig] Category 'DefaultMedical' has 1 loot pools.
2025-11-22 19:23:58 [INFO] OnInit - Hacked Crate Loot Configuration processed successfully.
2025-11-22 19:23:58 [INFO] OnInit - Loading Hacked Crate settings (global, static, dynamic)...
2025-11-22 19:23:58 [INFO] CrateManagement instance created with default grace period and tick interval.
2025-11-22 19:23:58 [INFO] [BSHCGlobalServerSettings] Loading from: $profile:\Bastardo_HC\BS_Global_settings.json
2025-11-22 19:23:58 [INFO] [CrateConfigManager] Re-saved static_crates.json to include any new options.
2025-11-22 19:23:58 [INFO] [CrateConfigManager] Re-saved dynamic_crates.json to include any new options.
2025-11-22 19:23:58 [INFO] [CrateConfigManager] Static CrateManagement has been set.
2025-11-22 19:23:58 [INFO] CrateSpawner instance created.
2025-11-22 19:23:58 [INFO] OnInit - Crate Spawner created. Grace Period: 5 minutes. Periodic Tick: 3600 seconds.
2025-11-22 19:23:58 [INFO] OnInit - Bastardos Hacked Crates System Initialization sequence finished.
2025-11-22 19:24:06 [INFO] OnMissionStart - Server mission started. Scheduling Hacked Crate cleanup and initial spawn setup.
2025-11-22 19:24:06 [INFO] OnMissionStart - Immediate STATIC Crate spawn scheduled in 15 seconds.
2025-11-22 19:24:06 [INFO] OnMissionStart - Initial DYNAMIC Crate spawn scheduled in approx. 320 seconds.
2025-11-22 19:24:06 [INFO] OnMissionStart - Scheduling first PERIODIC Crate Spawn Tick in approx. 3600 seconds.
2025-11-22 19:24:21 [INFO] Inventory for BS_Hacked_Crate LOCKED. IsOpen: false LootAccessActionDone: false
2025-11-22 19:24:21 [INFO] OnStoreLoad: m_ConfigUniqueID_Persist set from storage to: 'DefaultStaticEvent_Example1' for BS_Hacked_Crate<2987148>
2025-11-22 19:24:21 [INFO] OnStoreLoad: FINISHED loading raw data into member variables for BS_Hacked_Crate<2987148>
2025-11-22 19:24:23 [INFO] Inventory for BS_Hacked_Crate LOCKED. IsOpen: false LootAccessActionDone: false
2025-11-22 19:24:23 [INFO] OnStoreLoad: m_ConfigUniqueID_Persist set from storage to: 'DefaultDynamicEvent_Example1' for BS_Hacked_Crate<2990854>
2025-11-22 19:24:23 [INFO] OnStoreLoad: FINISHED loading raw data into member variables for BS_Hacked_Crate<2990854>
2025-11-22 19:24:24 [INFO] Inventory for BS_Hacked_Crate LOCKED. IsOpen: false LootAccessActionDone: false
2025-11-22 19:24:24 [INFO] OnStoreLoad: m_ConfigUniqueID_Persist set from storage to: 'DefaultDynamicEvent_Example1' for BS_Hacked_Crate<2992391>
2025-11-22 19:24:24 [INFO] OnStoreLoad: FINISHED loading raw data into member variables for BS_Hacked_Crate<2992391>
2025-11-22 19:24:38 [INFO] DeferredEEInitLogic: START for BS_Hacked_Crate<2987148>. m_LoadedExpansionMarkerUID (should be from OnStoreLoad) is ''. Current m_ExpansionMarkerUID (active) is ''
2025-11-22 19:24:38 [INFO] GetCrateSettings: m_CrateSettings_Instance is NULL for BS_Hacked_Crate<2987148>. Calling AttemptToReacquireSettings().
2025-11-22 19:24:38 [INFO] HackedCrate_Base (BS_Hacked_Crate): Attempting to re-acquire CrateSettings. Persisted ConfigUniqueID is: 'DefaultStaticEvent_Example1'
2025-11-22 19:24:38 [INFO] HackedCrate_Base (BS_Hacked_Crate): Instance specific CrateSettings assigned. ConfigUniqueID: DefaultStaticEvent_Example1
2025-11-22 19:24:38 [INFO] HackedCrate_Base (BS_Hacked_Crate): Successfully re-acquired CrateSettings by persisted ConfigUniqueID 'DefaultStaticEvent_Example1'.
2025-11-22 19:24:38 [INFO] DeferredEEInitLogic: Settings acquired successfully for BS_Hacked_Crate<2987148>.
2025-11-22 19:24:38 [INFO] DeferredEEInitLogic: m_ExpansionMarkerUID is empty. Calling CreateExpansionMapMarker for BS_Hacked_Crate<2987148>.
2025-11-22 19:24:38 [INFO] EXP_DEBUG: Inside CreateExpansionMapMarker for BS_Hacked_Crate.UseExpansionMapMarker is true.
2025-11-22 19:24:38 [INFO] EXP_DEBUG: EXPANSIONMODNAVIGATION is NOT defined. No Expansion marker will be created.
2025-11-22 19:24:38 [INFO] DeferredEEInitLogic: AG DEBUG for BS_Hacked_Crate<2987148>
2025-11-22 19:24:38 [INFO] BSHC_AG_DEBUG: BSHC_CreateAdvancedGroupsMapMarker call.
2025-11-22 19:24:38 [INFO] BSHC_AG_DEBUG: Final Marker Name: '#STR_BSHC_HackedCrate_DisplayName'
2025-11-22 19:24:38 [INFO] BSHC_AG_DEBUG: Trying to create AG marker with name: #STR_BSHC_HackedCrate_DisplayName, Pos: <2471.820068, 193.177002, 5114.220215>, Icon: BS_HackedCrate/gui/iconcrate.paa, Color: -65536, ShowOnMap: true, ShowInWorld: true
2025-11-22 19:24:38 [INFO] BSHC_AG_DEBUG: LBStaticMarkerManager.Get is accessible.
2025-11-22 19:24:38 [INFO] BSHC_AG_DEBUG: Created AG marker (UID: 384446072) for BS_Hacked_Crate
2025-11-22 19:24:38 [INFO] DeferredEEInitLogic: Final m_LootAccessActionDone for BS_Hacked_Crate<2987148> is: false
2025-11-22 19:24:38 [INFO] Inventory for BS_Hacked_Crate LOCKED. IsOpen: false LootAccessActionDone: false
2025-11-22 19:24:38 [INFO] DeferredEEInitLogic: FINISHED for BS_Hacked_Crate<2987148>
2025-11-22 19:24:38 [INFO] DeferredEEInitLogic: Re-added persistent crate BS_Hacked_Crate to g_ActiveHackedCrates list.
2025-11-22 19:24:38 [INFO] DeferredEEInitLogic: START for BS_Hacked_Crate<2990854>. m_LoadedExpansionMarkerUID (should be from OnStoreLoad) is ''. Current m_ExpansionMarkerUID (active) is ''
2025-11-22 19:24:38 [INFO] GetCrateSettings: m_CrateSettings_Instance is NULL for BS_Hacked_Crate<2990854>. Calling AttemptToReacquireSettings().
2025-11-22 19:24:38 [INFO] HackedCrate_Base (BS_Hacked_Crate): Attempting to re-acquire CrateSettings. Persisted ConfigUniqueID is: 'DefaultDynamicEvent_Example1'
2025-11-22 19:24:38 [INFO] HackedCrate_Base (BS_Hacked_Crate): Instance specific CrateSettings assigned. ConfigUniqueID: DefaultDynamicEvent_Example1
2025-11-22 19:24:38 [INFO] HackedCrate_Base (BS_Hacked_Crate): Successfully re-acquired CrateSettings by persisted ConfigUniqueID 'DefaultDynamicEvent_Example1'.
2025-11-22 19:24:38 [INFO] DeferredEEInitLogic: Settings acquired successfully for BS_Hacked_Crate<2990854>.
2025-11-22 19:24:38 [INFO] DeferredEEInitLogic: m_ExpansionMarkerUID is empty. Calling CreateExpansionMapMarker for BS_Hacked_Crate<2990854>.
2025-11-22 19:24:38 [INFO] EXP_DEBUG: Inside CreateExpansionMapMarker for BS_Hacked_Crate.UseExpansionMapMarker is true.
2025-11-22 19:24:38 [INFO] EXP_DEBUG: EXPANSIONMODNAVIGATION is NOT defined. No Expansion marker will be created.
2025-11-22 19:24:38 [INFO] DeferredEEInitLogic: AG DEBUG for BS_Hacked_Crate<2990854>
2025-11-22 19:24:38 [INFO] BSHC_AG_DEBUG: BSHC_CreateAdvancedGroupsMapMarker call.
2025-11-22 19:24:38 [INFO] BSHC_AG_DEBUG: Final Marker Name: '#STR_BSHC_HackedCrate_DisplayName'
2025-11-22 19:24:38 [INFO] BSHC_AG_DEBUG: Trying to create AG marker with name: #STR_BSHC_HackedCrate_DisplayName, Pos: <4553.689941, 317.975006, 8352.099609>, Icon: BS_HackedCrate/gui/iconcrate.paa, Color: -65536, ShowOnMap: true, ShowInWorld: true
2025-11-22 19:24:38 [INFO] BSHC_AG_DEBUG: LBStaticMarkerManager.Get is accessible.
2025-11-22 19:24:38 [INFO] BSHC_AG_DEBUG: Created AG marker (UID: 102436084) for BS_Hacked_Crate
2025-11-22 19:24:38 [INFO] DeferredEEInitLogic: Final m_LootAccessActionDone for BS_Hacked_Crate<2990854> is: false
2025-11-22 19:24:38 [INFO] Inventory for BS_Hacked_Crate LOCKED. IsOpen: false LootAccessActionDone: false
2025-11-22 19:24:38 [INFO] DeferredEEInitLogic: FINISHED for BS_Hacked_Crate<2990854>
2025-11-22 19:24:38 [INFO] DeferredEEInitLogic: Re-added persistent crate BS_Hacked_Crate to g_ActiveHackedCrates list.
2025-11-22 19:24:38 [INFO] DeferredEEInitLogic: START for BS_Hacked_Crate<2992391>. m_LoadedExpansionMarkerUID (should be from OnStoreLoad) is ''. Current m_ExpansionMarkerUID (active) is ''
2025-11-22 19:24:38 [INFO] GetCrateSettings: m_CrateSettings_Instance is NULL for BS_Hacked_Crate<2992391>. Calling AttemptToReacquireSettings().
2025-11-22 19:24:38 [INFO] HackedCrate_Base (BS_Hacked_Crate): Attempting to re-acquire CrateSettings. Persisted ConfigUniqueID is: 'DefaultDynamicEvent_Example1'
2025-11-22 19:24:38 [INFO] HackedCrate_Base (BS_Hacked_Crate): Instance specific CrateSettings assigned. ConfigUniqueID: DefaultDynamicEvent_Example1
2025-11-22 19:24:38 [INFO] HackedCrate_Base (BS_Hacked_Crate): Successfully re-acquired CrateSettings by persisted ConfigUniqueID 'DefaultDynamicEvent_Example1'.
2025-11-22 19:24:38 [INFO] DeferredEEInitLogic: Settings acquired successfully for BS_Hacked_Crate<2992391>.
2025-11-22 19:24:38 [INFO] DeferredEEInitLogic: m_ExpansionMarkerUID is empty. Calling CreateExpansionMapMarker for BS_Hacked_Crate<2992391>.
2025-11-22 19:24:38 [INFO] EXP_DEBUG: Inside CreateExpansionMapMarker for BS_Hacked_Crate.UseExpansionMapMarker is true.
2025-11-22 19:24:38 [INFO] EXP_DEBUG: EXPANSIONMODNAVIGATION is NOT defined. No Expansion marker will be created.
2025-11-22 19:24:38 [INFO] DeferredEEInitLogic: AG DEBUG for BS_Hacked_Crate<2992391>
2025-11-22 19:24:38 [INFO] BSHC_AG_DEBUG: BSHC_CreateAdvancedGroupsMapMarker call.
2025-11-22 19:24:38 [INFO] BSHC_AG_DEBUG: Final Marker Name: '#STR_BSHC_HackedCrate_DisplayName'
2025-11-22 19:24:38 [INFO] BSHC_AG_DEBUG: Trying to create AG marker with name: #STR_BSHC_HackedCrate_DisplayName, Pos: <4732.430176, 338.968994, 10350.200195>, Icon: BS_HackedCrate/gui/iconcrate.paa, Color: -65536, ShowOnMap: true, ShowInWorld: true
2025-11-22 19:24:38 [INFO] BSHC_AG_DEBUG: LBStaticMarkerManager.Get is accessible.
2025-11-22 19:24:38 [INFO] BSHC_AG_DEBUG: Created AG marker (UID: 770202704) for BS_Hacked_Crate
2025-11-22 19:24:38 [INFO] DeferredEEInitLogic: Final m_LootAccessActionDone for BS_Hacked_Crate<2992391> is: false
2025-11-22 19:24:38 [INFO] Inventory for BS_Hacked_Crate LOCKED. IsOpen: false LootAccessActionDone: false
2025-11-22 19:24:38 [INFO] DeferredEEInitLogic: FINISHED for BS_Hacked_Crate<2992391>
2025-11-22 19:24:38 [INFO] DeferredEEInitLogic: Re-added persistent crate BS_Hacked_Crate to g_ActiveHackedCrates list.
2025-11-22 19:25:06 [INFO] DeleteHackedCratesFromKnownLocations - Starting cleanup of Hacked Crates from KNOWN SPAWN LOCATIONS as defined in configurations...
2025-11-22 19:25:06 [INFO] DeleteHackedCratesFromKnownLocations - Deleting INACTIVE: BS_Hacked_Crate (ID: 2987148) found at configured spawn Pos: <2471.820068, 193.177002, 5114.220215> for CrateType BS_Hacked_Crate
2025-11-22 19:25:06 [INFO] EEDelete called for BS_Hacked_Crate at <2471.820068, 193.177002, 5114.220215>
2025-11-22 19:25:06 [INFO] EXP_REMOVE_DEBUG: Attempting RemoveExpansionMapMarker. Context: EEDelete. Current UID: '' for BS_Hacked_Crate<2987148>
2025-11-22 19:25:06 [INFO] EXP_REMOVE_DEBUG: EXPANSIONMODNAVIGATION NOT defined. Cannot remove marker. Context: EEDelete for BS_Hacked_Crate<2987148>
2025-11-22 19:25:06 [INFO] BSHC_AG_DEBUG: BSHC_RemoveAdvancedGroupsMapMarker called.
2025-11-22 19:25:06 [INFO] BSHC_AG_DEBUG: Removing AG marker UID: 384446072
2025-11-22 19:25:06 [INFO] BSHC_AG_DEBUG: AG marker UID 384446072 successfully removed.
2025-11-22 19:25:06 [INFO] HackedCrate (BS_Hacked_Crate): Sending RPC Notification. Type: DESPAWN, Key: #STR_BSHC_Notification_Despawn_Located
2025-11-22 19:25:06 [INFO] EEDelete: Removed BS_Hacked_Crate from g_ActiveHackedCrates. Remaining count: 2
2025-11-22 19:25:06 [INFO] DeleteHackedCratesFromKnownLocations - Deleting INACTIVE: BS_Hacked_Crate (ID: 2992391) found at configured spawn Pos: <4732.430176, 338.968994, 10350.200195> for CrateType BS_Hacked_Crate
2025-11-22 19:25:06 [INFO] EEDelete called for BS_Hacked_Crate at <4732.430176, 338.968994, 10350.200195>
2025-11-22 19:25:06 [INFO] EXP_REMOVE_DEBUG: Attempting RemoveExpansionMapMarker. Context: EEDelete. Current UID: '' for BS_Hacked_Crate<2992391>
2025-11-22 19:25:06 [INFO] EXP_REMOVE_DEBUG: EXPANSIONMODNAVIGATION NOT defined. Cannot remove marker. Context: EEDelete for BS_Hacked_Crate<2992391>
2025-11-22 19:25:06 [INFO] BSHC_AG_DEBUG: BSHC_RemoveAdvancedGroupsMapMarker called.
2025-11-22 19:25:06 [INFO] BSHC_AG_DEBUG: Removing AG marker UID: 770202704
2025-11-22 19:25:06 [INFO] BSHC_AG_DEBUG: AG marker UID 770202704 successfully removed.
2025-11-22 19:25:06 [INFO] HackedCrate (BS_Hacked_Crate): Sending RPC Notification. Type: DESPAWN, Key: #STR_BSHC_Notification_Despawn_Located
2025-11-22 19:25:06 [INFO] EEDelete: Removed BS_Hacked_Crate from g_ActiveHackedCrates. Remaining count: 1
2025-11-22 19:25:06 [INFO] DeleteHackedCratesFromKnownLocations - Deleting INACTIVE: BS_Hacked_Crate (ID: 2990854) found at configured spawn Pos: <4553.689941, 317.975006, 8352.099609> for CrateType BS_Hacked_Crate
2025-11-22 19:25:06 [INFO] EEDelete called for BS_Hacked_Crate at <4553.689941, 317.975006, 8352.099609>
2025-11-22 19:25:06 [INFO] EXP_REMOVE_DEBUG: Attempting RemoveExpansionMapMarker. Context: EEDelete. Current UID: '' for BS_Hacked_Crate<2990854>
2025-11-22 19:25:06 [INFO] EXP_REMOVE_DEBUG: EXPANSIONMODNAVIGATION NOT defined. Cannot remove marker. Context: EEDelete for BS_Hacked_Crate<2990854>
2025-11-22 19:25:06 [INFO] BSHC_AG_DEBUG: BSHC_RemoveAdvancedGroupsMapMarker called.
2025-11-22 19:25:06 [INFO] BSHC_AG_DEBUG: Removing AG marker UID: 102436084
2025-11-22 19:25:06 [INFO] BSHC_AG_DEBUG: AG marker UID 102436084 successfully removed.
2025-11-22 19:25:06 [INFO] HackedCrate (BS_Hacked_Crate): Sending RPC Notification. Type: DESPAWN, Key: #STR_BSHC_Notification_Despawn_Located
2025-11-22 19:25:06 [INFO] EEDelete: Removed BS_Hacked_Crate from g_ActiveHackedCrates. Remaining count: 0
2025-11-22 19:25:06 [INFO] DeleteHackedCratesFromKnownLocations - Cleanup from known locations finished. Total inactive Hacked Crates (matching type and location) deleted: 3
2025-11-22 19:25:11 [INFO] PerformImmediateStaticSpawn - Calling CrateSpawner to setup STATIC Hacked Crates...
2025-11-22 19:25:11 [INFO] CrateSpawner: ------------- Starting IMMEDIATE STATIC Spawn Pass -------------
2025-11-22 19:25:11 [INFO] CrateSpawner: Processing IMMEDIATE STATIC for ConfigUniqueID: 'DefaultStaticEvent_Example1'.
2025-11-22 19:25:11 [INFO] SpawnStaticCrates: Processing 1 static locations for ConfigUniqueID: 'DefaultStaticEvent_Example1'.
2025-11-22 19:25:11 [INFO] SpawnStaticCrates: Location <2471.820068, 193.177002, 5114.220215> is free. Attempting to spawn crate.
2025-11-22 19:25:11 [INFO] Inventory for BS_Hacked_Crate LOCKED. IsOpen: false LootAccessActionDone: false
2025-11-22 19:25:11 [INFO] HackedCrate_Base (BS_Hacked_Crate): Instance specific CrateSettings assigned. ConfigUniqueID: DefaultStaticEvent_Example1
2025-11-22 19:25:11 [INFO] CrateSpawner: Standard Notification RPC sent. Key: #STR_BSHC_Notification_Spawn_Located
2025-11-22 19:25:11 [INFO] [SpawnAIAroundCrate] Spawning 3 AI(s) next to the crate.
2025-11-22 19:25:11 [INFO] [SpawnAIAroundCrate] Successfully spawned ZmbM_SoldierNormal at <2460.583740, 193.072617, 5120.785156>
2025-11-22 19:25:11 [INFO] [SpawnAIAroundCrate] Successfully spawned ZmbM_SoldierNormal at <2488.016602, 193.212799, 5116.854980>
2025-11-22 19:25:11 [INFO] [SpawnAIAroundCrate] Successfully spawned ZmbM_SoldierNormal at <2452.312744, 192.586685, 5100.545410>
2025-11-22 19:25:11 [INFO] CrateSpawner: ------------- Finished IMMEDIATE STATIC Spawn Pass -------------
2025-11-22 19:25:11 [INFO] DeferredEEInitLogic: START for BS_Hacked_Crate<3010041>. m_LoadedExpansionMarkerUID (should be from OnStoreLoad) is ''. Current m_ExpansionMarkerUID (active) is ''
2025-11-22 19:25:11 [INFO] DeferredEEInitLogic: Settings acquired successfully for BS_Hacked_Crate<3010041>.
2025-11-22 19:25:11 [INFO] DeferredEEInitLogic: m_ExpansionMarkerUID is empty. Calling CreateExpansionMapMarker for BS_Hacked_Crate<3010041>.
2025-11-22 19:25:11 [INFO] EXP_DEBUG: Inside CreateExpansionMapMarker for BS_Hacked_Crate.UseExpansionMapMarker is true.
2025-11-22 19:25:11 [INFO] EXP_DEBUG: EXPANSIONMODNAVIGATION is NOT defined. No Expansion marker will be created.
2025-11-22 19:25:11 [INFO] DeferredEEInitLogic: AG DEBUG for BS_Hacked_Crate<3010041>
2025-11-22 19:25:11 [INFO] BSHC_AG_DEBUG: BSHC_CreateAdvancedGroupsMapMarker call.
2025-11-22 19:25:11 [INFO] BSHC_AG_DEBUG: Final Marker Name: '#STR_BSHC_HackedCrate_DisplayName'
2025-11-22 19:25:11 [INFO] BSHC_AG_DEBUG: Trying to create AG marker with name: #STR_BSHC_HackedCrate_DisplayName, Pos: <2471.820068, 193.177002, 5114.220215>, Icon: BS_HackedCrate/gui/iconcrate.paa, Color: -65536, ShowOnMap: true, ShowInWorld: true
2025-11-22 19:25:11 [INFO] BSHC_AG_DEBUG: LBStaticMarkerManager.Get is accessible.
2025-11-22 19:25:11 [INFO] BSHC_AG_DEBUG: Created AG marker (UID: 1130465056) for BS_Hacked_Crate
2025-11-22 19:25:11 [INFO] DeferredEEInitLogic: Final m_LootAccessActionDone for BS_Hacked_Crate<3010041> is: false
2025-11-22 19:25:11 [INFO] Inventory for BS_Hacked_Crate LOCKED. IsOpen: false LootAccessActionDone: false
2025-11-22 19:25:11 [INFO] DeferredEEInitLogic: FINISHED for BS_Hacked_Crate<3010041>
2025-11-22 19:30:16 [INFO] PerformInitialDynamicSpawn - Grace period ended. Calling CrateSpawner to setup initial DYNAMIC Hacked Crates...
2025-11-22 19:30:16 [INFO] CrateSpawner: ------------- Starting INITIAL DYNAMIC Spawn Pass (Post-Grace) -------------
2025-11-22 19:30:16 [INFO] CrateSpawner: Current server population for dynamic spawn: 1 players.
2025-11-22 19:30:16 [INFO] CrateSpawner: Processing DYNAMIC for ConfigUniqueID: 'DefaultDynamicEvent_Example1'.
2025-11-22 19:30:16 [INFO] CrateSpawner: Attempting to spawn 2 for ConfigUniqueID: 'DefaultDynamicEvent_Example1'.
2025-11-22 19:30:16 [INFO] SpawnRandomCrates: Attempting to spawn 2 of type 'BS_Hacked_Crate' with ConfigUniqueID 'DefaultDynamicEvent_Example1'.
2025-11-22 19:30:16 [INFO] SpawnRandomCrates: Shuffled list for 'DefaultDynamicEvent_Example1' is empty or non-existent. Regenerating and shuffling.
2025-11-22 19:30:16 [INFO] CrateSpawner: Sending spawn warning for 'BS_Hacked_Crate' at Airfield
2025-11-22 19:30:16 [INFO] CrateSpawner: Added to pending list for ConfigUniqueID 'DefaultDynamicEvent_Example1'. New pending count: 1
2025-11-22 19:30:16 [INFO] CrateSpawner: Sending spawn warning for 'BS_Hacked_Crate' at VMC
2025-11-22 19:30:16 [INFO] CrateSpawner: Added to pending list for ConfigUniqueID 'DefaultDynamicEvent_Example1'. New pending count: 2
2025-11-22 19:30:16 [INFO] CrateSpawner: ------------- Finished INITIAL DYNAMIC Spawn Pass -------------
2025-11-22 19:40:16 [INFO] SpawnCrateAfterWarning: Timer finished. Spawning crate BS_Hacked_Crate. Removed from pending list. New pending count: 1
2025-11-22 19:40:16 [INFO] Inventory for BS_Hacked_Crate LOCKED. IsOpen: false LootAccessActionDone: false
2025-11-22 19:40:16 [INFO] HackedCrate_Base (BS_Hacked_Crate): Instance specific CrateSettings assigned. ConfigUniqueID: DefaultDynamicEvent_Example1
2025-11-22 19:40:16 [INFO] CrateSpawner: Standard Notification RPC sent. Key: #STR_BSHC_Notification_Spawn_Located
2025-11-22 19:40:16 [INFO] [SpawnAIAroundCrate] Spawning 3 AI(s) next to the crate.
2025-11-22 19:40:16 [INFO] [SpawnAIAroundCrate] Successfully spawned ZmbM_SoldierNormal at <4749.835449, 339.000000, 10343.278320>
2025-11-22 19:40:16 [INFO] [SpawnAIAroundCrate] Successfully spawned ZmbM_SoldierNormal at <4733.539551, 338.998718, 10364.939453>
2025-11-22 19:40:16 [INFO] [SpawnAIAroundCrate] Successfully spawned ZmbM_SoldierNormal at <4724.684570, 339.000000, 10336.776367>
2025-11-22 19:40:16 [INFO] SpawnCrateAfterWarning: Timer finished. Spawning crate BS_Hacked_Crate. Removed from pending list. New pending count: 0
2025-11-22 19:40:16 [INFO] Inventory for BS_Hacked_Crate LOCKED. IsOpen: false LootAccessActionDone: false
2025-11-22 19:40:16 [INFO] HackedCrate_Base (BS_Hacked_Crate): Instance specific CrateSettings assigned. ConfigUniqueID: DefaultDynamicEvent_Example1
2025-11-22 19:40:16 [INFO] CrateSpawner: Standard Notification RPC sent. Key: #STR_BSHC_Notification_Spawn_Located
2025-11-22 19:40:16 [INFO] [SpawnAIAroundCrate] Spawning 1 AI(s) next to the crate.
2025-11-22 19:40:16 [INFO] [SpawnAIAroundCrate] Successfully spawned ZmbM_SoldierNormal at <4540.934570, 317.777313, 8334.603516>
2025-11-22 19:40:16 [INFO] DeferredEEInitLogic: START for BS_Hacked_Crate<3016070>. m_LoadedExpansionMarkerUID (should be from OnStoreLoad) is ''. Current m_ExpansionMarkerUID (active) is ''
2025-11-22 19:40:16 [INFO] DeferredEEInitLogic: Settings acquired successfully for BS_Hacked_Crate<3016070>.
2025-11-22 19:40:16 [INFO] DeferredEEInitLogic: m_ExpansionMarkerUID is empty. Calling CreateExpansionMapMarker for BS_Hacked_Crate<3016070>.
2025-11-22 19:40:16 [INFO] EXP_DEBUG: Inside CreateExpansionMapMarker for BS_Hacked_Crate.UseExpansionMapMarker is true.
2025-11-22 19:40:16 [INFO] EXP_DEBUG: EXPANSIONMODNAVIGATION is NOT defined. No Expansion marker will be created.
2025-11-22 19:40:16 [INFO] DeferredEEInitLogic: AG DEBUG for BS_Hacked_Crate<3016070>
2025-11-22 19:40:16 [INFO] BSHC_AG_DEBUG: BSHC_CreateAdvancedGroupsMapMarker call.
2025-11-22 19:40:16 [INFO] BSHC_AG_DEBUG: Final Marker Name: '#STR_BSHC_HackedCrate_DisplayName'
2025-11-22 19:40:16 [INFO] BSHC_AG_DEBUG: Trying to create AG marker with name: #STR_BSHC_HackedCrate_DisplayName, Pos: <4732.430176, 338.968994, 10350.200195>, Icon: BS_HackedCrate/gui/iconcrate.paa, Color: -65536, ShowOnMap: true, ShowInWorld: true
2025-11-22 19:40:16 [INFO] BSHC_AG_DEBUG: LBStaticMarkerManager.Get is accessible.
2025-11-22 19:40:16 [INFO] BSHC_AG_DEBUG: Created AG marker (UID: 1037204491) for BS_Hacked_Crate
2025-11-22 19:40:16 [INFO] DeferredEEInitLogic: Final m_LootAccessActionDone for BS_Hacked_Crate<3016070> is: false
2025-11-22 19:40:16 [INFO] Inventory for BS_Hacked_Crate LOCKED. IsOpen: false LootAccessActionDone: false
2025-11-22 19:40:16 [INFO] DeferredEEInitLogic: FINISHED for BS_Hacked_Crate<3016070>
2025-11-22 19:40:16 [INFO] DeferredEEInitLogic: START for BS_Hacked_Crate<3016074>. m_LoadedExpansionMarkerUID (should be from OnStoreLoad) is ''. Current m_ExpansionMarkerUID (active) is ''
2025-11-22 19:40:16 [INFO] DeferredEEInitLogic: Settings acquired successfully for BS_Hacked_Crate<3016074>.
2025-11-22 19:40:16 [INFO] DeferredEEInitLogic: m_ExpansionMarkerUID is empty. Calling CreateExpansionMapMarker for BS_Hacked_Crate<3016074>.
2025-11-22 19:40:16 [INFO] EXP_DEBUG: Inside CreateExpansionMapMarker for BS_Hacked_Crate.UseExpansionMapMarker is true.
2025-11-22 19:40:16 [INFO] EXP_DEBUG: EXPANSIONMODNAVIGATION is NOT defined. No Expansion marker will be created.
2025-11-22 19:40:16 [INFO] DeferredEEInitLogic: AG DEBUG for BS_Hacked_Crate<3016074>
2025-11-22 19:40:16 [INFO] BSHC_AG_DEBUG: BSHC_CreateAdvancedGroupsMapMarker call.
2025-11-22 19:40:16 [INFO] BSHC_AG_DEBUG: Final Marker Name: '#STR_BSHC_HackedCrate_DisplayName'
2025-11-22 19:40:16 [INFO] BSHC_AG_DEBUG: Trying to create AG marker with name: #STR_BSHC_HackedCrate_DisplayName, Pos: <4553.689941, 317.975006, 8352.099609>, Icon: BS_HackedCrate/gui/iconcrate.paa, Color: -65536, ShowOnMap: true, ShowInWorld: true
2025-11-22 19:40:16 [INFO] BSHC_AG_DEBUG: LBStaticMarkerManager.Get is accessible.
2025-11-22 19:40:16 [INFO] BSHC_AG_DEBUG: Created AG marker (UID: 1372824558) for BS_Hacked_Crate
2025-11-22 19:40:16 [INFO] DeferredEEInitLogic: Final m_LootAccessActionDone for BS_Hacked_Crate<3016074> is: false
2025-11-22 19:40:16 [INFO] Inventory for BS_Hacked_Crate LOCKED. IsOpen: false LootAccessActionDone: false
2025-11-22 19:40:16 [INFO] DeferredEEInitLogic: FINISHED for BS_Hacked_Crate<3016074>
