2025-12-09 05:00:51 [INFO] OnInit - Initializing Bastardos Hacked Crates System...
2025-12-09 05:00:51 [INFO] OnInit - Loading Hacked Crate Loot Configuration (loot_pools.json)...
2025-12-09 05:00:51 [INFO] [BSHCLootPoolConfig] Found loot_pools.json at: $profile:\Bastardo_HC\loot_pools.json
2025-12-09 05:00:51 [INFO] [BSHCLootPoolConfig] JsonLoadFile executed. Loaded 2 categories defined in the root.
2025-12-09 05:00:51 [INFO] [BSHCLootPoolConfig] Category 'DefaultArmaments' has 1 loot pools.
2025-12-09 05:00:51 [INFO] [BSHCLootPoolConfig] Category 'DefaultMedical' has 1 loot pools.
2025-12-09 05:00:51 [INFO] OnInit - Hacked Crate Loot Configuration processed successfully.
2025-12-09 05:00:51 [INFO] OnInit - Loading Hacked Crate settings (global, static, dynamic)...
2025-12-09 05:00:51 [INFO] CrateManagement instance created with default grace period and tick interval.
2025-12-09 05:00:51 [INFO] [BSHCGlobalServerSettings] Loading from: $profile:\Bastardo_HC\BS_Global_settings.json
2025-12-09 05:00:51 [INFO] [CrateConfigManager] Re-saved static_crates.json to include any new options.
2025-12-09 05:00:51 [INFO] [CrateConfigManager] Re-saved dynamic_crates.json to include any new options.
2025-12-09 05:00:51 [INFO] [CrateConfigManager] Static CrateManagement has been set.
2025-12-09 05:00:51 [INFO] CrateSpawner instance created.
2025-12-09 05:00:51 [INFO] OnInit - Crate Spawner created. Grace Period: 5 minutes. Periodic Tick: 3600 seconds.
2025-12-09 05:00:51 [INFO] OnInit - Bastardos Hacked Crates System Initialization sequence finished.
2025-12-09 05:00:58 [INFO] OnMissionStart - Server mission started. Scheduling Hacked Crate cleanup and initial spawn setup.
2025-12-09 05:00:58 [INFO] OnMissionStart - Immediate STATIC Crate spawn scheduled in 15 seconds.
2025-12-09 05:00:58 [INFO] OnMissionStart - Initial DYNAMIC Crate spawn scheduled in approx. 320 seconds.
2025-12-09 05:00:58 [INFO] OnMissionStart - Scheduling first PERIODIC Crate Spawn Tick in approx. 3600 seconds.
2025-12-09 05:01:14 [INFO] Inventory for BS_Hacked_Crate LOCKED. IsOpen: false LootAccessActionDone: false
2025-12-09 05:01:14 [INFO] OnStoreLoad: m_ConfigUniqueID_Persist set from storage to: 'DefaultStaticEvent_Example1' for BS_Hacked_Crate<2987236>
2025-12-09 05:01:14 [INFO] OnStoreLoad: FINISHED loading raw data into member variables for BS_Hacked_Crate<2987236>
2025-12-09 05:01:30 [INFO] DeferredEEInitLogic: START for BS_Hacked_Crate<2987236>. m_LoadedExpansionMarkerUID (should be from OnStoreLoad) is ''. Current m_ExpansionMarkerUID (active) is ''
2025-12-09 05:01:30 [INFO] GetCrateSettings: m_CrateSettings_Instance is NULL for BS_Hacked_Crate<2987236>. Calling AttemptToReacquireSettings().
2025-12-09 05:01:30 [INFO] HackedCrate_Base (BS_Hacked_Crate): Attempting to re-acquire CrateSettings. Persisted ConfigUniqueID is: 'DefaultStaticEvent_Example1'
2025-12-09 05:01:30 [INFO] HackedCrate_Base (BS_Hacked_Crate): Instance specific CrateSettings assigned. ConfigUniqueID: DefaultStaticEvent_Example1
2025-12-09 05:01:30 [INFO] HackedCrate_Base (BS_Hacked_Crate): Successfully re-acquired CrateSettings by persisted ConfigUniqueID 'DefaultStaticEvent_Example1'.
2025-12-09 05:01:30 [INFO] DeferredEEInitLogic: Settings acquired successfully for BS_Hacked_Crate<2987236>.
2025-12-09 05:01:30 [INFO] DeferredEEInitLogic: m_ExpansionMarkerUID is empty. Calling CreateExpansionMapMarker for BS_Hacked_Crate<2987236>.
2025-12-09 05:01:30 [INFO] EXP_DEBUG: Inside CreateExpansionMapMarker for BS_Hacked_Crate.UseExpansionMapMarker is true.
2025-12-09 05:01:30 [INFO] EXP_DEBUG: EXPANSIONMODNAVIGATION is NOT defined. No Expansion marker will be created.
2025-12-09 05:01:30 [INFO] DeferredEEInitLogic: AG DEBUG for BS_Hacked_Crate<2987236>
2025-12-09 05:01:30 [INFO] BSHC_AG_DEBUG: BSHC_CreateAdvancedGroupsMapMarker call.
2025-12-09 05:01:30 [INFO] BSHC_AG_DEBUG: Final Marker Name: '#STR_BSHC_HackedCrate_DisplayName'
2025-12-09 05:01:30 [INFO] BSHC_AG_DEBUG: Trying to create AG marker with name: #STR_BSHC_HackedCrate_DisplayName, Pos: <2471.820068, 193.177002, 5114.220215>, Icon: BS_HackedCrate/gui/iconcrate.paa, Color: -65536, ShowOnMap: true, ShowInWorld: true
2025-12-09 05:01:30 [INFO] BSHC_AG_DEBUG: LBStaticMarkerManager.Get is accessible.
2025-12-09 05:01:30 [INFO] BSHC_AG_DEBUG: Created AG marker (UID: 73140601) for BS_Hacked_Crate
2025-12-09 05:01:30 [INFO] DeferredEEInitLogic: Final m_LootAccessActionDone for BS_Hacked_Crate<2987236> is: false
2025-12-09 05:01:30 [INFO] Inventory for BS_Hacked_Crate LOCKED. IsOpen: false LootAccessActionDone: false
2025-12-09 05:01:30 [INFO] DeferredEEInitLogic: FINISHED for BS_Hacked_Crate<2987236>
2025-12-09 05:01:30 [INFO] DeferredEEInitLogic: Re-added persistent crate BS_Hacked_Crate to g_ActiveHackedCrates list.
2025-12-09 05:01:55 [INFO] DeleteHackedCratesFromKnownLocations - Starting cleanup of Hacked Crates from KNOWN SPAWN LOCATIONS as defined in configurations...
2025-12-09 05:01:55 [INFO] DeleteHackedCratesFromKnownLocations - Deleting INACTIVE: BS_Hacked_Crate (ID: 2987236) found at configured spawn Pos: <2471.820068, 193.177002, 5114.220215> for CrateType BS_Hacked_Crate
2025-12-09 05:01:55 [INFO] EEDelete called for BS_Hacked_Crate at <2471.820068, 193.177002, 5114.220215>
2025-12-09 05:01:55 [INFO] EXP_REMOVE_DEBUG: Attempting RemoveExpansionMapMarker. Context: EEDelete. Current UID: '' for BS_Hacked_Crate<2987236>
2025-12-09 05:01:55 [INFO] EXP_REMOVE_DEBUG: EXPANSIONMODNAVIGATION NOT defined. Cannot remove marker. Context: EEDelete for BS_Hacked_Crate<2987236>
2025-12-09 05:01:55 [INFO] BSHC_AG_DEBUG: BSHC_RemoveAdvancedGroupsMapMarker called.
2025-12-09 05:01:55 [INFO] BSHC_AG_DEBUG: Removing AG marker UID: 73140601
2025-12-09 05:01:55 [INFO] BSHC_AG_DEBUG: AG marker UID 73140601 successfully removed.
2025-12-09 05:01:55 [INFO] HackedCrate (BS_Hacked_Crate): Sending RPC Notification. Type: DESPAWN, Key: #STR_BSHC_Notification_Despawn_Located
2025-12-09 05:01:55 [INFO] EEDelete: Removed BS_Hacked_Crate from g_ActiveHackedCrates. Remaining count: 0
2025-12-09 05:01:55 [INFO] DeleteHackedCratesFromKnownLocations - Cleanup from known locations finished. Total inactive Hacked Crates (matching type and location) deleted: 1
2025-12-09 05:01:59 [INFO] PerformImmediateStaticSpawn - Calling CrateSpawner to setup STATIC Hacked Crates...
2025-12-09 05:01:59 [INFO] CrateSpawner: ------------- Starting IMMEDIATE STATIC Spawn Pass -------------
2025-12-09 05:01:59 [INFO] CrateSpawner: Processing IMMEDIATE STATIC for ConfigUniqueID: 'DefaultStaticEvent_Example1'.
2025-12-09 05:01:59 [INFO] SpawnStaticCrates: Processing 1 static locations for ConfigUniqueID: 'DefaultStaticEvent_Example1'.
2025-12-09 05:01:59 [INFO] SpawnStaticCrates: Location <2471.820068, 193.177002, 5114.220215> is free. Attempting to spawn crate.
2025-12-09 05:01:59 [INFO] Inventory for BS_Hacked_Crate LOCKED. IsOpen: false LootAccessActionDone: false
2025-12-09 05:01:59 [INFO] HackedCrate_Base (BS_Hacked_Crate): Instance specific CrateSettings assigned. ConfigUniqueID: DefaultStaticEvent_Example1
2025-12-09 05:01:59 [INFO] [SpawnAIAroundCrate] Spawning 1 AI(s) next to the crate.
2025-12-09 05:01:59 [INFO] [SpawnAIAroundCrate] Successfully spawned ZmbM_SoldierNormal at <2471.590088, 193.313766, 5091.709473>
2025-12-09 05:01:59 [INFO] CrateSpawner: ------------- Finished IMMEDIATE STATIC Spawn Pass -------------
2025-12-09 05:02:00 [INFO] DeferredEEInitLogic: START for BS_Hacked_Crate<3010135>. m_LoadedExpansionMarkerUID (should be from OnStoreLoad) is ''. Current m_ExpansionMarkerUID (active) is ''
2025-12-09 05:02:00 [INFO] DeferredEEInitLogic: Settings acquired successfully for BS_Hacked_Crate<3010135>.
2025-12-09 05:02:00 [INFO] DeferredEEInitLogic: m_ExpansionMarkerUID is empty. Calling CreateExpansionMapMarker for BS_Hacked_Crate<3010135>.
2025-12-09 05:02:00 [INFO] EXP_DEBUG: Inside CreateExpansionMapMarker for BS_Hacked_Crate.UseExpansionMapMarker is true.
2025-12-09 05:02:00 [INFO] EXP_DEBUG: EXPANSIONMODNAVIGATION is NOT defined. No Expansion marker will be created.
2025-12-09 05:02:00 [INFO] DeferredEEInitLogic: AG DEBUG for BS_Hacked_Crate<3010135>
2025-12-09 05:02:00 [INFO] BSHC_AG_DEBUG: BSHC_CreateAdvancedGroupsMapMarker call.
2025-12-09 05:02:00 [INFO] BSHC_AG_DEBUG: Final Marker Name: '#STR_BSHC_HackedCrate_DisplayName'
2025-12-09 05:02:00 [INFO] BSHC_AG_DEBUG: Trying to create AG marker with name: #STR_BSHC_HackedCrate_DisplayName, Pos: <2471.820068, 193.177002, 5114.220215>, Icon: BS_HackedCrate/gui/iconcrate.paa, Color: -65536, ShowOnMap: true, ShowInWorld: true
2025-12-09 05:02:00 [INFO] BSHC_AG_DEBUG: LBStaticMarkerManager.Get is accessible.
2025-12-09 05:02:00 [INFO] BSHC_AG_DEBUG: Created AG marker (UID: 571163816) for BS_Hacked_Crate
2025-12-09 05:02:00 [INFO] DeferredEEInitLogic: Final m_LootAccessActionDone for BS_Hacked_Crate<3010135> is: false
2025-12-09 05:02:00 [INFO] Inventory for BS_Hacked_Crate LOCKED. IsOpen: false LootAccessActionDone: false
2025-12-09 05:02:00 [INFO] DeferredEEInitLogic: FINISHED for BS_Hacked_Crate<3010135>
2025-12-09 05:07:04 [INFO] PerformInitialDynamicSpawn - Grace period ended. Calling CrateSpawner to setup initial DYNAMIC Hacked Crates...
2025-12-09 05:07:04 [INFO] CrateSpawner: ------------- Starting INITIAL DYNAMIC Spawn Pass (Post-Grace) -------------
2025-12-09 05:07:04 [INFO] CrateSpawner: Current server population for dynamic spawn: 0 players.
2025-12-09 05:07:04 [INFO] CrateSpawner: Processing DYNAMIC for ConfigUniqueID: 'DefaultDynamicEvent_Example1'.
2025-12-09 05:07:04 [INFO] CrateSpawner: Skipping ConfigUniqueID 'DefaultDynamicEvent_Example1'. Players required: 1, Current: 0
2025-12-09 05:07:04 [INFO] CrateSpawner: ------------- Finished INITIAL DYNAMIC Spawn Pass -------------
2025-12-09 06:01:44 [INFO] --------------------------------------------------------------------------
2025-12-09 06:01:44 [INFO] OnCrateSpawnTickPeriodic - Management Tick received. Evaluating individual crate configs...
2025-12-09 06:01:44 [INFO] --------------------------------------------------------------------------
2025-12-09 06:01:44 [INFO] Config 'DefaultDynamicEvent_Example1' is due for a check. Processing...
2025-12-09 06:01:44 [INFO] CrateSpawner: Processing ConfigUniqueID: 'DefaultDynamicEvent_Example1' (CrateType: 'BS_Hacked_Crate')
2025-12-09 06:01:44 [INFO] CrateSpawner: Skipping ConfigUniqueID 'DefaultDynamicEvent_Example1'. Players required: 1, Current: 0
2025-12-09 06:01:44 [INFO] OnCrateSpawnTickPeriodic - Management Tick finished. Next check in 3600 seconds.
2025-12-09 07:01:44 [INFO] --------------------------------------------------------------------------
2025-12-09 07:01:44 [INFO] OnCrateSpawnTickPeriodic - Management Tick received. Evaluating individual crate configs...
2025-12-09 07:01:44 [INFO] --------------------------------------------------------------------------
2025-12-09 07:01:44 [INFO] Config 'DefaultDynamicEvent_Example1' is due for a check. Processing...
2025-12-09 07:01:44 [INFO] CrateSpawner: Processing ConfigUniqueID: 'DefaultDynamicEvent_Example1' (CrateType: 'BS_Hacked_Crate')
2025-12-09 07:01:44 [INFO] CrateSpawner: Skipping ConfigUniqueID 'DefaultDynamicEvent_Example1'. Players required: 1, Current: 0
2025-12-09 07:01:44 [INFO] OnCrateSpawnTickPeriodic - Management Tick finished. Next check in 3600 seconds.
2025-12-09 08:01:44 [INFO] --------------------------------------------------------------------------
2025-12-09 08:01:44 [INFO] OnCrateSpawnTickPeriodic - Management Tick received. Evaluating individual crate configs...
2025-12-09 08:01:44 [INFO] --------------------------------------------------------------------------
2025-12-09 08:01:44 [INFO] Config 'DefaultDynamicEvent_Example1' is due for a check. Processing...
2025-12-09 08:01:44 [INFO] CrateSpawner: Processing ConfigUniqueID: 'DefaultDynamicEvent_Example1' (CrateType: 'BS_Hacked_Crate')
2025-12-09 08:01:44 [INFO] CrateSpawner: Skipping ConfigUniqueID 'DefaultDynamicEvent_Example1'. Players required: 1, Current: 0
2025-12-09 08:01:44 [INFO] OnCrateSpawnTickPeriodic - Management Tick finished. Next check in 3600 seconds.
2025-12-09 09:01:44 [INFO] --------------------------------------------------------------------------
2025-12-09 09:01:44 [INFO] OnCrateSpawnTickPeriodic - Management Tick received. Evaluating individual crate configs...
2025-12-09 09:01:44 [INFO] --------------------------------------------------------------------------
2025-12-09 09:01:44 [INFO] Config 'DefaultDynamicEvent_Example1' is due for a check. Processing...
2025-12-09 09:01:44 [INFO] CrateSpawner: Processing ConfigUniqueID: 'DefaultDynamicEvent_Example1' (CrateType: 'BS_Hacked_Crate')
2025-12-09 09:01:44 [INFO] CrateSpawner: Skipping ConfigUniqueID 'DefaultDynamicEvent_Example1'. Players required: 1, Current: 0
2025-12-09 09:01:44 [INFO] OnCrateSpawnTickPeriodic - Management Tick finished. Next check in 3600 seconds.
2025-12-09 10:01:44 [INFO] --------------------------------------------------------------------------
2025-12-09 10:01:44 [INFO] OnCrateSpawnTickPeriodic - Management Tick received. Evaluating individual crate configs...
2025-12-09 10:01:44 [INFO] --------------------------------------------------------------------------
2025-12-09 10:01:44 [INFO] OnCrateSpawnTickPeriodic - Management Tick finished. Next check in 3600 seconds.
2025-12-09 11:01:44 [INFO] --------------------------------------------------------------------------
2025-12-09 11:01:44 [INFO] OnCrateSpawnTickPeriodic - Management Tick received. Evaluating individual crate configs...
2025-12-09 11:01:44 [INFO] --------------------------------------------------------------------------
2025-12-09 11:01:44 [INFO] Config 'DefaultDynamicEvent_Example1' is due for a check. Processing...
2025-12-09 11:01:44 [INFO] CrateSpawner: Processing ConfigUniqueID: 'DefaultDynamicEvent_Example1' (CrateType: 'BS_Hacked_Crate')
2025-12-09 11:01:44 [INFO] CrateSpawner: Skipping ConfigUniqueID 'DefaultDynamicEvent_Example1'. Players required: 1, Current: 0
2025-12-09 11:01:44 [INFO] OnCrateSpawnTickPeriodic - Management Tick finished. Next check in 3600 seconds.
2025-12-09 12:01:44 [INFO] --------------------------------------------------------------------------
2025-12-09 12:01:44 [INFO] OnCrateSpawnTickPeriodic - Management Tick received. Evaluating individual crate configs...
2025-12-09 12:01:44 [INFO] --------------------------------------------------------------------------
2025-12-09 12:01:44 [INFO] Config 'DefaultDynamicEvent_Example1' is due for a check. Processing...
2025-12-09 12:01:44 [INFO] CrateSpawner: Processing ConfigUniqueID: 'DefaultDynamicEvent_Example1' (CrateType: 'BS_Hacked_Crate')
2025-12-09 12:01:44 [INFO] CrateSpawner: Skipping ConfigUniqueID 'DefaultDynamicEvent_Example1'. Players required: 1, Current: 0
2025-12-09 12:01:44 [INFO] OnCrateSpawnTickPeriodic - Management Tick finished. Next check in 3600 seconds.
2025-12-09 13:01:44 [INFO] --------------------------------------------------------------------------
2025-12-09 13:01:44 [INFO] OnCrateSpawnTickPeriodic - Management Tick received. Evaluating individual crate configs...
2025-12-09 13:01:44 [INFO] --------------------------------------------------------------------------
2025-12-09 13:01:44 [INFO] Config 'DefaultDynamicEvent_Example1' is due for a check. Processing...
2025-12-09 13:01:44 [INFO] CrateSpawner: Processing ConfigUniqueID: 'DefaultDynamicEvent_Example1' (CrateType: 'BS_Hacked_Crate')
2025-12-09 13:01:44 [INFO] CrateSpawner: Skipping ConfigUniqueID 'DefaultDynamicEvent_Example1'. Players required: 1, Current: 0
2025-12-09 13:01:44 [INFO] OnCrateSpawnTickPeriodic - Management Tick finished. Next check in 3600 seconds.
2025-12-09 14:01:44 [INFO] --------------------------------------------------------------------------
2025-12-09 14:01:44 [INFO] OnCrateSpawnTickPeriodic - Management Tick received. Evaluating individual crate configs...
2025-12-09 14:01:44 [INFO] --------------------------------------------------------------------------
2025-12-09 14:01:44 [INFO] Config 'DefaultDynamicEvent_Example1' is due for a check. Processing...
2025-12-09 14:01:44 [INFO] CrateSpawner: Processing ConfigUniqueID: 'DefaultDynamicEvent_Example1' (CrateType: 'BS_Hacked_Crate')
2025-12-09 14:01:44 [INFO] CrateSpawner: Skipping ConfigUniqueID 'DefaultDynamicEvent_Example1'. Players required: 1, Current: 0
2025-12-09 14:01:44 [INFO] OnCrateSpawnTickPeriodic - Management Tick finished. Next check in 3600 seconds.
2025-12-09 15:01:44 [INFO] --------------------------------------------------------------------------
2025-12-09 15:01:44 [INFO] OnCrateSpawnTickPeriodic - Management Tick received. Evaluating individual crate configs...
2025-12-09 15:01:44 [INFO] --------------------------------------------------------------------------
2025-12-09 15:01:44 [INFO] Config 'DefaultDynamicEvent_Example1' is due for a check. Processing...
2025-12-09 15:01:44 [INFO] CrateSpawner: Processing ConfigUniqueID: 'DefaultDynamicEvent_Example1' (CrateType: 'BS_Hacked_Crate')
2025-12-09 15:01:44 [INFO] CrateSpawner: Skipping ConfigUniqueID 'DefaultDynamicEvent_Example1'. Players required: 1, Current: 0
2025-12-09 15:01:44 [INFO] OnCrateSpawnTickPeriodic - Management Tick finished. Next check in 3600 seconds.
2025-12-09 16:01:44 [INFO] --------------------------------------------------------------------------
2025-12-09 16:01:44 [INFO] OnCrateSpawnTickPeriodic - Management Tick received. Evaluating individual crate configs...
2025-12-09 16:01:44 [INFO] --------------------------------------------------------------------------
2025-12-09 16:01:44 [INFO] Config 'DefaultDynamicEvent_Example1' is due for a check. Processing...
2025-12-09 16:01:44 [INFO] CrateSpawner: Processing ConfigUniqueID: 'DefaultDynamicEvent_Example1' (CrateType: 'BS_Hacked_Crate')
2025-12-09 16:01:44 [INFO] CrateSpawner: Skipping ConfigUniqueID 'DefaultDynamicEvent_Example1'. Players required: 1, Current: 0
2025-12-09 16:01:44 [INFO] OnCrateSpawnTickPeriodic - Management Tick finished. Next check in 3600 seconds.
2025-12-09 17:01:44 [INFO] --------------------------------------------------------------------------
2025-12-09 17:01:44 [INFO] OnCrateSpawnTickPeriodic - Management Tick received. Evaluating individual crate configs...
2025-12-09 17:01:44 [INFO] --------------------------------------------------------------------------
2025-12-09 17:01:44 [INFO] Config 'DefaultDynamicEvent_Example1' is due for a check. Processing...
2025-12-09 17:01:44 [INFO] CrateSpawner: Processing ConfigUniqueID: 'DefaultDynamicEvent_Example1' (CrateType: 'BS_Hacked_Crate')
2025-12-09 17:01:44 [INFO] CrateSpawner: Skipping ConfigUniqueID 'DefaultDynamicEvent_Example1'. Players required: 1, Current: 0
2025-12-09 17:01:44 [INFO] OnCrateSpawnTickPeriodic - Management Tick finished. Next check in 3600 seconds.
2025-12-09 18:01:44 [INFO] --------------------------------------------------------------------------
2025-12-09 18:01:44 [INFO] OnCrateSpawnTickPeriodic - Management Tick received. Evaluating individual crate configs...
2025-12-09 18:01:44 [INFO] --------------------------------------------------------------------------
2025-12-09 18:01:44 [INFO] Config 'DefaultDynamicEvent_Example1' is due for a check. Processing...
2025-12-09 18:01:44 [INFO] CrateSpawner: Processing ConfigUniqueID: 'DefaultDynamicEvent_Example1' (CrateType: 'BS_Hacked_Crate')
2025-12-09 18:01:44 [INFO] CrateSpawner: Skipping ConfigUniqueID 'DefaultDynamicEvent_Example1'. Players required: 1, Current: 0
2025-12-09 18:01:44 [INFO] OnCrateSpawnTickPeriodic - Management Tick finished. Next check in 3600 seconds.
2025-12-09 19:01:44 [INFO] --------------------------------------------------------------------------
2025-12-09 19:01:44 [INFO] OnCrateSpawnTickPeriodic - Management Tick received. Evaluating individual crate configs...
2025-12-09 19:01:44 [INFO] --------------------------------------------------------------------------
2025-12-09 19:01:44 [INFO] Config 'DefaultDynamicEvent_Example1' is due for a check. Processing...
2025-12-09 19:01:44 [INFO] CrateSpawner: Processing ConfigUniqueID: 'DefaultDynamicEvent_Example1' (CrateType: 'BS_Hacked_Crate')
2025-12-09 19:01:44 [INFO] CrateSpawner: Skipping ConfigUniqueID 'DefaultDynamicEvent_Example1'. Players required: 1, Current: 0
2025-12-09 19:01:44 [INFO] OnCrateSpawnTickPeriodic - Management Tick finished. Next check in 3600 seconds.
2025-12-09 20:01:44 [INFO] --------------------------------------------------------------------------
2025-12-09 20:01:44 [INFO] OnCrateSpawnTickPeriodic - Management Tick received. Evaluating individual crate configs...
2025-12-09 20:01:44 [INFO] --------------------------------------------------------------------------
2025-12-09 20:01:44 [INFO] Config 'DefaultDynamicEvent_Example1' is due for a check. Processing...
2025-12-09 20:01:44 [INFO] CrateSpawner: Processing ConfigUniqueID: 'DefaultDynamicEvent_Example1' (CrateType: 'BS_Hacked_Crate')
2025-12-09 20:01:44 [INFO] CrateSpawner: Skipping ConfigUniqueID 'DefaultDynamicEvent_Example1'. Players required: 1, Current: 0
2025-12-09 20:01:44 [INFO] OnCrateSpawnTickPeriodic - Management Tick finished. Next check in 3600 seconds.
2025-12-09 21:01:44 [INFO] --------------------------------------------------------------------------
2025-12-09 21:01:44 [INFO] OnCrateSpawnTickPeriodic - Management Tick received. Evaluating individual crate configs...
2025-12-09 21:01:44 [INFO] --------------------------------------------------------------------------
2025-12-09 21:01:44 [INFO] Config 'DefaultDynamicEvent_Example1' is due for a check. Processing...
2025-12-09 21:01:44 [INFO] CrateSpawner: Processing ConfigUniqueID: 'DefaultDynamicEvent_Example1' (CrateType: 'BS_Hacked_Crate')
2025-12-09 21:01:44 [INFO] CrateSpawner: Skipping ConfigUniqueID 'DefaultDynamicEvent_Example1'. Players required: 1, Current: 0
2025-12-09 21:01:44 [INFO] OnCrateSpawnTickPeriodic - Management Tick finished. Next check in 3600 seconds.
2025-12-09 22:01:44 [INFO] --------------------------------------------------------------------------
2025-12-09 22:01:44 [INFO] OnCrateSpawnTickPeriodic - Management Tick received. Evaluating individual crate configs...
2025-12-09 22:01:44 [INFO] --------------------------------------------------------------------------
2025-12-09 22:01:44 [INFO] Config 'DefaultDynamicEvent_Example1' is due for a check. Processing...
2025-12-09 22:01:44 [INFO] CrateSpawner: Processing ConfigUniqueID: 'DefaultDynamicEvent_Example1' (CrateType: 'BS_Hacked_Crate')
2025-12-09 22:01:44 [INFO] CrateSpawner: Skipping ConfigUniqueID 'DefaultDynamicEvent_Example1'. Players required: 1, Current: 0
2025-12-09 22:01:44 [INFO] OnCrateSpawnTickPeriodic - Management Tick finished. Next check in 3600 seconds.
2025-12-09 23:01:44 [INFO] --------------------------------------------------------------------------
2025-12-09 23:01:44 [INFO] OnCrateSpawnTickPeriodic - Management Tick received. Evaluating individual crate configs...
2025-12-09 23:01:44 [INFO] --------------------------------------------------------------------------
2025-12-09 23:01:44 [INFO] Config 'DefaultDynamicEvent_Example1' is due for a check. Processing...
2025-12-09 23:01:44 [INFO] CrateSpawner: Processing ConfigUniqueID: 'DefaultDynamicEvent_Example1' (CrateType: 'BS_Hacked_Crate')
2025-12-09 23:01:44 [INFO] CrateSpawner: Skipping ConfigUniqueID 'DefaultDynamicEvent_Example1'. Players required: 1, Current: 0
2025-12-09 23:01:44 [INFO] OnCrateSpawnTickPeriodic - Management Tick finished. Next check in 3600 seconds.
2025-12-10 00:01:44 [INFO] --------------------------------------------------------------------------
2025-12-10 00:01:44 [INFO] OnCrateSpawnTickPeriodic - Management Tick received. Evaluating individual crate configs...
2025-12-10 00:01:44 [INFO] --------------------------------------------------------------------------
2025-12-10 00:01:44 [INFO] Config 'DefaultDynamicEvent_Example1' is due for a check. Processing...
2025-12-10 00:01:44 [INFO] CrateSpawner: Processing ConfigUniqueID: 'DefaultDynamicEvent_Example1' (CrateType: 'BS_Hacked_Crate')
2025-12-10 00:01:44 [INFO] CrateSpawner: Skipping ConfigUniqueID 'DefaultDynamicEvent_Example1'. Players required: 1, Current: 0
2025-12-10 00:01:44 [INFO] OnCrateSpawnTickPeriodic - Management Tick finished. Next check in 3600 seconds.
2025-12-10 01:01:44 [INFO] --------------------------------------------------------------------------
2025-12-10 01:01:44 [INFO] OnCrateSpawnTickPeriodic - Management Tick received. Evaluating individual crate configs...
2025-12-10 01:01:44 [INFO] --------------------------------------------------------------------------
2025-12-10 01:01:44 [INFO] Config 'DefaultDynamicEvent_Example1' is due for a check. Processing...
2025-12-10 01:01:44 [INFO] CrateSpawner: Processing ConfigUniqueID: 'DefaultDynamicEvent_Example1' (CrateType: 'BS_Hacked_Crate')
2025-12-10 01:01:44 [INFO] CrateSpawner: Skipping ConfigUniqueID 'DefaultDynamicEvent_Example1'. Players required: 1, Current: 0
2025-12-10 01:01:44 [INFO] OnCrateSpawnTickPeriodic - Management Tick finished. Next check in 3600 seconds.
2025-12-10 02:01:44 [INFO] --------------------------------------------------------------------------
2025-12-10 02:01:44 [INFO] OnCrateSpawnTickPeriodic - Management Tick received. Evaluating individual crate configs...
2025-12-10 02:01:44 [INFO] --------------------------------------------------------------------------
2025-12-10 02:01:44 [INFO] Config 'DefaultDynamicEvent_Example1' is due for a check. Processing...
2025-12-10 02:01:44 [INFO] CrateSpawner: Processing ConfigUniqueID: 'DefaultDynamicEvent_Example1' (CrateType: 'BS_Hacked_Crate')
2025-12-10 02:01:44 [INFO] CrateSpawner: Skipping ConfigUniqueID 'DefaultDynamicEvent_Example1'. Players required: 1, Current: 0
2025-12-10 02:01:44 [INFO] OnCrateSpawnTickPeriodic - Management Tick finished. Next check in 3600 seconds.
2025-12-10 03:01:44 [INFO] --------------------------------------------------------------------------
2025-12-10 03:01:44 [INFO] OnCrateSpawnTickPeriodic - Management Tick received. Evaluating individual crate configs...
2025-12-10 03:01:44 [INFO] --------------------------------------------------------------------------
2025-12-10 03:01:44 [INFO] Config 'DefaultDynamicEvent_Example1' is due for a check. Processing...
2025-12-10 03:01:44 [INFO] CrateSpawner: Processing ConfigUniqueID: 'DefaultDynamicEvent_Example1' (CrateType: 'BS_Hacked_Crate')
2025-12-10 03:01:44 [INFO] CrateSpawner: Skipping ConfigUniqueID 'DefaultDynamicEvent_Example1'. Players required: 1, Current: 0
2025-12-10 03:01:44 [INFO] OnCrateSpawnTickPeriodic - Management Tick finished. Next check in 3600 seconds.
2025-12-10 04:01:44 [INFO] --------------------------------------------------------------------------
2025-12-10 04:01:44 [INFO] OnCrateSpawnTickPeriodic - Management Tick received. Evaluating individual crate configs...
2025-12-10 04:01:44 [INFO] --------------------------------------------------------------------------
2025-12-10 04:01:44 [INFO] Config 'DefaultDynamicEvent_Example1' is due for a check. Processing...
2025-12-10 04:01:44 [INFO] CrateSpawner: Processing ConfigUniqueID: 'DefaultDynamicEvent_Example1' (CrateType: 'BS_Hacked_Crate')
2025-12-10 04:01:44 [INFO] CrateSpawner: Skipping ConfigUniqueID 'DefaultDynamicEvent_Example1'. Players required: 1, Current: 0
2025-12-10 04:01:44 [INFO] OnCrateSpawnTickPeriodic - Management Tick finished. Next check in 3600 seconds.
