2025-11-13 09:30:21 [INFO] OnInit - Initializing Bastardos Hacked Crates System...
2025-11-13 09:30:21 [INFO] OnInit - Loading Hacked Crate Loot Configuration (loot_pools.json)...
2025-11-13 09:30:21 [INFO] [BSHCLootPoolConfig] Found loot_pools.json at: $profile:\Bastardo_HC\loot_pools.json
2025-11-13 09:30:21 [INFO] [BSHCLootPoolConfig] JsonLoadFile executed. Loaded 2 categories defined in the root.
2025-11-13 09:30:21 [INFO] [BSHCLootPoolConfig] Category 'DefaultArmaments' has 1 loot pools.
2025-11-13 09:30:21 [INFO] [BSHCLootPoolConfig] Category 'DefaultMedical' has 1 loot pools.
2025-11-13 09:30:21 [INFO] OnInit - Hacked Crate Loot Configuration processed successfully.
2025-11-13 09:30:21 [INFO] OnInit - Loading Hacked Crate settings (global, static, dynamic)...
2025-11-13 09:30:21 [INFO] CrateManagement instance created with default grace period and tick interval.
2025-11-13 09:30:21 [INFO] [BSHCGlobalServerSettings] Loading from: $profile:\Bastardo_HC\BS_Global_settings.json
2025-11-13 09:30:21 [INFO] [CrateConfigManager] Re-saved static_crates.json to include any new options.
2025-11-13 09:30:21 [INFO] [CrateConfigManager] Re-saved dynamic_crates.json to include any new options.
2025-11-13 09:30:21 [INFO] [CrateConfigManager] Static CrateManagement has been set.
2025-11-13 09:30:21 [INFO] CrateSpawner instance created.
2025-11-13 09:30:21 [INFO] OnInit - Crate Spawner created. Grace Period: 5 minutes. Periodic Tick: 3600 seconds.
2025-11-13 09:30:21 [INFO] OnInit - Bastardos Hacked Crates System Initialization sequence finished.
2025-11-13 09:30:24 [INFO] OnMissionStart - Server mission started. Scheduling Hacked Crate cleanup and initial spawn setup.
2025-11-13 09:30:24 [INFO] OnMissionStart - Immediate STATIC Crate spawn scheduled in 15 seconds.
2025-11-13 09:30:24 [INFO] OnMissionStart - Initial DYNAMIC Crate spawn scheduled in approx. 320 seconds.
2025-11-13 09:30:24 [INFO] OnMissionStart - Scheduling first PERIODIC Crate Spawn Tick in approx. 3600 seconds.
2025-11-13 09:30:41 [INFO] Inventory for BS_Hacked_Crate LOCKED. IsOpen: false LootAccessActionDone: false
2025-11-13 09:30:41 [INFO] OnStoreLoad: m_ConfigUniqueID_Persist set from storage to: 'DefaultStaticEvent_Example1' for BS_Hacked_Crate<2988301>
2025-11-13 09:30:41 [INFO] OnStoreLoad: FINISHED loading raw data into member variables for BS_Hacked_Crate<2988301>
2025-11-13 09:30:58 [INFO] DeferredEEInitLogic: START for BS_Hacked_Crate<2988301>. m_LoadedExpansionMarkerUID (should be from OnStoreLoad) is ''. Current m_ExpansionMarkerUID (active) is ''
2025-11-13 09:30:58 [INFO] GetCrateSettings: m_CrateSettings_Instance is NULL for BS_Hacked_Crate<2988301>. Calling AttemptToReacquireSettings().
2025-11-13 09:30:58 [INFO] HackedCrate_Base (BS_Hacked_Crate): Attempting to re-acquire CrateSettings. Persisted ConfigUniqueID is: 'DefaultStaticEvent_Example1'
2025-11-13 09:30:58 [INFO] HackedCrate_Base (BS_Hacked_Crate): Instance specific CrateSettings assigned. ConfigUniqueID: DefaultStaticEvent_Example1
2025-11-13 09:30:58 [INFO] HackedCrate_Base (BS_Hacked_Crate): Successfully re-acquired CrateSettings by persisted ConfigUniqueID 'DefaultStaticEvent_Example1'.
2025-11-13 09:30:58 [INFO] DeferredEEInitLogic: Settings acquired successfully for BS_Hacked_Crate<2988301>.
2025-11-13 09:30:58 [INFO] DeferredEEInitLogic: m_ExpansionMarkerUID is empty. Calling CreateExpansionMapMarker for BS_Hacked_Crate<2988301>.
2025-11-13 09:30:58 [INFO] EXP_DEBUG: Inside CreateExpansionMapMarker for BS_Hacked_Crate.UseExpansionMapMarker is true.
2025-11-13 09:30:58 [INFO] EXP_DEBUG: EXPANSIONMODNAVIGATION is NOT defined. No Expansion marker will be created.
2025-11-13 09:30:58 [INFO] DeferredEEInitLogic: AG DEBUG for BS_Hacked_Crate<2988301>
2025-11-13 09:30:58 [INFO] BSHC_AG_DEBUG: BSHC_CreateAdvancedGroupsMapMarker call.
2025-11-13 09:30:58 [INFO] BSHC_AG_DEBUG: Final Marker Name: '#STR_BSHC_HackedCrate_DisplayName'
2025-11-13 09:30:58 [INFO] BSHC_AG_DEBUG: Trying to create AG marker with name: #STR_BSHC_HackedCrate_DisplayName, Pos: <2471.820068, 193.177002, 5114.220215>, Icon: BS_HackedCrate/gui/iconcrate.paa, Color: -65536, ShowOnMap: true, ShowInWorld: true
2025-11-13 09:30:58 [INFO] BSHC_AG_DEBUG: LBStaticMarkerManager.Get is accessible.
2025-11-13 09:30:58 [INFO] BSHC_AG_DEBUG: Created AG marker (UID: 1664468630) for BS_Hacked_Crate
2025-11-13 09:30:58 [INFO] DeferredEEInitLogic: Final m_LootAccessActionDone for BS_Hacked_Crate<2988301> is: false
2025-11-13 09:30:58 [INFO] Inventory for BS_Hacked_Crate LOCKED. IsOpen: false LootAccessActionDone: false
2025-11-13 09:30:58 [INFO] DeferredEEInitLogic: FINISHED for BS_Hacked_Crate<2988301>
2025-11-13 09:30:58 [INFO] DeferredEEInitLogic: Re-added persistent crate BS_Hacked_Crate to g_ActiveHackedCrates list.
2025-11-13 09:31:26 [INFO] DeleteHackedCratesFromKnownLocations - Starting cleanup of Hacked Crates from KNOWN SPAWN LOCATIONS as defined in configurations...
2025-11-13 09:31:26 [INFO] DeleteHackedCratesFromKnownLocations - Deleting INACTIVE: BS_Hacked_Crate (ID: 2988301) found at configured spawn Pos: <2471.820068, 193.177002, 5114.220215> for CrateType BS_Hacked_Crate
2025-11-13 09:31:26 [INFO] EEDelete called for BS_Hacked_Crate at <2471.820068, 193.177002, 5114.220215>
2025-11-13 09:31:26 [INFO] EXP_REMOVE_DEBUG: Attempting RemoveExpansionMapMarker. Context: EEDelete. Current UID: '' for BS_Hacked_Crate<2988301>
2025-11-13 09:31:26 [INFO] EXP_REMOVE_DEBUG: EXPANSIONMODNAVIGATION NOT defined. Cannot remove marker. Context: EEDelete for BS_Hacked_Crate<2988301>
2025-11-13 09:31:26 [INFO] BSHC_AG_DEBUG: BSHC_RemoveAdvancedGroupsMapMarker called.
2025-11-13 09:31:26 [INFO] BSHC_AG_DEBUG: Removing AG marker UID: 1664468630
2025-11-13 09:31:26 [INFO] BSHC_AG_DEBUG: AG marker UID 1664468630 successfully removed.
2025-11-13 09:31:26 [INFO] HackedCrate (BS_Hacked_Crate): Sending RPC Notification. Type: DESPAWN, Key: #STR_BSHC_Notification_Despawn_Located
2025-11-13 09:31:26 [INFO] EEDelete: Removed BS_Hacked_Crate from g_ActiveHackedCrates. Remaining count: 0
2025-11-13 09:31:26 [INFO] DeleteHackedCratesFromKnownLocations - Cleanup from known locations finished. Total inactive Hacked Crates (matching type and location) deleted: 1
2025-11-13 09:31:31 [INFO] PerformImmediateStaticSpawn - Calling CrateSpawner to setup STATIC Hacked Crates...
2025-11-13 09:31:31 [INFO] CrateSpawner: ------------- Starting IMMEDIATE STATIC Spawn Pass -------------
2025-11-13 09:31:31 [INFO] CrateSpawner: Processing IMMEDIATE STATIC for ConfigUniqueID: 'DefaultStaticEvent_Example1'.
2025-11-13 09:31:31 [INFO] SpawnStaticCrates: Processing 1 static locations for ConfigUniqueID: 'DefaultStaticEvent_Example1'.
2025-11-13 09:31:31 [INFO] SpawnStaticCrates: Location <2471.820068, 193.177002, 5114.220215> is free. Attempting to spawn crate.
2025-11-13 09:31:31 [INFO] Inventory for BS_Hacked_Crate LOCKED. IsOpen: false LootAccessActionDone: false
2025-11-13 09:31:31 [INFO] HackedCrate_Base (BS_Hacked_Crate): Instance specific CrateSettings assigned. ConfigUniqueID: DefaultStaticEvent_Example1
2025-11-13 09:31:31 [INFO] CrateSpawner: Standard Notification RPC sent. Key: #STR_BSHC_Notification_Spawn_Located
2025-11-13 09:31:31 [INFO] [SpawnAIAroundCrate] Spawning 2 AI(s) next to the crate.
2025-11-13 09:31:31 [INFO] [SpawnAIAroundCrate] Successfully spawned ZmbM_SoldierNormal at <2462.226563, 193.102020, 5119.354004>
2025-11-13 09:31:31 [INFO] [SpawnAIAroundCrate] Successfully spawned ZmbM_SoldierNormal at <2467.181885, 193.054962, 5125.313477>
2025-11-13 09:31:31 [INFO] CrateSpawner: ------------- Finished IMMEDIATE STATIC Spawn Pass -------------
2025-11-13 09:31:31 [INFO] DeferredEEInitLogic: START for BS_Hacked_Crate<3011027>. m_LoadedExpansionMarkerUID (should be from OnStoreLoad) is ''. Current m_ExpansionMarkerUID (active) is ''
2025-11-13 09:31:31 [INFO] DeferredEEInitLogic: Settings acquired successfully for BS_Hacked_Crate<3011027>.
2025-11-13 09:31:31 [INFO] DeferredEEInitLogic: m_ExpansionMarkerUID is empty. Calling CreateExpansionMapMarker for BS_Hacked_Crate<3011027>.
2025-11-13 09:31:31 [INFO] EXP_DEBUG: Inside CreateExpansionMapMarker for BS_Hacked_Crate.UseExpansionMapMarker is true.
2025-11-13 09:31:31 [INFO] EXP_DEBUG: EXPANSIONMODNAVIGATION is NOT defined. No Expansion marker will be created.
2025-11-13 09:31:31 [INFO] DeferredEEInitLogic: AG DEBUG for BS_Hacked_Crate<3011027>
2025-11-13 09:31:31 [INFO] BSHC_AG_DEBUG: BSHC_CreateAdvancedGroupsMapMarker call.
2025-11-13 09:31:31 [INFO] BSHC_AG_DEBUG: Final Marker Name: '#STR_BSHC_HackedCrate_DisplayName'
2025-11-13 09:31:31 [INFO] BSHC_AG_DEBUG: Trying to create AG marker with name: #STR_BSHC_HackedCrate_DisplayName, Pos: <2471.820068, 193.177002, 5114.220215>, Icon: BS_HackedCrate/gui/iconcrate.paa, Color: -65536, ShowOnMap: true, ShowInWorld: true
2025-11-13 09:31:31 [INFO] BSHC_AG_DEBUG: LBStaticMarkerManager.Get is accessible.
2025-11-13 09:31:31 [INFO] BSHC_AG_DEBUG: Created AG marker (UID: 1159039622) for BS_Hacked_Crate
2025-11-13 09:31:31 [INFO] DeferredEEInitLogic: Final m_LootAccessActionDone for BS_Hacked_Crate<3011027> is: false
2025-11-13 09:31:31 [INFO] Inventory for BS_Hacked_Crate LOCKED. IsOpen: false LootAccessActionDone: false
2025-11-13 09:31:31 [INFO] DeferredEEInitLogic: FINISHED for BS_Hacked_Crate<3011027>
2025-11-13 09:36:36 [INFO] PerformInitialDynamicSpawn - Grace period ended. Calling CrateSpawner to setup initial DYNAMIC Hacked Crates...
2025-11-13 09:36:36 [INFO] CrateSpawner: ------------- Starting INITIAL DYNAMIC Spawn Pass (Post-Grace) -------------
2025-11-13 09:36:36 [INFO] CrateSpawner: Current server population for dynamic spawn: 1 players.
2025-11-13 09:36:36 [INFO] CrateSpawner: Processing DYNAMIC for ConfigUniqueID: 'DefaultDynamicEvent_Example1'.
2025-11-13 09:36:36 [INFO] CrateSpawner: Attempting to spawn 2 for ConfigUniqueID: 'DefaultDynamicEvent_Example1'.
2025-11-13 09:36:36 [INFO] SpawnRandomCrates: Attempting to spawn 2 of type 'BS_Hacked_Crate' with ConfigUniqueID 'DefaultDynamicEvent_Example1'.
2025-11-13 09:36:36 [INFO] SpawnRandomCrates: Shuffled list for 'DefaultDynamicEvent_Example1' is empty or non-existent. Regenerating and shuffling.
2025-11-13 09:36:36 [INFO] CrateSpawner: Sending spawn warning for 'BS_Hacked_Crate' at VMC
2025-11-13 09:36:36 [INFO] CrateSpawner: Added to pending list for ConfigUniqueID 'DefaultDynamicEvent_Example1'. New pending count: 1
2025-11-13 09:36:36 [INFO] CrateSpawner: Sending spawn warning for 'BS_Hacked_Crate' at Airfield
2025-11-13 09:36:36 [INFO] CrateSpawner: Added to pending list for ConfigUniqueID 'DefaultDynamicEvent_Example1'. New pending count: 2
2025-11-13 09:36:36 [INFO] CrateSpawner: ------------- Finished INITIAL DYNAMIC Spawn Pass -------------
2025-11-13 09:46:36 [INFO] SpawnCrateAfterWarning: Timer finished. Spawning crate BS_Hacked_Crate. Removed from pending list. New pending count: 1
2025-11-13 09:46:36 [INFO] Inventory for BS_Hacked_Crate LOCKED. IsOpen: false LootAccessActionDone: false
2025-11-13 09:46:36 [INFO] HackedCrate_Base (BS_Hacked_Crate): Instance specific CrateSettings assigned. ConfigUniqueID: DefaultDynamicEvent_Example1
2025-11-13 09:46:36 [INFO] CrateSpawner: Standard Notification RPC sent. Key: #STR_BSHC_Notification_Spawn_Located
2025-11-13 09:46:36 [INFO] [SpawnAIAroundCrate] Spawning 3 AI(s) next to the crate.
2025-11-13 09:46:36 [INFO] [SpawnAIAroundCrate] Successfully spawned ZmbM_SoldierNormal at <4572.255859, 317.796326, 8364.963867>
2025-11-13 09:46:36 [INFO] [SpawnAIAroundCrate] Successfully spawned ZmbM_SoldierNormal at <4557.050781, 317.988098, 8338.436523>
2025-11-13 09:46:36 [INFO] [SpawnAIAroundCrate] Successfully spawned ZmbM_SoldierNormal at <4570.530273, 317.980499, 8338.391602>
2025-11-13 09:46:36 [INFO] SpawnCrateAfterWarning: Timer finished. Spawning crate BS_Hacked_Crate. Removed from pending list. New pending count: 0
2025-11-13 09:46:36 [INFO] Inventory for BS_Hacked_Crate LOCKED. IsOpen: false LootAccessActionDone: false
2025-11-13 09:46:36 [INFO] HackedCrate_Base (BS_Hacked_Crate): Instance specific CrateSettings assigned. ConfigUniqueID: DefaultDynamicEvent_Example1
2025-11-13 09:46:36 [INFO] CrateSpawner: Standard Notification RPC sent. Key: #STR_BSHC_Notification_Spawn_Located
2025-11-13 09:46:36 [INFO] [SpawnAIAroundCrate] Spawning 1 AI(s) next to the crate.
2025-11-13 09:46:36 [INFO] [SpawnAIAroundCrate] Successfully spawned ZmbM_SoldierNormal at <4747.101563, 339.000000, 10346.166992>
2025-11-13 09:46:36 [INFO] DeferredEEInitLogic: START for BS_Hacked_Crate<3015728>. m_LoadedExpansionMarkerUID (should be from OnStoreLoad) is ''. Current m_ExpansionMarkerUID (active) is ''
2025-11-13 09:46:36 [INFO] DeferredEEInitLogic: Settings acquired successfully for BS_Hacked_Crate<3015728>.
2025-11-13 09:46:36 [INFO] DeferredEEInitLogic: m_ExpansionMarkerUID is empty. Calling CreateExpansionMapMarker for BS_Hacked_Crate<3015728>.
2025-11-13 09:46:36 [INFO] EXP_DEBUG: Inside CreateExpansionMapMarker for BS_Hacked_Crate.UseExpansionMapMarker is true.
2025-11-13 09:46:36 [INFO] EXP_DEBUG: EXPANSIONMODNAVIGATION is NOT defined. No Expansion marker will be created.
2025-11-13 09:46:36 [INFO] DeferredEEInitLogic: AG DEBUG for BS_Hacked_Crate<3015728>
2025-11-13 09:46:36 [INFO] BSHC_AG_DEBUG: BSHC_CreateAdvancedGroupsMapMarker call.
2025-11-13 09:46:36 [INFO] BSHC_AG_DEBUG: Final Marker Name: '#STR_BSHC_HackedCrate_DisplayName'
2025-11-13 09:46:36 [INFO] BSHC_AG_DEBUG: Trying to create AG marker with name: #STR_BSHC_HackedCrate_DisplayName, Pos: <4553.689941, 317.975006, 8352.099609>, Icon: BS_HackedCrate/gui/iconcrate.paa, Color: -65536, ShowOnMap: true, ShowInWorld: true
2025-11-13 09:46:36 [INFO] BSHC_AG_DEBUG: LBStaticMarkerManager.Get is accessible.
2025-11-13 09:46:36 [INFO] BSHC_AG_DEBUG: Created AG marker (UID: 592463664) for BS_Hacked_Crate
2025-11-13 09:46:36 [INFO] DeferredEEInitLogic: Final m_LootAccessActionDone for BS_Hacked_Crate<3015728> is: false
2025-11-13 09:46:36 [INFO] Inventory for BS_Hacked_Crate LOCKED. IsOpen: false LootAccessActionDone: false
2025-11-13 09:46:36 [INFO] DeferredEEInitLogic: FINISHED for BS_Hacked_Crate<3015728>
2025-11-13 09:46:36 [INFO] DeferredEEInitLogic: START for BS_Hacked_Crate<3015732>. m_LoadedExpansionMarkerUID (should be from OnStoreLoad) is ''. Current m_ExpansionMarkerUID (active) is ''
2025-11-13 09:46:36 [INFO] DeferredEEInitLogic: Settings acquired successfully for BS_Hacked_Crate<3015732>.
2025-11-13 09:46:36 [INFO] DeferredEEInitLogic: m_ExpansionMarkerUID is empty. Calling CreateExpansionMapMarker for BS_Hacked_Crate<3015732>.
2025-11-13 09:46:36 [INFO] EXP_DEBUG: Inside CreateExpansionMapMarker for BS_Hacked_Crate.UseExpansionMapMarker is true.
2025-11-13 09:46:36 [INFO] EXP_DEBUG: EXPANSIONMODNAVIGATION is NOT defined. No Expansion marker will be created.
2025-11-13 09:46:36 [INFO] DeferredEEInitLogic: AG DEBUG for BS_Hacked_Crate<3015732>
2025-11-13 09:46:36 [INFO] BSHC_AG_DEBUG: BSHC_CreateAdvancedGroupsMapMarker call.
2025-11-13 09:46:36 [INFO] BSHC_AG_DEBUG: Final Marker Name: '#STR_BSHC_HackedCrate_DisplayName'
2025-11-13 09:46:36 [INFO] BSHC_AG_DEBUG: Trying to create AG marker with name: #STR_BSHC_HackedCrate_DisplayName, Pos: <4732.430176, 338.968994, 10350.200195>, Icon: BS_HackedCrate/gui/iconcrate.paa, Color: -65536, ShowOnMap: true, ShowInWorld: true
2025-11-13 09:46:36 [INFO] BSHC_AG_DEBUG: LBStaticMarkerManager.Get is accessible.
2025-11-13 09:46:36 [INFO] BSHC_AG_DEBUG: Created AG marker (UID: 1106019384) for BS_Hacked_Crate
2025-11-13 09:46:36 [INFO] DeferredEEInitLogic: Final m_LootAccessActionDone for BS_Hacked_Crate<3015732> is: false
2025-11-13 09:46:36 [INFO] Inventory for BS_Hacked_Crate LOCKED. IsOpen: false LootAccessActionDone: false
2025-11-13 09:46:36 [INFO] DeferredEEInitLogic: FINISHED for BS_Hacked_Crate<3015732>
2025-11-13 10:31:16 [INFO] --------------------------------------------------------------------------
2025-11-13 10:31:16 [INFO] OnCrateSpawnTickPeriodic - Management Tick received. Evaluating individual crate configs...
2025-11-13 10:31:16 [INFO] --------------------------------------------------------------------------
2025-11-13 10:31:16 [INFO] Config 'DefaultDynamicEvent_Example1' is due for a check. Processing...
2025-11-13 10:31:16 [INFO] CrateSpawner: Processing ConfigUniqueID: 'DefaultDynamicEvent_Example1' (CrateType: 'BS_Hacked_Crate')
2025-11-13 10:31:16 [INFO] CrateSpawner: Skipping ConfigUniqueID 'DefaultDynamicEvent_Example1'. Players required: 1, Current: 0
2025-11-13 10:31:16 [INFO] OnCrateSpawnTickPeriodic - Management Tick finished. Next check in 3600 seconds.
2025-11-13 11:31:16 [INFO] --------------------------------------------------------------------------
2025-11-13 11:31:16 [INFO] OnCrateSpawnTickPeriodic - Management Tick received. Evaluating individual crate configs...
2025-11-13 11:31:16 [INFO] --------------------------------------------------------------------------
2025-11-13 11:31:16 [INFO] Config 'DefaultDynamicEvent_Example1' is due for a check. Processing...
2025-11-13 11:31:16 [INFO] CrateSpawner: Processing ConfigUniqueID: 'DefaultDynamicEvent_Example1' (CrateType: 'BS_Hacked_Crate')
2025-11-13 11:31:16 [INFO] CrateSpawner: Skipping ConfigUniqueID 'DefaultDynamicEvent_Example1'. Players required: 1, Current: 0
2025-11-13 11:31:16 [INFO] OnCrateSpawnTickPeriodic - Management Tick finished. Next check in 3600 seconds.
2025-11-13 12:31:16 [INFO] --------------------------------------------------------------------------
2025-11-13 12:31:16 [INFO] OnCrateSpawnTickPeriodic - Management Tick received. Evaluating individual crate configs...
2025-11-13 12:31:16 [INFO] --------------------------------------------------------------------------
2025-11-13 12:31:16 [INFO] Config 'DefaultDynamicEvent_Example1' is due for a check. Processing...
2025-11-13 12:31:16 [INFO] CrateSpawner: Processing ConfigUniqueID: 'DefaultDynamicEvent_Example1' (CrateType: 'BS_Hacked_Crate')
2025-11-13 12:31:16 [INFO] CrateSpawner: Skipping ConfigUniqueID 'DefaultDynamicEvent_Example1'. Players required: 1, Current: 0
2025-11-13 12:31:16 [INFO] OnCrateSpawnTickPeriodic - Management Tick finished. Next check in 3600 seconds.
2025-11-13 13:31:16 [INFO] --------------------------------------------------------------------------
2025-11-13 13:31:16 [INFO] OnCrateSpawnTickPeriodic - Management Tick received. Evaluating individual crate configs...
2025-11-13 13:31:16 [INFO] --------------------------------------------------------------------------
2025-11-13 13:31:16 [INFO] Config 'DefaultDynamicEvent_Example1' is due for a check. Processing...
2025-11-13 13:31:16 [INFO] CrateSpawner: Processing ConfigUniqueID: 'DefaultDynamicEvent_Example1' (CrateType: 'BS_Hacked_Crate')
2025-11-13 13:31:16 [INFO] CrateSpawner: Skipping ConfigUniqueID 'DefaultDynamicEvent_Example1'. Players required: 1, Current: 0
2025-11-13 13:31:16 [INFO] OnCrateSpawnTickPeriodic - Management Tick finished. Next check in 3600 seconds.
2025-11-13 14:31:16 [INFO] --------------------------------------------------------------------------
2025-11-13 14:31:16 [INFO] OnCrateSpawnTickPeriodic - Management Tick received. Evaluating individual crate configs...
2025-11-13 14:31:16 [INFO] --------------------------------------------------------------------------
2025-11-13 14:31:16 [INFO] Config 'DefaultDynamicEvent_Example1' is due for a check. Processing...
2025-11-13 14:31:16 [INFO] CrateSpawner: Processing ConfigUniqueID: 'DefaultDynamicEvent_Example1' (CrateType: 'BS_Hacked_Crate')
2025-11-13 14:31:16 [INFO] CrateSpawner: Skipping ConfigUniqueID 'DefaultDynamicEvent_Example1'. Players required: 1, Current: 0
2025-11-13 14:31:16 [INFO] OnCrateSpawnTickPeriodic - Management Tick finished. Next check in 3600 seconds.
2025-11-13 15:31:16 [INFO] --------------------------------------------------------------------------
2025-11-13 15:31:16 [INFO] OnCrateSpawnTickPeriodic - Management Tick received. Evaluating individual crate configs...
2025-11-13 15:31:16 [INFO] --------------------------------------------------------------------------
2025-11-13 15:31:16 [INFO] Config 'DefaultDynamicEvent_Example1' is due for a check. Processing...
2025-11-13 15:31:16 [INFO] CrateSpawner: Processing ConfigUniqueID: 'DefaultDynamicEvent_Example1' (CrateType: 'BS_Hacked_Crate')
2025-11-13 15:31:16 [INFO] CrateSpawner: Skipping ConfigUniqueID 'DefaultDynamicEvent_Example1'. Players required: 1, Current: 0
2025-11-13 15:31:16 [INFO] OnCrateSpawnTickPeriodic - Management Tick finished. Next check in 3600 seconds.
2025-11-13 16:31:16 [INFO] --------------------------------------------------------------------------
2025-11-13 16:31:16 [INFO] OnCrateSpawnTickPeriodic - Management Tick received. Evaluating individual crate configs...
2025-11-13 16:31:16 [INFO] --------------------------------------------------------------------------
2025-11-13 16:31:16 [INFO] Config 'DefaultDynamicEvent_Example1' is due for a check. Processing...
2025-11-13 16:31:16 [INFO] CrateSpawner: Processing ConfigUniqueID: 'DefaultDynamicEvent_Example1' (CrateType: 'BS_Hacked_Crate')
2025-11-13 16:31:16 [INFO] CrateSpawner: Skipping ConfigUniqueID 'DefaultDynamicEvent_Example1'. Players required: 1, Current: 0
2025-11-13 16:31:16 [INFO] OnCrateSpawnTickPeriodic - Management Tick finished. Next check in 3600 seconds.
2025-11-13 17:31:16 [INFO] --------------------------------------------------------------------------
2025-11-13 17:31:16 [INFO] OnCrateSpawnTickPeriodic - Management Tick received. Evaluating individual crate configs...
2025-11-13 17:31:16 [INFO] --------------------------------------------------------------------------
2025-11-13 17:31:16 [INFO] Config 'DefaultDynamicEvent_Example1' is due for a check. Processing...
2025-11-13 17:31:16 [INFO] CrateSpawner: Processing ConfigUniqueID: 'DefaultDynamicEvent_Example1' (CrateType: 'BS_Hacked_Crate')
2025-11-13 17:31:16 [INFO] CrateSpawner: Skipping ConfigUniqueID 'DefaultDynamicEvent_Example1'. Players required: 1, Current: 0
2025-11-13 17:31:16 [INFO] OnCrateSpawnTickPeriodic - Management Tick finished. Next check in 3600 seconds.
2025-11-13 18:31:16 [INFO] --------------------------------------------------------------------------
2025-11-13 18:31:16 [INFO] OnCrateSpawnTickPeriodic - Management Tick received. Evaluating individual crate configs...
2025-11-13 18:31:16 [INFO] --------------------------------------------------------------------------
2025-11-13 18:31:16 [INFO] Config 'DefaultDynamicEvent_Example1' is due for a check. Processing...
2025-11-13 18:31:16 [INFO] CrateSpawner: Processing ConfigUniqueID: 'DefaultDynamicEvent_Example1' (CrateType: 'BS_Hacked_Crate')
2025-11-13 18:31:16 [INFO] CrateSpawner: Skipping ConfigUniqueID 'DefaultDynamicEvent_Example1'. Players required: 1, Current: 0
2025-11-13 18:31:16 [INFO] OnCrateSpawnTickPeriodic - Management Tick finished. Next check in 3600 seconds.
2025-11-13 19:31:16 [INFO] --------------------------------------------------------------------------
2025-11-13 19:31:16 [INFO] OnCrateSpawnTickPeriodic - Management Tick received. Evaluating individual crate configs...
2025-11-13 19:31:16 [INFO] --------------------------------------------------------------------------
2025-11-13 19:31:16 [INFO] Config 'DefaultDynamicEvent_Example1' is due for a check. Processing...
2025-11-13 19:31:16 [INFO] CrateSpawner: Processing ConfigUniqueID: 'DefaultDynamicEvent_Example1' (CrateType: 'BS_Hacked_Crate')
2025-11-13 19:31:16 [INFO] CrateSpawner: Skipping ConfigUniqueID 'DefaultDynamicEvent_Example1'. Players required: 1, Current: 0
2025-11-13 19:31:16 [INFO] OnCrateSpawnTickPeriodic - Management Tick finished. Next check in 3600 seconds.
2025-11-13 20:31:16 [INFO] --------------------------------------------------------------------------
2025-11-13 20:31:16 [INFO] OnCrateSpawnTickPeriodic - Management Tick received. Evaluating individual crate configs...
2025-11-13 20:31:16 [INFO] --------------------------------------------------------------------------
2025-11-13 20:31:16 [INFO] Config 'DefaultDynamicEvent_Example1' is due for a check. Processing...
2025-11-13 20:31:16 [INFO] CrateSpawner: Processing ConfigUniqueID: 'DefaultDynamicEvent_Example1' (CrateType: 'BS_Hacked_Crate')
2025-11-13 20:31:16 [INFO] CrateSpawner: Skipping ConfigUniqueID 'DefaultDynamicEvent_Example1'. Players required: 1, Current: 0
2025-11-13 20:31:16 [INFO] OnCrateSpawnTickPeriodic - Management Tick finished. Next check in 3600 seconds.
2025-11-13 21:31:16 [INFO] --------------------------------------------------------------------------
2025-11-13 21:31:16 [INFO] OnCrateSpawnTickPeriodic - Management Tick received. Evaluating individual crate configs...
2025-11-13 21:31:16 [INFO] --------------------------------------------------------------------------
2025-11-13 21:31:16 [INFO] Config 'DefaultDynamicEvent_Example1' is due for a check. Processing...
2025-11-13 21:31:16 [INFO] CrateSpawner: Processing ConfigUniqueID: 'DefaultDynamicEvent_Example1' (CrateType: 'BS_Hacked_Crate')
2025-11-13 21:31:16 [INFO] CrateSpawner: Skipping ConfigUniqueID 'DefaultDynamicEvent_Example1'. Players required: 1, Current: 0
2025-11-13 21:31:16 [INFO] OnCrateSpawnTickPeriodic - Management Tick finished. Next check in 3600 seconds.
2025-11-13 22:31:16 [INFO] --------------------------------------------------------------------------
2025-11-13 22:31:16 [INFO] OnCrateSpawnTickPeriodic - Management Tick received. Evaluating individual crate configs...
2025-11-13 22:31:16 [INFO] --------------------------------------------------------------------------
2025-11-13 22:31:16 [INFO] Config 'DefaultDynamicEvent_Example1' is due for a check. Processing...
2025-11-13 22:31:16 [INFO] CrateSpawner: Processing ConfigUniqueID: 'DefaultDynamicEvent_Example1' (CrateType: 'BS_Hacked_Crate')
2025-11-13 22:31:16 [INFO] CrateSpawner: Skipping ConfigUniqueID 'DefaultDynamicEvent_Example1'. Players required: 1, Current: 0
2025-11-13 22:31:16 [INFO] OnCrateSpawnTickPeriodic - Management Tick finished. Next check in 3600 seconds.
2025-11-13 23:31:16 [INFO] --------------------------------------------------------------------------
2025-11-13 23:31:16 [INFO] OnCrateSpawnTickPeriodic - Management Tick received. Evaluating individual crate configs...
2025-11-13 23:31:16 [INFO] --------------------------------------------------------------------------
2025-11-13 23:31:16 [INFO] Config 'DefaultDynamicEvent_Example1' is due for a check. Processing...
2025-11-13 23:31:16 [INFO] CrateSpawner: Processing ConfigUniqueID: 'DefaultDynamicEvent_Example1' (CrateType: 'BS_Hacked_Crate')
2025-11-13 23:31:16 [INFO] CrateSpawner: Skipping ConfigUniqueID 'DefaultDynamicEvent_Example1'. Players required: 1, Current: 0
2025-11-13 23:31:16 [INFO] OnCrateSpawnTickPeriodic - Management Tick finished. Next check in 3600 seconds.
2025-11-14 00:31:16 [INFO] --------------------------------------------------------------------------
2025-11-14 00:31:16 [INFO] OnCrateSpawnTickPeriodic - Management Tick received. Evaluating individual crate configs...
2025-11-14 00:31:16 [INFO] --------------------------------------------------------------------------
2025-11-14 00:31:16 [INFO] Config 'DefaultDynamicEvent_Example1' is due for a check. Processing...
2025-11-14 00:31:16 [INFO] CrateSpawner: Processing ConfigUniqueID: 'DefaultDynamicEvent_Example1' (CrateType: 'BS_Hacked_Crate')
2025-11-14 00:31:16 [INFO] CrateSpawner: Skipping ConfigUniqueID 'DefaultDynamicEvent_Example1'. Players required: 1, Current: 0
2025-11-14 00:31:16 [INFO] OnCrateSpawnTickPeriodic - Management Tick finished. Next check in 3600 seconds.
2025-11-14 01:31:16 [INFO] --------------------------------------------------------------------------
2025-11-14 01:31:16 [INFO] OnCrateSpawnTickPeriodic - Management Tick received. Evaluating individual crate configs...
2025-11-14 01:31:16 [INFO] --------------------------------------------------------------------------
2025-11-14 01:31:16 [INFO] Config 'DefaultDynamicEvent_Example1' is due for a check. Processing...
2025-11-14 01:31:16 [INFO] CrateSpawner: Processing ConfigUniqueID: 'DefaultDynamicEvent_Example1' (CrateType: 'BS_Hacked_Crate')
2025-11-14 01:31:16 [INFO] CrateSpawner: Skipping ConfigUniqueID 'DefaultDynamicEvent_Example1'. Players required: 1, Current: 0
2025-11-14 01:31:16 [INFO] OnCrateSpawnTickPeriodic - Management Tick finished. Next check in 3600 seconds.
2025-11-14 02:22:46 [INFO] EEDelete called for BS_Hacked_Crate at <2471.820068, 193.177002, 5114.220215>
2025-11-14 02:22:46 [INFO] EXP_REMOVE_DEBUG: Attempting RemoveExpansionMapMarker. Context: EEDelete. Current UID: '' for BS_Hacked_Crate<3011027>
2025-11-14 02:22:46 [INFO] EXP_REMOVE_DEBUG: EXPANSIONMODNAVIGATION NOT defined. Cannot remove marker. Context: EEDelete for BS_Hacked_Crate<3011027>
2025-11-14 02:22:46 [INFO] BSHC_AG_DEBUG: BSHC_RemoveAdvancedGroupsMapMarker called.
2025-11-14 02:22:46 [INFO] BSHC_AG_DEBUG: Removing AG marker UID: 1159039622
2025-11-14 02:22:46 [INFO] BSHC_AG_DEBUG: AG marker UID 1159039622 successfully removed.
2025-11-14 02:22:46 [INFO] HackedCrate (BS_Hacked_Crate): Sending RPC Notification. Type: DESPAWN, Key: #STR_BSHC_Notification_Despawn_Located
2025-11-14 02:22:46 [INFO] EEDelete: Removed BS_Hacked_Crate from g_ActiveHackedCrates. Remaining count: 2
2025-11-14 02:31:16 [INFO] --------------------------------------------------------------------------
2025-11-14 02:31:16 [INFO] OnCrateSpawnTickPeriodic - Management Tick received. Evaluating individual crate configs...
2025-11-14 02:31:16 [INFO] --------------------------------------------------------------------------
2025-11-14 02:31:16 [INFO] Config 'DefaultDynamicEvent_Example1' is due for a check. Processing...
2025-11-14 02:31:16 [INFO] CrateSpawner: Processing ConfigUniqueID: 'DefaultDynamicEvent_Example1' (CrateType: 'BS_Hacked_Crate')
2025-11-14 02:31:16 [INFO] CrateSpawner: Handling RANDOM for ConfigUniqueID: 'DefaultDynamicEvent_Example1'.
2025-11-14 02:31:16 [INFO] CrateSpawner: ConfigUniqueID 'DefaultDynamicEvent_Example1' - Existing: 2, Target Active: 2
2025-11-14 02:31:16 [INFO] OnCrateSpawnTickPeriodic - Management Tick finished. Next check in 3600 seconds.
2025-11-14 02:35:19 [INFO] EEDelete called for BS_Hacked_Crate at <4732.430176, 338.968994, 10350.200195>
2025-11-14 02:35:19 [INFO] EXP_REMOVE_DEBUG: Attempting RemoveExpansionMapMarker. Context: EEDelete. Current UID: '' for BS_Hacked_Crate<3015732>
2025-11-14 02:35:19 [INFO] EXP_REMOVE_DEBUG: EXPANSIONMODNAVIGATION NOT defined. Cannot remove marker. Context: EEDelete for BS_Hacked_Crate<3015732>
2025-11-14 02:35:19 [INFO] BSHC_AG_DEBUG: BSHC_RemoveAdvancedGroupsMapMarker called.
2025-11-14 02:35:19 [INFO] BSHC_AG_DEBUG: Removing AG marker UID: 1106019384
2025-11-14 02:35:19 [INFO] BSHC_AG_DEBUG: AG marker UID 1106019384 successfully removed.
2025-11-14 02:35:19 [INFO] HackedCrate (BS_Hacked_Crate): Sending RPC Notification. Type: DESPAWN, Key: #STR_BSHC_Notification_Despawn_Located
2025-11-14 02:35:19 [INFO] EEDelete: Removed BS_Hacked_Crate from g_ActiveHackedCrates. Remaining count: 1
2025-11-14 03:31:16 [INFO] --------------------------------------------------------------------------
2025-11-14 03:31:16 [INFO] OnCrateSpawnTickPeriodic - Management Tick received. Evaluating individual crate configs...
2025-11-14 03:31:16 [INFO] --------------------------------------------------------------------------
2025-11-14 03:31:16 [INFO] Config 'DefaultDynamicEvent_Example1' is due for a check. Processing...
2025-11-14 03:31:16 [INFO] CrateSpawner: Processing ConfigUniqueID: 'DefaultDynamicEvent_Example1' (CrateType: 'BS_Hacked_Crate')
2025-11-14 03:31:16 [INFO] CrateSpawner: Skipping ConfigUniqueID 'DefaultDynamicEvent_Example1'. Players required: 1, Current: 0
2025-11-14 03:31:16 [INFO] OnCrateSpawnTickPeriodic - Management Tick finished. Next check in 3600 seconds.
2025-11-14 04:31:16 [INFO] --------------------------------------------------------------------------
2025-11-14 04:31:16 [INFO] OnCrateSpawnTickPeriodic - Management Tick received. Evaluating individual crate configs...
2025-11-14 04:31:16 [INFO] --------------------------------------------------------------------------
2025-11-14 04:31:16 [INFO] OnCrateSpawnTickPeriodic - Management Tick finished. Next check in 3600 seconds.
2025-11-14 04:38:54 [INFO] EEDelete called for BS_Hacked_Crate at <4553.689941, 317.975006, 8352.099609>
2025-11-14 04:38:54 [INFO] EXP_REMOVE_DEBUG: Attempting RemoveExpansionMapMarker. Context: EEDelete. Current UID: '' for BS_Hacked_Crate<3015728>
2025-11-14 04:38:54 [INFO] EXP_REMOVE_DEBUG: EXPANSIONMODNAVIGATION NOT defined. Cannot remove marker. Context: EEDelete for BS_Hacked_Crate<3015728>
2025-11-14 04:38:54 [INFO] BSHC_AG_DEBUG: BSHC_RemoveAdvancedGroupsMapMarker called.
2025-11-14 04:38:54 [INFO] BSHC_AG_DEBUG: Removing AG marker UID: 592463664
2025-11-14 04:38:54 [INFO] BSHC_AG_DEBUG: AG marker UID 592463664 successfully removed.
2025-11-14 04:38:54 [INFO] HackedCrate (BS_Hacked_Crate): Sending RPC Notification. Type: DESPAWN, Key: #STR_BSHC_Notification_Despawn_Located
2025-11-14 04:38:54 [INFO] EEDelete: Removed BS_Hacked_Crate from g_ActiveHackedCrates. Remaining count: 0
