2025-11-09 08:15:58 [INFO] OnInit - Initializing Bastardos Hacked Crates System...
2025-11-09 08:15:58 [INFO] OnInit - Loading Hacked Crate Loot Configuration (loot_pools.json)...
2025-11-09 08:15:58 [INFO] [BSHCLootPoolConfig] Found loot_pools.json at: $profile:\Bastardo_HC\loot_pools.json
2025-11-09 08:15:58 [INFO] [BSHCLootPoolConfig] JsonLoadFile executed. Loaded 2 categories defined in the root.
2025-11-09 08:15:58 [INFO] [BSHCLootPoolConfig] Category 'DefaultArmaments' has 1 loot pools.
2025-11-09 08:15:58 [INFO] [BSHCLootPoolConfig] Category 'DefaultMedical' has 1 loot pools.
2025-11-09 08:15:58 [INFO] OnInit - Hacked Crate Loot Configuration processed successfully.
2025-11-09 08:15:58 [INFO] OnInit - Loading Hacked Crate settings (global, static, dynamic)...
2025-11-09 08:15:58 [INFO] CrateManagement instance created with default grace period and tick interval.
2025-11-09 08:15:58 [INFO] [BSHCGlobalServerSettings] Loading from: $profile:\Bastardo_HC\BS_Global_settings.json
2025-11-09 08:15:58 [INFO] [CrateConfigManager] Re-saved static_crates.json to include any new options.
2025-11-09 08:15:58 [INFO] [CrateConfigManager] Re-saved dynamic_crates.json to include any new options.
2025-11-09 08:15:58 [INFO] [CrateConfigManager] Static CrateManagement has been set.
2025-11-09 08:15:58 [INFO] CrateSpawner instance created.
2025-11-09 08:15:58 [INFO] OnInit - Crate Spawner created. Grace Period: 5 minutes. Periodic Tick: 3600 seconds.
2025-11-09 08:15:58 [INFO] OnInit - Bastardos Hacked Crates System Initialization sequence finished.
2025-11-09 08:16:05 [INFO] OnMissionStart - Server mission started. Scheduling Hacked Crate cleanup and initial spawn setup.
2025-11-09 08:16:05 [INFO] OnMissionStart - Immediate STATIC Crate spawn scheduled in 15 seconds.
2025-11-09 08:16:05 [INFO] OnMissionStart - Initial DYNAMIC Crate spawn scheduled in approx. 320 seconds.
2025-11-09 08:16:05 [INFO] OnMissionStart - Scheduling first PERIODIC Crate Spawn Tick in approx. 3600 seconds.
2025-11-09 08:17:12 [INFO] DeleteHackedCratesFromKnownLocations - Starting cleanup of Hacked Crates from KNOWN SPAWN LOCATIONS as defined in configurations...
2025-11-09 08:17:12 [INFO] DeleteHackedCratesFromKnownLocations - Cleanup from known locations finished. Total inactive Hacked Crates (matching type and location) deleted: 0
2025-11-09 08:17:17 [INFO] PerformImmediateStaticSpawn - Calling CrateSpawner to setup STATIC Hacked Crates...
2025-11-09 08:17:17 [INFO] CrateSpawner: ------------- Starting IMMEDIATE STATIC Spawn Pass -------------
2025-11-09 08:17:17 [INFO] CrateSpawner: Processing IMMEDIATE STATIC for ConfigUniqueID: 'DefaultStaticEvent_Example1'.
2025-11-09 08:17:17 [INFO] SpawnStaticCrates: Processing 1 static locations for ConfigUniqueID: 'DefaultStaticEvent_Example1'.
2025-11-09 08:17:17 [INFO] SpawnStaticCrates: Location <2471.820068, 193.177002, 5114.220215> is free. Attempting to spawn crate.
2025-11-09 08:17:17 [INFO] Inventory for BS_Hacked_Crate LOCKED. IsOpen: false LootAccessActionDone: false
2025-11-09 08:17:17 [INFO] HackedCrate_Base (BS_Hacked_Crate): Instance specific CrateSettings assigned. ConfigUniqueID: DefaultStaticEvent_Example1
2025-11-09 08:17:17 [INFO] [SpawnAIAroundCrate] Spawning 1 AI(s) next to the crate.
2025-11-09 08:17:17 [INFO] [SpawnAIAroundCrate] Successfully spawned ZmbM_SoldierNormal at <2462.394775, 193.175735, 5109.492676>
2025-11-09 08:17:17 [INFO] CrateSpawner: ------------- Finished IMMEDIATE STATIC Spawn Pass -------------
2025-11-09 08:17:17 [INFO] DeferredEEInitLogic: START for BS_Hacked_Crate<3012377>. m_LoadedExpansionMarkerUID (should be from OnStoreLoad) is ''. Current m_ExpansionMarkerUID (active) is ''
2025-11-09 08:17:17 [INFO] DeferredEEInitLogic: Settings acquired successfully for BS_Hacked_Crate<3012377>.
2025-11-09 08:17:17 [INFO] DeferredEEInitLogic: m_ExpansionMarkerUID is empty. Calling CreateExpansionMapMarker for BS_Hacked_Crate<3012377>.
2025-11-09 08:17:17 [INFO] EXP_DEBUG: Inside CreateExpansionMapMarker for BS_Hacked_Crate.UseExpansionMapMarker is true.
2025-11-09 08:17:17 [INFO] EXP_DEBUG: EXPANSIONMODNAVIGATION is NOT defined. No Expansion marker will be created.
2025-11-09 08:17:17 [INFO] DeferredEEInitLogic: AG DEBUG for BS_Hacked_Crate<3012377>
2025-11-09 08:17:17 [INFO] BSHC_AG_DEBUG: BSHC_CreateAdvancedGroupsMapMarker call.
2025-11-09 08:17:17 [INFO] BSHC_AG_DEBUG: Final Marker Name: '#STR_BSHC_HackedCrate_DisplayName'
2025-11-09 08:17:17 [INFO] BSHC_AG_DEBUG: Trying to create AG marker with name: #STR_BSHC_HackedCrate_DisplayName, Pos: <2471.820068, 193.177002, 5114.220215>, Icon: BS_HackedCrate/gui/iconcrate.paa, Color: -65536, ShowOnMap: true, ShowInWorld: true
2025-11-09 08:17:17 [INFO] BSHC_AG_DEBUG: LBStaticMarkerManager.Get is accessible.
2025-11-09 08:17:17 [INFO] BSHC_AG_DEBUG: Created AG marker (UID: 1477816424) for BS_Hacked_Crate
2025-11-09 08:17:17 [INFO] DeferredEEInitLogic: Final m_LootAccessActionDone for BS_Hacked_Crate<3012377> is: false
2025-11-09 08:17:17 [INFO] Inventory for BS_Hacked_Crate LOCKED. IsOpen: false LootAccessActionDone: false
2025-11-09 08:17:17 [INFO] DeferredEEInitLogic: FINISHED for BS_Hacked_Crate<3012377>
2025-11-09 08:22:23 [INFO] PerformInitialDynamicSpawn - Grace period ended. Calling CrateSpawner to setup initial DYNAMIC Hacked Crates...
2025-11-09 08:22:23 [INFO] CrateSpawner: ------------- Starting INITIAL DYNAMIC Spawn Pass (Post-Grace) -------------
2025-11-09 08:22:23 [INFO] CrateSpawner: Current server population for dynamic spawn: 2 players.
2025-11-09 08:22:23 [INFO] CrateSpawner: Processing DYNAMIC for ConfigUniqueID: 'DefaultDynamicEvent_Example1'.
2025-11-09 08:22:23 [INFO] CrateSpawner: Attempting to spawn 2 for ConfigUniqueID: 'DefaultDynamicEvent_Example1'.
2025-11-09 08:22:23 [INFO] SpawnRandomCrates: Attempting to spawn 2 of type 'BS_Hacked_Crate' with ConfigUniqueID 'DefaultDynamicEvent_Example1'.
2025-11-09 08:22:23 [INFO] SpawnRandomCrates: Shuffled list for 'DefaultDynamicEvent_Example1' is empty or non-existent. Regenerating and shuffling.
2025-11-09 08:22:23 [INFO] CrateSpawner: Sending spawn warning for 'BS_Hacked_Crate' at Airfield
2025-11-09 08:22:23 [INFO] CrateSpawner: Added to pending list for ConfigUniqueID 'DefaultDynamicEvent_Example1'. New pending count: 1
2025-11-09 08:22:23 [INFO] CrateSpawner: Sending spawn warning for 'BS_Hacked_Crate' at VMC
2025-11-09 08:22:23 [INFO] CrateSpawner: Added to pending list for ConfigUniqueID 'DefaultDynamicEvent_Example1'. New pending count: 2
2025-11-09 08:22:23 [INFO] CrateSpawner: ------------- Finished INITIAL DYNAMIC Spawn Pass -------------
2025-11-09 08:32:23 [INFO] SpawnCrateAfterWarning: Timer finished. Spawning crate BS_Hacked_Crate. Removed from pending list. New pending count: 1
2025-11-09 08:32:23 [INFO] Inventory for BS_Hacked_Crate LOCKED. IsOpen: false LootAccessActionDone: false
2025-11-09 08:32:23 [INFO] HackedCrate_Base (BS_Hacked_Crate): Instance specific CrateSettings assigned. ConfigUniqueID: DefaultDynamicEvent_Example1
2025-11-09 08:32:23 [INFO] CrateSpawner: Standard Notification RPC sent. Key: #STR_BSHC_Notification_Spawn_Located
2025-11-09 08:32:23 [INFO] [SpawnAIAroundCrate] Spawning 3 AI(s) next to the crate.
2025-11-09 08:32:23 [INFO] [SpawnAIAroundCrate] Successfully spawned ZmbM_SoldierNormal at <4710.042480, 339.000000, 10343.208984>
2025-11-09 08:32:23 [INFO] [SpawnAIAroundCrate] Successfully spawned ZmbM_SoldierNormal at <4734.090820, 338.997314, 10365.421875>
2025-11-09 08:32:23 [INFO] [SpawnAIAroundCrate] Successfully spawned ZmbM_SoldierNormal at <4719.806152, 338.989990, 10354.814453>
2025-11-09 08:32:23 [INFO] SpawnCrateAfterWarning: Timer finished. Spawning crate BS_Hacked_Crate. Removed from pending list. New pending count: 0
2025-11-09 08:32:23 [INFO] Inventory for BS_Hacked_Crate LOCKED. IsOpen: false LootAccessActionDone: false
2025-11-09 08:32:23 [INFO] HackedCrate_Base (BS_Hacked_Crate): Instance specific CrateSettings assigned. ConfigUniqueID: DefaultDynamicEvent_Example1
2025-11-09 08:32:23 [INFO] CrateSpawner: Standard Notification RPC sent. Key: #STR_BSHC_Notification_Spawn_Located
2025-11-09 08:32:23 [INFO] [SpawnAIAroundCrate] Spawning 1 AI(s) next to the crate.
2025-11-09 08:32:23 [INFO] [SpawnAIAroundCrate] Successfully spawned ZmbM_SoldierNormal at <4555.501953, 317.989990, 8363.391602>
2025-11-09 08:32:23 [INFO] DeferredEEInitLogic: START for BS_Hacked_Crate<3015197>. m_LoadedExpansionMarkerUID (should be from OnStoreLoad) is ''. Current m_ExpansionMarkerUID (active) is ''
2025-11-09 08:32:23 [INFO] DeferredEEInitLogic: Settings acquired successfully for BS_Hacked_Crate<3015197>.
2025-11-09 08:32:23 [INFO] DeferredEEInitLogic: m_ExpansionMarkerUID is empty. Calling CreateExpansionMapMarker for BS_Hacked_Crate<3015197>.
2025-11-09 08:32:23 [INFO] EXP_DEBUG: Inside CreateExpansionMapMarker for BS_Hacked_Crate.UseExpansionMapMarker is true.
2025-11-09 08:32:23 [INFO] EXP_DEBUG: EXPANSIONMODNAVIGATION is NOT defined. No Expansion marker will be created.
2025-11-09 08:32:23 [INFO] DeferredEEInitLogic: AG DEBUG for BS_Hacked_Crate<3015197>
2025-11-09 08:32:23 [INFO] BSHC_AG_DEBUG: BSHC_CreateAdvancedGroupsMapMarker call.
2025-11-09 08:32:23 [INFO] BSHC_AG_DEBUG: Final Marker Name: '#STR_BSHC_HackedCrate_DisplayName'
2025-11-09 08:32:23 [INFO] BSHC_AG_DEBUG: Trying to create AG marker with name: #STR_BSHC_HackedCrate_DisplayName, Pos: <4732.430176, 338.968994, 10350.200195>, Icon: BS_HackedCrate/gui/iconcrate.paa, Color: -65536, ShowOnMap: true, ShowInWorld: true
2025-11-09 08:32:23 [INFO] BSHC_AG_DEBUG: LBStaticMarkerManager.Get is accessible.
2025-11-09 08:32:23 [INFO] BSHC_AG_DEBUG: Created AG marker (UID: 1824577950) for BS_Hacked_Crate
2025-11-09 08:32:23 [INFO] DeferredEEInitLogic: Final m_LootAccessActionDone for BS_Hacked_Crate<3015197> is: false
2025-11-09 08:32:23 [INFO] Inventory for BS_Hacked_Crate LOCKED. IsOpen: false LootAccessActionDone: false
2025-11-09 08:32:23 [INFO] DeferredEEInitLogic: FINISHED for BS_Hacked_Crate<3015197>
2025-11-09 08:32:23 [INFO] DeferredEEInitLogic: START for BS_Hacked_Crate<3015201>. m_LoadedExpansionMarkerUID (should be from OnStoreLoad) is ''. Current m_ExpansionMarkerUID (active) is ''
2025-11-09 08:32:23 [INFO] DeferredEEInitLogic: Settings acquired successfully for BS_Hacked_Crate<3015201>.
2025-11-09 08:32:23 [INFO] DeferredEEInitLogic: m_ExpansionMarkerUID is empty. Calling CreateExpansionMapMarker for BS_Hacked_Crate<3015201>.
2025-11-09 08:32:23 [INFO] EXP_DEBUG: Inside CreateExpansionMapMarker for BS_Hacked_Crate.UseExpansionMapMarker is true.
2025-11-09 08:32:23 [INFO] EXP_DEBUG: EXPANSIONMODNAVIGATION is NOT defined. No Expansion marker will be created.
2025-11-09 08:32:23 [INFO] DeferredEEInitLogic: AG DEBUG for BS_Hacked_Crate<3015201>
2025-11-09 08:32:23 [INFO] BSHC_AG_DEBUG: BSHC_CreateAdvancedGroupsMapMarker call.
2025-11-09 08:32:23 [INFO] BSHC_AG_DEBUG: Final Marker Name: '#STR_BSHC_HackedCrate_DisplayName'
2025-11-09 08:32:23 [INFO] BSHC_AG_DEBUG: Trying to create AG marker with name: #STR_BSHC_HackedCrate_DisplayName, Pos: <4553.689941, 317.975006, 8352.099609>, Icon: BS_HackedCrate/gui/iconcrate.paa, Color: -65536, ShowOnMap: true, ShowInWorld: true
2025-11-09 08:32:23 [INFO] BSHC_AG_DEBUG: LBStaticMarkerManager.Get is accessible.
2025-11-09 08:32:23 [INFO] BSHC_AG_DEBUG: Created AG marker (UID: 370945245) for BS_Hacked_Crate
2025-11-09 08:32:23 [INFO] DeferredEEInitLogic: Final m_LootAccessActionDone for BS_Hacked_Crate<3015201> is: false
2025-11-09 08:32:23 [INFO] Inventory for BS_Hacked_Crate LOCKED. IsOpen: false LootAccessActionDone: false
2025-11-09 08:32:23 [INFO] DeferredEEInitLogic: FINISHED for BS_Hacked_Crate<3015201>
