2025-11-27 05:00:58 [INFO] OnInit - Initializing Bastardos Hacked Crates System...
2025-11-27 05:00:58 [INFO] OnInit - Loading Hacked Crate Loot Configuration (loot_pools.json)...
2025-11-27 05:00:58 [INFO] [BSHCLootPoolConfig] Found loot_pools.json at: $profile:\Bastardo_HC\loot_pools.json
2025-11-27 05:00:58 [INFO] [BSHCLootPoolConfig] JsonLoadFile executed. Loaded 2 categories defined in the root.
2025-11-27 05:00:58 [INFO] [BSHCLootPoolConfig] Category 'DefaultArmaments' has 1 loot pools.
2025-11-27 05:00:58 [INFO] [BSHCLootPoolConfig] Category 'DefaultMedical' has 1 loot pools.
2025-11-27 05:00:58 [INFO] OnInit - Hacked Crate Loot Configuration processed successfully.
2025-11-27 05:00:58 [INFO] OnInit - Loading Hacked Crate settings (global, static, dynamic)...
2025-11-27 05:00:58 [INFO] CrateManagement instance created with default grace period and tick interval.
2025-11-27 05:00:58 [INFO] [BSHCGlobalServerSettings] Loading from: $profile:\Bastardo_HC\BS_Global_settings.json
2025-11-27 05:00:58 [INFO] [CrateConfigManager] Re-saved static_crates.json to include any new options.
2025-11-27 05:00:58 [INFO] [CrateConfigManager] Re-saved dynamic_crates.json to include any new options.
2025-11-27 05:00:58 [INFO] [CrateConfigManager] Static CrateManagement has been set.
2025-11-27 05:00:58 [INFO] CrateSpawner instance created.
2025-11-27 05:00:58 [INFO] OnInit - Crate Spawner created. Grace Period: 5 minutes. Periodic Tick: 3600 seconds.
2025-11-27 05:00:58 [INFO] OnInit - Bastardos Hacked Crates System Initialization sequence finished.
2025-11-27 05:01:05 [INFO] OnMissionStart - Server mission started. Scheduling Hacked Crate cleanup and initial spawn setup.
2025-11-27 05:01:05 [INFO] OnMissionStart - Immediate STATIC Crate spawn scheduled in 15 seconds.
2025-11-27 05:01:05 [INFO] OnMissionStart - Initial DYNAMIC Crate spawn scheduled in approx. 320 seconds.
2025-11-27 05:01:05 [INFO] OnMissionStart - Scheduling first PERIODIC Crate Spawn Tick in approx. 3600 seconds.
2025-11-27 05:02:05 [INFO] DeleteHackedCratesFromKnownLocations - Starting cleanup of Hacked Crates from KNOWN SPAWN LOCATIONS as defined in configurations...
2025-11-27 05:02:05 [INFO] DeleteHackedCratesFromKnownLocations - Cleanup from known locations finished. Total inactive Hacked Crates (matching type and location) deleted: 0
2025-11-27 05:02:10 [INFO] PerformImmediateStaticSpawn - Calling CrateSpawner to setup STATIC Hacked Crates...
2025-11-27 05:02:10 [INFO] CrateSpawner: ------------- Starting IMMEDIATE STATIC Spawn Pass -------------
2025-11-27 05:02:10 [INFO] CrateSpawner: Processing IMMEDIATE STATIC for ConfigUniqueID: 'DefaultStaticEvent_Example1'.
2025-11-27 05:02:10 [INFO] SpawnStaticCrates: Processing 1 static locations for ConfigUniqueID: 'DefaultStaticEvent_Example1'.
2025-11-27 05:02:10 [INFO] SpawnStaticCrates: Location <2471.820068, 193.177002, 5114.220215> is free. Attempting to spawn crate.
2025-11-27 05:02:10 [INFO] Inventory for BS_Hacked_Crate LOCKED. IsOpen: false LootAccessActionDone: false
2025-11-27 05:02:10 [INFO] HackedCrate_Base (BS_Hacked_Crate): Instance specific CrateSettings assigned. ConfigUniqueID: DefaultStaticEvent_Example1
2025-11-27 05:02:10 [INFO] [SpawnAIAroundCrate] Spawning 2 AI(s) next to the crate.
2025-11-27 05:02:10 [INFO] [SpawnAIAroundCrate] Successfully spawned ZmbM_SoldierNormal at <2475.562988, 193.004227, 5131.558594>
2025-11-27 05:02:10 [INFO] [SpawnAIAroundCrate] Successfully spawned ZmbM_SoldierNormal at <2467.604736, 193.235519, 5096.276367>
2025-11-27 05:02:10 [INFO] CrateSpawner: ------------- Finished IMMEDIATE STATIC Spawn Pass -------------
2025-11-27 05:02:10 [INFO] DeferredEEInitLogic: START for BS_Hacked_Crate<3009389>. m_LoadedExpansionMarkerUID (should be from OnStoreLoad) is ''. Current m_ExpansionMarkerUID (active) is ''
2025-11-27 05:02:10 [INFO] DeferredEEInitLogic: Settings acquired successfully for BS_Hacked_Crate<3009389>.
2025-11-27 05:02:10 [INFO] DeferredEEInitLogic: m_ExpansionMarkerUID is empty. Calling CreateExpansionMapMarker for BS_Hacked_Crate<3009389>.
2025-11-27 05:02:10 [INFO] EXP_DEBUG: Inside CreateExpansionMapMarker for BS_Hacked_Crate.UseExpansionMapMarker is true.
2025-11-27 05:02:10 [INFO] EXP_DEBUG: EXPANSIONMODNAVIGATION is NOT defined. No Expansion marker will be created.
2025-11-27 05:02:10 [INFO] DeferredEEInitLogic: AG DEBUG for BS_Hacked_Crate<3009389>
2025-11-27 05:02:10 [INFO] BSHC_AG_DEBUG: BSHC_CreateAdvancedGroupsMapMarker call.
2025-11-27 05:02:10 [INFO] BSHC_AG_DEBUG: Final Marker Name: '#STR_BSHC_HackedCrate_DisplayName'
2025-11-27 05:02:10 [INFO] BSHC_AG_DEBUG: Trying to create AG marker with name: #STR_BSHC_HackedCrate_DisplayName, Pos: <2471.820068, 193.177002, 5114.220215>, Icon: BS_HackedCrate/gui/iconcrate.paa, Color: -65536, ShowOnMap: true, ShowInWorld: true
2025-11-27 05:02:10 [INFO] BSHC_AG_DEBUG: LBStaticMarkerManager.Get is accessible.
2025-11-27 05:02:10 [INFO] BSHC_AG_DEBUG: Created AG marker (UID: 1547024545) for BS_Hacked_Crate
2025-11-27 05:02:10 [INFO] DeferredEEInitLogic: Final m_LootAccessActionDone for BS_Hacked_Crate<3009389> is: false
2025-11-27 05:02:10 [INFO] Inventory for BS_Hacked_Crate LOCKED. IsOpen: false LootAccessActionDone: false
2025-11-27 05:02:10 [INFO] DeferredEEInitLogic: FINISHED for BS_Hacked_Crate<3009389>
2025-11-27 05:07:15 [INFO] PerformInitialDynamicSpawn - Grace period ended. Calling CrateSpawner to setup initial DYNAMIC Hacked Crates...
2025-11-27 05:07:15 [INFO] CrateSpawner: ------------- Starting INITIAL DYNAMIC Spawn Pass (Post-Grace) -------------
2025-11-27 05:07:15 [INFO] CrateSpawner: Current server population for dynamic spawn: 0 players.
2025-11-27 05:07:15 [INFO] CrateSpawner: Processing DYNAMIC for ConfigUniqueID: 'DefaultDynamicEvent_Example1'.
2025-11-27 05:07:15 [INFO] CrateSpawner: Skipping ConfigUniqueID 'DefaultDynamicEvent_Example1'. Players required: 1, Current: 0
2025-11-27 05:07:15 [INFO] CrateSpawner: ------------- Finished INITIAL DYNAMIC Spawn Pass -------------
2025-11-27 06:01:55 [INFO] --------------------------------------------------------------------------
2025-11-27 06:01:55 [INFO] OnCrateSpawnTickPeriodic - Management Tick received. Evaluating individual crate configs...
2025-11-27 06:01:55 [INFO] --------------------------------------------------------------------------
2025-11-27 06:01:55 [INFO] Config 'DefaultDynamicEvent_Example1' is due for a check. Processing...
2025-11-27 06:01:55 [INFO] CrateSpawner: Processing ConfigUniqueID: 'DefaultDynamicEvent_Example1' (CrateType: 'BS_Hacked_Crate')
2025-11-27 06:01:55 [INFO] CrateSpawner: Skipping ConfigUniqueID 'DefaultDynamicEvent_Example1'. Players required: 1, Current: 0
2025-11-27 06:01:55 [INFO] OnCrateSpawnTickPeriodic - Management Tick finished. Next check in 3600 seconds.
2025-11-27 07:01:55 [INFO] --------------------------------------------------------------------------
2025-11-27 07:01:55 [INFO] OnCrateSpawnTickPeriodic - Management Tick received. Evaluating individual crate configs...
2025-11-27 07:01:55 [INFO] --------------------------------------------------------------------------
2025-11-27 07:01:55 [INFO] OnCrateSpawnTickPeriodic - Management Tick finished. Next check in 3600 seconds.
2025-11-27 08:01:55 [INFO] --------------------------------------------------------------------------
2025-11-27 08:01:55 [INFO] OnCrateSpawnTickPeriodic - Management Tick received. Evaluating individual crate configs...
2025-11-27 08:01:55 [INFO] --------------------------------------------------------------------------
2025-11-27 08:01:55 [INFO] Config 'DefaultDynamicEvent_Example1' is due for a check. Processing...
2025-11-27 08:01:55 [INFO] CrateSpawner: Processing ConfigUniqueID: 'DefaultDynamicEvent_Example1' (CrateType: 'BS_Hacked_Crate')
2025-11-27 08:01:55 [INFO] CrateSpawner: Skipping ConfigUniqueID 'DefaultDynamicEvent_Example1'. Players required: 1, Current: 0
2025-11-27 08:01:55 [INFO] OnCrateSpawnTickPeriodic - Management Tick finished. Next check in 3600 seconds.
2025-11-27 09:01:55 [INFO] --------------------------------------------------------------------------
2025-11-27 09:01:55 [INFO] OnCrateSpawnTickPeriodic - Management Tick received. Evaluating individual crate configs...
2025-11-27 09:01:55 [INFO] --------------------------------------------------------------------------
2025-11-27 09:01:55 [INFO] Config 'DefaultDynamicEvent_Example1' is due for a check. Processing...
2025-11-27 09:01:55 [INFO] CrateSpawner: Processing ConfigUniqueID: 'DefaultDynamicEvent_Example1' (CrateType: 'BS_Hacked_Crate')
2025-11-27 09:01:55 [INFO] CrateSpawner: Skipping ConfigUniqueID 'DefaultDynamicEvent_Example1'. Players required: 1, Current: 0
2025-11-27 09:01:55 [INFO] OnCrateSpawnTickPeriodic - Management Tick finished. Next check in 3600 seconds.
2025-11-27 10:01:55 [INFO] --------------------------------------------------------------------------
2025-11-27 10:01:55 [INFO] OnCrateSpawnTickPeriodic - Management Tick received. Evaluating individual crate configs...
2025-11-27 10:01:55 [INFO] --------------------------------------------------------------------------
2025-11-27 10:01:55 [INFO] OnCrateSpawnTickPeriodic - Management Tick finished. Next check in 3600 seconds.
2025-11-27 11:01:55 [INFO] --------------------------------------------------------------------------
2025-11-27 11:01:55 [INFO] OnCrateSpawnTickPeriodic - Management Tick received. Evaluating individual crate configs...
2025-11-27 11:01:55 [INFO] --------------------------------------------------------------------------
2025-11-27 11:01:55 [INFO] Config 'DefaultDynamicEvent_Example1' is due for a check. Processing...
2025-11-27 11:01:55 [INFO] CrateSpawner: Processing ConfigUniqueID: 'DefaultDynamicEvent_Example1' (CrateType: 'BS_Hacked_Crate')
2025-11-27 11:01:55 [INFO] CrateSpawner: Skipping ConfigUniqueID 'DefaultDynamicEvent_Example1'. Players required: 1, Current: 0
2025-11-27 11:01:55 [INFO] OnCrateSpawnTickPeriodic - Management Tick finished. Next check in 3600 seconds.
2025-11-27 12:01:55 [INFO] --------------------------------------------------------------------------
2025-11-27 12:01:55 [INFO] OnCrateSpawnTickPeriodic - Management Tick received. Evaluating individual crate configs...
2025-11-27 12:01:55 [INFO] --------------------------------------------------------------------------
2025-11-27 12:01:55 [INFO] Config 'DefaultDynamicEvent_Example1' is due for a check. Processing...
2025-11-27 12:01:55 [INFO] CrateSpawner: Processing ConfigUniqueID: 'DefaultDynamicEvent_Example1' (CrateType: 'BS_Hacked_Crate')
2025-11-27 12:01:55 [INFO] CrateSpawner: Skipping ConfigUniqueID 'DefaultDynamicEvent_Example1'. Players required: 1, Current: 0
2025-11-27 12:01:55 [INFO] OnCrateSpawnTickPeriodic - Management Tick finished. Next check in 3600 seconds.
2025-11-27 13:01:55 [INFO] --------------------------------------------------------------------------
2025-11-27 13:01:55 [INFO] OnCrateSpawnTickPeriodic - Management Tick received. Evaluating individual crate configs...
2025-11-27 13:01:55 [INFO] --------------------------------------------------------------------------
2025-11-27 13:01:55 [INFO] Config 'DefaultDynamicEvent_Example1' is due for a check. Processing...
2025-11-27 13:01:55 [INFO] CrateSpawner: Processing ConfigUniqueID: 'DefaultDynamicEvent_Example1' (CrateType: 'BS_Hacked_Crate')
2025-11-27 13:01:55 [INFO] CrateSpawner: Skipping ConfigUniqueID 'DefaultDynamicEvent_Example1'. Players required: 1, Current: 0
2025-11-27 13:01:55 [INFO] OnCrateSpawnTickPeriodic - Management Tick finished. Next check in 3600 seconds.
2025-11-27 13:45:55 [INFO] EEDelete called for BS_Hacked_Crate at <2471.820068, 193.177002, 5114.220215>
2025-11-27 13:45:55 [INFO] EXP_REMOVE_DEBUG: Attempting RemoveExpansionMapMarker. Context: EEDelete. Current UID: '' for BS_Hacked_Crate<3009389>
2025-11-27 13:45:55 [INFO] EXP_REMOVE_DEBUG: EXPANSIONMODNAVIGATION NOT defined. Cannot remove marker. Context: EEDelete for BS_Hacked_Crate<3009389>
2025-11-27 13:45:55 [INFO] BSHC_AG_DEBUG: BSHC_RemoveAdvancedGroupsMapMarker called.
2025-11-27 13:45:55 [INFO] BSHC_AG_DEBUG: Removing AG marker UID: 1547024545
2025-11-27 13:45:55 [INFO] BSHC_AG_DEBUG: AG marker UID 1547024545 successfully removed.
2025-11-27 13:45:55 [INFO] HackedCrate (BS_Hacked_Crate): Sending RPC Notification. Type: DESPAWN, Key: #STR_BSHC_Notification_Despawn_Located
2025-11-27 13:45:55 [INFO] EEDelete: Removed BS_Hacked_Crate from g_ActiveHackedCrates. Remaining count: 0
2025-11-27 14:01:55 [INFO] --------------------------------------------------------------------------
2025-11-27 14:01:55 [INFO] OnCrateSpawnTickPeriodic - Management Tick received. Evaluating individual crate configs...
2025-11-27 14:01:55 [INFO] --------------------------------------------------------------------------
2025-11-27 14:01:55 [INFO] Config 'DefaultDynamicEvent_Example1' is due for a check. Processing...
2025-11-27 14:01:55 [INFO] CrateSpawner: Processing ConfigUniqueID: 'DefaultDynamicEvent_Example1' (CrateType: 'BS_Hacked_Crate')
2025-11-27 14:01:55 [INFO] CrateSpawner: Handling RANDOM for ConfigUniqueID: 'DefaultDynamicEvent_Example1'.
2025-11-27 14:01:55 [INFO] CrateSpawner: ConfigUniqueID 'DefaultDynamicEvent_Example1' - Existing: 0, Target Active: 1
2025-11-27 14:01:55 [INFO] CrateSpawner: Attempting to spawn 1 for ConfigUniqueID: 'DefaultDynamicEvent_Example1'.
2025-11-27 14:01:55 [INFO] SpawnRandomCrates: Attempting to spawn 1 of type 'BS_Hacked_Crate' with ConfigUniqueID 'DefaultDynamicEvent_Example1'.
2025-11-27 14:01:55 [INFO] SpawnRandomCrates: Shuffled list for 'DefaultDynamicEvent_Example1' is empty or non-existent. Regenerating and shuffling.
2025-11-27 14:01:55 [INFO] CrateSpawner: Sending spawn warning for 'BS_Hacked_Crate' at VMC
2025-11-27 14:01:55 [INFO] CrateSpawner: Added to pending list for ConfigUniqueID 'DefaultDynamicEvent_Example1'. New pending count: 1
2025-11-27 14:01:55 [INFO] OnCrateSpawnTickPeriodic - Management Tick finished. Next check in 3600 seconds.
2025-11-27 14:11:55 [INFO] SpawnCrateAfterWarning: Timer finished. Spawning crate BS_Hacked_Crate. Removed from pending list. New pending count: 0
2025-11-27 14:11:55 [INFO] Inventory for BS_Hacked_Crate LOCKED. IsOpen: false LootAccessActionDone: false
2025-11-27 14:11:55 [INFO] HackedCrate_Base (BS_Hacked_Crate): Instance specific CrateSettings assigned. ConfigUniqueID: DefaultDynamicEvent_Example1
2025-11-27 14:11:55 [INFO] CrateSpawner: Standard Notification RPC sent. Key: #STR_BSHC_Notification_Spawn_Located
2025-11-27 14:11:55 [INFO] [SpawnAIAroundCrate] Spawning 2 AI(s) next to the crate.
2025-11-27 14:11:55 [INFO] [SpawnAIAroundCrate] Successfully spawned ZmbM_SoldierNormal at <4572.140137, 317.796173, 8362.890625>
2025-11-27 14:11:55 [INFO] [SpawnAIAroundCrate] Successfully spawned ZmbM_SoldierNormal at <4572.757324, 317.952667, 8338.904297>
2025-11-27 14:11:55 [INFO] DeferredEEInitLogic: START for BS_Hacked_Crate<3019783>. m_LoadedExpansionMarkerUID (should be from OnStoreLoad) is ''. Current m_ExpansionMarkerUID (active) is ''
2025-11-27 14:11:55 [INFO] DeferredEEInitLogic: Settings acquired successfully for BS_Hacked_Crate<3019783>.
2025-11-27 14:11:55 [INFO] DeferredEEInitLogic: AG DEBUG for BS_Hacked_Crate<3019783>
2025-11-27 14:11:55 [INFO] BSHC_AG_DEBUG: BSHC_CreateAdvancedGroupsMapMarker call.
2025-11-27 14:11:55 [INFO] BSHC_AG_DEBUG: Final Marker Name: '#STR_BSHC_HackedCrate_DisplayName'
2025-11-27 14:11:55 [INFO] BSHC_AG_DEBUG: Trying to create AG marker with name: #STR_BSHC_HackedCrate_DisplayName, Pos: <4553.689941, 317.975006, 8352.099609>, Icon: BS_HackedCrate/gui/iconcrate.paa, Color: -65536, ShowOnMap: true, ShowInWorld: true
2025-11-27 14:11:55 [INFO] BSHC_AG_DEBUG: LBStaticMarkerManager.Get is accessible.
2025-11-27 14:11:55 [INFO] BSHC_AG_DEBUG: Created AG marker (UID: 826696455) for BS_Hacked_Crate
2025-11-27 14:11:55 [INFO] DeferredEEInitLogic: Final m_LootAccessActionDone for BS_Hacked_Crate<3019783> is: false
2025-11-27 14:11:55 [INFO] Inventory for BS_Hacked_Crate LOCKED. IsOpen: false LootAccessActionDone: false
2025-11-27 14:11:55 [INFO] DeferredEEInitLogic: FINISHED for BS_Hacked_Crate<3019783>
2025-11-27 15:01:55 [INFO] --------------------------------------------------------------------------
2025-11-27 15:01:55 [INFO] OnCrateSpawnTickPeriodic - Management Tick received. Evaluating individual crate configs...
2025-11-27 15:01:55 [INFO] --------------------------------------------------------------------------
2025-11-27 15:01:55 [INFO] Config 'DefaultDynamicEvent_Example1' is due for a check. Processing...
2025-11-27 15:01:55 [INFO] CrateSpawner: Processing ConfigUniqueID: 'DefaultDynamicEvent_Example1' (CrateType: 'BS_Hacked_Crate')
2025-11-27 15:01:55 [INFO] CrateSpawner: Skipping ConfigUniqueID 'DefaultDynamicEvent_Example1'. Players required: 1, Current: 0
2025-11-27 15:01:55 [INFO] OnCrateSpawnTickPeriodic - Management Tick finished. Next check in 3600 seconds.
2025-11-27 15:43:37 [INFO] EEDelete called for BS_Hacked_Crate at <4553.689941, 317.975006, 8352.099609>
2025-11-27 15:43:37 [INFO] EXP_REMOVE_DEBUG: Attempting RemoveExpansionMapMarker. Context: EEDelete. Current UID: '' for BS_Hacked_Crate<3019783>
2025-11-27 15:43:37 [INFO] EXP_REMOVE_DEBUG: EXPANSIONMODNAVIGATION NOT defined. Cannot remove marker. Context: EEDelete for BS_Hacked_Crate<3019783>
2025-11-27 15:43:37 [INFO] BSHC_AG_DEBUG: BSHC_RemoveAdvancedGroupsMapMarker called.
2025-11-27 15:43:37 [INFO] BSHC_AG_DEBUG: Removing AG marker UID: 826696455
2025-11-27 15:43:37 [INFO] BSHC_AG_DEBUG: AG marker UID 826696455 successfully removed.
2025-11-27 15:43:37 [INFO] HackedCrate (BS_Hacked_Crate): Sending RPC Notification. Type: DESPAWN, Key: #STR_BSHC_Notification_Despawn_Located
2025-11-27 15:43:37 [INFO] EEDelete: Removed BS_Hacked_Crate from g_ActiveHackedCrates. Remaining count: 0
2025-11-27 16:01:55 [INFO] --------------------------------------------------------------------------
2025-11-27 16:01:55 [INFO] OnCrateSpawnTickPeriodic - Management Tick received. Evaluating individual crate configs...
2025-11-27 16:01:55 [INFO] --------------------------------------------------------------------------
2025-11-27 16:01:55 [INFO] Config 'DefaultDynamicEvent_Example1' is due for a check. Processing...
2025-11-27 16:01:55 [INFO] CrateSpawner: Processing ConfigUniqueID: 'DefaultDynamicEvent_Example1' (CrateType: 'BS_Hacked_Crate')
2025-11-27 16:01:55 [INFO] CrateSpawner: Handling RANDOM for ConfigUniqueID: 'DefaultDynamicEvent_Example1'.
2025-11-27 16:01:55 [INFO] CrateSpawner: ConfigUniqueID 'DefaultDynamicEvent_Example1' - Existing: 0, Target Active: 1
2025-11-27 16:01:55 [INFO] CrateSpawner: Attempting to spawn 1 for ConfigUniqueID: 'DefaultDynamicEvent_Example1'.
2025-11-27 16:01:55 [INFO] SpawnRandomCrates: Attempting to spawn 1 of type 'BS_Hacked_Crate' with ConfigUniqueID 'DefaultDynamicEvent_Example1'.
2025-11-27 16:01:55 [INFO] CrateSpawner: Sending spawn warning for 'BS_Hacked_Crate' at Airfield
2025-11-27 16:01:55 [INFO] CrateSpawner: Added to pending list for ConfigUniqueID 'DefaultDynamicEvent_Example1'. New pending count: 1
2025-11-27 16:01:55 [INFO] OnCrateSpawnTickPeriodic - Management Tick finished. Next check in 3600 seconds.
2025-11-27 16:11:55 [INFO] SpawnCrateAfterWarning: Timer finished. Spawning crate BS_Hacked_Crate. Removed from pending list. New pending count: 0
2025-11-27 16:11:55 [INFO] Inventory for BS_Hacked_Crate LOCKED. IsOpen: false LootAccessActionDone: false
2025-11-27 16:11:55 [INFO] HackedCrate_Base (BS_Hacked_Crate): Instance specific CrateSettings assigned. ConfigUniqueID: DefaultDynamicEvent_Example1
2025-11-27 16:11:55 [INFO] CrateSpawner: Standard Notification RPC sent. Key: #STR_BSHC_Notification_Spawn_Located
2025-11-27 16:11:55 [INFO] [SpawnAIAroundCrate] Spawning 1 AI(s) next to the crate.
2025-11-27 16:11:55 [INFO] [SpawnAIAroundCrate] Successfully spawned ZmbM_SoldierNormal at <4733.802734, 339.000000, 10362.081055>
2025-11-27 16:11:55 [INFO] DeferredEEInitLogic: START for BS_Hacked_Crate<3027672>. m_LoadedExpansionMarkerUID (should be from OnStoreLoad) is ''. Current m_ExpansionMarkerUID (active) is ''
2025-11-27 16:11:55 [INFO] DeferredEEInitLogic: Settings acquired successfully for BS_Hacked_Crate<3027672>.
2025-11-27 16:11:55 [INFO] DeferredEEInitLogic: AG DEBUG for BS_Hacked_Crate<3027672>
2025-11-27 16:11:55 [INFO] BSHC_AG_DEBUG: BSHC_CreateAdvancedGroupsMapMarker call.
2025-11-27 16:11:55 [INFO] BSHC_AG_DEBUG: Final Marker Name: '#STR_BSHC_HackedCrate_DisplayName'
2025-11-27 16:11:55 [INFO] BSHC_AG_DEBUG: Trying to create AG marker with name: #STR_BSHC_HackedCrate_DisplayName, Pos: <4732.430176, 338.968994, 10350.200195>, Icon: BS_HackedCrate/gui/iconcrate.paa, Color: -65536, ShowOnMap: true, ShowInWorld: true
2025-11-27 16:11:55 [INFO] BSHC_AG_DEBUG: LBStaticMarkerManager.Get is accessible.
2025-11-27 16:11:55 [INFO] BSHC_AG_DEBUG: Created AG marker (UID: 867788777) for BS_Hacked_Crate
2025-11-27 16:11:55 [INFO] DeferredEEInitLogic: Final m_LootAccessActionDone for BS_Hacked_Crate<3027672> is: false
2025-11-27 16:11:55 [INFO] Inventory for BS_Hacked_Crate LOCKED. IsOpen: false LootAccessActionDone: false
2025-11-27 16:11:55 [INFO] DeferredEEInitLogic: FINISHED for BS_Hacked_Crate<3027672>
2025-11-27 17:01:55 [INFO] --------------------------------------------------------------------------
2025-11-27 17:01:55 [INFO] OnCrateSpawnTickPeriodic - Management Tick received. Evaluating individual crate configs...
2025-11-27 17:01:55 [INFO] --------------------------------------------------------------------------
2025-11-27 17:01:55 [INFO] Config 'DefaultDynamicEvent_Example1' is due for a check. Processing...
2025-11-27 17:01:55 [INFO] CrateSpawner: Processing ConfigUniqueID: 'DefaultDynamicEvent_Example1' (CrateType: 'BS_Hacked_Crate')
2025-11-27 17:01:55 [INFO] CrateSpawner: Handling RANDOM for ConfigUniqueID: 'DefaultDynamicEvent_Example1'.
2025-11-27 17:01:55 [INFO] CrateSpawner: ConfigUniqueID 'DefaultDynamicEvent_Example1' - Existing: 1, Target Active: 1
2025-11-27 17:01:55 [INFO] OnCrateSpawnTickPeriodic - Management Tick finished. Next check in 3600 seconds.
2025-11-27 17:11:57 [INFO] EEDelete called for BS_Hacked_Crate at <4732.430176, 338.968994, 10350.200195>
2025-11-27 17:11:57 [INFO] EXP_REMOVE_DEBUG: Attempting RemoveExpansionMapMarker. Context: EEDelete. Current UID: '' for BS_Hacked_Crate<3027672>
2025-11-27 17:11:57 [INFO] EXP_REMOVE_DEBUG: EXPANSIONMODNAVIGATION NOT defined. Cannot remove marker. Context: EEDelete for BS_Hacked_Crate<3027672>
2025-11-27 17:11:57 [INFO] BSHC_AG_DEBUG: BSHC_RemoveAdvancedGroupsMapMarker called.
2025-11-27 17:11:57 [INFO] BSHC_AG_DEBUG: Removing AG marker UID: 867788777
2025-11-27 17:11:57 [INFO] BSHC_AG_DEBUG: AG marker UID 867788777 successfully removed.
2025-11-27 17:11:57 [INFO] HackedCrate (BS_Hacked_Crate): Sending RPC Notification. Type: DESPAWN, Key: #STR_BSHC_Notification_Despawn_Located
2025-11-27 17:11:57 [INFO] EEDelete: Removed BS_Hacked_Crate from g_ActiveHackedCrates. Remaining count: 0
2025-11-27 18:01:55 [INFO] --------------------------------------------------------------------------
2025-11-27 18:01:55 [INFO] OnCrateSpawnTickPeriodic - Management Tick received. Evaluating individual crate configs...
2025-11-27 18:01:55 [INFO] --------------------------------------------------------------------------
2025-11-27 18:01:55 [INFO] Config 'DefaultDynamicEvent_Example1' is due for a check. Processing...
2025-11-27 18:01:55 [INFO] CrateSpawner: Processing ConfigUniqueID: 'DefaultDynamicEvent_Example1' (CrateType: 'BS_Hacked_Crate')
2025-11-27 18:01:55 [INFO] CrateSpawner: Handling RANDOM for ConfigUniqueID: 'DefaultDynamicEvent_Example1'.
2025-11-27 18:01:55 [INFO] CrateSpawner: ConfigUniqueID 'DefaultDynamicEvent_Example1' - Existing: 0, Target Active: 1
2025-11-27 18:01:55 [INFO] CrateSpawner: Attempting to spawn 1 for ConfigUniqueID: 'DefaultDynamicEvent_Example1'.
2025-11-27 18:01:55 [INFO] SpawnRandomCrates: Attempting to spawn 1 of type 'BS_Hacked_Crate' with ConfigUniqueID 'DefaultDynamicEvent_Example1'.
2025-11-27 18:01:55 [INFO] SpawnRandomCrates: Shuffled list for 'DefaultDynamicEvent_Example1' is empty or non-existent. Regenerating and shuffling.
2025-11-27 18:01:55 [INFO] CrateSpawner: Sending spawn warning for 'BS_Hacked_Crate' at VMC
2025-11-27 18:01:55 [INFO] CrateSpawner: Added to pending list for ConfigUniqueID 'DefaultDynamicEvent_Example1'. New pending count: 1
2025-11-27 18:01:55 [INFO] OnCrateSpawnTickPeriodic - Management Tick finished. Next check in 3600 seconds.
2025-11-27 18:11:55 [INFO] SpawnCrateAfterWarning: Timer finished. Spawning crate BS_Hacked_Crate. Removed from pending list. New pending count: 0
2025-11-27 18:11:55 [INFO] Inventory for BS_Hacked_Crate LOCKED. IsOpen: false LootAccessActionDone: false
2025-11-27 18:11:55 [INFO] HackedCrate_Base (BS_Hacked_Crate): Instance specific CrateSettings assigned. ConfigUniqueID: DefaultDynamicEvent_Example1
2025-11-27 18:11:55 [INFO] [SpawnAIAroundCrate] Spawning 3 AI(s) next to the crate.
2025-11-27 18:11:55 [INFO] [SpawnAIAroundCrate] Successfully spawned ZmbM_SoldierNormal at <4569.827148, 317.793091, 8363.117188>
2025-11-27 18:11:55 [INFO] [SpawnAIAroundCrate] Successfully spawned ZmbM_SoldierNormal at <4561.069824, 317.991425, 8344.875977>
2025-11-27 18:11:55 [INFO] [SpawnAIAroundCrate] Successfully spawned ZmbM_SoldierNormal at <4555.111816, 317.985657, 8338.357422>
2025-11-27 18:11:55 [INFO] DeferredEEInitLogic: START for BS_Hacked_Crate<3037389>. m_LoadedExpansionMarkerUID (should be from OnStoreLoad) is ''. Current m_ExpansionMarkerUID (active) is ''
2025-11-27 18:11:55 [INFO] DeferredEEInitLogic: Settings acquired successfully for BS_Hacked_Crate<3037389>.
2025-11-27 18:11:55 [INFO] DeferredEEInitLogic: AG DEBUG for BS_Hacked_Crate<3037389>
2025-11-27 18:11:55 [INFO] BSHC_AG_DEBUG: BSHC_CreateAdvancedGroupsMapMarker call.
2025-11-27 18:11:55 [INFO] BSHC_AG_DEBUG: Final Marker Name: '#STR_BSHC_HackedCrate_DisplayName'
2025-11-27 18:11:55 [INFO] BSHC_AG_DEBUG: Trying to create AG marker with name: #STR_BSHC_HackedCrate_DisplayName, Pos: <4553.689941, 317.975006, 8352.099609>, Icon: BS_HackedCrate/gui/iconcrate.paa, Color: -65536, ShowOnMap: true, ShowInWorld: true
2025-11-27 18:11:55 [INFO] BSHC_AG_DEBUG: LBStaticMarkerManager.Get is accessible.
2025-11-27 18:11:55 [INFO] BSHC_AG_DEBUG: Created AG marker (UID: 460339069) for BS_Hacked_Crate
2025-11-27 18:11:55 [INFO] DeferredEEInitLogic: Final m_LootAccessActionDone for BS_Hacked_Crate<3037389> is: false
2025-11-27 18:11:55 [INFO] Inventory for BS_Hacked_Crate LOCKED. IsOpen: false LootAccessActionDone: false
2025-11-27 18:11:55 [INFO] DeferredEEInitLogic: FINISHED for BS_Hacked_Crate<3037389>
2025-11-27 19:01:55 [INFO] --------------------------------------------------------------------------
2025-11-27 19:01:55 [INFO] OnCrateSpawnTickPeriodic - Management Tick received. Evaluating individual crate configs...
2025-11-27 19:01:55 [INFO] --------------------------------------------------------------------------
2025-11-27 19:01:55 [INFO] Config 'DefaultDynamicEvent_Example1' is due for a check. Processing...
2025-11-27 19:01:55 [INFO] CrateSpawner: Processing ConfigUniqueID: 'DefaultDynamicEvent_Example1' (CrateType: 'BS_Hacked_Crate')
2025-11-27 19:01:55 [INFO] CrateSpawner: Handling RANDOM for ConfigUniqueID: 'DefaultDynamicEvent_Example1'.
2025-11-27 19:01:55 [INFO] CrateSpawner: ConfigUniqueID 'DefaultDynamicEvent_Example1' - Existing: 1, Target Active: 1
2025-11-27 19:01:55 [INFO] OnCrateSpawnTickPeriodic - Management Tick finished. Next check in 3600 seconds.
2025-11-27 19:11:26 [INFO] EEDelete called for BS_Hacked_Crate at <4553.689941, 317.975006, 8352.099609>
2025-11-27 19:11:26 [INFO] EXP_REMOVE_DEBUG: Attempting RemoveExpansionMapMarker. Context: EEDelete. Current UID: '' for BS_Hacked_Crate<3037389>
2025-11-27 19:11:26 [INFO] EXP_REMOVE_DEBUG: EXPANSIONMODNAVIGATION NOT defined. Cannot remove marker. Context: EEDelete for BS_Hacked_Crate<3037389>
2025-11-27 19:11:26 [INFO] BSHC_AG_DEBUG: BSHC_RemoveAdvancedGroupsMapMarker called.
2025-11-27 19:11:26 [INFO] BSHC_AG_DEBUG: Removing AG marker UID: 460339069
2025-11-27 19:11:26 [INFO] BSHC_AG_DEBUG: AG marker UID 460339069 successfully removed.
2025-11-27 19:11:26 [INFO] HackedCrate (BS_Hacked_Crate): Sending RPC Notification. Type: DESPAWN, Key: #STR_BSHC_Notification_Despawn_Located
2025-11-27 19:11:26 [INFO] EEDelete: Removed BS_Hacked_Crate from g_ActiveHackedCrates. Remaining count: 0
2025-11-27 20:01:55 [INFO] --------------------------------------------------------------------------
2025-11-27 20:01:55 [INFO] OnCrateSpawnTickPeriodic - Management Tick received. Evaluating individual crate configs...
2025-11-27 20:01:55 [INFO] --------------------------------------------------------------------------
2025-11-27 20:01:55 [INFO] Config 'DefaultDynamicEvent_Example1' is due for a check. Processing...
2025-11-27 20:01:55 [INFO] CrateSpawner: Processing ConfigUniqueID: 'DefaultDynamicEvent_Example1' (CrateType: 'BS_Hacked_Crate')
2025-11-27 20:01:55 [INFO] CrateSpawner: Skipping ConfigUniqueID 'DefaultDynamicEvent_Example1'. Players required: 1, Current: 0
2025-11-27 20:01:55 [INFO] OnCrateSpawnTickPeriodic - Management Tick finished. Next check in 3600 seconds.
2025-11-27 21:01:55 [INFO] --------------------------------------------------------------------------
2025-11-27 21:01:55 [INFO] OnCrateSpawnTickPeriodic - Management Tick received. Evaluating individual crate configs...
2025-11-27 21:01:55 [INFO] --------------------------------------------------------------------------
2025-11-27 21:01:55 [INFO] Config 'DefaultDynamicEvent_Example1' is due for a check. Processing...
2025-11-27 21:01:55 [INFO] CrateSpawner: Processing ConfigUniqueID: 'DefaultDynamicEvent_Example1' (CrateType: 'BS_Hacked_Crate')
2025-11-27 21:01:55 [INFO] CrateSpawner: Skipping ConfigUniqueID 'DefaultDynamicEvent_Example1'. Players required: 1, Current: 0
2025-11-27 21:01:55 [INFO] OnCrateSpawnTickPeriodic - Management Tick finished. Next check in 3600 seconds.
2025-11-27 22:01:55 [INFO] --------------------------------------------------------------------------
2025-11-27 22:01:55 [INFO] OnCrateSpawnTickPeriodic - Management Tick received. Evaluating individual crate configs...
2025-11-27 22:01:55 [INFO] --------------------------------------------------------------------------
2025-11-27 22:01:55 [INFO] Config 'DefaultDynamicEvent_Example1' is due for a check. Processing...
2025-11-27 22:01:55 [INFO] CrateSpawner: Processing ConfigUniqueID: 'DefaultDynamicEvent_Example1' (CrateType: 'BS_Hacked_Crate')
2025-11-27 22:01:55 [INFO] CrateSpawner: Skipping ConfigUniqueID 'DefaultDynamicEvent_Example1'. Players required: 1, Current: 0
2025-11-27 22:01:55 [INFO] OnCrateSpawnTickPeriodic - Management Tick finished. Next check in 3600 seconds.
2025-11-27 23:01:55 [INFO] --------------------------------------------------------------------------
2025-11-27 23:01:55 [INFO] OnCrateSpawnTickPeriodic - Management Tick received. Evaluating individual crate configs...
2025-11-27 23:01:55 [INFO] --------------------------------------------------------------------------
2025-11-27 23:01:55 [INFO] Config 'DefaultDynamicEvent_Example1' is due for a check. Processing...
2025-11-27 23:01:55 [INFO] CrateSpawner: Processing ConfigUniqueID: 'DefaultDynamicEvent_Example1' (CrateType: 'BS_Hacked_Crate')
2025-11-27 23:01:55 [INFO] CrateSpawner: Skipping ConfigUniqueID 'DefaultDynamicEvent_Example1'. Players required: 1, Current: 0
2025-11-27 23:01:55 [INFO] OnCrateSpawnTickPeriodic - Management Tick finished. Next check in 3600 seconds.
2025-11-28 00:01:55 [INFO] --------------------------------------------------------------------------
2025-11-28 00:01:55 [INFO] OnCrateSpawnTickPeriodic - Management Tick received. Evaluating individual crate configs...
2025-11-28 00:01:55 [INFO] --------------------------------------------------------------------------
2025-11-28 00:01:55 [INFO] Config 'DefaultDynamicEvent_Example1' is due for a check. Processing...
2025-11-28 00:01:55 [INFO] CrateSpawner: Processing ConfigUniqueID: 'DefaultDynamicEvent_Example1' (CrateType: 'BS_Hacked_Crate')
2025-11-28 00:01:55 [INFO] CrateSpawner: Skipping ConfigUniqueID 'DefaultDynamicEvent_Example1'. Players required: 1, Current: 0
2025-11-28 00:01:55 [INFO] OnCrateSpawnTickPeriodic - Management Tick finished. Next check in 3600 seconds.
2025-11-28 01:01:55 [INFO] --------------------------------------------------------------------------
2025-11-28 01:01:55 [INFO] OnCrateSpawnTickPeriodic - Management Tick received. Evaluating individual crate configs...
2025-11-28 01:01:55 [INFO] --------------------------------------------------------------------------
2025-11-28 01:01:55 [INFO] Config 'DefaultDynamicEvent_Example1' is due for a check. Processing...
2025-11-28 01:01:55 [INFO] CrateSpawner: Processing ConfigUniqueID: 'DefaultDynamicEvent_Example1' (CrateType: 'BS_Hacked_Crate')
2025-11-28 01:01:55 [INFO] CrateSpawner: Handling RANDOM for ConfigUniqueID: 'DefaultDynamicEvent_Example1'.
2025-11-28 01:01:55 [INFO] CrateSpawner: ConfigUniqueID 'DefaultDynamicEvent_Example1' - Existing: 0, Target Active: 1
2025-11-28 01:01:55 [INFO] CrateSpawner: Attempting to spawn 1 for ConfigUniqueID: 'DefaultDynamicEvent_Example1'.
2025-11-28 01:01:55 [INFO] SpawnRandomCrates: Attempting to spawn 1 of type 'BS_Hacked_Crate' with ConfigUniqueID 'DefaultDynamicEvent_Example1'.
2025-11-28 01:01:55 [INFO] CrateSpawner: Sending spawn warning for 'BS_Hacked_Crate' at Airfield
2025-11-28 01:01:55 [INFO] CrateSpawner: Added to pending list for ConfigUniqueID 'DefaultDynamicEvent_Example1'. New pending count: 1
2025-11-28 01:01:55 [INFO] OnCrateSpawnTickPeriodic - Management Tick finished. Next check in 3600 seconds.
2025-11-28 01:11:55 [INFO] SpawnCrateAfterWarning: Timer finished. Spawning crate BS_Hacked_Crate. Removed from pending list. New pending count: 0
2025-11-28 01:11:55 [INFO] Inventory for BS_Hacked_Crate LOCKED. IsOpen: false LootAccessActionDone: false
2025-11-28 01:11:55 [INFO] HackedCrate_Base (BS_Hacked_Crate): Instance specific CrateSettings assigned. ConfigUniqueID: DefaultDynamicEvent_Example1
2025-11-28 01:11:55 [INFO] CrateSpawner: Standard Notification RPC sent. Key: #STR_BSHC_Notification_Spawn_Located
2025-11-28 01:11:55 [INFO] [SpawnAIAroundCrate] Spawning 1 AI(s) next to the crate.
2025-11-28 01:11:55 [INFO] [SpawnAIAroundCrate] Successfully spawned ZmbM_SoldierNormal at <4731.740723, 339.000000, 10334.861328>
2025-11-28 01:11:55 [INFO] DeferredEEInitLogic: START for BS_Hacked_Crate<3046782>. m_LoadedExpansionMarkerUID (should be from OnStoreLoad) is ''. Current m_ExpansionMarkerUID (active) is ''
2025-11-28 01:11:55 [INFO] DeferredEEInitLogic: Settings acquired successfully for BS_Hacked_Crate<3046782>.
2025-11-28 01:11:55 [INFO] DeferredEEInitLogic: AG DEBUG for BS_Hacked_Crate<3046782>
2025-11-28 01:11:55 [INFO] BSHC_AG_DEBUG: BSHC_CreateAdvancedGroupsMapMarker call.
2025-11-28 01:11:55 [INFO] BSHC_AG_DEBUG: Final Marker Name: '#STR_BSHC_HackedCrate_DisplayName'
2025-11-28 01:11:55 [INFO] BSHC_AG_DEBUG: Trying to create AG marker with name: #STR_BSHC_HackedCrate_DisplayName, Pos: <4732.430176, 338.968994, 10350.200195>, Icon: BS_HackedCrate/gui/iconcrate.paa, Color: -65536, ShowOnMap: true, ShowInWorld: true
2025-11-28 01:11:55 [INFO] BSHC_AG_DEBUG: LBStaticMarkerManager.Get is accessible.
2025-11-28 01:11:55 [INFO] BSHC_AG_DEBUG: Created AG marker (UID: 1992355214) for BS_Hacked_Crate
2025-11-28 01:11:55 [INFO] DeferredEEInitLogic: Final m_LootAccessActionDone for BS_Hacked_Crate<3046782> is: false
2025-11-28 01:11:55 [INFO] Inventory for BS_Hacked_Crate LOCKED. IsOpen: false LootAccessActionDone: false
2025-11-28 01:11:55 [INFO] DeferredEEInitLogic: FINISHED for BS_Hacked_Crate<3046782>
2025-11-28 02:01:55 [INFO] --------------------------------------------------------------------------
2025-11-28 02:01:55 [INFO] OnCrateSpawnTickPeriodic - Management Tick received. Evaluating individual crate configs...
2025-11-28 02:01:55 [INFO] --------------------------------------------------------------------------
2025-11-28 02:01:55 [INFO] Config 'DefaultDynamicEvent_Example1' is due for a check. Processing...
2025-11-28 02:01:55 [INFO] CrateSpawner: Processing ConfigUniqueID: 'DefaultDynamicEvent_Example1' (CrateType: 'BS_Hacked_Crate')
2025-11-28 02:01:55 [INFO] CrateSpawner: Skipping ConfigUniqueID 'DefaultDynamicEvent_Example1'. Players required: 1, Current: 0
2025-11-28 02:01:55 [INFO] OnCrateSpawnTickPeriodic - Management Tick finished. Next check in 3600 seconds.
2025-11-28 03:01:55 [INFO] --------------------------------------------------------------------------
2025-11-28 03:01:55 [INFO] OnCrateSpawnTickPeriodic - Management Tick received. Evaluating individual crate configs...
2025-11-28 03:01:55 [INFO] --------------------------------------------------------------------------
2025-11-28 03:01:55 [INFO] Config 'DefaultDynamicEvent_Example1' is due for a check. Processing...
2025-11-28 03:01:55 [INFO] CrateSpawner: Processing ConfigUniqueID: 'DefaultDynamicEvent_Example1' (CrateType: 'BS_Hacked_Crate')
2025-11-28 03:01:55 [INFO] CrateSpawner: Skipping ConfigUniqueID 'DefaultDynamicEvent_Example1'. Players required: 1, Current: 0
2025-11-28 03:01:55 [INFO] OnCrateSpawnTickPeriodic - Management Tick finished. Next check in 3600 seconds.
2025-11-28 04:01:55 [INFO] --------------------------------------------------------------------------
2025-11-28 04:01:55 [INFO] OnCrateSpawnTickPeriodic - Management Tick received. Evaluating individual crate configs...
2025-11-28 04:01:55 [INFO] --------------------------------------------------------------------------
2025-11-28 04:01:55 [INFO] Config 'DefaultDynamicEvent_Example1' is due for a check. Processing...
2025-11-28 04:01:55 [INFO] CrateSpawner: Processing ConfigUniqueID: 'DefaultDynamicEvent_Example1' (CrateType: 'BS_Hacked_Crate')
2025-11-28 04:01:55 [INFO] CrateSpawner: Skipping ConfigUniqueID 'DefaultDynamicEvent_Example1'. Players required: 1, Current: 0
2025-11-28 04:01:55 [INFO] OnCrateSpawnTickPeriodic - Management Tick finished. Next check in 3600 seconds.
