2025-11-24 21:55:34 [INFO] OnInit - Initializing Bastardos Hacked Crates System...
2025-11-24 21:55:34 [INFO] OnInit - Loading Hacked Crate Loot Configuration (loot_pools.json)...
2025-11-24 21:55:34 [INFO] [BSHCLootPoolConfig] Found loot_pools.json at: $profile:\Bastardo_HC\loot_pools.json
2025-11-24 21:55:34 [INFO] [BSHCLootPoolConfig] JsonLoadFile executed. Loaded 2 categories defined in the root.
2025-11-24 21:55:34 [INFO] [BSHCLootPoolConfig] Category 'DefaultArmaments' has 1 loot pools.
2025-11-24 21:55:34 [INFO] [BSHCLootPoolConfig] Category 'DefaultMedical' has 1 loot pools.
2025-11-24 21:55:34 [INFO] OnInit - Hacked Crate Loot Configuration processed successfully.
2025-11-24 21:55:34 [INFO] OnInit - Loading Hacked Crate settings (global, static, dynamic)...
2025-11-24 21:55:34 [INFO] CrateManagement instance created with default grace period and tick interval.
2025-11-24 21:55:34 [INFO] [BSHCGlobalServerSettings] Loading from: $profile:\Bastardo_HC\BS_Global_settings.json
2025-11-24 21:55:34 [INFO] [CrateConfigManager] Re-saved static_crates.json to include any new options.
2025-11-24 21:55:34 [INFO] [CrateConfigManager] Re-saved dynamic_crates.json to include any new options.
2025-11-24 21:55:34 [INFO] [CrateConfigManager] Static CrateManagement has been set.
2025-11-24 21:55:34 [INFO] CrateSpawner instance created.
2025-11-24 21:55:34 [INFO] OnInit - Crate Spawner created. Grace Period: 5 minutes. Periodic Tick: 3600 seconds.
2025-11-24 21:55:34 [INFO] OnInit - Bastardos Hacked Crates System Initialization sequence finished.
2025-11-24 21:55:41 [INFO] OnMissionStart - Server mission started. Scheduling Hacked Crate cleanup and initial spawn setup.
2025-11-24 21:55:41 [INFO] OnMissionStart - Immediate STATIC Crate spawn scheduled in 15 seconds.
2025-11-24 21:55:41 [INFO] OnMissionStart - Initial DYNAMIC Crate spawn scheduled in approx. 320 seconds.
2025-11-24 21:55:41 [INFO] OnMissionStart - Scheduling first PERIODIC Crate Spawn Tick in approx. 3600 seconds.
2025-11-24 21:55:57 [INFO] Inventory for BS_Hacked_Crate LOCKED. IsOpen: false LootAccessActionDone: false
2025-11-24 21:55:57 [INFO] OnStoreLoad: m_ConfigUniqueID_Persist set from storage to: 'DefaultStaticEvent_Example1' for BS_Hacked_Crate<2987885>
2025-11-24 21:55:57 [INFO] OnStoreLoad: FINISHED loading raw data into member variables for BS_Hacked_Crate<2987885>
2025-11-24 21:56:13 [INFO] DeferredEEInitLogic: START for BS_Hacked_Crate<2987885>. m_LoadedExpansionMarkerUID (should be from OnStoreLoad) is ''. Current m_ExpansionMarkerUID (active) is ''
2025-11-24 21:56:13 [INFO] GetCrateSettings: m_CrateSettings_Instance is NULL for BS_Hacked_Crate<2987885>. Calling AttemptToReacquireSettings().
2025-11-24 21:56:13 [INFO] HackedCrate_Base (BS_Hacked_Crate): Attempting to re-acquire CrateSettings. Persisted ConfigUniqueID is: 'DefaultStaticEvent_Example1'
2025-11-24 21:56:13 [INFO] HackedCrate_Base (BS_Hacked_Crate): Instance specific CrateSettings assigned. ConfigUniqueID: DefaultStaticEvent_Example1
2025-11-24 21:56:13 [INFO] HackedCrate_Base (BS_Hacked_Crate): Successfully re-acquired CrateSettings by persisted ConfigUniqueID 'DefaultStaticEvent_Example1'.
2025-11-24 21:56:13 [INFO] DeferredEEInitLogic: Settings acquired successfully for BS_Hacked_Crate<2987885>.
2025-11-24 21:56:13 [INFO] DeferredEEInitLogic: m_ExpansionMarkerUID is empty. Calling CreateExpansionMapMarker for BS_Hacked_Crate<2987885>.
2025-11-24 21:56:13 [INFO] EXP_DEBUG: Inside CreateExpansionMapMarker for BS_Hacked_Crate.UseExpansionMapMarker is true.
2025-11-24 21:56:13 [INFO] EXP_DEBUG: EXPANSIONMODNAVIGATION is NOT defined. No Expansion marker will be created.
2025-11-24 21:56:13 [INFO] DeferredEEInitLogic: AG DEBUG for BS_Hacked_Crate<2987885>
2025-11-24 21:56:13 [INFO] BSHC_AG_DEBUG: BSHC_CreateAdvancedGroupsMapMarker call.
2025-11-24 21:56:13 [INFO] BSHC_AG_DEBUG: Final Marker Name: '#STR_BSHC_HackedCrate_DisplayName'
2025-11-24 21:56:13 [INFO] BSHC_AG_DEBUG: Trying to create AG marker with name: #STR_BSHC_HackedCrate_DisplayName, Pos: <2471.820068, 193.177002, 5114.220215>, Icon: BS_HackedCrate/gui/iconcrate.paa, Color: -65536, ShowOnMap: true, ShowInWorld: true
2025-11-24 21:56:13 [INFO] BSHC_AG_DEBUG: LBStaticMarkerManager.Get is accessible.
2025-11-24 21:56:13 [INFO] BSHC_AG_DEBUG: Created AG marker (UID: 1839389536) for BS_Hacked_Crate
2025-11-24 21:56:13 [INFO] DeferredEEInitLogic: Final m_LootAccessActionDone for BS_Hacked_Crate<2987885> is: false
2025-11-24 21:56:13 [INFO] Inventory for BS_Hacked_Crate LOCKED. IsOpen: false LootAccessActionDone: false
2025-11-24 21:56:13 [INFO] DeferredEEInitLogic: FINISHED for BS_Hacked_Crate<2987885>
2025-11-24 21:56:13 [INFO] DeferredEEInitLogic: Re-added persistent crate BS_Hacked_Crate to g_ActiveHackedCrates list.
2025-11-24 21:56:40 [INFO] DeleteHackedCratesFromKnownLocations - Starting cleanup of Hacked Crates from KNOWN SPAWN LOCATIONS as defined in configurations...
2025-11-24 21:56:40 [INFO] DeleteHackedCratesFromKnownLocations - Deleting INACTIVE: BS_Hacked_Crate (ID: 2987885) found at configured spawn Pos: <2471.820068, 193.177002, 5114.220215> for CrateType BS_Hacked_Crate
2025-11-24 21:56:40 [INFO] EEDelete called for BS_Hacked_Crate at <2471.820068, 193.177002, 5114.220215>
2025-11-24 21:56:40 [INFO] EXP_REMOVE_DEBUG: Attempting RemoveExpansionMapMarker. Context: EEDelete. Current UID: '' for BS_Hacked_Crate<2987885>
2025-11-24 21:56:40 [INFO] EXP_REMOVE_DEBUG: EXPANSIONMODNAVIGATION NOT defined. Cannot remove marker. Context: EEDelete for BS_Hacked_Crate<2987885>
2025-11-24 21:56:40 [INFO] BSHC_AG_DEBUG: BSHC_RemoveAdvancedGroupsMapMarker called.
2025-11-24 21:56:40 [INFO] BSHC_AG_DEBUG: Removing AG marker UID: 1839389536
2025-11-24 21:56:40 [INFO] BSHC_AG_DEBUG: AG marker UID 1839389536 successfully removed.
2025-11-24 21:56:40 [INFO] HackedCrate (BS_Hacked_Crate): Sending RPC Notification. Type: DESPAWN, Key: #STR_BSHC_Notification_Despawn_Located
2025-11-24 21:56:40 [INFO] EEDelete: Removed BS_Hacked_Crate from g_ActiveHackedCrates. Remaining count: 0
2025-11-24 21:56:40 [INFO] DeleteHackedCratesFromKnownLocations - Cleanup from known locations finished. Total inactive Hacked Crates (matching type and location) deleted: 1
2025-11-24 21:56:45 [INFO] PerformImmediateStaticSpawn - Calling CrateSpawner to setup STATIC Hacked Crates...
2025-11-24 21:56:45 [INFO] CrateSpawner: ------------- Starting IMMEDIATE STATIC Spawn Pass -------------
2025-11-24 21:56:45 [INFO] CrateSpawner: Processing IMMEDIATE STATIC for ConfigUniqueID: 'DefaultStaticEvent_Example1'.
2025-11-24 21:56:45 [INFO] SpawnStaticCrates: Processing 1 static locations for ConfigUniqueID: 'DefaultStaticEvent_Example1'.
2025-11-24 21:56:45 [INFO] SpawnStaticCrates: Location <2471.820068, 193.177002, 5114.220215> is free. Attempting to spawn crate.
2025-11-24 21:56:45 [INFO] Inventory for BS_Hacked_Crate LOCKED. IsOpen: false LootAccessActionDone: false
2025-11-24 21:56:45 [INFO] HackedCrate_Base (BS_Hacked_Crate): Instance specific CrateSettings assigned. ConfigUniqueID: DefaultStaticEvent_Example1
2025-11-24 21:56:45 [INFO] [SpawnAIAroundCrate] Spawning 2 AI(s) next to the crate.
2025-11-24 21:56:45 [INFO] [SpawnAIAroundCrate] Successfully spawned ZmbM_SoldierNormal at <2484.633301, 193.266525, 5108.368652>
2025-11-24 21:56:45 [INFO] [SpawnAIAroundCrate] Successfully spawned ZmbM_SoldierNormal at <2470.729980, 193.067459, 5124.844727>
2025-11-24 21:56:45 [INFO] CrateSpawner: ------------- Finished IMMEDIATE STATIC Spawn Pass -------------
2025-11-24 21:56:45 [INFO] DeferredEEInitLogic: START for BS_Hacked_Crate<3009047>. m_LoadedExpansionMarkerUID (should be from OnStoreLoad) is ''. Current m_ExpansionMarkerUID (active) is ''
2025-11-24 21:56:45 [INFO] DeferredEEInitLogic: Settings acquired successfully for BS_Hacked_Crate<3009047>.
2025-11-24 21:56:45 [INFO] DeferredEEInitLogic: m_ExpansionMarkerUID is empty. Calling CreateExpansionMapMarker for BS_Hacked_Crate<3009047>.
2025-11-24 21:56:45 [INFO] EXP_DEBUG: Inside CreateExpansionMapMarker for BS_Hacked_Crate.UseExpansionMapMarker is true.
2025-11-24 21:56:45 [INFO] EXP_DEBUG: EXPANSIONMODNAVIGATION is NOT defined. No Expansion marker will be created.
2025-11-24 21:56:45 [INFO] DeferredEEInitLogic: AG DEBUG for BS_Hacked_Crate<3009047>
2025-11-24 21:56:45 [INFO] BSHC_AG_DEBUG: BSHC_CreateAdvancedGroupsMapMarker call.
2025-11-24 21:56:45 [INFO] BSHC_AG_DEBUG: Final Marker Name: '#STR_BSHC_HackedCrate_DisplayName'
2025-11-24 21:56:45 [INFO] BSHC_AG_DEBUG: Trying to create AG marker with name: #STR_BSHC_HackedCrate_DisplayName, Pos: <2471.820068, 193.177002, 5114.220215>, Icon: BS_HackedCrate/gui/iconcrate.paa, Color: -65536, ShowOnMap: true, ShowInWorld: true
2025-11-24 21:56:45 [INFO] BSHC_AG_DEBUG: LBStaticMarkerManager.Get is accessible.
2025-11-24 21:56:45 [INFO] BSHC_AG_DEBUG: Created AG marker (UID: 431043585) for BS_Hacked_Crate
2025-11-24 21:56:45 [INFO] DeferredEEInitLogic: Final m_LootAccessActionDone for BS_Hacked_Crate<3009047> is: false
2025-11-24 21:56:45 [INFO] Inventory for BS_Hacked_Crate LOCKED. IsOpen: false LootAccessActionDone: false
2025-11-24 21:56:45 [INFO] DeferredEEInitLogic: FINISHED for BS_Hacked_Crate<3009047>
2025-11-24 22:01:50 [INFO] PerformInitialDynamicSpawn - Grace period ended. Calling CrateSpawner to setup initial DYNAMIC Hacked Crates...
2025-11-24 22:01:50 [INFO] CrateSpawner: ------------- Starting INITIAL DYNAMIC Spawn Pass (Post-Grace) -------------
2025-11-24 22:01:50 [INFO] CrateSpawner: Current server population for dynamic spawn: 0 players.
2025-11-24 22:01:50 [INFO] CrateSpawner: Processing DYNAMIC for ConfigUniqueID: 'DefaultDynamicEvent_Example1'.
2025-11-24 22:01:50 [INFO] CrateSpawner: Skipping ConfigUniqueID 'DefaultDynamicEvent_Example1'. Players required: 1, Current: 0
2025-11-24 22:01:50 [INFO] CrateSpawner: ------------- Finished INITIAL DYNAMIC Spawn Pass -------------
2025-11-24 22:56:30 [INFO] --------------------------------------------------------------------------
2025-11-24 22:56:30 [INFO] OnCrateSpawnTickPeriodic - Management Tick received. Evaluating individual crate configs...
2025-11-24 22:56:30 [INFO] --------------------------------------------------------------------------
2025-11-24 22:56:30 [INFO] Config 'DefaultDynamicEvent_Example1' is due for a check. Processing...
2025-11-24 22:56:30 [INFO] CrateSpawner: Processing ConfigUniqueID: 'DefaultDynamicEvent_Example1' (CrateType: 'BS_Hacked_Crate')
2025-11-24 22:56:30 [INFO] CrateSpawner: Skipping ConfigUniqueID 'DefaultDynamicEvent_Example1'. Players required: 1, Current: 0
2025-11-24 22:56:30 [INFO] OnCrateSpawnTickPeriodic - Management Tick finished. Next check in 3600 seconds.
2025-11-24 23:56:30 [INFO] --------------------------------------------------------------------------
2025-11-24 23:56:30 [INFO] OnCrateSpawnTickPeriodic - Management Tick received. Evaluating individual crate configs...
2025-11-24 23:56:30 [INFO] --------------------------------------------------------------------------
2025-11-24 23:56:30 [INFO] Config 'DefaultDynamicEvent_Example1' is due for a check. Processing...
2025-11-24 23:56:30 [INFO] CrateSpawner: Processing ConfigUniqueID: 'DefaultDynamicEvent_Example1' (CrateType: 'BS_Hacked_Crate')
2025-11-24 23:56:30 [INFO] CrateSpawner: Skipping ConfigUniqueID 'DefaultDynamicEvent_Example1'. Players required: 1, Current: 0
2025-11-24 23:56:30 [INFO] OnCrateSpawnTickPeriodic - Management Tick finished. Next check in 3600 seconds.
2025-11-25 00:56:30 [INFO] --------------------------------------------------------------------------
2025-11-25 00:56:30 [INFO] OnCrateSpawnTickPeriodic - Management Tick received. Evaluating individual crate configs...
2025-11-25 00:56:30 [INFO] --------------------------------------------------------------------------
2025-11-25 00:56:30 [INFO] Config 'DefaultDynamicEvent_Example1' is due for a check. Processing...
2025-11-25 00:56:30 [INFO] CrateSpawner: Processing ConfigUniqueID: 'DefaultDynamicEvent_Example1' (CrateType: 'BS_Hacked_Crate')
2025-11-25 00:56:30 [INFO] CrateSpawner: Skipping ConfigUniqueID 'DefaultDynamicEvent_Example1'. Players required: 1, Current: 0
2025-11-25 00:56:30 [INFO] OnCrateSpawnTickPeriodic - Management Tick finished. Next check in 3600 seconds.
2025-11-25 01:56:30 [INFO] --------------------------------------------------------------------------
2025-11-25 01:56:30 [INFO] OnCrateSpawnTickPeriodic - Management Tick received. Evaluating individual crate configs...
2025-11-25 01:56:30 [INFO] --------------------------------------------------------------------------
2025-11-25 01:56:30 [INFO] Config 'DefaultDynamicEvent_Example1' is due for a check. Processing...
2025-11-25 01:56:30 [INFO] CrateSpawner: Processing ConfigUniqueID: 'DefaultDynamicEvent_Example1' (CrateType: 'BS_Hacked_Crate')
2025-11-25 01:56:30 [INFO] CrateSpawner: Handling RANDOM for ConfigUniqueID: 'DefaultDynamicEvent_Example1'.
2025-11-25 01:56:30 [INFO] CrateSpawner: ConfigUniqueID 'DefaultDynamicEvent_Example1' - Existing: 0, Target Active: 1
2025-11-25 01:56:30 [INFO] CrateSpawner: Attempting to spawn 1 for ConfigUniqueID: 'DefaultDynamicEvent_Example1'.
2025-11-25 01:56:30 [INFO] SpawnRandomCrates: Attempting to spawn 1 of type 'BS_Hacked_Crate' with ConfigUniqueID 'DefaultDynamicEvent_Example1'.
2025-11-25 01:56:30 [INFO] SpawnRandomCrates: Shuffled list for 'DefaultDynamicEvent_Example1' is empty or non-existent. Regenerating and shuffling.
2025-11-25 01:56:30 [INFO] CrateSpawner: Sending spawn warning for 'BS_Hacked_Crate' at VMC
2025-11-25 01:56:30 [INFO] CrateSpawner: Added to pending list for ConfigUniqueID 'DefaultDynamicEvent_Example1'. New pending count: 1
2025-11-25 01:56:30 [INFO] OnCrateSpawnTickPeriodic - Management Tick finished. Next check in 3600 seconds.
2025-11-25 02:06:30 [INFO] SpawnCrateAfterWarning: Timer finished. Spawning crate BS_Hacked_Crate. Removed from pending list. New pending count: 0
2025-11-25 02:06:30 [INFO] Inventory for BS_Hacked_Crate LOCKED. IsOpen: false LootAccessActionDone: false
2025-11-25 02:06:30 [INFO] HackedCrate_Base (BS_Hacked_Crate): Instance specific CrateSettings assigned. ConfigUniqueID: DefaultDynamicEvent_Example1
2025-11-25 02:06:30 [INFO] CrateSpawner: Standard Notification RPC sent. Key: #STR_BSHC_Notification_Spawn_Located
2025-11-25 02:06:30 [INFO] [SpawnAIAroundCrate] Spawning 3 AI(s) next to the crate.
2025-11-25 02:06:30 [INFO] [SpawnAIAroundCrate] Successfully spawned ZmbM_SoldierNormal at <4536.254395, 317.741150, 8363.355469>
2025-11-25 02:06:30 [INFO] [SpawnAIAroundCrate] Successfully spawned ZmbM_SoldierNormal at <4540.537109, 317.898163, 8344.891602>
2025-11-25 02:06:30 [INFO] [SpawnAIAroundCrate] Successfully spawned ZmbM_SoldierNormal at <4546.437012, 317.977448, 8363.625000>
2025-11-25 02:06:30 [INFO] DeferredEEInitLogic: START for BS_Hacked_Crate<3015708>. m_LoadedExpansionMarkerUID (should be from OnStoreLoad) is ''. Current m_ExpansionMarkerUID (active) is ''
2025-11-25 02:06:30 [INFO] DeferredEEInitLogic: Settings acquired successfully for BS_Hacked_Crate<3015708>.
2025-11-25 02:06:30 [INFO] DeferredEEInitLogic: AG DEBUG for BS_Hacked_Crate<3015708>
2025-11-25 02:06:30 [INFO] BSHC_AG_DEBUG: BSHC_CreateAdvancedGroupsMapMarker call.
2025-11-25 02:06:30 [INFO] BSHC_AG_DEBUG: Final Marker Name: '#STR_BSHC_HackedCrate_DisplayName'
2025-11-25 02:06:30 [INFO] BSHC_AG_DEBUG: Trying to create AG marker with name: #STR_BSHC_HackedCrate_DisplayName, Pos: <4553.689941, 317.975006, 8352.099609>, Icon: BS_HackedCrate/gui/iconcrate.paa, Color: -65536, ShowOnMap: true, ShowInWorld: true
2025-11-25 02:06:30 [INFO] BSHC_AG_DEBUG: LBStaticMarkerManager.Get is accessible.
2025-11-25 02:06:30 [INFO] BSHC_AG_DEBUG: Created AG marker (UID: 1791415725) for BS_Hacked_Crate
2025-11-25 02:06:30 [INFO] DeferredEEInitLogic: Final m_LootAccessActionDone for BS_Hacked_Crate<3015708> is: false
2025-11-25 02:06:30 [INFO] Inventory for BS_Hacked_Crate LOCKED. IsOpen: false LootAccessActionDone: false
2025-11-25 02:06:30 [INFO] DeferredEEInitLogic: FINISHED for BS_Hacked_Crate<3015708>
2025-11-25 02:34:04 [INFO] EEDelete called for BS_Hacked_Crate at <2471.820068, 193.177002, 5114.220215>
2025-11-25 02:34:04 [INFO] EXP_REMOVE_DEBUG: Attempting RemoveExpansionMapMarker. Context: EEDelete. Current UID: '' for BS_Hacked_Crate<3009047>
2025-11-25 02:34:04 [INFO] EXP_REMOVE_DEBUG: EXPANSIONMODNAVIGATION NOT defined. Cannot remove marker. Context: EEDelete for BS_Hacked_Crate<3009047>
2025-11-25 02:34:04 [INFO] BSHC_AG_DEBUG: BSHC_RemoveAdvancedGroupsMapMarker called.
2025-11-25 02:34:04 [INFO] BSHC_AG_DEBUG: Removing AG marker UID: 431043585
2025-11-25 02:34:04 [INFO] BSHC_AG_DEBUG: AG marker UID 431043585 successfully removed.
2025-11-25 02:34:04 [INFO] HackedCrate (BS_Hacked_Crate): Sending RPC Notification. Type: DESPAWN, Key: #STR_BSHC_Notification_Despawn_Located
2025-11-25 02:34:04 [INFO] EEDelete: Removed BS_Hacked_Crate from g_ActiveHackedCrates. Remaining count: 1
2025-11-25 02:51:33 [INFO] EEDelete called for BS_Hacked_Crate at <4553.689941, 317.975006, 8352.099609>
2025-11-25 02:51:33 [INFO] EXP_REMOVE_DEBUG: Attempting RemoveExpansionMapMarker. Context: EEDelete. Current UID: '' for BS_Hacked_Crate<3015708>
2025-11-25 02:51:33 [INFO] EXP_REMOVE_DEBUG: EXPANSIONMODNAVIGATION NOT defined. Cannot remove marker. Context: EEDelete for BS_Hacked_Crate<3015708>
2025-11-25 02:51:33 [INFO] BSHC_AG_DEBUG: BSHC_RemoveAdvancedGroupsMapMarker called.
2025-11-25 02:51:33 [INFO] BSHC_AG_DEBUG: Removing AG marker UID: 1791415725
2025-11-25 02:51:33 [INFO] BSHC_AG_DEBUG: AG marker UID 1791415725 successfully removed.
2025-11-25 02:51:33 [INFO] HackedCrate (BS_Hacked_Crate): Sending RPC Notification. Type: DESPAWN, Key: #STR_BSHC_Notification_Despawn_Located
2025-11-25 02:51:33 [INFO] EEDelete: Removed BS_Hacked_Crate from g_ActiveHackedCrates. Remaining count: 0
2025-11-25 02:56:30 [INFO] --------------------------------------------------------------------------
2025-11-25 02:56:30 [INFO] OnCrateSpawnTickPeriodic - Management Tick received. Evaluating individual crate configs...
2025-11-25 02:56:30 [INFO] --------------------------------------------------------------------------
2025-11-25 02:56:30 [INFO] Config 'DefaultDynamicEvent_Example1' is due for a check. Processing...
2025-11-25 02:56:30 [INFO] CrateSpawner: Processing ConfigUniqueID: 'DefaultDynamicEvent_Example1' (CrateType: 'BS_Hacked_Crate')
2025-11-25 02:56:30 [INFO] CrateSpawner: Handling RANDOM for ConfigUniqueID: 'DefaultDynamicEvent_Example1'.
2025-11-25 02:56:30 [INFO] CrateSpawner: ConfigUniqueID 'DefaultDynamicEvent_Example1' - Existing: 0, Target Active: 1
2025-11-25 02:56:30 [INFO] CrateSpawner: Attempting to spawn 1 for ConfigUniqueID: 'DefaultDynamicEvent_Example1'.
2025-11-25 02:56:30 [INFO] SpawnRandomCrates: Attempting to spawn 1 of type 'BS_Hacked_Crate' with ConfigUniqueID 'DefaultDynamicEvent_Example1'.
2025-11-25 02:56:30 [INFO] CrateSpawner: Sending spawn warning for 'BS_Hacked_Crate' at Airfield
2025-11-25 02:56:30 [INFO] CrateSpawner: Added to pending list for ConfigUniqueID 'DefaultDynamicEvent_Example1'. New pending count: 1
2025-11-25 02:56:30 [INFO] OnCrateSpawnTickPeriodic - Management Tick finished. Next check in 3600 seconds.
2025-11-25 03:06:30 [INFO] SpawnCrateAfterWarning: Timer finished. Spawning crate BS_Hacked_Crate. Removed from pending list. New pending count: 0
2025-11-25 03:06:30 [INFO] Inventory for BS_Hacked_Crate LOCKED. IsOpen: false LootAccessActionDone: false
2025-11-25 03:06:30 [INFO] HackedCrate_Base (BS_Hacked_Crate): Instance specific CrateSettings assigned. ConfigUniqueID: DefaultDynamicEvent_Example1
2025-11-25 03:06:30 [INFO] CrateSpawner: Standard Notification RPC sent. Key: #STR_BSHC_Notification_Spawn_Located
2025-11-25 03:06:30 [INFO] [SpawnAIAroundCrate] Spawning 2 AI(s) next to the crate.
2025-11-25 03:06:30 [INFO] [SpawnAIAroundCrate] Successfully spawned ZmbM_SoldierNormal at <4740.788086, 339.000000, 10343.961914>
2025-11-25 03:06:30 [INFO] [SpawnAIAroundCrate] Successfully spawned ZmbM_SoldierNormal at <4720.609375, 338.989990, 10354.076172>
2025-11-25 03:06:30 [INFO] DeferredEEInitLogic: START for BS_Hacked_Crate<3020701>. m_LoadedExpansionMarkerUID (should be from OnStoreLoad) is ''. Current m_ExpansionMarkerUID (active) is ''
2025-11-25 03:06:30 [INFO] DeferredEEInitLogic: Settings acquired successfully for BS_Hacked_Crate<3020701>.
2025-11-25 03:06:30 [INFO] DeferredEEInitLogic: AG DEBUG for BS_Hacked_Crate<3020701>
2025-11-25 03:06:30 [INFO] BSHC_AG_DEBUG: BSHC_CreateAdvancedGroupsMapMarker call.
2025-11-25 03:06:30 [INFO] BSHC_AG_DEBUG: Final Marker Name: '#STR_BSHC_HackedCrate_DisplayName'
2025-11-25 03:06:30 [INFO] BSHC_AG_DEBUG: Trying to create AG marker with name: #STR_BSHC_HackedCrate_DisplayName, Pos: <4732.430176, 338.968994, 10350.200195>, Icon: BS_HackedCrate/gui/iconcrate.paa, Color: -65536, ShowOnMap: true, ShowInWorld: true
2025-11-25 03:06:30 [INFO] BSHC_AG_DEBUG: LBStaticMarkerManager.Get is accessible.
2025-11-25 03:06:30 [INFO] BSHC_AG_DEBUG: Created AG marker (UID: 2123627816) for BS_Hacked_Crate
2025-11-25 03:06:30 [INFO] DeferredEEInitLogic: Final m_LootAccessActionDone for BS_Hacked_Crate<3020701> is: false
2025-11-25 03:06:30 [INFO] Inventory for BS_Hacked_Crate LOCKED. IsOpen: false LootAccessActionDone: false
2025-11-25 03:06:30 [INFO] DeferredEEInitLogic: FINISHED for BS_Hacked_Crate<3020701>
2025-11-25 03:38:38 [INFO] EEDelete called for BS_Hacked_Crate at <4732.430176, 338.968994, 10350.200195>
2025-11-25 03:38:38 [INFO] EXP_REMOVE_DEBUG: Attempting RemoveExpansionMapMarker. Context: EEDelete. Current UID: '' for BS_Hacked_Crate<3020701>
2025-11-25 03:38:38 [INFO] EXP_REMOVE_DEBUG: EXPANSIONMODNAVIGATION NOT defined. Cannot remove marker. Context: EEDelete for BS_Hacked_Crate<3020701>
2025-11-25 03:38:38 [INFO] BSHC_AG_DEBUG: BSHC_RemoveAdvancedGroupsMapMarker called.
2025-11-25 03:38:38 [INFO] BSHC_AG_DEBUG: Removing AG marker UID: 2123627816
2025-11-25 03:38:38 [INFO] BSHC_AG_DEBUG: AG marker UID 2123627816 successfully removed.
2025-11-25 03:38:38 [INFO] HackedCrate (BS_Hacked_Crate): Sending RPC Notification. Type: DESPAWN, Key: #STR_BSHC_Notification_Despawn_Located
2025-11-25 03:38:38 [INFO] EEDelete: Removed BS_Hacked_Crate from g_ActiveHackedCrates. Remaining count: 0
2025-11-25 03:56:30 [INFO] --------------------------------------------------------------------------
2025-11-25 03:56:30 [INFO] OnCrateSpawnTickPeriodic - Management Tick received. Evaluating individual crate configs...
2025-11-25 03:56:30 [INFO] --------------------------------------------------------------------------
2025-11-25 03:56:30 [INFO] Config 'DefaultDynamicEvent_Example1' is due for a check. Processing...
2025-11-25 03:56:30 [INFO] CrateSpawner: Processing ConfigUniqueID: 'DefaultDynamicEvent_Example1' (CrateType: 'BS_Hacked_Crate')
2025-11-25 03:56:30 [INFO] CrateSpawner: Handling RANDOM for ConfigUniqueID: 'DefaultDynamicEvent_Example1'.
2025-11-25 03:56:30 [INFO] CrateSpawner: ConfigUniqueID 'DefaultDynamicEvent_Example1' - Existing: 0, Target Active: 1
2025-11-25 03:56:30 [INFO] CrateSpawner: Attempting to spawn 1 for ConfigUniqueID: 'DefaultDynamicEvent_Example1'.
2025-11-25 03:56:30 [INFO] SpawnRandomCrates: Attempting to spawn 1 of type 'BS_Hacked_Crate' with ConfigUniqueID 'DefaultDynamicEvent_Example1'.
2025-11-25 03:56:30 [INFO] SpawnRandomCrates: Shuffled list for 'DefaultDynamicEvent_Example1' is empty or non-existent. Regenerating and shuffling.
2025-11-25 03:56:30 [INFO] CrateSpawner: Sending spawn warning for 'BS_Hacked_Crate' at Airfield
2025-11-25 03:56:30 [INFO] CrateSpawner: Added to pending list for ConfigUniqueID 'DefaultDynamicEvent_Example1'. New pending count: 1
2025-11-25 03:56:30 [INFO] OnCrateSpawnTickPeriodic - Management Tick finished. Next check in 3600 seconds.
2025-11-25 04:06:30 [INFO] SpawnCrateAfterWarning: Timer finished. Spawning crate BS_Hacked_Crate. Removed from pending list. New pending count: 0
2025-11-25 04:06:30 [INFO] Inventory for BS_Hacked_Crate LOCKED. IsOpen: false LootAccessActionDone: false
2025-11-25 04:06:30 [INFO] HackedCrate_Base (BS_Hacked_Crate): Instance specific CrateSettings assigned. ConfigUniqueID: DefaultDynamicEvent_Example1
2025-11-25 04:06:30 [INFO] CrateSpawner: Standard Notification RPC sent. Key: #STR_BSHC_Notification_Spawn_Located
2025-11-25 04:06:30 [INFO] [SpawnAIAroundCrate] Spawning 2 AI(s) next to the crate.
2025-11-25 04:06:30 [INFO] [SpawnAIAroundCrate] Successfully spawned ZmbM_SoldierNormal at <4743.682129, 339.000000, 10354.674805>
2025-11-25 04:06:30 [INFO] [SpawnAIAroundCrate] Successfully spawned ZmbM_SoldierNormal at <4740.005371, 338.989990, 10373.000977>
2025-11-25 04:06:30 [INFO] DeferredEEInitLogic: START for BS_Hacked_Crate<3025804>. m_LoadedExpansionMarkerUID (should be from OnStoreLoad) is ''. Current m_ExpansionMarkerUID (active) is ''
2025-11-25 04:06:30 [INFO] DeferredEEInitLogic: Settings acquired successfully for BS_Hacked_Crate<3025804>.
2025-11-25 04:06:30 [INFO] DeferredEEInitLogic: AG DEBUG for BS_Hacked_Crate<3025804>
2025-11-25 04:06:30 [INFO] BSHC_AG_DEBUG: BSHC_CreateAdvancedGroupsMapMarker call.
2025-11-25 04:06:30 [INFO] BSHC_AG_DEBUG: Final Marker Name: '#STR_BSHC_HackedCrate_DisplayName'
2025-11-25 04:06:30 [INFO] BSHC_AG_DEBUG: Trying to create AG marker with name: #STR_BSHC_HackedCrate_DisplayName, Pos: <4732.430176, 338.968994, 10350.200195>, Icon: BS_HackedCrate/gui/iconcrate.paa, Color: -65536, ShowOnMap: true, ShowInWorld: true
2025-11-25 04:06:30 [INFO] BSHC_AG_DEBUG: LBStaticMarkerManager.Get is accessible.
2025-11-25 04:06:30 [INFO] BSHC_AG_DEBUG: Created AG marker (UID: 1811666965) for BS_Hacked_Crate
2025-11-25 04:06:30 [INFO] DeferredEEInitLogic: Final m_LootAccessActionDone for BS_Hacked_Crate<3025804> is: false
2025-11-25 04:06:30 [INFO] Inventory for BS_Hacked_Crate LOCKED. IsOpen: false LootAccessActionDone: false
2025-11-25 04:06:30 [INFO] DeferredEEInitLogic: FINISHED for BS_Hacked_Crate<3025804>
2025-11-25 04:56:30 [INFO] --------------------------------------------------------------------------
2025-11-25 04:56:30 [INFO] OnCrateSpawnTickPeriodic - Management Tick received. Evaluating individual crate configs...
2025-11-25 04:56:30 [INFO] --------------------------------------------------------------------------
2025-11-25 04:56:30 [INFO] OnCrateSpawnTickPeriodic - Management Tick finished. Next check in 3600 seconds.
