2025-11-26 05:01:11 [INFO] OnInit - Initializing Bastardos Hacked Crates System...
2025-11-26 05:01:11 [INFO] OnInit - Loading Hacked Crate Loot Configuration (loot_pools.json)...
2025-11-26 05:01:11 [INFO] [BSHCLootPoolConfig] Found loot_pools.json at: $profile:\Bastardo_HC\loot_pools.json
2025-11-26 05:01:11 [INFO] [BSHCLootPoolConfig] JsonLoadFile executed. Loaded 2 categories defined in the root.
2025-11-26 05:01:11 [INFO] [BSHCLootPoolConfig] Category 'DefaultArmaments' has 1 loot pools.
2025-11-26 05:01:11 [INFO] [BSHCLootPoolConfig] Category 'DefaultMedical' has 1 loot pools.
2025-11-26 05:01:11 [INFO] OnInit - Hacked Crate Loot Configuration processed successfully.
2025-11-26 05:01:11 [INFO] OnInit - Loading Hacked Crate settings (global, static, dynamic)...
2025-11-26 05:01:11 [INFO] CrateManagement instance created with default grace period and tick interval.
2025-11-26 05:01:11 [INFO] [BSHCGlobalServerSettings] Loading from: $profile:\Bastardo_HC\BS_Global_settings.json
2025-11-26 05:01:11 [INFO] [CrateConfigManager] Re-saved static_crates.json to include any new options.
2025-11-26 05:01:11 [INFO] [CrateConfigManager] Re-saved dynamic_crates.json to include any new options.
2025-11-26 05:01:11 [INFO] [CrateConfigManager] Static CrateManagement has been set.
2025-11-26 05:01:11 [INFO] CrateSpawner instance created.
2025-11-26 05:01:11 [INFO] OnInit - Crate Spawner created. Grace Period: 5 minutes. Periodic Tick: 3600 seconds.
2025-11-26 05:01:11 [INFO] OnInit - Bastardos Hacked Crates System Initialization sequence finished.
2025-11-26 05:01:18 [INFO] OnMissionStart - Server mission started. Scheduling Hacked Crate cleanup and initial spawn setup.
2025-11-26 05:01:18 [INFO] OnMissionStart - Immediate STATIC Crate spawn scheduled in 15 seconds.
2025-11-26 05:01:18 [INFO] OnMissionStart - Initial DYNAMIC Crate spawn scheduled in approx. 320 seconds.
2025-11-26 05:01:18 [INFO] OnMissionStart - Scheduling first PERIODIC Crate Spawn Tick in approx. 3600 seconds.
2025-11-26 05:01:35 [INFO] Inventory for BS_Hacked_Crate LOCKED. IsOpen: false LootAccessActionDone: false
2025-11-26 05:01:35 [INFO] OnStoreLoad: m_ConfigUniqueID_Persist set from storage to: 'DefaultDynamicEvent_Example1' for BS_Hacked_Crate<2990462>
2025-11-26 05:01:35 [INFO] OnStoreLoad: FINISHED loading raw data into member variables for BS_Hacked_Crate<2990462>
2025-11-26 05:01:49 [INFO] DeferredEEInitLogic: START for BS_Hacked_Crate<2990462>. m_LoadedExpansionMarkerUID (should be from OnStoreLoad) is ''. Current m_ExpansionMarkerUID (active) is ''
2025-11-26 05:01:49 [INFO] GetCrateSettings: m_CrateSettings_Instance is NULL for BS_Hacked_Crate<2990462>. Calling AttemptToReacquireSettings().
2025-11-26 05:01:49 [INFO] HackedCrate_Base (BS_Hacked_Crate): Attempting to re-acquire CrateSettings. Persisted ConfigUniqueID is: 'DefaultDynamicEvent_Example1'
2025-11-26 05:01:49 [INFO] HackedCrate_Base (BS_Hacked_Crate): Instance specific CrateSettings assigned. ConfigUniqueID: DefaultDynamicEvent_Example1
2025-11-26 05:01:49 [INFO] HackedCrate_Base (BS_Hacked_Crate): Successfully re-acquired CrateSettings by persisted ConfigUniqueID 'DefaultDynamicEvent_Example1'.
2025-11-26 05:01:49 [INFO] DeferredEEInitLogic: Settings acquired successfully for BS_Hacked_Crate<2990462>.
2025-11-26 05:01:49 [INFO] DeferredEEInitLogic: AG DEBUG for BS_Hacked_Crate<2990462>
2025-11-26 05:01:49 [INFO] BSHC_AG_DEBUG: BSHC_CreateAdvancedGroupsMapMarker call.
2025-11-26 05:01:49 [INFO] BSHC_AG_DEBUG: Final Marker Name: '#STR_BSHC_HackedCrate_DisplayName'
2025-11-26 05:01:49 [INFO] BSHC_AG_DEBUG: Trying to create AG marker with name: #STR_BSHC_HackedCrate_DisplayName, Pos: <4553.689941, 317.975006, 8352.099609>, Icon: BS_HackedCrate/gui/iconcrate.paa, Color: -65536, ShowOnMap: true, ShowInWorld: true
2025-11-26 05:01:49 [INFO] BSHC_AG_DEBUG: LBStaticMarkerManager.Get is accessible.
2025-11-26 05:01:49 [INFO] BSHC_AG_DEBUG: Created AG marker (UID: 705385628) for BS_Hacked_Crate
2025-11-26 05:01:49 [INFO] DeferredEEInitLogic: Final m_LootAccessActionDone for BS_Hacked_Crate<2990462> is: false
2025-11-26 05:01:49 [INFO] Inventory for BS_Hacked_Crate LOCKED. IsOpen: false LootAccessActionDone: false
2025-11-26 05:01:49 [INFO] DeferredEEInitLogic: FINISHED for BS_Hacked_Crate<2990462>
2025-11-26 05:01:49 [INFO] DeferredEEInitLogic: Re-added persistent crate BS_Hacked_Crate to g_ActiveHackedCrates list.
2025-11-26 05:02:17 [INFO] DeleteHackedCratesFromKnownLocations - Starting cleanup of Hacked Crates from KNOWN SPAWN LOCATIONS as defined in configurations...
2025-11-26 05:02:17 [INFO] DeleteHackedCratesFromKnownLocations - Deleting INACTIVE: BS_Hacked_Crate (ID: 2990462) found at configured spawn Pos: <4553.689941, 317.975006, 8352.099609> for CrateType BS_Hacked_Crate
2025-11-26 05:02:17 [INFO] EEDelete called for BS_Hacked_Crate at <4553.689941, 317.975006, 8352.099609>
2025-11-26 05:02:17 [INFO] EXP_REMOVE_DEBUG: Attempting RemoveExpansionMapMarker. Context: EEDelete. Current UID: '' for BS_Hacked_Crate<2990462>
2025-11-26 05:02:17 [INFO] EXP_REMOVE_DEBUG: EXPANSIONMODNAVIGATION NOT defined. Cannot remove marker. Context: EEDelete for BS_Hacked_Crate<2990462>
2025-11-26 05:02:17 [INFO] BSHC_AG_DEBUG: BSHC_RemoveAdvancedGroupsMapMarker called.
2025-11-26 05:02:17 [INFO] BSHC_AG_DEBUG: Removing AG marker UID: 705385628
2025-11-26 05:02:17 [INFO] BSHC_AG_DEBUG: AG marker UID 705385628 successfully removed.
2025-11-26 05:02:17 [INFO] HackedCrate (BS_Hacked_Crate): Sending RPC Notification. Type: DESPAWN, Key: #STR_BSHC_Notification_Despawn_Located
2025-11-26 05:02:17 [INFO] EEDelete: Removed BS_Hacked_Crate from g_ActiveHackedCrates. Remaining count: 0
2025-11-26 05:02:17 [INFO] DeleteHackedCratesFromKnownLocations - Cleanup from known locations finished. Total inactive Hacked Crates (matching type and location) deleted: 1
2025-11-26 05:02:21 [INFO] PerformImmediateStaticSpawn - Calling CrateSpawner to setup STATIC Hacked Crates...
2025-11-26 05:02:21 [INFO] CrateSpawner: ------------- Starting IMMEDIATE STATIC Spawn Pass -------------
2025-11-26 05:02:21 [INFO] CrateSpawner: Processing IMMEDIATE STATIC for ConfigUniqueID: 'DefaultStaticEvent_Example1'.
2025-11-26 05:02:21 [INFO] SpawnStaticCrates: Processing 1 static locations for ConfigUniqueID: 'DefaultStaticEvent_Example1'.
2025-11-26 05:02:21 [INFO] SpawnStaticCrates: Location <2471.820068, 193.177002, 5114.220215> is free. Attempting to spawn crate.
2025-11-26 05:02:21 [INFO] Inventory for BS_Hacked_Crate LOCKED. IsOpen: false LootAccessActionDone: false
2025-11-26 05:02:21 [INFO] HackedCrate_Base (BS_Hacked_Crate): Instance specific CrateSettings assigned. ConfigUniqueID: DefaultStaticEvent_Example1
2025-11-26 05:02:21 [INFO] [SpawnAIAroundCrate] Spawning 1 AI(s) next to the crate.
2025-11-26 05:02:21 [INFO] [SpawnAIAroundCrate] Successfully spawned ZmbM_SoldierNormal at <2450.988770, 193.275085, 5115.899414>
2025-11-26 05:02:21 [INFO] CrateSpawner: ------------- Finished IMMEDIATE STATIC Spawn Pass -------------
2025-11-26 05:02:22 [INFO] DeferredEEInitLogic: START for BS_Hacked_Crate<3009344>. m_LoadedExpansionMarkerUID (should be from OnStoreLoad) is ''. Current m_ExpansionMarkerUID (active) is ''
2025-11-26 05:02:22 [INFO] DeferredEEInitLogic: Settings acquired successfully for BS_Hacked_Crate<3009344>.
2025-11-26 05:02:22 [INFO] DeferredEEInitLogic: m_ExpansionMarkerUID is empty. Calling CreateExpansionMapMarker for BS_Hacked_Crate<3009344>.
2025-11-26 05:02:22 [INFO] EXP_DEBUG: Inside CreateExpansionMapMarker for BS_Hacked_Crate.UseExpansionMapMarker is true.
2025-11-26 05:02:22 [INFO] EXP_DEBUG: EXPANSIONMODNAVIGATION is NOT defined. No Expansion marker will be created.
2025-11-26 05:02:22 [INFO] DeferredEEInitLogic: AG DEBUG for BS_Hacked_Crate<3009344>
2025-11-26 05:02:22 [INFO] BSHC_AG_DEBUG: BSHC_CreateAdvancedGroupsMapMarker call.
2025-11-26 05:02:22 [INFO] BSHC_AG_DEBUG: Final Marker Name: '#STR_BSHC_HackedCrate_DisplayName'
2025-11-26 05:02:22 [INFO] BSHC_AG_DEBUG: Trying to create AG marker with name: #STR_BSHC_HackedCrate_DisplayName, Pos: <2471.820068, 193.177002, 5114.220215>, Icon: BS_HackedCrate/gui/iconcrate.paa, Color: -65536, ShowOnMap: true, ShowInWorld: true
2025-11-26 05:02:22 [INFO] BSHC_AG_DEBUG: LBStaticMarkerManager.Get is accessible.
2025-11-26 05:02:22 [INFO] BSHC_AG_DEBUG: Created AG marker (UID: 678449512) for BS_Hacked_Crate
2025-11-26 05:02:22 [INFO] DeferredEEInitLogic: Final m_LootAccessActionDone for BS_Hacked_Crate<3009344> is: false
2025-11-26 05:02:22 [INFO] Inventory for BS_Hacked_Crate LOCKED. IsOpen: false LootAccessActionDone: false
2025-11-26 05:02:22 [INFO] DeferredEEInitLogic: FINISHED for BS_Hacked_Crate<3009344>
2025-11-26 05:07:26 [INFO] PerformInitialDynamicSpawn - Grace period ended. Calling CrateSpawner to setup initial DYNAMIC Hacked Crates...
2025-11-26 05:07:26 [INFO] CrateSpawner: ------------- Starting INITIAL DYNAMIC Spawn Pass (Post-Grace) -------------
2025-11-26 05:07:26 [INFO] CrateSpawner: Current server population for dynamic spawn: 0 players.
2025-11-26 05:07:26 [INFO] CrateSpawner: Processing DYNAMIC for ConfigUniqueID: 'DefaultDynamicEvent_Example1'.
2025-11-26 05:07:26 [INFO] CrateSpawner: Skipping ConfigUniqueID 'DefaultDynamicEvent_Example1'. Players required: 1, Current: 0
2025-11-26 05:07:26 [INFO] CrateSpawner: ------------- Finished INITIAL DYNAMIC Spawn Pass -------------
2025-11-26 06:02:06 [INFO] --------------------------------------------------------------------------
2025-11-26 06:02:06 [INFO] OnCrateSpawnTickPeriodic - Management Tick received. Evaluating individual crate configs...
2025-11-26 06:02:06 [INFO] --------------------------------------------------------------------------
2025-11-26 06:02:06 [INFO] Config 'DefaultDynamicEvent_Example1' is due for a check. Processing...
2025-11-26 06:02:06 [INFO] CrateSpawner: Processing ConfigUniqueID: 'DefaultDynamicEvent_Example1' (CrateType: 'BS_Hacked_Crate')
2025-11-26 06:02:06 [INFO] CrateSpawner: Skipping ConfigUniqueID 'DefaultDynamicEvent_Example1'. Players required: 1, Current: 0
2025-11-26 06:02:06 [INFO] OnCrateSpawnTickPeriodic - Management Tick finished. Next check in 3600 seconds.
2025-11-26 07:02:06 [INFO] --------------------------------------------------------------------------
2025-11-26 07:02:06 [INFO] OnCrateSpawnTickPeriodic - Management Tick received. Evaluating individual crate configs...
2025-11-26 07:02:06 [INFO] --------------------------------------------------------------------------
2025-11-26 07:02:06 [INFO] Config 'DefaultDynamicEvent_Example1' is due for a check. Processing...
2025-11-26 07:02:06 [INFO] CrateSpawner: Processing ConfigUniqueID: 'DefaultDynamicEvent_Example1' (CrateType: 'BS_Hacked_Crate')
2025-11-26 07:02:06 [INFO] CrateSpawner: Skipping ConfigUniqueID 'DefaultDynamicEvent_Example1'. Players required: 1, Current: 0
2025-11-26 07:02:06 [INFO] OnCrateSpawnTickPeriodic - Management Tick finished. Next check in 3600 seconds.
2025-11-26 08:02:06 [INFO] --------------------------------------------------------------------------
2025-11-26 08:02:06 [INFO] OnCrateSpawnTickPeriodic - Management Tick received. Evaluating individual crate configs...
2025-11-26 08:02:06 [INFO] --------------------------------------------------------------------------
2025-11-26 08:02:06 [INFO] Config 'DefaultDynamicEvent_Example1' is due for a check. Processing...
2025-11-26 08:02:06 [INFO] CrateSpawner: Processing ConfigUniqueID: 'DefaultDynamicEvent_Example1' (CrateType: 'BS_Hacked_Crate')
2025-11-26 08:02:06 [INFO] CrateSpawner: Skipping ConfigUniqueID 'DefaultDynamicEvent_Example1'. Players required: 1, Current: 0
2025-11-26 08:02:06 [INFO] OnCrateSpawnTickPeriodic - Management Tick finished. Next check in 3600 seconds.
2025-11-26 09:02:06 [INFO] --------------------------------------------------------------------------
2025-11-26 09:02:06 [INFO] OnCrateSpawnTickPeriodic - Management Tick received. Evaluating individual crate configs...
2025-11-26 09:02:06 [INFO] --------------------------------------------------------------------------
2025-11-26 09:02:06 [INFO] Config 'DefaultDynamicEvent_Example1' is due for a check. Processing...
2025-11-26 09:02:06 [INFO] CrateSpawner: Processing ConfigUniqueID: 'DefaultDynamicEvent_Example1' (CrateType: 'BS_Hacked_Crate')
2025-11-26 09:02:06 [INFO] CrateSpawner: Skipping ConfigUniqueID 'DefaultDynamicEvent_Example1'. Players required: 1, Current: 0
2025-11-26 09:02:06 [INFO] OnCrateSpawnTickPeriodic - Management Tick finished. Next check in 3600 seconds.
2025-11-26 10:02:06 [INFO] --------------------------------------------------------------------------
2025-11-26 10:02:06 [INFO] OnCrateSpawnTickPeriodic - Management Tick received. Evaluating individual crate configs...
2025-11-26 10:02:06 [INFO] --------------------------------------------------------------------------
2025-11-26 10:02:06 [INFO] Config 'DefaultDynamicEvent_Example1' is due for a check. Processing...
2025-11-26 10:02:06 [INFO] CrateSpawner: Processing ConfigUniqueID: 'DefaultDynamicEvent_Example1' (CrateType: 'BS_Hacked_Crate')
2025-11-26 10:02:06 [INFO] CrateSpawner: Skipping ConfigUniqueID 'DefaultDynamicEvent_Example1'. Players required: 1, Current: 0
2025-11-26 10:02:06 [INFO] OnCrateSpawnTickPeriodic - Management Tick finished. Next check in 3600 seconds.
2025-11-26 11:02:06 [INFO] --------------------------------------------------------------------------
2025-11-26 11:02:06 [INFO] OnCrateSpawnTickPeriodic - Management Tick received. Evaluating individual crate configs...
2025-11-26 11:02:06 [INFO] --------------------------------------------------------------------------
2025-11-26 11:02:06 [INFO] Config 'DefaultDynamicEvent_Example1' is due for a check. Processing...
2025-11-26 11:02:06 [INFO] CrateSpawner: Processing ConfigUniqueID: 'DefaultDynamicEvent_Example1' (CrateType: 'BS_Hacked_Crate')
2025-11-26 11:02:06 [INFO] CrateSpawner: Skipping ConfigUniqueID 'DefaultDynamicEvent_Example1'. Players required: 1, Current: 0
2025-11-26 11:02:06 [INFO] OnCrateSpawnTickPeriodic - Management Tick finished. Next check in 3600 seconds.
2025-11-26 12:02:06 [INFO] --------------------------------------------------------------------------
2025-11-26 12:02:06 [INFO] OnCrateSpawnTickPeriodic - Management Tick received. Evaluating individual crate configs...
2025-11-26 12:02:06 [INFO] --------------------------------------------------------------------------
2025-11-26 12:02:06 [INFO] Config 'DefaultDynamicEvent_Example1' is due for a check. Processing...
2025-11-26 12:02:06 [INFO] CrateSpawner: Processing ConfigUniqueID: 'DefaultDynamicEvent_Example1' (CrateType: 'BS_Hacked_Crate')
2025-11-26 12:02:06 [INFO] CrateSpawner: Skipping ConfigUniqueID 'DefaultDynamicEvent_Example1'. Players required: 1, Current: 0
2025-11-26 12:02:06 [INFO] OnCrateSpawnTickPeriodic - Management Tick finished. Next check in 3600 seconds.
2025-11-26 13:02:06 [INFO] --------------------------------------------------------------------------
2025-11-26 13:02:06 [INFO] OnCrateSpawnTickPeriodic - Management Tick received. Evaluating individual crate configs...
2025-11-26 13:02:06 [INFO] --------------------------------------------------------------------------
2025-11-26 13:02:06 [INFO] Config 'DefaultDynamicEvent_Example1' is due for a check. Processing...
2025-11-26 13:02:06 [INFO] CrateSpawner: Processing ConfigUniqueID: 'DefaultDynamicEvent_Example1' (CrateType: 'BS_Hacked_Crate')
2025-11-26 13:02:06 [INFO] CrateSpawner: Skipping ConfigUniqueID 'DefaultDynamicEvent_Example1'. Players required: 1, Current: 0
2025-11-26 13:02:06 [INFO] OnCrateSpawnTickPeriodic - Management Tick finished. Next check in 3600 seconds.
2025-11-26 14:02:06 [INFO] --------------------------------------------------------------------------
2025-11-26 14:02:06 [INFO] OnCrateSpawnTickPeriodic - Management Tick received. Evaluating individual crate configs...
2025-11-26 14:02:06 [INFO] --------------------------------------------------------------------------
2025-11-26 14:02:06 [INFO] Config 'DefaultDynamicEvent_Example1' is due for a check. Processing...
2025-11-26 14:02:06 [INFO] CrateSpawner: Processing ConfigUniqueID: 'DefaultDynamicEvent_Example1' (CrateType: 'BS_Hacked_Crate')
2025-11-26 14:02:06 [INFO] CrateSpawner: Skipping ConfigUniqueID 'DefaultDynamicEvent_Example1'. Players required: 1, Current: 0
2025-11-26 14:02:06 [INFO] OnCrateSpawnTickPeriodic - Management Tick finished. Next check in 3600 seconds.
2025-11-26 15:02:06 [INFO] --------------------------------------------------------------------------
2025-11-26 15:02:06 [INFO] OnCrateSpawnTickPeriodic - Management Tick received. Evaluating individual crate configs...
2025-11-26 15:02:06 [INFO] --------------------------------------------------------------------------
2025-11-26 15:02:06 [INFO] Config 'DefaultDynamicEvent_Example1' is due for a check. Processing...
2025-11-26 15:02:06 [INFO] CrateSpawner: Processing ConfigUniqueID: 'DefaultDynamicEvent_Example1' (CrateType: 'BS_Hacked_Crate')
2025-11-26 15:02:06 [INFO] CrateSpawner: Skipping ConfigUniqueID 'DefaultDynamicEvent_Example1'. Players required: 1, Current: 0
2025-11-26 15:02:06 [INFO] OnCrateSpawnTickPeriodic - Management Tick finished. Next check in 3600 seconds.
2025-11-26 16:02:06 [INFO] --------------------------------------------------------------------------
2025-11-26 16:02:06 [INFO] OnCrateSpawnTickPeriodic - Management Tick received. Evaluating individual crate configs...
2025-11-26 16:02:06 [INFO] --------------------------------------------------------------------------
2025-11-26 16:02:06 [INFO] Config 'DefaultDynamicEvent_Example1' is due for a check. Processing...
2025-11-26 16:02:06 [INFO] CrateSpawner: Processing ConfigUniqueID: 'DefaultDynamicEvent_Example1' (CrateType: 'BS_Hacked_Crate')
2025-11-26 16:02:06 [INFO] CrateSpawner: Skipping ConfigUniqueID 'DefaultDynamicEvent_Example1'. Players required: 1, Current: 0
2025-11-26 16:02:06 [INFO] OnCrateSpawnTickPeriodic - Management Tick finished. Next check in 3600 seconds.
2025-11-26 17:02:06 [INFO] --------------------------------------------------------------------------
2025-11-26 17:02:06 [INFO] OnCrateSpawnTickPeriodic - Management Tick received. Evaluating individual crate configs...
2025-11-26 17:02:06 [INFO] --------------------------------------------------------------------------
2025-11-26 17:02:06 [INFO] Config 'DefaultDynamicEvent_Example1' is due for a check. Processing...
2025-11-26 17:02:06 [INFO] CrateSpawner: Processing ConfigUniqueID: 'DefaultDynamicEvent_Example1' (CrateType: 'BS_Hacked_Crate')
2025-11-26 17:02:06 [INFO] CrateSpawner: Skipping ConfigUniqueID 'DefaultDynamicEvent_Example1'. Players required: 1, Current: 0
2025-11-26 17:02:06 [INFO] OnCrateSpawnTickPeriodic - Management Tick finished. Next check in 3600 seconds.
2025-11-26 18:02:06 [INFO] --------------------------------------------------------------------------
2025-11-26 18:02:06 [INFO] OnCrateSpawnTickPeriodic - Management Tick received. Evaluating individual crate configs...
2025-11-26 18:02:06 [INFO] --------------------------------------------------------------------------
2025-11-26 18:02:06 [INFO] Config 'DefaultDynamicEvent_Example1' is due for a check. Processing...
2025-11-26 18:02:06 [INFO] CrateSpawner: Processing ConfigUniqueID: 'DefaultDynamicEvent_Example1' (CrateType: 'BS_Hacked_Crate')
2025-11-26 18:02:06 [INFO] CrateSpawner: Skipping ConfigUniqueID 'DefaultDynamicEvent_Example1'. Players required: 1, Current: 0
2025-11-26 18:02:06 [INFO] OnCrateSpawnTickPeriodic - Management Tick finished. Next check in 3600 seconds.
2025-11-26 19:02:06 [INFO] --------------------------------------------------------------------------
2025-11-26 19:02:06 [INFO] OnCrateSpawnTickPeriodic - Management Tick received. Evaluating individual crate configs...
2025-11-26 19:02:06 [INFO] --------------------------------------------------------------------------
2025-11-26 19:02:06 [INFO] Config 'DefaultDynamicEvent_Example1' is due for a check. Processing...
2025-11-26 19:02:06 [INFO] CrateSpawner: Processing ConfigUniqueID: 'DefaultDynamicEvent_Example1' (CrateType: 'BS_Hacked_Crate')
2025-11-26 19:02:06 [INFO] CrateSpawner: Skipping ConfigUniqueID 'DefaultDynamicEvent_Example1'. Players required: 1, Current: 0
2025-11-26 19:02:06 [INFO] OnCrateSpawnTickPeriodic - Management Tick finished. Next check in 3600 seconds.
2025-11-26 20:02:06 [INFO] --------------------------------------------------------------------------
2025-11-26 20:02:06 [INFO] OnCrateSpawnTickPeriodic - Management Tick received. Evaluating individual crate configs...
2025-11-26 20:02:06 [INFO] --------------------------------------------------------------------------
2025-11-26 20:02:06 [INFO] Config 'DefaultDynamicEvent_Example1' is due for a check. Processing...
2025-11-26 20:02:06 [INFO] CrateSpawner: Processing ConfigUniqueID: 'DefaultDynamicEvent_Example1' (CrateType: 'BS_Hacked_Crate')
2025-11-26 20:02:06 [INFO] CrateSpawner: Skipping ConfigUniqueID 'DefaultDynamicEvent_Example1'. Players required: 1, Current: 0
2025-11-26 20:02:06 [INFO] OnCrateSpawnTickPeriodic - Management Tick finished. Next check in 3600 seconds.
2025-11-26 21:02:06 [INFO] --------------------------------------------------------------------------
2025-11-26 21:02:06 [INFO] OnCrateSpawnTickPeriodic - Management Tick received. Evaluating individual crate configs...
2025-11-26 21:02:06 [INFO] --------------------------------------------------------------------------
2025-11-26 21:02:06 [INFO] Config 'DefaultDynamicEvent_Example1' is due for a check. Processing...
2025-11-26 21:02:06 [INFO] CrateSpawner: Processing ConfigUniqueID: 'DefaultDynamicEvent_Example1' (CrateType: 'BS_Hacked_Crate')
2025-11-26 21:02:06 [INFO] CrateSpawner: Skipping ConfigUniqueID 'DefaultDynamicEvent_Example1'. Players required: 1, Current: 0
2025-11-26 21:02:06 [INFO] OnCrateSpawnTickPeriodic - Management Tick finished. Next check in 3600 seconds.
2025-11-26 22:02:06 [INFO] --------------------------------------------------------------------------
2025-11-26 22:02:06 [INFO] OnCrateSpawnTickPeriodic - Management Tick received. Evaluating individual crate configs...
2025-11-26 22:02:06 [INFO] --------------------------------------------------------------------------
2025-11-26 22:02:06 [INFO] Config 'DefaultDynamicEvent_Example1' is due for a check. Processing...
2025-11-26 22:02:06 [INFO] CrateSpawner: Processing ConfigUniqueID: 'DefaultDynamicEvent_Example1' (CrateType: 'BS_Hacked_Crate')
2025-11-26 22:02:06 [INFO] CrateSpawner: Skipping ConfigUniqueID 'DefaultDynamicEvent_Example1'. Players required: 1, Current: 0
2025-11-26 22:02:06 [INFO] OnCrateSpawnTickPeriodic - Management Tick finished. Next check in 3600 seconds.
2025-11-26 23:02:06 [INFO] --------------------------------------------------------------------------
2025-11-26 23:02:06 [INFO] OnCrateSpawnTickPeriodic - Management Tick received. Evaluating individual crate configs...
2025-11-26 23:02:06 [INFO] --------------------------------------------------------------------------
2025-11-26 23:02:06 [INFO] Config 'DefaultDynamicEvent_Example1' is due for a check. Processing...
2025-11-26 23:02:06 [INFO] CrateSpawner: Processing ConfigUniqueID: 'DefaultDynamicEvent_Example1' (CrateType: 'BS_Hacked_Crate')
2025-11-26 23:02:06 [INFO] CrateSpawner: Skipping ConfigUniqueID 'DefaultDynamicEvent_Example1'. Players required: 1, Current: 0
2025-11-26 23:02:06 [INFO] OnCrateSpawnTickPeriodic - Management Tick finished. Next check in 3600 seconds.
2025-11-27 00:02:06 [INFO] --------------------------------------------------------------------------
2025-11-27 00:02:06 [INFO] OnCrateSpawnTickPeriodic - Management Tick received. Evaluating individual crate configs...
2025-11-27 00:02:06 [INFO] --------------------------------------------------------------------------
2025-11-27 00:02:06 [INFO] Config 'DefaultDynamicEvent_Example1' is due for a check. Processing...
2025-11-27 00:02:06 [INFO] CrateSpawner: Processing ConfigUniqueID: 'DefaultDynamicEvent_Example1' (CrateType: 'BS_Hacked_Crate')
2025-11-27 00:02:06 [INFO] CrateSpawner: Skipping ConfigUniqueID 'DefaultDynamicEvent_Example1'. Players required: 1, Current: 0
2025-11-27 00:02:06 [INFO] OnCrateSpawnTickPeriodic - Management Tick finished. Next check in 3600 seconds.
2025-11-27 01:02:06 [INFO] --------------------------------------------------------------------------
2025-11-27 01:02:06 [INFO] OnCrateSpawnTickPeriodic - Management Tick received. Evaluating individual crate configs...
2025-11-27 01:02:06 [INFO] --------------------------------------------------------------------------
2025-11-27 01:02:06 [INFO] Config 'DefaultDynamicEvent_Example1' is due for a check. Processing...
2025-11-27 01:02:06 [INFO] CrateSpawner: Processing ConfigUniqueID: 'DefaultDynamicEvent_Example1' (CrateType: 'BS_Hacked_Crate')
2025-11-27 01:02:06 [INFO] CrateSpawner: Handling RANDOM for ConfigUniqueID: 'DefaultDynamicEvent_Example1'.
2025-11-27 01:02:06 [INFO] CrateSpawner: ConfigUniqueID 'DefaultDynamicEvent_Example1' - Existing: 0, Target Active: 1
2025-11-27 01:02:06 [INFO] CrateSpawner: Attempting to spawn 1 for ConfigUniqueID: 'DefaultDynamicEvent_Example1'.
2025-11-27 01:02:06 [INFO] SpawnRandomCrates: Attempting to spawn 1 of type 'BS_Hacked_Crate' with ConfigUniqueID 'DefaultDynamicEvent_Example1'.
2025-11-27 01:02:06 [INFO] SpawnRandomCrates: Shuffled list for 'DefaultDynamicEvent_Example1' is empty or non-existent. Regenerating and shuffling.
2025-11-27 01:02:06 [INFO] CrateSpawner: Sending spawn warning for 'BS_Hacked_Crate' at Airfield
2025-11-27 01:02:06 [INFO] CrateSpawner: Added to pending list for ConfigUniqueID 'DefaultDynamicEvent_Example1'. New pending count: 1
2025-11-27 01:02:06 [INFO] OnCrateSpawnTickPeriodic - Management Tick finished. Next check in 3600 seconds.
2025-11-27 01:08:36 [INFO] EEDelete called for BS_Hacked_Crate at <2471.820068, 193.177002, 5114.220215>
2025-11-27 01:08:36 [INFO] EXP_REMOVE_DEBUG: Attempting RemoveExpansionMapMarker. Context: EEDelete. Current UID: '' for BS_Hacked_Crate<3009344>
2025-11-27 01:08:36 [INFO] EXP_REMOVE_DEBUG: EXPANSIONMODNAVIGATION NOT defined. Cannot remove marker. Context: EEDelete for BS_Hacked_Crate<3009344>
2025-11-27 01:08:36 [INFO] BSHC_AG_DEBUG: BSHC_RemoveAdvancedGroupsMapMarker called.
2025-11-27 01:08:36 [INFO] BSHC_AG_DEBUG: Removing AG marker UID: 678449512
2025-11-27 01:08:36 [INFO] BSHC_AG_DEBUG: AG marker UID 678449512 successfully removed.
2025-11-27 01:08:36 [INFO] HackedCrate (BS_Hacked_Crate): Sending RPC Notification. Type: DESPAWN, Key: #STR_BSHC_Notification_Despawn_Located
2025-11-27 01:08:36 [INFO] EEDelete: Removed BS_Hacked_Crate from g_ActiveHackedCrates. Remaining count: 0
2025-11-27 01:12:06 [INFO] SpawnCrateAfterWarning: Timer finished. Spawning crate BS_Hacked_Crate. Removed from pending list. New pending count: 0
2025-11-27 01:12:06 [INFO] Inventory for BS_Hacked_Crate LOCKED. IsOpen: false LootAccessActionDone: false
2025-11-27 01:12:06 [INFO] HackedCrate_Base (BS_Hacked_Crate): Instance specific CrateSettings assigned. ConfigUniqueID: DefaultDynamicEvent_Example1
2025-11-27 01:12:06 [INFO] CrateSpawner: Standard Notification RPC sent. Key: #STR_BSHC_Notification_Spawn_Located
2025-11-27 01:12:06 [INFO] [SpawnAIAroundCrate] Spawning 2 AI(s) next to the crate.
2025-11-27 01:12:06 [INFO] [SpawnAIAroundCrate] Successfully spawned ZmbM_SoldierNormal at <4715.208008, 338.993042, 10350.251953>
2025-11-27 01:12:06 [INFO] [SpawnAIAroundCrate] Successfully spawned ZmbM_SoldierNormal at <4714.962402, 339.000000, 10340.075195>
2025-11-27 01:12:07 [INFO] DeferredEEInitLogic: START for BS_Hacked_Crate<3018887>. m_LoadedExpansionMarkerUID (should be from OnStoreLoad) is ''. Current m_ExpansionMarkerUID (active) is ''
2025-11-27 01:12:07 [INFO] DeferredEEInitLogic: Settings acquired successfully for BS_Hacked_Crate<3018887>.
2025-11-27 01:12:07 [INFO] DeferredEEInitLogic: AG DEBUG for BS_Hacked_Crate<3018887>
2025-11-27 01:12:07 [INFO] BSHC_AG_DEBUG: BSHC_CreateAdvancedGroupsMapMarker call.
2025-11-27 01:12:07 [INFO] BSHC_AG_DEBUG: Final Marker Name: '#STR_BSHC_HackedCrate_DisplayName'
2025-11-27 01:12:07 [INFO] BSHC_AG_DEBUG: Trying to create AG marker with name: #STR_BSHC_HackedCrate_DisplayName, Pos: <4732.430176, 338.968994, 10350.200195>, Icon: BS_HackedCrate/gui/iconcrate.paa, Color: -65536, ShowOnMap: true, ShowInWorld: true
2025-11-27 01:12:07 [INFO] BSHC_AG_DEBUG: LBStaticMarkerManager.Get is accessible.
2025-11-27 01:12:07 [INFO] BSHC_AG_DEBUG: Created AG marker (UID: 1831131749) for BS_Hacked_Crate
2025-11-27 01:12:07 [INFO] DeferredEEInitLogic: Final m_LootAccessActionDone for BS_Hacked_Crate<3018887> is: false
2025-11-27 01:12:07 [INFO] Inventory for BS_Hacked_Crate LOCKED. IsOpen: false LootAccessActionDone: false
2025-11-27 01:12:07 [INFO] DeferredEEInitLogic: FINISHED for BS_Hacked_Crate<3018887>
2025-11-27 01:59:16 [INFO] EEDelete called for BS_Hacked_Crate at <4732.430176, 338.968994, 10350.200195>
2025-11-27 01:59:16 [INFO] EXP_REMOVE_DEBUG: Attempting RemoveExpansionMapMarker. Context: EEDelete. Current UID: '' for BS_Hacked_Crate<3018887>
2025-11-27 01:59:16 [INFO] EXP_REMOVE_DEBUG: EXPANSIONMODNAVIGATION NOT defined. Cannot remove marker. Context: EEDelete for BS_Hacked_Crate<3018887>
2025-11-27 01:59:16 [INFO] BSHC_AG_DEBUG: BSHC_RemoveAdvancedGroupsMapMarker called.
2025-11-27 01:59:16 [INFO] BSHC_AG_DEBUG: Removing AG marker UID: 1831131749
2025-11-27 01:59:16 [INFO] BSHC_AG_DEBUG: AG marker UID 1831131749 successfully removed.
2025-11-27 01:59:16 [INFO] HackedCrate (BS_Hacked_Crate): Sending RPC Notification. Type: DESPAWN, Key: #STR_BSHC_Notification_Despawn_Located
2025-11-27 01:59:16 [INFO] EEDelete: Removed BS_Hacked_Crate from g_ActiveHackedCrates. Remaining count: 0
2025-11-27 02:02:06 [INFO] --------------------------------------------------------------------------
2025-11-27 02:02:06 [INFO] OnCrateSpawnTickPeriodic - Management Tick received. Evaluating individual crate configs...
2025-11-27 02:02:06 [INFO] --------------------------------------------------------------------------
2025-11-27 02:02:06 [INFO] Config 'DefaultDynamicEvent_Example1' is due for a check. Processing...
2025-11-27 02:02:06 [INFO] CrateSpawner: Processing ConfigUniqueID: 'DefaultDynamicEvent_Example1' (CrateType: 'BS_Hacked_Crate')
2025-11-27 02:02:06 [INFO] CrateSpawner: Handling RANDOM for ConfigUniqueID: 'DefaultDynamicEvent_Example1'.
2025-11-27 02:02:06 [INFO] CrateSpawner: ConfigUniqueID 'DefaultDynamicEvent_Example1' - Existing: 0, Target Active: 1
2025-11-27 02:02:06 [INFO] CrateSpawner: Attempting to spawn 1 for ConfigUniqueID: 'DefaultDynamicEvent_Example1'.
2025-11-27 02:02:06 [INFO] SpawnRandomCrates: Attempting to spawn 1 of type 'BS_Hacked_Crate' with ConfigUniqueID 'DefaultDynamicEvent_Example1'.
2025-11-27 02:02:06 [INFO] CrateSpawner: Sending spawn warning for 'BS_Hacked_Crate' at VMC
2025-11-27 02:02:06 [INFO] CrateSpawner: Added to pending list for ConfigUniqueID 'DefaultDynamicEvent_Example1'. New pending count: 1
2025-11-27 02:02:06 [INFO] OnCrateSpawnTickPeriodic - Management Tick finished. Next check in 3600 seconds.
2025-11-27 02:12:06 [INFO] SpawnCrateAfterWarning: Timer finished. Spawning crate BS_Hacked_Crate. Removed from pending list. New pending count: 0
2025-11-27 02:12:06 [INFO] Inventory for BS_Hacked_Crate LOCKED. IsOpen: false LootAccessActionDone: false
2025-11-27 02:12:06 [INFO] HackedCrate_Base (BS_Hacked_Crate): Instance specific CrateSettings assigned. ConfigUniqueID: DefaultDynamicEvent_Example1
2025-11-27 02:12:06 [INFO] CrateSpawner: Standard Notification RPC sent. Key: #STR_BSHC_Notification_Spawn_Located
2025-11-27 02:12:06 [INFO] [SpawnAIAroundCrate] Spawning 2 AI(s) next to the crate.
2025-11-27 02:12:06 [INFO] [SpawnAIAroundCrate] Successfully spawned ZmbM_SoldierNormal at <4576.508301, 318.070984, 8345.249023>
2025-11-27 02:12:06 [INFO] [SpawnAIAroundCrate] Successfully spawned ZmbM_SoldierNormal at <4540.953125, 317.917328, 8347.757813>
2025-11-27 02:12:07 [INFO] DeferredEEInitLogic: START for BS_Hacked_Crate<3024978>. m_LoadedExpansionMarkerUID (should be from OnStoreLoad) is ''. Current m_ExpansionMarkerUID (active) is ''
2025-11-27 02:12:07 [INFO] DeferredEEInitLogic: Settings acquired successfully for BS_Hacked_Crate<3024978>.
2025-11-27 02:12:07 [INFO] DeferredEEInitLogic: AG DEBUG for BS_Hacked_Crate<3024978>
2025-11-27 02:12:07 [INFO] BSHC_AG_DEBUG: BSHC_CreateAdvancedGroupsMapMarker call.
2025-11-27 02:12:07 [INFO] BSHC_AG_DEBUG: Final Marker Name: '#STR_BSHC_HackedCrate_DisplayName'
2025-11-27 02:12:07 [INFO] BSHC_AG_DEBUG: Trying to create AG marker with name: #STR_BSHC_HackedCrate_DisplayName, Pos: <4553.689941, 317.975006, 8352.099609>, Icon: BS_HackedCrate/gui/iconcrate.paa, Color: -65536, ShowOnMap: true, ShowInWorld: true
2025-11-27 02:12:07 [INFO] BSHC_AG_DEBUG: LBStaticMarkerManager.Get is accessible.
2025-11-27 02:12:07 [INFO] BSHC_AG_DEBUG: Created AG marker (UID: 1218023816) for BS_Hacked_Crate
2025-11-27 02:12:07 [INFO] DeferredEEInitLogic: Final m_LootAccessActionDone for BS_Hacked_Crate<3024978> is: false
2025-11-27 02:12:07 [INFO] Inventory for BS_Hacked_Crate LOCKED. IsOpen: false LootAccessActionDone: false
2025-11-27 02:12:07 [INFO] DeferredEEInitLogic: FINISHED for BS_Hacked_Crate<3024978>
2025-11-27 02:51:35 [INFO] BSHC_AG_DEBUG: BSHC_RemoveAdvancedGroupsMapMarker called.
2025-11-27 02:51:35 [INFO] BSHC_AG_DEBUG: Removing AG marker UID: 1218023816
2025-11-27 02:51:35 [INFO] BSHC_AG_DEBUG: AG marker UID 1218023816 successfully removed.
2025-11-27 02:51:35 [INFO] HackedCrate (BS_Hacked_Crate): Sending RPC Notification. Type: START, Key: #STR_BSHC_Notification_Start_Located
2025-11-27 02:53:02 [INFO] BSHC_AG_DEBUG: BSHC_RemoveAdvancedGroupsMapMarker called.
2025-11-27 02:53:02 [INFO] BSHC_AG_DEBUG: Removing AG marker UID: 940535950
2025-11-27 02:53:02 [INFO] BSHC_AG_DEBUG: AG marker UID 940535950 successfully removed.
2025-11-27 02:54:32 [INFO] BSHC_AG_DEBUG: BSHC_RemoveAdvancedGroupsMapMarker called.
2025-11-27 02:54:32 [INFO] BSHC_AG_DEBUG: Removing AG marker UID: 1453895056
2025-11-27 02:54:32 [INFO] BSHC_AG_DEBUG: AG marker UID 1453895056 successfully removed.
2025-11-27 02:56:02 [INFO] BSHC_AG_DEBUG: BSHC_RemoveAdvancedGroupsMapMarker called.
2025-11-27 02:56:02 [INFO] BSHC_AG_DEBUG: Removing AG marker UID: 1182764375
2025-11-27 02:56:02 [INFO] BSHC_AG_DEBUG: AG marker UID 1182764375 successfully removed.
2025-11-27 02:57:32 [INFO] BSHC_AG_DEBUG: BSHC_RemoveAdvancedGroupsMapMarker called.
2025-11-27 02:57:32 [INFO] BSHC_AG_DEBUG: Removing AG marker UID: 270541038
2025-11-27 02:57:32 [INFO] BSHC_AG_DEBUG: AG marker UID 270541038 successfully removed.
2025-11-27 02:59:02 [INFO] BSHC_AG_DEBUG: BSHC_RemoveAdvancedGroupsMapMarker called.
2025-11-27 02:59:02 [INFO] BSHC_AG_DEBUG: Removing AG marker UID: 1126663853
2025-11-27 02:59:02 [INFO] BSHC_AG_DEBUG: AG marker UID 1126663853 successfully removed.
2025-11-27 03:00:32 [INFO] BSHC_AG_DEBUG: BSHC_RemoveAdvancedGroupsMapMarker called.
2025-11-27 03:00:32 [INFO] BSHC_AG_DEBUG: Removing AG marker UID: 1913971773
2025-11-27 03:00:32 [INFO] BSHC_AG_DEBUG: AG marker UID 1913971773 successfully removed.
2025-11-27 03:02:02 [INFO] BSHC_AG_DEBUG: BSHC_RemoveAdvancedGroupsMapMarker called.
2025-11-27 03:02:02 [INFO] BSHC_AG_DEBUG: Removing AG marker UID: 1763103311
2025-11-27 03:02:02 [INFO] BSHC_AG_DEBUG: AG marker UID 1763103311 successfully removed.
2025-11-27 03:02:06 [INFO] --------------------------------------------------------------------------
2025-11-27 03:02:06 [INFO] OnCrateSpawnTickPeriodic - Management Tick received. Evaluating individual crate configs...
2025-11-27 03:02:06 [INFO] --------------------------------------------------------------------------
2025-11-27 03:02:06 [INFO] Config 'DefaultDynamicEvent_Example1' is due for a check. Processing...
2025-11-27 03:02:06 [INFO] CrateSpawner: Processing ConfigUniqueID: 'DefaultDynamicEvent_Example1' (CrateType: 'BS_Hacked_Crate')
2025-11-27 03:02:06 [INFO] CrateSpawner: Handling RANDOM for ConfigUniqueID: 'DefaultDynamicEvent_Example1'.
2025-11-27 03:02:06 [INFO] CrateSpawner: ConfigUniqueID 'DefaultDynamicEvent_Example1' - Existing: 1, Target Active: 1
2025-11-27 03:02:06 [INFO] OnCrateSpawnTickPeriodic - Management Tick finished. Next check in 3600 seconds.
2025-11-27 03:03:32 [INFO] BSHC_AG_DEBUG: BSHC_RemoveAdvancedGroupsMapMarker called.
2025-11-27 03:03:32 [INFO] BSHC_AG_DEBUG: Removing AG marker UID: 657870582
2025-11-27 03:03:32 [INFO] BSHC_AG_DEBUG: AG marker UID 657870582 successfully removed.
2025-11-27 03:05:02 [INFO] BSHC_AG_DEBUG: BSHC_RemoveAdvancedGroupsMapMarker called.
2025-11-27 03:05:02 [INFO] BSHC_AG_DEBUG: Removing AG marker UID: 1581431992
2025-11-27 03:05:02 [INFO] BSHC_AG_DEBUG: AG marker UID 1581431992 successfully removed.
2025-11-27 03:06:32 [INFO] BSHC_AG_DEBUG: BSHC_RemoveAdvancedGroupsMapMarker called.
2025-11-27 03:06:32 [INFO] BSHC_AG_DEBUG: Removing AG marker UID: 86838041
2025-11-27 03:06:32 [INFO] BSHC_AG_DEBUG: AG marker UID 86838041 successfully removed.
2025-11-27 03:06:36 [INFO] BSHC_AG_DEBUG: BSHC_RemoveAdvancedGroupsMapMarker called.
2025-11-27 03:06:36 [INFO] BSHC_AG_DEBUG: Removing AG marker UID: 531644406
2025-11-27 03:06:36 [INFO] BSHC_AG_DEBUG: AG marker UID 531644406 successfully removed.
2025-11-27 03:06:36 [INFO] Crate BS_Hacked_Crate requires access action (RequireAccessAction: true). Loot access pending.
2025-11-27 03:06:36 [INFO] Unlocking crate & attempting to spawn loot at <4553.689941, 317.975006, 8352.099609> for crate type: BS_Hacked_Crate
2025-11-27 03:06:36 [INFO] Temporarily unlocking inventory for loot spawn for BS_Hacked_Crate
2025-11-27 03:06:36 [INFO] Spawning loot from JSON pools for crate: BS_Hacked_Crate. Using defined LootCategoriesToUse: 2 categories.
2025-11-27 03:06:36 [INFO] Processing category from CrateSettings: 'DefaultArmaments' for crate BS_Hacked_Crate
2025-11-27 03:06:36 [INFO]   - Selected Pool: 'M4A1_Example_Pool' (Weight/Probability: 1) for crate BS_Hacked_Crate
2025-11-27 03:06:36 [INFO]     - Pool Min/Max items for 'M4A1_Example_Pool': 1/1 (Clamped for pool size 1)
2025-11-27 03:06:36 [INFO]     - Calculated Count To Spawn from this pool 'M4A1_Example_Pool': 1
2025-11-27 03:06:36 [INFO]     - Attempting to spawn 1 weighted random items from pool 'M4A1_Example_Pool':
2025-11-27 03:06:36 [INFO]       - Spawning Item 1/1: M4A1 (Original Probability in Pool: 1) for crate BS_Hacked_Crate
2025-11-27 03:06:36 [INFO]         -> Spawned base item OK: M4A1
2025-11-27 03:06:36 [INFO]         -> Attaching items to M4A1...
2025-11-27 03:06:36 [INFO]           + Attached OK: Mag_STANAG_30Rnd
2025-11-27 03:06:36 [INFO]           + Attached OK: M4_OEBttstck
2025-11-27 03:06:36 [INFO]           + Attached OK: M4_CarryHandleOptic
2025-11-27 03:06:36 [INFO] Processing category from CrateSettings: 'DefaultMedical' for crate BS_Hacked_Crate
2025-11-27 03:06:36 [INFO]   - Selected Pool: 'Basic_Medical_Supplies' (Weight/Probability: 0.8) for crate BS_Hacked_Crate
2025-11-27 03:06:36 [INFO]     - Pool Min/Max items for 'Basic_Medical_Supplies': 2/2 (Clamped for pool size 2)
2025-11-27 03:06:36 [INFO]     - Calculated Count To Spawn from this pool 'Basic_Medical_Supplies': 2
2025-11-27 03:06:36 [INFO]     - Attempting to spawn 2 weighted random items from pool 'Basic_Medical_Supplies':
2025-11-27 03:06:36 [INFO]       - Spawning Item 1/2: BandageDressing (Original Probability in Pool: 1.5) for crate BS_Hacked_Crate
2025-11-27 03:06:36 [INFO]         -> Spawned base item OK: BandageDressing
2025-11-27 03:06:36 [INFO]       - Spawning Item 2/2: PainkillerTablets (Original Probability in Pool: 0.5) for crate BS_Hacked_Crate
2025-11-27 03:06:36 [INFO]         -> Spawned base item OK: PainkillerTablets
2025-11-27 03:06:36 [INFO] Inventory for BS_Hacked_Crate LOCKED. IsOpen: true LootAccessActionDone: false
2025-11-27 03:06:36 [INFO] Inventory lock state re-evaluated for BS_Hacked_Crate. Should be LOCKED if RequireAccessAction is true and action not yet performed.
2025-11-27 03:06:36 [INFO] Loot spawning process finished for crate at <4553.689941, 317.975006, 8352.099609>
2025-11-27 03:06:36 [INFO] HandlePostLootTimersAndDespawn (BS_Hacked_Crate): Advanced Groups marker (UID: 1378591901) will be handled by EEDelete or specific despawn logic.
2025-11-27 03:06:36 [INFO] HandlePostLootTimersAndDespawn (BS_Hacked_Crate): Scheduling auto-despawn in 1800s (30 minutes).
2025-11-27 03:06:36 [INFO] StartAutoDespawnTimer: Auto-despawn timer started for BS_Hacked_Crate<237e3ba0>. Will delete in 1800s.
2025-11-27 03:06:36 [INFO] HackedCrate (BS_Hacked_Crate): Sending RPC Notification. Type: END, Key: #STR_BSHC_Notification_End_Located
2025-11-27 03:06:36 [INFO] Hack finished: BS_Hacked_Crate at <4553.689941, 317.975006, 8352.099609>
2025-11-27 03:06:48 [INFO] Inventory for BS_Hacked_Crate UNLOCKED. IsOpen: true LootAccessActionDone: true
2025-11-27 03:06:48 [INFO] Player TootieBad88 accessed loot in HackedCrate: <4553.689941, 317.975006, 8352.099609>
2025-11-27 03:37:04 [INFO] DeleteCrateScheduled: Auto-despawn timer finished for BS_Hacked_Crate<237e3ba0>. Deleting crate now.
2025-11-27 03:37:04 [INFO] EXP_REMOVE_DEBUG: Attempting RemoveExpansionMapMarker. Context: UnknownContext. Current UID: '' for BS_Hacked_Crate<3024978>
2025-11-27 03:37:04 [INFO] EXP_REMOVE_DEBUG: EXPANSIONMODNAVIGATION NOT defined. Cannot remove marker. Context: UnknownContext for BS_Hacked_Crate<3024978>
2025-11-27 03:37:04 [INFO] EEDelete called for BS_Hacked_Crate at <4553.689941, 317.975006, 8352.099609>
2025-11-27 03:37:04 [INFO] EXP_REMOVE_DEBUG: Attempting RemoveExpansionMapMarker. Context: EEDelete. Current UID: '' for BS_Hacked_Crate<3024978>
2025-11-27 03:37:04 [INFO] EXP_REMOVE_DEBUG: EXPANSIONMODNAVIGATION NOT defined. Cannot remove marker. Context: EEDelete for BS_Hacked_Crate<3024978>
2025-11-27 03:37:04 [INFO] BSHC_AG_DEBUG: BSHC_RemoveAdvancedGroupsMapMarker called.
2025-11-27 03:37:04 [INFO] BSHC_AG_DEBUG: Removing AG marker UID: 1378591901
2025-11-27 03:37:04 [INFO] BSHC_AG_DEBUG: AG marker UID 1378591901 successfully removed.
2025-11-27 03:37:04 [INFO] HackedCrate (BS_Hacked_Crate): Sending RPC Notification. Type: DESPAWN, Key: #STR_BSHC_Notification_Despawn_Located
2025-11-27 03:37:04 [INFO] EEDelete: Removed BS_Hacked_Crate from g_ActiveHackedCrates. Remaining count: 0
2025-11-27 04:02:07 [INFO] --------------------------------------------------------------------------
2025-11-27 04:02:07 [INFO] OnCrateSpawnTickPeriodic - Management Tick received. Evaluating individual crate configs...
2025-11-27 04:02:07 [INFO] --------------------------------------------------------------------------
2025-11-27 04:02:07 [INFO] Config 'DefaultDynamicEvent_Example1' is due for a check. Processing...
2025-11-27 04:02:07 [INFO] CrateSpawner: Processing ConfigUniqueID: 'DefaultDynamicEvent_Example1' (CrateType: 'BS_Hacked_Crate')
2025-11-27 04:02:07 [INFO] CrateSpawner: Skipping ConfigUniqueID 'DefaultDynamicEvent_Example1'. Players required: 1, Current: 0
2025-11-27 04:02:07 [INFO] OnCrateSpawnTickPeriodic - Management Tick finished. Next check in 3600 seconds.
