2025-11-22 19:46:28 [INFO] OnInit - Initializing Bastardos Hacked Crates System...
2025-11-22 19:46:28 [INFO] OnInit - Loading Hacked Crate Loot Configuration (loot_pools.json)...
2025-11-22 19:46:28 [INFO] [BSHCLootPoolConfig] Found loot_pools.json at: $profile:\Bastardo_HC\loot_pools.json
2025-11-22 19:46:28 [INFO] [BSHCLootPoolConfig] JsonLoadFile executed. Loaded 2 categories defined in the root.
2025-11-22 19:46:28 [INFO] [BSHCLootPoolConfig] Category 'DefaultArmaments' has 1 loot pools.
2025-11-22 19:46:28 [INFO] [BSHCLootPoolConfig] Category 'DefaultMedical' has 1 loot pools.
2025-11-22 19:46:28 [INFO] OnInit - Hacked Crate Loot Configuration processed successfully.
2025-11-22 19:46:28 [INFO] OnInit - Loading Hacked Crate settings (global, static, dynamic)...
2025-11-22 19:46:28 [INFO] CrateManagement instance created with default grace period and tick interval.
2025-11-22 19:46:28 [INFO] [BSHCGlobalServerSettings] Loading from: $profile:\Bastardo_HC\BS_Global_settings.json
2025-11-22 19:46:28 [INFO] [CrateConfigManager] Re-saved static_crates.json to include any new options.
2025-11-22 19:46:28 [INFO] [CrateConfigManager] Re-saved dynamic_crates.json to include any new options.
2025-11-22 19:46:28 [INFO] [CrateConfigManager] Static CrateManagement has been set.
2025-11-22 19:46:28 [INFO] CrateSpawner instance created.
2025-11-22 19:46:28 [INFO] OnInit - Crate Spawner created. Grace Period: 5 minutes. Periodic Tick: 3600 seconds.
2025-11-22 19:46:28 [INFO] OnInit - Bastardos Hacked Crates System Initialization sequence finished.
2025-11-22 19:46:34 [INFO] OnMissionStart - Server mission started. Scheduling Hacked Crate cleanup and initial spawn setup.
2025-11-22 19:46:34 [INFO] OnMissionStart - Immediate STATIC Crate spawn scheduled in 15 seconds.
2025-11-22 19:46:34 [INFO] OnMissionStart - Initial DYNAMIC Crate spawn scheduled in approx. 320 seconds.
2025-11-22 19:46:34 [INFO] OnMissionStart - Scheduling first PERIODIC Crate Spawn Tick in approx. 3600 seconds.
2025-11-22 19:46:49 [INFO] Inventory for BS_Hacked_Crate LOCKED. IsOpen: false LootAccessActionDone: false
2025-11-22 19:46:49 [INFO] OnStoreLoad: m_ConfigUniqueID_Persist set from storage to: 'DefaultStaticEvent_Example1' for BS_Hacked_Crate<2986897>
2025-11-22 19:46:49 [INFO] OnStoreLoad: FINISHED loading raw data into member variables for BS_Hacked_Crate<2986897>
2025-11-22 19:46:52 [INFO] Inventory for BS_Hacked_Crate LOCKED. IsOpen: false LootAccessActionDone: false
2025-11-22 19:46:52 [INFO] OnStoreLoad: m_ConfigUniqueID_Persist set from storage to: 'DefaultDynamicEvent_Example1' for BS_Hacked_Crate<2991915>
2025-11-22 19:46:52 [INFO] OnStoreLoad: FINISHED loading raw data into member variables for BS_Hacked_Crate<2991915>
2025-11-22 19:46:53 [INFO] Inventory for BS_Hacked_Crate LOCKED. IsOpen: false LootAccessActionDone: false
2025-11-22 19:46:53 [INFO] OnStoreLoad: m_ConfigUniqueID_Persist set from storage to: 'DefaultDynamicEvent_Example1' for BS_Hacked_Crate<2992666>
2025-11-22 19:46:53 [INFO] OnStoreLoad: FINISHED loading raw data into member variables for BS_Hacked_Crate<2992666>
2025-11-22 19:47:06 [INFO] DeferredEEInitLogic: START for BS_Hacked_Crate<2986897>. m_LoadedExpansionMarkerUID (should be from OnStoreLoad) is ''. Current m_ExpansionMarkerUID (active) is ''
2025-11-22 19:47:06 [INFO] GetCrateSettings: m_CrateSettings_Instance is NULL for BS_Hacked_Crate<2986897>. Calling AttemptToReacquireSettings().
2025-11-22 19:47:06 [INFO] HackedCrate_Base (BS_Hacked_Crate): Attempting to re-acquire CrateSettings. Persisted ConfigUniqueID is: 'DefaultStaticEvent_Example1'
2025-11-22 19:47:06 [INFO] HackedCrate_Base (BS_Hacked_Crate): Instance specific CrateSettings assigned. ConfigUniqueID: DefaultStaticEvent_Example1
2025-11-22 19:47:06 [INFO] HackedCrate_Base (BS_Hacked_Crate): Successfully re-acquired CrateSettings by persisted ConfigUniqueID 'DefaultStaticEvent_Example1'.
2025-11-22 19:47:06 [INFO] DeferredEEInitLogic: Settings acquired successfully for BS_Hacked_Crate<2986897>.
2025-11-22 19:47:06 [INFO] DeferredEEInitLogic: m_ExpansionMarkerUID is empty. Calling CreateExpansionMapMarker for BS_Hacked_Crate<2986897>.
2025-11-22 19:47:06 [INFO] EXP_DEBUG: Inside CreateExpansionMapMarker for BS_Hacked_Crate.UseExpansionMapMarker is true.
2025-11-22 19:47:06 [INFO] EXP_DEBUG: EXPANSIONMODNAVIGATION is NOT defined. No Expansion marker will be created.
2025-11-22 19:47:06 [INFO] DeferredEEInitLogic: AG DEBUG for BS_Hacked_Crate<2986897>
2025-11-22 19:47:06 [INFO] BSHC_AG_DEBUG: BSHC_CreateAdvancedGroupsMapMarker call.
2025-11-22 19:47:06 [INFO] BSHC_AG_DEBUG: Final Marker Name: '#STR_BSHC_HackedCrate_DisplayName'
2025-11-22 19:47:06 [INFO] BSHC_AG_DEBUG: Trying to create AG marker with name: #STR_BSHC_HackedCrate_DisplayName, Pos: <2471.820068, 193.177002, 5114.220215>, Icon: BS_HackedCrate/gui/iconcrate.paa, Color: -65536, ShowOnMap: true, ShowInWorld: true
2025-11-22 19:47:06 [INFO] BSHC_AG_DEBUG: LBStaticMarkerManager.Get is accessible.
2025-11-22 19:47:06 [INFO] BSHC_AG_DEBUG: Created AG marker (UID: 419705512) for BS_Hacked_Crate
2025-11-22 19:47:06 [INFO] DeferredEEInitLogic: Final m_LootAccessActionDone for BS_Hacked_Crate<2986897> is: false
2025-11-22 19:47:06 [INFO] Inventory for BS_Hacked_Crate LOCKED. IsOpen: false LootAccessActionDone: false
2025-11-22 19:47:06 [INFO] DeferredEEInitLogic: FINISHED for BS_Hacked_Crate<2986897>
2025-11-22 19:47:06 [INFO] DeferredEEInitLogic: Re-added persistent crate BS_Hacked_Crate to g_ActiveHackedCrates list.
2025-11-22 19:47:06 [INFO] DeferredEEInitLogic: START for BS_Hacked_Crate<2991915>. m_LoadedExpansionMarkerUID (should be from OnStoreLoad) is ''. Current m_ExpansionMarkerUID (active) is ''
2025-11-22 19:47:06 [INFO] GetCrateSettings: m_CrateSettings_Instance is NULL for BS_Hacked_Crate<2991915>. Calling AttemptToReacquireSettings().
2025-11-22 19:47:06 [INFO] HackedCrate_Base (BS_Hacked_Crate): Attempting to re-acquire CrateSettings. Persisted ConfigUniqueID is: 'DefaultDynamicEvent_Example1'
2025-11-22 19:47:06 [INFO] HackedCrate_Base (BS_Hacked_Crate): Instance specific CrateSettings assigned. ConfigUniqueID: DefaultDynamicEvent_Example1
2025-11-22 19:47:06 [INFO] HackedCrate_Base (BS_Hacked_Crate): Successfully re-acquired CrateSettings by persisted ConfigUniqueID 'DefaultDynamicEvent_Example1'.
2025-11-22 19:47:06 [INFO] DeferredEEInitLogic: Settings acquired successfully for BS_Hacked_Crate<2991915>.
2025-11-22 19:47:06 [INFO] DeferredEEInitLogic: AG DEBUG for BS_Hacked_Crate<2991915>
2025-11-22 19:47:06 [INFO] BSHC_AG_DEBUG: BSHC_CreateAdvancedGroupsMapMarker call.
2025-11-22 19:47:06 [INFO] BSHC_AG_DEBUG: Final Marker Name: '#STR_BSHC_HackedCrate_DisplayName'
2025-11-22 19:47:06 [INFO] BSHC_AG_DEBUG: Trying to create AG marker with name: #STR_BSHC_HackedCrate_DisplayName, Pos: <4553.689941, 317.975006, 8352.099609>, Icon: BS_HackedCrate/gui/iconcrate.paa, Color: -65536, ShowOnMap: true, ShowInWorld: true
2025-11-22 19:47:06 [INFO] BSHC_AG_DEBUG: LBStaticMarkerManager.Get is accessible.
2025-11-22 19:47:06 [INFO] BSHC_AG_DEBUG: Created AG marker (UID: 1064337220) for BS_Hacked_Crate
2025-11-22 19:47:06 [INFO] DeferredEEInitLogic: Final m_LootAccessActionDone for BS_Hacked_Crate<2991915> is: false
2025-11-22 19:47:06 [INFO] Inventory for BS_Hacked_Crate LOCKED. IsOpen: false LootAccessActionDone: false
2025-11-22 19:47:06 [INFO] DeferredEEInitLogic: FINISHED for BS_Hacked_Crate<2991915>
2025-11-22 19:47:06 [INFO] DeferredEEInitLogic: Re-added persistent crate BS_Hacked_Crate to g_ActiveHackedCrates list.
2025-11-22 19:47:06 [INFO] DeferredEEInitLogic: START for BS_Hacked_Crate<2992666>. m_LoadedExpansionMarkerUID (should be from OnStoreLoad) is ''. Current m_ExpansionMarkerUID (active) is ''
2025-11-22 19:47:06 [INFO] GetCrateSettings: m_CrateSettings_Instance is NULL for BS_Hacked_Crate<2992666>. Calling AttemptToReacquireSettings().
2025-11-22 19:47:06 [INFO] HackedCrate_Base (BS_Hacked_Crate): Attempting to re-acquire CrateSettings. Persisted ConfigUniqueID is: 'DefaultDynamicEvent_Example1'
2025-11-22 19:47:06 [INFO] HackedCrate_Base (BS_Hacked_Crate): Instance specific CrateSettings assigned. ConfigUniqueID: DefaultDynamicEvent_Example1
2025-11-22 19:47:06 [INFO] HackedCrate_Base (BS_Hacked_Crate): Successfully re-acquired CrateSettings by persisted ConfigUniqueID 'DefaultDynamicEvent_Example1'.
2025-11-22 19:47:06 [INFO] DeferredEEInitLogic: Settings acquired successfully for BS_Hacked_Crate<2992666>.
2025-11-22 19:47:06 [INFO] DeferredEEInitLogic: AG DEBUG for BS_Hacked_Crate<2992666>
2025-11-22 19:47:06 [INFO] BSHC_AG_DEBUG: BSHC_CreateAdvancedGroupsMapMarker call.
2025-11-22 19:47:06 [INFO] BSHC_AG_DEBUG: Final Marker Name: '#STR_BSHC_HackedCrate_DisplayName'
2025-11-22 19:47:06 [INFO] BSHC_AG_DEBUG: Trying to create AG marker with name: #STR_BSHC_HackedCrate_DisplayName, Pos: <4732.430176, 338.968994, 10350.200195>, Icon: BS_HackedCrate/gui/iconcrate.paa, Color: -65536, ShowOnMap: true, ShowInWorld: true
2025-11-22 19:47:06 [INFO] BSHC_AG_DEBUG: LBStaticMarkerManager.Get is accessible.
2025-11-22 19:47:06 [INFO] BSHC_AG_DEBUG: Created AG marker (UID: 1827985925) for BS_Hacked_Crate
2025-11-22 19:47:06 [INFO] DeferredEEInitLogic: Final m_LootAccessActionDone for BS_Hacked_Crate<2992666> is: false
2025-11-22 19:47:06 [INFO] Inventory for BS_Hacked_Crate LOCKED. IsOpen: false LootAccessActionDone: false
2025-11-22 19:47:06 [INFO] DeferredEEInitLogic: FINISHED for BS_Hacked_Crate<2992666>
2025-11-22 19:47:06 [INFO] DeferredEEInitLogic: Re-added persistent crate BS_Hacked_Crate to g_ActiveHackedCrates list.
2025-11-22 19:47:34 [INFO] DeleteHackedCratesFromKnownLocations - Starting cleanup of Hacked Crates from KNOWN SPAWN LOCATIONS as defined in configurations...
2025-11-22 19:47:34 [INFO] DeleteHackedCratesFromKnownLocations - Deleting INACTIVE: BS_Hacked_Crate (ID: 2986897) found at configured spawn Pos: <2471.820068, 193.177002, 5114.220215> for CrateType BS_Hacked_Crate
2025-11-22 19:47:34 [INFO] EEDelete called for BS_Hacked_Crate at <2471.820068, 193.177002, 5114.220215>
2025-11-22 19:47:34 [INFO] EXP_REMOVE_DEBUG: Attempting RemoveExpansionMapMarker. Context: EEDelete. Current UID: '' for BS_Hacked_Crate<2986897>
2025-11-22 19:47:34 [INFO] EXP_REMOVE_DEBUG: EXPANSIONMODNAVIGATION NOT defined. Cannot remove marker. Context: EEDelete for BS_Hacked_Crate<2986897>
2025-11-22 19:47:34 [INFO] BSHC_AG_DEBUG: BSHC_RemoveAdvancedGroupsMapMarker called.
2025-11-22 19:47:34 [INFO] BSHC_AG_DEBUG: Removing AG marker UID: 419705512
2025-11-22 19:47:34 [INFO] BSHC_AG_DEBUG: AG marker UID 419705512 successfully removed.
2025-11-22 19:47:34 [INFO] HackedCrate (BS_Hacked_Crate): Sending RPC Notification. Type: DESPAWN, Key: #STR_BSHC_Notification_Despawn_Located
2025-11-22 19:47:34 [INFO] EEDelete: Removed BS_Hacked_Crate from g_ActiveHackedCrates. Remaining count: 2
2025-11-22 19:47:34 [INFO] DeleteHackedCratesFromKnownLocations - Deleting INACTIVE: BS_Hacked_Crate (ID: 2992666) found at configured spawn Pos: <4732.430176, 338.968994, 10350.200195> for CrateType BS_Hacked_Crate
2025-11-22 19:47:34 [INFO] EEDelete called for BS_Hacked_Crate at <4732.430176, 338.968994, 10350.200195>
2025-11-22 19:47:34 [INFO] EXP_REMOVE_DEBUG: Attempting RemoveExpansionMapMarker. Context: EEDelete. Current UID: '' for BS_Hacked_Crate<2992666>
2025-11-22 19:47:34 [INFO] EXP_REMOVE_DEBUG: EXPANSIONMODNAVIGATION NOT defined. Cannot remove marker. Context: EEDelete for BS_Hacked_Crate<2992666>
2025-11-22 19:47:34 [INFO] BSHC_AG_DEBUG: BSHC_RemoveAdvancedGroupsMapMarker called.
2025-11-22 19:47:34 [INFO] BSHC_AG_DEBUG: Removing AG marker UID: 1827985925
2025-11-22 19:47:34 [INFO] BSHC_AG_DEBUG: AG marker UID 1827985925 successfully removed.
2025-11-22 19:47:34 [INFO] HackedCrate (BS_Hacked_Crate): Sending RPC Notification. Type: DESPAWN, Key: #STR_BSHC_Notification_Despawn_Located
2025-11-22 19:47:34 [INFO] EEDelete: Removed BS_Hacked_Crate from g_ActiveHackedCrates. Remaining count: 1
2025-11-22 19:47:34 [INFO] DeleteHackedCratesFromKnownLocations - Deleting INACTIVE: BS_Hacked_Crate (ID: 2991915) found at configured spawn Pos: <4553.689941, 317.975006, 8352.099609> for CrateType BS_Hacked_Crate
2025-11-22 19:47:34 [INFO] EEDelete called for BS_Hacked_Crate at <4553.689941, 317.975006, 8352.099609>
2025-11-22 19:47:34 [INFO] EXP_REMOVE_DEBUG: Attempting RemoveExpansionMapMarker. Context: EEDelete. Current UID: '' for BS_Hacked_Crate<2991915>
2025-11-22 19:47:34 [INFO] EXP_REMOVE_DEBUG: EXPANSIONMODNAVIGATION NOT defined. Cannot remove marker. Context: EEDelete for BS_Hacked_Crate<2991915>
2025-11-22 19:47:34 [INFO] BSHC_AG_DEBUG: BSHC_RemoveAdvancedGroupsMapMarker called.
2025-11-22 19:47:34 [INFO] BSHC_AG_DEBUG: Removing AG marker UID: 1064337220
2025-11-22 19:47:34 [INFO] BSHC_AG_DEBUG: AG marker UID 1064337220 successfully removed.
2025-11-22 19:47:34 [INFO] HackedCrate (BS_Hacked_Crate): Sending RPC Notification. Type: DESPAWN, Key: #STR_BSHC_Notification_Despawn_Located
2025-11-22 19:47:34 [INFO] EEDelete: Removed BS_Hacked_Crate from g_ActiveHackedCrates. Remaining count: 0
2025-11-22 19:47:34 [INFO] DeleteHackedCratesFromKnownLocations - Cleanup from known locations finished. Total inactive Hacked Crates (matching type and location) deleted: 3
2025-11-22 19:47:39 [INFO] PerformImmediateStaticSpawn - Calling CrateSpawner to setup STATIC Hacked Crates...
2025-11-22 19:47:39 [INFO] CrateSpawner: ------------- Starting IMMEDIATE STATIC Spawn Pass -------------
2025-11-22 19:47:39 [INFO] CrateSpawner: Processing IMMEDIATE STATIC for ConfigUniqueID: 'DefaultStaticEvent_Example1'.
2025-11-22 19:47:39 [INFO] SpawnStaticCrates: Processing 1 static locations for ConfigUniqueID: 'DefaultStaticEvent_Example1'.
2025-11-22 19:47:39 [INFO] SpawnStaticCrates: Location <2471.820068, 193.177002, 5114.220215> is free. Attempting to spawn crate.
2025-11-22 19:47:39 [INFO] Inventory for BS_Hacked_Crate LOCKED. IsOpen: false LootAccessActionDone: false
2025-11-22 19:47:39 [INFO] HackedCrate_Base (BS_Hacked_Crate): Instance specific CrateSettings assigned. ConfigUniqueID: DefaultStaticEvent_Example1
2025-11-22 19:47:39 [INFO] [SpawnAIAroundCrate] Spawning 3 AI(s) next to the crate.
2025-11-22 19:47:39 [INFO] [SpawnAIAroundCrate] Successfully spawned ZmbM_SoldierNormal at <2465.969971, 193.177765, 5105.509766>
2025-11-22 19:47:39 [INFO] [SpawnAIAroundCrate] Successfully spawned ZmbM_SoldierNormal at <2453.517822, 192.486496, 5097.736328>
2025-11-22 19:47:39 [INFO] [SpawnAIAroundCrate] Successfully spawned ZmbM_SoldierNormal at <2475.466064, 193.270004, 5102.816406>
2025-11-22 19:47:39 [INFO] CrateSpawner: ------------- Finished IMMEDIATE STATIC Spawn Pass -------------
2025-11-22 19:47:39 [INFO] DeferredEEInitLogic: START for BS_Hacked_Crate<3009769>. m_LoadedExpansionMarkerUID (should be from OnStoreLoad) is ''. Current m_ExpansionMarkerUID (active) is ''
2025-11-22 19:47:39 [INFO] DeferredEEInitLogic: Settings acquired successfully for BS_Hacked_Crate<3009769>.
2025-11-22 19:47:39 [INFO] DeferredEEInitLogic: m_ExpansionMarkerUID is empty. Calling CreateExpansionMapMarker for BS_Hacked_Crate<3009769>.
2025-11-22 19:47:39 [INFO] EXP_DEBUG: Inside CreateExpansionMapMarker for BS_Hacked_Crate.UseExpansionMapMarker is true.
2025-11-22 19:47:39 [INFO] EXP_DEBUG: EXPANSIONMODNAVIGATION is NOT defined. No Expansion marker will be created.
2025-11-22 19:47:39 [INFO] DeferredEEInitLogic: AG DEBUG for BS_Hacked_Crate<3009769>
2025-11-22 19:47:39 [INFO] BSHC_AG_DEBUG: BSHC_CreateAdvancedGroupsMapMarker call.
2025-11-22 19:47:39 [INFO] BSHC_AG_DEBUG: Final Marker Name: '#STR_BSHC_HackedCrate_DisplayName'
2025-11-22 19:47:39 [INFO] BSHC_AG_DEBUG: Trying to create AG marker with name: #STR_BSHC_HackedCrate_DisplayName, Pos: <2471.820068, 193.177002, 5114.220215>, Icon: BS_HackedCrate/gui/iconcrate.paa, Color: -65536, ShowOnMap: true, ShowInWorld: true
2025-11-22 19:47:39 [INFO] BSHC_AG_DEBUG: LBStaticMarkerManager.Get is accessible.
2025-11-22 19:47:39 [INFO] BSHC_AG_DEBUG: Created AG marker (UID: 1227395749) for BS_Hacked_Crate
2025-11-22 19:47:39 [INFO] DeferredEEInitLogic: Final m_LootAccessActionDone for BS_Hacked_Crate<3009769> is: false
2025-11-22 19:47:39 [INFO] Inventory for BS_Hacked_Crate LOCKED. IsOpen: false LootAccessActionDone: false
2025-11-22 19:47:39 [INFO] DeferredEEInitLogic: FINISHED for BS_Hacked_Crate<3009769>
2025-11-22 19:52:44 [INFO] PerformInitialDynamicSpawn - Grace period ended. Calling CrateSpawner to setup initial DYNAMIC Hacked Crates...
2025-11-22 19:52:44 [INFO] CrateSpawner: ------------- Starting INITIAL DYNAMIC Spawn Pass (Post-Grace) -------------
2025-11-22 19:52:44 [INFO] CrateSpawner: Current server population for dynamic spawn: 0 players.
2025-11-22 19:52:44 [INFO] CrateSpawner: Processing DYNAMIC for ConfigUniqueID: 'DefaultDynamicEvent_Example1'.
2025-11-22 19:52:44 [INFO] CrateSpawner: Skipping ConfigUniqueID 'DefaultDynamicEvent_Example1'. Players required: 1, Current: 0
2025-11-22 19:52:44 [INFO] CrateSpawner: ------------- Finished INITIAL DYNAMIC Spawn Pass -------------
2025-11-22 20:47:24 [INFO] --------------------------------------------------------------------------
2025-11-22 20:47:24 [INFO] OnCrateSpawnTickPeriodic - Management Tick received. Evaluating individual crate configs...
2025-11-22 20:47:24 [INFO] --------------------------------------------------------------------------
2025-11-22 20:47:24 [INFO] Config 'DefaultDynamicEvent_Example1' is due for a check. Processing...
2025-11-22 20:47:24 [INFO] CrateSpawner: Processing ConfigUniqueID: 'DefaultDynamicEvent_Example1' (CrateType: 'BS_Hacked_Crate')
2025-11-22 20:47:24 [INFO] CrateSpawner: Skipping ConfigUniqueID 'DefaultDynamicEvent_Example1'. Players required: 1, Current: 0
2025-11-22 20:47:24 [INFO] OnCrateSpawnTickPeriodic - Management Tick finished. Next check in 3600 seconds.
2025-11-22 21:47:24 [INFO] --------------------------------------------------------------------------
2025-11-22 21:47:24 [INFO] OnCrateSpawnTickPeriodic - Management Tick received. Evaluating individual crate configs...
2025-11-22 21:47:24 [INFO] --------------------------------------------------------------------------
2025-11-22 21:47:24 [INFO] Config 'DefaultDynamicEvent_Example1' is due for a check. Processing...
2025-11-22 21:47:24 [INFO] CrateSpawner: Processing ConfigUniqueID: 'DefaultDynamicEvent_Example1' (CrateType: 'BS_Hacked_Crate')
2025-11-22 21:47:24 [INFO] CrateSpawner: Skipping ConfigUniqueID 'DefaultDynamicEvent_Example1'. Players required: 1, Current: 0
2025-11-22 21:47:24 [INFO] OnCrateSpawnTickPeriodic - Management Tick finished. Next check in 3600 seconds.
2025-11-22 22:47:24 [INFO] --------------------------------------------------------------------------
2025-11-22 22:47:24 [INFO] OnCrateSpawnTickPeriodic - Management Tick received. Evaluating individual crate configs...
2025-11-22 22:47:24 [INFO] --------------------------------------------------------------------------
2025-11-22 22:47:24 [INFO] Config 'DefaultDynamicEvent_Example1' is due for a check. Processing...
2025-11-22 22:47:24 [INFO] CrateSpawner: Processing ConfigUniqueID: 'DefaultDynamicEvent_Example1' (CrateType: 'BS_Hacked_Crate')
2025-11-22 22:47:24 [INFO] CrateSpawner: Skipping ConfigUniqueID 'DefaultDynamicEvent_Example1'. Players required: 1, Current: 0
2025-11-22 22:47:24 [INFO] OnCrateSpawnTickPeriodic - Management Tick finished. Next check in 3600 seconds.
2025-11-22 23:47:24 [INFO] --------------------------------------------------------------------------
2025-11-22 23:47:24 [INFO] OnCrateSpawnTickPeriodic - Management Tick received. Evaluating individual crate configs...
2025-11-22 23:47:24 [INFO] --------------------------------------------------------------------------
2025-11-22 23:47:24 [INFO] Config 'DefaultDynamicEvent_Example1' is due for a check. Processing...
2025-11-22 23:47:24 [INFO] CrateSpawner: Processing ConfigUniqueID: 'DefaultDynamicEvent_Example1' (CrateType: 'BS_Hacked_Crate')
2025-11-22 23:47:24 [INFO] CrateSpawner: Skipping ConfigUniqueID 'DefaultDynamicEvent_Example1'. Players required: 1, Current: 0
2025-11-22 23:47:24 [INFO] OnCrateSpawnTickPeriodic - Management Tick finished. Next check in 3600 seconds.
2025-11-23 00:47:24 [INFO] --------------------------------------------------------------------------
2025-11-23 00:47:24 [INFO] OnCrateSpawnTickPeriodic - Management Tick received. Evaluating individual crate configs...
2025-11-23 00:47:24 [INFO] --------------------------------------------------------------------------
2025-11-23 00:47:24 [INFO] Config 'DefaultDynamicEvent_Example1' is due for a check. Processing...
2025-11-23 00:47:24 [INFO] CrateSpawner: Processing ConfigUniqueID: 'DefaultDynamicEvent_Example1' (CrateType: 'BS_Hacked_Crate')
2025-11-23 00:47:24 [INFO] CrateSpawner: Handling RANDOM for ConfigUniqueID: 'DefaultDynamicEvent_Example1'.
2025-11-23 00:47:24 [INFO] CrateSpawner: ConfigUniqueID 'DefaultDynamicEvent_Example1' - Existing: 0, Target Active: 1
2025-11-23 00:47:24 [INFO] CrateSpawner: Attempting to spawn 1 for ConfigUniqueID: 'DefaultDynamicEvent_Example1'.
2025-11-23 00:47:24 [INFO] SpawnRandomCrates: Attempting to spawn 1 of type 'BS_Hacked_Crate' with ConfigUniqueID 'DefaultDynamicEvent_Example1'.
2025-11-23 00:47:24 [INFO] SpawnRandomCrates: Shuffled list for 'DefaultDynamicEvent_Example1' is empty or non-existent. Regenerating and shuffling.
2025-11-23 00:47:24 [INFO] CrateSpawner: Sending spawn warning for 'BS_Hacked_Crate' at Airfield
2025-11-23 00:47:24 [INFO] CrateSpawner: Added to pending list for ConfigUniqueID 'DefaultDynamicEvent_Example1'. New pending count: 1
2025-11-23 00:47:24 [INFO] OnCrateSpawnTickPeriodic - Management Tick finished. Next check in 3600 seconds.
2025-11-23 00:57:24 [INFO] SpawnCrateAfterWarning: Timer finished. Spawning crate BS_Hacked_Crate. Removed from pending list. New pending count: 0
2025-11-23 00:57:24 [INFO] Inventory for BS_Hacked_Crate LOCKED. IsOpen: false LootAccessActionDone: false
2025-11-23 00:57:24 [INFO] HackedCrate_Base (BS_Hacked_Crate): Instance specific CrateSettings assigned. ConfigUniqueID: DefaultDynamicEvent_Example1
2025-11-23 00:57:24 [INFO] CrateSpawner: Standard Notification RPC sent. Key: #STR_BSHC_Notification_Spawn_Located
2025-11-23 00:57:24 [INFO] [SpawnAIAroundCrate] Spawning 2 AI(s) next to the crate.
2025-11-23 00:57:24 [INFO] [SpawnAIAroundCrate] Successfully spawned ZmbM_SoldierNormal at <4739.745605, 338.992340, 10363.498047>
2025-11-23 00:57:24 [INFO] [SpawnAIAroundCrate] Successfully spawned ZmbM_SoldierNormal at <4756.220215, 339.000000, 10348.765625>
2025-11-23 00:57:24 [INFO] DeferredEEInitLogic: START for BS_Hacked_Crate<3018000>. m_LoadedExpansionMarkerUID (should be from OnStoreLoad) is ''. Current m_ExpansionMarkerUID (active) is ''
2025-11-23 00:57:24 [INFO] DeferredEEInitLogic: Settings acquired successfully for BS_Hacked_Crate<3018000>.
2025-11-23 00:57:24 [INFO] DeferredEEInitLogic: AG DEBUG for BS_Hacked_Crate<3018000>
2025-11-23 00:57:24 [INFO] BSHC_AG_DEBUG: BSHC_CreateAdvancedGroupsMapMarker call.
2025-11-23 00:57:24 [INFO] BSHC_AG_DEBUG: Final Marker Name: '#STR_BSHC_HackedCrate_DisplayName'
2025-11-23 00:57:24 [INFO] BSHC_AG_DEBUG: Trying to create AG marker with name: #STR_BSHC_HackedCrate_DisplayName, Pos: <4732.430176, 338.968994, 10350.200195>, Icon: BS_HackedCrate/gui/iconcrate.paa, Color: -65536, ShowOnMap: true, ShowInWorld: true
2025-11-23 00:57:24 [INFO] BSHC_AG_DEBUG: LBStaticMarkerManager.Get is accessible.
2025-11-23 00:57:24 [INFO] BSHC_AG_DEBUG: Created AG marker (UID: 833971172) for BS_Hacked_Crate
2025-11-23 00:57:24 [INFO] DeferredEEInitLogic: Final m_LootAccessActionDone for BS_Hacked_Crate<3018000> is: false
2025-11-23 00:57:24 [INFO] Inventory for BS_Hacked_Crate LOCKED. IsOpen: false LootAccessActionDone: false
2025-11-23 00:57:24 [INFO] DeferredEEInitLogic: FINISHED for BS_Hacked_Crate<3018000>
2025-11-23 01:03:41 [INFO] EEDelete called for BS_Hacked_Crate at <2471.820068, 193.177002, 5114.220215>
2025-11-23 01:03:41 [INFO] EXP_REMOVE_DEBUG: Attempting RemoveExpansionMapMarker. Context: EEDelete. Current UID: '' for BS_Hacked_Crate<3009769>
2025-11-23 01:03:41 [INFO] EXP_REMOVE_DEBUG: EXPANSIONMODNAVIGATION NOT defined. Cannot remove marker. Context: EEDelete for BS_Hacked_Crate<3009769>
2025-11-23 01:03:41 [INFO] BSHC_AG_DEBUG: BSHC_RemoveAdvancedGroupsMapMarker called.
2025-11-23 01:03:41 [INFO] BSHC_AG_DEBUG: Removing AG marker UID: 1227395749
2025-11-23 01:03:41 [INFO] BSHC_AG_DEBUG: AG marker UID 1227395749 successfully removed.
2025-11-23 01:03:41 [INFO] HackedCrate (BS_Hacked_Crate): Sending RPC Notification. Type: DESPAWN, Key: #STR_BSHC_Notification_Despawn_Located
2025-11-23 01:03:41 [INFO] EEDelete: Removed BS_Hacked_Crate from g_ActiveHackedCrates. Remaining count: 1
2025-11-23 01:36:51 [INFO] EEDelete called for BS_Hacked_Crate at <4732.430176, 338.968994, 10350.200195>
2025-11-23 01:36:51 [INFO] EXP_REMOVE_DEBUG: Attempting RemoveExpansionMapMarker. Context: EEDelete. Current UID: '' for BS_Hacked_Crate<3018000>
2025-11-23 01:36:51 [INFO] EXP_REMOVE_DEBUG: EXPANSIONMODNAVIGATION NOT defined. Cannot remove marker. Context: EEDelete for BS_Hacked_Crate<3018000>
2025-11-23 01:36:51 [INFO] BSHC_AG_DEBUG: BSHC_RemoveAdvancedGroupsMapMarker called.
2025-11-23 01:36:51 [INFO] BSHC_AG_DEBUG: Removing AG marker UID: 833971172
2025-11-23 01:36:51 [INFO] BSHC_AG_DEBUG: AG marker UID 833971172 successfully removed.
2025-11-23 01:36:51 [INFO] HackedCrate (BS_Hacked_Crate): Sending RPC Notification. Type: DESPAWN, Key: #STR_BSHC_Notification_Despawn_Located
2025-11-23 01:36:51 [INFO] EEDelete: Removed BS_Hacked_Crate from g_ActiveHackedCrates. Remaining count: 0
2025-11-23 01:47:24 [INFO] --------------------------------------------------------------------------
2025-11-23 01:47:24 [INFO] OnCrateSpawnTickPeriodic - Management Tick received. Evaluating individual crate configs...
2025-11-23 01:47:24 [INFO] --------------------------------------------------------------------------
2025-11-23 01:47:24 [INFO] Config 'DefaultDynamicEvent_Example1' is due for a check. Processing...
2025-11-23 01:47:24 [INFO] CrateSpawner: Processing ConfigUniqueID: 'DefaultDynamicEvent_Example1' (CrateType: 'BS_Hacked_Crate')
2025-11-23 01:47:24 [INFO] CrateSpawner: Handling RANDOM for ConfigUniqueID: 'DefaultDynamicEvent_Example1'.
2025-11-23 01:47:24 [INFO] CrateSpawner: ConfigUniqueID 'DefaultDynamicEvent_Example1' - Existing: 0, Target Active: 1
2025-11-23 01:47:24 [INFO] CrateSpawner: Attempting to spawn 1 for ConfigUniqueID: 'DefaultDynamicEvent_Example1'.
2025-11-23 01:47:24 [INFO] SpawnRandomCrates: Attempting to spawn 1 of type 'BS_Hacked_Crate' with ConfigUniqueID 'DefaultDynamicEvent_Example1'.
2025-11-23 01:47:24 [INFO] CrateSpawner: Sending spawn warning for 'BS_Hacked_Crate' at VMC
2025-11-23 01:47:24 [INFO] CrateSpawner: Added to pending list for ConfigUniqueID 'DefaultDynamicEvent_Example1'. New pending count: 1
2025-11-23 01:47:24 [INFO] OnCrateSpawnTickPeriodic - Management Tick finished. Next check in 3600 seconds.
2025-11-23 01:57:24 [INFO] SpawnCrateAfterWarning: Timer finished. Spawning crate BS_Hacked_Crate. Removed from pending list. New pending count: 0
2025-11-23 01:57:24 [INFO] Inventory for BS_Hacked_Crate LOCKED. IsOpen: false LootAccessActionDone: false
2025-11-23 01:57:24 [INFO] HackedCrate_Base (BS_Hacked_Crate): Instance specific CrateSettings assigned. ConfigUniqueID: DefaultDynamicEvent_Example1
2025-11-23 01:57:24 [INFO] CrateSpawner: Standard Notification RPC sent. Key: #STR_BSHC_Notification_Spawn_Located
2025-11-23 01:57:24 [INFO] [SpawnAIAroundCrate] Spawning 3 AI(s) next to the crate.
2025-11-23 01:57:24 [INFO] [SpawnAIAroundCrate] Successfully spawned ZmbM_SoldierNormal at <4545.375977, 317.846863, 8334.125000>
2025-11-23 01:57:24 [INFO] [SpawnAIAroundCrate] Successfully spawned ZmbM_SoldierNormal at <4538.923340, 317.921082, 8357.286133>
2025-11-23 01:57:24 [INFO] [SpawnAIAroundCrate] Successfully spawned ZmbM_SoldierNormal at <4543.168457, 317.944580, 8345.968750>
2025-11-23 01:57:24 [INFO] DeferredEEInitLogic: START for BS_Hacked_Crate<3024628>. m_LoadedExpansionMarkerUID (should be from OnStoreLoad) is ''. Current m_ExpansionMarkerUID (active) is ''
2025-11-23 01:57:24 [INFO] DeferredEEInitLogic: Settings acquired successfully for BS_Hacked_Crate<3024628>.
2025-11-23 01:57:24 [INFO] DeferredEEInitLogic: AG DEBUG for BS_Hacked_Crate<3024628>
2025-11-23 01:57:24 [INFO] BSHC_AG_DEBUG: BSHC_CreateAdvancedGroupsMapMarker call.
2025-11-23 01:57:24 [INFO] BSHC_AG_DEBUG: Final Marker Name: '#STR_BSHC_HackedCrate_DisplayName'
2025-11-23 01:57:24 [INFO] BSHC_AG_DEBUG: Trying to create AG marker with name: #STR_BSHC_HackedCrate_DisplayName, Pos: <4553.689941, 317.975006, 8352.099609>, Icon: BS_HackedCrate/gui/iconcrate.paa, Color: -65536, ShowOnMap: true, ShowInWorld: true
2025-11-23 01:57:24 [INFO] BSHC_AG_DEBUG: LBStaticMarkerManager.Get is accessible.
2025-11-23 01:57:24 [INFO] BSHC_AG_DEBUG: Created AG marker (UID: 1527887451) for BS_Hacked_Crate
2025-11-23 01:57:24 [INFO] DeferredEEInitLogic: Final m_LootAccessActionDone for BS_Hacked_Crate<3024628> is: false
2025-11-23 01:57:24 [INFO] Inventory for BS_Hacked_Crate LOCKED. IsOpen: false LootAccessActionDone: false
2025-11-23 01:57:24 [INFO] DeferredEEInitLogic: FINISHED for BS_Hacked_Crate<3024628>
2025-11-23 02:47:24 [INFO] --------------------------------------------------------------------------
2025-11-23 02:47:24 [INFO] OnCrateSpawnTickPeriodic - Management Tick received. Evaluating individual crate configs...
2025-11-23 02:47:24 [INFO] --------------------------------------------------------------------------
2025-11-23 02:47:24 [INFO] Config 'DefaultDynamicEvent_Example1' is due for a check. Processing...
2025-11-23 02:47:24 [INFO] CrateSpawner: Processing ConfigUniqueID: 'DefaultDynamicEvent_Example1' (CrateType: 'BS_Hacked_Crate')
2025-11-23 02:47:24 [INFO] CrateSpawner: Skipping ConfigUniqueID 'DefaultDynamicEvent_Example1'. Players required: 1, Current: 0
2025-11-23 02:47:24 [INFO] OnCrateSpawnTickPeriodic - Management Tick finished. Next check in 3600 seconds.
2025-11-23 03:47:24 [INFO] --------------------------------------------------------------------------
2025-11-23 03:47:24 [INFO] OnCrateSpawnTickPeriodic - Management Tick received. Evaluating individual crate configs...
2025-11-23 03:47:24 [INFO] --------------------------------------------------------------------------
2025-11-23 03:47:24 [INFO] Config 'DefaultDynamicEvent_Example1' is due for a check. Processing...
2025-11-23 03:47:24 [INFO] CrateSpawner: Processing ConfigUniqueID: 'DefaultDynamicEvent_Example1' (CrateType: 'BS_Hacked_Crate')
2025-11-23 03:47:24 [INFO] CrateSpawner: Skipping ConfigUniqueID 'DefaultDynamicEvent_Example1'. Players required: 1, Current: 0
2025-11-23 03:47:24 [INFO] OnCrateSpawnTickPeriodic - Management Tick finished. Next check in 3600 seconds.
2025-11-23 04:47:24 [INFO] --------------------------------------------------------------------------
2025-11-23 04:47:24 [INFO] OnCrateSpawnTickPeriodic - Management Tick received. Evaluating individual crate configs...
2025-11-23 04:47:24 [INFO] --------------------------------------------------------------------------
2025-11-23 04:47:24 [INFO] Config 'DefaultDynamicEvent_Example1' is due for a check. Processing...
2025-11-23 04:47:24 [INFO] CrateSpawner: Processing ConfigUniqueID: 'DefaultDynamicEvent_Example1' (CrateType: 'BS_Hacked_Crate')
2025-11-23 04:47:24 [INFO] CrateSpawner: Skipping ConfigUniqueID 'DefaultDynamicEvent_Example1'. Players required: 1, Current: 0
2025-11-23 04:47:24 [INFO] OnCrateSpawnTickPeriodic - Management Tick finished. Next check in 3600 seconds.
