2025-11-10 23:05:47 [INFO] OnInit - Initializing Bastardos Hacked Crates System...
2025-11-10 23:05:47 [INFO] OnInit - Loading Hacked Crate Loot Configuration (loot_pools.json)...
2025-11-10 23:05:47 [INFO] [BSHCLootPoolConfig] Found loot_pools.json at: $profile:\Bastardo_HC\loot_pools.json
2025-11-10 23:05:47 [INFO] [BSHCLootPoolConfig] JsonLoadFile executed. Loaded 2 categories defined in the root.
2025-11-10 23:05:47 [INFO] [BSHCLootPoolConfig] Category 'DefaultArmaments' has 1 loot pools.
2025-11-10 23:05:47 [INFO] [BSHCLootPoolConfig] Category 'DefaultMedical' has 1 loot pools.
2025-11-10 23:05:47 [INFO] OnInit - Hacked Crate Loot Configuration processed successfully.
2025-11-10 23:05:47 [INFO] OnInit - Loading Hacked Crate settings (global, static, dynamic)...
2025-11-10 23:05:47 [INFO] CrateManagement instance created with default grace period and tick interval.
2025-11-10 23:05:47 [INFO] [BSHCGlobalServerSettings] Loading from: $profile:\Bastardo_HC\BS_Global_settings.json
2025-11-10 23:05:47 [INFO] [CrateConfigManager] Re-saved static_crates.json to include any new options.
2025-11-10 23:05:47 [INFO] [CrateConfigManager] Re-saved dynamic_crates.json to include any new options.
2025-11-10 23:05:47 [INFO] [CrateConfigManager] Static CrateManagement has been set.
2025-11-10 23:05:47 [INFO] CrateSpawner instance created.
2025-11-10 23:05:47 [INFO] OnInit - Crate Spawner created. Grace Period: 5 minutes. Periodic Tick: 3600 seconds.
2025-11-10 23:05:47 [INFO] OnInit - Bastardos Hacked Crates System Initialization sequence finished.
2025-11-10 23:05:51 [INFO] OnMissionStart - Server mission started. Scheduling Hacked Crate cleanup and initial spawn setup.
2025-11-10 23:05:51 [INFO] OnMissionStart - Immediate STATIC Crate spawn scheduled in 15 seconds.
2025-11-10 23:05:51 [INFO] OnMissionStart - Initial DYNAMIC Crate spawn scheduled in approx. 320 seconds.
2025-11-10 23:05:51 [INFO] OnMissionStart - Scheduling first PERIODIC Crate Spawn Tick in approx. 3600 seconds.
2025-11-10 23:06:05 [INFO] Inventory for BS_Hacked_Crate LOCKED. IsOpen: false LootAccessActionDone: false
2025-11-10 23:06:05 [INFO] OnStoreLoad: m_ConfigUniqueID_Persist set from storage to: 'DefaultStaticEvent_Example1' for BS_Hacked_Crate<2987584>
2025-11-10 23:06:05 [INFO] OnStoreLoad: FINISHED loading raw data into member variables for BS_Hacked_Crate<2987584>
2025-11-10 23:06:07 [INFO] Inventory for BS_Hacked_Crate LOCKED. IsOpen: false LootAccessActionDone: false
2025-11-10 23:06:07 [INFO] OnStoreLoad: m_ConfigUniqueID_Persist set from storage to: 'DefaultDynamicEvent_Example1' for BS_Hacked_Crate<2991318>
2025-11-10 23:06:07 [INFO] OnStoreLoad: FINISHED loading raw data into member variables for BS_Hacked_Crate<2991318>
2025-11-10 23:06:08 [INFO] Inventory for BS_Hacked_Crate LOCKED. IsOpen: false LootAccessActionDone: false
2025-11-10 23:06:08 [INFO] OnStoreLoad: m_ConfigUniqueID_Persist set from storage to: 'DefaultDynamicEvent_Example1' for BS_Hacked_Crate<2992812>
2025-11-10 23:06:08 [INFO] OnStoreLoad: FINISHED loading raw data into member variables for BS_Hacked_Crate<2992812>
2025-11-10 23:06:21 [INFO] DeferredEEInitLogic: START for BS_Hacked_Crate<2987584>. m_LoadedExpansionMarkerUID (should be from OnStoreLoad) is ''. Current m_ExpansionMarkerUID (active) is ''
2025-11-10 23:06:21 [INFO] GetCrateSettings: m_CrateSettings_Instance is NULL for BS_Hacked_Crate<2987584>. Calling AttemptToReacquireSettings().
2025-11-10 23:06:21 [INFO] HackedCrate_Base (BS_Hacked_Crate): Attempting to re-acquire CrateSettings. Persisted ConfigUniqueID is: 'DefaultStaticEvent_Example1'
2025-11-10 23:06:21 [INFO] HackedCrate_Base (BS_Hacked_Crate): Instance specific CrateSettings assigned. ConfigUniqueID: DefaultStaticEvent_Example1
2025-11-10 23:06:21 [INFO] HackedCrate_Base (BS_Hacked_Crate): Successfully re-acquired CrateSettings by persisted ConfigUniqueID 'DefaultStaticEvent_Example1'.
2025-11-10 23:06:21 [INFO] DeferredEEInitLogic: Settings acquired successfully for BS_Hacked_Crate<2987584>.
2025-11-10 23:06:21 [INFO] DeferredEEInitLogic: m_ExpansionMarkerUID is empty. Calling CreateExpansionMapMarker for BS_Hacked_Crate<2987584>.
2025-11-10 23:06:21 [INFO] EXP_DEBUG: Inside CreateExpansionMapMarker for BS_Hacked_Crate.UseExpansionMapMarker is true.
2025-11-10 23:06:21 [INFO] EXP_DEBUG: EXPANSIONMODNAVIGATION is NOT defined. No Expansion marker will be created.
2025-11-10 23:06:21 [INFO] DeferredEEInitLogic: AG DEBUG for BS_Hacked_Crate<2987584>
2025-11-10 23:06:21 [INFO] BSHC_AG_DEBUG: BSHC_CreateAdvancedGroupsMapMarker call.
2025-11-10 23:06:21 [INFO] BSHC_AG_DEBUG: Final Marker Name: '#STR_BSHC_HackedCrate_DisplayName'
2025-11-10 23:06:21 [INFO] BSHC_AG_DEBUG: Trying to create AG marker with name: #STR_BSHC_HackedCrate_DisplayName, Pos: <2471.820068, 193.177002, 5114.220215>, Icon: BS_HackedCrate/gui/iconcrate.paa, Color: -65536, ShowOnMap: true, ShowInWorld: true
2025-11-10 23:06:21 [INFO] BSHC_AG_DEBUG: LBStaticMarkerManager.Get is accessible.
2025-11-10 23:06:21 [INFO] BSHC_AG_DEBUG: Created AG marker (UID: 889088625) for BS_Hacked_Crate
2025-11-10 23:06:21 [INFO] DeferredEEInitLogic: Final m_LootAccessActionDone for BS_Hacked_Crate<2987584> is: false
2025-11-10 23:06:21 [INFO] Inventory for BS_Hacked_Crate LOCKED. IsOpen: false LootAccessActionDone: false
2025-11-10 23:06:21 [INFO] DeferredEEInitLogic: FINISHED for BS_Hacked_Crate<2987584>
2025-11-10 23:06:21 [INFO] DeferredEEInitLogic: Re-added persistent crate BS_Hacked_Crate to g_ActiveHackedCrates list.
2025-11-10 23:06:21 [INFO] DeferredEEInitLogic: START for BS_Hacked_Crate<2991318>. m_LoadedExpansionMarkerUID (should be from OnStoreLoad) is ''. Current m_ExpansionMarkerUID (active) is ''
2025-11-10 23:06:21 [INFO] GetCrateSettings: m_CrateSettings_Instance is NULL for BS_Hacked_Crate<2991318>. Calling AttemptToReacquireSettings().
2025-11-10 23:06:21 [INFO] HackedCrate_Base (BS_Hacked_Crate): Attempting to re-acquire CrateSettings. Persisted ConfigUniqueID is: 'DefaultDynamicEvent_Example1'
2025-11-10 23:06:21 [INFO] HackedCrate_Base (BS_Hacked_Crate): Instance specific CrateSettings assigned. ConfigUniqueID: DefaultDynamicEvent_Example1
2025-11-10 23:06:21 [INFO] HackedCrate_Base (BS_Hacked_Crate): Successfully re-acquired CrateSettings by persisted ConfigUniqueID 'DefaultDynamicEvent_Example1'.
2025-11-10 23:06:21 [INFO] DeferredEEInitLogic: Settings acquired successfully for BS_Hacked_Crate<2991318>.
2025-11-10 23:06:21 [INFO] DeferredEEInitLogic: m_ExpansionMarkerUID is empty. Calling CreateExpansionMapMarker for BS_Hacked_Crate<2991318>.
2025-11-10 23:06:21 [INFO] EXP_DEBUG: Inside CreateExpansionMapMarker for BS_Hacked_Crate.UseExpansionMapMarker is true.
2025-11-10 23:06:21 [INFO] EXP_DEBUG: EXPANSIONMODNAVIGATION is NOT defined. No Expansion marker will be created.
2025-11-10 23:06:21 [INFO] DeferredEEInitLogic: AG DEBUG for BS_Hacked_Crate<2991318>
2025-11-10 23:06:21 [INFO] BSHC_AG_DEBUG: BSHC_CreateAdvancedGroupsMapMarker call.
2025-11-10 23:06:21 [INFO] BSHC_AG_DEBUG: Final Marker Name: '#STR_BSHC_HackedCrate_DisplayName'
2025-11-10 23:06:21 [INFO] BSHC_AG_DEBUG: Trying to create AG marker with name: #STR_BSHC_HackedCrate_DisplayName, Pos: <4553.689941, 317.975006, 8352.099609>, Icon: BS_HackedCrate/gui/iconcrate.paa, Color: -65536, ShowOnMap: true, ShowInWorld: true
2025-11-10 23:06:21 [INFO] BSHC_AG_DEBUG: LBStaticMarkerManager.Get is accessible.
2025-11-10 23:06:21 [INFO] BSHC_AG_DEBUG: Created AG marker (UID: 122621786) for BS_Hacked_Crate
2025-11-10 23:06:21 [INFO] DeferredEEInitLogic: Final m_LootAccessActionDone for BS_Hacked_Crate<2991318> is: false
2025-11-10 23:06:21 [INFO] Inventory for BS_Hacked_Crate LOCKED. IsOpen: false LootAccessActionDone: false
2025-11-10 23:06:21 [INFO] DeferredEEInitLogic: FINISHED for BS_Hacked_Crate<2991318>
2025-11-10 23:06:21 [INFO] DeferredEEInitLogic: Re-added persistent crate BS_Hacked_Crate to g_ActiveHackedCrates list.
2025-11-10 23:06:21 [INFO] DeferredEEInitLogic: START for BS_Hacked_Crate<2992812>. m_LoadedExpansionMarkerUID (should be from OnStoreLoad) is ''. Current m_ExpansionMarkerUID (active) is ''
2025-11-10 23:06:21 [INFO] GetCrateSettings: m_CrateSettings_Instance is NULL for BS_Hacked_Crate<2992812>. Calling AttemptToReacquireSettings().
2025-11-10 23:06:21 [INFO] HackedCrate_Base (BS_Hacked_Crate): Attempting to re-acquire CrateSettings. Persisted ConfigUniqueID is: 'DefaultDynamicEvent_Example1'
2025-11-10 23:06:21 [INFO] HackedCrate_Base (BS_Hacked_Crate): Instance specific CrateSettings assigned. ConfigUniqueID: DefaultDynamicEvent_Example1
2025-11-10 23:06:21 [INFO] HackedCrate_Base (BS_Hacked_Crate): Successfully re-acquired CrateSettings by persisted ConfigUniqueID 'DefaultDynamicEvent_Example1'.
2025-11-10 23:06:21 [INFO] DeferredEEInitLogic: Settings acquired successfully for BS_Hacked_Crate<2992812>.
2025-11-10 23:06:21 [INFO] DeferredEEInitLogic: m_ExpansionMarkerUID is empty. Calling CreateExpansionMapMarker for BS_Hacked_Crate<2992812>.
2025-11-10 23:06:21 [INFO] EXP_DEBUG: Inside CreateExpansionMapMarker for BS_Hacked_Crate.UseExpansionMapMarker is true.
2025-11-10 23:06:21 [INFO] EXP_DEBUG: EXPANSIONMODNAVIGATION is NOT defined. No Expansion marker will be created.
2025-11-10 23:06:21 [INFO] DeferredEEInitLogic: AG DEBUG for BS_Hacked_Crate<2992812>
2025-11-10 23:06:21 [INFO] BSHC_AG_DEBUG: BSHC_CreateAdvancedGroupsMapMarker call.
2025-11-10 23:06:21 [INFO] BSHC_AG_DEBUG: Final Marker Name: '#STR_BSHC_HackedCrate_DisplayName'
2025-11-10 23:06:21 [INFO] BSHC_AG_DEBUG: Trying to create AG marker with name: #STR_BSHC_HackedCrate_DisplayName, Pos: <4732.430176, 338.968994, 10350.200195>, Icon: BS_HackedCrate/gui/iconcrate.paa, Color: -65536, ShowOnMap: true, ShowInWorld: true
2025-11-10 23:06:21 [INFO] BSHC_AG_DEBUG: LBStaticMarkerManager.Get is accessible.
2025-11-10 23:06:21 [INFO] BSHC_AG_DEBUG: Created AG marker (UID: 158667683) for BS_Hacked_Crate
2025-11-10 23:06:21 [INFO] DeferredEEInitLogic: Final m_LootAccessActionDone for BS_Hacked_Crate<2992812> is: false
2025-11-10 23:06:21 [INFO] Inventory for BS_Hacked_Crate LOCKED. IsOpen: false LootAccessActionDone: false
2025-11-10 23:06:21 [INFO] DeferredEEInitLogic: FINISHED for BS_Hacked_Crate<2992812>
2025-11-10 23:06:21 [INFO] DeferredEEInitLogic: Re-added persistent crate BS_Hacked_Crate to g_ActiveHackedCrates list.
2025-11-10 23:06:55 [INFO] DeleteHackedCratesFromKnownLocations - Starting cleanup of Hacked Crates from KNOWN SPAWN LOCATIONS as defined in configurations...
2025-11-10 23:06:55 [INFO] DeleteHackedCratesFromKnownLocations - Deleting INACTIVE: BS_Hacked_Crate (ID: 2987584) found at configured spawn Pos: <2471.820068, 193.177002, 5114.220215> for CrateType BS_Hacked_Crate
2025-11-10 23:06:55 [INFO] EEDelete called for BS_Hacked_Crate at <2471.820068, 193.177002, 5114.220215>
2025-11-10 23:06:55 [INFO] EXP_REMOVE_DEBUG: Attempting RemoveExpansionMapMarker. Context: EEDelete. Current UID: '' for BS_Hacked_Crate<2987584>
2025-11-10 23:06:55 [INFO] EXP_REMOVE_DEBUG: EXPANSIONMODNAVIGATION NOT defined. Cannot remove marker. Context: EEDelete for BS_Hacked_Crate<2987584>
2025-11-10 23:06:55 [INFO] BSHC_AG_DEBUG: BSHC_RemoveAdvancedGroupsMapMarker called.
2025-11-10 23:06:55 [INFO] BSHC_AG_DEBUG: Removing AG marker UID: 889088625
2025-11-10 23:06:55 [INFO] BSHC_AG_DEBUG: AG marker UID 889088625 successfully removed.
2025-11-10 23:06:55 [INFO] HackedCrate (BS_Hacked_Crate): Sending RPC Notification. Type: DESPAWN, Key: #STR_BSHC_Notification_Despawn_Located
2025-11-10 23:06:55 [INFO] EEDelete: Removed BS_Hacked_Crate from g_ActiveHackedCrates. Remaining count: 2
2025-11-10 23:06:55 [INFO] DeleteHackedCratesFromKnownLocations - Deleting INACTIVE: BS_Hacked_Crate (ID: 2992812) found at configured spawn Pos: <4732.430176, 338.968994, 10350.200195> for CrateType BS_Hacked_Crate
2025-11-10 23:06:55 [INFO] EEDelete called for BS_Hacked_Crate at <4732.430176, 338.968994, 10350.200195>
2025-11-10 23:06:55 [INFO] EXP_REMOVE_DEBUG: Attempting RemoveExpansionMapMarker. Context: EEDelete. Current UID: '' for BS_Hacked_Crate<2992812>
2025-11-10 23:06:55 [INFO] EXP_REMOVE_DEBUG: EXPANSIONMODNAVIGATION NOT defined. Cannot remove marker. Context: EEDelete for BS_Hacked_Crate<2992812>
2025-11-10 23:06:55 [INFO] BSHC_AG_DEBUG: BSHC_RemoveAdvancedGroupsMapMarker called.
2025-11-10 23:06:55 [INFO] BSHC_AG_DEBUG: Removing AG marker UID: 158667683
2025-11-10 23:06:55 [INFO] BSHC_AG_DEBUG: AG marker UID 158667683 successfully removed.
2025-11-10 23:06:55 [INFO] HackedCrate (BS_Hacked_Crate): Sending RPC Notification. Type: DESPAWN, Key: #STR_BSHC_Notification_Despawn_Located
2025-11-10 23:06:55 [INFO] EEDelete: Removed BS_Hacked_Crate from g_ActiveHackedCrates. Remaining count: 1
2025-11-10 23:06:55 [INFO] DeleteHackedCratesFromKnownLocations - Deleting INACTIVE: BS_Hacked_Crate (ID: 2991318) found at configured spawn Pos: <4553.689941, 317.975006, 8352.099609> for CrateType BS_Hacked_Crate
2025-11-10 23:06:55 [INFO] EEDelete called for BS_Hacked_Crate at <4553.689941, 317.975006, 8352.099609>
2025-11-10 23:06:55 [INFO] EXP_REMOVE_DEBUG: Attempting RemoveExpansionMapMarker. Context: EEDelete. Current UID: '' for BS_Hacked_Crate<2991318>
2025-11-10 23:06:55 [INFO] EXP_REMOVE_DEBUG: EXPANSIONMODNAVIGATION NOT defined. Cannot remove marker. Context: EEDelete for BS_Hacked_Crate<2991318>
2025-11-10 23:06:55 [INFO] BSHC_AG_DEBUG: BSHC_RemoveAdvancedGroupsMapMarker called.
2025-11-10 23:06:55 [INFO] BSHC_AG_DEBUG: Removing AG marker UID: 122621786
2025-11-10 23:06:55 [INFO] BSHC_AG_DEBUG: AG marker UID 122621786 successfully removed.
2025-11-10 23:06:55 [INFO] HackedCrate (BS_Hacked_Crate): Sending RPC Notification. Type: DESPAWN, Key: #STR_BSHC_Notification_Despawn_Located
2025-11-10 23:06:55 [INFO] EEDelete: Removed BS_Hacked_Crate from g_ActiveHackedCrates. Remaining count: 0
2025-11-10 23:06:55 [INFO] DeleteHackedCratesFromKnownLocations - Cleanup from known locations finished. Total inactive Hacked Crates (matching type and location) deleted: 3
2025-11-10 23:06:59 [INFO] PerformImmediateStaticSpawn - Calling CrateSpawner to setup STATIC Hacked Crates...
2025-11-10 23:06:59 [INFO] CrateSpawner: ------------- Starting IMMEDIATE STATIC Spawn Pass -------------
2025-11-10 23:06:59 [INFO] CrateSpawner: Processing IMMEDIATE STATIC for ConfigUniqueID: 'DefaultStaticEvent_Example1'.
2025-11-10 23:06:59 [INFO] SpawnStaticCrates: Processing 1 static locations for ConfigUniqueID: 'DefaultStaticEvent_Example1'.
2025-11-10 23:06:59 [INFO] SpawnStaticCrates: Location <2471.820068, 193.177002, 5114.220215> is free. Attempting to spawn crate.
2025-11-10 23:06:59 [INFO] Inventory for BS_Hacked_Crate LOCKED. IsOpen: false LootAccessActionDone: false
2025-11-10 23:06:59 [INFO] HackedCrate_Base (BS_Hacked_Crate): Instance specific CrateSettings assigned. ConfigUniqueID: DefaultStaticEvent_Example1
2025-11-10 23:06:59 [INFO] [SpawnAIAroundCrate] Spawning 3 AI(s) next to the crate.
2025-11-10 23:06:59 [INFO] [SpawnAIAroundCrate] Successfully spawned ZmbM_SoldierNormal at <2476.142334, 193.270004, 5103.240234>
2025-11-10 23:06:59 [INFO] [SpawnAIAroundCrate] Successfully spawned ZmbM_SoldierNormal at <2493.989014, 193.215012, 5115.125977>
2025-11-10 23:06:59 [INFO] [SpawnAIAroundCrate] Successfully spawned ZmbM_SoldierNormal at <2482.663818, 193.167755, 5119.925781>
2025-11-10 23:06:59 [INFO] CrateSpawner: ------------- Finished IMMEDIATE STATIC Spawn Pass -------------
2025-11-10 23:06:59 [INFO] DeferredEEInitLogic: START for BS_Hacked_Crate<3010454>. m_LoadedExpansionMarkerUID (should be from OnStoreLoad) is ''. Current m_ExpansionMarkerUID (active) is ''
2025-11-10 23:06:59 [INFO] DeferredEEInitLogic: Settings acquired successfully for BS_Hacked_Crate<3010454>.
2025-11-10 23:06:59 [INFO] DeferredEEInitLogic: m_ExpansionMarkerUID is empty. Calling CreateExpansionMapMarker for BS_Hacked_Crate<3010454>.
2025-11-10 23:06:59 [INFO] EXP_DEBUG: Inside CreateExpansionMapMarker for BS_Hacked_Crate.UseExpansionMapMarker is true.
2025-11-10 23:06:59 [INFO] EXP_DEBUG: EXPANSIONMODNAVIGATION is NOT defined. No Expansion marker will be created.
2025-11-10 23:06:59 [INFO] DeferredEEInitLogic: AG DEBUG for BS_Hacked_Crate<3010454>
2025-11-10 23:06:59 [INFO] BSHC_AG_DEBUG: BSHC_CreateAdvancedGroupsMapMarker call.
2025-11-10 23:06:59 [INFO] BSHC_AG_DEBUG: Final Marker Name: '#STR_BSHC_HackedCrate_DisplayName'
2025-11-10 23:06:59 [INFO] BSHC_AG_DEBUG: Trying to create AG marker with name: #STR_BSHC_HackedCrate_DisplayName, Pos: <2471.820068, 193.177002, 5114.220215>, Icon: BS_HackedCrate/gui/iconcrate.paa, Color: -65536, ShowOnMap: true, ShowInWorld: true
2025-11-10 23:06:59 [INFO] BSHC_AG_DEBUG: LBStaticMarkerManager.Get is accessible.
2025-11-10 23:06:59 [INFO] BSHC_AG_DEBUG: Created AG marker (UID: 874014886) for BS_Hacked_Crate
2025-11-10 23:06:59 [INFO] DeferredEEInitLogic: Final m_LootAccessActionDone for BS_Hacked_Crate<3010454> is: false
2025-11-10 23:07:00 [INFO] Inventory for BS_Hacked_Crate LOCKED. IsOpen: false LootAccessActionDone: false
2025-11-10 23:07:00 [INFO] DeferredEEInitLogic: FINISHED for BS_Hacked_Crate<3010454>
2025-11-10 23:12:04 [INFO] PerformInitialDynamicSpawn - Grace period ended. Calling CrateSpawner to setup initial DYNAMIC Hacked Crates...
2025-11-10 23:12:04 [INFO] CrateSpawner: ------------- Starting INITIAL DYNAMIC Spawn Pass (Post-Grace) -------------
2025-11-10 23:12:04 [INFO] CrateSpawner: Current server population for dynamic spawn: 1 players.
2025-11-10 23:12:04 [INFO] CrateSpawner: Processing DYNAMIC for ConfigUniqueID: 'DefaultDynamicEvent_Example1'.
2025-11-10 23:12:04 [INFO] CrateSpawner: Attempting to spawn 2 for ConfigUniqueID: 'DefaultDynamicEvent_Example1'.
2025-11-10 23:12:04 [INFO] SpawnRandomCrates: Attempting to spawn 2 of type 'BS_Hacked_Crate' with ConfigUniqueID 'DefaultDynamicEvent_Example1'.
2025-11-10 23:12:04 [INFO] SpawnRandomCrates: Shuffled list for 'DefaultDynamicEvent_Example1' is empty or non-existent. Regenerating and shuffling.
2025-11-10 23:12:04 [INFO] CrateSpawner: Sending spawn warning for 'BS_Hacked_Crate' at Airfield
2025-11-10 23:12:04 [INFO] CrateSpawner: Added to pending list for ConfigUniqueID 'DefaultDynamicEvent_Example1'. New pending count: 1
2025-11-10 23:12:04 [INFO] CrateSpawner: Sending spawn warning for 'BS_Hacked_Crate' at VMC
2025-11-10 23:12:04 [INFO] CrateSpawner: Added to pending list for ConfigUniqueID 'DefaultDynamicEvent_Example1'. New pending count: 2
2025-11-10 23:12:04 [INFO] CrateSpawner: ------------- Finished INITIAL DYNAMIC Spawn Pass -------------
2025-11-10 23:22:04 [INFO] SpawnCrateAfterWarning: Timer finished. Spawning crate BS_Hacked_Crate. Removed from pending list. New pending count: 1
2025-11-10 23:22:04 [INFO] Inventory for BS_Hacked_Crate LOCKED. IsOpen: false LootAccessActionDone: false
2025-11-10 23:22:04 [INFO] HackedCrate_Base (BS_Hacked_Crate): Instance specific CrateSettings assigned. ConfigUniqueID: DefaultDynamicEvent_Example1
2025-11-10 23:22:04 [INFO] CrateSpawner: Standard Notification RPC sent. Key: #STR_BSHC_Notification_Spawn_Located
2025-11-10 23:22:04 [INFO] [SpawnAIAroundCrate] Spawning 2 AI(s) next to the crate.
2025-11-10 23:22:04 [INFO] [SpawnAIAroundCrate] Successfully spawned ZmbM_SoldierNormal at <4715.914551, 338.992889, 10349.409180>
2025-11-10 23:22:04 [INFO] [SpawnAIAroundCrate] Successfully spawned ZmbM_SoldierNormal at <4717.122559, 338.990479, 10356.086914>
2025-11-10 23:22:04 [INFO] SpawnCrateAfterWarning: Timer finished. Spawning crate BS_Hacked_Crate. Removed from pending list. New pending count: 0
2025-11-10 23:22:04 [INFO] Inventory for BS_Hacked_Crate LOCKED. IsOpen: false LootAccessActionDone: false
2025-11-10 23:22:04 [INFO] HackedCrate_Base (BS_Hacked_Crate): Instance specific CrateSettings assigned. ConfigUniqueID: DefaultDynamicEvent_Example1
2025-11-10 23:22:04 [INFO] CrateSpawner: Standard Notification RPC sent. Key: #STR_BSHC_Notification_Spawn_Located
2025-11-10 23:22:04 [INFO] [SpawnAIAroundCrate] Spawning 1 AI(s) next to the crate.
2025-11-10 23:22:04 [INFO] [SpawnAIAroundCrate] Successfully spawned ZmbM_SoldierNormal at <4566.448242, 317.989990, 8350.486328>
2025-11-10 23:22:04 [INFO] DeferredEEInitLogic: START for BS_Hacked_Crate<3014619>. m_LoadedExpansionMarkerUID (should be from OnStoreLoad) is ''. Current m_ExpansionMarkerUID (active) is ''
2025-11-10 23:22:04 [INFO] DeferredEEInitLogic: Settings acquired successfully for BS_Hacked_Crate<3014619>.
2025-11-10 23:22:04 [INFO] DeferredEEInitLogic: m_ExpansionMarkerUID is empty. Calling CreateExpansionMapMarker for BS_Hacked_Crate<3014619>.
2025-11-10 23:22:04 [INFO] EXP_DEBUG: Inside CreateExpansionMapMarker for BS_Hacked_Crate.UseExpansionMapMarker is true.
2025-11-10 23:22:04 [INFO] EXP_DEBUG: EXPANSIONMODNAVIGATION is NOT defined. No Expansion marker will be created.
2025-11-10 23:22:04 [INFO] DeferredEEInitLogic: AG DEBUG for BS_Hacked_Crate<3014619>
2025-11-10 23:22:04 [INFO] BSHC_AG_DEBUG: BSHC_CreateAdvancedGroupsMapMarker call.
2025-11-10 23:22:04 [INFO] BSHC_AG_DEBUG: Final Marker Name: '#STR_BSHC_HackedCrate_DisplayName'
2025-11-10 23:22:04 [INFO] BSHC_AG_DEBUG: Trying to create AG marker with name: #STR_BSHC_HackedCrate_DisplayName, Pos: <4732.430176, 338.968994, 10350.200195>, Icon: BS_HackedCrate/gui/iconcrate.paa, Color: -65536, ShowOnMap: true, ShowInWorld: true
2025-11-10 23:22:04 [INFO] BSHC_AG_DEBUG: LBStaticMarkerManager.Get is accessible.
2025-11-10 23:22:04 [INFO] BSHC_AG_DEBUG: Created AG marker (UID: 1693633038) for BS_Hacked_Crate
2025-11-10 23:22:04 [INFO] DeferredEEInitLogic: Final m_LootAccessActionDone for BS_Hacked_Crate<3014619> is: false
2025-11-10 23:22:04 [INFO] Inventory for BS_Hacked_Crate LOCKED. IsOpen: false LootAccessActionDone: false
2025-11-10 23:22:04 [INFO] DeferredEEInitLogic: FINISHED for BS_Hacked_Crate<3014619>
2025-11-10 23:22:04 [INFO] DeferredEEInitLogic: START for BS_Hacked_Crate<3014622>. m_LoadedExpansionMarkerUID (should be from OnStoreLoad) is ''. Current m_ExpansionMarkerUID (active) is ''
2025-11-10 23:22:04 [INFO] DeferredEEInitLogic: Settings acquired successfully for BS_Hacked_Crate<3014622>.
2025-11-10 23:22:04 [INFO] DeferredEEInitLogic: m_ExpansionMarkerUID is empty. Calling CreateExpansionMapMarker for BS_Hacked_Crate<3014622>.
2025-11-10 23:22:04 [INFO] EXP_DEBUG: Inside CreateExpansionMapMarker for BS_Hacked_Crate.UseExpansionMapMarker is true.
2025-11-10 23:22:04 [INFO] EXP_DEBUG: EXPANSIONMODNAVIGATION is NOT defined. No Expansion marker will be created.
2025-11-10 23:22:04 [INFO] DeferredEEInitLogic: AG DEBUG for BS_Hacked_Crate<3014622>
2025-11-10 23:22:04 [INFO] BSHC_AG_DEBUG: BSHC_CreateAdvancedGroupsMapMarker call.
2025-11-10 23:22:04 [INFO] BSHC_AG_DEBUG: Final Marker Name: '#STR_BSHC_HackedCrate_DisplayName'
2025-11-10 23:22:04 [INFO] BSHC_AG_DEBUG: Trying to create AG marker with name: #STR_BSHC_HackedCrate_DisplayName, Pos: <4553.689941, 317.975006, 8352.099609>, Icon: BS_HackedCrate/gui/iconcrate.paa, Color: -65536, ShowOnMap: true, ShowInWorld: true
2025-11-10 23:22:04 [INFO] BSHC_AG_DEBUG: LBStaticMarkerManager.Get is accessible.
2025-11-10 23:22:04 [INFO] BSHC_AG_DEBUG: Created AG marker (UID: 2134310509) for BS_Hacked_Crate
2025-11-10 23:22:04 [INFO] DeferredEEInitLogic: Final m_LootAccessActionDone for BS_Hacked_Crate<3014622> is: false
2025-11-10 23:22:04 [INFO] Inventory for BS_Hacked_Crate LOCKED. IsOpen: false LootAccessActionDone: false
2025-11-10 23:22:04 [INFO] DeferredEEInitLogic: FINISHED for BS_Hacked_Crate<3014622>
2025-11-10 23:58:09 [INFO] EEDelete called for BS_Hacked_Crate at <2471.820068, 193.177002, 5114.220215>
2025-11-10 23:58:09 [INFO] EXP_REMOVE_DEBUG: Attempting RemoveExpansionMapMarker. Context: EEDelete. Current UID: '' for BS_Hacked_Crate<3010454>
2025-11-10 23:58:09 [INFO] EXP_REMOVE_DEBUG: EXPANSIONMODNAVIGATION NOT defined. Cannot remove marker. Context: EEDelete for BS_Hacked_Crate<3010454>
2025-11-10 23:58:09 [INFO] BSHC_AG_DEBUG: BSHC_RemoveAdvancedGroupsMapMarker called.
2025-11-10 23:58:09 [INFO] BSHC_AG_DEBUG: Removing AG marker UID: 874014886
2025-11-10 23:58:09 [INFO] BSHC_AG_DEBUG: AG marker UID 874014886 successfully removed.
2025-11-10 23:58:09 [INFO] HackedCrate (BS_Hacked_Crate): Sending RPC Notification. Type: DESPAWN, Key: #STR_BSHC_Notification_Despawn_Located
2025-11-10 23:58:09 [INFO] EEDelete: Removed BS_Hacked_Crate from g_ActiveHackedCrates. Remaining count: 2
2025-11-11 00:03:58 [INFO] EEDelete called for BS_Hacked_Crate at <4732.430176, 338.968994, 10350.200195>
2025-11-11 00:03:58 [INFO] EXP_REMOVE_DEBUG: Attempting RemoveExpansionMapMarker. Context: EEDelete. Current UID: '' for BS_Hacked_Crate<3014619>
2025-11-11 00:03:58 [INFO] EXP_REMOVE_DEBUG: EXPANSIONMODNAVIGATION NOT defined. Cannot remove marker. Context: EEDelete for BS_Hacked_Crate<3014619>
2025-11-11 00:03:58 [INFO] BSHC_AG_DEBUG: BSHC_RemoveAdvancedGroupsMapMarker called.
2025-11-11 00:03:58 [INFO] BSHC_AG_DEBUG: Removing AG marker UID: 1693633038
2025-11-11 00:03:58 [INFO] BSHC_AG_DEBUG: AG marker UID 1693633038 successfully removed.
2025-11-11 00:03:58 [INFO] HackedCrate (BS_Hacked_Crate): Sending RPC Notification. Type: DESPAWN, Key: #STR_BSHC_Notification_Despawn_Located
2025-11-11 00:03:58 [INFO] EEDelete: Removed BS_Hacked_Crate from g_ActiveHackedCrates. Remaining count: 1
2025-11-11 00:06:55 [INFO] --------------------------------------------------------------------------
2025-11-11 00:06:55 [INFO] OnCrateSpawnTickPeriodic - Management Tick received. Evaluating individual crate configs...
2025-11-11 00:06:55 [INFO] --------------------------------------------------------------------------
2025-11-11 00:06:55 [INFO] Config 'DefaultDynamicEvent_Example1' is due for a check. Processing...
2025-11-11 00:06:55 [INFO] CrateSpawner: Processing ConfigUniqueID: 'DefaultDynamicEvent_Example1' (CrateType: 'BS_Hacked_Crate')
2025-11-11 00:06:55 [INFO] CrateSpawner: Skipping ConfigUniqueID 'DefaultDynamicEvent_Example1'. Players required: 1, Current: 0
2025-11-11 00:06:55 [INFO] OnCrateSpawnTickPeriodic - Management Tick finished. Next check in 3600 seconds.
2025-11-11 01:06:55 [INFO] --------------------------------------------------------------------------
2025-11-11 01:06:55 [INFO] OnCrateSpawnTickPeriodic - Management Tick received. Evaluating individual crate configs...
2025-11-11 01:06:55 [INFO] --------------------------------------------------------------------------
2025-11-11 01:06:55 [INFO] Config 'DefaultDynamicEvent_Example1' is due for a check. Processing...
2025-11-11 01:06:55 [INFO] CrateSpawner: Processing ConfigUniqueID: 'DefaultDynamicEvent_Example1' (CrateType: 'BS_Hacked_Crate')
2025-11-11 01:06:55 [INFO] CrateSpawner: Skipping ConfigUniqueID 'DefaultDynamicEvent_Example1'. Players required: 1, Current: 0
2025-11-11 01:06:55 [INFO] OnCrateSpawnTickPeriodic - Management Tick finished. Next check in 3600 seconds.
