2025-11-14 05:17:44 [INFO] OnInit - Initializing Bastardos Hacked Crates System...
2025-11-14 05:17:44 [INFO] OnInit - Loading Hacked Crate Loot Configuration (loot_pools.json)...
2025-11-14 05:17:44 [INFO] [BSHCLootPoolConfig] Found loot_pools.json at: $profile:\Bastardo_HC\loot_pools.json
2025-11-14 05:17:44 [INFO] [BSHCLootPoolConfig] JsonLoadFile executed. Loaded 2 categories defined in the root.
2025-11-14 05:17:44 [INFO] [BSHCLootPoolConfig] Category 'DefaultArmaments' has 1 loot pools.
2025-11-14 05:17:44 [INFO] [BSHCLootPoolConfig] Category 'DefaultMedical' has 1 loot pools.
2025-11-14 05:17:44 [INFO] OnInit - Hacked Crate Loot Configuration processed successfully.
2025-11-14 05:17:44 [INFO] OnInit - Loading Hacked Crate settings (global, static, dynamic)...
2025-11-14 05:17:44 [INFO] CrateManagement instance created with default grace period and tick interval.
2025-11-14 05:17:44 [INFO] [BSHCGlobalServerSettings] Loading from: $profile:\Bastardo_HC\BS_Global_settings.json
2025-11-14 05:17:44 [INFO] [CrateConfigManager] Re-saved static_crates.json to include any new options.
2025-11-14 05:17:44 [INFO] [CrateConfigManager] Re-saved dynamic_crates.json to include any new options.
2025-11-14 05:17:44 [INFO] [CrateConfigManager] Static CrateManagement has been set.
2025-11-14 05:17:44 [INFO] CrateSpawner instance created.
2025-11-14 05:17:44 [INFO] OnInit - Crate Spawner created. Grace Period: 5 minutes. Periodic Tick: 3600 seconds.
2025-11-14 05:17:44 [INFO] OnInit - Bastardos Hacked Crates System Initialization sequence finished.
2025-11-14 05:17:50 [INFO] OnMissionStart - Server mission started. Scheduling Hacked Crate cleanup and initial spawn setup.
2025-11-14 05:17:50 [INFO] OnMissionStart - Immediate STATIC Crate spawn scheduled in 15 seconds.
2025-11-14 05:17:50 [INFO] OnMissionStart - Initial DYNAMIC Crate spawn scheduled in approx. 320 seconds.
2025-11-14 05:17:50 [INFO] OnMissionStart - Scheduling first PERIODIC Crate Spawn Tick in approx. 3600 seconds.
2025-11-14 05:18:52 [INFO] DeleteHackedCratesFromKnownLocations - Starting cleanup of Hacked Crates from KNOWN SPAWN LOCATIONS as defined in configurations...
2025-11-14 05:18:52 [INFO] DeleteHackedCratesFromKnownLocations - Cleanup from known locations finished. Total inactive Hacked Crates (matching type and location) deleted: 0
2025-11-14 05:18:57 [INFO] PerformImmediateStaticSpawn - Calling CrateSpawner to setup STATIC Hacked Crates...
2025-11-14 05:18:57 [INFO] CrateSpawner: ------------- Starting IMMEDIATE STATIC Spawn Pass -------------
2025-11-14 05:18:57 [INFO] CrateSpawner: Processing IMMEDIATE STATIC for ConfigUniqueID: 'DefaultStaticEvent_Example1'.
2025-11-14 05:18:57 [INFO] SpawnStaticCrates: Processing 1 static locations for ConfigUniqueID: 'DefaultStaticEvent_Example1'.
2025-11-14 05:18:57 [INFO] SpawnStaticCrates: Location <2471.820068, 193.177002, 5114.220215> is free. Attempting to spawn crate.
2025-11-14 05:18:57 [INFO] Inventory for BS_Hacked_Crate LOCKED. IsOpen: false LootAccessActionDone: false
2025-11-14 05:18:57 [INFO] HackedCrate_Base (BS_Hacked_Crate): Instance specific CrateSettings assigned. ConfigUniqueID: DefaultStaticEvent_Example1
2025-11-14 05:18:57 [INFO] [SpawnAIAroundCrate] Spawning 3 AI(s) next to the crate.
2025-11-14 05:18:57 [INFO] [SpawnAIAroundCrate] Successfully spawned ZmbM_SoldierNormal at <2458.885742, 193.213989, 5112.907715>
2025-11-14 05:18:57 [INFO] [SpawnAIAroundCrate] Successfully spawned ZmbM_SoldierNormal at <2458.036865, 192.969040, 5127.071777>
2025-11-14 05:18:57 [INFO] [SpawnAIAroundCrate] Successfully spawned ZmbM_SoldierNormal at <2479.805176, 193.269516, 5107.623047>
2025-11-14 05:18:57 [INFO] CrateSpawner: ------------- Finished IMMEDIATE STATIC Spawn Pass -------------
2025-11-14 05:18:57 [INFO] DeferredEEInitLogic: START for BS_Hacked_Crate<3011053>. m_LoadedExpansionMarkerUID (should be from OnStoreLoad) is ''. Current m_ExpansionMarkerUID (active) is ''
2025-11-14 05:18:57 [INFO] DeferredEEInitLogic: Settings acquired successfully for BS_Hacked_Crate<3011053>.
2025-11-14 05:18:57 [INFO] DeferredEEInitLogic: m_ExpansionMarkerUID is empty. Calling CreateExpansionMapMarker for BS_Hacked_Crate<3011053>.
2025-11-14 05:18:57 [INFO] EXP_DEBUG: Inside CreateExpansionMapMarker for BS_Hacked_Crate.UseExpansionMapMarker is true.
2025-11-14 05:18:57 [INFO] EXP_DEBUG: EXPANSIONMODNAVIGATION is NOT defined. No Expansion marker will be created.
2025-11-14 05:18:57 [INFO] DeferredEEInitLogic: AG DEBUG for BS_Hacked_Crate<3011053>
2025-11-14 05:18:57 [INFO] BSHC_AG_DEBUG: BSHC_CreateAdvancedGroupsMapMarker call.
2025-11-14 05:18:57 [INFO] BSHC_AG_DEBUG: Final Marker Name: '#STR_BSHC_HackedCrate_DisplayName'
2025-11-14 05:18:57 [INFO] BSHC_AG_DEBUG: Trying to create AG marker with name: #STR_BSHC_HackedCrate_DisplayName, Pos: <2471.820068, 193.177002, 5114.220215>, Icon: BS_HackedCrate/gui/iconcrate.paa, Color: -65536, ShowOnMap: true, ShowInWorld: true
2025-11-14 05:18:57 [INFO] BSHC_AG_DEBUG: LBStaticMarkerManager.Get is accessible.
2025-11-14 05:18:57 [INFO] BSHC_AG_DEBUG: Created AG marker (UID: 175379871) for BS_Hacked_Crate
2025-11-14 05:18:57 [INFO] DeferredEEInitLogic: Final m_LootAccessActionDone for BS_Hacked_Crate<3011053> is: false
2025-11-14 05:18:57 [INFO] Inventory for BS_Hacked_Crate LOCKED. IsOpen: false LootAccessActionDone: false
2025-11-14 05:18:57 [INFO] DeferredEEInitLogic: FINISHED for BS_Hacked_Crate<3011053>
2025-11-14 05:24:02 [INFO] PerformInitialDynamicSpawn - Grace period ended. Calling CrateSpawner to setup initial DYNAMIC Hacked Crates...
2025-11-14 05:24:02 [INFO] CrateSpawner: ------------- Starting INITIAL DYNAMIC Spawn Pass (Post-Grace) -------------
2025-11-14 05:24:02 [INFO] CrateSpawner: Current server population for dynamic spawn: 1 players.
2025-11-14 05:24:02 [INFO] CrateSpawner: Processing DYNAMIC for ConfigUniqueID: 'DefaultDynamicEvent_Example1'.
2025-11-14 05:24:02 [INFO] CrateSpawner: Attempting to spawn 2 for ConfigUniqueID: 'DefaultDynamicEvent_Example1'.
2025-11-14 05:24:02 [INFO] SpawnRandomCrates: Attempting to spawn 2 of type 'BS_Hacked_Crate' with ConfigUniqueID 'DefaultDynamicEvent_Example1'.
2025-11-14 05:24:02 [INFO] SpawnRandomCrates: Shuffled list for 'DefaultDynamicEvent_Example1' is empty or non-existent. Regenerating and shuffling.
2025-11-14 05:24:02 [INFO] CrateSpawner: Sending spawn warning for 'BS_Hacked_Crate' at VMC
2025-11-14 05:24:02 [INFO] CrateSpawner: Added to pending list for ConfigUniqueID 'DefaultDynamicEvent_Example1'. New pending count: 1
2025-11-14 05:24:02 [INFO] CrateSpawner: Sending spawn warning for 'BS_Hacked_Crate' at Airfield
2025-11-14 05:24:02 [INFO] CrateSpawner: Added to pending list for ConfigUniqueID 'DefaultDynamicEvent_Example1'. New pending count: 2
2025-11-14 05:24:02 [INFO] CrateSpawner: ------------- Finished INITIAL DYNAMIC Spawn Pass -------------
2025-11-14 05:34:02 [INFO] SpawnCrateAfterWarning: Timer finished. Spawning crate BS_Hacked_Crate. Removed from pending list. New pending count: 1
2025-11-14 05:34:02 [INFO] Inventory for BS_Hacked_Crate LOCKED. IsOpen: false LootAccessActionDone: false
2025-11-14 05:34:02 [INFO] HackedCrate_Base (BS_Hacked_Crate): Instance specific CrateSettings assigned. ConfigUniqueID: DefaultDynamicEvent_Example1
2025-11-14 05:34:02 [INFO] CrateSpawner: Standard Notification RPC sent. Key: #STR_BSHC_Notification_Spawn_Located
2025-11-14 05:34:02 [INFO] [SpawnAIAroundCrate] Spawning 1 AI(s) next to the crate.
2025-11-14 05:34:02 [INFO] [SpawnAIAroundCrate] Successfully spawned ZmbM_SoldierNormal at <4562.010742, 317.992218, 8345.826172>
2025-11-14 05:34:02 [INFO] SpawnCrateAfterWarning: Timer finished. Spawning crate BS_Hacked_Crate. Removed from pending list. New pending count: 0
2025-11-14 05:34:02 [INFO] Inventory for BS_Hacked_Crate LOCKED. IsOpen: false LootAccessActionDone: false
2025-11-14 05:34:02 [INFO] HackedCrate_Base (BS_Hacked_Crate): Instance specific CrateSettings assigned. ConfigUniqueID: DefaultDynamicEvent_Example1
2025-11-14 05:34:02 [INFO] CrateSpawner: Standard Notification RPC sent. Key: #STR_BSHC_Notification_Spawn_Located
2025-11-14 05:34:02 [INFO] [SpawnAIAroundCrate] Spawning 3 AI(s) next to the crate.
2025-11-14 05:34:02 [INFO] [SpawnAIAroundCrate] Successfully spawned ZmbM_SoldierNormal at <4746.544434, 339.000000, 10345.509766>
2025-11-14 05:34:02 [INFO] [SpawnAIAroundCrate] Successfully spawned ZmbM_SoldierNormal at <4736.330566, 338.989990, 10372.331055>
2025-11-14 05:34:02 [INFO] [SpawnAIAroundCrate] Successfully spawned ZmbM_SoldierNormal at <4719.309082, 338.990784, 10356.285156>
2025-11-14 05:34:02 [INFO] DeferredEEInitLogic: START for BS_Hacked_Crate<3015668>. m_LoadedExpansionMarkerUID (should be from OnStoreLoad) is ''. Current m_ExpansionMarkerUID (active) is ''
2025-11-14 05:34:02 [INFO] DeferredEEInitLogic: Settings acquired successfully for BS_Hacked_Crate<3015668>.
2025-11-14 05:34:02 [INFO] DeferredEEInitLogic: m_ExpansionMarkerUID is empty. Calling CreateExpansionMapMarker for BS_Hacked_Crate<3015668>.
2025-11-14 05:34:02 [INFO] EXP_DEBUG: Inside CreateExpansionMapMarker for BS_Hacked_Crate.UseExpansionMapMarker is true.
2025-11-14 05:34:02 [INFO] EXP_DEBUG: EXPANSIONMODNAVIGATION is NOT defined. No Expansion marker will be created.
2025-11-14 05:34:02 [INFO] DeferredEEInitLogic: AG DEBUG for BS_Hacked_Crate<3015668>
2025-11-14 05:34:02 [INFO] BSHC_AG_DEBUG: BSHC_CreateAdvancedGroupsMapMarker call.
2025-11-14 05:34:02 [INFO] BSHC_AG_DEBUG: Final Marker Name: '#STR_BSHC_HackedCrate_DisplayName'
2025-11-14 05:34:02 [INFO] BSHC_AG_DEBUG: Trying to create AG marker with name: #STR_BSHC_HackedCrate_DisplayName, Pos: <4553.689941, 317.975006, 8352.099609>, Icon: BS_HackedCrate/gui/iconcrate.paa, Color: -65536, ShowOnMap: true, ShowInWorld: true
2025-11-14 05:34:02 [INFO] BSHC_AG_DEBUG: LBStaticMarkerManager.Get is accessible.
2025-11-14 05:34:02 [INFO] BSHC_AG_DEBUG: Created AG marker (UID: 2089679135) for BS_Hacked_Crate
2025-11-14 05:34:02 [INFO] DeferredEEInitLogic: Final m_LootAccessActionDone for BS_Hacked_Crate<3015668> is: false
2025-11-14 05:34:02 [INFO] Inventory for BS_Hacked_Crate LOCKED. IsOpen: false LootAccessActionDone: false
2025-11-14 05:34:02 [INFO] DeferredEEInitLogic: FINISHED for BS_Hacked_Crate<3015668>
2025-11-14 05:34:02 [INFO] DeferredEEInitLogic: START for BS_Hacked_Crate<3015670>. m_LoadedExpansionMarkerUID (should be from OnStoreLoad) is ''. Current m_ExpansionMarkerUID (active) is ''
2025-11-14 05:34:02 [INFO] DeferredEEInitLogic: Settings acquired successfully for BS_Hacked_Crate<3015670>.
2025-11-14 05:34:02 [INFO] DeferredEEInitLogic: m_ExpansionMarkerUID is empty. Calling CreateExpansionMapMarker for BS_Hacked_Crate<3015670>.
2025-11-14 05:34:02 [INFO] EXP_DEBUG: Inside CreateExpansionMapMarker for BS_Hacked_Crate.UseExpansionMapMarker is true.
2025-11-14 05:34:02 [INFO] EXP_DEBUG: EXPANSIONMODNAVIGATION is NOT defined. No Expansion marker will be created.
2025-11-14 05:34:02 [INFO] DeferredEEInitLogic: AG DEBUG for BS_Hacked_Crate<3015670>
2025-11-14 05:34:02 [INFO] BSHC_AG_DEBUG: BSHC_CreateAdvancedGroupsMapMarker call.
2025-11-14 05:34:02 [INFO] BSHC_AG_DEBUG: Final Marker Name: '#STR_BSHC_HackedCrate_DisplayName'
2025-11-14 05:34:02 [INFO] BSHC_AG_DEBUG: Trying to create AG marker with name: #STR_BSHC_HackedCrate_DisplayName, Pos: <4732.430176, 338.968994, 10350.200195>, Icon: BS_HackedCrate/gui/iconcrate.paa, Color: -65536, ShowOnMap: true, ShowInWorld: true
2025-11-14 05:34:02 [INFO] BSHC_AG_DEBUG: LBStaticMarkerManager.Get is accessible.
2025-11-14 05:34:02 [INFO] BSHC_AG_DEBUG: Created AG marker (UID: 126095300) for BS_Hacked_Crate
2025-11-14 05:34:02 [INFO] DeferredEEInitLogic: Final m_LootAccessActionDone for BS_Hacked_Crate<3015670> is: false
2025-11-14 05:34:02 [INFO] Inventory for BS_Hacked_Crate LOCKED. IsOpen: false LootAccessActionDone: false
2025-11-14 05:34:02 [INFO] DeferredEEInitLogic: FINISHED for BS_Hacked_Crate<3015670>
2025-11-14 06:18:42 [INFO] --------------------------------------------------------------------------
2025-11-14 06:18:42 [INFO] OnCrateSpawnTickPeriodic - Management Tick received. Evaluating individual crate configs...
2025-11-14 06:18:42 [INFO] --------------------------------------------------------------------------
2025-11-14 06:18:42 [INFO] Config 'DefaultDynamicEvent_Example1' is due for a check. Processing...
2025-11-14 06:18:42 [INFO] CrateSpawner: Processing ConfigUniqueID: 'DefaultDynamicEvent_Example1' (CrateType: 'BS_Hacked_Crate')
2025-11-14 06:18:42 [INFO] CrateSpawner: Skipping ConfigUniqueID 'DefaultDynamicEvent_Example1'. Players required: 1, Current: 0
2025-11-14 06:18:42 [INFO] OnCrateSpawnTickPeriodic - Management Tick finished. Next check in 3600 seconds.
2025-11-14 07:18:42 [INFO] --------------------------------------------------------------------------
2025-11-14 07:18:42 [INFO] OnCrateSpawnTickPeriodic - Management Tick received. Evaluating individual crate configs...
2025-11-14 07:18:42 [INFO] --------------------------------------------------------------------------
2025-11-14 07:18:42 [INFO] Config 'DefaultDynamicEvent_Example1' is due for a check. Processing...
2025-11-14 07:18:42 [INFO] CrateSpawner: Processing ConfigUniqueID: 'DefaultDynamicEvent_Example1' (CrateType: 'BS_Hacked_Crate')
2025-11-14 07:18:42 [INFO] CrateSpawner: Skipping ConfigUniqueID 'DefaultDynamicEvent_Example1'. Players required: 1, Current: 0
2025-11-14 07:18:42 [INFO] OnCrateSpawnTickPeriodic - Management Tick finished. Next check in 3600 seconds.
2025-11-14 08:18:42 [INFO] --------------------------------------------------------------------------
2025-11-14 08:18:42 [INFO] OnCrateSpawnTickPeriodic - Management Tick received. Evaluating individual crate configs...
2025-11-14 08:18:42 [INFO] --------------------------------------------------------------------------
2025-11-14 08:18:42 [INFO] OnCrateSpawnTickPeriodic - Management Tick finished. Next check in 3600 seconds.
2025-11-14 09:18:42 [INFO] --------------------------------------------------------------------------
2025-11-14 09:18:42 [INFO] OnCrateSpawnTickPeriodic - Management Tick received. Evaluating individual crate configs...
2025-11-14 09:18:42 [INFO] --------------------------------------------------------------------------
2025-11-14 09:18:42 [INFO] Config 'DefaultDynamicEvent_Example1' is due for a check. Processing...
2025-11-14 09:18:42 [INFO] CrateSpawner: Processing ConfigUniqueID: 'DefaultDynamicEvent_Example1' (CrateType: 'BS_Hacked_Crate')
2025-11-14 09:18:42 [INFO] CrateSpawner: Skipping ConfigUniqueID 'DefaultDynamicEvent_Example1'. Players required: 1, Current: 0
2025-11-14 09:18:42 [INFO] OnCrateSpawnTickPeriodic - Management Tick finished. Next check in 3600 seconds.
2025-11-14 10:18:42 [INFO] --------------------------------------------------------------------------
2025-11-14 10:18:42 [INFO] OnCrateSpawnTickPeriodic - Management Tick received. Evaluating individual crate configs...
2025-11-14 10:18:42 [INFO] --------------------------------------------------------------------------
2025-11-14 10:18:42 [INFO] Config 'DefaultDynamicEvent_Example1' is due for a check. Processing...
2025-11-14 10:18:42 [INFO] CrateSpawner: Processing ConfigUniqueID: 'DefaultDynamicEvent_Example1' (CrateType: 'BS_Hacked_Crate')
2025-11-14 10:18:42 [INFO] CrateSpawner: Skipping ConfigUniqueID 'DefaultDynamicEvent_Example1'. Players required: 1, Current: 0
2025-11-14 10:18:42 [INFO] OnCrateSpawnTickPeriodic - Management Tick finished. Next check in 3600 seconds.
2025-11-14 11:18:42 [INFO] --------------------------------------------------------------------------
2025-11-14 11:18:42 [INFO] OnCrateSpawnTickPeriodic - Management Tick received. Evaluating individual crate configs...
2025-11-14 11:18:42 [INFO] --------------------------------------------------------------------------
2025-11-14 11:18:42 [INFO] Config 'DefaultDynamicEvent_Example1' is due for a check. Processing...
2025-11-14 11:18:42 [INFO] CrateSpawner: Processing ConfigUniqueID: 'DefaultDynamicEvent_Example1' (CrateType: 'BS_Hacked_Crate')
2025-11-14 11:18:42 [INFO] CrateSpawner: Skipping ConfigUniqueID 'DefaultDynamicEvent_Example1'. Players required: 1, Current: 0
2025-11-14 11:18:42 [INFO] OnCrateSpawnTickPeriodic - Management Tick finished. Next check in 3600 seconds.
2025-11-14 12:18:42 [INFO] --------------------------------------------------------------------------
2025-11-14 12:18:42 [INFO] OnCrateSpawnTickPeriodic - Management Tick received. Evaluating individual crate configs...
2025-11-14 12:18:42 [INFO] --------------------------------------------------------------------------
2025-11-14 12:18:42 [INFO] Config 'DefaultDynamicEvent_Example1' is due for a check. Processing...
2025-11-14 12:18:42 [INFO] CrateSpawner: Processing ConfigUniqueID: 'DefaultDynamicEvent_Example1' (CrateType: 'BS_Hacked_Crate')
2025-11-14 12:18:42 [INFO] CrateSpawner: Skipping ConfigUniqueID 'DefaultDynamicEvent_Example1'. Players required: 1, Current: 0
2025-11-14 12:18:42 [INFO] OnCrateSpawnTickPeriodic - Management Tick finished. Next check in 3600 seconds.
2025-11-14 13:18:42 [INFO] --------------------------------------------------------------------------
2025-11-14 13:18:42 [INFO] OnCrateSpawnTickPeriodic - Management Tick received. Evaluating individual crate configs...
2025-11-14 13:18:42 [INFO] --------------------------------------------------------------------------
2025-11-14 13:18:42 [INFO] Config 'DefaultDynamicEvent_Example1' is due for a check. Processing...
2025-11-14 13:18:42 [INFO] CrateSpawner: Processing ConfigUniqueID: 'DefaultDynamicEvent_Example1' (CrateType: 'BS_Hacked_Crate')
2025-11-14 13:18:42 [INFO] CrateSpawner: Skipping ConfigUniqueID 'DefaultDynamicEvent_Example1'. Players required: 1, Current: 0
2025-11-14 13:18:42 [INFO] OnCrateSpawnTickPeriodic - Management Tick finished. Next check in 3600 seconds.
2025-11-14 14:18:42 [INFO] --------------------------------------------------------------------------
2025-11-14 14:18:42 [INFO] OnCrateSpawnTickPeriodic - Management Tick received. Evaluating individual crate configs...
2025-11-14 14:18:42 [INFO] --------------------------------------------------------------------------
2025-11-14 14:18:42 [INFO] Config 'DefaultDynamicEvent_Example1' is due for a check. Processing...
2025-11-14 14:18:42 [INFO] CrateSpawner: Processing ConfigUniqueID: 'DefaultDynamicEvent_Example1' (CrateType: 'BS_Hacked_Crate')
2025-11-14 14:18:42 [INFO] CrateSpawner: Skipping ConfigUniqueID 'DefaultDynamicEvent_Example1'. Players required: 1, Current: 0
2025-11-14 14:18:42 [INFO] OnCrateSpawnTickPeriodic - Management Tick finished. Next check in 3600 seconds.
2025-11-14 15:18:42 [INFO] --------------------------------------------------------------------------
2025-11-14 15:18:42 [INFO] OnCrateSpawnTickPeriodic - Management Tick received. Evaluating individual crate configs...
2025-11-14 15:18:42 [INFO] --------------------------------------------------------------------------
2025-11-14 15:18:42 [INFO] Config 'DefaultDynamicEvent_Example1' is due for a check. Processing...
2025-11-14 15:18:42 [INFO] CrateSpawner: Processing ConfigUniqueID: 'DefaultDynamicEvent_Example1' (CrateType: 'BS_Hacked_Crate')
2025-11-14 15:18:42 [INFO] CrateSpawner: Skipping ConfigUniqueID 'DefaultDynamicEvent_Example1'. Players required: 1, Current: 0
2025-11-14 15:18:42 [INFO] OnCrateSpawnTickPeriodic - Management Tick finished. Next check in 3600 seconds.
2025-11-14 16:18:42 [INFO] --------------------------------------------------------------------------
2025-11-14 16:18:42 [INFO] OnCrateSpawnTickPeriodic - Management Tick received. Evaluating individual crate configs...
2025-11-14 16:18:42 [INFO] --------------------------------------------------------------------------
2025-11-14 16:18:42 [INFO] Config 'DefaultDynamicEvent_Example1' is due for a check. Processing...
2025-11-14 16:18:42 [INFO] CrateSpawner: Processing ConfigUniqueID: 'DefaultDynamicEvent_Example1' (CrateType: 'BS_Hacked_Crate')
2025-11-14 16:18:42 [INFO] CrateSpawner: Skipping ConfigUniqueID 'DefaultDynamicEvent_Example1'. Players required: 1, Current: 0
2025-11-14 16:18:42 [INFO] OnCrateSpawnTickPeriodic - Management Tick finished. Next check in 3600 seconds.
2025-11-14 17:18:42 [INFO] --------------------------------------------------------------------------
2025-11-14 17:18:42 [INFO] OnCrateSpawnTickPeriodic - Management Tick received. Evaluating individual crate configs...
2025-11-14 17:18:42 [INFO] --------------------------------------------------------------------------
2025-11-14 17:18:42 [INFO] Config 'DefaultDynamicEvent_Example1' is due for a check. Processing...
2025-11-14 17:18:42 [INFO] CrateSpawner: Processing ConfigUniqueID: 'DefaultDynamicEvent_Example1' (CrateType: 'BS_Hacked_Crate')
2025-11-14 17:18:42 [INFO] CrateSpawner: Skipping ConfigUniqueID 'DefaultDynamicEvent_Example1'. Players required: 1, Current: 0
2025-11-14 17:18:42 [INFO] OnCrateSpawnTickPeriodic - Management Tick finished. Next check in 3600 seconds.
2025-11-14 18:18:42 [INFO] --------------------------------------------------------------------------
2025-11-14 18:18:42 [INFO] OnCrateSpawnTickPeriodic - Management Tick received. Evaluating individual crate configs...
2025-11-14 18:18:42 [INFO] --------------------------------------------------------------------------
2025-11-14 18:18:42 [INFO] Config 'DefaultDynamicEvent_Example1' is due for a check. Processing...
2025-11-14 18:18:42 [INFO] CrateSpawner: Processing ConfigUniqueID: 'DefaultDynamicEvent_Example1' (CrateType: 'BS_Hacked_Crate')
2025-11-14 18:18:42 [INFO] CrateSpawner: Skipping ConfigUniqueID 'DefaultDynamicEvent_Example1'. Players required: 1, Current: 0
2025-11-14 18:18:42 [INFO] OnCrateSpawnTickPeriodic - Management Tick finished. Next check in 3600 seconds.
2025-11-14 19:18:42 [INFO] --------------------------------------------------------------------------
2025-11-14 19:18:42 [INFO] OnCrateSpawnTickPeriodic - Management Tick received. Evaluating individual crate configs...
2025-11-14 19:18:42 [INFO] --------------------------------------------------------------------------
2025-11-14 19:18:42 [INFO] Config 'DefaultDynamicEvent_Example1' is due for a check. Processing...
2025-11-14 19:18:42 [INFO] CrateSpawner: Processing ConfigUniqueID: 'DefaultDynamicEvent_Example1' (CrateType: 'BS_Hacked_Crate')
2025-11-14 19:18:42 [INFO] CrateSpawner: Skipping ConfigUniqueID 'DefaultDynamicEvent_Example1'. Players required: 1, Current: 0
2025-11-14 19:18:42 [INFO] OnCrateSpawnTickPeriodic - Management Tick finished. Next check in 3600 seconds.
2025-11-14 20:18:42 [INFO] --------------------------------------------------------------------------
2025-11-14 20:18:42 [INFO] OnCrateSpawnTickPeriodic - Management Tick received. Evaluating individual crate configs...
2025-11-14 20:18:42 [INFO] --------------------------------------------------------------------------
2025-11-14 20:18:42 [INFO] Config 'DefaultDynamicEvent_Example1' is due for a check. Processing...
2025-11-14 20:18:42 [INFO] CrateSpawner: Processing ConfigUniqueID: 'DefaultDynamicEvent_Example1' (CrateType: 'BS_Hacked_Crate')
2025-11-14 20:18:42 [INFO] CrateSpawner: Skipping ConfigUniqueID 'DefaultDynamicEvent_Example1'. Players required: 1, Current: 0
2025-11-14 20:18:42 [INFO] OnCrateSpawnTickPeriodic - Management Tick finished. Next check in 3600 seconds.
2025-11-14 21:18:42 [INFO] --------------------------------------------------------------------------
2025-11-14 21:18:42 [INFO] OnCrateSpawnTickPeriodic - Management Tick received. Evaluating individual crate configs...
2025-11-14 21:18:42 [INFO] --------------------------------------------------------------------------
2025-11-14 21:18:42 [INFO] Config 'DefaultDynamicEvent_Example1' is due for a check. Processing...
2025-11-14 21:18:42 [INFO] CrateSpawner: Processing ConfigUniqueID: 'DefaultDynamicEvent_Example1' (CrateType: 'BS_Hacked_Crate')
2025-11-14 21:18:42 [INFO] CrateSpawner: Skipping ConfigUniqueID 'DefaultDynamicEvent_Example1'. Players required: 1, Current: 0
2025-11-14 21:18:42 [INFO] OnCrateSpawnTickPeriodic - Management Tick finished. Next check in 3600 seconds.
2025-11-14 22:18:42 [INFO] --------------------------------------------------------------------------
2025-11-14 22:18:42 [INFO] OnCrateSpawnTickPeriodic - Management Tick received. Evaluating individual crate configs...
2025-11-14 22:18:42 [INFO] --------------------------------------------------------------------------
2025-11-14 22:18:42 [INFO] Config 'DefaultDynamicEvent_Example1' is due for a check. Processing...
2025-11-14 22:18:42 [INFO] CrateSpawner: Processing ConfigUniqueID: 'DefaultDynamicEvent_Example1' (CrateType: 'BS_Hacked_Crate')
2025-11-14 22:18:42 [INFO] CrateSpawner: Skipping ConfigUniqueID 'DefaultDynamicEvent_Example1'. Players required: 1, Current: 0
2025-11-14 22:18:42 [INFO] OnCrateSpawnTickPeriodic - Management Tick finished. Next check in 3600 seconds.
2025-11-14 23:18:42 [INFO] --------------------------------------------------------------------------
2025-11-14 23:18:42 [INFO] OnCrateSpawnTickPeriodic - Management Tick received. Evaluating individual crate configs...
2025-11-14 23:18:42 [INFO] --------------------------------------------------------------------------
2025-11-14 23:18:42 [INFO] Config 'DefaultDynamicEvent_Example1' is due for a check. Processing...
2025-11-14 23:18:42 [INFO] CrateSpawner: Processing ConfigUniqueID: 'DefaultDynamicEvent_Example1' (CrateType: 'BS_Hacked_Crate')
2025-11-14 23:18:42 [INFO] CrateSpawner: Skipping ConfigUniqueID 'DefaultDynamicEvent_Example1'. Players required: 1, Current: 0
2025-11-14 23:18:42 [INFO] OnCrateSpawnTickPeriodic - Management Tick finished. Next check in 3600 seconds.
2025-11-15 00:18:42 [INFO] --------------------------------------------------------------------------
2025-11-15 00:18:42 [INFO] OnCrateSpawnTickPeriodic - Management Tick received. Evaluating individual crate configs...
2025-11-15 00:18:42 [INFO] --------------------------------------------------------------------------
2025-11-15 00:18:42 [INFO] Config 'DefaultDynamicEvent_Example1' is due for a check. Processing...
2025-11-15 00:18:42 [INFO] CrateSpawner: Processing ConfigUniqueID: 'DefaultDynamicEvent_Example1' (CrateType: 'BS_Hacked_Crate')
2025-11-15 00:18:42 [INFO] CrateSpawner: Skipping ConfigUniqueID 'DefaultDynamicEvent_Example1'. Players required: 1, Current: 0
2025-11-15 00:18:42 [INFO] OnCrateSpawnTickPeriodic - Management Tick finished. Next check in 3600 seconds.
2025-11-15 01:18:42 [INFO] --------------------------------------------------------------------------
2025-11-15 01:18:42 [INFO] OnCrateSpawnTickPeriodic - Management Tick received. Evaluating individual crate configs...
2025-11-15 01:18:42 [INFO] --------------------------------------------------------------------------
2025-11-15 01:18:42 [INFO] Config 'DefaultDynamicEvent_Example1' is due for a check. Processing...
2025-11-15 01:18:42 [INFO] CrateSpawner: Processing ConfigUniqueID: 'DefaultDynamicEvent_Example1' (CrateType: 'BS_Hacked_Crate')
2025-11-15 01:18:42 [INFO] CrateSpawner: Skipping ConfigUniqueID 'DefaultDynamicEvent_Example1'. Players required: 1, Current: 0
2025-11-15 01:18:42 [INFO] OnCrateSpawnTickPeriodic - Management Tick finished. Next check in 3600 seconds.
2025-11-15 02:18:42 [INFO] --------------------------------------------------------------------------
2025-11-15 02:18:42 [INFO] OnCrateSpawnTickPeriodic - Management Tick received. Evaluating individual crate configs...
2025-11-15 02:18:42 [INFO] --------------------------------------------------------------------------
2025-11-15 02:18:42 [INFO] Config 'DefaultDynamicEvent_Example1' is due for a check. Processing...
2025-11-15 02:18:42 [INFO] CrateSpawner: Processing ConfigUniqueID: 'DefaultDynamicEvent_Example1' (CrateType: 'BS_Hacked_Crate')
2025-11-15 02:18:42 [INFO] CrateSpawner: Skipping ConfigUniqueID 'DefaultDynamicEvent_Example1'. Players required: 1, Current: 0
2025-11-15 02:18:42 [INFO] OnCrateSpawnTickPeriodic - Management Tick finished. Next check in 3600 seconds.
2025-11-15 03:18:42 [INFO] --------------------------------------------------------------------------
2025-11-15 03:18:42 [INFO] OnCrateSpawnTickPeriodic - Management Tick received. Evaluating individual crate configs...
2025-11-15 03:18:42 [INFO] --------------------------------------------------------------------------
2025-11-15 03:18:42 [INFO] Config 'DefaultDynamicEvent_Example1' is due for a check. Processing...
2025-11-15 03:18:42 [INFO] CrateSpawner: Processing ConfigUniqueID: 'DefaultDynamicEvent_Example1' (CrateType: 'BS_Hacked_Crate')
2025-11-15 03:18:42 [INFO] CrateSpawner: Skipping ConfigUniqueID 'DefaultDynamicEvent_Example1'. Players required: 1, Current: 0
2025-11-15 03:18:42 [INFO] OnCrateSpawnTickPeriodic - Management Tick finished. Next check in 3600 seconds.
2025-11-15 04:18:42 [INFO] --------------------------------------------------------------------------
2025-11-15 04:18:42 [INFO] OnCrateSpawnTickPeriodic - Management Tick received. Evaluating individual crate configs...
2025-11-15 04:18:42 [INFO] --------------------------------------------------------------------------
2025-11-15 04:18:42 [INFO] Config 'DefaultDynamicEvent_Example1' is due for a check. Processing...
2025-11-15 04:18:42 [INFO] CrateSpawner: Processing ConfigUniqueID: 'DefaultDynamicEvent_Example1' (CrateType: 'BS_Hacked_Crate')
2025-11-15 04:18:42 [INFO] CrateSpawner: Skipping ConfigUniqueID 'DefaultDynamicEvent_Example1'. Players required: 1, Current: 0
2025-11-15 04:18:42 [INFO] OnCrateSpawnTickPeriodic - Management Tick finished. Next check in 3600 seconds.
2025-11-15 05:18:42 [INFO] --------------------------------------------------------------------------
2025-11-15 05:18:42 [INFO] OnCrateSpawnTickPeriodic - Management Tick received. Evaluating individual crate configs...
2025-11-15 05:18:42 [INFO] --------------------------------------------------------------------------
2025-11-15 05:18:42 [INFO] Config 'DefaultDynamicEvent_Example1' is due for a check. Processing...
2025-11-15 05:18:42 [INFO] CrateSpawner: Processing ConfigUniqueID: 'DefaultDynamicEvent_Example1' (CrateType: 'BS_Hacked_Crate')
2025-11-15 05:18:42 [INFO] CrateSpawner: Skipping ConfigUniqueID 'DefaultDynamicEvent_Example1'. Players required: 1, Current: 0
2025-11-15 05:18:42 [INFO] OnCrateSpawnTickPeriodic - Management Tick finished. Next check in 3600 seconds.
2025-11-15 06:18:42 [INFO] --------------------------------------------------------------------------
2025-11-15 06:18:42 [INFO] OnCrateSpawnTickPeriodic - Management Tick received. Evaluating individual crate configs...
2025-11-15 06:18:42 [INFO] --------------------------------------------------------------------------
2025-11-15 06:18:42 [INFO] Config 'DefaultDynamicEvent_Example1' is due for a check. Processing...
2025-11-15 06:18:42 [INFO] CrateSpawner: Processing ConfigUniqueID: 'DefaultDynamicEvent_Example1' (CrateType: 'BS_Hacked_Crate')
2025-11-15 06:18:42 [INFO] CrateSpawner: Skipping ConfigUniqueID 'DefaultDynamicEvent_Example1'. Players required: 1, Current: 0
2025-11-15 06:18:42 [INFO] OnCrateSpawnTickPeriodic - Management Tick finished. Next check in 3600 seconds.
2025-11-15 07:18:42 [INFO] --------------------------------------------------------------------------
2025-11-15 07:18:42 [INFO] OnCrateSpawnTickPeriodic - Management Tick received. Evaluating individual crate configs...
2025-11-15 07:18:42 [INFO] --------------------------------------------------------------------------
2025-11-15 07:18:42 [INFO] Config 'DefaultDynamicEvent_Example1' is due for a check. Processing...
2025-11-15 07:18:42 [INFO] CrateSpawner: Processing ConfigUniqueID: 'DefaultDynamicEvent_Example1' (CrateType: 'BS_Hacked_Crate')
2025-11-15 07:18:42 [INFO] CrateSpawner: Skipping ConfigUniqueID 'DefaultDynamicEvent_Example1'. Players required: 1, Current: 0
2025-11-15 07:18:42 [INFO] OnCrateSpawnTickPeriodic - Management Tick finished. Next check in 3600 seconds.
2025-11-15 08:18:42 [INFO] --------------------------------------------------------------------------
2025-11-15 08:18:42 [INFO] OnCrateSpawnTickPeriodic - Management Tick received. Evaluating individual crate configs...
2025-11-15 08:18:42 [INFO] --------------------------------------------------------------------------
2025-11-15 08:18:42 [INFO] Config 'DefaultDynamicEvent_Example1' is due for a check. Processing...
2025-11-15 08:18:42 [INFO] CrateSpawner: Processing ConfigUniqueID: 'DefaultDynamicEvent_Example1' (CrateType: 'BS_Hacked_Crate')
2025-11-15 08:18:42 [INFO] CrateSpawner: Skipping ConfigUniqueID 'DefaultDynamicEvent_Example1'. Players required: 1, Current: 0
2025-11-15 08:18:42 [INFO] OnCrateSpawnTickPeriodic - Management Tick finished. Next check in 3600 seconds.
2025-11-15 09:18:42 [INFO] --------------------------------------------------------------------------
2025-11-15 09:18:42 [INFO] OnCrateSpawnTickPeriodic - Management Tick received. Evaluating individual crate configs...
2025-11-15 09:18:42 [INFO] --------------------------------------------------------------------------
2025-11-15 09:18:42 [INFO] Config 'DefaultDynamicEvent_Example1' is due for a check. Processing...
2025-11-15 09:18:42 [INFO] CrateSpawner: Processing ConfigUniqueID: 'DefaultDynamicEvent_Example1' (CrateType: 'BS_Hacked_Crate')
2025-11-15 09:18:42 [INFO] CrateSpawner: Skipping ConfigUniqueID 'DefaultDynamicEvent_Example1'. Players required: 1, Current: 0
2025-11-15 09:18:42 [INFO] OnCrateSpawnTickPeriodic - Management Tick finished. Next check in 3600 seconds.
2025-11-15 10:18:42 [INFO] --------------------------------------------------------------------------
2025-11-15 10:18:42 [INFO] OnCrateSpawnTickPeriodic - Management Tick received. Evaluating individual crate configs...
2025-11-15 10:18:42 [INFO] --------------------------------------------------------------------------
2025-11-15 10:18:42 [INFO] Config 'DefaultDynamicEvent_Example1' is due for a check. Processing...
2025-11-15 10:18:42 [INFO] CrateSpawner: Processing ConfigUniqueID: 'DefaultDynamicEvent_Example1' (CrateType: 'BS_Hacked_Crate')
2025-11-15 10:18:42 [INFO] CrateSpawner: Skipping ConfigUniqueID 'DefaultDynamicEvent_Example1'. Players required: 1, Current: 0
2025-11-15 10:18:42 [INFO] OnCrateSpawnTickPeriodic - Management Tick finished. Next check in 3600 seconds.
2025-11-15 11:18:42 [INFO] --------------------------------------------------------------------------
2025-11-15 11:18:42 [INFO] OnCrateSpawnTickPeriodic - Management Tick received. Evaluating individual crate configs...
2025-11-15 11:18:42 [INFO] --------------------------------------------------------------------------
2025-11-15 11:18:42 [INFO] Config 'DefaultDynamicEvent_Example1' is due for a check. Processing...
2025-11-15 11:18:42 [INFO] CrateSpawner: Processing ConfigUniqueID: 'DefaultDynamicEvent_Example1' (CrateType: 'BS_Hacked_Crate')
2025-11-15 11:18:42 [INFO] CrateSpawner: Skipping ConfigUniqueID 'DefaultDynamicEvent_Example1'. Players required: 1, Current: 0
2025-11-15 11:18:42 [INFO] OnCrateSpawnTickPeriodic - Management Tick finished. Next check in 3600 seconds.
2025-11-15 12:18:42 [INFO] --------------------------------------------------------------------------
2025-11-15 12:18:42 [INFO] OnCrateSpawnTickPeriodic - Management Tick received. Evaluating individual crate configs...
2025-11-15 12:18:42 [INFO] --------------------------------------------------------------------------
2025-11-15 12:18:42 [INFO] Config 'DefaultDynamicEvent_Example1' is due for a check. Processing...
2025-11-15 12:18:42 [INFO] CrateSpawner: Processing ConfigUniqueID: 'DefaultDynamicEvent_Example1' (CrateType: 'BS_Hacked_Crate')
2025-11-15 12:18:42 [INFO] CrateSpawner: Skipping ConfigUniqueID 'DefaultDynamicEvent_Example1'. Players required: 1, Current: 0
2025-11-15 12:18:42 [INFO] OnCrateSpawnTickPeriodic - Management Tick finished. Next check in 3600 seconds.
2025-11-15 13:18:42 [INFO] --------------------------------------------------------------------------
2025-11-15 13:18:42 [INFO] OnCrateSpawnTickPeriodic - Management Tick received. Evaluating individual crate configs...
2025-11-15 13:18:42 [INFO] --------------------------------------------------------------------------
2025-11-15 13:18:42 [INFO] Config 'DefaultDynamicEvent_Example1' is due for a check. Processing...
2025-11-15 13:18:42 [INFO] CrateSpawner: Processing ConfigUniqueID: 'DefaultDynamicEvent_Example1' (CrateType: 'BS_Hacked_Crate')
2025-11-15 13:18:42 [INFO] CrateSpawner: Skipping ConfigUniqueID 'DefaultDynamicEvent_Example1'. Players required: 1, Current: 0
2025-11-15 13:18:42 [INFO] OnCrateSpawnTickPeriodic - Management Tick finished. Next check in 3600 seconds.
2025-11-15 14:18:42 [INFO] --------------------------------------------------------------------------
2025-11-15 14:18:42 [INFO] OnCrateSpawnTickPeriodic - Management Tick received. Evaluating individual crate configs...
2025-11-15 14:18:42 [INFO] --------------------------------------------------------------------------
2025-11-15 14:18:42 [INFO] Config 'DefaultDynamicEvent_Example1' is due for a check. Processing...
2025-11-15 14:18:42 [INFO] CrateSpawner: Processing ConfigUniqueID: 'DefaultDynamicEvent_Example1' (CrateType: 'BS_Hacked_Crate')
2025-11-15 14:18:42 [INFO] CrateSpawner: Skipping ConfigUniqueID 'DefaultDynamicEvent_Example1'. Players required: 1, Current: 0
2025-11-15 14:18:42 [INFO] OnCrateSpawnTickPeriodic - Management Tick finished. Next check in 3600 seconds.
2025-11-15 15:18:42 [INFO] --------------------------------------------------------------------------
2025-11-15 15:18:42 [INFO] OnCrateSpawnTickPeriodic - Management Tick received. Evaluating individual crate configs...
2025-11-15 15:18:42 [INFO] --------------------------------------------------------------------------
2025-11-15 15:18:42 [INFO] Config 'DefaultDynamicEvent_Example1' is due for a check. Processing...
2025-11-15 15:18:42 [INFO] CrateSpawner: Processing ConfigUniqueID: 'DefaultDynamicEvent_Example1' (CrateType: 'BS_Hacked_Crate')
2025-11-15 15:18:42 [INFO] CrateSpawner: Skipping ConfigUniqueID 'DefaultDynamicEvent_Example1'. Players required: 1, Current: 0
2025-11-15 15:18:42 [INFO] OnCrateSpawnTickPeriodic - Management Tick finished. Next check in 3600 seconds.
2025-11-15 16:18:42 [INFO] --------------------------------------------------------------------------
2025-11-15 16:18:42 [INFO] OnCrateSpawnTickPeriodic - Management Tick received. Evaluating individual crate configs...
2025-11-15 16:18:42 [INFO] --------------------------------------------------------------------------
2025-11-15 16:18:42 [INFO] Config 'DefaultDynamicEvent_Example1' is due for a check. Processing...
2025-11-15 16:18:42 [INFO] CrateSpawner: Processing ConfigUniqueID: 'DefaultDynamicEvent_Example1' (CrateType: 'BS_Hacked_Crate')
2025-11-15 16:18:42 [INFO] CrateSpawner: Skipping ConfigUniqueID 'DefaultDynamicEvent_Example1'. Players required: 1, Current: 0
2025-11-15 16:18:42 [INFO] OnCrateSpawnTickPeriodic - Management Tick finished. Next check in 3600 seconds.
2025-11-15 17:18:42 [INFO] --------------------------------------------------------------------------
2025-11-15 17:18:42 [INFO] OnCrateSpawnTickPeriodic - Management Tick received. Evaluating individual crate configs...
2025-11-15 17:18:42 [INFO] --------------------------------------------------------------------------
2025-11-15 17:18:42 [INFO] Config 'DefaultDynamicEvent_Example1' is due for a check. Processing...
2025-11-15 17:18:42 [INFO] CrateSpawner: Processing ConfigUniqueID: 'DefaultDynamicEvent_Example1' (CrateType: 'BS_Hacked_Crate')
2025-11-15 17:18:42 [INFO] CrateSpawner: Skipping ConfigUniqueID 'DefaultDynamicEvent_Example1'. Players required: 1, Current: 0
2025-11-15 17:18:42 [INFO] OnCrateSpawnTickPeriodic - Management Tick finished. Next check in 3600 seconds.
2025-11-15 18:18:42 [INFO] --------------------------------------------------------------------------
2025-11-15 18:18:42 [INFO] OnCrateSpawnTickPeriodic - Management Tick received. Evaluating individual crate configs...
2025-11-15 18:18:42 [INFO] --------------------------------------------------------------------------
2025-11-15 18:18:42 [INFO] Config 'DefaultDynamicEvent_Example1' is due for a check. Processing...
2025-11-15 18:18:42 [INFO] CrateSpawner: Processing ConfigUniqueID: 'DefaultDynamicEvent_Example1' (CrateType: 'BS_Hacked_Crate')
2025-11-15 18:18:42 [INFO] CrateSpawner: Skipping ConfigUniqueID 'DefaultDynamicEvent_Example1'. Players required: 1, Current: 0
2025-11-15 18:18:42 [INFO] OnCrateSpawnTickPeriodic - Management Tick finished. Next check in 3600 seconds.
2025-11-15 19:18:42 [INFO] --------------------------------------------------------------------------
2025-11-15 19:18:42 [INFO] OnCrateSpawnTickPeriodic - Management Tick received. Evaluating individual crate configs...
2025-11-15 19:18:42 [INFO] --------------------------------------------------------------------------
2025-11-15 19:18:42 [INFO] Config 'DefaultDynamicEvent_Example1' is due for a check. Processing...
2025-11-15 19:18:42 [INFO] CrateSpawner: Processing ConfigUniqueID: 'DefaultDynamicEvent_Example1' (CrateType: 'BS_Hacked_Crate')
2025-11-15 19:18:42 [INFO] CrateSpawner: Skipping ConfigUniqueID 'DefaultDynamicEvent_Example1'. Players required: 1, Current: 0
2025-11-15 19:18:42 [INFO] OnCrateSpawnTickPeriodic - Management Tick finished. Next check in 3600 seconds.
2025-11-15 20:18:42 [INFO] --------------------------------------------------------------------------
2025-11-15 20:18:42 [INFO] OnCrateSpawnTickPeriodic - Management Tick received. Evaluating individual crate configs...
2025-11-15 20:18:42 [INFO] --------------------------------------------------------------------------
2025-11-15 20:18:42 [INFO] Config 'DefaultDynamicEvent_Example1' is due for a check. Processing...
2025-11-15 20:18:42 [INFO] CrateSpawner: Processing ConfigUniqueID: 'DefaultDynamicEvent_Example1' (CrateType: 'BS_Hacked_Crate')
2025-11-15 20:18:42 [INFO] CrateSpawner: Skipping ConfigUniqueID 'DefaultDynamicEvent_Example1'. Players required: 1, Current: 0
2025-11-15 20:18:42 [INFO] OnCrateSpawnTickPeriodic - Management Tick finished. Next check in 3600 seconds.
2025-11-15 21:18:42 [INFO] --------------------------------------------------------------------------
2025-11-15 21:18:42 [INFO] OnCrateSpawnTickPeriodic - Management Tick received. Evaluating individual crate configs...
2025-11-15 21:18:42 [INFO] --------------------------------------------------------------------------
2025-11-15 21:18:42 [INFO] Config 'DefaultDynamicEvent_Example1' is due for a check. Processing...
2025-11-15 21:18:42 [INFO] CrateSpawner: Processing ConfigUniqueID: 'DefaultDynamicEvent_Example1' (CrateType: 'BS_Hacked_Crate')
2025-11-15 21:18:42 [INFO] CrateSpawner: Skipping ConfigUniqueID 'DefaultDynamicEvent_Example1'. Players required: 1, Current: 0
2025-11-15 21:18:42 [INFO] OnCrateSpawnTickPeriodic - Management Tick finished. Next check in 3600 seconds.
2025-11-15 22:18:42 [INFO] --------------------------------------------------------------------------
2025-11-15 22:18:42 [INFO] OnCrateSpawnTickPeriodic - Management Tick received. Evaluating individual crate configs...
2025-11-15 22:18:42 [INFO] --------------------------------------------------------------------------
2025-11-15 22:18:42 [INFO] Config 'DefaultDynamicEvent_Example1' is due for a check. Processing...
2025-11-15 22:18:42 [INFO] CrateSpawner: Processing ConfigUniqueID: 'DefaultDynamicEvent_Example1' (CrateType: 'BS_Hacked_Crate')
2025-11-15 22:18:42 [INFO] CrateSpawner: Skipping ConfigUniqueID 'DefaultDynamicEvent_Example1'. Players required: 1, Current: 0
2025-11-15 22:18:42 [INFO] OnCrateSpawnTickPeriodic - Management Tick finished. Next check in 3600 seconds.
2025-11-15 23:18:42 [INFO] --------------------------------------------------------------------------
2025-11-15 23:18:42 [INFO] OnCrateSpawnTickPeriodic - Management Tick received. Evaluating individual crate configs...
2025-11-15 23:18:42 [INFO] --------------------------------------------------------------------------
2025-11-15 23:18:42 [INFO] Config 'DefaultDynamicEvent_Example1' is due for a check. Processing...
2025-11-15 23:18:42 [INFO] CrateSpawner: Processing ConfigUniqueID: 'DefaultDynamicEvent_Example1' (CrateType: 'BS_Hacked_Crate')
2025-11-15 23:18:42 [INFO] CrateSpawner: Skipping ConfigUniqueID 'DefaultDynamicEvent_Example1'. Players required: 1, Current: 0
2025-11-15 23:18:42 [INFO] OnCrateSpawnTickPeriodic - Management Tick finished. Next check in 3600 seconds.
2025-11-16 00:18:42 [INFO] --------------------------------------------------------------------------
2025-11-16 00:18:42 [INFO] OnCrateSpawnTickPeriodic - Management Tick received. Evaluating individual crate configs...
2025-11-16 00:18:42 [INFO] --------------------------------------------------------------------------
2025-11-16 00:18:42 [INFO] Config 'DefaultDynamicEvent_Example1' is due for a check. Processing...
2025-11-16 00:18:42 [INFO] CrateSpawner: Processing ConfigUniqueID: 'DefaultDynamicEvent_Example1' (CrateType: 'BS_Hacked_Crate')
2025-11-16 00:18:42 [INFO] CrateSpawner: Skipping ConfigUniqueID 'DefaultDynamicEvent_Example1'. Players required: 1, Current: 0
2025-11-16 00:18:42 [INFO] OnCrateSpawnTickPeriodic - Management Tick finished. Next check in 3600 seconds.
2025-11-16 01:18:42 [INFO] --------------------------------------------------------------------------
2025-11-16 01:18:42 [INFO] OnCrateSpawnTickPeriodic - Management Tick received. Evaluating individual crate configs...
2025-11-16 01:18:42 [INFO] --------------------------------------------------------------------------
2025-11-16 01:18:42 [INFO] Config 'DefaultDynamicEvent_Example1' is due for a check. Processing...
2025-11-16 01:18:42 [INFO] CrateSpawner: Processing ConfigUniqueID: 'DefaultDynamicEvent_Example1' (CrateType: 'BS_Hacked_Crate')
2025-11-16 01:18:42 [INFO] CrateSpawner: Skipping ConfigUniqueID 'DefaultDynamicEvent_Example1'. Players required: 1, Current: 0
2025-11-16 01:18:42 [INFO] OnCrateSpawnTickPeriodic - Management Tick finished. Next check in 3600 seconds.
2025-11-16 02:18:42 [INFO] --------------------------------------------------------------------------
2025-11-16 02:18:42 [INFO] OnCrateSpawnTickPeriodic - Management Tick received. Evaluating individual crate configs...
2025-11-16 02:18:42 [INFO] --------------------------------------------------------------------------
2025-11-16 02:18:42 [INFO] Config 'DefaultDynamicEvent_Example1' is due for a check. Processing...
2025-11-16 02:18:42 [INFO] CrateSpawner: Processing ConfigUniqueID: 'DefaultDynamicEvent_Example1' (CrateType: 'BS_Hacked_Crate')
2025-11-16 02:18:42 [INFO] CrateSpawner: Skipping ConfigUniqueID 'DefaultDynamicEvent_Example1'. Players required: 1, Current: 0
2025-11-16 02:18:42 [INFO] OnCrateSpawnTickPeriodic - Management Tick finished. Next check in 3600 seconds.
2025-11-16 03:18:42 [INFO] --------------------------------------------------------------------------
2025-11-16 03:18:42 [INFO] OnCrateSpawnTickPeriodic - Management Tick received. Evaluating individual crate configs...
2025-11-16 03:18:42 [INFO] --------------------------------------------------------------------------
2025-11-16 03:18:42 [INFO] Config 'DefaultDynamicEvent_Example1' is due for a check. Processing...
2025-11-16 03:18:42 [INFO] CrateSpawner: Processing ConfigUniqueID: 'DefaultDynamicEvent_Example1' (CrateType: 'BS_Hacked_Crate')
2025-11-16 03:18:42 [INFO] CrateSpawner: Skipping ConfigUniqueID 'DefaultDynamicEvent_Example1'. Players required: 1, Current: 0
2025-11-16 03:18:42 [INFO] OnCrateSpawnTickPeriodic - Management Tick finished. Next check in 3600 seconds.
2025-11-16 04:18:42 [INFO] --------------------------------------------------------------------------
2025-11-16 04:18:42 [INFO] OnCrateSpawnTickPeriodic - Management Tick received. Evaluating individual crate configs...
2025-11-16 04:18:42 [INFO] --------------------------------------------------------------------------
2025-11-16 04:18:42 [INFO] Config 'DefaultDynamicEvent_Example1' is due for a check. Processing...
2025-11-16 04:18:42 [INFO] CrateSpawner: Processing ConfigUniqueID: 'DefaultDynamicEvent_Example1' (CrateType: 'BS_Hacked_Crate')
2025-11-16 04:18:42 [INFO] CrateSpawner: Skipping ConfigUniqueID 'DefaultDynamicEvent_Example1'. Players required: 1, Current: 0
2025-11-16 04:18:42 [INFO] OnCrateSpawnTickPeriodic - Management Tick finished. Next check in 3600 seconds.
2025-11-16 05:18:42 [INFO] --------------------------------------------------------------------------
2025-11-16 05:18:42 [INFO] OnCrateSpawnTickPeriodic - Management Tick received. Evaluating individual crate configs...
2025-11-16 05:18:42 [INFO] --------------------------------------------------------------------------
2025-11-16 05:18:42 [INFO] Config 'DefaultDynamicEvent_Example1' is due for a check. Processing...
2025-11-16 05:18:42 [INFO] CrateSpawner: Processing ConfigUniqueID: 'DefaultDynamicEvent_Example1' (CrateType: 'BS_Hacked_Crate')
2025-11-16 05:18:42 [INFO] CrateSpawner: Skipping ConfigUniqueID 'DefaultDynamicEvent_Example1'. Players required: 1, Current: 0
2025-11-16 05:18:42 [INFO] OnCrateSpawnTickPeriodic - Management Tick finished. Next check in 3600 seconds.
2025-11-16 06:18:42 [INFO] --------------------------------------------------------------------------
2025-11-16 06:18:42 [INFO] OnCrateSpawnTickPeriodic - Management Tick received. Evaluating individual crate configs...
2025-11-16 06:18:42 [INFO] --------------------------------------------------------------------------
2025-11-16 06:18:42 [INFO] Config 'DefaultDynamicEvent_Example1' is due for a check. Processing...
2025-11-16 06:18:42 [INFO] CrateSpawner: Processing ConfigUniqueID: 'DefaultDynamicEvent_Example1' (CrateType: 'BS_Hacked_Crate')
2025-11-16 06:18:42 [INFO] CrateSpawner: Skipping ConfigUniqueID 'DefaultDynamicEvent_Example1'. Players required: 1, Current: 0
2025-11-16 06:18:42 [INFO] OnCrateSpawnTickPeriodic - Management Tick finished. Next check in 3600 seconds.
2025-11-16 07:18:42 [INFO] --------------------------------------------------------------------------
2025-11-16 07:18:42 [INFO] OnCrateSpawnTickPeriodic - Management Tick received. Evaluating individual crate configs...
2025-11-16 07:18:42 [INFO] --------------------------------------------------------------------------
2025-11-16 07:18:42 [INFO] Config 'DefaultDynamicEvent_Example1' is due for a check. Processing...
2025-11-16 07:18:42 [INFO] CrateSpawner: Processing ConfigUniqueID: 'DefaultDynamicEvent_Example1' (CrateType: 'BS_Hacked_Crate')
2025-11-16 07:18:42 [INFO] CrateSpawner: Skipping ConfigUniqueID 'DefaultDynamicEvent_Example1'. Players required: 1, Current: 0
2025-11-16 07:18:42 [INFO] OnCrateSpawnTickPeriodic - Management Tick finished. Next check in 3600 seconds.
2025-11-16 08:18:42 [INFO] --------------------------------------------------------------------------
2025-11-16 08:18:42 [INFO] OnCrateSpawnTickPeriodic - Management Tick received. Evaluating individual crate configs...
2025-11-16 08:18:42 [INFO] --------------------------------------------------------------------------
2025-11-16 08:18:42 [INFO] Config 'DefaultDynamicEvent_Example1' is due for a check. Processing...
2025-11-16 08:18:42 [INFO] CrateSpawner: Processing ConfigUniqueID: 'DefaultDynamicEvent_Example1' (CrateType: 'BS_Hacked_Crate')
2025-11-16 08:18:42 [INFO] CrateSpawner: Skipping ConfigUniqueID 'DefaultDynamicEvent_Example1'. Players required: 1, Current: 0
2025-11-16 08:18:42 [INFO] OnCrateSpawnTickPeriodic - Management Tick finished. Next check in 3600 seconds.
2025-11-16 09:18:42 [INFO] --------------------------------------------------------------------------
2025-11-16 09:18:42 [INFO] OnCrateSpawnTickPeriodic - Management Tick received. Evaluating individual crate configs...
2025-11-16 09:18:42 [INFO] --------------------------------------------------------------------------
2025-11-16 09:18:42 [INFO] Config 'DefaultDynamicEvent_Example1' is due for a check. Processing...
2025-11-16 09:18:42 [INFO] CrateSpawner: Processing ConfigUniqueID: 'DefaultDynamicEvent_Example1' (CrateType: 'BS_Hacked_Crate')
2025-11-16 09:18:42 [INFO] CrateSpawner: Skipping ConfigUniqueID 'DefaultDynamicEvent_Example1'. Players required: 1, Current: 0
2025-11-16 09:18:42 [INFO] OnCrateSpawnTickPeriodic - Management Tick finished. Next check in 3600 seconds.
2025-11-16 10:18:42 [INFO] --------------------------------------------------------------------------
2025-11-16 10:18:42 [INFO] OnCrateSpawnTickPeriodic - Management Tick received. Evaluating individual crate configs...
2025-11-16 10:18:42 [INFO] --------------------------------------------------------------------------
2025-11-16 10:18:42 [INFO] Config 'DefaultDynamicEvent_Example1' is due for a check. Processing...
2025-11-16 10:18:42 [INFO] CrateSpawner: Processing ConfigUniqueID: 'DefaultDynamicEvent_Example1' (CrateType: 'BS_Hacked_Crate')
2025-11-16 10:18:42 [INFO] CrateSpawner: Skipping ConfigUniqueID 'DefaultDynamicEvent_Example1'. Players required: 1, Current: 0
2025-11-16 10:18:42 [INFO] OnCrateSpawnTickPeriodic - Management Tick finished. Next check in 3600 seconds.
2025-11-16 11:18:42 [INFO] --------------------------------------------------------------------------
2025-11-16 11:18:42 [INFO] OnCrateSpawnTickPeriodic - Management Tick received. Evaluating individual crate configs...
2025-11-16 11:18:42 [INFO] --------------------------------------------------------------------------
2025-11-16 11:18:42 [INFO] Config 'DefaultDynamicEvent_Example1' is due for a check. Processing...
2025-11-16 11:18:42 [INFO] CrateSpawner: Processing ConfigUniqueID: 'DefaultDynamicEvent_Example1' (CrateType: 'BS_Hacked_Crate')
2025-11-16 11:18:42 [INFO] CrateSpawner: Skipping ConfigUniqueID 'DefaultDynamicEvent_Example1'. Players required: 1, Current: 0
2025-11-16 11:18:42 [INFO] OnCrateSpawnTickPeriodic - Management Tick finished. Next check in 3600 seconds.
2025-11-16 12:18:42 [INFO] --------------------------------------------------------------------------
2025-11-16 12:18:42 [INFO] OnCrateSpawnTickPeriodic - Management Tick received. Evaluating individual crate configs...
2025-11-16 12:18:42 [INFO] --------------------------------------------------------------------------
2025-11-16 12:18:42 [INFO] Config 'DefaultDynamicEvent_Example1' is due for a check. Processing...
2025-11-16 12:18:42 [INFO] CrateSpawner: Processing ConfigUniqueID: 'DefaultDynamicEvent_Example1' (CrateType: 'BS_Hacked_Crate')
2025-11-16 12:18:42 [INFO] CrateSpawner: Skipping ConfigUniqueID 'DefaultDynamicEvent_Example1'. Players required: 1, Current: 0
2025-11-16 12:18:42 [INFO] OnCrateSpawnTickPeriodic - Management Tick finished. Next check in 3600 seconds.
2025-11-16 13:18:42 [INFO] --------------------------------------------------------------------------
2025-11-16 13:18:42 [INFO] OnCrateSpawnTickPeriodic - Management Tick received. Evaluating individual crate configs...
2025-11-16 13:18:42 [INFO] --------------------------------------------------------------------------
2025-11-16 13:18:42 [INFO] Config 'DefaultDynamicEvent_Example1' is due for a check. Processing...
2025-11-16 13:18:42 [INFO] CrateSpawner: Processing ConfigUniqueID: 'DefaultDynamicEvent_Example1' (CrateType: 'BS_Hacked_Crate')
2025-11-16 13:18:42 [INFO] CrateSpawner: Skipping ConfigUniqueID 'DefaultDynamicEvent_Example1'. Players required: 1, Current: 0
2025-11-16 13:18:42 [INFO] OnCrateSpawnTickPeriodic - Management Tick finished. Next check in 3600 seconds.
2025-11-16 14:18:42 [INFO] --------------------------------------------------------------------------
2025-11-16 14:18:42 [INFO] OnCrateSpawnTickPeriodic - Management Tick received. Evaluating individual crate configs...
2025-11-16 14:18:42 [INFO] --------------------------------------------------------------------------
2025-11-16 14:18:42 [INFO] Config 'DefaultDynamicEvent_Example1' is due for a check. Processing...
2025-11-16 14:18:42 [INFO] CrateSpawner: Processing ConfigUniqueID: 'DefaultDynamicEvent_Example1' (CrateType: 'BS_Hacked_Crate')
2025-11-16 14:18:42 [INFO] CrateSpawner: Skipping ConfigUniqueID 'DefaultDynamicEvent_Example1'. Players required: 1, Current: 0
2025-11-16 14:18:42 [INFO] OnCrateSpawnTickPeriodic - Management Tick finished. Next check in 3600 seconds.
2025-11-16 15:18:42 [INFO] --------------------------------------------------------------------------
2025-11-16 15:18:42 [INFO] OnCrateSpawnTickPeriodic - Management Tick received. Evaluating individual crate configs...
2025-11-16 15:18:42 [INFO] --------------------------------------------------------------------------
2025-11-16 15:18:42 [INFO] Config 'DefaultDynamicEvent_Example1' is due for a check. Processing...
2025-11-16 15:18:42 [INFO] CrateSpawner: Processing ConfigUniqueID: 'DefaultDynamicEvent_Example1' (CrateType: 'BS_Hacked_Crate')
2025-11-16 15:18:42 [INFO] CrateSpawner: Skipping ConfigUniqueID 'DefaultDynamicEvent_Example1'. Players required: 1, Current: 0
2025-11-16 15:18:42 [INFO] OnCrateSpawnTickPeriodic - Management Tick finished. Next check in 3600 seconds.
2025-11-16 16:18:42 [INFO] --------------------------------------------------------------------------
2025-11-16 16:18:42 [INFO] OnCrateSpawnTickPeriodic - Management Tick received. Evaluating individual crate configs...
2025-11-16 16:18:42 [INFO] --------------------------------------------------------------------------
2025-11-16 16:18:42 [INFO] Config 'DefaultDynamicEvent_Example1' is due for a check. Processing...
2025-11-16 16:18:42 [INFO] CrateSpawner: Processing ConfigUniqueID: 'DefaultDynamicEvent_Example1' (CrateType: 'BS_Hacked_Crate')
2025-11-16 16:18:42 [INFO] CrateSpawner: Skipping ConfigUniqueID 'DefaultDynamicEvent_Example1'. Players required: 1, Current: 0
2025-11-16 16:18:42 [INFO] OnCrateSpawnTickPeriodic - Management Tick finished. Next check in 3600 seconds.
2025-11-16 17:18:42 [INFO] --------------------------------------------------------------------------
2025-11-16 17:18:42 [INFO] OnCrateSpawnTickPeriodic - Management Tick received. Evaluating individual crate configs...
2025-11-16 17:18:42 [INFO] --------------------------------------------------------------------------
2025-11-16 17:18:42 [INFO] Config 'DefaultDynamicEvent_Example1' is due for a check. Processing...
2025-11-16 17:18:42 [INFO] CrateSpawner: Processing ConfigUniqueID: 'DefaultDynamicEvent_Example1' (CrateType: 'BS_Hacked_Crate')
2025-11-16 17:18:42 [INFO] CrateSpawner: Skipping ConfigUniqueID 'DefaultDynamicEvent_Example1'. Players required: 1, Current: 0
2025-11-16 17:18:42 [INFO] OnCrateSpawnTickPeriodic - Management Tick finished. Next check in 3600 seconds.
2025-11-16 18:18:42 [INFO] --------------------------------------------------------------------------
2025-11-16 18:18:42 [INFO] OnCrateSpawnTickPeriodic - Management Tick received. Evaluating individual crate configs...
2025-11-16 18:18:42 [INFO] --------------------------------------------------------------------------
2025-11-16 18:18:42 [INFO] Config 'DefaultDynamicEvent_Example1' is due for a check. Processing...
2025-11-16 18:18:42 [INFO] CrateSpawner: Processing ConfigUniqueID: 'DefaultDynamicEvent_Example1' (CrateType: 'BS_Hacked_Crate')
2025-11-16 18:18:42 [INFO] CrateSpawner: Skipping ConfigUniqueID 'DefaultDynamicEvent_Example1'. Players required: 1, Current: 0
2025-11-16 18:18:42 [INFO] OnCrateSpawnTickPeriodic - Management Tick finished. Next check in 3600 seconds.
2025-11-16 19:18:42 [INFO] --------------------------------------------------------------------------
2025-11-16 19:18:42 [INFO] OnCrateSpawnTickPeriodic - Management Tick received. Evaluating individual crate configs...
2025-11-16 19:18:42 [INFO] --------------------------------------------------------------------------
2025-11-16 19:18:42 [INFO] Config 'DefaultDynamicEvent_Example1' is due for a check. Processing...
2025-11-16 19:18:42 [INFO] CrateSpawner: Processing ConfigUniqueID: 'DefaultDynamicEvent_Example1' (CrateType: 'BS_Hacked_Crate')
2025-11-16 19:18:42 [INFO] CrateSpawner: Skipping ConfigUniqueID 'DefaultDynamicEvent_Example1'. Players required: 1, Current: 0
2025-11-16 19:18:42 [INFO] OnCrateSpawnTickPeriodic - Management Tick finished. Next check in 3600 seconds.
2025-11-16 20:18:42 [INFO] --------------------------------------------------------------------------
2025-11-16 20:18:42 [INFO] OnCrateSpawnTickPeriodic - Management Tick received. Evaluating individual crate configs...
2025-11-16 20:18:42 [INFO] --------------------------------------------------------------------------
2025-11-16 20:18:42 [INFO] Config 'DefaultDynamicEvent_Example1' is due for a check. Processing...
2025-11-16 20:18:42 [INFO] CrateSpawner: Processing ConfigUniqueID: 'DefaultDynamicEvent_Example1' (CrateType: 'BS_Hacked_Crate')
2025-11-16 20:18:42 [INFO] CrateSpawner: Skipping ConfigUniqueID 'DefaultDynamicEvent_Example1'. Players required: 1, Current: 0
2025-11-16 20:18:42 [INFO] OnCrateSpawnTickPeriodic - Management Tick finished. Next check in 3600 seconds.
2025-11-16 21:18:42 [INFO] --------------------------------------------------------------------------
2025-11-16 21:18:42 [INFO] OnCrateSpawnTickPeriodic - Management Tick received. Evaluating individual crate configs...
2025-11-16 21:18:42 [INFO] --------------------------------------------------------------------------
2025-11-16 21:18:42 [INFO] Config 'DefaultDynamicEvent_Example1' is due for a check. Processing...
2025-11-16 21:18:42 [INFO] CrateSpawner: Processing ConfigUniqueID: 'DefaultDynamicEvent_Example1' (CrateType: 'BS_Hacked_Crate')
2025-11-16 21:18:42 [INFO] CrateSpawner: Skipping ConfigUniqueID 'DefaultDynamicEvent_Example1'. Players required: 1, Current: 0
2025-11-16 21:18:42 [INFO] OnCrateSpawnTickPeriodic - Management Tick finished. Next check in 3600 seconds.
2025-11-16 22:18:42 [INFO] --------------------------------------------------------------------------
2025-11-16 22:18:42 [INFO] OnCrateSpawnTickPeriodic - Management Tick received. Evaluating individual crate configs...
2025-11-16 22:18:42 [INFO] --------------------------------------------------------------------------
2025-11-16 22:18:42 [INFO] Config 'DefaultDynamicEvent_Example1' is due for a check. Processing...
2025-11-16 22:18:42 [INFO] CrateSpawner: Processing ConfigUniqueID: 'DefaultDynamicEvent_Example1' (CrateType: 'BS_Hacked_Crate')
2025-11-16 22:18:42 [INFO] CrateSpawner: Skipping ConfigUniqueID 'DefaultDynamicEvent_Example1'. Players required: 1, Current: 0
2025-11-16 22:18:42 [INFO] OnCrateSpawnTickPeriodic - Management Tick finished. Next check in 3600 seconds.
2025-11-16 23:18:42 [INFO] --------------------------------------------------------------------------
2025-11-16 23:18:42 [INFO] OnCrateSpawnTickPeriodic - Management Tick received. Evaluating individual crate configs...
2025-11-16 23:18:42 [INFO] --------------------------------------------------------------------------
2025-11-16 23:18:42 [INFO] Config 'DefaultDynamicEvent_Example1' is due for a check. Processing...
2025-11-16 23:18:42 [INFO] CrateSpawner: Processing ConfigUniqueID: 'DefaultDynamicEvent_Example1' (CrateType: 'BS_Hacked_Crate')
2025-11-16 23:18:42 [INFO] CrateSpawner: Skipping ConfigUniqueID 'DefaultDynamicEvent_Example1'. Players required: 1, Current: 0
2025-11-16 23:18:42 [INFO] OnCrateSpawnTickPeriodic - Management Tick finished. Next check in 3600 seconds.
2025-11-17 00:18:42 [INFO] --------------------------------------------------------------------------
2025-11-17 00:18:42 [INFO] OnCrateSpawnTickPeriodic - Management Tick received. Evaluating individual crate configs...
2025-11-17 00:18:42 [INFO] --------------------------------------------------------------------------
2025-11-17 00:18:42 [INFO] Config 'DefaultDynamicEvent_Example1' is due for a check. Processing...
2025-11-17 00:18:42 [INFO] CrateSpawner: Processing ConfigUniqueID: 'DefaultDynamicEvent_Example1' (CrateType: 'BS_Hacked_Crate')
2025-11-17 00:18:42 [INFO] CrateSpawner: Skipping ConfigUniqueID 'DefaultDynamicEvent_Example1'. Players required: 1, Current: 0
2025-11-17 00:18:42 [INFO] OnCrateSpawnTickPeriodic - Management Tick finished. Next check in 3600 seconds.
2025-11-17 01:18:42 [INFO] --------------------------------------------------------------------------
2025-11-17 01:18:42 [INFO] OnCrateSpawnTickPeriodic - Management Tick received. Evaluating individual crate configs...
2025-11-17 01:18:42 [INFO] --------------------------------------------------------------------------
2025-11-17 01:18:42 [INFO] Config 'DefaultDynamicEvent_Example1' is due for a check. Processing...
2025-11-17 01:18:42 [INFO] CrateSpawner: Processing ConfigUniqueID: 'DefaultDynamicEvent_Example1' (CrateType: 'BS_Hacked_Crate')
2025-11-17 01:18:42 [INFO] CrateSpawner: Skipping ConfigUniqueID 'DefaultDynamicEvent_Example1'. Players required: 1, Current: 0
2025-11-17 01:18:42 [INFO] OnCrateSpawnTickPeriodic - Management Tick finished. Next check in 3600 seconds.
2025-11-17 02:18:42 [INFO] --------------------------------------------------------------------------
2025-11-17 02:18:42 [INFO] OnCrateSpawnTickPeriodic - Management Tick received. Evaluating individual crate configs...
2025-11-17 02:18:42 [INFO] --------------------------------------------------------------------------
2025-11-17 02:18:42 [INFO] Config 'DefaultDynamicEvent_Example1' is due for a check. Processing...
2025-11-17 02:18:42 [INFO] CrateSpawner: Processing ConfigUniqueID: 'DefaultDynamicEvent_Example1' (CrateType: 'BS_Hacked_Crate')
2025-11-17 02:18:42 [INFO] CrateSpawner: Skipping ConfigUniqueID 'DefaultDynamicEvent_Example1'. Players required: 1, Current: 0
2025-11-17 02:18:42 [INFO] OnCrateSpawnTickPeriodic - Management Tick finished. Next check in 3600 seconds.
2025-11-17 03:18:42 [INFO] --------------------------------------------------------------------------
2025-11-17 03:18:42 [INFO] OnCrateSpawnTickPeriodic - Management Tick received. Evaluating individual crate configs...
2025-11-17 03:18:42 [INFO] --------------------------------------------------------------------------
2025-11-17 03:18:42 [INFO] Config 'DefaultDynamicEvent_Example1' is due for a check. Processing...
2025-11-17 03:18:42 [INFO] CrateSpawner: Processing ConfigUniqueID: 'DefaultDynamicEvent_Example1' (CrateType: 'BS_Hacked_Crate')
2025-11-17 03:18:42 [INFO] CrateSpawner: Skipping ConfigUniqueID 'DefaultDynamicEvent_Example1'. Players required: 1, Current: 0
2025-11-17 03:18:42 [INFO] OnCrateSpawnTickPeriodic - Management Tick finished. Next check in 3600 seconds.
2025-11-17 04:18:42 [INFO] --------------------------------------------------------------------------
2025-11-17 04:18:42 [INFO] OnCrateSpawnTickPeriodic - Management Tick received. Evaluating individual crate configs...
2025-11-17 04:18:42 [INFO] --------------------------------------------------------------------------
2025-11-17 04:18:42 [INFO] Config 'DefaultDynamicEvent_Example1' is due for a check. Processing...
2025-11-17 04:18:42 [INFO] CrateSpawner: Processing ConfigUniqueID: 'DefaultDynamicEvent_Example1' (CrateType: 'BS_Hacked_Crate')
2025-11-17 04:18:42 [INFO] CrateSpawner: Skipping ConfigUniqueID 'DefaultDynamicEvent_Example1'. Players required: 1, Current: 0
2025-11-17 04:18:42 [INFO] OnCrateSpawnTickPeriodic - Management Tick finished. Next check in 3600 seconds.
2025-11-17 05:18:42 [INFO] --------------------------------------------------------------------------
2025-11-17 05:18:42 [INFO] OnCrateSpawnTickPeriodic - Management Tick received. Evaluating individual crate configs...
2025-11-17 05:18:42 [INFO] --------------------------------------------------------------------------
2025-11-17 05:18:42 [INFO] Config 'DefaultDynamicEvent_Example1' is due for a check. Processing...
2025-11-17 05:18:42 [INFO] CrateSpawner: Processing ConfigUniqueID: 'DefaultDynamicEvent_Example1' (CrateType: 'BS_Hacked_Crate')
2025-11-17 05:18:42 [INFO] CrateSpawner: Skipping ConfigUniqueID 'DefaultDynamicEvent_Example1'. Players required: 1, Current: 0
2025-11-17 05:18:42 [INFO] OnCrateSpawnTickPeriodic - Management Tick finished. Next check in 3600 seconds.
2025-11-17 05:32:02 [INFO] EEDelete called for BS_Hacked_Crate at <2471.820068, 193.177002, 5114.220215>
2025-11-17 05:32:02 [INFO] EXP_REMOVE_DEBUG: Attempting RemoveExpansionMapMarker. Context: EEDelete. Current UID: '' for BS_Hacked_Crate<3011053>
2025-11-17 05:32:02 [INFO] EXP_REMOVE_DEBUG: EXPANSIONMODNAVIGATION NOT defined. Cannot remove marker. Context: EEDelete for BS_Hacked_Crate<3011053>
2025-11-17 05:32:02 [INFO] BSHC_AG_DEBUG: BSHC_RemoveAdvancedGroupsMapMarker called.
2025-11-17 05:32:02 [INFO] BSHC_AG_DEBUG: Removing AG marker UID: 175379871
2025-11-17 05:32:02 [INFO] BSHC_AG_DEBUG: AG marker UID 175379871 successfully removed.
2025-11-17 05:32:02 [INFO] HackedCrate (BS_Hacked_Crate): Sending RPC Notification. Type: DESPAWN, Key: #STR_BSHC_Notification_Despawn_Located
2025-11-17 05:32:02 [INFO] EEDelete: Removed BS_Hacked_Crate from g_ActiveHackedCrates. Remaining count: 2
2025-11-17 06:18:42 [INFO] --------------------------------------------------------------------------
2025-11-17 06:18:42 [INFO] OnCrateSpawnTickPeriodic - Management Tick received. Evaluating individual crate configs...
2025-11-17 06:18:42 [INFO] --------------------------------------------------------------------------
2025-11-17 06:18:42 [INFO] Config 'DefaultDynamicEvent_Example1' is due for a check. Processing...
2025-11-17 06:18:42 [INFO] CrateSpawner: Processing ConfigUniqueID: 'DefaultDynamicEvent_Example1' (CrateType: 'BS_Hacked_Crate')
2025-11-17 06:18:42 [INFO] CrateSpawner: Skipping ConfigUniqueID 'DefaultDynamicEvent_Example1'. Players required: 1, Current: 0
2025-11-17 06:18:42 [INFO] OnCrateSpawnTickPeriodic - Management Tick finished. Next check in 3600 seconds.
