2025-11-12 22:58:15 [INFO] OnInit - Initializing Bastardos Hacked Crates System...
2025-11-12 22:58:15 [INFO] OnInit - Loading Hacked Crate Loot Configuration (loot_pools.json)...
2025-11-12 22:58:15 [INFO] [BSHCLootPoolConfig] Found loot_pools.json at: $profile:\Bastardo_HC\loot_pools.json
2025-11-12 22:58:15 [INFO] [BSHCLootPoolConfig] JsonLoadFile executed. Loaded 2 categories defined in the root.
2025-11-12 22:58:15 [INFO] [BSHCLootPoolConfig] Category 'DefaultArmaments' has 1 loot pools.
2025-11-12 22:58:15 [INFO] [BSHCLootPoolConfig] Category 'DefaultMedical' has 1 loot pools.
2025-11-12 22:58:15 [INFO] OnInit - Hacked Crate Loot Configuration processed successfully.
2025-11-12 22:58:15 [INFO] OnInit - Loading Hacked Crate settings (global, static, dynamic)...
2025-11-12 22:58:15 [INFO] CrateManagement instance created with default grace period and tick interval.
2025-11-12 22:58:15 [INFO] [BSHCGlobalServerSettings] Loading from: $profile:\Bastardo_HC\BS_Global_settings.json
2025-11-12 22:58:15 [INFO] [CrateConfigManager] Re-saved static_crates.json to include any new options.
2025-11-12 22:58:15 [INFO] [CrateConfigManager] Re-saved dynamic_crates.json to include any new options.
2025-11-12 22:58:15 [INFO] [CrateConfigManager] Static CrateManagement has been set.
2025-11-12 22:58:15 [INFO] CrateSpawner instance created.
2025-11-12 22:58:15 [INFO] OnInit - Crate Spawner created. Grace Period: 5 minutes. Periodic Tick: 3600 seconds.
2025-11-12 22:58:15 [INFO] OnInit - Bastardos Hacked Crates System Initialization sequence finished.
2025-11-12 22:58:22 [INFO] OnMissionStart - Server mission started. Scheduling Hacked Crate cleanup and initial spawn setup.
2025-11-12 22:58:22 [INFO] OnMissionStart - Immediate STATIC Crate spawn scheduled in 15 seconds.
2025-11-12 22:58:22 [INFO] OnMissionStart - Initial DYNAMIC Crate spawn scheduled in approx. 320 seconds.
2025-11-12 22:58:22 [INFO] OnMissionStart - Scheduling first PERIODIC Crate Spawn Tick in approx. 3600 seconds.
2025-11-12 22:58:37 [INFO] Inventory for BS_Hacked_Crate LOCKED. IsOpen: false LootAccessActionDone: false
2025-11-12 22:58:37 [INFO] OnStoreLoad: m_ConfigUniqueID_Persist set from storage to: 'DefaultStaticEvent_Example1' for BS_Hacked_Crate<2987901>
2025-11-12 22:58:37 [INFO] OnStoreLoad: FINISHED loading raw data into member variables for BS_Hacked_Crate<2987901>
2025-11-12 22:58:39 [INFO] Inventory for BS_Hacked_Crate LOCKED. IsOpen: false LootAccessActionDone: false
2025-11-12 22:58:39 [INFO] OnStoreLoad: m_ConfigUniqueID_Persist set from storage to: 'DefaultDynamicEvent_Example1' for BS_Hacked_Crate<2991427>
2025-11-12 22:58:39 [INFO] OnStoreLoad: FINISHED loading raw data into member variables for BS_Hacked_Crate<2991427>
2025-11-12 22:58:39 [INFO] Inventory for BS_Hacked_Crate LOCKED. IsOpen: false LootAccessActionDone: false
2025-11-12 22:58:39 [INFO] OnStoreLoad: m_ConfigUniqueID_Persist set from storage to: 'DefaultDynamicEvent_Example1' for BS_Hacked_Crate<2992294>
2025-11-12 22:58:39 [INFO] OnStoreLoad: FINISHED loading raw data into member variables for BS_Hacked_Crate<2992294>
2025-11-12 22:58:52 [INFO] DeferredEEInitLogic: START for BS_Hacked_Crate<2987901>. m_LoadedExpansionMarkerUID (should be from OnStoreLoad) is ''. Current m_ExpansionMarkerUID (active) is ''
2025-11-12 22:58:52 [INFO] GetCrateSettings: m_CrateSettings_Instance is NULL for BS_Hacked_Crate<2987901>. Calling AttemptToReacquireSettings().
2025-11-12 22:58:52 [INFO] HackedCrate_Base (BS_Hacked_Crate): Attempting to re-acquire CrateSettings. Persisted ConfigUniqueID is: 'DefaultStaticEvent_Example1'
2025-11-12 22:58:52 [INFO] HackedCrate_Base (BS_Hacked_Crate): Instance specific CrateSettings assigned. ConfigUniqueID: DefaultStaticEvent_Example1
2025-11-12 22:58:52 [INFO] HackedCrate_Base (BS_Hacked_Crate): Successfully re-acquired CrateSettings by persisted ConfigUniqueID 'DefaultStaticEvent_Example1'.
2025-11-12 22:58:52 [INFO] DeferredEEInitLogic: Settings acquired successfully for BS_Hacked_Crate<2987901>.
2025-11-12 22:58:52 [INFO] DeferredEEInitLogic: m_ExpansionMarkerUID is empty. Calling CreateExpansionMapMarker for BS_Hacked_Crate<2987901>.
2025-11-12 22:58:52 [INFO] EXP_DEBUG: Inside CreateExpansionMapMarker for BS_Hacked_Crate.UseExpansionMapMarker is true.
2025-11-12 22:58:52 [INFO] EXP_DEBUG: EXPANSIONMODNAVIGATION is NOT defined. No Expansion marker will be created.
2025-11-12 22:58:52 [INFO] DeferredEEInitLogic: AG DEBUG for BS_Hacked_Crate<2987901>
2025-11-12 22:58:52 [INFO] BSHC_AG_DEBUG: BSHC_CreateAdvancedGroupsMapMarker call.
2025-11-12 22:58:52 [INFO] BSHC_AG_DEBUG: Final Marker Name: '#STR_BSHC_HackedCrate_DisplayName'
2025-11-12 22:58:52 [INFO] BSHC_AG_DEBUG: Trying to create AG marker with name: #STR_BSHC_HackedCrate_DisplayName, Pos: <2471.820068, 193.177002, 5114.220215>, Icon: BS_HackedCrate/gui/iconcrate.paa, Color: -65536, ShowOnMap: true, ShowInWorld: true
2025-11-12 22:58:52 [INFO] BSHC_AG_DEBUG: LBStaticMarkerManager.Get is accessible.
2025-11-12 22:58:52 [INFO] BSHC_AG_DEBUG: Created AG marker (UID: 1820514594) for BS_Hacked_Crate
2025-11-12 22:58:52 [INFO] DeferredEEInitLogic: Final m_LootAccessActionDone for BS_Hacked_Crate<2987901> is: false
2025-11-12 22:58:52 [INFO] Inventory for BS_Hacked_Crate LOCKED. IsOpen: false LootAccessActionDone: false
2025-11-12 22:58:52 [INFO] DeferredEEInitLogic: FINISHED for BS_Hacked_Crate<2987901>
2025-11-12 22:58:52 [INFO] DeferredEEInitLogic: Re-added persistent crate BS_Hacked_Crate to g_ActiveHackedCrates list.
2025-11-12 22:58:52 [INFO] DeferredEEInitLogic: START for BS_Hacked_Crate<2991427>. m_LoadedExpansionMarkerUID (should be from OnStoreLoad) is ''. Current m_ExpansionMarkerUID (active) is ''
2025-11-12 22:58:52 [INFO] GetCrateSettings: m_CrateSettings_Instance is NULL for BS_Hacked_Crate<2991427>. Calling AttemptToReacquireSettings().
2025-11-12 22:58:52 [INFO] HackedCrate_Base (BS_Hacked_Crate): Attempting to re-acquire CrateSettings. Persisted ConfigUniqueID is: 'DefaultDynamicEvent_Example1'
2025-11-12 22:58:52 [INFO] HackedCrate_Base (BS_Hacked_Crate): Instance specific CrateSettings assigned. ConfigUniqueID: DefaultDynamicEvent_Example1
2025-11-12 22:58:52 [INFO] HackedCrate_Base (BS_Hacked_Crate): Successfully re-acquired CrateSettings by persisted ConfigUniqueID 'DefaultDynamicEvent_Example1'.
2025-11-12 22:58:52 [INFO] DeferredEEInitLogic: Settings acquired successfully for BS_Hacked_Crate<2991427>.
2025-11-12 22:58:52 [INFO] DeferredEEInitLogic: m_ExpansionMarkerUID is empty. Calling CreateExpansionMapMarker for BS_Hacked_Crate<2991427>.
2025-11-12 22:58:52 [INFO] EXP_DEBUG: Inside CreateExpansionMapMarker for BS_Hacked_Crate.UseExpansionMapMarker is true.
2025-11-12 22:58:52 [INFO] EXP_DEBUG: EXPANSIONMODNAVIGATION is NOT defined. No Expansion marker will be created.
2025-11-12 22:58:52 [INFO] DeferredEEInitLogic: AG DEBUG for BS_Hacked_Crate<2991427>
2025-11-12 22:58:52 [INFO] BSHC_AG_DEBUG: BSHC_CreateAdvancedGroupsMapMarker call.
2025-11-12 22:58:52 [INFO] BSHC_AG_DEBUG: Final Marker Name: '#STR_BSHC_HackedCrate_DisplayName'
2025-11-12 22:58:52 [INFO] BSHC_AG_DEBUG: Trying to create AG marker with name: #STR_BSHC_HackedCrate_DisplayName, Pos: <4553.689941, 317.975006, 8352.099609>, Icon: BS_HackedCrate/gui/iconcrate.paa, Color: -65536, ShowOnMap: true, ShowInWorld: true
2025-11-12 22:58:52 [INFO] BSHC_AG_DEBUG: LBStaticMarkerManager.Get is accessible.
2025-11-12 22:58:52 [INFO] BSHC_AG_DEBUG: Created AG marker (UID: 1666369232) for BS_Hacked_Crate
2025-11-12 22:58:52 [INFO] DeferredEEInitLogic: Final m_LootAccessActionDone for BS_Hacked_Crate<2991427> is: false
2025-11-12 22:58:52 [INFO] Inventory for BS_Hacked_Crate LOCKED. IsOpen: false LootAccessActionDone: false
2025-11-12 22:58:52 [INFO] DeferredEEInitLogic: FINISHED for BS_Hacked_Crate<2991427>
2025-11-12 22:58:52 [INFO] DeferredEEInitLogic: Re-added persistent crate BS_Hacked_Crate to g_ActiveHackedCrates list.
2025-11-12 22:58:52 [INFO] DeferredEEInitLogic: START for BS_Hacked_Crate<2992294>. m_LoadedExpansionMarkerUID (should be from OnStoreLoad) is ''. Current m_ExpansionMarkerUID (active) is ''
2025-11-12 22:58:52 [INFO] GetCrateSettings: m_CrateSettings_Instance is NULL for BS_Hacked_Crate<2992294>. Calling AttemptToReacquireSettings().
2025-11-12 22:58:52 [INFO] HackedCrate_Base (BS_Hacked_Crate): Attempting to re-acquire CrateSettings. Persisted ConfigUniqueID is: 'DefaultDynamicEvent_Example1'
2025-11-12 22:58:52 [INFO] HackedCrate_Base (BS_Hacked_Crate): Instance specific CrateSettings assigned. ConfigUniqueID: DefaultDynamicEvent_Example1
2025-11-12 22:58:52 [INFO] HackedCrate_Base (BS_Hacked_Crate): Successfully re-acquired CrateSettings by persisted ConfigUniqueID 'DefaultDynamicEvent_Example1'.
2025-11-12 22:58:52 [INFO] DeferredEEInitLogic: Settings acquired successfully for BS_Hacked_Crate<2992294>.
2025-11-12 22:58:52 [INFO] DeferredEEInitLogic: m_ExpansionMarkerUID is empty. Calling CreateExpansionMapMarker for BS_Hacked_Crate<2992294>.
2025-11-12 22:58:52 [INFO] EXP_DEBUG: Inside CreateExpansionMapMarker for BS_Hacked_Crate.UseExpansionMapMarker is true.
2025-11-12 22:58:52 [INFO] EXP_DEBUG: EXPANSIONMODNAVIGATION is NOT defined. No Expansion marker will be created.
2025-11-12 22:58:52 [INFO] DeferredEEInitLogic: AG DEBUG for BS_Hacked_Crate<2992294>
2025-11-12 22:58:52 [INFO] BSHC_AG_DEBUG: BSHC_CreateAdvancedGroupsMapMarker call.
2025-11-12 22:58:52 [INFO] BSHC_AG_DEBUG: Final Marker Name: '#STR_BSHC_HackedCrate_DisplayName'
2025-11-12 22:58:52 [INFO] BSHC_AG_DEBUG: Trying to create AG marker with name: #STR_BSHC_HackedCrate_DisplayName, Pos: <4732.430176, 338.968994, 10350.200195>, Icon: BS_HackedCrate/gui/iconcrate.paa, Color: -65536, ShowOnMap: true, ShowInWorld: true
2025-11-12 22:58:52 [INFO] BSHC_AG_DEBUG: LBStaticMarkerManager.Get is accessible.
2025-11-12 22:58:52 [INFO] BSHC_AG_DEBUG: Created AG marker (UID: 415183391) for BS_Hacked_Crate
2025-11-12 22:58:52 [INFO] DeferredEEInitLogic: Final m_LootAccessActionDone for BS_Hacked_Crate<2992294> is: false
2025-11-12 22:58:52 [INFO] Inventory for BS_Hacked_Crate LOCKED. IsOpen: false LootAccessActionDone: false
2025-11-12 22:58:52 [INFO] DeferredEEInitLogic: FINISHED for BS_Hacked_Crate<2992294>
2025-11-12 22:58:52 [INFO] DeferredEEInitLogic: Re-added persistent crate BS_Hacked_Crate to g_ActiveHackedCrates list.
2025-11-12 22:59:25 [INFO] DeleteHackedCratesFromKnownLocations - Starting cleanup of Hacked Crates from KNOWN SPAWN LOCATIONS as defined in configurations...
2025-11-12 22:59:25 [INFO] DeleteHackedCratesFromKnownLocations - Deleting INACTIVE: BS_Hacked_Crate (ID: 2987901) found at configured spawn Pos: <2471.820068, 193.177002, 5114.220215> for CrateType BS_Hacked_Crate
2025-11-12 22:59:25 [INFO] EEDelete called for BS_Hacked_Crate at <2471.820068, 193.177002, 5114.220215>
2025-11-12 22:59:25 [INFO] EXP_REMOVE_DEBUG: Attempting RemoveExpansionMapMarker. Context: EEDelete. Current UID: '' for BS_Hacked_Crate<2987901>
2025-11-12 22:59:25 [INFO] EXP_REMOVE_DEBUG: EXPANSIONMODNAVIGATION NOT defined. Cannot remove marker. Context: EEDelete for BS_Hacked_Crate<2987901>
2025-11-12 22:59:25 [INFO] BSHC_AG_DEBUG: BSHC_RemoveAdvancedGroupsMapMarker called.
2025-11-12 22:59:25 [INFO] BSHC_AG_DEBUG: Removing AG marker UID: 1820514594
2025-11-12 22:59:25 [INFO] BSHC_AG_DEBUG: AG marker UID 1820514594 successfully removed.
2025-11-12 22:59:25 [INFO] HackedCrate (BS_Hacked_Crate): Sending RPC Notification. Type: DESPAWN, Key: #STR_BSHC_Notification_Despawn_Located
2025-11-12 22:59:25 [INFO] EEDelete: Removed BS_Hacked_Crate from g_ActiveHackedCrates. Remaining count: 2
2025-11-12 22:59:25 [INFO] DeleteHackedCratesFromKnownLocations - Deleting INACTIVE: BS_Hacked_Crate (ID: 2992294) found at configured spawn Pos: <4732.430176, 338.968994, 10350.200195> for CrateType BS_Hacked_Crate
2025-11-12 22:59:25 [INFO] EEDelete called for BS_Hacked_Crate at <4732.430176, 338.968994, 10350.200195>
2025-11-12 22:59:25 [INFO] EXP_REMOVE_DEBUG: Attempting RemoveExpansionMapMarker. Context: EEDelete. Current UID: '' for BS_Hacked_Crate<2992294>
2025-11-12 22:59:25 [INFO] EXP_REMOVE_DEBUG: EXPANSIONMODNAVIGATION NOT defined. Cannot remove marker. Context: EEDelete for BS_Hacked_Crate<2992294>
2025-11-12 22:59:25 [INFO] BSHC_AG_DEBUG: BSHC_RemoveAdvancedGroupsMapMarker called.
2025-11-12 22:59:25 [INFO] BSHC_AG_DEBUG: Removing AG marker UID: 415183391
2025-11-12 22:59:25 [INFO] BSHC_AG_DEBUG: AG marker UID 415183391 successfully removed.
2025-11-12 22:59:25 [INFO] HackedCrate (BS_Hacked_Crate): Sending RPC Notification. Type: DESPAWN, Key: #STR_BSHC_Notification_Despawn_Located
2025-11-12 22:59:25 [INFO] EEDelete: Removed BS_Hacked_Crate from g_ActiveHackedCrates. Remaining count: 1
2025-11-12 22:59:25 [INFO] DeleteHackedCratesFromKnownLocations - Deleting INACTIVE: BS_Hacked_Crate (ID: 2991427) found at configured spawn Pos: <4553.689941, 317.975006, 8352.099609> for CrateType BS_Hacked_Crate
2025-11-12 22:59:25 [INFO] EEDelete called for BS_Hacked_Crate at <4553.689941, 317.975006, 8352.099609>
2025-11-12 22:59:25 [INFO] EXP_REMOVE_DEBUG: Attempting RemoveExpansionMapMarker. Context: EEDelete. Current UID: '' for BS_Hacked_Crate<2991427>
2025-11-12 22:59:25 [INFO] EXP_REMOVE_DEBUG: EXPANSIONMODNAVIGATION NOT defined. Cannot remove marker. Context: EEDelete for BS_Hacked_Crate<2991427>
2025-11-12 22:59:25 [INFO] BSHC_AG_DEBUG: BSHC_RemoveAdvancedGroupsMapMarker called.
2025-11-12 22:59:25 [INFO] BSHC_AG_DEBUG: Removing AG marker UID: 1666369232
2025-11-12 22:59:25 [INFO] BSHC_AG_DEBUG: AG marker UID 1666369232 successfully removed.
2025-11-12 22:59:25 [INFO] HackedCrate (BS_Hacked_Crate): Sending RPC Notification. Type: DESPAWN, Key: #STR_BSHC_Notification_Despawn_Located
2025-11-12 22:59:25 [INFO] EEDelete: Removed BS_Hacked_Crate from g_ActiveHackedCrates. Remaining count: 0
2025-11-12 22:59:25 [INFO] DeleteHackedCratesFromKnownLocations - Cleanup from known locations finished. Total inactive Hacked Crates (matching type and location) deleted: 3
2025-11-12 22:59:30 [INFO] PerformImmediateStaticSpawn - Calling CrateSpawner to setup STATIC Hacked Crates...
2025-11-12 22:59:30 [INFO] CrateSpawner: ------------- Starting IMMEDIATE STATIC Spawn Pass -------------
2025-11-12 22:59:30 [INFO] CrateSpawner: Processing IMMEDIATE STATIC for ConfigUniqueID: 'DefaultStaticEvent_Example1'.
2025-11-12 22:59:30 [INFO] SpawnStaticCrates: Processing 1 static locations for ConfigUniqueID: 'DefaultStaticEvent_Example1'.
2025-11-12 22:59:30 [INFO] SpawnStaticCrates: Location <2471.820068, 193.177002, 5114.220215> is free. Attempting to spawn crate.
2025-11-12 22:59:30 [INFO] Inventory for BS_Hacked_Crate LOCKED. IsOpen: false LootAccessActionDone: false
2025-11-12 22:59:30 [INFO] HackedCrate_Base (BS_Hacked_Crate): Instance specific CrateSettings assigned. ConfigUniqueID: DefaultStaticEvent_Example1
2025-11-12 22:59:30 [INFO] [SpawnAIAroundCrate] Spawning 2 AI(s) next to the crate.
2025-11-12 22:59:30 [INFO] [SpawnAIAroundCrate] Successfully spawned ZmbM_SoldierNormal at <2465.052490, 193.182953, 5099.770996>
2025-11-12 22:59:30 [INFO] [SpawnAIAroundCrate] Successfully spawned ZmbM_SoldierNormal at <2474.063232, 193.262222, 5099.762695>
2025-11-12 22:59:30 [INFO] CrateSpawner: ------------- Finished IMMEDIATE STATIC Spawn Pass -------------
2025-11-12 22:59:30 [INFO] DeferredEEInitLogic: START for BS_Hacked_Crate<3009030>. m_LoadedExpansionMarkerUID (should be from OnStoreLoad) is ''. Current m_ExpansionMarkerUID (active) is ''
2025-11-12 22:59:30 [INFO] DeferredEEInitLogic: Settings acquired successfully for BS_Hacked_Crate<3009030>.
2025-11-12 22:59:30 [INFO] DeferredEEInitLogic: m_ExpansionMarkerUID is empty. Calling CreateExpansionMapMarker for BS_Hacked_Crate<3009030>.
2025-11-12 22:59:30 [INFO] EXP_DEBUG: Inside CreateExpansionMapMarker for BS_Hacked_Crate.UseExpansionMapMarker is true.
2025-11-12 22:59:30 [INFO] EXP_DEBUG: EXPANSIONMODNAVIGATION is NOT defined. No Expansion marker will be created.
2025-11-12 22:59:30 [INFO] DeferredEEInitLogic: AG DEBUG for BS_Hacked_Crate<3009030>
2025-11-12 22:59:30 [INFO] BSHC_AG_DEBUG: BSHC_CreateAdvancedGroupsMapMarker call.
2025-11-12 22:59:30 [INFO] BSHC_AG_DEBUG: Final Marker Name: '#STR_BSHC_HackedCrate_DisplayName'
2025-11-12 22:59:30 [INFO] BSHC_AG_DEBUG: Trying to create AG marker with name: #STR_BSHC_HackedCrate_DisplayName, Pos: <2471.820068, 193.177002, 5114.220215>, Icon: BS_HackedCrate/gui/iconcrate.paa, Color: -65536, ShowOnMap: true, ShowInWorld: true
2025-11-12 22:59:30 [INFO] BSHC_AG_DEBUG: LBStaticMarkerManager.Get is accessible.
2025-11-12 22:59:30 [INFO] BSHC_AG_DEBUG: Created AG marker (UID: 155849549) for BS_Hacked_Crate
2025-11-12 22:59:30 [INFO] DeferredEEInitLogic: Final m_LootAccessActionDone for BS_Hacked_Crate<3009030> is: false
2025-11-12 22:59:30 [INFO] Inventory for BS_Hacked_Crate LOCKED. IsOpen: false LootAccessActionDone: false
2025-11-12 22:59:30 [INFO] DeferredEEInitLogic: FINISHED for BS_Hacked_Crate<3009030>
2025-11-12 23:04:35 [INFO] PerformInitialDynamicSpawn - Grace period ended. Calling CrateSpawner to setup initial DYNAMIC Hacked Crates...
2025-11-12 23:04:35 [INFO] CrateSpawner: ------------- Starting INITIAL DYNAMIC Spawn Pass (Post-Grace) -------------
2025-11-12 23:04:35 [INFO] CrateSpawner: Current server population for dynamic spawn: 2 players.
2025-11-12 23:04:35 [INFO] CrateSpawner: Processing DYNAMIC for ConfigUniqueID: 'DefaultDynamicEvent_Example1'.
2025-11-12 23:04:35 [INFO] CrateSpawner: Attempting to spawn 2 for ConfigUniqueID: 'DefaultDynamicEvent_Example1'.
2025-11-12 23:04:35 [INFO] SpawnRandomCrates: Attempting to spawn 2 of type 'BS_Hacked_Crate' with ConfigUniqueID 'DefaultDynamicEvent_Example1'.
2025-11-12 23:04:35 [INFO] SpawnRandomCrates: Shuffled list for 'DefaultDynamicEvent_Example1' is empty or non-existent. Regenerating and shuffling.
2025-11-12 23:04:35 [INFO] CrateSpawner: Sending spawn warning for 'BS_Hacked_Crate' at VMC
2025-11-12 23:04:35 [INFO] CrateSpawner: Added to pending list for ConfigUniqueID 'DefaultDynamicEvent_Example1'. New pending count: 1
2025-11-12 23:04:35 [INFO] CrateSpawner: Sending spawn warning for 'BS_Hacked_Crate' at Airfield
2025-11-12 23:04:35 [INFO] CrateSpawner: Added to pending list for ConfigUniqueID 'DefaultDynamicEvent_Example1'. New pending count: 2
2025-11-12 23:04:35 [INFO] CrateSpawner: ------------- Finished INITIAL DYNAMIC Spawn Pass -------------
2025-11-12 23:14:35 [INFO] SpawnCrateAfterWarning: Timer finished. Spawning crate BS_Hacked_Crate. Removed from pending list. New pending count: 1
2025-11-12 23:14:35 [INFO] Inventory for BS_Hacked_Crate LOCKED. IsOpen: false LootAccessActionDone: false
2025-11-12 23:14:35 [INFO] HackedCrate_Base (BS_Hacked_Crate): Instance specific CrateSettings assigned. ConfigUniqueID: DefaultDynamicEvent_Example1
2025-11-12 23:14:35 [INFO] CrateSpawner: Standard Notification RPC sent. Key: #STR_BSHC_Notification_Spawn_Located
2025-11-12 23:14:35 [INFO] [SpawnAIAroundCrate] Spawning 2 AI(s) next to the crate.
2025-11-12 23:14:35 [INFO] [SpawnAIAroundCrate] Successfully spawned ZmbM_SoldierNormal at <4531.597168, 317.651062, 8344.024414>
2025-11-12 23:14:35 [INFO] [SpawnAIAroundCrate] Successfully spawned ZmbM_SoldierNormal at <4562.481934, 317.923798, 8362.792969>
2025-11-12 23:14:35 [INFO] SpawnCrateAfterWarning: Timer finished. Spawning crate BS_Hacked_Crate. Removed from pending list. New pending count: 0
2025-11-12 23:14:35 [INFO] Inventory for BS_Hacked_Crate LOCKED. IsOpen: false LootAccessActionDone: false
2025-11-12 23:14:35 [INFO] HackedCrate_Base (BS_Hacked_Crate): Instance specific CrateSettings assigned. ConfigUniqueID: DefaultDynamicEvent_Example1
2025-11-12 23:14:35 [INFO] CrateSpawner: Standard Notification RPC sent. Key: #STR_BSHC_Notification_Spawn_Located
2025-11-12 23:14:35 [INFO] [SpawnAIAroundCrate] Spawning 3 AI(s) next to the crate.
2025-11-12 23:14:35 [INFO] [SpawnAIAroundCrate] Successfully spawned ZmbM_SoldierNormal at <4744.317871, 338.994690, 10361.475586>
2025-11-12 23:14:35 [INFO] [SpawnAIAroundCrate] Successfully spawned ZmbM_SoldierNormal at <4720.334473, 338.998779, 10343.422852>
2025-11-12 23:14:35 [INFO] [SpawnAIAroundCrate] Successfully spawned ZmbM_SoldierNormal at <4715.962402, 339.000000, 10339.208008>
2025-11-12 23:14:35 [INFO] DeferredEEInitLogic: START for BS_Hacked_Crate<3014136>. m_LoadedExpansionMarkerUID (should be from OnStoreLoad) is ''. Current m_ExpansionMarkerUID (active) is ''
2025-11-12 23:14:35 [INFO] DeferredEEInitLogic: Settings acquired successfully for BS_Hacked_Crate<3014136>.
2025-11-12 23:14:35 [INFO] DeferredEEInitLogic: m_ExpansionMarkerUID is empty. Calling CreateExpansionMapMarker for BS_Hacked_Crate<3014136>.
2025-11-12 23:14:35 [INFO] EXP_DEBUG: Inside CreateExpansionMapMarker for BS_Hacked_Crate.UseExpansionMapMarker is true.
2025-11-12 23:14:35 [INFO] EXP_DEBUG: EXPANSIONMODNAVIGATION is NOT defined. No Expansion marker will be created.
2025-11-12 23:14:35 [INFO] DeferredEEInitLogic: AG DEBUG for BS_Hacked_Crate<3014136>
2025-11-12 23:14:35 [INFO] BSHC_AG_DEBUG: BSHC_CreateAdvancedGroupsMapMarker call.
2025-11-12 23:14:35 [INFO] BSHC_AG_DEBUG: Final Marker Name: '#STR_BSHC_HackedCrate_DisplayName'
2025-11-12 23:14:35 [INFO] BSHC_AG_DEBUG: Trying to create AG marker with name: #STR_BSHC_HackedCrate_DisplayName, Pos: <4553.689941, 317.975006, 8352.099609>, Icon: BS_HackedCrate/gui/iconcrate.paa, Color: -65536, ShowOnMap: true, ShowInWorld: true
2025-11-12 23:14:35 [INFO] BSHC_AG_DEBUG: LBStaticMarkerManager.Get is accessible.
2025-11-12 23:14:35 [INFO] BSHC_AG_DEBUG: Created AG marker (UID: 1775883220) for BS_Hacked_Crate
2025-11-12 23:14:35 [INFO] DeferredEEInitLogic: Final m_LootAccessActionDone for BS_Hacked_Crate<3014136> is: false
2025-11-12 23:14:35 [INFO] Inventory for BS_Hacked_Crate LOCKED. IsOpen: false LootAccessActionDone: false
2025-11-12 23:14:35 [INFO] DeferredEEInitLogic: FINISHED for BS_Hacked_Crate<3014136>
2025-11-12 23:14:35 [INFO] DeferredEEInitLogic: START for BS_Hacked_Crate<3014139>. m_LoadedExpansionMarkerUID (should be from OnStoreLoad) is ''. Current m_ExpansionMarkerUID (active) is ''
2025-11-12 23:14:35 [INFO] DeferredEEInitLogic: Settings acquired successfully for BS_Hacked_Crate<3014139>.
2025-11-12 23:14:35 [INFO] DeferredEEInitLogic: m_ExpansionMarkerUID is empty. Calling CreateExpansionMapMarker for BS_Hacked_Crate<3014139>.
2025-11-12 23:14:35 [INFO] EXP_DEBUG: Inside CreateExpansionMapMarker for BS_Hacked_Crate.UseExpansionMapMarker is true.
2025-11-12 23:14:35 [INFO] EXP_DEBUG: EXPANSIONMODNAVIGATION is NOT defined. No Expansion marker will be created.
2025-11-12 23:14:35 [INFO] DeferredEEInitLogic: AG DEBUG for BS_Hacked_Crate<3014139>
2025-11-12 23:14:35 [INFO] BSHC_AG_DEBUG: BSHC_CreateAdvancedGroupsMapMarker call.
2025-11-12 23:14:35 [INFO] BSHC_AG_DEBUG: Final Marker Name: '#STR_BSHC_HackedCrate_DisplayName'
2025-11-12 23:14:35 [INFO] BSHC_AG_DEBUG: Trying to create AG marker with name: #STR_BSHC_HackedCrate_DisplayName, Pos: <4732.430176, 338.968994, 10350.200195>, Icon: BS_HackedCrate/gui/iconcrate.paa, Color: -65536, ShowOnMap: true, ShowInWorld: true
2025-11-12 23:14:35 [INFO] BSHC_AG_DEBUG: LBStaticMarkerManager.Get is accessible.
2025-11-12 23:14:35 [INFO] BSHC_AG_DEBUG: Created AG marker (UID: 466368564) for BS_Hacked_Crate
2025-11-12 23:14:35 [INFO] DeferredEEInitLogic: Final m_LootAccessActionDone for BS_Hacked_Crate<3014139> is: false
2025-11-12 23:14:35 [INFO] Inventory for BS_Hacked_Crate LOCKED. IsOpen: false LootAccessActionDone: false
2025-11-12 23:14:35 [INFO] DeferredEEInitLogic: FINISHED for BS_Hacked_Crate<3014139>
2025-11-12 23:54:16 [INFO] EEDelete called for BS_Hacked_Crate at <4732.430176, 338.968994, 10350.200195>
2025-11-12 23:54:16 [INFO] EXP_REMOVE_DEBUG: Attempting RemoveExpansionMapMarker. Context: EEDelete. Current UID: '' for BS_Hacked_Crate<3014139>
2025-11-12 23:54:16 [INFO] EXP_REMOVE_DEBUG: EXPANSIONMODNAVIGATION NOT defined. Cannot remove marker. Context: EEDelete for BS_Hacked_Crate<3014139>
2025-11-12 23:54:16 [INFO] BSHC_AG_DEBUG: BSHC_RemoveAdvancedGroupsMapMarker called.
2025-11-12 23:54:16 [INFO] BSHC_AG_DEBUG: Removing AG marker UID: 466368564
2025-11-12 23:54:16 [INFO] BSHC_AG_DEBUG: AG marker UID 466368564 successfully removed.
2025-11-12 23:54:16 [INFO] HackedCrate (BS_Hacked_Crate): Sending RPC Notification. Type: DESPAWN, Key: #STR_BSHC_Notification_Despawn_Located
2025-11-12 23:54:16 [INFO] EEDelete: Removed BS_Hacked_Crate from g_ActiveHackedCrates. Remaining count: 2
2025-11-12 23:59:12 [INFO] EEDelete called for BS_Hacked_Crate at <2471.820068, 193.177002, 5114.220215>
2025-11-12 23:59:12 [INFO] EXP_REMOVE_DEBUG: Attempting RemoveExpansionMapMarker. Context: EEDelete. Current UID: '' for BS_Hacked_Crate<3009030>
2025-11-12 23:59:12 [INFO] EXP_REMOVE_DEBUG: EXPANSIONMODNAVIGATION NOT defined. Cannot remove marker. Context: EEDelete for BS_Hacked_Crate<3009030>
2025-11-12 23:59:12 [INFO] BSHC_AG_DEBUG: BSHC_RemoveAdvancedGroupsMapMarker called.
2025-11-12 23:59:12 [INFO] BSHC_AG_DEBUG: Removing AG marker UID: 155849549
2025-11-12 23:59:12 [INFO] BSHC_AG_DEBUG: AG marker UID 155849549 successfully removed.
2025-11-12 23:59:12 [INFO] HackedCrate (BS_Hacked_Crate): Sending RPC Notification. Type: DESPAWN, Key: #STR_BSHC_Notification_Despawn_Located
2025-11-12 23:59:12 [INFO] EEDelete: Removed BS_Hacked_Crate from g_ActiveHackedCrates. Remaining count: 1
2025-11-12 23:59:15 [INFO] --------------------------------------------------------------------------
2025-11-12 23:59:15 [INFO] OnCrateSpawnTickPeriodic - Management Tick received. Evaluating individual crate configs...
2025-11-12 23:59:15 [INFO] --------------------------------------------------------------------------
2025-11-12 23:59:15 [INFO] Config 'DefaultDynamicEvent_Example1' is due for a check. Processing...
2025-11-12 23:59:15 [INFO] CrateSpawner: Processing ConfigUniqueID: 'DefaultDynamicEvent_Example1' (CrateType: 'BS_Hacked_Crate')
2025-11-12 23:59:15 [INFO] CrateSpawner: Handling RANDOM for ConfigUniqueID: 'DefaultDynamicEvent_Example1'.
2025-11-12 23:59:15 [INFO] CrateSpawner: ConfigUniqueID 'DefaultDynamicEvent_Example1' - Existing: 1, Target Active: 2
2025-11-12 23:59:15 [INFO] CrateSpawner: Attempting to spawn 1 for ConfigUniqueID: 'DefaultDynamicEvent_Example1'.
2025-11-12 23:59:15 [INFO] SpawnRandomCrates: Attempting to spawn 1 of type 'BS_Hacked_Crate' with ConfigUniqueID 'DefaultDynamicEvent_Example1'.
2025-11-12 23:59:15 [INFO] SpawnRandomCrates: Shuffled list for 'DefaultDynamicEvent_Example1' is empty or non-existent. Regenerating and shuffling.
2025-11-12 23:59:15 [INFO] SpawnRandomCrates: Location <4553.689941, 317.975006, 8352.099609> from shuffled list is considered occupied.
2025-11-12 23:59:15 [INFO] CrateSpawner: Sending spawn warning for 'BS_Hacked_Crate' at Airfield
2025-11-12 23:59:15 [INFO] CrateSpawner: Added to pending list for ConfigUniqueID 'DefaultDynamicEvent_Example1'. New pending count: 1
2025-11-12 23:59:15 [INFO] OnCrateSpawnTickPeriodic - Management Tick finished. Next check in 3600 seconds.
2025-11-13 00:06:49 [INFO] EEDelete called for BS_Hacked_Crate at <4553.689941, 317.975006, 8352.099609>
2025-11-13 00:06:49 [INFO] EXP_REMOVE_DEBUG: Attempting RemoveExpansionMapMarker. Context: EEDelete. Current UID: '' for BS_Hacked_Crate<3014136>
2025-11-13 00:06:49 [INFO] EXP_REMOVE_DEBUG: EXPANSIONMODNAVIGATION NOT defined. Cannot remove marker. Context: EEDelete for BS_Hacked_Crate<3014136>
2025-11-13 00:06:49 [INFO] BSHC_AG_DEBUG: BSHC_RemoveAdvancedGroupsMapMarker called.
2025-11-13 00:06:49 [INFO] BSHC_AG_DEBUG: Removing AG marker UID: 1775883220
2025-11-13 00:06:49 [INFO] BSHC_AG_DEBUG: AG marker UID 1775883220 successfully removed.
2025-11-13 00:06:49 [INFO] HackedCrate (BS_Hacked_Crate): Sending RPC Notification. Type: DESPAWN, Key: #STR_BSHC_Notification_Despawn_Located
2025-11-13 00:06:49 [INFO] EEDelete: Removed BS_Hacked_Crate from g_ActiveHackedCrates. Remaining count: 0
2025-11-13 00:09:15 [INFO] SpawnCrateAfterWarning: Timer finished. Spawning crate BS_Hacked_Crate. Removed from pending list. New pending count: 0
2025-11-13 00:09:15 [INFO] Inventory for BS_Hacked_Crate LOCKED. IsOpen: false LootAccessActionDone: false
2025-11-13 00:09:15 [INFO] HackedCrate_Base (BS_Hacked_Crate): Instance specific CrateSettings assigned. ConfigUniqueID: DefaultDynamicEvent_Example1
2025-11-13 00:09:15 [INFO] CrateSpawner: Standard Notification RPC sent. Key: #STR_BSHC_Notification_Spawn_Located
2025-11-13 00:09:15 [INFO] [SpawnAIAroundCrate] Spawning 2 AI(s) next to the crate.
2025-11-13 00:09:15 [INFO] [SpawnAIAroundCrate] Successfully spawned ZmbM_SoldierNormal at <4719.975098, 339.000000, 10341.557617>
2025-11-13 00:09:15 [INFO] [SpawnAIAroundCrate] Successfully spawned ZmbM_SoldierNormal at <4738.416504, 339.000000, 10338.693359>
2025-11-13 00:09:15 [INFO] DeferredEEInitLogic: START for BS_Hacked_Crate<3021096>. m_LoadedExpansionMarkerUID (should be from OnStoreLoad) is ''. Current m_ExpansionMarkerUID (active) is ''
2025-11-13 00:09:15 [INFO] DeferredEEInitLogic: Settings acquired successfully for BS_Hacked_Crate<3021096>.
2025-11-13 00:09:15 [INFO] DeferredEEInitLogic: m_ExpansionMarkerUID is empty. Calling CreateExpansionMapMarker for BS_Hacked_Crate<3021096>.
2025-11-13 00:09:15 [INFO] EXP_DEBUG: Inside CreateExpansionMapMarker for BS_Hacked_Crate.UseExpansionMapMarker is true.
2025-11-13 00:09:15 [INFO] EXP_DEBUG: EXPANSIONMODNAVIGATION is NOT defined. No Expansion marker will be created.
2025-11-13 00:09:15 [INFO] DeferredEEInitLogic: AG DEBUG for BS_Hacked_Crate<3021096>
2025-11-13 00:09:15 [INFO] BSHC_AG_DEBUG: BSHC_CreateAdvancedGroupsMapMarker call.
2025-11-13 00:09:15 [INFO] BSHC_AG_DEBUG: Final Marker Name: '#STR_BSHC_HackedCrate_DisplayName'
2025-11-13 00:09:15 [INFO] BSHC_AG_DEBUG: Trying to create AG marker with name: #STR_BSHC_HackedCrate_DisplayName, Pos: <4732.430176, 338.968994, 10350.200195>, Icon: BS_HackedCrate/gui/iconcrate.paa, Color: -65536, ShowOnMap: true, ShowInWorld: true
2025-11-13 00:09:15 [INFO] BSHC_AG_DEBUG: LBStaticMarkerManager.Get is accessible.
2025-11-13 00:09:15 [INFO] BSHC_AG_DEBUG: Created AG marker (UID: 1220186570) for BS_Hacked_Crate
2025-11-13 00:09:15 [INFO] DeferredEEInitLogic: Final m_LootAccessActionDone for BS_Hacked_Crate<3021096> is: false
2025-11-13 00:09:15 [INFO] Inventory for BS_Hacked_Crate LOCKED. IsOpen: false LootAccessActionDone: false
2025-11-13 00:09:15 [INFO] DeferredEEInitLogic: FINISHED for BS_Hacked_Crate<3021096>
2025-11-13 00:59:15 [INFO] --------------------------------------------------------------------------
2025-11-13 00:59:15 [INFO] OnCrateSpawnTickPeriodic - Management Tick received. Evaluating individual crate configs...
2025-11-13 00:59:15 [INFO] --------------------------------------------------------------------------
2025-11-13 00:59:15 [INFO] Config 'DefaultDynamicEvent_Example1' is due for a check. Processing...
2025-11-13 00:59:15 [INFO] CrateSpawner: Processing ConfigUniqueID: 'DefaultDynamicEvent_Example1' (CrateType: 'BS_Hacked_Crate')
2025-11-13 00:59:15 [INFO] CrateSpawner: Skipping ConfigUniqueID 'DefaultDynamicEvent_Example1'. Players required: 1, Current: 0
2025-11-13 00:59:15 [INFO] OnCrateSpawnTickPeriodic - Management Tick finished. Next check in 3600 seconds.
2025-11-13 01:59:15 [INFO] --------------------------------------------------------------------------
2025-11-13 01:59:15 [INFO] OnCrateSpawnTickPeriodic - Management Tick received. Evaluating individual crate configs...
2025-11-13 01:59:15 [INFO] --------------------------------------------------------------------------
2025-11-13 01:59:15 [INFO] Config 'DefaultDynamicEvent_Example1' is due for a check. Processing...
2025-11-13 01:59:15 [INFO] CrateSpawner: Processing ConfigUniqueID: 'DefaultDynamicEvent_Example1' (CrateType: 'BS_Hacked_Crate')
2025-11-13 01:59:15 [INFO] CrateSpawner: Skipping ConfigUniqueID 'DefaultDynamicEvent_Example1'. Players required: 1, Current: 0
2025-11-13 01:59:15 [INFO] OnCrateSpawnTickPeriodic - Management Tick finished. Next check in 3600 seconds.
2025-11-13 02:59:15 [INFO] --------------------------------------------------------------------------
2025-11-13 02:59:15 [INFO] OnCrateSpawnTickPeriodic - Management Tick received. Evaluating individual crate configs...
2025-11-13 02:59:15 [INFO] --------------------------------------------------------------------------
2025-11-13 02:59:15 [INFO] Config 'DefaultDynamicEvent_Example1' is due for a check. Processing...
2025-11-13 02:59:15 [INFO] CrateSpawner: Processing ConfigUniqueID: 'DefaultDynamicEvent_Example1' (CrateType: 'BS_Hacked_Crate')
2025-11-13 02:59:15 [INFO] CrateSpawner: Skipping ConfigUniqueID 'DefaultDynamicEvent_Example1'. Players required: 1, Current: 0
2025-11-13 02:59:15 [INFO] OnCrateSpawnTickPeriodic - Management Tick finished. Next check in 3600 seconds.
2025-11-13 03:59:15 [INFO] --------------------------------------------------------------------------
2025-11-13 03:59:15 [INFO] OnCrateSpawnTickPeriodic - Management Tick received. Evaluating individual crate configs...
2025-11-13 03:59:15 [INFO] --------------------------------------------------------------------------
2025-11-13 03:59:15 [INFO] Config 'DefaultDynamicEvent_Example1' is due for a check. Processing...
2025-11-13 03:59:15 [INFO] CrateSpawner: Processing ConfigUniqueID: 'DefaultDynamicEvent_Example1' (CrateType: 'BS_Hacked_Crate')
2025-11-13 03:59:15 [INFO] CrateSpawner: Skipping ConfigUniqueID 'DefaultDynamicEvent_Example1'. Players required: 1, Current: 0
2025-11-13 03:59:15 [INFO] OnCrateSpawnTickPeriodic - Management Tick finished. Next check in 3600 seconds.
2025-11-13 04:59:15 [INFO] --------------------------------------------------------------------------
2025-11-13 04:59:15 [INFO] OnCrateSpawnTickPeriodic - Management Tick received. Evaluating individual crate configs...
2025-11-13 04:59:15 [INFO] --------------------------------------------------------------------------
2025-11-13 04:59:15 [INFO] Config 'DefaultDynamicEvent_Example1' is due for a check. Processing...
2025-11-13 04:59:15 [INFO] CrateSpawner: Processing ConfigUniqueID: 'DefaultDynamicEvent_Example1' (CrateType: 'BS_Hacked_Crate')
2025-11-13 04:59:15 [INFO] CrateSpawner: Skipping ConfigUniqueID 'DefaultDynamicEvent_Example1'. Players required: 1, Current: 0
2025-11-13 04:59:15 [INFO] OnCrateSpawnTickPeriodic - Management Tick finished. Next check in 3600 seconds.
