2025-11-20 18:42:47 [INFO] OnInit - Initializing Bastardos Hacked Crates System...
2025-11-20 18:42:47 [INFO] OnInit - Loading Hacked Crate Loot Configuration (loot_pools.json)...
2025-11-20 18:42:47 [INFO] [BSHCLootPoolConfig] Found loot_pools.json at: $profile:\Bastardo_HC\loot_pools.json
2025-11-20 18:42:47 [INFO] [BSHCLootPoolConfig] JsonLoadFile executed. Loaded 2 categories defined in the root.
2025-11-20 18:42:47 [INFO] [BSHCLootPoolConfig] Category 'DefaultArmaments' has 1 loot pools.
2025-11-20 18:42:47 [INFO] [BSHCLootPoolConfig] Category 'DefaultMedical' has 1 loot pools.
2025-11-20 18:42:47 [INFO] OnInit - Hacked Crate Loot Configuration processed successfully.
2025-11-20 18:42:47 [INFO] OnInit - Loading Hacked Crate settings (global, static, dynamic)...
2025-11-20 18:42:47 [INFO] CrateManagement instance created with default grace period and tick interval.
2025-11-20 18:42:47 [INFO] [BSHCGlobalServerSettings] Loading from: $profile:\Bastardo_HC\BS_Global_settings.json
2025-11-20 18:42:47 [INFO] [CrateConfigManager] Re-saved static_crates.json to include any new options.
2025-11-20 18:42:47 [INFO] [CrateConfigManager] Re-saved dynamic_crates.json to include any new options.
2025-11-20 18:42:47 [INFO] [CrateConfigManager] Static CrateManagement has been set.
2025-11-20 18:42:47 [INFO] CrateSpawner instance created.
2025-11-20 18:42:47 [INFO] OnInit - Crate Spawner created. Grace Period: 5 minutes. Periodic Tick: 3600 seconds.
2025-11-20 18:42:47 [INFO] OnInit - Bastardos Hacked Crates System Initialization sequence finished.
2025-11-20 18:42:54 [INFO] OnMissionStart - Server mission started. Scheduling Hacked Crate cleanup and initial spawn setup.
2025-11-20 18:42:54 [INFO] OnMissionStart - Immediate STATIC Crate spawn scheduled in 15 seconds.
2025-11-20 18:42:54 [INFO] OnMissionStart - Initial DYNAMIC Crate spawn scheduled in approx. 320 seconds.
2025-11-20 18:42:54 [INFO] OnMissionStart - Scheduling first PERIODIC Crate Spawn Tick in approx. 3600 seconds.
2025-11-20 18:43:13 [INFO] Inventory for BS_Hacked_Crate LOCKED. IsOpen: false LootAccessActionDone: false
2025-11-20 18:43:13 [INFO] OnStoreLoad: m_ConfigUniqueID_Persist set from storage to: 'DefaultDynamicEvent_Example1' for BS_Hacked_Crate<2991636>
2025-11-20 18:43:13 [INFO] OnStoreLoad: FINISHED loading raw data into member variables for BS_Hacked_Crate<2991636>
2025-11-20 18:43:27 [INFO] DeferredEEInitLogic: START for BS_Hacked_Crate<2991636>. m_LoadedExpansionMarkerUID (should be from OnStoreLoad) is ''. Current m_ExpansionMarkerUID (active) is ''
2025-11-20 18:43:27 [INFO] GetCrateSettings: m_CrateSettings_Instance is NULL for BS_Hacked_Crate<2991636>. Calling AttemptToReacquireSettings().
2025-11-20 18:43:27 [INFO] HackedCrate_Base (BS_Hacked_Crate): Attempting to re-acquire CrateSettings. Persisted ConfigUniqueID is: 'DefaultDynamicEvent_Example1'
2025-11-20 18:43:27 [INFO] HackedCrate_Base (BS_Hacked_Crate): Instance specific CrateSettings assigned. ConfigUniqueID: DefaultDynamicEvent_Example1
2025-11-20 18:43:27 [INFO] HackedCrate_Base (BS_Hacked_Crate): Successfully re-acquired CrateSettings by persisted ConfigUniqueID 'DefaultDynamicEvent_Example1'.
2025-11-20 18:43:27 [INFO] DeferredEEInitLogic: Settings acquired successfully for BS_Hacked_Crate<2991636>.
2025-11-20 18:43:27 [INFO] DeferredEEInitLogic: m_ExpansionMarkerUID is empty. Calling CreateExpansionMapMarker for BS_Hacked_Crate<2991636>.
2025-11-20 18:43:27 [INFO] EXP_DEBUG: Inside CreateExpansionMapMarker for BS_Hacked_Crate.UseExpansionMapMarker is true.
2025-11-20 18:43:27 [INFO] EXP_DEBUG: EXPANSIONMODNAVIGATION is NOT defined. No Expansion marker will be created.
2025-11-20 18:43:27 [INFO] DeferredEEInitLogic: AG DEBUG for BS_Hacked_Crate<2991636>
2025-11-20 18:43:27 [INFO] BSHC_AG_DEBUG: BSHC_CreateAdvancedGroupsMapMarker call.
2025-11-20 18:43:27 [INFO] BSHC_AG_DEBUG: Final Marker Name: '#STR_BSHC_HackedCrate_DisplayName'
2025-11-20 18:43:27 [INFO] BSHC_AG_DEBUG: Trying to create AG marker with name: #STR_BSHC_HackedCrate_DisplayName, Pos: <4553.689941, 317.975006, 8352.099609>, Icon: BS_HackedCrate/gui/iconcrate.paa, Color: -65536, ShowOnMap: true, ShowInWorld: true
2025-11-20 18:43:27 [INFO] BSHC_AG_DEBUG: LBStaticMarkerManager.Get is accessible.
2025-11-20 18:43:27 [INFO] BSHC_AG_DEBUG: Created AG marker (UID: 1356505597) for BS_Hacked_Crate
2025-11-20 18:43:27 [INFO] DeferredEEInitLogic: Final m_LootAccessActionDone for BS_Hacked_Crate<2991636> is: false
2025-11-20 18:43:27 [INFO] Inventory for BS_Hacked_Crate LOCKED. IsOpen: false LootAccessActionDone: false
2025-11-20 18:43:27 [INFO] DeferredEEInitLogic: FINISHED for BS_Hacked_Crate<2991636>
2025-11-20 18:43:27 [INFO] DeferredEEInitLogic: Re-added persistent crate BS_Hacked_Crate to g_ActiveHackedCrates list.
2025-11-20 18:43:56 [INFO] DeleteHackedCratesFromKnownLocations - Starting cleanup of Hacked Crates from KNOWN SPAWN LOCATIONS as defined in configurations...
2025-11-20 18:43:56 [INFO] DeleteHackedCratesFromKnownLocations - Deleting INACTIVE: BS_Hacked_Crate (ID: 2991636) found at configured spawn Pos: <4553.689941, 317.975006, 8352.099609> for CrateType BS_Hacked_Crate
2025-11-20 18:43:56 [INFO] EEDelete called for BS_Hacked_Crate at <4553.689941, 317.975006, 8352.099609>
2025-11-20 18:43:56 [INFO] EXP_REMOVE_DEBUG: Attempting RemoveExpansionMapMarker. Context: EEDelete. Current UID: '' for BS_Hacked_Crate<2991636>
2025-11-20 18:43:56 [INFO] EXP_REMOVE_DEBUG: EXPANSIONMODNAVIGATION NOT defined. Cannot remove marker. Context: EEDelete for BS_Hacked_Crate<2991636>
2025-11-20 18:43:56 [INFO] BSHC_AG_DEBUG: BSHC_RemoveAdvancedGroupsMapMarker called.
2025-11-20 18:43:56 [INFO] BSHC_AG_DEBUG: Removing AG marker UID: 1356505597
2025-11-20 18:43:56 [INFO] BSHC_AG_DEBUG: AG marker UID 1356505597 successfully removed.
2025-11-20 18:43:56 [INFO] HackedCrate (BS_Hacked_Crate): Sending RPC Notification. Type: DESPAWN, Key: #STR_BSHC_Notification_Despawn_Located
2025-11-20 18:43:56 [INFO] EEDelete: Removed BS_Hacked_Crate from g_ActiveHackedCrates. Remaining count: 0
2025-11-20 18:43:56 [INFO] DeleteHackedCratesFromKnownLocations - Cleanup from known locations finished. Total inactive Hacked Crates (matching type and location) deleted: 1
2025-11-20 18:44:00 [INFO] PerformImmediateStaticSpawn - Calling CrateSpawner to setup STATIC Hacked Crates...
2025-11-20 18:44:00 [INFO] CrateSpawner: ------------- Starting IMMEDIATE STATIC Spawn Pass -------------
2025-11-20 18:44:00 [INFO] CrateSpawner: Processing IMMEDIATE STATIC for ConfigUniqueID: 'DefaultStaticEvent_Example1'.
2025-11-20 18:44:00 [INFO] SpawnStaticCrates: Processing 1 static locations for ConfigUniqueID: 'DefaultStaticEvent_Example1'.
2025-11-20 18:44:00 [INFO] SpawnStaticCrates: Location <2471.820068, 193.177002, 5114.220215> is free. Attempting to spawn crate.
2025-11-20 18:44:00 [INFO] Inventory for BS_Hacked_Crate LOCKED. IsOpen: false LootAccessActionDone: false
2025-11-20 18:44:00 [INFO] HackedCrate_Base (BS_Hacked_Crate): Instance specific CrateSettings assigned. ConfigUniqueID: DefaultStaticEvent_Example1
2025-11-20 18:44:00 [INFO] [SpawnAIAroundCrate] Spawning 1 AI(s) next to the crate.
2025-11-20 18:44:00 [INFO] [SpawnAIAroundCrate] Successfully spawned ZmbM_SoldierNormal at <2481.679688, 193.122940, 5123.885742>
2025-11-20 18:44:00 [INFO] CrateSpawner: ------------- Finished IMMEDIATE STATIC Spawn Pass -------------
2025-11-20 18:44:01 [INFO] DeferredEEInitLogic: START for BS_Hacked_Crate<3010500>. m_LoadedExpansionMarkerUID (should be from OnStoreLoad) is ''. Current m_ExpansionMarkerUID (active) is ''
2025-11-20 18:44:01 [INFO] DeferredEEInitLogic: Settings acquired successfully for BS_Hacked_Crate<3010500>.
2025-11-20 18:44:01 [INFO] DeferredEEInitLogic: m_ExpansionMarkerUID is empty. Calling CreateExpansionMapMarker for BS_Hacked_Crate<3010500>.
2025-11-20 18:44:01 [INFO] EXP_DEBUG: Inside CreateExpansionMapMarker for BS_Hacked_Crate.UseExpansionMapMarker is true.
2025-11-20 18:44:01 [INFO] EXP_DEBUG: EXPANSIONMODNAVIGATION is NOT defined. No Expansion marker will be created.
2025-11-20 18:44:01 [INFO] DeferredEEInitLogic: AG DEBUG for BS_Hacked_Crate<3010500>
2025-11-20 18:44:01 [INFO] BSHC_AG_DEBUG: BSHC_CreateAdvancedGroupsMapMarker call.
2025-11-20 18:44:01 [INFO] BSHC_AG_DEBUG: Final Marker Name: '#STR_BSHC_HackedCrate_DisplayName'
2025-11-20 18:44:01 [INFO] BSHC_AG_DEBUG: Trying to create AG marker with name: #STR_BSHC_HackedCrate_DisplayName, Pos: <2471.820068, 193.177002, 5114.220215>, Icon: BS_HackedCrate/gui/iconcrate.paa, Color: -65536, ShowOnMap: true, ShowInWorld: true
2025-11-20 18:44:01 [INFO] BSHC_AG_DEBUG: LBStaticMarkerManager.Get is accessible.
2025-11-20 18:44:01 [INFO] BSHC_AG_DEBUG: Created AG marker (UID: 1952901342) for BS_Hacked_Crate
2025-11-20 18:44:01 [INFO] DeferredEEInitLogic: Final m_LootAccessActionDone for BS_Hacked_Crate<3010500> is: false
2025-11-20 18:44:01 [INFO] Inventory for BS_Hacked_Crate LOCKED. IsOpen: false LootAccessActionDone: false
2025-11-20 18:44:01 [INFO] DeferredEEInitLogic: FINISHED for BS_Hacked_Crate<3010500>
2025-11-20 18:49:05 [INFO] PerformInitialDynamicSpawn - Grace period ended. Calling CrateSpawner to setup initial DYNAMIC Hacked Crates...
2025-11-20 18:49:05 [INFO] CrateSpawner: ------------- Starting INITIAL DYNAMIC Spawn Pass (Post-Grace) -------------
2025-11-20 18:49:05 [INFO] CrateSpawner: Current server population for dynamic spawn: 0 players.
2025-11-20 18:49:05 [INFO] CrateSpawner: Processing DYNAMIC for ConfigUniqueID: 'DefaultDynamicEvent_Example1'.
2025-11-20 18:49:05 [INFO] CrateSpawner: Skipping ConfigUniqueID 'DefaultDynamicEvent_Example1'. Players required: 1, Current: 0
2025-11-20 18:49:05 [INFO] CrateSpawner: ------------- Finished INITIAL DYNAMIC Spawn Pass -------------
2025-11-20 19:43:45 [INFO] --------------------------------------------------------------------------
2025-11-20 19:43:45 [INFO] OnCrateSpawnTickPeriodic - Management Tick received. Evaluating individual crate configs...
2025-11-20 19:43:45 [INFO] --------------------------------------------------------------------------
2025-11-20 19:43:45 [INFO] Config 'DefaultDynamicEvent_Example1' is due for a check. Processing...
2025-11-20 19:43:45 [INFO] CrateSpawner: Processing ConfigUniqueID: 'DefaultDynamicEvent_Example1' (CrateType: 'BS_Hacked_Crate')
2025-11-20 19:43:45 [INFO] CrateSpawner: Skipping ConfigUniqueID 'DefaultDynamicEvent_Example1'. Players required: 1, Current: 0
2025-11-20 19:43:45 [INFO] OnCrateSpawnTickPeriodic - Management Tick finished. Next check in 3600 seconds.
2025-11-20 20:43:45 [INFO] --------------------------------------------------------------------------
2025-11-20 20:43:45 [INFO] OnCrateSpawnTickPeriodic - Management Tick received. Evaluating individual crate configs...
2025-11-20 20:43:45 [INFO] --------------------------------------------------------------------------
2025-11-20 20:43:45 [INFO] Config 'DefaultDynamicEvent_Example1' is due for a check. Processing...
2025-11-20 20:43:45 [INFO] CrateSpawner: Processing ConfigUniqueID: 'DefaultDynamicEvent_Example1' (CrateType: 'BS_Hacked_Crate')
2025-11-20 20:43:45 [INFO] CrateSpawner: Skipping ConfigUniqueID 'DefaultDynamicEvent_Example1'. Players required: 1, Current: 0
2025-11-20 20:43:45 [INFO] OnCrateSpawnTickPeriodic - Management Tick finished. Next check in 3600 seconds.
2025-11-20 21:43:45 [INFO] --------------------------------------------------------------------------
2025-11-20 21:43:45 [INFO] OnCrateSpawnTickPeriodic - Management Tick received. Evaluating individual crate configs...
2025-11-20 21:43:45 [INFO] --------------------------------------------------------------------------
2025-11-20 21:43:45 [INFO] Config 'DefaultDynamicEvent_Example1' is due for a check. Processing...
2025-11-20 21:43:45 [INFO] CrateSpawner: Processing ConfigUniqueID: 'DefaultDynamicEvent_Example1' (CrateType: 'BS_Hacked_Crate')
2025-11-20 21:43:45 [INFO] CrateSpawner: Skipping ConfigUniqueID 'DefaultDynamicEvent_Example1'. Players required: 1, Current: 0
2025-11-20 21:43:45 [INFO] OnCrateSpawnTickPeriodic - Management Tick finished. Next check in 3600 seconds.
2025-11-20 22:43:45 [INFO] --------------------------------------------------------------------------
2025-11-20 22:43:45 [INFO] OnCrateSpawnTickPeriodic - Management Tick received. Evaluating individual crate configs...
2025-11-20 22:43:45 [INFO] --------------------------------------------------------------------------
2025-11-20 22:43:45 [INFO] Config 'DefaultDynamicEvent_Example1' is due for a check. Processing...
2025-11-20 22:43:45 [INFO] CrateSpawner: Processing ConfigUniqueID: 'DefaultDynamicEvent_Example1' (CrateType: 'BS_Hacked_Crate')
2025-11-20 22:43:45 [INFO] CrateSpawner: Skipping ConfigUniqueID 'DefaultDynamicEvent_Example1'. Players required: 1, Current: 0
2025-11-20 22:43:45 [INFO] OnCrateSpawnTickPeriodic - Management Tick finished. Next check in 3600 seconds.
2025-11-20 23:43:45 [INFO] --------------------------------------------------------------------------
2025-11-20 23:43:45 [INFO] OnCrateSpawnTickPeriodic - Management Tick received. Evaluating individual crate configs...
2025-11-20 23:43:45 [INFO] --------------------------------------------------------------------------
2025-11-20 23:43:45 [INFO] Config 'DefaultDynamicEvent_Example1' is due for a check. Processing...
2025-11-20 23:43:45 [INFO] CrateSpawner: Processing ConfigUniqueID: 'DefaultDynamicEvent_Example1' (CrateType: 'BS_Hacked_Crate')
2025-11-20 23:43:45 [INFO] CrateSpawner: Skipping ConfigUniqueID 'DefaultDynamicEvent_Example1'. Players required: 1, Current: 0
2025-11-20 23:43:45 [INFO] OnCrateSpawnTickPeriodic - Management Tick finished. Next check in 3600 seconds.
2025-11-21 00:43:45 [INFO] --------------------------------------------------------------------------
2025-11-21 00:43:45 [INFO] OnCrateSpawnTickPeriodic - Management Tick received. Evaluating individual crate configs...
2025-11-21 00:43:45 [INFO] --------------------------------------------------------------------------
2025-11-21 00:43:45 [INFO] Config 'DefaultDynamicEvent_Example1' is due for a check. Processing...
2025-11-21 00:43:45 [INFO] CrateSpawner: Processing ConfigUniqueID: 'DefaultDynamicEvent_Example1' (CrateType: 'BS_Hacked_Crate')
2025-11-21 00:43:45 [INFO] CrateSpawner: Skipping ConfigUniqueID 'DefaultDynamicEvent_Example1'. Players required: 1, Current: 0
2025-11-21 00:43:45 [INFO] OnCrateSpawnTickPeriodic - Management Tick finished. Next check in 3600 seconds.
2025-11-21 01:43:45 [INFO] --------------------------------------------------------------------------
2025-11-21 01:43:45 [INFO] OnCrateSpawnTickPeriodic - Management Tick received. Evaluating individual crate configs...
2025-11-21 01:43:45 [INFO] --------------------------------------------------------------------------
2025-11-21 01:43:45 [INFO] Config 'DefaultDynamicEvent_Example1' is due for a check. Processing...
2025-11-21 01:43:45 [INFO] CrateSpawner: Processing ConfigUniqueID: 'DefaultDynamicEvent_Example1' (CrateType: 'BS_Hacked_Crate')
2025-11-21 01:43:45 [INFO] CrateSpawner: Skipping ConfigUniqueID 'DefaultDynamicEvent_Example1'. Players required: 1, Current: 0
2025-11-21 01:43:45 [INFO] OnCrateSpawnTickPeriodic - Management Tick finished. Next check in 3600 seconds.
2025-11-21 02:43:45 [INFO] --------------------------------------------------------------------------
2025-11-21 02:43:45 [INFO] OnCrateSpawnTickPeriodic - Management Tick received. Evaluating individual crate configs...
2025-11-21 02:43:45 [INFO] --------------------------------------------------------------------------
2025-11-21 02:43:45 [INFO] Config 'DefaultDynamicEvent_Example1' is due for a check. Processing...
2025-11-21 02:43:45 [INFO] CrateSpawner: Processing ConfigUniqueID: 'DefaultDynamicEvent_Example1' (CrateType: 'BS_Hacked_Crate')
2025-11-21 02:43:45 [INFO] CrateSpawner: Skipping ConfigUniqueID 'DefaultDynamicEvent_Example1'. Players required: 1, Current: 0
2025-11-21 02:43:45 [INFO] OnCrateSpawnTickPeriodic - Management Tick finished. Next check in 3600 seconds.
2025-11-21 03:43:45 [INFO] --------------------------------------------------------------------------
2025-11-21 03:43:45 [INFO] OnCrateSpawnTickPeriodic - Management Tick received. Evaluating individual crate configs...
2025-11-21 03:43:45 [INFO] --------------------------------------------------------------------------
2025-11-21 03:43:45 [INFO] Config 'DefaultDynamicEvent_Example1' is due for a check. Processing...
2025-11-21 03:43:45 [INFO] CrateSpawner: Processing ConfigUniqueID: 'DefaultDynamicEvent_Example1' (CrateType: 'BS_Hacked_Crate')
2025-11-21 03:43:45 [INFO] CrateSpawner: Skipping ConfigUniqueID 'DefaultDynamicEvent_Example1'. Players required: 1, Current: 0
2025-11-21 03:43:45 [INFO] OnCrateSpawnTickPeriodic - Management Tick finished. Next check in 3600 seconds.
2025-11-21 04:43:45 [INFO] --------------------------------------------------------------------------
2025-11-21 04:43:45 [INFO] OnCrateSpawnTickPeriodic - Management Tick received. Evaluating individual crate configs...
2025-11-21 04:43:45 [INFO] --------------------------------------------------------------------------
2025-11-21 04:43:45 [INFO] OnCrateSpawnTickPeriodic - Management Tick finished. Next check in 3600 seconds.
2025-11-21 05:43:45 [INFO] --------------------------------------------------------------------------
2025-11-21 05:43:45 [INFO] OnCrateSpawnTickPeriodic - Management Tick received. Evaluating individual crate configs...
2025-11-21 05:43:45 [INFO] --------------------------------------------------------------------------
2025-11-21 05:43:45 [INFO] Config 'DefaultDynamicEvent_Example1' is due for a check. Processing...
2025-11-21 05:43:45 [INFO] CrateSpawner: Processing ConfigUniqueID: 'DefaultDynamicEvent_Example1' (CrateType: 'BS_Hacked_Crate')
2025-11-21 05:43:45 [INFO] CrateSpawner: Skipping ConfigUniqueID 'DefaultDynamicEvent_Example1'. Players required: 1, Current: 0
2025-11-21 05:43:45 [INFO] OnCrateSpawnTickPeriodic - Management Tick finished. Next check in 3600 seconds.
2025-11-21 06:43:45 [INFO] --------------------------------------------------------------------------
2025-11-21 06:43:45 [INFO] OnCrateSpawnTickPeriodic - Management Tick received. Evaluating individual crate configs...
2025-11-21 06:43:45 [INFO] --------------------------------------------------------------------------
2025-11-21 06:43:45 [INFO] Config 'DefaultDynamicEvent_Example1' is due for a check. Processing...
2025-11-21 06:43:45 [INFO] CrateSpawner: Processing ConfigUniqueID: 'DefaultDynamicEvent_Example1' (CrateType: 'BS_Hacked_Crate')
2025-11-21 06:43:45 [INFO] CrateSpawner: Skipping ConfigUniqueID 'DefaultDynamicEvent_Example1'. Players required: 1, Current: 0
2025-11-21 06:43:45 [INFO] OnCrateSpawnTickPeriodic - Management Tick finished. Next check in 3600 seconds.
2025-11-21 07:43:45 [INFO] --------------------------------------------------------------------------
2025-11-21 07:43:45 [INFO] OnCrateSpawnTickPeriodic - Management Tick received. Evaluating individual crate configs...
2025-11-21 07:43:45 [INFO] --------------------------------------------------------------------------
2025-11-21 07:43:45 [INFO] Config 'DefaultDynamicEvent_Example1' is due for a check. Processing...
2025-11-21 07:43:45 [INFO] CrateSpawner: Processing ConfigUniqueID: 'DefaultDynamicEvent_Example1' (CrateType: 'BS_Hacked_Crate')
2025-11-21 07:43:45 [INFO] CrateSpawner: Skipping ConfigUniqueID 'DefaultDynamicEvent_Example1'. Players required: 1, Current: 0
2025-11-21 07:43:45 [INFO] OnCrateSpawnTickPeriodic - Management Tick finished. Next check in 3600 seconds.
2025-11-21 08:43:45 [INFO] --------------------------------------------------------------------------
2025-11-21 08:43:45 [INFO] OnCrateSpawnTickPeriodic - Management Tick received. Evaluating individual crate configs...
2025-11-21 08:43:45 [INFO] --------------------------------------------------------------------------
2025-11-21 08:43:45 [INFO] Config 'DefaultDynamicEvent_Example1' is due for a check. Processing...
2025-11-21 08:43:45 [INFO] CrateSpawner: Processing ConfigUniqueID: 'DefaultDynamicEvent_Example1' (CrateType: 'BS_Hacked_Crate')
2025-11-21 08:43:45 [INFO] CrateSpawner: Skipping ConfigUniqueID 'DefaultDynamicEvent_Example1'. Players required: 1, Current: 0
2025-11-21 08:43:45 [INFO] OnCrateSpawnTickPeriodic - Management Tick finished. Next check in 3600 seconds.
2025-11-21 09:43:45 [INFO] --------------------------------------------------------------------------
2025-11-21 09:43:45 [INFO] OnCrateSpawnTickPeriodic - Management Tick received. Evaluating individual crate configs...
2025-11-21 09:43:45 [INFO] --------------------------------------------------------------------------
2025-11-21 09:43:45 [INFO] Config 'DefaultDynamicEvent_Example1' is due for a check. Processing...
2025-11-21 09:43:45 [INFO] CrateSpawner: Processing ConfigUniqueID: 'DefaultDynamicEvent_Example1' (CrateType: 'BS_Hacked_Crate')
2025-11-21 09:43:45 [INFO] CrateSpawner: Skipping ConfigUniqueID 'DefaultDynamicEvent_Example1'. Players required: 1, Current: 0
2025-11-21 09:43:45 [INFO] OnCrateSpawnTickPeriodic - Management Tick finished. Next check in 3600 seconds.
2025-11-21 10:43:45 [INFO] --------------------------------------------------------------------------
2025-11-21 10:43:45 [INFO] OnCrateSpawnTickPeriodic - Management Tick received. Evaluating individual crate configs...
2025-11-21 10:43:45 [INFO] --------------------------------------------------------------------------
2025-11-21 10:43:45 [INFO] Config 'DefaultDynamicEvent_Example1' is due for a check. Processing...
2025-11-21 10:43:45 [INFO] CrateSpawner: Processing ConfigUniqueID: 'DefaultDynamicEvent_Example1' (CrateType: 'BS_Hacked_Crate')
2025-11-21 10:43:45 [INFO] CrateSpawner: Skipping ConfigUniqueID 'DefaultDynamicEvent_Example1'. Players required: 1, Current: 0
2025-11-21 10:43:45 [INFO] OnCrateSpawnTickPeriodic - Management Tick finished. Next check in 3600 seconds.
2025-11-21 11:43:45 [INFO] --------------------------------------------------------------------------
2025-11-21 11:43:45 [INFO] OnCrateSpawnTickPeriodic - Management Tick received. Evaluating individual crate configs...
2025-11-21 11:43:45 [INFO] --------------------------------------------------------------------------
2025-11-21 11:43:45 [INFO] Config 'DefaultDynamicEvent_Example1' is due for a check. Processing...
2025-11-21 11:43:45 [INFO] CrateSpawner: Processing ConfigUniqueID: 'DefaultDynamicEvent_Example1' (CrateType: 'BS_Hacked_Crate')
2025-11-21 11:43:45 [INFO] CrateSpawner: Skipping ConfigUniqueID 'DefaultDynamicEvent_Example1'. Players required: 1, Current: 0
2025-11-21 11:43:45 [INFO] OnCrateSpawnTickPeriodic - Management Tick finished. Next check in 3600 seconds.
2025-11-21 12:43:45 [INFO] --------------------------------------------------------------------------
2025-11-21 12:43:45 [INFO] OnCrateSpawnTickPeriodic - Management Tick received. Evaluating individual crate configs...
2025-11-21 12:43:45 [INFO] --------------------------------------------------------------------------
2025-11-21 12:43:45 [INFO] Config 'DefaultDynamicEvent_Example1' is due for a check. Processing...
2025-11-21 12:43:45 [INFO] CrateSpawner: Processing ConfigUniqueID: 'DefaultDynamicEvent_Example1' (CrateType: 'BS_Hacked_Crate')
2025-11-21 12:43:45 [INFO] CrateSpawner: Skipping ConfigUniqueID 'DefaultDynamicEvent_Example1'. Players required: 1, Current: 0
2025-11-21 12:43:45 [INFO] OnCrateSpawnTickPeriodic - Management Tick finished. Next check in 3600 seconds.
2025-11-21 13:43:45 [INFO] --------------------------------------------------------------------------
2025-11-21 13:43:45 [INFO] OnCrateSpawnTickPeriodic - Management Tick received. Evaluating individual crate configs...
2025-11-21 13:43:45 [INFO] --------------------------------------------------------------------------
2025-11-21 13:43:45 [INFO] Config 'DefaultDynamicEvent_Example1' is due for a check. Processing...
2025-11-21 13:43:45 [INFO] CrateSpawner: Processing ConfigUniqueID: 'DefaultDynamicEvent_Example1' (CrateType: 'BS_Hacked_Crate')
2025-11-21 13:43:45 [INFO] CrateSpawner: Handling RANDOM for ConfigUniqueID: 'DefaultDynamicEvent_Example1'.
2025-11-21 13:43:45 [INFO] CrateSpawner: ConfigUniqueID 'DefaultDynamicEvent_Example1' - Existing: 0, Target Active: 2
2025-11-21 13:43:45 [INFO] CrateSpawner: Attempting to spawn 2 for ConfigUniqueID: 'DefaultDynamicEvent_Example1'.
2025-11-21 13:43:45 [INFO] SpawnRandomCrates: Attempting to spawn 2 of type 'BS_Hacked_Crate' with ConfigUniqueID 'DefaultDynamicEvent_Example1'.
2025-11-21 13:43:45 [INFO] SpawnRandomCrates: Shuffled list for 'DefaultDynamicEvent_Example1' is empty or non-existent. Regenerating and shuffling.
2025-11-21 13:43:45 [INFO] CrateSpawner: Sending spawn warning for 'BS_Hacked_Crate' at VMC
2025-11-21 13:43:45 [INFO] CrateSpawner: Added to pending list for ConfigUniqueID 'DefaultDynamicEvent_Example1'. New pending count: 1
2025-11-21 13:43:45 [INFO] CrateSpawner: Sending spawn warning for 'BS_Hacked_Crate' at Airfield
2025-11-21 13:43:45 [INFO] CrateSpawner: Added to pending list for ConfigUniqueID 'DefaultDynamicEvent_Example1'. New pending count: 2
2025-11-21 13:43:45 [INFO] OnCrateSpawnTickPeriodic - Management Tick finished. Next check in 3600 seconds.
2025-11-21 13:53:45 [INFO] SpawnCrateAfterWarning: Timer finished. Spawning crate BS_Hacked_Crate. Removed from pending list. New pending count: 1
2025-11-21 13:53:45 [INFO] Inventory for BS_Hacked_Crate LOCKED. IsOpen: false LootAccessActionDone: false
2025-11-21 13:53:45 [INFO] HackedCrate_Base (BS_Hacked_Crate): Instance specific CrateSettings assigned. ConfigUniqueID: DefaultDynamicEvent_Example1
2025-11-21 13:53:45 [INFO] CrateSpawner: Standard Notification RPC sent. Key: #STR_BSHC_Notification_Spawn_Located
2025-11-21 13:53:45 [INFO] [SpawnAIAroundCrate] Spawning 3 AI(s) next to the crate.
2025-11-21 13:53:45 [INFO] [SpawnAIAroundCrate] Successfully spawned ZmbM_SoldierNormal at <4552.739258, 317.989990, 8367.141602>
2025-11-21 13:53:45 [INFO] [SpawnAIAroundCrate] Successfully spawned ZmbM_SoldierNormal at <4537.509277, 317.900604, 8358.652344>
2025-11-21 13:53:45 [INFO] [SpawnAIAroundCrate] Successfully spawned ZmbM_SoldierNormal at <4541.101074, 317.770599, 8334.292969>
2025-11-21 13:53:45 [INFO] SpawnCrateAfterWarning: Timer finished. Spawning crate BS_Hacked_Crate. Removed from pending list. New pending count: 0
2025-11-21 13:53:45 [INFO] Inventory for BS_Hacked_Crate LOCKED. IsOpen: false LootAccessActionDone: false
2025-11-21 13:53:45 [INFO] HackedCrate_Base (BS_Hacked_Crate): Instance specific CrateSettings assigned. ConfigUniqueID: DefaultDynamicEvent_Example1
2025-11-21 13:53:45 [INFO] CrateSpawner: Standard Notification RPC sent. Key: #STR_BSHC_Notification_Spawn_Located
2025-11-21 13:53:45 [INFO] [SpawnAIAroundCrate] Spawning 3 AI(s) next to the crate.
2025-11-21 13:53:45 [INFO] [SpawnAIAroundCrate] Successfully spawned ZmbM_SoldierNormal at <4734.253418, 339.000000, 10340.331055>
2025-11-21 13:53:45 [INFO] [SpawnAIAroundCrate] Successfully spawned ZmbM_SoldierNormal at <4752.238770, 339.000000, 10339.694336>
2025-11-21 13:53:45 [INFO] [SpawnAIAroundCrate] Successfully spawned ZmbM_SoldierNormal at <4740.930176, 338.989990, 10367.685547>
2025-11-21 13:53:46 [INFO] DeferredEEInitLogic: START for BS_Hacked_Crate<3016734>. m_LoadedExpansionMarkerUID (should be from OnStoreLoad) is ''. Current m_ExpansionMarkerUID (active) is ''
2025-11-21 13:53:46 [INFO] DeferredEEInitLogic: Settings acquired successfully for BS_Hacked_Crate<3016734>.
2025-11-21 13:53:46 [INFO] DeferredEEInitLogic: m_ExpansionMarkerUID is empty. Calling CreateExpansionMapMarker for BS_Hacked_Crate<3016734>.
2025-11-21 13:53:46 [INFO] EXP_DEBUG: Inside CreateExpansionMapMarker for BS_Hacked_Crate.UseExpansionMapMarker is true.
2025-11-21 13:53:46 [INFO] EXP_DEBUG: EXPANSIONMODNAVIGATION is NOT defined. No Expansion marker will be created.
2025-11-21 13:53:46 [INFO] DeferredEEInitLogic: AG DEBUG for BS_Hacked_Crate<3016734>
2025-11-21 13:53:46 [INFO] BSHC_AG_DEBUG: BSHC_CreateAdvancedGroupsMapMarker call.
2025-11-21 13:53:46 [INFO] BSHC_AG_DEBUG: Final Marker Name: '#STR_BSHC_HackedCrate_DisplayName'
2025-11-21 13:53:46 [INFO] BSHC_AG_DEBUG: Trying to create AG marker with name: #STR_BSHC_HackedCrate_DisplayName, Pos: <4553.689941, 317.975006, 8352.099609>, Icon: BS_HackedCrate/gui/iconcrate.paa, Color: -65536, ShowOnMap: true, ShowInWorld: true
2025-11-21 13:53:46 [INFO] BSHC_AG_DEBUG: LBStaticMarkerManager.Get is accessible.
2025-11-21 13:53:46 [INFO] BSHC_AG_DEBUG: Created AG marker (UID: 96734278) for BS_Hacked_Crate
2025-11-21 13:53:46 [INFO] DeferredEEInitLogic: Final m_LootAccessActionDone for BS_Hacked_Crate<3016734> is: false
2025-11-21 13:53:46 [INFO] Inventory for BS_Hacked_Crate LOCKED. IsOpen: false LootAccessActionDone: false
2025-11-21 13:53:46 [INFO] DeferredEEInitLogic: FINISHED for BS_Hacked_Crate<3016734>
2025-11-21 13:53:46 [INFO] DeferredEEInitLogic: START for BS_Hacked_Crate<3016738>. m_LoadedExpansionMarkerUID (should be from OnStoreLoad) is ''. Current m_ExpansionMarkerUID (active) is ''
2025-11-21 13:53:46 [INFO] DeferredEEInitLogic: Settings acquired successfully for BS_Hacked_Crate<3016738>.
2025-11-21 13:53:46 [INFO] DeferredEEInitLogic: m_ExpansionMarkerUID is empty. Calling CreateExpansionMapMarker for BS_Hacked_Crate<3016738>.
2025-11-21 13:53:46 [INFO] EXP_DEBUG: Inside CreateExpansionMapMarker for BS_Hacked_Crate.UseExpansionMapMarker is true.
2025-11-21 13:53:46 [INFO] EXP_DEBUG: EXPANSIONMODNAVIGATION is NOT defined. No Expansion marker will be created.
2025-11-21 13:53:46 [INFO] DeferredEEInitLogic: AG DEBUG for BS_Hacked_Crate<3016738>
2025-11-21 13:53:46 [INFO] BSHC_AG_DEBUG: BSHC_CreateAdvancedGroupsMapMarker call.
2025-11-21 13:53:46 [INFO] BSHC_AG_DEBUG: Final Marker Name: '#STR_BSHC_HackedCrate_DisplayName'
2025-11-21 13:53:46 [INFO] BSHC_AG_DEBUG: Trying to create AG marker with name: #STR_BSHC_HackedCrate_DisplayName, Pos: <4732.430176, 338.968994, 10350.200195>, Icon: BS_HackedCrate/gui/iconcrate.paa, Color: -65536, ShowOnMap: true, ShowInWorld: true
2025-11-21 13:53:46 [INFO] BSHC_AG_DEBUG: LBStaticMarkerManager.Get is accessible.
2025-11-21 13:53:46 [INFO] BSHC_AG_DEBUG: Created AG marker (UID: 746477950) for BS_Hacked_Crate
2025-11-21 13:53:46 [INFO] DeferredEEInitLogic: Final m_LootAccessActionDone for BS_Hacked_Crate<3016738> is: false
2025-11-21 13:53:46 [INFO] Inventory for BS_Hacked_Crate LOCKED. IsOpen: false LootAccessActionDone: false
2025-11-21 13:53:46 [INFO] DeferredEEInitLogic: FINISHED for BS_Hacked_Crate<3016738>
2025-11-21 14:00:13 [INFO] EEDelete called for BS_Hacked_Crate at <2471.820068, 193.177002, 5114.220215>
2025-11-21 14:00:13 [INFO] EXP_REMOVE_DEBUG: Attempting RemoveExpansionMapMarker. Context: EEDelete. Current UID: '' for BS_Hacked_Crate<3010500>
2025-11-21 14:00:13 [INFO] EXP_REMOVE_DEBUG: EXPANSIONMODNAVIGATION NOT defined. Cannot remove marker. Context: EEDelete for BS_Hacked_Crate<3010500>
2025-11-21 14:00:13 [INFO] BSHC_AG_DEBUG: BSHC_RemoveAdvancedGroupsMapMarker called.
2025-11-21 14:00:13 [INFO] BSHC_AG_DEBUG: Removing AG marker UID: 1952901342
2025-11-21 14:00:13 [INFO] BSHC_AG_DEBUG: AG marker UID 1952901342 successfully removed.
2025-11-21 14:00:13 [INFO] HackedCrate (BS_Hacked_Crate): Sending RPC Notification. Type: DESPAWN, Key: #STR_BSHC_Notification_Despawn_Located
2025-11-21 14:00:13 [INFO] EEDelete: Removed BS_Hacked_Crate from g_ActiveHackedCrates. Remaining count: 2
2025-11-21 14:25:19 [INFO] EEDelete called for BS_Hacked_Crate at <4732.430176, 338.968994, 10350.200195>
2025-11-21 14:25:19 [INFO] EXP_REMOVE_DEBUG: Attempting RemoveExpansionMapMarker. Context: EEDelete. Current UID: '' for BS_Hacked_Crate<3016738>
2025-11-21 14:25:19 [INFO] EXP_REMOVE_DEBUG: EXPANSIONMODNAVIGATION NOT defined. Cannot remove marker. Context: EEDelete for BS_Hacked_Crate<3016738>
2025-11-21 14:25:19 [INFO] BSHC_AG_DEBUG: BSHC_RemoveAdvancedGroupsMapMarker called.
2025-11-21 14:25:19 [INFO] BSHC_AG_DEBUG: Removing AG marker UID: 746477950
2025-11-21 14:25:19 [INFO] BSHC_AG_DEBUG: AG marker UID 746477950 successfully removed.
2025-11-21 14:25:19 [INFO] HackedCrate (BS_Hacked_Crate): Sending RPC Notification. Type: DESPAWN, Key: #STR_BSHC_Notification_Despawn_Located
2025-11-21 14:25:19 [INFO] EEDelete: Removed BS_Hacked_Crate from g_ActiveHackedCrates. Remaining count: 1
2025-11-21 14:42:21 [INFO] EEDelete called for BS_Hacked_Crate at <4553.689941, 317.975006, 8352.099609>
2025-11-21 14:42:21 [INFO] EXP_REMOVE_DEBUG: Attempting RemoveExpansionMapMarker. Context: EEDelete. Current UID: '' for BS_Hacked_Crate<3016734>
2025-11-21 14:42:21 [INFO] EXP_REMOVE_DEBUG: EXPANSIONMODNAVIGATION NOT defined. Cannot remove marker. Context: EEDelete for BS_Hacked_Crate<3016734>
2025-11-21 14:42:21 [INFO] BSHC_AG_DEBUG: BSHC_RemoveAdvancedGroupsMapMarker called.
2025-11-21 14:42:21 [INFO] BSHC_AG_DEBUG: Removing AG marker UID: 96734278
2025-11-21 14:42:21 [INFO] BSHC_AG_DEBUG: AG marker UID 96734278 successfully removed.
2025-11-21 14:42:21 [INFO] HackedCrate (BS_Hacked_Crate): Sending RPC Notification. Type: DESPAWN, Key: #STR_BSHC_Notification_Despawn_Located
2025-11-21 14:42:21 [INFO] EEDelete: Removed BS_Hacked_Crate from g_ActiveHackedCrates. Remaining count: 0
2025-11-21 14:43:45 [INFO] --------------------------------------------------------------------------
2025-11-21 14:43:45 [INFO] OnCrateSpawnTickPeriodic - Management Tick received. Evaluating individual crate configs...
2025-11-21 14:43:45 [INFO] --------------------------------------------------------------------------
2025-11-21 14:43:45 [INFO] Config 'DefaultDynamicEvent_Example1' is due for a check. Processing...
2025-11-21 14:43:45 [INFO] CrateSpawner: Processing ConfigUniqueID: 'DefaultDynamicEvent_Example1' (CrateType: 'BS_Hacked_Crate')
2025-11-21 14:43:45 [INFO] CrateSpawner: Handling RANDOM for ConfigUniqueID: 'DefaultDynamicEvent_Example1'.
2025-11-21 14:43:45 [INFO] CrateSpawner: ConfigUniqueID 'DefaultDynamicEvent_Example1' - Existing: 0, Target Active: 2
2025-11-21 14:43:45 [INFO] CrateSpawner: Attempting to spawn 2 for ConfigUniqueID: 'DefaultDynamicEvent_Example1'.
2025-11-21 14:43:45 [INFO] SpawnRandomCrates: Attempting to spawn 2 of type 'BS_Hacked_Crate' with ConfigUniqueID 'DefaultDynamicEvent_Example1'.
2025-11-21 14:43:45 [INFO] SpawnRandomCrates: Shuffled list for 'DefaultDynamicEvent_Example1' is empty or non-existent. Regenerating and shuffling.
2025-11-21 14:43:45 [INFO] CrateSpawner: Sending spawn warning for 'BS_Hacked_Crate' at Airfield
2025-11-21 14:43:45 [INFO] CrateSpawner: Added to pending list for ConfigUniqueID 'DefaultDynamicEvent_Example1'. New pending count: 1
2025-11-21 14:43:45 [INFO] CrateSpawner: Sending spawn warning for 'BS_Hacked_Crate' at VMC
2025-11-21 14:43:45 [INFO] CrateSpawner: Added to pending list for ConfigUniqueID 'DefaultDynamicEvent_Example1'. New pending count: 2
2025-11-21 14:43:45 [INFO] OnCrateSpawnTickPeriodic - Management Tick finished. Next check in 3600 seconds.
2025-11-21 14:53:45 [INFO] SpawnCrateAfterWarning: Timer finished. Spawning crate BS_Hacked_Crate. Removed from pending list. New pending count: 1
2025-11-21 14:53:45 [INFO] Inventory for BS_Hacked_Crate LOCKED. IsOpen: false LootAccessActionDone: false
2025-11-21 14:53:45 [INFO] HackedCrate_Base (BS_Hacked_Crate): Instance specific CrateSettings assigned. ConfigUniqueID: DefaultDynamicEvent_Example1
2025-11-21 14:53:45 [INFO] [SpawnAIAroundCrate] Spawning 2 AI(s) next to the crate.
2025-11-21 14:53:45 [INFO] [SpawnAIAroundCrate] Successfully spawned ZmbM_SoldierNormal at <4730.668457, 339.000000, 10333.685547>
2025-11-21 14:53:45 [INFO] [SpawnAIAroundCrate] Successfully spawned ZmbM_SoldierNormal at <4723.080078, 338.998169, 10368.295898>
2025-11-21 14:53:45 [INFO] SpawnCrateAfterWarning: Timer finished. Spawning crate BS_Hacked_Crate. Removed from pending list. New pending count: 0
2025-11-21 14:53:45 [INFO] Inventory for BS_Hacked_Crate LOCKED. IsOpen: false LootAccessActionDone: false
2025-11-21 14:53:45 [INFO] HackedCrate_Base (BS_Hacked_Crate): Instance specific CrateSettings assigned. ConfigUniqueID: DefaultDynamicEvent_Example1
2025-11-21 14:53:45 [INFO] [SpawnAIAroundCrate] Spawning 1 AI(s) next to the crate.
2025-11-21 14:53:45 [INFO] [SpawnAIAroundCrate] Successfully spawned ZmbM_SoldierNormal at <4559.575195, 317.989990, 8364.775391>
2025-11-21 14:53:46 [INFO] DeferredEEInitLogic: START for BS_Hacked_Crate<3020307>. m_LoadedExpansionMarkerUID (should be from OnStoreLoad) is ''. Current m_ExpansionMarkerUID (active) is ''
2025-11-21 14:53:46 [INFO] DeferredEEInitLogic: Settings acquired successfully for BS_Hacked_Crate<3020307>.
2025-11-21 14:53:46 [INFO] DeferredEEInitLogic: m_ExpansionMarkerUID is empty. Calling CreateExpansionMapMarker for BS_Hacked_Crate<3020307>.
2025-11-21 14:53:46 [INFO] EXP_DEBUG: Inside CreateExpansionMapMarker for BS_Hacked_Crate.UseExpansionMapMarker is true.
2025-11-21 14:53:46 [INFO] EXP_DEBUG: EXPANSIONMODNAVIGATION is NOT defined. No Expansion marker will be created.
2025-11-21 14:53:46 [INFO] DeferredEEInitLogic: AG DEBUG for BS_Hacked_Crate<3020307>
2025-11-21 14:53:46 [INFO] BSHC_AG_DEBUG: BSHC_CreateAdvancedGroupsMapMarker call.
2025-11-21 14:53:46 [INFO] BSHC_AG_DEBUG: Final Marker Name: '#STR_BSHC_HackedCrate_DisplayName'
2025-11-21 14:53:46 [INFO] BSHC_AG_DEBUG: Trying to create AG marker with name: #STR_BSHC_HackedCrate_DisplayName, Pos: <4732.430176, 338.968994, 10350.200195>, Icon: BS_HackedCrate/gui/iconcrate.paa, Color: -65536, ShowOnMap: true, ShowInWorld: true
2025-11-21 14:53:46 [INFO] BSHC_AG_DEBUG: LBStaticMarkerManager.Get is accessible.
2025-11-21 14:53:46 [INFO] BSHC_AG_DEBUG: Created AG marker (UID: 1184402825) for BS_Hacked_Crate
2025-11-21 14:53:46 [INFO] DeferredEEInitLogic: Final m_LootAccessActionDone for BS_Hacked_Crate<3020307> is: false
2025-11-21 14:53:46 [INFO] Inventory for BS_Hacked_Crate LOCKED. IsOpen: false LootAccessActionDone: false
2025-11-21 14:53:46 [INFO] DeferredEEInitLogic: FINISHED for BS_Hacked_Crate<3020307>
2025-11-21 14:53:46 [INFO] DeferredEEInitLogic: START for BS_Hacked_Crate<3020310>. m_LoadedExpansionMarkerUID (should be from OnStoreLoad) is ''. Current m_ExpansionMarkerUID (active) is ''
2025-11-21 14:53:46 [INFO] DeferredEEInitLogic: Settings acquired successfully for BS_Hacked_Crate<3020310>.
2025-11-21 14:53:46 [INFO] DeferredEEInitLogic: m_ExpansionMarkerUID is empty. Calling CreateExpansionMapMarker for BS_Hacked_Crate<3020310>.
2025-11-21 14:53:46 [INFO] EXP_DEBUG: Inside CreateExpansionMapMarker for BS_Hacked_Crate.UseExpansionMapMarker is true.
2025-11-21 14:53:46 [INFO] EXP_DEBUG: EXPANSIONMODNAVIGATION is NOT defined. No Expansion marker will be created.
2025-11-21 14:53:46 [INFO] DeferredEEInitLogic: AG DEBUG for BS_Hacked_Crate<3020310>
2025-11-21 14:53:46 [INFO] BSHC_AG_DEBUG: BSHC_CreateAdvancedGroupsMapMarker call.
2025-11-21 14:53:46 [INFO] BSHC_AG_DEBUG: Final Marker Name: '#STR_BSHC_HackedCrate_DisplayName'
2025-11-21 14:53:46 [INFO] BSHC_AG_DEBUG: Trying to create AG marker with name: #STR_BSHC_HackedCrate_DisplayName, Pos: <4553.689941, 317.975006, 8352.099609>, Icon: BS_HackedCrate/gui/iconcrate.paa, Color: -65536, ShowOnMap: true, ShowInWorld: true
2025-11-21 14:53:46 [INFO] BSHC_AG_DEBUG: LBStaticMarkerManager.Get is accessible.
2025-11-21 14:53:46 [INFO] BSHC_AG_DEBUG: Created AG marker (UID: 693523251) for BS_Hacked_Crate
2025-11-21 14:53:46 [INFO] DeferredEEInitLogic: Final m_LootAccessActionDone for BS_Hacked_Crate<3020310> is: false
2025-11-21 14:53:46 [INFO] Inventory for BS_Hacked_Crate LOCKED. IsOpen: false LootAccessActionDone: false
2025-11-21 14:53:46 [INFO] DeferredEEInitLogic: FINISHED for BS_Hacked_Crate<3020310>
2025-11-21 15:43:45 [INFO] --------------------------------------------------------------------------
2025-11-21 15:43:45 [INFO] OnCrateSpawnTickPeriodic - Management Tick received. Evaluating individual crate configs...
2025-11-21 15:43:45 [INFO] --------------------------------------------------------------------------
2025-11-21 15:43:45 [INFO] Config 'DefaultDynamicEvent_Example1' is due for a check. Processing...
2025-11-21 15:43:45 [INFO] CrateSpawner: Processing ConfigUniqueID: 'DefaultDynamicEvent_Example1' (CrateType: 'BS_Hacked_Crate')
2025-11-21 15:43:45 [INFO] CrateSpawner: Skipping ConfigUniqueID 'DefaultDynamicEvent_Example1'. Players required: 1, Current: 0
2025-11-21 15:43:45 [INFO] OnCrateSpawnTickPeriodic - Management Tick finished. Next check in 3600 seconds.
2025-11-21 16:43:45 [INFO] --------------------------------------------------------------------------
2025-11-21 16:43:45 [INFO] OnCrateSpawnTickPeriodic - Management Tick received. Evaluating individual crate configs...
2025-11-21 16:43:45 [INFO] --------------------------------------------------------------------------
2025-11-21 16:43:45 [INFO] Config 'DefaultDynamicEvent_Example1' is due for a check. Processing...
2025-11-21 16:43:45 [INFO] CrateSpawner: Processing ConfigUniqueID: 'DefaultDynamicEvent_Example1' (CrateType: 'BS_Hacked_Crate')
2025-11-21 16:43:45 [INFO] CrateSpawner: Skipping ConfigUniqueID 'DefaultDynamicEvent_Example1'. Players required: 1, Current: 0
2025-11-21 16:43:45 [INFO] OnCrateSpawnTickPeriodic - Management Tick finished. Next check in 3600 seconds.
2025-11-21 17:43:45 [INFO] --------------------------------------------------------------------------
2025-11-21 17:43:45 [INFO] OnCrateSpawnTickPeriodic - Management Tick received. Evaluating individual crate configs...
2025-11-21 17:43:45 [INFO] --------------------------------------------------------------------------
2025-11-21 17:43:45 [INFO] Config 'DefaultDynamicEvent_Example1' is due for a check. Processing...
2025-11-21 17:43:45 [INFO] CrateSpawner: Processing ConfigUniqueID: 'DefaultDynamicEvent_Example1' (CrateType: 'BS_Hacked_Crate')
2025-11-21 17:43:45 [INFO] CrateSpawner: Skipping ConfigUniqueID 'DefaultDynamicEvent_Example1'. Players required: 1, Current: 0
2025-11-21 17:43:45 [INFO] OnCrateSpawnTickPeriodic - Management Tick finished. Next check in 3600 seconds.
2025-11-21 18:43:45 [INFO] --------------------------------------------------------------------------
2025-11-21 18:43:45 [INFO] OnCrateSpawnTickPeriodic - Management Tick received. Evaluating individual crate configs...
2025-11-21 18:43:45 [INFO] --------------------------------------------------------------------------
2025-11-21 18:43:45 [INFO] Config 'DefaultDynamicEvent_Example1' is due for a check. Processing...
2025-11-21 18:43:45 [INFO] CrateSpawner: Processing ConfigUniqueID: 'DefaultDynamicEvent_Example1' (CrateType: 'BS_Hacked_Crate')
2025-11-21 18:43:45 [INFO] CrateSpawner: Skipping ConfigUniqueID 'DefaultDynamicEvent_Example1'. Players required: 1, Current: 0
2025-11-21 18:43:45 [INFO] OnCrateSpawnTickPeriodic - Management Tick finished. Next check in 3600 seconds.
2025-11-21 19:43:45 [INFO] --------------------------------------------------------------------------
2025-11-21 19:43:45 [INFO] OnCrateSpawnTickPeriodic - Management Tick received. Evaluating individual crate configs...
2025-11-21 19:43:45 [INFO] --------------------------------------------------------------------------
2025-11-21 19:43:45 [INFO] Config 'DefaultDynamicEvent_Example1' is due for a check. Processing...
2025-11-21 19:43:45 [INFO] CrateSpawner: Processing ConfigUniqueID: 'DefaultDynamicEvent_Example1' (CrateType: 'BS_Hacked_Crate')
2025-11-21 19:43:45 [INFO] CrateSpawner: Skipping ConfigUniqueID 'DefaultDynamicEvent_Example1'. Players required: 1, Current: 0
2025-11-21 19:43:45 [INFO] OnCrateSpawnTickPeriodic - Management Tick finished. Next check in 3600 seconds.
2025-11-21 20:43:45 [INFO] --------------------------------------------------------------------------
2025-11-21 20:43:45 [INFO] OnCrateSpawnTickPeriodic - Management Tick received. Evaluating individual crate configs...
2025-11-21 20:43:45 [INFO] --------------------------------------------------------------------------
2025-11-21 20:43:45 [INFO] Config 'DefaultDynamicEvent_Example1' is due for a check. Processing...
2025-11-21 20:43:45 [INFO] CrateSpawner: Processing ConfigUniqueID: 'DefaultDynamicEvent_Example1' (CrateType: 'BS_Hacked_Crate')
2025-11-21 20:43:45 [INFO] CrateSpawner: Skipping ConfigUniqueID 'DefaultDynamicEvent_Example1'. Players required: 1, Current: 0
2025-11-21 20:43:45 [INFO] OnCrateSpawnTickPeriodic - Management Tick finished. Next check in 3600 seconds.
2025-11-21 21:43:45 [INFO] --------------------------------------------------------------------------
2025-11-21 21:43:45 [INFO] OnCrateSpawnTickPeriodic - Management Tick received. Evaluating individual crate configs...
2025-11-21 21:43:45 [INFO] --------------------------------------------------------------------------
2025-11-21 21:43:45 [INFO] Config 'DefaultDynamicEvent_Example1' is due for a check. Processing...
2025-11-21 21:43:45 [INFO] CrateSpawner: Processing ConfigUniqueID: 'DefaultDynamicEvent_Example1' (CrateType: 'BS_Hacked_Crate')
2025-11-21 21:43:45 [INFO] CrateSpawner: Skipping ConfigUniqueID 'DefaultDynamicEvent_Example1'. Players required: 1, Current: 0
2025-11-21 21:43:45 [INFO] OnCrateSpawnTickPeriodic - Management Tick finished. Next check in 3600 seconds.
2025-11-21 22:43:45 [INFO] --------------------------------------------------------------------------
2025-11-21 22:43:45 [INFO] OnCrateSpawnTickPeriodic - Management Tick received. Evaluating individual crate configs...
2025-11-21 22:43:45 [INFO] --------------------------------------------------------------------------
2025-11-21 22:43:45 [INFO] Config 'DefaultDynamicEvent_Example1' is due for a check. Processing...
2025-11-21 22:43:45 [INFO] CrateSpawner: Processing ConfigUniqueID: 'DefaultDynamicEvent_Example1' (CrateType: 'BS_Hacked_Crate')
2025-11-21 22:43:45 [INFO] CrateSpawner: Skipping ConfigUniqueID 'DefaultDynamicEvent_Example1'. Players required: 1, Current: 0
2025-11-21 22:43:45 [INFO] OnCrateSpawnTickPeriodic - Management Tick finished. Next check in 3600 seconds.
2025-11-21 23:43:45 [INFO] --------------------------------------------------------------------------
2025-11-21 23:43:45 [INFO] OnCrateSpawnTickPeriodic - Management Tick received. Evaluating individual crate configs...
2025-11-21 23:43:45 [INFO] --------------------------------------------------------------------------
2025-11-21 23:43:45 [INFO] Config 'DefaultDynamicEvent_Example1' is due for a check. Processing...
2025-11-21 23:43:45 [INFO] CrateSpawner: Processing ConfigUniqueID: 'DefaultDynamicEvent_Example1' (CrateType: 'BS_Hacked_Crate')
2025-11-21 23:43:45 [INFO] CrateSpawner: Skipping ConfigUniqueID 'DefaultDynamicEvent_Example1'. Players required: 1, Current: 0
2025-11-21 23:43:45 [INFO] OnCrateSpawnTickPeriodic - Management Tick finished. Next check in 3600 seconds.
2025-11-22 00:43:45 [INFO] --------------------------------------------------------------------------
2025-11-22 00:43:45 [INFO] OnCrateSpawnTickPeriodic - Management Tick received. Evaluating individual crate configs...
2025-11-22 00:43:45 [INFO] --------------------------------------------------------------------------
2025-11-22 00:43:45 [INFO] Config 'DefaultDynamicEvent_Example1' is due for a check. Processing...
2025-11-22 00:43:45 [INFO] CrateSpawner: Processing ConfigUniqueID: 'DefaultDynamicEvent_Example1' (CrateType: 'BS_Hacked_Crate')
2025-11-22 00:43:45 [INFO] CrateSpawner: Skipping ConfigUniqueID 'DefaultDynamicEvent_Example1'. Players required: 1, Current: 0
2025-11-22 00:43:45 [INFO] OnCrateSpawnTickPeriodic - Management Tick finished. Next check in 3600 seconds.
2025-11-22 01:43:45 [INFO] --------------------------------------------------------------------------
2025-11-22 01:43:45 [INFO] OnCrateSpawnTickPeriodic - Management Tick received. Evaluating individual crate configs...
2025-11-22 01:43:45 [INFO] --------------------------------------------------------------------------
2025-11-22 01:43:45 [INFO] Config 'DefaultDynamicEvent_Example1' is due for a check. Processing...
2025-11-22 01:43:45 [INFO] CrateSpawner: Processing ConfigUniqueID: 'DefaultDynamicEvent_Example1' (CrateType: 'BS_Hacked_Crate')
2025-11-22 01:43:45 [INFO] CrateSpawner: Skipping ConfigUniqueID 'DefaultDynamicEvent_Example1'. Players required: 1, Current: 0
2025-11-22 01:43:45 [INFO] OnCrateSpawnTickPeriodic - Management Tick finished. Next check in 3600 seconds.
2025-11-22 02:43:45 [INFO] --------------------------------------------------------------------------
2025-11-22 02:43:45 [INFO] OnCrateSpawnTickPeriodic - Management Tick received. Evaluating individual crate configs...
2025-11-22 02:43:45 [INFO] --------------------------------------------------------------------------
2025-11-22 02:43:45 [INFO] Config 'DefaultDynamicEvent_Example1' is due for a check. Processing...
2025-11-22 02:43:45 [INFO] CrateSpawner: Processing ConfigUniqueID: 'DefaultDynamicEvent_Example1' (CrateType: 'BS_Hacked_Crate')
2025-11-22 02:43:45 [INFO] CrateSpawner: Skipping ConfigUniqueID 'DefaultDynamicEvent_Example1'. Players required: 1, Current: 0
2025-11-22 02:43:45 [INFO] OnCrateSpawnTickPeriodic - Management Tick finished. Next check in 3600 seconds.
