2025-12-05 13:47:51 [INFO] OnInit - Initializing Bastardos Hacked Crates System...
2025-12-05 13:47:51 [INFO] OnInit - Loading Hacked Crate Loot Configuration (loot_pools.json)...
2025-12-05 13:47:51 [INFO] [BSHCLootPoolConfig] Found loot_pools.json at: $profile:\Bastardo_HC\loot_pools.json
2025-12-05 13:47:51 [INFO] [BSHCLootPoolConfig] JsonLoadFile executed. Loaded 2 categories defined in the root.
2025-12-05 13:47:51 [INFO] [BSHCLootPoolConfig] Category 'DefaultArmaments' has 1 loot pools.
2025-12-05 13:47:51 [INFO] [BSHCLootPoolConfig] Category 'DefaultMedical' has 1 loot pools.
2025-12-05 13:47:51 [INFO] OnInit - Hacked Crate Loot Configuration processed successfully.
2025-12-05 13:47:51 [INFO] OnInit - Loading Hacked Crate settings (global, static, dynamic)...
2025-12-05 13:47:51 [INFO] CrateManagement instance created with default grace period and tick interval.
2025-12-05 13:47:51 [INFO] [BSHCGlobalServerSettings] Loading from: $profile:\Bastardo_HC\BS_Global_settings.json
2025-12-05 13:47:51 [INFO] [CrateConfigManager] Re-saved static_crates.json to include any new options.
2025-12-05 13:47:51 [INFO] [CrateConfigManager] Re-saved dynamic_crates.json to include any new options.
2025-12-05 13:47:51 [INFO] [CrateConfigManager] Static CrateManagement has been set.
2025-12-05 13:47:51 [INFO] CrateSpawner instance created.
2025-12-05 13:47:51 [INFO] OnInit - Crate Spawner created. Grace Period: 5 minutes. Periodic Tick: 3600 seconds.
2025-12-05 13:47:51 [INFO] OnInit - Bastardos Hacked Crates System Initialization sequence finished.
2025-12-05 13:47:58 [INFO] OnMissionStart - Server mission started. Scheduling Hacked Crate cleanup and initial spawn setup.
2025-12-05 13:47:58 [INFO] OnMissionStart - Immediate STATIC Crate spawn scheduled in 15 seconds.
2025-12-05 13:47:58 [INFO] OnMissionStart - Initial DYNAMIC Crate spawn scheduled in approx. 320 seconds.
2025-12-05 13:47:58 [INFO] OnMissionStart - Scheduling first PERIODIC Crate Spawn Tick in approx. 3600 seconds.
2025-12-05 13:48:14 [INFO] Inventory for BS_Hacked_Crate LOCKED. IsOpen: false LootAccessActionDone: false
2025-12-05 13:48:14 [INFO] OnStoreLoad: m_ConfigUniqueID_Persist set from storage to: 'DefaultStaticEvent_Example1' for BS_Hacked_Crate<2987702>
2025-12-05 13:48:14 [INFO] OnStoreLoad: FINISHED loading raw data into member variables for BS_Hacked_Crate<2987702>
2025-12-05 13:48:30 [INFO] DeferredEEInitLogic: START for BS_Hacked_Crate<2987702>. m_LoadedExpansionMarkerUID (should be from OnStoreLoad) is ''. Current m_ExpansionMarkerUID (active) is ''
2025-12-05 13:48:30 [INFO] GetCrateSettings: m_CrateSettings_Instance is NULL for BS_Hacked_Crate<2987702>. Calling AttemptToReacquireSettings().
2025-12-05 13:48:30 [INFO] HackedCrate_Base (BS_Hacked_Crate): Attempting to re-acquire CrateSettings. Persisted ConfigUniqueID is: 'DefaultStaticEvent_Example1'
2025-12-05 13:48:30 [INFO] HackedCrate_Base (BS_Hacked_Crate): Instance specific CrateSettings assigned. ConfigUniqueID: DefaultStaticEvent_Example1
2025-12-05 13:48:30 [INFO] HackedCrate_Base (BS_Hacked_Crate): Successfully re-acquired CrateSettings by persisted ConfigUniqueID 'DefaultStaticEvent_Example1'.
2025-12-05 13:48:30 [INFO] DeferredEEInitLogic: Settings acquired successfully for BS_Hacked_Crate<2987702>.
2025-12-05 13:48:30 [INFO] DeferredEEInitLogic: m_ExpansionMarkerUID is empty. Calling CreateExpansionMapMarker for BS_Hacked_Crate<2987702>.
2025-12-05 13:48:30 [INFO] EXP_DEBUG: Inside CreateExpansionMapMarker for BS_Hacked_Crate.UseExpansionMapMarker is true.
2025-12-05 13:48:30 [INFO] EXP_DEBUG: EXPANSIONMODNAVIGATION is NOT defined. No Expansion marker will be created.
2025-12-05 13:48:30 [INFO] DeferredEEInitLogic: AG DEBUG for BS_Hacked_Crate<2987702>
2025-12-05 13:48:30 [INFO] BSHC_AG_DEBUG: BSHC_CreateAdvancedGroupsMapMarker call.
2025-12-05 13:48:30 [INFO] BSHC_AG_DEBUG: Final Marker Name: '#STR_BSHC_HackedCrate_DisplayName'
2025-12-05 13:48:30 [INFO] BSHC_AG_DEBUG: Trying to create AG marker with name: #STR_BSHC_HackedCrate_DisplayName, Pos: <2471.820068, 193.177002, 5114.220215>, Icon: BS_HackedCrate/gui/iconcrate.paa, Color: -65536, ShowOnMap: true, ShowInWorld: true
2025-12-05 13:48:30 [INFO] BSHC_AG_DEBUG: LBStaticMarkerManager.Get is accessible.
2025-12-05 13:48:30 [INFO] BSHC_AG_DEBUG: Created AG marker (UID: 1210093719) for BS_Hacked_Crate
2025-12-05 13:48:30 [INFO] DeferredEEInitLogic: Final m_LootAccessActionDone for BS_Hacked_Crate<2987702> is: false
2025-12-05 13:48:30 [INFO] Inventory for BS_Hacked_Crate LOCKED. IsOpen: false LootAccessActionDone: false
2025-12-05 13:48:30 [INFO] DeferredEEInitLogic: FINISHED for BS_Hacked_Crate<2987702>
2025-12-05 13:48:30 [INFO] DeferredEEInitLogic: Re-added persistent crate BS_Hacked_Crate to g_ActiveHackedCrates list.
2025-12-05 13:48:54 [INFO] DeleteHackedCratesFromKnownLocations - Starting cleanup of Hacked Crates from KNOWN SPAWN LOCATIONS as defined in configurations...
2025-12-05 13:48:54 [INFO] DeleteHackedCratesFromKnownLocations - Deleting INACTIVE: BS_Hacked_Crate (ID: 2987702) found at configured spawn Pos: <2471.820068, 193.177002, 5114.220215> for CrateType BS_Hacked_Crate
2025-12-05 13:48:54 [INFO] EEDelete called for BS_Hacked_Crate at <2471.820068, 193.177002, 5114.220215>
2025-12-05 13:48:54 [INFO] EXP_REMOVE_DEBUG: Attempting RemoveExpansionMapMarker. Context: EEDelete. Current UID: '' for BS_Hacked_Crate<2987702>
2025-12-05 13:48:54 [INFO] EXP_REMOVE_DEBUG: EXPANSIONMODNAVIGATION NOT defined. Cannot remove marker. Context: EEDelete for BS_Hacked_Crate<2987702>
2025-12-05 13:48:54 [INFO] BSHC_AG_DEBUG: BSHC_RemoveAdvancedGroupsMapMarker called.
2025-12-05 13:48:54 [INFO] BSHC_AG_DEBUG: Removing AG marker UID: 1210093719
2025-12-05 13:48:54 [INFO] BSHC_AG_DEBUG: AG marker UID 1210093719 successfully removed.
2025-12-05 13:48:54 [INFO] HackedCrate (BS_Hacked_Crate): Sending RPC Notification. Type: DESPAWN, Key: #STR_BSHC_Notification_Despawn_Located
2025-12-05 13:48:54 [INFO] EEDelete: Removed BS_Hacked_Crate from g_ActiveHackedCrates. Remaining count: 0
2025-12-05 13:48:54 [INFO] DeleteHackedCratesFromKnownLocations - Cleanup from known locations finished. Total inactive Hacked Crates (matching type and location) deleted: 1
2025-12-05 13:48:59 [INFO] PerformImmediateStaticSpawn - Calling CrateSpawner to setup STATIC Hacked Crates...
2025-12-05 13:48:59 [INFO] CrateSpawner: ------------- Starting IMMEDIATE STATIC Spawn Pass -------------
2025-12-05 13:48:59 [INFO] CrateSpawner: Processing IMMEDIATE STATIC for ConfigUniqueID: 'DefaultStaticEvent_Example1'.
2025-12-05 13:48:59 [INFO] SpawnStaticCrates: Processing 1 static locations for ConfigUniqueID: 'DefaultStaticEvent_Example1'.
2025-12-05 13:48:59 [INFO] SpawnStaticCrates: Location <2471.820068, 193.177002, 5114.220215> is free. Attempting to spawn crate.
2025-12-05 13:48:59 [INFO] Inventory for BS_Hacked_Crate LOCKED. IsOpen: false LootAccessActionDone: false
2025-12-05 13:48:59 [INFO] HackedCrate_Base (BS_Hacked_Crate): Instance specific CrateSettings assigned. ConfigUniqueID: DefaultStaticEvent_Example1
2025-12-05 13:48:59 [INFO] [SpawnAIAroundCrate] Spawning 3 AI(s) next to the crate.
2025-12-05 13:48:59 [INFO] [SpawnAIAroundCrate] Successfully spawned ZmbM_SoldierNormal at <2457.493896, 193.163574, 5120.998047>
2025-12-05 13:48:59 [INFO] [SpawnAIAroundCrate] Successfully spawned ZmbM_SoldierNormal at <2471.399658, 192.916656, 5136.999512>
2025-12-05 13:48:59 [INFO] [SpawnAIAroundCrate] Successfully spawned ZmbM_SoldierNormal at <2460.235596, 193.146744, 5103.551270>
2025-12-05 13:48:59 [INFO] CrateSpawner: ------------- Finished IMMEDIATE STATIC Spawn Pass -------------
2025-12-05 13:48:59 [INFO] DeferredEEInitLogic: START for BS_Hacked_Crate<3010212>. m_LoadedExpansionMarkerUID (should be from OnStoreLoad) is ''. Current m_ExpansionMarkerUID (active) is ''
2025-12-05 13:48:59 [INFO] DeferredEEInitLogic: Settings acquired successfully for BS_Hacked_Crate<3010212>.
2025-12-05 13:48:59 [INFO] DeferredEEInitLogic: m_ExpansionMarkerUID is empty. Calling CreateExpansionMapMarker for BS_Hacked_Crate<3010212>.
2025-12-05 13:48:59 [INFO] EXP_DEBUG: Inside CreateExpansionMapMarker for BS_Hacked_Crate.UseExpansionMapMarker is true.
2025-12-05 13:48:59 [INFO] EXP_DEBUG: EXPANSIONMODNAVIGATION is NOT defined. No Expansion marker will be created.
2025-12-05 13:48:59 [INFO] DeferredEEInitLogic: AG DEBUG for BS_Hacked_Crate<3010212>
2025-12-05 13:48:59 [INFO] BSHC_AG_DEBUG: BSHC_CreateAdvancedGroupsMapMarker call.
2025-12-05 13:48:59 [INFO] BSHC_AG_DEBUG: Final Marker Name: '#STR_BSHC_HackedCrate_DisplayName'
2025-12-05 13:48:59 [INFO] BSHC_AG_DEBUG: Trying to create AG marker with name: #STR_BSHC_HackedCrate_DisplayName, Pos: <2471.820068, 193.177002, 5114.220215>, Icon: BS_HackedCrate/gui/iconcrate.paa, Color: -65536, ShowOnMap: true, ShowInWorld: true
2025-12-05 13:48:59 [INFO] BSHC_AG_DEBUG: LBStaticMarkerManager.Get is accessible.
2025-12-05 13:48:59 [INFO] BSHC_AG_DEBUG: Created AG marker (UID: 2025451901) for BS_Hacked_Crate
2025-12-05 13:48:59 [INFO] DeferredEEInitLogic: Final m_LootAccessActionDone for BS_Hacked_Crate<3010212> is: false
2025-12-05 13:48:59 [INFO] Inventory for BS_Hacked_Crate LOCKED. IsOpen: false LootAccessActionDone: false
2025-12-05 13:48:59 [INFO] DeferredEEInitLogic: FINISHED for BS_Hacked_Crate<3010212>
2025-12-05 13:54:04 [INFO] PerformInitialDynamicSpawn - Grace period ended. Calling CrateSpawner to setup initial DYNAMIC Hacked Crates...
2025-12-05 13:54:04 [INFO] CrateSpawner: ------------- Starting INITIAL DYNAMIC Spawn Pass (Post-Grace) -------------
2025-12-05 13:54:04 [INFO] CrateSpawner: Current server population for dynamic spawn: 0 players.
2025-12-05 13:54:04 [INFO] CrateSpawner: Processing DYNAMIC for ConfigUniqueID: 'DefaultDynamicEvent_Example1'.
2025-12-05 13:54:04 [INFO] CrateSpawner: Skipping ConfigUniqueID 'DefaultDynamicEvent_Example1'. Players required: 1, Current: 0
2025-12-05 13:54:04 [INFO] CrateSpawner: ------------- Finished INITIAL DYNAMIC Spawn Pass -------------
2025-12-05 14:48:44 [INFO] --------------------------------------------------------------------------
2025-12-05 14:48:44 [INFO] OnCrateSpawnTickPeriodic - Management Tick received. Evaluating individual crate configs...
2025-12-05 14:48:44 [INFO] --------------------------------------------------------------------------
2025-12-05 14:48:44 [INFO] Config 'DefaultDynamicEvent_Example1' is due for a check. Processing...
2025-12-05 14:48:44 [INFO] CrateSpawner: Processing ConfigUniqueID: 'DefaultDynamicEvent_Example1' (CrateType: 'BS_Hacked_Crate')
2025-12-05 14:48:44 [INFO] CrateSpawner: Skipping ConfigUniqueID 'DefaultDynamicEvent_Example1'. Players required: 1, Current: 0
2025-12-05 14:48:44 [INFO] OnCrateSpawnTickPeriodic - Management Tick finished. Next check in 3600 seconds.
2025-12-05 15:48:44 [INFO] --------------------------------------------------------------------------
2025-12-05 15:48:44 [INFO] OnCrateSpawnTickPeriodic - Management Tick received. Evaluating individual crate configs...
2025-12-05 15:48:44 [INFO] --------------------------------------------------------------------------
2025-12-05 15:48:44 [INFO] Config 'DefaultDynamicEvent_Example1' is due for a check. Processing...
2025-12-05 15:48:44 [INFO] CrateSpawner: Processing ConfigUniqueID: 'DefaultDynamicEvent_Example1' (CrateType: 'BS_Hacked_Crate')
2025-12-05 15:48:44 [INFO] CrateSpawner: Skipping ConfigUniqueID 'DefaultDynamicEvent_Example1'. Players required: 1, Current: 0
2025-12-05 15:48:44 [INFO] OnCrateSpawnTickPeriodic - Management Tick finished. Next check in 3600 seconds.
2025-12-05 16:48:44 [INFO] --------------------------------------------------------------------------
2025-12-05 16:48:44 [INFO] OnCrateSpawnTickPeriodic - Management Tick received. Evaluating individual crate configs...
2025-12-05 16:48:44 [INFO] --------------------------------------------------------------------------
2025-12-05 16:48:44 [INFO] OnCrateSpawnTickPeriodic - Management Tick finished. Next check in 3600 seconds.
2025-12-05 17:48:44 [INFO] --------------------------------------------------------------------------
2025-12-05 17:48:44 [INFO] OnCrateSpawnTickPeriodic - Management Tick received. Evaluating individual crate configs...
2025-12-05 17:48:44 [INFO] --------------------------------------------------------------------------
2025-12-05 17:48:44 [INFO] Config 'DefaultDynamicEvent_Example1' is due for a check. Processing...
2025-12-05 17:48:44 [INFO] CrateSpawner: Processing ConfigUniqueID: 'DefaultDynamicEvent_Example1' (CrateType: 'BS_Hacked_Crate')
2025-12-05 17:48:44 [INFO] CrateSpawner: Skipping ConfigUniqueID 'DefaultDynamicEvent_Example1'. Players required: 1, Current: 0
2025-12-05 17:48:44 [INFO] OnCrateSpawnTickPeriodic - Management Tick finished. Next check in 3600 seconds.
2025-12-05 18:48:44 [INFO] --------------------------------------------------------------------------
2025-12-05 18:48:44 [INFO] OnCrateSpawnTickPeriodic - Management Tick received. Evaluating individual crate configs...
2025-12-05 18:48:44 [INFO] --------------------------------------------------------------------------
2025-12-05 18:48:44 [INFO] Config 'DefaultDynamicEvent_Example1' is due for a check. Processing...
2025-12-05 18:48:44 [INFO] CrateSpawner: Processing ConfigUniqueID: 'DefaultDynamicEvent_Example1' (CrateType: 'BS_Hacked_Crate')
2025-12-05 18:48:44 [INFO] CrateSpawner: Skipping ConfigUniqueID 'DefaultDynamicEvent_Example1'. Players required: 1, Current: 0
2025-12-05 18:48:44 [INFO] OnCrateSpawnTickPeriodic - Management Tick finished. Next check in 3600 seconds.
2025-12-05 19:48:44 [INFO] --------------------------------------------------------------------------
2025-12-05 19:48:44 [INFO] OnCrateSpawnTickPeriodic - Management Tick received. Evaluating individual crate configs...
2025-12-05 19:48:44 [INFO] --------------------------------------------------------------------------
2025-12-05 19:48:44 [INFO] Config 'DefaultDynamicEvent_Example1' is due for a check. Processing...
2025-12-05 19:48:44 [INFO] CrateSpawner: Processing ConfigUniqueID: 'DefaultDynamicEvent_Example1' (CrateType: 'BS_Hacked_Crate')
2025-12-05 19:48:44 [INFO] CrateSpawner: Skipping ConfigUniqueID 'DefaultDynamicEvent_Example1'. Players required: 1, Current: 0
2025-12-05 19:48:44 [INFO] OnCrateSpawnTickPeriodic - Management Tick finished. Next check in 3600 seconds.
2025-12-05 20:48:44 [INFO] --------------------------------------------------------------------------
2025-12-05 20:48:44 [INFO] OnCrateSpawnTickPeriodic - Management Tick received. Evaluating individual crate configs...
2025-12-05 20:48:44 [INFO] --------------------------------------------------------------------------
2025-12-05 20:48:44 [INFO] Config 'DefaultDynamicEvent_Example1' is due for a check. Processing...
2025-12-05 20:48:44 [INFO] CrateSpawner: Processing ConfigUniqueID: 'DefaultDynamicEvent_Example1' (CrateType: 'BS_Hacked_Crate')
2025-12-05 20:48:44 [INFO] CrateSpawner: Skipping ConfigUniqueID 'DefaultDynamicEvent_Example1'. Players required: 1, Current: 0
2025-12-05 20:48:44 [INFO] OnCrateSpawnTickPeriodic - Management Tick finished. Next check in 3600 seconds.
2025-12-05 21:48:44 [INFO] --------------------------------------------------------------------------
2025-12-05 21:48:44 [INFO] OnCrateSpawnTickPeriodic - Management Tick received. Evaluating individual crate configs...
2025-12-05 21:48:44 [INFO] --------------------------------------------------------------------------
2025-12-05 21:48:44 [INFO] Config 'DefaultDynamicEvent_Example1' is due for a check. Processing...
2025-12-05 21:48:44 [INFO] CrateSpawner: Processing ConfigUniqueID: 'DefaultDynamicEvent_Example1' (CrateType: 'BS_Hacked_Crate')
2025-12-05 21:48:44 [INFO] CrateSpawner: Skipping ConfigUniqueID 'DefaultDynamicEvent_Example1'. Players required: 1, Current: 0
2025-12-05 21:48:44 [INFO] OnCrateSpawnTickPeriodic - Management Tick finished. Next check in 3600 seconds.
2025-12-05 22:48:44 [INFO] --------------------------------------------------------------------------
2025-12-05 22:48:44 [INFO] OnCrateSpawnTickPeriodic - Management Tick received. Evaluating individual crate configs...
2025-12-05 22:48:44 [INFO] --------------------------------------------------------------------------
2025-12-05 22:48:44 [INFO] Config 'DefaultDynamicEvent_Example1' is due for a check. Processing...
2025-12-05 22:48:44 [INFO] CrateSpawner: Processing ConfigUniqueID: 'DefaultDynamicEvent_Example1' (CrateType: 'BS_Hacked_Crate')
2025-12-05 22:48:44 [INFO] CrateSpawner: Skipping ConfigUniqueID 'DefaultDynamicEvent_Example1'. Players required: 1, Current: 0
2025-12-05 22:48:44 [INFO] OnCrateSpawnTickPeriodic - Management Tick finished. Next check in 3600 seconds.
2025-12-05 23:48:44 [INFO] --------------------------------------------------------------------------
2025-12-05 23:48:44 [INFO] OnCrateSpawnTickPeriodic - Management Tick received. Evaluating individual crate configs...
2025-12-05 23:48:44 [INFO] --------------------------------------------------------------------------
2025-12-05 23:48:44 [INFO] Config 'DefaultDynamicEvent_Example1' is due for a check. Processing...
2025-12-05 23:48:44 [INFO] CrateSpawner: Processing ConfigUniqueID: 'DefaultDynamicEvent_Example1' (CrateType: 'BS_Hacked_Crate')
2025-12-05 23:48:44 [INFO] CrateSpawner: Skipping ConfigUniqueID 'DefaultDynamicEvent_Example1'. Players required: 1, Current: 0
2025-12-05 23:48:44 [INFO] OnCrateSpawnTickPeriodic - Management Tick finished. Next check in 3600 seconds.
2025-12-06 00:48:44 [INFO] --------------------------------------------------------------------------
2025-12-06 00:48:44 [INFO] OnCrateSpawnTickPeriodic - Management Tick received. Evaluating individual crate configs...
2025-12-06 00:48:44 [INFO] --------------------------------------------------------------------------
2025-12-06 00:48:44 [INFO] Config 'DefaultDynamicEvent_Example1' is due for a check. Processing...
2025-12-06 00:48:44 [INFO] CrateSpawner: Processing ConfigUniqueID: 'DefaultDynamicEvent_Example1' (CrateType: 'BS_Hacked_Crate')
2025-12-06 00:48:44 [INFO] CrateSpawner: Skipping ConfigUniqueID 'DefaultDynamicEvent_Example1'. Players required: 1, Current: 0
2025-12-06 00:48:44 [INFO] OnCrateSpawnTickPeriodic - Management Tick finished. Next check in 3600 seconds.
2025-12-06 01:48:44 [INFO] --------------------------------------------------------------------------
2025-12-06 01:48:44 [INFO] OnCrateSpawnTickPeriodic - Management Tick received. Evaluating individual crate configs...
2025-12-06 01:48:44 [INFO] --------------------------------------------------------------------------
2025-12-06 01:48:44 [INFO] Config 'DefaultDynamicEvent_Example1' is due for a check. Processing...
2025-12-06 01:48:44 [INFO] CrateSpawner: Processing ConfigUniqueID: 'DefaultDynamicEvent_Example1' (CrateType: 'BS_Hacked_Crate')
2025-12-06 01:48:44 [INFO] CrateSpawner: Handling RANDOM for ConfigUniqueID: 'DefaultDynamicEvent_Example1'.
2025-12-06 01:48:44 [INFO] CrateSpawner: ConfigUniqueID 'DefaultDynamicEvent_Example1' - Existing: 0, Target Active: 1
2025-12-06 01:48:44 [INFO] CrateSpawner: Attempting to spawn 1 for ConfigUniqueID: 'DefaultDynamicEvent_Example1'.
2025-12-06 01:48:44 [INFO] SpawnRandomCrates: Attempting to spawn 1 of type 'BS_Hacked_Crate' with ConfigUniqueID 'DefaultDynamicEvent_Example1'.
2025-12-06 01:48:44 [INFO] SpawnRandomCrates: Shuffled list for 'DefaultDynamicEvent_Example1' is empty or non-existent. Regenerating and shuffling.
2025-12-06 01:48:44 [INFO] CrateSpawner: Sending spawn warning for 'BS_Hacked_Crate' at Airfield
2025-12-06 01:48:44 [INFO] CrateSpawner: Added to pending list for ConfigUniqueID 'DefaultDynamicEvent_Example1'. New pending count: 1
2025-12-06 01:48:44 [INFO] OnCrateSpawnTickPeriodic - Management Tick finished. Next check in 3600 seconds.
2025-12-06 01:58:44 [INFO] SpawnCrateAfterWarning: Timer finished. Spawning crate BS_Hacked_Crate. Removed from pending list. New pending count: 0
2025-12-06 01:58:44 [INFO] Inventory for BS_Hacked_Crate LOCKED. IsOpen: false LootAccessActionDone: false
2025-12-06 01:58:44 [INFO] HackedCrate_Base (BS_Hacked_Crate): Instance specific CrateSettings assigned. ConfigUniqueID: DefaultDynamicEvent_Example1
2025-12-06 01:58:44 [INFO] CrateSpawner: Standard Notification RPC sent. Key: #STR_BSHC_Notification_Spawn_Located
2025-12-06 01:58:44 [INFO] [SpawnAIAroundCrate] Spawning 3 AI(s) next to the crate.
2025-12-06 01:58:44 [INFO] [SpawnAIAroundCrate] Successfully spawned ZmbM_SoldierNormal at <4724.756836, 338.998779, 10356.836914>
2025-12-06 01:58:44 [INFO] [SpawnAIAroundCrate] Successfully spawned ZmbM_SoldierNormal at <4722.694824, 339.000000, 10360.935547>
2025-12-06 01:58:44 [INFO] [SpawnAIAroundCrate] Successfully spawned ZmbM_SoldierNormal at <4727.282715, 339.000000, 10359.624023>
2025-12-06 01:58:44 [INFO] DeferredEEInitLogic: START for BS_Hacked_Crate<3016650>. m_LoadedExpansionMarkerUID (should be from OnStoreLoad) is ''. Current m_ExpansionMarkerUID (active) is ''
2025-12-06 01:58:44 [INFO] DeferredEEInitLogic: Settings acquired successfully for BS_Hacked_Crate<3016650>.
2025-12-06 01:58:44 [INFO] DeferredEEInitLogic: AG DEBUG for BS_Hacked_Crate<3016650>
2025-12-06 01:58:44 [INFO] BSHC_AG_DEBUG: BSHC_CreateAdvancedGroupsMapMarker call.
2025-12-06 01:58:44 [INFO] BSHC_AG_DEBUG: Final Marker Name: '#STR_BSHC_HackedCrate_DisplayName'
2025-12-06 01:58:44 [INFO] BSHC_AG_DEBUG: Trying to create AG marker with name: #STR_BSHC_HackedCrate_DisplayName, Pos: <4732.430176, 338.968994, 10350.200195>, Icon: BS_HackedCrate/gui/iconcrate.paa, Color: -65536, ShowOnMap: true, ShowInWorld: true
2025-12-06 01:58:44 [INFO] BSHC_AG_DEBUG: LBStaticMarkerManager.Get is accessible.
2025-12-06 01:58:44 [INFO] BSHC_AG_DEBUG: Created AG marker (UID: 501038163) for BS_Hacked_Crate
2025-12-06 01:58:44 [INFO] DeferredEEInitLogic: Final m_LootAccessActionDone for BS_Hacked_Crate<3016650> is: false
2025-12-06 01:58:44 [INFO] Inventory for BS_Hacked_Crate LOCKED. IsOpen: false LootAccessActionDone: false
2025-12-06 01:58:44 [INFO] DeferredEEInitLogic: FINISHED for BS_Hacked_Crate<3016650>
2025-12-06 02:01:30 [INFO] BSHC_AG_DEBUG: BSHC_RemoveAdvancedGroupsMapMarker called.
2025-12-06 02:01:30 [INFO] BSHC_AG_DEBUG: Removing AG marker UID: 501038163
2025-12-06 02:01:30 [INFO] BSHC_AG_DEBUG: AG marker UID 501038163 successfully removed.
2025-12-06 02:01:30 [INFO] HackedCrate (BS_Hacked_Crate): Sending RPC Notification. Type: START, Key: #STR_BSHC_Notification_Start_Located
2025-12-06 02:02:57 [INFO] BSHC_AG_DEBUG: BSHC_RemoveAdvancedGroupsMapMarker called.
2025-12-06 02:02:57 [INFO] BSHC_AG_DEBUG: Removing AG marker UID: 693916479
2025-12-06 02:02:57 [INFO] BSHC_AG_DEBUG: AG marker UID 693916479 successfully removed.
2025-12-06 02:04:27 [INFO] BSHC_AG_DEBUG: BSHC_RemoveAdvancedGroupsMapMarker called.
2025-12-06 02:04:27 [INFO] BSHC_AG_DEBUG: Removing AG marker UID: 1733480138
2025-12-06 02:04:27 [INFO] BSHC_AG_DEBUG: AG marker UID 1733480138 successfully removed.
2025-12-06 02:05:57 [INFO] BSHC_AG_DEBUG: BSHC_RemoveAdvancedGroupsMapMarker called.
2025-12-06 02:05:57 [INFO] BSHC_AG_DEBUG: Removing AG marker UID: 53675817
2025-12-06 02:05:57 [INFO] BSHC_AG_DEBUG: AG marker UID 53675817 successfully removed.
2025-12-06 02:07:27 [INFO] BSHC_AG_DEBUG: BSHC_RemoveAdvancedGroupsMapMarker called.
2025-12-06 02:07:27 [INFO] BSHC_AG_DEBUG: Removing AG marker UID: 2094266794
2025-12-06 02:07:27 [INFO] BSHC_AG_DEBUG: AG marker UID 2094266794 successfully removed.
2025-12-06 02:08:57 [INFO] BSHC_AG_DEBUG: BSHC_RemoveAdvancedGroupsMapMarker called.
2025-12-06 02:08:57 [INFO] BSHC_AG_DEBUG: Removing AG marker UID: 1949034600
2025-12-06 02:08:57 [INFO] BSHC_AG_DEBUG: AG marker UID 1949034600 successfully removed.
2025-12-06 02:10:27 [INFO] BSHC_AG_DEBUG: BSHC_RemoveAdvancedGroupsMapMarker called.
2025-12-06 02:10:27 [INFO] BSHC_AG_DEBUG: Removing AG marker UID: 1493480004
2025-12-06 02:10:27 [INFO] BSHC_AG_DEBUG: AG marker UID 1493480004 successfully removed.
2025-12-06 02:11:57 [INFO] BSHC_AG_DEBUG: BSHC_RemoveAdvancedGroupsMapMarker called.
2025-12-06 02:11:57 [INFO] BSHC_AG_DEBUG: Removing AG marker UID: 1927538138
2025-12-06 02:11:57 [INFO] BSHC_AG_DEBUG: AG marker UID 1927538138 successfully removed.
2025-12-06 02:13:27 [INFO] BSHC_AG_DEBUG: BSHC_RemoveAdvancedGroupsMapMarker called.
2025-12-06 02:13:27 [INFO] BSHC_AG_DEBUG: Removing AG marker UID: 1112376570
2025-12-06 02:13:27 [INFO] BSHC_AG_DEBUG: AG marker UID 1112376570 successfully removed.
2025-12-06 02:14:57 [INFO] BSHC_AG_DEBUG: BSHC_RemoveAdvancedGroupsMapMarker called.
2025-12-06 02:14:57 [INFO] BSHC_AG_DEBUG: Removing AG marker UID: 429732825
2025-12-06 02:14:57 [INFO] BSHC_AG_DEBUG: AG marker UID 429732825 successfully removed.
2025-12-06 02:16:27 [INFO] BSHC_AG_DEBUG: BSHC_RemoveAdvancedGroupsMapMarker called.
2025-12-06 02:16:27 [INFO] BSHC_AG_DEBUG: Removing AG marker UID: 1610465324
2025-12-06 02:16:27 [INFO] BSHC_AG_DEBUG: AG marker UID 1610465324 successfully removed.
2025-12-06 02:16:31 [INFO] BSHC_AG_DEBUG: BSHC_RemoveAdvancedGroupsMapMarker called.
2025-12-06 02:16:31 [INFO] BSHC_AG_DEBUG: Removing AG marker UID: 530268108
2025-12-06 02:16:31 [INFO] BSHC_AG_DEBUG: AG marker UID 530268108 successfully removed.
2025-12-06 02:16:31 [INFO] Crate BS_Hacked_Crate requires access action (RequireAccessAction: true). Loot access pending.
2025-12-06 02:16:31 [INFO] Unlocking crate & attempting to spawn loot at <4732.430176, 338.968994, 10350.200195> for crate type: BS_Hacked_Crate
2025-12-06 02:16:31 [INFO] Temporarily unlocking inventory for loot spawn for BS_Hacked_Crate
2025-12-06 02:16:31 [INFO] Spawning loot from JSON pools for crate: BS_Hacked_Crate. Using defined LootCategoriesToUse: 2 categories.
2025-12-06 02:16:31 [INFO] Processing category from CrateSettings: 'DefaultArmaments' for crate BS_Hacked_Crate
2025-12-06 02:16:31 [INFO]   - Selected Pool: 'M4A1_Example_Pool' (Weight/Probability: 1) for crate BS_Hacked_Crate
2025-12-06 02:16:31 [INFO]     - Pool Min/Max items for 'M4A1_Example_Pool': 1/1 (Clamped for pool size 1)
2025-12-06 02:16:31 [INFO]     - Calculated Count To Spawn from this pool 'M4A1_Example_Pool': 1
2025-12-06 02:16:31 [INFO]     - Attempting to spawn 1 weighted random items from pool 'M4A1_Example_Pool':
2025-12-06 02:16:31 [INFO]       - Spawning Item 1/1: M4A1 (Original Probability in Pool: 1) for crate BS_Hacked_Crate
2025-12-06 02:16:31 [INFO]         -> Spawned base item OK: M4A1
2025-12-06 02:16:31 [INFO]         -> Attaching items to M4A1...
2025-12-06 02:16:31 [INFO]           + Attached OK: Mag_STANAG_30Rnd
2025-12-06 02:16:31 [INFO]           + Attached OK: M4_OEBttstck
2025-12-06 02:16:31 [INFO]           + Attached OK: M4_CarryHandleOptic
2025-12-06 02:16:31 [INFO] Processing category from CrateSettings: 'DefaultMedical' for crate BS_Hacked_Crate
2025-12-06 02:16:31 [INFO]   - Selected Pool: 'Basic_Medical_Supplies' (Weight/Probability: 0.8) for crate BS_Hacked_Crate
2025-12-06 02:16:31 [INFO]     - Pool Min/Max items for 'Basic_Medical_Supplies': 2/2 (Clamped for pool size 2)
2025-12-06 02:16:31 [INFO]     - Calculated Count To Spawn from this pool 'Basic_Medical_Supplies': 2
2025-12-06 02:16:31 [INFO]     - Attempting to spawn 2 weighted random items from pool 'Basic_Medical_Supplies':
2025-12-06 02:16:31 [INFO]       - Spawning Item 1/2: BandageDressing (Original Probability in Pool: 1.5) for crate BS_Hacked_Crate
2025-12-06 02:16:31 [INFO]         -> Spawned base item OK: BandageDressing
2025-12-06 02:16:31 [INFO]       - Spawning Item 2/2: PainkillerTablets (Original Probability in Pool: 0.5) for crate BS_Hacked_Crate
2025-12-06 02:16:31 [INFO]         -> Spawned base item OK: PainkillerTablets
2025-12-06 02:16:31 [INFO] Inventory for BS_Hacked_Crate LOCKED. IsOpen: true LootAccessActionDone: false
2025-12-06 02:16:31 [INFO] Inventory lock state re-evaluated for BS_Hacked_Crate. Should be LOCKED if RequireAccessAction is true and action not yet performed.
2025-12-06 02:16:31 [INFO] Loot spawning process finished for crate at <4732.430176, 338.968994, 10350.200195>
2025-12-06 02:16:31 [INFO] HandlePostLootTimersAndDespawn (BS_Hacked_Crate): Advanced Groups marker (UID: 239476029) will be handled by EEDelete or specific despawn logic.
2025-12-06 02:16:31 [INFO] HandlePostLootTimersAndDespawn (BS_Hacked_Crate): Scheduling auto-despawn in 1800s (30 minutes).
2025-12-06 02:16:31 [INFO] StartAutoDespawnTimer: Auto-despawn timer started for BS_Hacked_Crate<a33ca0b0>. Will delete in 1800s.
2025-12-06 02:16:31 [INFO] HackedCrate (BS_Hacked_Crate): Sending RPC Notification. Type: END, Key: #STR_BSHC_Notification_End_Located
2025-12-06 02:16:31 [INFO] Hack finished: BS_Hacked_Crate at <4732.430176, 338.968994, 10350.200195>
2025-12-06 02:16:33 [INFO] Inventory for BS_Hacked_Crate UNLOCKED. IsOpen: true LootAccessActionDone: true
2025-12-06 02:16:33 [INFO] Player Chaps accessed loot in HackedCrate: <4732.430176, 338.968994, 10350.200195>
2025-12-06 02:46:59 [INFO] DeleteCrateScheduled: Auto-despawn timer finished for BS_Hacked_Crate<a33ca0b0>. Deleting crate now.
2025-12-06 02:46:59 [INFO] EXP_REMOVE_DEBUG: Attempting RemoveExpansionMapMarker. Context: UnknownContext. Current UID: '' for BS_Hacked_Crate<3016650>
2025-12-06 02:46:59 [INFO] EXP_REMOVE_DEBUG: EXPANSIONMODNAVIGATION NOT defined. Cannot remove marker. Context: UnknownContext for BS_Hacked_Crate<3016650>
2025-12-06 02:46:59 [INFO] EEDelete called for BS_Hacked_Crate at <4732.430176, 338.968994, 10350.200195>
2025-12-06 02:46:59 [INFO] EXP_REMOVE_DEBUG: Attempting RemoveExpansionMapMarker. Context: EEDelete. Current UID: '' for BS_Hacked_Crate<3016650>
2025-12-06 02:46:59 [INFO] EXP_REMOVE_DEBUG: EXPANSIONMODNAVIGATION NOT defined. Cannot remove marker. Context: EEDelete for BS_Hacked_Crate<3016650>
2025-12-06 02:46:59 [INFO] BSHC_AG_DEBUG: BSHC_RemoveAdvancedGroupsMapMarker called.
2025-12-06 02:46:59 [INFO] BSHC_AG_DEBUG: Removing AG marker UID: 239476029
2025-12-06 02:46:59 [INFO] BSHC_AG_DEBUG: AG marker UID 239476029 successfully removed.
2025-12-06 02:46:59 [INFO] HackedCrate (BS_Hacked_Crate): Sending RPC Notification. Type: DESPAWN, Key: #STR_BSHC_Notification_Despawn_Located
2025-12-06 02:46:59 [INFO] EEDelete: Removed BS_Hacked_Crate from g_ActiveHackedCrates. Remaining count: 1
2025-12-06 02:48:44 [INFO] --------------------------------------------------------------------------
2025-12-06 02:48:44 [INFO] OnCrateSpawnTickPeriodic - Management Tick received. Evaluating individual crate configs...
2025-12-06 02:48:44 [INFO] --------------------------------------------------------------------------
2025-12-06 02:48:44 [INFO] Config 'DefaultDynamicEvent_Example1' is due for a check. Processing...
2025-12-06 02:48:44 [INFO] CrateSpawner: Processing ConfigUniqueID: 'DefaultDynamicEvent_Example1' (CrateType: 'BS_Hacked_Crate')
2025-12-06 02:48:44 [INFO] CrateSpawner: Skipping ConfigUniqueID 'DefaultDynamicEvent_Example1'. Players required: 1, Current: 0
2025-12-06 02:48:44 [INFO] OnCrateSpawnTickPeriodic - Management Tick finished. Next check in 3600 seconds.
2025-12-06 03:48:44 [INFO] --------------------------------------------------------------------------
2025-12-06 03:48:44 [INFO] OnCrateSpawnTickPeriodic - Management Tick received. Evaluating individual crate configs...
2025-12-06 03:48:44 [INFO] --------------------------------------------------------------------------
2025-12-06 03:48:44 [INFO] Config 'DefaultDynamicEvent_Example1' is due for a check. Processing...
2025-12-06 03:48:44 [INFO] CrateSpawner: Processing ConfigUniqueID: 'DefaultDynamicEvent_Example1' (CrateType: 'BS_Hacked_Crate')
2025-12-06 03:48:44 [INFO] CrateSpawner: Skipping ConfigUniqueID 'DefaultDynamicEvent_Example1'. Players required: 1, Current: 0
2025-12-06 03:48:44 [INFO] OnCrateSpawnTickPeriodic - Management Tick finished. Next check in 3600 seconds.
2025-12-06 04:48:44 [INFO] --------------------------------------------------------------------------
2025-12-06 04:48:44 [INFO] OnCrateSpawnTickPeriodic - Management Tick received. Evaluating individual crate configs...
2025-12-06 04:48:44 [INFO] --------------------------------------------------------------------------
2025-12-06 04:48:44 [INFO] Config 'DefaultDynamicEvent_Example1' is due for a check. Processing...
2025-12-06 04:48:44 [INFO] CrateSpawner: Processing ConfigUniqueID: 'DefaultDynamicEvent_Example1' (CrateType: 'BS_Hacked_Crate')
2025-12-06 04:48:44 [INFO] CrateSpawner: Skipping ConfigUniqueID 'DefaultDynamicEvent_Example1'. Players required: 1, Current: 0
2025-12-06 04:48:44 [INFO] OnCrateSpawnTickPeriodic - Management Tick finished. Next check in 3600 seconds.
