2025-12-15 06:00:44 [INFO] OnInit - Initializing Bastardos Hacked Crates System...
2025-12-15 06:00:44 [INFO] OnInit - Loading Hacked Crate Loot Configuration (loot_pools.json)...
2025-12-15 06:00:44 [INFO] [BSHCLootPoolConfig] Found loot_pools.json at: $profile:\Bastardo_HC\loot_pools.json
2025-12-15 06:00:44 [INFO] [BSHCLootPoolConfig] JsonLoadFile executed. Loaded 1 categories defined in the root.
2025-12-15 06:00:44 [INFO] [BSHCLootPoolConfig] Category 'DefaultArmaments' has 0 loot pools.
2025-12-15 06:00:44 [INFO] OnInit - Hacked Crate Loot Configuration processed successfully.
2025-12-15 06:00:44 [INFO] OnInit - Loading Hacked Crate settings (global, static, dynamic)...
2025-12-15 06:00:44 [INFO] CrateManagement instance created with default grace period and tick interval.
2025-12-15 06:00:44 [INFO] [BSHCGlobalServerSettings] Loading from: $profile:\Bastardo_HC\BS_Global_settings.json
2025-12-15 06:00:44 [INFO] [BSHCGlobalServerSettings] Saving to: $profile:\Bastardo_HC\BS_Global_settings.json
2025-12-15 06:00:44 [INFO] [CrateConfigManager] Re-saved static_crates.json to include any new options.
2025-12-15 06:00:44 [INFO] [CrateConfigManager] Re-saved dynamic_crates.json to include any new options.
2025-12-15 06:00:44 [INFO] [CrateConfigManager] Static CrateManagement has been set.
2025-12-15 06:00:44 [INFO] CrateSpawner instance created.
2025-12-15 06:00:44 [INFO] [BSHCGlobalServerSettings] Loading from: $profile:\Bastardo_HC\BS_Global_settings.json
2025-12-15 06:00:44 [INFO] [BSHCGlobalServerSettings] Saving to: $profile:\Bastardo_HC\BS_Global_settings.json
2025-12-15 06:00:44 [INFO] OnInit - Global Dynamic Crate Limit set to: -1
2025-12-15 06:00:44 [INFO] OnInit - Crate Spawner created. Grace Period: 5 minutes. Periodic Tick: 3600 seconds.
2025-12-15 06:00:44 [INFO] OnInit - Bastardos Hacked Crates System Initialization sequence finished.
2025-12-15 06:00:52 [INFO] OnMissionStart - Server mission started. Scheduling Hacked Crate cleanup and initial spawn setup.
2025-12-15 06:00:52 [INFO] OnMissionStart - Immediate STATIC Crate spawn scheduled in 15 seconds.
2025-12-15 06:00:52 [INFO] OnMissionStart - Initial DYNAMIC Crate spawn scheduled in approx. 320 seconds.
2025-12-15 06:00:52 [INFO] OnMissionStart - Scheduling first PERIODIC Crate Spawn Tick in approx. 3600 seconds.
2025-12-15 06:01:10 [INFO] Inventory for BS_Hacked_Crate LOCKED. IsOpen: false LootAccessActionDone: false
2025-12-15 06:01:10 [INFO] OnStoreLoad: m_ConfigUniqueID_Persist set from storage to: 'DefaultDynamicEvent_Example1' for BS_Hacked_Crate<2992916>
2025-12-15 06:01:10 [INFO] OnStoreLoad: FINISHED loading raw data into member variables for BS_Hacked_Crate<2992916>
2025-12-15 06:01:23 [INFO] DeferredEEInitLogic: START for BS_Hacked_Crate<2992916>. m_LoadedExpansionMarkerUID (should be from OnStoreLoad) is ''. Current m_ExpansionMarkerUID (active) is ''
2025-12-15 06:01:23 [INFO] GetCrateSettings: m_CrateSettings_Instance is NULL for BS_Hacked_Crate<2992916>. Calling AttemptToReacquireSettings().
2025-12-15 06:01:23 [INFO] HackedCrate_Base (BS_Hacked_Crate): Attempting to re-acquire CrateSettings. Persisted ConfigUniqueID is: 'DefaultDynamicEvent_Example1'
2025-12-15 06:01:23 [INFO] HackedCrate_Base (BS_Hacked_Crate): Instance specific CrateSettings assigned. ConfigUniqueID: DefaultDynamicEvent_Example1
2025-12-15 06:01:23 [INFO] HackedCrate_Base (BS_Hacked_Crate): Successfully re-acquired CrateSettings by persisted ConfigUniqueID 'DefaultDynamicEvent_Example1'.
2025-12-15 06:01:23 [INFO] DeferredEEInitLogic: Settings acquired successfully for BS_Hacked_Crate<2992916>.
2025-12-15 06:01:23 [INFO] DeferredEEInitLogic: AG DEBUG for BS_Hacked_Crate<2992916>
2025-12-15 06:01:23 [INFO] BSHC_AG_DEBUG: BSHC_CreateAdvancedGroupsMapMarker call.
2025-12-15 06:01:23 [INFO] BSHC_AG_DEBUG: Final Marker Name: '#STR_BSHC_HackedCrate_DisplayName'
2025-12-15 06:01:23 [INFO] BSHC_AG_DEBUG: Trying to create AG marker with name: #STR_BSHC_HackedCrate_DisplayName, Pos: <4553.689941, 317.975006, 8352.099609>, Icon: BS_HackedCrate/gui/iconcrate.paa, Color: -65536, ShowOnMap: true, ShowInWorld: true
2025-12-15 06:01:23 [INFO] BSHC_AG_DEBUG: LBStaticMarkerManager.Get is accessible.
2025-12-15 06:01:23 [INFO] BSHC_AG_DEBUG: Created AG marker (UID: 1556789707) for BS_Hacked_Crate
2025-12-15 06:01:23 [INFO] DeferredEEInitLogic: Final m_LootAccessActionDone for BS_Hacked_Crate<2992916> is: false
2025-12-15 06:01:23 [INFO] Inventory for BS_Hacked_Crate LOCKED. IsOpen: false LootAccessActionDone: false
2025-12-15 06:01:23 [INFO] DeferredEEInitLogic: FINISHED for BS_Hacked_Crate<2992916>
2025-12-15 06:01:23 [INFO] DeferredEEInitLogic: Re-added persistent crate BS_Hacked_Crate to g_ActiveHackedCrates list.
2025-12-15 06:01:47 [INFO] DeleteHackedCratesFromKnownLocations - Starting cleanup of Hacked Crates from KNOWN SPAWN LOCATIONS as defined in configurations...
2025-12-15 06:01:47 [INFO] DeleteHackedCratesFromKnownLocations - Deleting INACTIVE: BS_Hacked_Crate (ID: 2992916) found at configured spawn Pos: <4553.689941, 317.975006, 8352.099609> for CrateType BS_Hacked_Crate
2025-12-15 06:01:47 [INFO] EEDelete called for BS_Hacked_Crate at <4553.689941, 317.975006, 8352.099609>
2025-12-15 06:01:47 [INFO] EXP_REMOVE_DEBUG: Attempting RemoveExpansionMapMarker. Context: EEDelete. Current UID: '' for BS_Hacked_Crate<2992916>
2025-12-15 06:01:47 [INFO] EXP_REMOVE_DEBUG: EXPANSIONMODNAVIGATION NOT defined. Cannot remove marker. Context: EEDelete for BS_Hacked_Crate<2992916>
2025-12-15 06:01:47 [INFO] BSHC_AG_DEBUG: BSHC_RemoveAdvancedGroupsMapMarker called.
2025-12-15 06:01:47 [INFO] BSHC_AG_DEBUG: Removing AG marker UID: 1556789707
2025-12-15 06:01:47 [INFO] BSHC_AG_DEBUG: AG marker UID 1556789707 successfully removed.
2025-12-15 06:01:47 [INFO] HackedCrate (BS_Hacked_Crate): Sending RPC Notification. Type: DESPAWN, Key: #STR_BSHC_Notification_Despawn_Located
2025-12-15 06:01:47 [INFO] DeleteHackedCratesFromKnownLocations - Cleanup from known locations finished. Total inactive Hacked Crates (matching type and location) deleted: 1
2025-12-15 06:01:52 [INFO] PerformImmediateStaticSpawn - Calling CrateSpawner to setup STATIC Hacked Crates...
2025-12-15 06:01:52 [INFO] CrateSpawner: ------------- Starting IMMEDIATE STATIC Spawn Pass -------------
2025-12-15 06:01:52 [INFO] CrateSpawner: Processing IMMEDIATE STATIC for ConfigUniqueID: 'DefaultStaticEvent_Example1'.
2025-12-15 06:01:52 [INFO] SpawnStaticCrates: Processing 1 static locations for ConfigUniqueID: 'DefaultStaticEvent_Example1'.
2025-12-15 06:01:52 [INFO] SpawnStaticCrates: Location <2471.820068, 193.177002, 5114.220215> is free. Attempting to spawn crate.
2025-12-15 06:01:52 [INFO] Inventory for BS_Hacked_Crate LOCKED. IsOpen: false LootAccessActionDone: false
2025-12-15 06:01:52 [INFO] HackedCrate_Base (BS_Hacked_Crate): Instance specific CrateSettings assigned. ConfigUniqueID: DefaultStaticEvent_Example1
2025-12-15 06:01:52 [INFO] [SpawnAIAroundCrate] Spawning 3 AI(s) next to the crate.
2025-12-15 06:01:52 [INFO] [SpawnAIAroundCrate] Successfully spawned ZmbM_SoldierNormal at <2464.559082, 192.002655, 5133.670898>
2025-12-15 06:01:52 [INFO] [SpawnAIAroundCrate] Successfully spawned ZmbM_SoldierNormal at <2471.742676, 193.318054, 5089.415527>
2025-12-15 06:01:52 [INFO] [SpawnAIAroundCrate] Successfully spawned ZmbM_SoldierNormal at <2494.609619, 193.252853, 5112.191406>
2025-12-15 06:01:52 [INFO] CrateSpawner: ------------- Finished IMMEDIATE STATIC Spawn Pass -------------
2025-12-15 06:01:52 [INFO] DeferredEEInitLogic: START for BS_Hacked_Crate<3010166>. m_LoadedExpansionMarkerUID (should be from OnStoreLoad) is ''. Current m_ExpansionMarkerUID (active) is ''
2025-12-15 06:01:52 [INFO] DeferredEEInitLogic: Settings acquired successfully for BS_Hacked_Crate<3010166>.
2025-12-15 06:01:52 [INFO] DeferredEEInitLogic: m_ExpansionMarkerUID is empty. Calling CreateExpansionMapMarker for BS_Hacked_Crate<3010166>.
2025-12-15 06:01:52 [INFO] EXP_DEBUG: Inside CreateExpansionMapMarker for BS_Hacked_Crate.UseExpansionMapMarker is true.
2025-12-15 06:01:52 [INFO] EXP_DEBUG: EXPANSIONMODNAVIGATION is NOT defined. No Expansion marker will be created.
2025-12-15 06:01:52 [INFO] DeferredEEInitLogic: AG DEBUG for BS_Hacked_Crate<3010166>
2025-12-15 06:01:52 [INFO] BSHC_AG_DEBUG: BSHC_CreateAdvancedGroupsMapMarker call.
2025-12-15 06:01:52 [INFO] BSHC_AG_DEBUG: Final Marker Name: '#STR_BSHC_HackedCrate_DisplayName'
2025-12-15 06:01:52 [INFO] BSHC_AG_DEBUG: Trying to create AG marker with name: #STR_BSHC_HackedCrate_DisplayName, Pos: <2471.820068, 193.177002, 5114.220215>, Icon: BS_HackedCrate/gui/iconcrate.paa, Color: -65536, ShowOnMap: true, ShowInWorld: true
2025-12-15 06:01:52 [INFO] BSHC_AG_DEBUG: LBStaticMarkerManager.Get is accessible.
2025-12-15 06:01:52 [INFO] BSHC_AG_DEBUG: Created AG marker (UID: 1565899488) for BS_Hacked_Crate
2025-12-15 06:01:52 [INFO] DeferredEEInitLogic: Final m_LootAccessActionDone for BS_Hacked_Crate<3010166> is: false
2025-12-15 06:01:52 [INFO] Inventory for BS_Hacked_Crate LOCKED. IsOpen: false LootAccessActionDone: false
2025-12-15 06:01:52 [INFO] DeferredEEInitLogic: FINISHED for BS_Hacked_Crate<3010166>
2025-12-15 06:06:57 [INFO] PerformInitialDynamicSpawn - Grace period ended. Calling CrateSpawner to setup initial DYNAMIC Hacked Crates...
2025-12-15 06:06:57 [INFO] CrateSpawner: ------------- Starting INITIAL DYNAMIC Spawn Pass (Post-Grace) -------------
2025-12-15 06:06:57 [INFO] CrateSpawner: Current server population for dynamic spawn: 0 players.
2025-12-15 06:06:57 [INFO] CrateSpawner: Processing DYNAMIC for ConfigUniqueID: 'DefaultDynamicEvent_Example1'.
2025-12-15 06:06:57 [INFO] CrateSpawner: Skipping ConfigUniqueID 'DefaultDynamicEvent_Example1'. Players required: 1, Current: 0
2025-12-15 06:06:57 [INFO] CrateSpawner: ------------- Finished INITIAL DYNAMIC Spawn Pass -------------
2025-12-15 07:01:37 [INFO] --------------------------------------------------------------------------
2025-12-15 07:01:37 [INFO] OnCrateSpawnTickPeriodic - Management Tick received. Evaluating individual crate configs...
2025-12-15 07:01:37 [INFO] --------------------------------------------------------------------------
2025-12-15 07:01:37 [INFO] Config 'DefaultDynamicEvent_Example1' is due for a check. Processing...
2025-12-15 07:01:37 [INFO] CrateSpawner: Processing ConfigUniqueID: 'DefaultDynamicEvent_Example1' (CrateType: 'BS_Hacked_Crate')
2025-12-15 07:01:37 [INFO] CrateSpawner: Skipping ConfigUniqueID 'DefaultDynamicEvent_Example1'. Players required: 1, Current: 0
2025-12-15 07:01:37 [INFO] OnCrateSpawnTickPeriodic - Management Tick finished. Next check in 3600 seconds.
2025-12-15 08:01:37 [INFO] --------------------------------------------------------------------------
2025-12-15 08:01:37 [INFO] OnCrateSpawnTickPeriodic - Management Tick received. Evaluating individual crate configs...
2025-12-15 08:01:37 [INFO] --------------------------------------------------------------------------
2025-12-15 08:01:37 [INFO] Config 'DefaultDynamicEvent_Example1' is due for a check. Processing...
2025-12-15 08:01:37 [INFO] CrateSpawner: Processing ConfigUniqueID: 'DefaultDynamicEvent_Example1' (CrateType: 'BS_Hacked_Crate')
2025-12-15 08:01:37 [INFO] CrateSpawner: Skipping ConfigUniqueID 'DefaultDynamicEvent_Example1'. Players required: 1, Current: 0
2025-12-15 08:01:37 [INFO] OnCrateSpawnTickPeriodic - Management Tick finished. Next check in 3600 seconds.
2025-12-15 09:01:37 [INFO] --------------------------------------------------------------------------
2025-12-15 09:01:37 [INFO] OnCrateSpawnTickPeriodic - Management Tick received. Evaluating individual crate configs...
2025-12-15 09:01:37 [INFO] --------------------------------------------------------------------------
2025-12-15 09:01:37 [INFO] Config 'DefaultDynamicEvent_Example1' is due for a check. Processing...
2025-12-15 09:01:37 [INFO] CrateSpawner: Processing ConfigUniqueID: 'DefaultDynamicEvent_Example1' (CrateType: 'BS_Hacked_Crate')
2025-12-15 09:01:37 [INFO] CrateSpawner: Skipping ConfigUniqueID 'DefaultDynamicEvent_Example1'. Players required: 1, Current: 0
2025-12-15 09:01:37 [INFO] OnCrateSpawnTickPeriodic - Management Tick finished. Next check in 3600 seconds.
2025-12-15 10:01:37 [INFO] --------------------------------------------------------------------------
2025-12-15 10:01:37 [INFO] OnCrateSpawnTickPeriodic - Management Tick received. Evaluating individual crate configs...
2025-12-15 10:01:37 [INFO] --------------------------------------------------------------------------
2025-12-15 10:01:37 [INFO] Config 'DefaultDynamicEvent_Example1' is due for a check. Processing...
2025-12-15 10:01:37 [INFO] CrateSpawner: Processing ConfigUniqueID: 'DefaultDynamicEvent_Example1' (CrateType: 'BS_Hacked_Crate')
2025-12-15 10:01:37 [INFO] CrateSpawner: Skipping ConfigUniqueID 'DefaultDynamicEvent_Example1'. Players required: 1, Current: 0
2025-12-15 10:01:37 [INFO] OnCrateSpawnTickPeriodic - Management Tick finished. Next check in 3600 seconds.
2025-12-15 11:01:37 [INFO] --------------------------------------------------------------------------
2025-12-15 11:01:37 [INFO] OnCrateSpawnTickPeriodic - Management Tick received. Evaluating individual crate configs...
2025-12-15 11:01:37 [INFO] --------------------------------------------------------------------------
2025-12-15 11:01:37 [INFO] Config 'DefaultDynamicEvent_Example1' is due for a check. Processing...
2025-12-15 11:01:37 [INFO] CrateSpawner: Processing ConfigUniqueID: 'DefaultDynamicEvent_Example1' (CrateType: 'BS_Hacked_Crate')
2025-12-15 11:01:37 [INFO] CrateSpawner: Skipping ConfigUniqueID 'DefaultDynamicEvent_Example1'. Players required: 1, Current: 0
2025-12-15 11:01:37 [INFO] OnCrateSpawnTickPeriodic - Management Tick finished. Next check in 3600 seconds.
2025-12-15 12:01:37 [INFO] --------------------------------------------------------------------------
2025-12-15 12:01:37 [INFO] OnCrateSpawnTickPeriodic - Management Tick received. Evaluating individual crate configs...
2025-12-15 12:01:37 [INFO] --------------------------------------------------------------------------
2025-12-15 12:01:37 [INFO] Config 'DefaultDynamicEvent_Example1' is due for a check. Processing...
2025-12-15 12:01:37 [INFO] CrateSpawner: Processing ConfigUniqueID: 'DefaultDynamicEvent_Example1' (CrateType: 'BS_Hacked_Crate')
2025-12-15 12:01:37 [INFO] CrateSpawner: Skipping ConfigUniqueID 'DefaultDynamicEvent_Example1'. Players required: 1, Current: 0
2025-12-15 12:01:37 [INFO] OnCrateSpawnTickPeriodic - Management Tick finished. Next check in 3600 seconds.
2025-12-15 13:01:37 [INFO] --------------------------------------------------------------------------
2025-12-15 13:01:37 [INFO] OnCrateSpawnTickPeriodic - Management Tick received. Evaluating individual crate configs...
2025-12-15 13:01:37 [INFO] --------------------------------------------------------------------------
2025-12-15 13:01:37 [INFO] Config 'DefaultDynamicEvent_Example1' is due for a check. Processing...
2025-12-15 13:01:37 [INFO] CrateSpawner: Processing ConfigUniqueID: 'DefaultDynamicEvent_Example1' (CrateType: 'BS_Hacked_Crate')
2025-12-15 13:01:37 [INFO] CrateSpawner: Skipping ConfigUniqueID 'DefaultDynamicEvent_Example1'. Players required: 1, Current: 0
2025-12-15 13:01:37 [INFO] OnCrateSpawnTickPeriodic - Management Tick finished. Next check in 3600 seconds.
2025-12-15 14:01:37 [INFO] --------------------------------------------------------------------------
2025-12-15 14:01:37 [INFO] OnCrateSpawnTickPeriodic - Management Tick received. Evaluating individual crate configs...
2025-12-15 14:01:37 [INFO] --------------------------------------------------------------------------
2025-12-15 14:01:37 [INFO] Config 'DefaultDynamicEvent_Example1' is due for a check. Processing...
2025-12-15 14:01:37 [INFO] CrateSpawner: Processing ConfigUniqueID: 'DefaultDynamicEvent_Example1' (CrateType: 'BS_Hacked_Crate')
2025-12-15 14:01:37 [INFO] CrateSpawner: Skipping ConfigUniqueID 'DefaultDynamicEvent_Example1'. Players required: 1, Current: 0
2025-12-15 14:01:37 [INFO] OnCrateSpawnTickPeriodic - Management Tick finished. Next check in 3600 seconds.
2025-12-15 15:01:37 [INFO] --------------------------------------------------------------------------
2025-12-15 15:01:37 [INFO] OnCrateSpawnTickPeriodic - Management Tick received. Evaluating individual crate configs...
2025-12-15 15:01:37 [INFO] --------------------------------------------------------------------------
2025-12-15 15:01:37 [INFO] Config 'DefaultDynamicEvent_Example1' is due for a check. Processing...
2025-12-15 15:01:37 [INFO] CrateSpawner: Processing ConfigUniqueID: 'DefaultDynamicEvent_Example1' (CrateType: 'BS_Hacked_Crate')
2025-12-15 15:01:37 [INFO] CrateSpawner: Skipping ConfigUniqueID 'DefaultDynamicEvent_Example1'. Players required: 1, Current: 0
2025-12-15 15:01:37 [INFO] OnCrateSpawnTickPeriodic - Management Tick finished. Next check in 3600 seconds.
2025-12-15 16:01:37 [INFO] --------------------------------------------------------------------------
2025-12-15 16:01:37 [INFO] OnCrateSpawnTickPeriodic - Management Tick received. Evaluating individual crate configs...
2025-12-15 16:01:37 [INFO] --------------------------------------------------------------------------
2025-12-15 16:01:37 [INFO] Config 'DefaultDynamicEvent_Example1' is due for a check. Processing...
2025-12-15 16:01:37 [INFO] CrateSpawner: Processing ConfigUniqueID: 'DefaultDynamicEvent_Example1' (CrateType: 'BS_Hacked_Crate')
2025-12-15 16:01:37 [INFO] CrateSpawner: Skipping ConfigUniqueID 'DefaultDynamicEvent_Example1'. Players required: 1, Current: 0
2025-12-15 16:01:37 [INFO] OnCrateSpawnTickPeriodic - Management Tick finished. Next check in 3600 seconds.
2025-12-15 17:01:37 [INFO] --------------------------------------------------------------------------
2025-12-15 17:01:37 [INFO] OnCrateSpawnTickPeriodic - Management Tick received. Evaluating individual crate configs...
2025-12-15 17:01:37 [INFO] --------------------------------------------------------------------------
2025-12-15 17:01:37 [INFO] Config 'DefaultDynamicEvent_Example1' is due for a check. Processing...
2025-12-15 17:01:37 [INFO] CrateSpawner: Processing ConfigUniqueID: 'DefaultDynamicEvent_Example1' (CrateType: 'BS_Hacked_Crate')
2025-12-15 17:01:37 [INFO] CrateSpawner: Skipping ConfigUniqueID 'DefaultDynamicEvent_Example1'. Players required: 1, Current: 0
2025-12-15 17:01:37 [INFO] OnCrateSpawnTickPeriodic - Management Tick finished. Next check in 3600 seconds.
2025-12-15 18:01:37 [INFO] --------------------------------------------------------------------------
2025-12-15 18:01:37 [INFO] OnCrateSpawnTickPeriodic - Management Tick received. Evaluating individual crate configs...
2025-12-15 18:01:37 [INFO] --------------------------------------------------------------------------
2025-12-15 18:01:37 [INFO] Config 'DefaultDynamicEvent_Example1' is due for a check. Processing...
2025-12-15 18:01:37 [INFO] CrateSpawner: Processing ConfigUniqueID: 'DefaultDynamicEvent_Example1' (CrateType: 'BS_Hacked_Crate')
2025-12-15 18:01:37 [INFO] CrateSpawner: Skipping ConfigUniqueID 'DefaultDynamicEvent_Example1'. Players required: 1, Current: 0
2025-12-15 18:01:37 [INFO] OnCrateSpawnTickPeriodic - Management Tick finished. Next check in 3600 seconds.
2025-12-15 19:01:37 [INFO] --------------------------------------------------------------------------
2025-12-15 19:01:37 [INFO] OnCrateSpawnTickPeriodic - Management Tick received. Evaluating individual crate configs...
2025-12-15 19:01:37 [INFO] --------------------------------------------------------------------------
2025-12-15 19:01:37 [INFO] Config 'DefaultDynamicEvent_Example1' is due for a check. Processing...
2025-12-15 19:01:37 [INFO] CrateSpawner: Processing ConfigUniqueID: 'DefaultDynamicEvent_Example1' (CrateType: 'BS_Hacked_Crate')
2025-12-15 19:01:37 [INFO] CrateSpawner: Skipping ConfigUniqueID 'DefaultDynamicEvent_Example1'. Players required: 1, Current: 0
2025-12-15 19:01:37 [INFO] OnCrateSpawnTickPeriodic - Management Tick finished. Next check in 3600 seconds.
2025-12-15 20:01:37 [INFO] --------------------------------------------------------------------------
2025-12-15 20:01:37 [INFO] OnCrateSpawnTickPeriodic - Management Tick received. Evaluating individual crate configs...
2025-12-15 20:01:37 [INFO] --------------------------------------------------------------------------
2025-12-15 20:01:37 [INFO] Config 'DefaultDynamicEvent_Example1' is due for a check. Processing...
2025-12-15 20:01:37 [INFO] CrateSpawner: Processing ConfigUniqueID: 'DefaultDynamicEvent_Example1' (CrateType: 'BS_Hacked_Crate')
2025-12-15 20:01:37 [INFO] CrateSpawner: Skipping ConfigUniqueID 'DefaultDynamicEvent_Example1'. Players required: 1, Current: 0
2025-12-15 20:01:37 [INFO] OnCrateSpawnTickPeriodic - Management Tick finished. Next check in 3600 seconds.
2025-12-15 21:01:37 [INFO] --------------------------------------------------------------------------
2025-12-15 21:01:37 [INFO] OnCrateSpawnTickPeriodic - Management Tick received. Evaluating individual crate configs...
2025-12-15 21:01:37 [INFO] --------------------------------------------------------------------------
2025-12-15 21:01:37 [INFO] Config 'DefaultDynamicEvent_Example1' is due for a check. Processing...
2025-12-15 21:01:37 [INFO] CrateSpawner: Processing ConfigUniqueID: 'DefaultDynamicEvent_Example1' (CrateType: 'BS_Hacked_Crate')
2025-12-15 21:01:37 [INFO] CrateSpawner: Skipping ConfigUniqueID 'DefaultDynamicEvent_Example1'. Players required: 1, Current: 0
2025-12-15 21:01:37 [INFO] OnCrateSpawnTickPeriodic - Management Tick finished. Next check in 3600 seconds.
2025-12-15 22:01:37 [INFO] --------------------------------------------------------------------------
2025-12-15 22:01:37 [INFO] OnCrateSpawnTickPeriodic - Management Tick received. Evaluating individual crate configs...
2025-12-15 22:01:37 [INFO] --------------------------------------------------------------------------
2025-12-15 22:01:37 [INFO] Config 'DefaultDynamicEvent_Example1' is due for a check. Processing...
2025-12-15 22:01:37 [INFO] CrateSpawner: Processing ConfigUniqueID: 'DefaultDynamicEvent_Example1' (CrateType: 'BS_Hacked_Crate')
2025-12-15 22:01:37 [INFO] CrateSpawner: Skipping ConfigUniqueID 'DefaultDynamicEvent_Example1'. Players required: 1, Current: 0
2025-12-15 22:01:37 [INFO] OnCrateSpawnTickPeriodic - Management Tick finished. Next check in 3600 seconds.
2025-12-15 23:01:37 [INFO] --------------------------------------------------------------------------
2025-12-15 23:01:37 [INFO] OnCrateSpawnTickPeriodic - Management Tick received. Evaluating individual crate configs...
2025-12-15 23:01:37 [INFO] --------------------------------------------------------------------------
2025-12-15 23:01:37 [INFO] Config 'DefaultDynamicEvent_Example1' is due for a check. Processing...
2025-12-15 23:01:37 [INFO] CrateSpawner: Processing ConfigUniqueID: 'DefaultDynamicEvent_Example1' (CrateType: 'BS_Hacked_Crate')
2025-12-15 23:01:37 [INFO] CrateSpawner: Skipping ConfigUniqueID 'DefaultDynamicEvent_Example1'. Players required: 1, Current: 0
2025-12-15 23:01:37 [INFO] OnCrateSpawnTickPeriodic - Management Tick finished. Next check in 3600 seconds.
2025-12-16 00:01:37 [INFO] --------------------------------------------------------------------------
2025-12-16 00:01:37 [INFO] OnCrateSpawnTickPeriodic - Management Tick received. Evaluating individual crate configs...
2025-12-16 00:01:37 [INFO] --------------------------------------------------------------------------
2025-12-16 00:01:37 [INFO] Config 'DefaultDynamicEvent_Example1' is due for a check. Processing...
2025-12-16 00:01:37 [INFO] CrateSpawner: Processing ConfigUniqueID: 'DefaultDynamicEvent_Example1' (CrateType: 'BS_Hacked_Crate')
2025-12-16 00:01:37 [INFO] CrateSpawner: Handling RANDOM for ConfigUniqueID: 'DefaultDynamicEvent_Example1'.
2025-12-16 00:01:37 [INFO] CrateSpawner: ConfigUniqueID 'DefaultDynamicEvent_Example1' - Existing: 0, Target Active: 1
2025-12-16 00:01:37 [INFO] CrateSpawner: Attempting to spawn 1 for ConfigUniqueID: 'DefaultDynamicEvent_Example1'.
2025-12-16 00:01:37 [INFO] SpawnRandomCrates: Attempting to spawn 1 of type 'BS_Hacked_Crate' with ConfigUniqueID 'DefaultDynamicEvent_Example1'.
2025-12-16 00:01:37 [INFO] SpawnRandomCrates: Shuffled list for 'DefaultDynamicEvent_Example1' is empty or non-existent. Regenerating and shuffling.
2025-12-16 00:01:37 [INFO] CrateSpawner: Sending spawn warning for 'BS_Hacked_Crate' at VMC
2025-12-16 00:01:37 [INFO] CrateSpawner: Added to pending list for ConfigUniqueID 'DefaultDynamicEvent_Example1'. New pending count: 1
2025-12-16 00:01:37 [INFO] OnCrateSpawnTickPeriodic - Management Tick finished. Next check in 3600 seconds.
2025-12-16 00:11:37 [INFO] SpawnCrateAfterWarning: Timer finished. Spawning crate BS_Hacked_Crate. Removed from pending list. New pending count: 0
2025-12-16 00:11:37 [INFO] Inventory for BS_Hacked_Crate LOCKED. IsOpen: false LootAccessActionDone: false
2025-12-16 00:11:37 [INFO] HackedCrate_Base (BS_Hacked_Crate): Instance specific CrateSettings assigned. ConfigUniqueID: DefaultDynamicEvent_Example1
2025-12-16 00:11:37 [INFO] CrateSpawner: Standard Notification RPC sent. Key: #STR_BSHC_Notification_Spawn_Located
2025-12-16 00:11:37 [INFO] [SpawnAIAroundCrate] Spawning 2 AI(s) next to the crate.
2025-12-16 00:11:37 [INFO] [SpawnAIAroundCrate] Successfully spawned ZmbM_SoldierNormal at <4569.355957, 317.975891, 8343.228516>
2025-12-16 00:11:37 [INFO] [SpawnAIAroundCrate] Successfully spawned ZmbM_SoldierNormal at <4549.119141, 317.893829, 8333.165039>
2025-12-16 00:11:37 [INFO] DeferredEEInitLogic: START for BS_Hacked_Crate<3016671>. m_LoadedExpansionMarkerUID (should be from OnStoreLoad) is ''. Current m_ExpansionMarkerUID (active) is ''
2025-12-16 00:11:37 [INFO] DeferredEEInitLogic: Settings acquired successfully for BS_Hacked_Crate<3016671>.
2025-12-16 00:11:37 [INFO] DeferredEEInitLogic: AG DEBUG for BS_Hacked_Crate<3016671>
2025-12-16 00:11:37 [INFO] BSHC_AG_DEBUG: BSHC_CreateAdvancedGroupsMapMarker call.
2025-12-16 00:11:37 [INFO] BSHC_AG_DEBUG: Final Marker Name: '#STR_BSHC_HackedCrate_DisplayName'
2025-12-16 00:11:37 [INFO] BSHC_AG_DEBUG: Trying to create AG marker with name: #STR_BSHC_HackedCrate_DisplayName, Pos: <4553.689941, 317.975006, 8352.099609>, Icon: BS_HackedCrate/gui/iconcrate.paa, Color: -65536, ShowOnMap: true, ShowInWorld: true
2025-12-16 00:11:37 [INFO] BSHC_AG_DEBUG: LBStaticMarkerManager.Get is accessible.
2025-12-16 00:11:37 [INFO] BSHC_AG_DEBUG: Created AG marker (UID: 880568685) for BS_Hacked_Crate
2025-12-16 00:11:37 [INFO] DeferredEEInitLogic: Final m_LootAccessActionDone for BS_Hacked_Crate<3016671> is: false
2025-12-16 00:11:37 [INFO] Inventory for BS_Hacked_Crate LOCKED. IsOpen: false LootAccessActionDone: false
2025-12-16 00:11:37 [INFO] DeferredEEInitLogic: FINISHED for BS_Hacked_Crate<3016671>
2025-12-16 00:41:49 [INFO] BSHC_AG_DEBUG: BSHC_RemoveAdvancedGroupsMapMarker called.
2025-12-16 00:41:49 [INFO] BSHC_AG_DEBUG: Removing AG marker UID: 1565899488
2025-12-16 00:41:49 [INFO] BSHC_AG_DEBUG: AG marker UID 1565899488 successfully removed.
2025-12-16 00:41:49 [INFO] HackedCrate (BS_Hacked_Crate): Sending RPC Notification. Type: START, Key: #STR_BSHC_Notification_Start_Located
2025-12-16 00:43:16 [INFO] BSHC_AG_DEBUG: BSHC_RemoveAdvancedGroupsMapMarker called.
2025-12-16 00:43:16 [INFO] BSHC_AG_DEBUG: Removing AG marker UID: 1496756904
2025-12-16 00:43:16 [INFO] BSHC_AG_DEBUG: AG marker UID 1496756904 successfully removed.
2025-12-16 00:44:46 [INFO] BSHC_AG_DEBUG: BSHC_RemoveAdvancedGroupsMapMarker called.
2025-12-16 00:44:46 [INFO] BSHC_AG_DEBUG: Removing AG marker UID: 1396549311
2025-12-16 00:44:46 [INFO] BSHC_AG_DEBUG: AG marker UID 1396549311 successfully removed.
2025-12-16 00:46:16 [INFO] BSHC_AG_DEBUG: BSHC_RemoveAdvancedGroupsMapMarker called.
2025-12-16 00:46:16 [INFO] BSHC_AG_DEBUG: Removing AG marker UID: 1321180618
2025-12-16 00:46:16 [INFO] BSHC_AG_DEBUG: AG marker UID 1321180618 successfully removed.
2025-12-16 00:47:46 [INFO] BSHC_AG_DEBUG: BSHC_RemoveAdvancedGroupsMapMarker called.
2025-12-16 00:47:46 [INFO] BSHC_AG_DEBUG: Removing AG marker UID: 1298307859
2025-12-16 00:47:46 [INFO] BSHC_AG_DEBUG: AG marker UID 1298307859 successfully removed.
2025-12-16 00:49:16 [INFO] BSHC_AG_DEBUG: BSHC_RemoveAdvancedGroupsMapMarker called.
2025-12-16 00:49:16 [INFO] BSHC_AG_DEBUG: Removing AG marker UID: 1401071433
2025-12-16 00:49:16 [INFO] BSHC_AG_DEBUG: AG marker UID 1401071433 successfully removed.
2025-12-16 00:50:46 [INFO] BSHC_AG_DEBUG: BSHC_RemoveAdvancedGroupsMapMarker called.
2025-12-16 00:50:46 [INFO] BSHC_AG_DEBUG: Removing AG marker UID: 2007822181
2025-12-16 00:50:46 [INFO] BSHC_AG_DEBUG: AG marker UID 2007822181 successfully removed.
2025-12-16 00:52:16 [INFO] BSHC_AG_DEBUG: BSHC_RemoveAdvancedGroupsMapMarker called.
2025-12-16 00:52:16 [INFO] BSHC_AG_DEBUG: Removing AG marker UID: 1384424783
2025-12-16 00:52:16 [INFO] BSHC_AG_DEBUG: AG marker UID 1384424783 successfully removed.
2025-12-16 00:53:46 [INFO] BSHC_AG_DEBUG: BSHC_RemoveAdvancedGroupsMapMarker called.
2025-12-16 00:53:46 [INFO] BSHC_AG_DEBUG: Removing AG marker UID: 294265792
2025-12-16 00:53:46 [INFO] BSHC_AG_DEBUG: AG marker UID 294265792 successfully removed.
2025-12-16 00:55:16 [INFO] BSHC_AG_DEBUG: BSHC_RemoveAdvancedGroupsMapMarker called.
2025-12-16 00:55:16 [INFO] BSHC_AG_DEBUG: Removing AG marker UID: 2089482521
2025-12-16 00:55:16 [INFO] BSHC_AG_DEBUG: AG marker UID 2089482521 successfully removed.
2025-12-16 00:56:46 [INFO] BSHC_AG_DEBUG: BSHC_RemoveAdvancedGroupsMapMarker called.
2025-12-16 00:56:46 [INFO] BSHC_AG_DEBUG: Removing AG marker UID: 989230679
2025-12-16 00:56:46 [INFO] BSHC_AG_DEBUG: AG marker UID 989230679 successfully removed.
2025-12-16 00:56:50 [INFO] BSHC_AG_DEBUG: BSHC_RemoveAdvancedGroupsMapMarker called.
2025-12-16 00:56:50 [INFO] BSHC_AG_DEBUG: Removing AG marker UID: 914451828
2025-12-16 00:56:50 [INFO] BSHC_AG_DEBUG: AG marker UID 914451828 successfully removed.
2025-12-16 00:56:50 [INFO] Inventory for BS_Hacked_Crate LOCKED. IsOpen: true LootAccessActionDone: false
2025-12-16 00:56:50 [INFO] HandlePostLootTimersAndDespawn (BS_Hacked_Crate): Advanced Groups marker (UID: 1690683828) will be handled by EEDelete or specific despawn logic.
2025-12-16 00:56:50 [INFO] HandlePostLootTimersAndDespawn (BS_Hacked_Crate): Scheduling auto-despawn in 1800s (30 minutes).
2025-12-16 00:56:50 [INFO] StartAutoDespawnTimer: Auto-despawn timer started for BS_Hacked_Crate<46aa6a90>. Will delete in 1800s.
2025-12-16 00:56:50 [INFO] HackedCrate (BS_Hacked_Crate): Sending RPC Notification. Type: END, Key: #STR_BSHC_Notification_End_Located
2025-12-16 00:56:50 [INFO] Hack finished: BS_Hacked_Crate at <2471.820068, 193.177002, 5114.220215>
2025-12-16 00:56:52 [INFO] Inventory for BS_Hacked_Crate UNLOCKED. IsOpen: true LootAccessActionDone: true
2025-12-16 00:56:52 [INFO] Player dusty accessed loot in HackedCrate: <2471.820068, 193.177002, 5114.220215>
2025-12-16 01:01:37 [INFO] --------------------------------------------------------------------------
2025-12-16 01:01:37 [INFO] OnCrateSpawnTickPeriodic - Management Tick received. Evaluating individual crate configs...
2025-12-16 01:01:37 [INFO] --------------------------------------------------------------------------
2025-12-16 01:01:37 [INFO] Config 'DefaultDynamicEvent_Example1' is due for a check. Processing...
2025-12-16 01:01:37 [INFO] CrateSpawner: Processing ConfigUniqueID: 'DefaultDynamicEvent_Example1' (CrateType: 'BS_Hacked_Crate')
2025-12-16 01:01:37 [INFO] CrateSpawner: Handling RANDOM for ConfigUniqueID: 'DefaultDynamicEvent_Example1'.
2025-12-16 01:01:37 [INFO] CrateSpawner: ConfigUniqueID 'DefaultDynamicEvent_Example1' - Existing: 1, Target Active: 1
2025-12-16 01:01:37 [INFO] OnCrateSpawnTickPeriodic - Management Tick finished. Next check in 3600 seconds.
2025-12-16 01:13:25 [INFO] EEDelete called for BS_Hacked_Crate at <4553.689941, 317.975006, 8352.099609>
2025-12-16 01:13:25 [INFO] EXP_REMOVE_DEBUG: Attempting RemoveExpansionMapMarker. Context: EEDelete. Current UID: '' for BS_Hacked_Crate<3016671>
2025-12-16 01:13:25 [INFO] EXP_REMOVE_DEBUG: EXPANSIONMODNAVIGATION NOT defined. Cannot remove marker. Context: EEDelete for BS_Hacked_Crate<3016671>
2025-12-16 01:13:25 [INFO] BSHC_AG_DEBUG: BSHC_RemoveAdvancedGroupsMapMarker called.
2025-12-16 01:13:25 [INFO] BSHC_AG_DEBUG: Removing AG marker UID: 880568685
2025-12-16 01:13:25 [INFO] BSHC_AG_DEBUG: AG marker UID 880568685 successfully removed.
2025-12-16 01:13:25 [INFO] EEDelete: Cleaning up 2 AI entities linked to this crate.
2025-12-16 01:13:25 [INFO] HackedCrate (BS_Hacked_Crate): Sending RPC Notification. Type: DESPAWN, Key: #STR_BSHC_Notification_Despawn_Located
2025-12-16 01:27:18 [INFO] DeleteCrateScheduled: Auto-despawn timer finished for BS_Hacked_Crate<46aa6a90>. Deleting crate now.
2025-12-16 01:27:18 [INFO] EXP_REMOVE_DEBUG: Attempting RemoveExpansionMapMarker. Context: UnknownContext. Current UID: '' for BS_Hacked_Crate<3010166>
2025-12-16 01:27:18 [INFO] EXP_REMOVE_DEBUG: EXPANSIONMODNAVIGATION NOT defined. Cannot remove marker. Context: UnknownContext for BS_Hacked_Crate<3010166>
2025-12-16 01:27:18 [INFO] EEDelete called for BS_Hacked_Crate at <2471.820068, 193.177002, 5114.220215>
2025-12-16 01:27:18 [INFO] EXP_REMOVE_DEBUG: Attempting RemoveExpansionMapMarker. Context: EEDelete. Current UID: '' for BS_Hacked_Crate<3010166>
2025-12-16 01:27:18 [INFO] EXP_REMOVE_DEBUG: EXPANSIONMODNAVIGATION NOT defined. Cannot remove marker. Context: EEDelete for BS_Hacked_Crate<3010166>
2025-12-16 01:27:18 [INFO] BSHC_AG_DEBUG: BSHC_RemoveAdvancedGroupsMapMarker called.
2025-12-16 01:27:18 [INFO] BSHC_AG_DEBUG: Removing AG marker UID: 1690683828
2025-12-16 01:27:18 [INFO] BSHC_AG_DEBUG: AG marker UID 1690683828 successfully removed.
2025-12-16 01:27:18 [INFO] EEDelete: Cleaning up 3 AI entities linked to this crate.
2025-12-16 01:27:18 [INFO] HackedCrate (BS_Hacked_Crate): Sending RPC Notification. Type: DESPAWN, Key: #STR_BSHC_Notification_Despawn_Located
2025-12-16 02:01:37 [INFO] --------------------------------------------------------------------------
2025-12-16 02:01:37 [INFO] OnCrateSpawnTickPeriodic - Management Tick received. Evaluating individual crate configs...
2025-12-16 02:01:37 [INFO] --------------------------------------------------------------------------
2025-12-16 02:01:37 [INFO] Config 'DefaultDynamicEvent_Example1' is due for a check. Processing...
2025-12-16 02:01:37 [INFO] CrateSpawner: Processing ConfigUniqueID: 'DefaultDynamicEvent_Example1' (CrateType: 'BS_Hacked_Crate')
2025-12-16 02:01:37 [INFO] CrateSpawner: Skipping ConfigUniqueID 'DefaultDynamicEvent_Example1'. Players required: 1, Current: 0
2025-12-16 02:01:37 [INFO] OnCrateSpawnTickPeriodic - Management Tick finished. Next check in 3600 seconds.
2025-12-16 03:01:37 [INFO] --------------------------------------------------------------------------
2025-12-16 03:01:37 [INFO] OnCrateSpawnTickPeriodic - Management Tick received. Evaluating individual crate configs...
2025-12-16 03:01:37 [INFO] --------------------------------------------------------------------------
2025-12-16 03:01:37 [INFO] Config 'DefaultDynamicEvent_Example1' is due for a check. Processing...
2025-12-16 03:01:37 [INFO] CrateSpawner: Processing ConfigUniqueID: 'DefaultDynamicEvent_Example1' (CrateType: 'BS_Hacked_Crate')
2025-12-16 03:01:37 [INFO] CrateSpawner: Skipping ConfigUniqueID 'DefaultDynamicEvent_Example1'. Players required: 1, Current: 0
2025-12-16 03:01:37 [INFO] OnCrateSpawnTickPeriodic - Management Tick finished. Next check in 3600 seconds.
2025-12-16 04:01:37 [INFO] --------------------------------------------------------------------------
2025-12-16 04:01:37 [INFO] OnCrateSpawnTickPeriodic - Management Tick received. Evaluating individual crate configs...
2025-12-16 04:01:37 [INFO] --------------------------------------------------------------------------
2025-12-16 04:01:37 [INFO] Config 'DefaultDynamicEvent_Example1' is due for a check. Processing...
2025-12-16 04:01:37 [INFO] CrateSpawner: Processing ConfigUniqueID: 'DefaultDynamicEvent_Example1' (CrateType: 'BS_Hacked_Crate')
2025-12-16 04:01:37 [INFO] CrateSpawner: Skipping ConfigUniqueID 'DefaultDynamicEvent_Example1'. Players required: 1, Current: 0
2025-12-16 04:01:37 [INFO] OnCrateSpawnTickPeriodic - Management Tick finished. Next check in 3600 seconds.
2025-12-16 05:01:37 [INFO] --------------------------------------------------------------------------
2025-12-16 05:01:37 [INFO] OnCrateSpawnTickPeriodic - Management Tick received. Evaluating individual crate configs...
2025-12-16 05:01:37 [INFO] --------------------------------------------------------------------------
2025-12-16 05:01:37 [INFO] Config 'DefaultDynamicEvent_Example1' is due for a check. Processing...
2025-12-16 05:01:37 [INFO] CrateSpawner: Processing ConfigUniqueID: 'DefaultDynamicEvent_Example1' (CrateType: 'BS_Hacked_Crate')
2025-12-16 05:01:37 [INFO] CrateSpawner: Skipping ConfigUniqueID 'DefaultDynamicEvent_Example1'. Players required: 1, Current: 0
2025-12-16 05:01:37 [INFO] OnCrateSpawnTickPeriodic - Management Tick finished. Next check in 3600 seconds.
