2025-11-19 21:05:39 [INFO] OnInit - Initializing Bastardos Hacked Crates System...
2025-11-19 21:05:39 [INFO] OnInit - Loading Hacked Crate Loot Configuration (loot_pools.json)...
2025-11-19 21:05:39 [INFO] [BSHCLootPoolConfig] Found loot_pools.json at: $profile:\Bastardo_HC\loot_pools.json
2025-11-19 21:05:39 [INFO] [BSHCLootPoolConfig] JsonLoadFile executed. Loaded 2 categories defined in the root.
2025-11-19 21:05:39 [INFO] [BSHCLootPoolConfig] Category 'DefaultArmaments' has 1 loot pools.
2025-11-19 21:05:39 [INFO] [BSHCLootPoolConfig] Category 'DefaultMedical' has 1 loot pools.
2025-11-19 21:05:39 [INFO] OnInit - Hacked Crate Loot Configuration processed successfully.
2025-11-19 21:05:39 [INFO] OnInit - Loading Hacked Crate settings (global, static, dynamic)...
2025-11-19 21:05:39 [INFO] CrateManagement instance created with default grace period and tick interval.
2025-11-19 21:05:39 [INFO] [BSHCGlobalServerSettings] Loading from: $profile:\Bastardo_HC\BS_Global_settings.json
2025-11-19 21:05:39 [INFO] [CrateConfigManager] Re-saved static_crates.json to include any new options.
2025-11-19 21:05:39 [INFO] [CrateConfigManager] Re-saved dynamic_crates.json to include any new options.
2025-11-19 21:05:39 [INFO] [CrateConfigManager] Static CrateManagement has been set.
2025-11-19 21:05:39 [INFO] CrateSpawner instance created.
2025-11-19 21:05:39 [INFO] OnInit - Crate Spawner created. Grace Period: 5 minutes. Periodic Tick: 3600 seconds.
2025-11-19 21:05:39 [INFO] OnInit - Bastardos Hacked Crates System Initialization sequence finished.
2025-11-19 21:05:47 [INFO] OnMissionStart - Server mission started. Scheduling Hacked Crate cleanup and initial spawn setup.
2025-11-19 21:05:47 [INFO] OnMissionStart - Immediate STATIC Crate spawn scheduled in 15 seconds.
2025-11-19 21:05:47 [INFO] OnMissionStart - Initial DYNAMIC Crate spawn scheduled in approx. 320 seconds.
2025-11-19 21:05:47 [INFO] OnMissionStart - Scheduling first PERIODIC Crate Spawn Tick in approx. 3600 seconds.
2025-11-19 21:06:05 [INFO] Inventory for BS_Hacked_Crate LOCKED. IsOpen: false LootAccessActionDone: false
2025-11-19 21:06:05 [INFO] OnStoreLoad: m_ConfigUniqueID_Persist set from storage to: 'DefaultDynamicEvent_Example1' for BS_Hacked_Crate<2991714>
2025-11-19 21:06:05 [INFO] OnStoreLoad: FINISHED loading raw data into member variables for BS_Hacked_Crate<2991714>
2025-11-19 21:06:05 [INFO] Inventory for BS_Hacked_Crate LOCKED. IsOpen: false LootAccessActionDone: false
2025-11-19 21:06:05 [INFO] OnStoreLoad: m_ConfigUniqueID_Persist set from storage to: 'DefaultDynamicEvent_Example1' for BS_Hacked_Crate<2992204>
2025-11-19 21:06:05 [INFO] OnStoreLoad: FINISHED loading raw data into member variables for BS_Hacked_Crate<2992204>
2025-11-19 21:06:20 [INFO] DeferredEEInitLogic: START for BS_Hacked_Crate<2991714>. m_LoadedExpansionMarkerUID (should be from OnStoreLoad) is ''. Current m_ExpansionMarkerUID (active) is ''
2025-11-19 21:06:20 [INFO] GetCrateSettings: m_CrateSettings_Instance is NULL for BS_Hacked_Crate<2991714>. Calling AttemptToReacquireSettings().
2025-11-19 21:06:20 [INFO] HackedCrate_Base (BS_Hacked_Crate): Attempting to re-acquire CrateSettings. Persisted ConfigUniqueID is: 'DefaultDynamicEvent_Example1'
2025-11-19 21:06:20 [INFO] HackedCrate_Base (BS_Hacked_Crate): Instance specific CrateSettings assigned. ConfigUniqueID: DefaultDynamicEvent_Example1
2025-11-19 21:06:20 [INFO] HackedCrate_Base (BS_Hacked_Crate): Successfully re-acquired CrateSettings by persisted ConfigUniqueID 'DefaultDynamicEvent_Example1'.
2025-11-19 21:06:20 [INFO] DeferredEEInitLogic: Settings acquired successfully for BS_Hacked_Crate<2991714>.
2025-11-19 21:06:20 [INFO] DeferredEEInitLogic: m_ExpansionMarkerUID is empty. Calling CreateExpansionMapMarker for BS_Hacked_Crate<2991714>.
2025-11-19 21:06:20 [INFO] EXP_DEBUG: Inside CreateExpansionMapMarker for BS_Hacked_Crate.UseExpansionMapMarker is true.
2025-11-19 21:06:20 [INFO] EXP_DEBUG: EXPANSIONMODNAVIGATION is NOT defined. No Expansion marker will be created.
2025-11-19 21:06:20 [INFO] DeferredEEInitLogic: AG DEBUG for BS_Hacked_Crate<2991714>
2025-11-19 21:06:20 [INFO] BSHC_AG_DEBUG: BSHC_CreateAdvancedGroupsMapMarker call.
2025-11-19 21:06:20 [INFO] BSHC_AG_DEBUG: Final Marker Name: '#STR_BSHC_HackedCrate_DisplayName'
2025-11-19 21:06:20 [INFO] BSHC_AG_DEBUG: Trying to create AG marker with name: #STR_BSHC_HackedCrate_DisplayName, Pos: <4553.689941, 317.975006, 8352.099609>, Icon: BS_HackedCrate/gui/iconcrate.paa, Color: -65536, ShowOnMap: true, ShowInWorld: true
2025-11-19 21:06:20 [INFO] BSHC_AG_DEBUG: LBStaticMarkerManager.Get is accessible.
2025-11-19 21:06:20 [INFO] BSHC_AG_DEBUG: Created AG marker (UID: 776756503) for BS_Hacked_Crate
2025-11-19 21:06:20 [INFO] DeferredEEInitLogic: Final m_LootAccessActionDone for BS_Hacked_Crate<2991714> is: false
2025-11-19 21:06:20 [INFO] Inventory for BS_Hacked_Crate LOCKED. IsOpen: false LootAccessActionDone: false
2025-11-19 21:06:20 [INFO] DeferredEEInitLogic: FINISHED for BS_Hacked_Crate<2991714>
2025-11-19 21:06:20 [INFO] DeferredEEInitLogic: Re-added persistent crate BS_Hacked_Crate to g_ActiveHackedCrates list.
2025-11-19 21:06:20 [INFO] DeferredEEInitLogic: START for BS_Hacked_Crate<2992204>. m_LoadedExpansionMarkerUID (should be from OnStoreLoad) is ''. Current m_ExpansionMarkerUID (active) is ''
2025-11-19 21:06:20 [INFO] GetCrateSettings: m_CrateSettings_Instance is NULL for BS_Hacked_Crate<2992204>. Calling AttemptToReacquireSettings().
2025-11-19 21:06:20 [INFO] HackedCrate_Base (BS_Hacked_Crate): Attempting to re-acquire CrateSettings. Persisted ConfigUniqueID is: 'DefaultDynamicEvent_Example1'
2025-11-19 21:06:20 [INFO] HackedCrate_Base (BS_Hacked_Crate): Instance specific CrateSettings assigned. ConfigUniqueID: DefaultDynamicEvent_Example1
2025-11-19 21:06:20 [INFO] HackedCrate_Base (BS_Hacked_Crate): Successfully re-acquired CrateSettings by persisted ConfigUniqueID 'DefaultDynamicEvent_Example1'.
2025-11-19 21:06:20 [INFO] DeferredEEInitLogic: Settings acquired successfully for BS_Hacked_Crate<2992204>.
2025-11-19 21:06:20 [INFO] DeferredEEInitLogic: m_ExpansionMarkerUID is empty. Calling CreateExpansionMapMarker for BS_Hacked_Crate<2992204>.
2025-11-19 21:06:20 [INFO] EXP_DEBUG: Inside CreateExpansionMapMarker for BS_Hacked_Crate.UseExpansionMapMarker is true.
2025-11-19 21:06:20 [INFO] EXP_DEBUG: EXPANSIONMODNAVIGATION is NOT defined. No Expansion marker will be created.
2025-11-19 21:06:20 [INFO] DeferredEEInitLogic: AG DEBUG for BS_Hacked_Crate<2992204>
2025-11-19 21:06:20 [INFO] BSHC_AG_DEBUG: BSHC_CreateAdvancedGroupsMapMarker call.
2025-11-19 21:06:20 [INFO] BSHC_AG_DEBUG: Final Marker Name: '#STR_BSHC_HackedCrate_DisplayName'
2025-11-19 21:06:20 [INFO] BSHC_AG_DEBUG: Trying to create AG marker with name: #STR_BSHC_HackedCrate_DisplayName, Pos: <4732.430176, 338.968994, 10350.200195>, Icon: BS_HackedCrate/gui/iconcrate.paa, Color: -65536, ShowOnMap: true, ShowInWorld: true
2025-11-19 21:06:20 [INFO] BSHC_AG_DEBUG: LBStaticMarkerManager.Get is accessible.
2025-11-19 21:06:20 [INFO] BSHC_AG_DEBUG: Created AG marker (UID: 228465646) for BS_Hacked_Crate
2025-11-19 21:06:20 [INFO] DeferredEEInitLogic: Final m_LootAccessActionDone for BS_Hacked_Crate<2992204> is: false
2025-11-19 21:06:20 [INFO] Inventory for BS_Hacked_Crate LOCKED. IsOpen: false LootAccessActionDone: false
2025-11-19 21:06:20 [INFO] DeferredEEInitLogic: FINISHED for BS_Hacked_Crate<2992204>
2025-11-19 21:06:20 [INFO] DeferredEEInitLogic: Re-added persistent crate BS_Hacked_Crate to g_ActiveHackedCrates list.
2025-11-19 21:06:47 [INFO] DeleteHackedCratesFromKnownLocations - Starting cleanup of Hacked Crates from KNOWN SPAWN LOCATIONS as defined in configurations...
2025-11-19 21:06:47 [INFO] DeleteHackedCratesFromKnownLocations - Deleting INACTIVE: BS_Hacked_Crate (ID: 2992204) found at configured spawn Pos: <4732.430176, 338.968994, 10350.200195> for CrateType BS_Hacked_Crate
2025-11-19 21:06:47 [INFO] EEDelete called for BS_Hacked_Crate at <4732.430176, 338.968994, 10350.200195>
2025-11-19 21:06:47 [INFO] EXP_REMOVE_DEBUG: Attempting RemoveExpansionMapMarker. Context: EEDelete. Current UID: '' for BS_Hacked_Crate<2992204>
2025-11-19 21:06:47 [INFO] EXP_REMOVE_DEBUG: EXPANSIONMODNAVIGATION NOT defined. Cannot remove marker. Context: EEDelete for BS_Hacked_Crate<2992204>
2025-11-19 21:06:47 [INFO] BSHC_AG_DEBUG: BSHC_RemoveAdvancedGroupsMapMarker called.
2025-11-19 21:06:47 [INFO] BSHC_AG_DEBUG: Removing AG marker UID: 228465646
2025-11-19 21:06:47 [INFO] BSHC_AG_DEBUG: AG marker UID 228465646 successfully removed.
2025-11-19 21:06:47 [INFO] HackedCrate (BS_Hacked_Crate): Sending RPC Notification. Type: DESPAWN, Key: #STR_BSHC_Notification_Despawn_Located
2025-11-19 21:06:47 [INFO] EEDelete: Removed BS_Hacked_Crate from g_ActiveHackedCrates. Remaining count: 1
2025-11-19 21:06:47 [INFO] DeleteHackedCratesFromKnownLocations - Deleting INACTIVE: BS_Hacked_Crate (ID: 2991714) found at configured spawn Pos: <4553.689941, 317.975006, 8352.099609> for CrateType BS_Hacked_Crate
2025-11-19 21:06:47 [INFO] EEDelete called for BS_Hacked_Crate at <4553.689941, 317.975006, 8352.099609>
2025-11-19 21:06:47 [INFO] EXP_REMOVE_DEBUG: Attempting RemoveExpansionMapMarker. Context: EEDelete. Current UID: '' for BS_Hacked_Crate<2991714>
2025-11-19 21:06:47 [INFO] EXP_REMOVE_DEBUG: EXPANSIONMODNAVIGATION NOT defined. Cannot remove marker. Context: EEDelete for BS_Hacked_Crate<2991714>
2025-11-19 21:06:47 [INFO] BSHC_AG_DEBUG: BSHC_RemoveAdvancedGroupsMapMarker called.
2025-11-19 21:06:47 [INFO] BSHC_AG_DEBUG: Removing AG marker UID: 776756503
2025-11-19 21:06:47 [INFO] BSHC_AG_DEBUG: AG marker UID 776756503 successfully removed.
2025-11-19 21:06:47 [INFO] HackedCrate (BS_Hacked_Crate): Sending RPC Notification. Type: DESPAWN, Key: #STR_BSHC_Notification_Despawn_Located
2025-11-19 21:06:47 [INFO] EEDelete: Removed BS_Hacked_Crate from g_ActiveHackedCrates. Remaining count: 0
2025-11-19 21:06:47 [INFO] DeleteHackedCratesFromKnownLocations - Cleanup from known locations finished. Total inactive Hacked Crates (matching type and location) deleted: 2
2025-11-19 21:06:52 [INFO] PerformImmediateStaticSpawn - Calling CrateSpawner to setup STATIC Hacked Crates...
2025-11-19 21:06:52 [INFO] CrateSpawner: ------------- Starting IMMEDIATE STATIC Spawn Pass -------------
2025-11-19 21:06:52 [INFO] CrateSpawner: Processing IMMEDIATE STATIC for ConfigUniqueID: 'DefaultStaticEvent_Example1'.
2025-11-19 21:06:52 [INFO] SpawnStaticCrates: Processing 1 static locations for ConfigUniqueID: 'DefaultStaticEvent_Example1'.
2025-11-19 21:06:52 [INFO] SpawnStaticCrates: Location <2471.820068, 193.177002, 5114.220215> is free. Attempting to spawn crate.
2025-11-19 21:06:52 [INFO] Inventory for BS_Hacked_Crate LOCKED. IsOpen: false LootAccessActionDone: false
2025-11-19 21:06:52 [INFO] HackedCrate_Base (BS_Hacked_Crate): Instance specific CrateSettings assigned. ConfigUniqueID: DefaultStaticEvent_Example1
2025-11-19 21:06:52 [INFO] [SpawnAIAroundCrate] Spawning 2 AI(s) next to the crate.
2025-11-19 21:06:52 [INFO] [SpawnAIAroundCrate] Successfully spawned ZmbM_SoldierNormal at <2490.644531, 193.279465, 5105.875488>
2025-11-19 21:06:52 [INFO] [SpawnAIAroundCrate] Successfully spawned ZmbM_SoldierNormal at <2486.085205, 193.270004, 5101.275391>
2025-11-19 21:06:52 [INFO] CrateSpawner: ------------- Finished IMMEDIATE STATIC Spawn Pass -------------
2025-11-19 21:06:52 [INFO] DeferredEEInitLogic: START for BS_Hacked_Crate<3010792>. m_LoadedExpansionMarkerUID (should be from OnStoreLoad) is ''. Current m_ExpansionMarkerUID (active) is ''
2025-11-19 21:06:52 [INFO] DeferredEEInitLogic: Settings acquired successfully for BS_Hacked_Crate<3010792>.
2025-11-19 21:06:52 [INFO] DeferredEEInitLogic: m_ExpansionMarkerUID is empty. Calling CreateExpansionMapMarker for BS_Hacked_Crate<3010792>.
2025-11-19 21:06:52 [INFO] EXP_DEBUG: Inside CreateExpansionMapMarker for BS_Hacked_Crate.UseExpansionMapMarker is true.
2025-11-19 21:06:52 [INFO] EXP_DEBUG: EXPANSIONMODNAVIGATION is NOT defined. No Expansion marker will be created.
2025-11-19 21:06:52 [INFO] DeferredEEInitLogic: AG DEBUG for BS_Hacked_Crate<3010792>
2025-11-19 21:06:52 [INFO] BSHC_AG_DEBUG: BSHC_CreateAdvancedGroupsMapMarker call.
2025-11-19 21:06:52 [INFO] BSHC_AG_DEBUG: Final Marker Name: '#STR_BSHC_HackedCrate_DisplayName'
2025-11-19 21:06:52 [INFO] BSHC_AG_DEBUG: Trying to create AG marker with name: #STR_BSHC_HackedCrate_DisplayName, Pos: <2471.820068, 193.177002, 5114.220215>, Icon: BS_HackedCrate/gui/iconcrate.paa, Color: -65536, ShowOnMap: true, ShowInWorld: true
2025-11-19 21:06:52 [INFO] BSHC_AG_DEBUG: LBStaticMarkerManager.Get is accessible.
2025-11-19 21:06:52 [INFO] BSHC_AG_DEBUG: Created AG marker (UID: 937521202) for BS_Hacked_Crate
2025-11-19 21:06:52 [INFO] DeferredEEInitLogic: Final m_LootAccessActionDone for BS_Hacked_Crate<3010792> is: false
2025-11-19 21:06:52 [INFO] Inventory for BS_Hacked_Crate LOCKED. IsOpen: false LootAccessActionDone: false
2025-11-19 21:06:52 [INFO] DeferredEEInitLogic: FINISHED for BS_Hacked_Crate<3010792>
2025-11-19 21:11:57 [INFO] PerformInitialDynamicSpawn - Grace period ended. Calling CrateSpawner to setup initial DYNAMIC Hacked Crates...
2025-11-19 21:11:57 [INFO] CrateSpawner: ------------- Starting INITIAL DYNAMIC Spawn Pass (Post-Grace) -------------
2025-11-19 21:11:57 [INFO] CrateSpawner: Current server population for dynamic spawn: 0 players.
2025-11-19 21:11:57 [INFO] CrateSpawner: Processing DYNAMIC for ConfigUniqueID: 'DefaultDynamicEvent_Example1'.
2025-11-19 21:11:57 [INFO] CrateSpawner: Skipping ConfigUniqueID 'DefaultDynamicEvent_Example1'. Players required: 1, Current: 0
2025-11-19 21:11:57 [INFO] CrateSpawner: ------------- Finished INITIAL DYNAMIC Spawn Pass -------------
2025-11-19 22:06:37 [INFO] --------------------------------------------------------------------------
2025-11-19 22:06:37 [INFO] OnCrateSpawnTickPeriodic - Management Tick received. Evaluating individual crate configs...
2025-11-19 22:06:37 [INFO] --------------------------------------------------------------------------
2025-11-19 22:06:37 [INFO] Config 'DefaultDynamicEvent_Example1' is due for a check. Processing...
2025-11-19 22:06:37 [INFO] CrateSpawner: Processing ConfigUniqueID: 'DefaultDynamicEvent_Example1' (CrateType: 'BS_Hacked_Crate')
2025-11-19 22:06:37 [INFO] CrateSpawner: Skipping ConfigUniqueID 'DefaultDynamicEvent_Example1'. Players required: 1, Current: 0
2025-11-19 22:06:37 [INFO] OnCrateSpawnTickPeriodic - Management Tick finished. Next check in 3600 seconds.
2025-11-19 23:06:37 [INFO] --------------------------------------------------------------------------
2025-11-19 23:06:37 [INFO] OnCrateSpawnTickPeriodic - Management Tick received. Evaluating individual crate configs...
2025-11-19 23:06:37 [INFO] --------------------------------------------------------------------------
2025-11-19 23:06:37 [INFO] Config 'DefaultDynamicEvent_Example1' is due for a check. Processing...
2025-11-19 23:06:37 [INFO] CrateSpawner: Processing ConfigUniqueID: 'DefaultDynamicEvent_Example1' (CrateType: 'BS_Hacked_Crate')
2025-11-19 23:06:37 [INFO] CrateSpawner: Skipping ConfigUniqueID 'DefaultDynamicEvent_Example1'. Players required: 1, Current: 0
2025-11-19 23:06:37 [INFO] OnCrateSpawnTickPeriodic - Management Tick finished. Next check in 3600 seconds.
2025-11-20 00:06:37 [INFO] --------------------------------------------------------------------------
2025-11-20 00:06:37 [INFO] OnCrateSpawnTickPeriodic - Management Tick received. Evaluating individual crate configs...
2025-11-20 00:06:37 [INFO] --------------------------------------------------------------------------
2025-11-20 00:06:37 [INFO] Config 'DefaultDynamicEvent_Example1' is due for a check. Processing...
2025-11-20 00:06:37 [INFO] CrateSpawner: Processing ConfigUniqueID: 'DefaultDynamicEvent_Example1' (CrateType: 'BS_Hacked_Crate')
2025-11-20 00:06:37 [INFO] CrateSpawner: Skipping ConfigUniqueID 'DefaultDynamicEvent_Example1'. Players required: 1, Current: 0
2025-11-20 00:06:37 [INFO] OnCrateSpawnTickPeriodic - Management Tick finished. Next check in 3600 seconds.
2025-11-20 01:06:37 [INFO] --------------------------------------------------------------------------
2025-11-20 01:06:37 [INFO] OnCrateSpawnTickPeriodic - Management Tick received. Evaluating individual crate configs...
2025-11-20 01:06:37 [INFO] --------------------------------------------------------------------------
2025-11-20 01:06:37 [INFO] Config 'DefaultDynamicEvent_Example1' is due for a check. Processing...
2025-11-20 01:06:37 [INFO] CrateSpawner: Processing ConfigUniqueID: 'DefaultDynamicEvent_Example1' (CrateType: 'BS_Hacked_Crate')
2025-11-20 01:06:37 [INFO] CrateSpawner: Skipping ConfigUniqueID 'DefaultDynamicEvent_Example1'. Players required: 1, Current: 0
2025-11-20 01:06:37 [INFO] OnCrateSpawnTickPeriodic - Management Tick finished. Next check in 3600 seconds.
2025-11-20 02:06:37 [INFO] --------------------------------------------------------------------------
2025-11-20 02:06:37 [INFO] OnCrateSpawnTickPeriodic - Management Tick received. Evaluating individual crate configs...
2025-11-20 02:06:37 [INFO] --------------------------------------------------------------------------
2025-11-20 02:06:37 [INFO] OnCrateSpawnTickPeriodic - Management Tick finished. Next check in 3600 seconds.
2025-11-20 03:06:37 [INFO] --------------------------------------------------------------------------
2025-11-20 03:06:37 [INFO] OnCrateSpawnTickPeriodic - Management Tick received. Evaluating individual crate configs...
2025-11-20 03:06:37 [INFO] --------------------------------------------------------------------------
2025-11-20 03:06:37 [INFO] Config 'DefaultDynamicEvent_Example1' is due for a check. Processing...
2025-11-20 03:06:37 [INFO] CrateSpawner: Processing ConfigUniqueID: 'DefaultDynamicEvent_Example1' (CrateType: 'BS_Hacked_Crate')
2025-11-20 03:06:37 [INFO] CrateSpawner: Skipping ConfigUniqueID 'DefaultDynamicEvent_Example1'. Players required: 1, Current: 0
2025-11-20 03:06:37 [INFO] OnCrateSpawnTickPeriodic - Management Tick finished. Next check in 3600 seconds.
2025-11-20 04:06:37 [INFO] --------------------------------------------------------------------------
2025-11-20 04:06:37 [INFO] OnCrateSpawnTickPeriodic - Management Tick received. Evaluating individual crate configs...
2025-11-20 04:06:37 [INFO] --------------------------------------------------------------------------
2025-11-20 04:06:37 [INFO] Config 'DefaultDynamicEvent_Example1' is due for a check. Processing...
2025-11-20 04:06:37 [INFO] CrateSpawner: Processing ConfigUniqueID: 'DefaultDynamicEvent_Example1' (CrateType: 'BS_Hacked_Crate')
2025-11-20 04:06:37 [INFO] CrateSpawner: Skipping ConfigUniqueID 'DefaultDynamicEvent_Example1'. Players required: 1, Current: 0
2025-11-20 04:06:37 [INFO] OnCrateSpawnTickPeriodic - Management Tick finished. Next check in 3600 seconds.
2025-11-20 05:06:37 [INFO] --------------------------------------------------------------------------
2025-11-20 05:06:37 [INFO] OnCrateSpawnTickPeriodic - Management Tick received. Evaluating individual crate configs...
2025-11-20 05:06:37 [INFO] --------------------------------------------------------------------------
2025-11-20 05:06:37 [INFO] Config 'DefaultDynamicEvent_Example1' is due for a check. Processing...
2025-11-20 05:06:37 [INFO] CrateSpawner: Processing ConfigUniqueID: 'DefaultDynamicEvent_Example1' (CrateType: 'BS_Hacked_Crate')
2025-11-20 05:06:37 [INFO] CrateSpawner: Handling RANDOM for ConfigUniqueID: 'DefaultDynamicEvent_Example1'.
2025-11-20 05:06:37 [INFO] CrateSpawner: ConfigUniqueID 'DefaultDynamicEvent_Example1' - Existing: 0, Target Active: 2
2025-11-20 05:06:37 [INFO] CrateSpawner: Attempting to spawn 2 for ConfigUniqueID: 'DefaultDynamicEvent_Example1'.
2025-11-20 05:06:37 [INFO] SpawnRandomCrates: Attempting to spawn 2 of type 'BS_Hacked_Crate' with ConfigUniqueID 'DefaultDynamicEvent_Example1'.
2025-11-20 05:06:37 [INFO] SpawnRandomCrates: Shuffled list for 'DefaultDynamicEvent_Example1' is empty or non-existent. Regenerating and shuffling.
2025-11-20 05:06:37 [INFO] CrateSpawner: Sending spawn warning for 'BS_Hacked_Crate' at Airfield
2025-11-20 05:06:37 [INFO] CrateSpawner: Added to pending list for ConfigUniqueID 'DefaultDynamicEvent_Example1'. New pending count: 1
2025-11-20 05:06:37 [INFO] CrateSpawner: Sending spawn warning for 'BS_Hacked_Crate' at VMC
2025-11-20 05:06:37 [INFO] CrateSpawner: Added to pending list for ConfigUniqueID 'DefaultDynamicEvent_Example1'. New pending count: 2
2025-11-20 05:06:37 [INFO] OnCrateSpawnTickPeriodic - Management Tick finished. Next check in 3600 seconds.
2025-11-20 05:09:01 [INFO] EEDelete called for BS_Hacked_Crate at <2471.820068, 193.177002, 5114.220215>
2025-11-20 05:09:01 [INFO] EXP_REMOVE_DEBUG: Attempting RemoveExpansionMapMarker. Context: EEDelete. Current UID: '' for BS_Hacked_Crate<3010792>
2025-11-20 05:09:01 [INFO] EXP_REMOVE_DEBUG: EXPANSIONMODNAVIGATION NOT defined. Cannot remove marker. Context: EEDelete for BS_Hacked_Crate<3010792>
2025-11-20 05:09:01 [INFO] BSHC_AG_DEBUG: BSHC_RemoveAdvancedGroupsMapMarker called.
2025-11-20 05:09:01 [INFO] BSHC_AG_DEBUG: Removing AG marker UID: 937521202
2025-11-20 05:09:01 [INFO] BSHC_AG_DEBUG: AG marker UID 937521202 successfully removed.
2025-11-20 05:09:01 [INFO] HackedCrate (BS_Hacked_Crate): Sending RPC Notification. Type: DESPAWN, Key: #STR_BSHC_Notification_Despawn_Located
2025-11-20 05:09:01 [INFO] EEDelete: Removed BS_Hacked_Crate from g_ActiveHackedCrates. Remaining count: 0
2025-11-20 05:16:37 [INFO] SpawnCrateAfterWarning: Timer finished. Spawning crate BS_Hacked_Crate. Removed from pending list. New pending count: 1
2025-11-20 05:16:37 [INFO] Inventory for BS_Hacked_Crate LOCKED. IsOpen: false LootAccessActionDone: false
2025-11-20 05:16:37 [INFO] HackedCrate_Base (BS_Hacked_Crate): Instance specific CrateSettings assigned. ConfigUniqueID: DefaultDynamicEvent_Example1
2025-11-20 05:16:37 [INFO] CrateSpawner: Standard Notification RPC sent. Key: #STR_BSHC_Notification_Spawn_Located
2025-11-20 05:16:37 [INFO] [SpawnAIAroundCrate] Spawning 2 AI(s) next to the crate.
2025-11-20 05:16:37 [INFO] [SpawnAIAroundCrate] Successfully spawned ZmbM_SoldierNormal at <4749.934082, 339.000000, 10355.509766>
2025-11-20 05:16:37 [INFO] [SpawnAIAroundCrate] Successfully spawned ZmbM_SoldierNormal at <4723.426758, 338.992859, 10371.920898>
2025-11-20 05:16:37 [INFO] SpawnCrateAfterWarning: Timer finished. Spawning crate BS_Hacked_Crate. Removed from pending list. New pending count: 0
2025-11-20 05:16:37 [INFO] Inventory for BS_Hacked_Crate LOCKED. IsOpen: false LootAccessActionDone: false
2025-11-20 05:16:37 [INFO] HackedCrate_Base (BS_Hacked_Crate): Instance specific CrateSettings assigned. ConfigUniqueID: DefaultDynamicEvent_Example1
2025-11-20 05:16:37 [INFO] CrateSpawner: Standard Notification RPC sent. Key: #STR_BSHC_Notification_Spawn_Located
2025-11-20 05:16:37 [INFO] [SpawnAIAroundCrate] Spawning 3 AI(s) next to the crate.
2025-11-20 05:16:37 [INFO] [SpawnAIAroundCrate] Successfully spawned ZmbM_SoldierNormal at <4569.815430, 317.836609, 8358.551758>
2025-11-20 05:16:37 [INFO] [SpawnAIAroundCrate] Successfully spawned ZmbM_SoldierNormal at <4557.499512, 318.023651, 8329.228516>
2025-11-20 05:16:37 [INFO] [SpawnAIAroundCrate] Successfully spawned ZmbM_SoldierNormal at <4573.354492, 317.797760, 8358.805664>
2025-11-20 05:16:37 [INFO] DeferredEEInitLogic: START for BS_Hacked_Crate<3021304>. m_LoadedExpansionMarkerUID (should be from OnStoreLoad) is ''. Current m_ExpansionMarkerUID (active) is ''
2025-11-20 05:16:37 [INFO] DeferredEEInitLogic: Settings acquired successfully for BS_Hacked_Crate<3021304>.
2025-11-20 05:16:37 [INFO] DeferredEEInitLogic: m_ExpansionMarkerUID is empty. Calling CreateExpansionMapMarker for BS_Hacked_Crate<3021304>.
2025-11-20 05:16:37 [INFO] EXP_DEBUG: Inside CreateExpansionMapMarker for BS_Hacked_Crate.UseExpansionMapMarker is true.
2025-11-20 05:16:37 [INFO] EXP_DEBUG: EXPANSIONMODNAVIGATION is NOT defined. No Expansion marker will be created.
2025-11-20 05:16:37 [INFO] DeferredEEInitLogic: AG DEBUG for BS_Hacked_Crate<3021304>
2025-11-20 05:16:37 [INFO] BSHC_AG_DEBUG: BSHC_CreateAdvancedGroupsMapMarker call.
2025-11-20 05:16:37 [INFO] BSHC_AG_DEBUG: Final Marker Name: '#STR_BSHC_HackedCrate_DisplayName'
2025-11-20 05:16:37 [INFO] BSHC_AG_DEBUG: Trying to create AG marker with name: #STR_BSHC_HackedCrate_DisplayName, Pos: <4732.430176, 338.968994, 10350.200195>, Icon: BS_HackedCrate/gui/iconcrate.paa, Color: -65536, ShowOnMap: true, ShowInWorld: true
2025-11-20 05:16:37 [INFO] BSHC_AG_DEBUG: LBStaticMarkerManager.Get is accessible.
2025-11-20 05:16:37 [INFO] BSHC_AG_DEBUG: Created AG marker (UID: 836461616) for BS_Hacked_Crate
2025-11-20 05:16:37 [INFO] DeferredEEInitLogic: Final m_LootAccessActionDone for BS_Hacked_Crate<3021304> is: false
2025-11-20 05:16:37 [INFO] Inventory for BS_Hacked_Crate LOCKED. IsOpen: false LootAccessActionDone: false
2025-11-20 05:16:37 [INFO] DeferredEEInitLogic: FINISHED for BS_Hacked_Crate<3021304>
2025-11-20 05:16:37 [INFO] DeferredEEInitLogic: START for BS_Hacked_Crate<3021307>. m_LoadedExpansionMarkerUID (should be from OnStoreLoad) is ''. Current m_ExpansionMarkerUID (active) is ''
2025-11-20 05:16:37 [INFO] DeferredEEInitLogic: Settings acquired successfully for BS_Hacked_Crate<3021307>.
2025-11-20 05:16:37 [INFO] DeferredEEInitLogic: m_ExpansionMarkerUID is empty. Calling CreateExpansionMapMarker for BS_Hacked_Crate<3021307>.
2025-11-20 05:16:37 [INFO] EXP_DEBUG: Inside CreateExpansionMapMarker for BS_Hacked_Crate.UseExpansionMapMarker is true.
2025-11-20 05:16:37 [INFO] EXP_DEBUG: EXPANSIONMODNAVIGATION is NOT defined. No Expansion marker will be created.
2025-11-20 05:16:37 [INFO] DeferredEEInitLogic: AG DEBUG for BS_Hacked_Crate<3021307>
2025-11-20 05:16:37 [INFO] BSHC_AG_DEBUG: BSHC_CreateAdvancedGroupsMapMarker call.
2025-11-20 05:16:37 [INFO] BSHC_AG_DEBUG: Final Marker Name: '#STR_BSHC_HackedCrate_DisplayName'
2025-11-20 05:16:37 [INFO] BSHC_AG_DEBUG: Trying to create AG marker with name: #STR_BSHC_HackedCrate_DisplayName, Pos: <4553.689941, 317.975006, 8352.099609>, Icon: BS_HackedCrate/gui/iconcrate.paa, Color: -65536, ShowOnMap: true, ShowInWorld: true
2025-11-20 05:16:37 [INFO] BSHC_AG_DEBUG: LBStaticMarkerManager.Get is accessible.
2025-11-20 05:16:37 [INFO] BSHC_AG_DEBUG: Created AG marker (UID: 318711464) for BS_Hacked_Crate
2025-11-20 05:16:37 [INFO] DeferredEEInitLogic: Final m_LootAccessActionDone for BS_Hacked_Crate<3021307> is: false
2025-11-20 05:16:37 [INFO] Inventory for BS_Hacked_Crate LOCKED. IsOpen: false LootAccessActionDone: false
2025-11-20 05:16:37 [INFO] DeferredEEInitLogic: FINISHED for BS_Hacked_Crate<3021307>
2025-11-20 05:50:15 [INFO] EEDelete called for BS_Hacked_Crate at <4553.689941, 317.975006, 8352.099609>
2025-11-20 05:50:15 [INFO] EXP_REMOVE_DEBUG: Attempting RemoveExpansionMapMarker. Context: EEDelete. Current UID: '' for BS_Hacked_Crate<3021307>
2025-11-20 05:50:15 [INFO] EXP_REMOVE_DEBUG: EXPANSIONMODNAVIGATION NOT defined. Cannot remove marker. Context: EEDelete for BS_Hacked_Crate<3021307>
2025-11-20 05:50:15 [INFO] BSHC_AG_DEBUG: BSHC_RemoveAdvancedGroupsMapMarker called.
2025-11-20 05:50:15 [INFO] BSHC_AG_DEBUG: Removing AG marker UID: 318711464
2025-11-20 05:50:15 [INFO] BSHC_AG_DEBUG: AG marker UID 318711464 successfully removed.
2025-11-20 05:50:15 [INFO] HackedCrate (BS_Hacked_Crate): Sending RPC Notification. Type: DESPAWN, Key: #STR_BSHC_Notification_Despawn_Located
2025-11-20 05:50:15 [INFO] EEDelete: Removed BS_Hacked_Crate from g_ActiveHackedCrates. Remaining count: 1
2025-11-20 05:53:01 [INFO] BSHC_AG_DEBUG: BSHC_RemoveAdvancedGroupsMapMarker called.
2025-11-20 05:53:01 [INFO] BSHC_AG_DEBUG: Removing AG marker UID: 836461616
2025-11-20 05:53:01 [INFO] BSHC_AG_DEBUG: AG marker UID 836461616 successfully removed.
2025-11-20 05:53:01 [INFO] HackedCrate (BS_Hacked_Crate): Sending RPC Notification. Type: START, Key: #STR_BSHC_Notification_Start_Located
2025-11-20 05:54:28 [INFO] BSHC_AG_DEBUG: BSHC_RemoveAdvancedGroupsMapMarker called.
2025-11-20 05:54:28 [INFO] BSHC_AG_DEBUG: Removing AG marker UID: 1140623445
2025-11-20 05:54:28 [INFO] BSHC_AG_DEBUG: AG marker UID 1140623445 successfully removed.
2025-11-20 05:55:58 [INFO] BSHC_AG_DEBUG: BSHC_RemoveAdvancedGroupsMapMarker called.
2025-11-20 05:55:58 [INFO] BSHC_AG_DEBUG: Removing AG marker UID: 1386194308
2025-11-20 05:55:58 [INFO] BSHC_AG_DEBUG: AG marker UID 1386194308 successfully removed.
2025-11-20 05:57:28 [INFO] BSHC_AG_DEBUG: BSHC_RemoveAdvancedGroupsMapMarker called.
2025-11-20 05:57:28 [INFO] BSHC_AG_DEBUG: Removing AG marker UID: 652562005
2025-11-20 05:57:28 [INFO] BSHC_AG_DEBUG: AG marker UID 652562005 successfully removed.
2025-11-20 05:58:58 [INFO] BSHC_AG_DEBUG: BSHC_RemoveAdvancedGroupsMapMarker called.
2025-11-20 05:58:58 [INFO] BSHC_AG_DEBUG: Removing AG marker UID: 610617689
2025-11-20 05:58:58 [INFO] BSHC_AG_DEBUG: AG marker UID 610617689 successfully removed.
2025-11-20 06:00:28 [INFO] BSHC_AG_DEBUG: BSHC_RemoveAdvancedGroupsMapMarker called.
2025-11-20 06:00:28 [INFO] BSHC_AG_DEBUG: Removing AG marker UID: 1781585026
2025-11-20 06:00:28 [INFO] BSHC_AG_DEBUG: AG marker UID 1781585026 successfully removed.
2025-11-20 06:01:58 [INFO] BSHC_AG_DEBUG: BSHC_RemoveAdvancedGroupsMapMarker called.
2025-11-20 06:01:58 [INFO] BSHC_AG_DEBUG: Removing AG marker UID: 1245156546
2025-11-20 06:01:58 [INFO] BSHC_AG_DEBUG: AG marker UID 1245156546 successfully removed.
2025-11-20 06:03:28 [INFO] BSHC_AG_DEBUG: BSHC_RemoveAdvancedGroupsMapMarker called.
2025-11-20 06:03:28 [INFO] BSHC_AG_DEBUG: Removing AG marker UID: 1769725
2025-11-20 06:03:28 [INFO] BSHC_AG_DEBUG: AG marker UID 1769725 successfully removed.
2025-11-20 06:04:58 [INFO] BSHC_AG_DEBUG: BSHC_RemoveAdvancedGroupsMapMarker called.
2025-11-20 06:04:58 [INFO] BSHC_AG_DEBUG: Removing AG marker UID: 1198493494
2025-11-20 06:04:58 [INFO] BSHC_AG_DEBUG: AG marker UID 1198493494 successfully removed.
2025-11-20 06:06:28 [INFO] BSHC_AG_DEBUG: BSHC_RemoveAdvancedGroupsMapMarker called.
2025-11-20 06:06:28 [INFO] BSHC_AG_DEBUG: Removing AG marker UID: 202447063
2025-11-20 06:06:28 [INFO] BSHC_AG_DEBUG: AG marker UID 202447063 successfully removed.
2025-11-20 06:06:37 [INFO] --------------------------------------------------------------------------
2025-11-20 06:06:37 [INFO] OnCrateSpawnTickPeriodic - Management Tick received. Evaluating individual crate configs...
2025-11-20 06:06:37 [INFO] --------------------------------------------------------------------------
2025-11-20 06:06:37 [INFO] Config 'DefaultDynamicEvent_Example1' is due for a check. Processing...
2025-11-20 06:06:37 [INFO] CrateSpawner: Processing ConfigUniqueID: 'DefaultDynamicEvent_Example1' (CrateType: 'BS_Hacked_Crate')
2025-11-20 06:06:37 [INFO] CrateSpawner: Handling RANDOM for ConfigUniqueID: 'DefaultDynamicEvent_Example1'.
2025-11-20 06:06:37 [INFO] CrateSpawner: ConfigUniqueID 'DefaultDynamicEvent_Example1' - Existing: 1, Target Active: 2
2025-11-20 06:06:37 [INFO] CrateSpawner: Attempting to spawn 1 for ConfigUniqueID: 'DefaultDynamicEvent_Example1'.
2025-11-20 06:06:37 [INFO] SpawnRandomCrates: Attempting to spawn 1 of type 'BS_Hacked_Crate' with ConfigUniqueID 'DefaultDynamicEvent_Example1'.
2025-11-20 06:06:37 [INFO] SpawnRandomCrates: Shuffled list for 'DefaultDynamicEvent_Example1' is empty or non-existent. Regenerating and shuffling.
2025-11-20 06:06:37 [INFO] CrateSpawner: Sending spawn warning for 'BS_Hacked_Crate' at VMC
2025-11-20 06:06:37 [INFO] CrateSpawner: Added to pending list for ConfigUniqueID 'DefaultDynamicEvent_Example1'. New pending count: 1
2025-11-20 06:06:37 [INFO] OnCrateSpawnTickPeriodic - Management Tick finished. Next check in 3600 seconds.
2025-11-20 06:07:58 [INFO] BSHC_AG_DEBUG: BSHC_RemoveAdvancedGroupsMapMarker called.
2025-11-20 06:07:58 [INFO] BSHC_AG_DEBUG: Removing AG marker UID: 1874452363
2025-11-20 06:07:58 [INFO] BSHC_AG_DEBUG: AG marker UID 1874452363 successfully removed.
2025-11-20 06:08:02 [INFO] BSHC_AG_DEBUG: BSHC_RemoveAdvancedGroupsMapMarker called.
2025-11-20 06:08:02 [INFO] BSHC_AG_DEBUG: Removing AG marker UID: 1153468892
2025-11-20 06:08:02 [INFO] BSHC_AG_DEBUG: AG marker UID 1153468892 successfully removed.
2025-11-20 06:08:02 [INFO] Crate BS_Hacked_Crate requires access action (RequireAccessAction: true). Loot access pending.
2025-11-20 06:08:02 [INFO] Unlocking crate & attempting to spawn loot at <4732.430176, 338.968994, 10350.200195> for crate type: BS_Hacked_Crate
2025-11-20 06:08:02 [INFO] Temporarily unlocking inventory for loot spawn for BS_Hacked_Crate
2025-11-20 06:08:02 [INFO] Spawning loot from JSON pools for crate: BS_Hacked_Crate. Using defined LootCategoriesToUse: 2 categories.
2025-11-20 06:08:02 [INFO] Processing category from CrateSettings: 'DefaultArmaments' for crate BS_Hacked_Crate
2025-11-20 06:08:02 [INFO]   - Selected Pool: 'M4A1_Example_Pool' (Weight/Probability: 1) for crate BS_Hacked_Crate
2025-11-20 06:08:02 [INFO]     - Pool Min/Max items for 'M4A1_Example_Pool': 1/1 (Clamped for pool size 1)
2025-11-20 06:08:02 [INFO]     - Calculated Count To Spawn from this pool 'M4A1_Example_Pool': 1
2025-11-20 06:08:02 [INFO]     - Attempting to spawn 1 weighted random items from pool 'M4A1_Example_Pool':
2025-11-20 06:08:02 [INFO]       - Spawning Item 1/1: M4A1 (Original Probability in Pool: 1) for crate BS_Hacked_Crate
2025-11-20 06:08:02 [INFO]         -> Spawned base item OK: M4A1
2025-11-20 06:08:02 [INFO]         -> Attaching items to M4A1...
2025-11-20 06:08:02 [INFO]           + Attached OK: Mag_STANAG_30Rnd
2025-11-20 06:08:02 [INFO]           + Attached OK: M4_OEBttstck
2025-11-20 06:08:02 [INFO]           + Attached OK: M4_CarryHandleOptic
2025-11-20 06:08:02 [INFO] Processing category from CrateSettings: 'DefaultMedical' for crate BS_Hacked_Crate
2025-11-20 06:08:02 [INFO]   - Selected Pool: 'Basic_Medical_Supplies' (Weight/Probability: 0.8) for crate BS_Hacked_Crate
2025-11-20 06:08:02 [INFO]     - Pool Min/Max items for 'Basic_Medical_Supplies': 2/2 (Clamped for pool size 2)
2025-11-20 06:08:02 [INFO]     - Calculated Count To Spawn from this pool 'Basic_Medical_Supplies': 2
2025-11-20 06:08:02 [INFO]     - Attempting to spawn 2 weighted random items from pool 'Basic_Medical_Supplies':
2025-11-20 06:08:02 [INFO]       - Spawning Item 1/2: BandageDressing (Original Probability in Pool: 1.5) for crate BS_Hacked_Crate
2025-11-20 06:08:02 [INFO]         -> Spawned base item OK: BandageDressing
2025-11-20 06:08:02 [INFO]       - Spawning Item 2/2: PainkillerTablets (Original Probability in Pool: 0.5) for crate BS_Hacked_Crate
2025-11-20 06:08:02 [INFO]         -> Spawned base item OK: PainkillerTablets
2025-11-20 06:08:02 [INFO] Inventory for BS_Hacked_Crate LOCKED. IsOpen: true LootAccessActionDone: false
2025-11-20 06:08:02 [INFO] Inventory lock state re-evaluated for BS_Hacked_Crate. Should be LOCKED if RequireAccessAction is true and action not yet performed.
2025-11-20 06:08:02 [INFO] Loot spawning process finished for crate at <4732.430176, 338.968994, 10350.200195>
2025-11-20 06:08:02 [INFO] HandlePostLootTimersAndDespawn (BS_Hacked_Crate): Advanced Groups marker (UID: 944206078) will be handled by EEDelete or specific despawn logic.
2025-11-20 06:08:02 [INFO] HandlePostLootTimersAndDespawn (BS_Hacked_Crate): Scheduling auto-despawn in 1800s (30 minutes).
2025-11-20 06:08:02 [INFO] StartAutoDespawnTimer: Auto-despawn timer started for BS_Hacked_Crate<289c0d30>. Will delete in 1800s.
2025-11-20 06:08:02 [INFO] HackedCrate (BS_Hacked_Crate): Sending RPC Notification. Type: END, Key: #STR_BSHC_Notification_End_Located
2025-11-20 06:08:02 [INFO] Hack finished: BS_Hacked_Crate at <4732.430176, 338.968994, 10350.200195>
2025-11-20 06:08:21 [INFO] Inventory for BS_Hacked_Crate UNLOCKED. IsOpen: true LootAccessActionDone: true
2025-11-20 06:08:21 [INFO] Player $kizo accessed loot in HackedCrate: <4732.430176, 338.968994, 10350.200195>
2025-11-20 06:16:37 [INFO] SpawnCrateAfterWarning: Timer finished. Spawning crate BS_Hacked_Crate. Removed from pending list. New pending count: 0
2025-11-20 06:16:37 [INFO] Inventory for BS_Hacked_Crate LOCKED. IsOpen: false LootAccessActionDone: false
2025-11-20 06:16:37 [INFO] HackedCrate_Base (BS_Hacked_Crate): Instance specific CrateSettings assigned. ConfigUniqueID: DefaultDynamicEvent_Example1
2025-11-20 06:16:37 [INFO] CrateSpawner: Standard Notification RPC sent. Key: #STR_BSHC_Notification_Spawn_Located
2025-11-20 06:16:37 [INFO] [SpawnAIAroundCrate] Spawning 2 AI(s) next to the crate.
2025-11-20 06:16:37 [INFO] [SpawnAIAroundCrate] Successfully spawned ZmbM_SoldierNormal at <4537.382813, 317.675659, 8334.432617>
2025-11-20 06:16:37 [INFO] [SpawnAIAroundCrate] Successfully spawned ZmbM_SoldierNormal at <4547.462891, 317.966797, 8341.730469>
2025-11-20 06:16:37 [INFO] DeferredEEInitLogic: START for BS_Hacked_Crate<3026274>. m_LoadedExpansionMarkerUID (should be from OnStoreLoad) is ''. Current m_ExpansionMarkerUID (active) is ''
2025-11-20 06:16:37 [INFO] DeferredEEInitLogic: Settings acquired successfully for BS_Hacked_Crate<3026274>.
2025-11-20 06:16:37 [INFO] DeferredEEInitLogic: m_ExpansionMarkerUID is empty. Calling CreateExpansionMapMarker for BS_Hacked_Crate<3026274>.
2025-11-20 06:16:37 [INFO] EXP_DEBUG: Inside CreateExpansionMapMarker for BS_Hacked_Crate.UseExpansionMapMarker is true.
2025-11-20 06:16:37 [INFO] EXP_DEBUG: EXPANSIONMODNAVIGATION is NOT defined. No Expansion marker will be created.
2025-11-20 06:16:37 [INFO] DeferredEEInitLogic: AG DEBUG for BS_Hacked_Crate<3026274>
2025-11-20 06:16:37 [INFO] BSHC_AG_DEBUG: BSHC_CreateAdvancedGroupsMapMarker call.
2025-11-20 06:16:37 [INFO] BSHC_AG_DEBUG: Final Marker Name: '#STR_BSHC_HackedCrate_DisplayName'
2025-11-20 06:16:37 [INFO] BSHC_AG_DEBUG: Trying to create AG marker with name: #STR_BSHC_HackedCrate_DisplayName, Pos: <4553.689941, 317.975006, 8352.099609>, Icon: BS_HackedCrate/gui/iconcrate.paa, Color: -65536, ShowOnMap: true, ShowInWorld: true
2025-11-20 06:16:37 [INFO] BSHC_AG_DEBUG: LBStaticMarkerManager.Get is accessible.
2025-11-20 06:16:37 [INFO] BSHC_AG_DEBUG: Created AG marker (UID: 2147221494) for BS_Hacked_Crate
2025-11-20 06:16:37 [INFO] DeferredEEInitLogic: Final m_LootAccessActionDone for BS_Hacked_Crate<3026274> is: false
2025-11-20 06:16:37 [INFO] Inventory for BS_Hacked_Crate LOCKED. IsOpen: false LootAccessActionDone: false
2025-11-20 06:16:37 [INFO] DeferredEEInitLogic: FINISHED for BS_Hacked_Crate<3026274>
2025-11-20 06:38:30 [INFO] DeleteCrateScheduled: Auto-despawn timer finished for BS_Hacked_Crate<289c0d30>. Deleting crate now.
2025-11-20 06:38:30 [INFO] EXP_REMOVE_DEBUG: Attempting RemoveExpansionMapMarker. Context: UnknownContext. Current UID: '' for BS_Hacked_Crate<3021304>
2025-11-20 06:38:30 [INFO] EXP_REMOVE_DEBUG: EXPANSIONMODNAVIGATION NOT defined. Cannot remove marker. Context: UnknownContext for BS_Hacked_Crate<3021304>
2025-11-20 06:38:30 [INFO] EEDelete called for BS_Hacked_Crate at <4732.430176, 338.968994, 10350.200195>
2025-11-20 06:38:30 [INFO] EXP_REMOVE_DEBUG: Attempting RemoveExpansionMapMarker. Context: EEDelete. Current UID: '' for BS_Hacked_Crate<3021304>
2025-11-20 06:38:30 [INFO] EXP_REMOVE_DEBUG: EXPANSIONMODNAVIGATION NOT defined. Cannot remove marker. Context: EEDelete for BS_Hacked_Crate<3021304>
2025-11-20 06:38:30 [INFO] BSHC_AG_DEBUG: BSHC_RemoveAdvancedGroupsMapMarker called.
2025-11-20 06:38:30 [INFO] BSHC_AG_DEBUG: Removing AG marker UID: 944206078
2025-11-20 06:38:30 [INFO] BSHC_AG_DEBUG: AG marker UID 944206078 successfully removed.
2025-11-20 06:38:30 [INFO] HackedCrate (BS_Hacked_Crate): Sending RPC Notification. Type: DESPAWN, Key: #STR_BSHC_Notification_Despawn_Located
2025-11-20 06:38:30 [INFO] EEDelete: Removed BS_Hacked_Crate from g_ActiveHackedCrates. Remaining count: 1
2025-11-20 07:06:37 [INFO] --------------------------------------------------------------------------
2025-11-20 07:06:37 [INFO] OnCrateSpawnTickPeriodic - Management Tick received. Evaluating individual crate configs...
2025-11-20 07:06:37 [INFO] --------------------------------------------------------------------------
2025-11-20 07:06:37 [INFO] Config 'DefaultDynamicEvent_Example1' is due for a check. Processing...
2025-11-20 07:06:37 [INFO] CrateSpawner: Processing ConfigUniqueID: 'DefaultDynamicEvent_Example1' (CrateType: 'BS_Hacked_Crate')
2025-11-20 07:06:37 [INFO] CrateSpawner: Skipping ConfigUniqueID 'DefaultDynamicEvent_Example1'. Players required: 1, Current: 0
2025-11-20 07:06:37 [INFO] OnCrateSpawnTickPeriodic - Management Tick finished. Next check in 3600 seconds.
2025-11-20 08:06:37 [INFO] --------------------------------------------------------------------------
2025-11-20 08:06:37 [INFO] OnCrateSpawnTickPeriodic - Management Tick received. Evaluating individual crate configs...
2025-11-20 08:06:37 [INFO] --------------------------------------------------------------------------
2025-11-20 08:06:37 [INFO] Config 'DefaultDynamicEvent_Example1' is due for a check. Processing...
2025-11-20 08:06:37 [INFO] CrateSpawner: Processing ConfigUniqueID: 'DefaultDynamicEvent_Example1' (CrateType: 'BS_Hacked_Crate')
2025-11-20 08:06:37 [INFO] CrateSpawner: Skipping ConfigUniqueID 'DefaultDynamicEvent_Example1'. Players required: 1, Current: 0
2025-11-20 08:06:37 [INFO] OnCrateSpawnTickPeriodic - Management Tick finished. Next check in 3600 seconds.
2025-11-20 09:06:37 [INFO] --------------------------------------------------------------------------
2025-11-20 09:06:37 [INFO] OnCrateSpawnTickPeriodic - Management Tick received. Evaluating individual crate configs...
2025-11-20 09:06:37 [INFO] --------------------------------------------------------------------------
2025-11-20 09:06:37 [INFO] Config 'DefaultDynamicEvent_Example1' is due for a check. Processing...
2025-11-20 09:06:37 [INFO] CrateSpawner: Processing ConfigUniqueID: 'DefaultDynamicEvent_Example1' (CrateType: 'BS_Hacked_Crate')
2025-11-20 09:06:37 [INFO] CrateSpawner: Skipping ConfigUniqueID 'DefaultDynamicEvent_Example1'. Players required: 1, Current: 0
2025-11-20 09:06:37 [INFO] OnCrateSpawnTickPeriodic - Management Tick finished. Next check in 3600 seconds.
2025-11-20 10:06:37 [INFO] --------------------------------------------------------------------------
2025-11-20 10:06:37 [INFO] OnCrateSpawnTickPeriodic - Management Tick received. Evaluating individual crate configs...
2025-11-20 10:06:37 [INFO] --------------------------------------------------------------------------
2025-11-20 10:06:37 [INFO] Config 'DefaultDynamicEvent_Example1' is due for a check. Processing...
2025-11-20 10:06:37 [INFO] CrateSpawner: Processing ConfigUniqueID: 'DefaultDynamicEvent_Example1' (CrateType: 'BS_Hacked_Crate')
2025-11-20 10:06:37 [INFO] CrateSpawner: Skipping ConfigUniqueID 'DefaultDynamicEvent_Example1'. Players required: 1, Current: 0
2025-11-20 10:06:37 [INFO] OnCrateSpawnTickPeriodic - Management Tick finished. Next check in 3600 seconds.
2025-11-20 11:06:37 [INFO] --------------------------------------------------------------------------
2025-11-20 11:06:37 [INFO] OnCrateSpawnTickPeriodic - Management Tick received. Evaluating individual crate configs...
2025-11-20 11:06:37 [INFO] --------------------------------------------------------------------------
2025-11-20 11:06:37 [INFO] Config 'DefaultDynamicEvent_Example1' is due for a check. Processing...
2025-11-20 11:06:37 [INFO] CrateSpawner: Processing ConfigUniqueID: 'DefaultDynamicEvent_Example1' (CrateType: 'BS_Hacked_Crate')
2025-11-20 11:06:37 [INFO] CrateSpawner: Skipping ConfigUniqueID 'DefaultDynamicEvent_Example1'. Players required: 1, Current: 0
2025-11-20 11:06:37 [INFO] OnCrateSpawnTickPeriodic - Management Tick finished. Next check in 3600 seconds.
2025-11-20 12:06:37 [INFO] --------------------------------------------------------------------------
2025-11-20 12:06:37 [INFO] OnCrateSpawnTickPeriodic - Management Tick received. Evaluating individual crate configs...
2025-11-20 12:06:37 [INFO] --------------------------------------------------------------------------
2025-11-20 12:06:37 [INFO] Config 'DefaultDynamicEvent_Example1' is due for a check. Processing...
2025-11-20 12:06:37 [INFO] CrateSpawner: Processing ConfigUniqueID: 'DefaultDynamicEvent_Example1' (CrateType: 'BS_Hacked_Crate')
2025-11-20 12:06:37 [INFO] CrateSpawner: Skipping ConfigUniqueID 'DefaultDynamicEvent_Example1'. Players required: 1, Current: 0
2025-11-20 12:06:37 [INFO] OnCrateSpawnTickPeriodic - Management Tick finished. Next check in 3600 seconds.
2025-11-20 13:06:37 [INFO] --------------------------------------------------------------------------
2025-11-20 13:06:37 [INFO] OnCrateSpawnTickPeriodic - Management Tick received. Evaluating individual crate configs...
2025-11-20 13:06:37 [INFO] --------------------------------------------------------------------------
2025-11-20 13:06:37 [INFO] Config 'DefaultDynamicEvent_Example1' is due for a check. Processing...
2025-11-20 13:06:37 [INFO] CrateSpawner: Processing ConfigUniqueID: 'DefaultDynamicEvent_Example1' (CrateType: 'BS_Hacked_Crate')
2025-11-20 13:06:37 [INFO] CrateSpawner: Skipping ConfigUniqueID 'DefaultDynamicEvent_Example1'. Players required: 1, Current: 0
2025-11-20 13:06:37 [INFO] OnCrateSpawnTickPeriodic - Management Tick finished. Next check in 3600 seconds.
2025-11-20 14:06:37 [INFO] --------------------------------------------------------------------------
2025-11-20 14:06:37 [INFO] OnCrateSpawnTickPeriodic - Management Tick received. Evaluating individual crate configs...
2025-11-20 14:06:37 [INFO] --------------------------------------------------------------------------
2025-11-20 14:06:37 [INFO] Config 'DefaultDynamicEvent_Example1' is due for a check. Processing...
2025-11-20 14:06:37 [INFO] CrateSpawner: Processing ConfigUniqueID: 'DefaultDynamicEvent_Example1' (CrateType: 'BS_Hacked_Crate')
2025-11-20 14:06:37 [INFO] CrateSpawner: Skipping ConfigUniqueID 'DefaultDynamicEvent_Example1'. Players required: 1, Current: 0
2025-11-20 14:06:37 [INFO] OnCrateSpawnTickPeriodic - Management Tick finished. Next check in 3600 seconds.
2025-11-20 15:06:37 [INFO] --------------------------------------------------------------------------
2025-11-20 15:06:37 [INFO] OnCrateSpawnTickPeriodic - Management Tick received. Evaluating individual crate configs...
2025-11-20 15:06:37 [INFO] --------------------------------------------------------------------------
2025-11-20 15:06:37 [INFO] Config 'DefaultDynamicEvent_Example1' is due for a check. Processing...
2025-11-20 15:06:37 [INFO] CrateSpawner: Processing ConfigUniqueID: 'DefaultDynamicEvent_Example1' (CrateType: 'BS_Hacked_Crate')
2025-11-20 15:06:37 [INFO] CrateSpawner: Skipping ConfigUniqueID 'DefaultDynamicEvent_Example1'. Players required: 1, Current: 0
2025-11-20 15:06:37 [INFO] OnCrateSpawnTickPeriodic - Management Tick finished. Next check in 3600 seconds.
2025-11-20 16:06:37 [INFO] --------------------------------------------------------------------------
2025-11-20 16:06:37 [INFO] OnCrateSpawnTickPeriodic - Management Tick received. Evaluating individual crate configs...
2025-11-20 16:06:37 [INFO] --------------------------------------------------------------------------
2025-11-20 16:06:37 [INFO] Config 'DefaultDynamicEvent_Example1' is due for a check. Processing...
2025-11-20 16:06:37 [INFO] CrateSpawner: Processing ConfigUniqueID: 'DefaultDynamicEvent_Example1' (CrateType: 'BS_Hacked_Crate')
2025-11-20 16:06:37 [INFO] CrateSpawner: Skipping ConfigUniqueID 'DefaultDynamicEvent_Example1'. Players required: 1, Current: 0
2025-11-20 16:06:37 [INFO] OnCrateSpawnTickPeriodic - Management Tick finished. Next check in 3600 seconds.
2025-11-20 17:06:37 [INFO] --------------------------------------------------------------------------
2025-11-20 17:06:37 [INFO] OnCrateSpawnTickPeriodic - Management Tick received. Evaluating individual crate configs...
2025-11-20 17:06:37 [INFO] --------------------------------------------------------------------------
2025-11-20 17:06:37 [INFO] Config 'DefaultDynamicEvent_Example1' is due for a check. Processing...
2025-11-20 17:06:37 [INFO] CrateSpawner: Processing ConfigUniqueID: 'DefaultDynamicEvent_Example1' (CrateType: 'BS_Hacked_Crate')
2025-11-20 17:06:37 [INFO] CrateSpawner: Skipping ConfigUniqueID 'DefaultDynamicEvent_Example1'. Players required: 1, Current: 0
2025-11-20 17:06:37 [INFO] OnCrateSpawnTickPeriodic - Management Tick finished. Next check in 3600 seconds.
2025-11-20 18:06:37 [INFO] --------------------------------------------------------------------------
2025-11-20 18:06:37 [INFO] OnCrateSpawnTickPeriodic - Management Tick received. Evaluating individual crate configs...
2025-11-20 18:06:37 [INFO] --------------------------------------------------------------------------
2025-11-20 18:06:37 [INFO] Config 'DefaultDynamicEvent_Example1' is due for a check. Processing...
2025-11-20 18:06:37 [INFO] CrateSpawner: Processing ConfigUniqueID: 'DefaultDynamicEvent_Example1' (CrateType: 'BS_Hacked_Crate')
2025-11-20 18:06:37 [INFO] CrateSpawner: Skipping ConfigUniqueID 'DefaultDynamicEvent_Example1'. Players required: 1, Current: 0
2025-11-20 18:06:37 [INFO] OnCrateSpawnTickPeriodic - Management Tick finished. Next check in 3600 seconds.
