[11-28-2025][21.38.42] New Synch Log File Created!
[22:56:56] Player (Syntactix, 76561199240649723)(<4581.443848, 233.237289, 4513.416992>) requested data for lock!
[22:56:56] Player (Syntactix, 76561199240649723)(<4583.397461, 233.237289, 4524.129395>) requested data for lock!
[22:56:56] Player (Syntactix, 76561199240649723)(<4578.714844, 233.237289, 4515.558594>) requested data for lock!
[11-28-2025][23.00.48] Log file reloaded ( Server Restart )
[23:02:30] Player (Syntactix, 76561199240649723)(<4583.397461, 233.237289, 4524.129395>) requested data for lock!
[23:02:30] Player (Syntactix, 76561199240649723)(<4581.443848, 233.237289, 4513.416992>) requested data for lock!
[23:02:30] Player (Syntactix, 76561199240649723)(<4578.714844, 233.237289, 4515.558594>) requested data for lock!
[07:44:16] Player (sammy, 76561199387910911)(<2791.231201, 208.805283, 5258.668945>) requested data for lock!
[07:47:01] Player (sammy, 76561199387910911)(<2781.657959, 208.805283, 5265.425781>) requested data for lock!
[07:59:16] Player (sammy, 76561199387910911)(<2778.298340, 204.783569, 5262.583496>) requested data for lock!
[12:52:27] Player (sammy, 76561199387910911)(<2791.231201, 208.805283, 5258.668945>) requested data for lock!
[12:52:27] Player (sammy, 76561199387910911)(<2781.657959, 208.805283, 5265.425781>) requested data for lock!
[12:52:27] Player (sammy, 76561199387910911)(<2778.298340, 204.783569, 5262.583496>) requested data for lock!
[13:01:21] Player (sammy, 76561199387910911)(<2781.657959, 208.805283, 5265.425781>) requested data for lock!
[13:02:33] Player (sammy, 76561199387910911)(<2781.657959, 208.805283, 5265.425781>) requested data for lock!
[13:02:51] Player (sammy, 76561199387910911)(<2781.657959, 208.805283, 5265.425781>) requested data for lock!
[21:45:45] Player ($kizo, 76561199032441806)(<4583.397461, 233.237289, 4524.129395>) requested data for lock!
[21:45:45] Player ($kizo, 76561199032441806)(<4578.714844, 233.237289, 4515.558594>) requested data for lock!
[21:46:40] Player ($kizo, 76561199032441806)(<4581.443848, 233.237289, 4513.416992>) requested data for lock!
[22:36:40] Player ($kizo, 76561199032441806)(<4569.083008, 233.237289, 4520.315918>) requested data for lock!
[22:36:59] Player ($kizo, 76561199032441806)(<4562.488770, 233.237289, 4522.341309>) requested data for lock!
