[12-14-2025][00.00.40] New Synch Log File Created!
[13:19:02] Player (Syntactix, 76561199240649723)(<2778.298340, 204.783569, 5262.583496>) requested data for lock!
[13:19:02] Player (Syntactix, 76561199240649723)(<2791.231201, 208.805283, 5258.668945>) requested data for lock!
[14:01:24] Player (dusty, 76561198985914977)(<2778.298340, 204.783569, 5262.583496>) requested data for lock!
[14:01:24] Player (Survivor, 76561199769203085)(<2778.298340, 204.783569, 5262.583496>) requested data for lock!
[14:01:27] Player (dusty, 76561198985914977)(<2791.231201, 208.805283, 5258.668945>) requested data for lock!
[14:01:27] Player (Survivor, 76561199769203085)(<2791.231201, 208.805283, 5258.668945>) requested data for lock!
[14:10:36] Player (Survivor, 76561199769203085)(<2781.657959, 208.805283, 5265.425781>) requested data for lock!
[14:11:17] Player (dusty, 76561198985914977)(<2781.657959, 208.805283, 5265.425781>) requested data for lock!
[15:52:48] Player (dusty, 76561198985914977)(<4562.488770, 233.237289, 4522.341309>) requested data for lock!
[15:52:48] Player (Survivor, 76561199769203085)(<4562.488770, 233.237289, 4522.341309>) requested data for lock!
[15:52:49] Player (dusty, 76561198985914977)(<4569.083008, 233.237289, 4520.315918>) requested data for lock!
[15:52:49] Player (Survivor, 76561199769203085)(<4569.083008, 233.237289, 4520.315918>) requested data for lock!
[15:52:49] Player (dusty, 76561198985914977)(<4578.714844, 233.237289, 4515.558594>) requested data for lock!
[15:52:49] Player (Survivor, 76561199769203085)(<4578.714844, 233.237289, 4515.558594>) requested data for lock!
[15:52:49] Player (dusty, 76561198985914977)(<4574.959473, 236.200958, 4513.336426>) requested data for lock!
[15:52:50] Player (Survivor, 76561199769203085)(<4574.959473, 236.200958, 4513.336426>) requested data for lock!
[16:51:49] Player (NightMan, 76561199696969593)(<14761.754883, 19.254116, 13321.750000>) requested data for lock!
[16:51:49] Player (NightMan, 76561199696969593)(<14770.605469, 19.255545, 13325.888672>) requested data for lock!
[16:51:49] Player (NightMan, 76561199696969593)(<14762.903320, 17.790796, 13324.951172>) requested data for lock!
[16:51:49] Player (NightMan, 76561199696969593)(<14756.341797, 17.732162, 13321.337891>) requested data for lock!
[16:51:49] Player (NightMan, 76561199696969593)(<14762.677734, 21.076441, 13312.624023>) requested data for lock!
[16:51:49] Player (NightMan, 76561199696969593)(<14782.605469, 19.256157, 13313.886719>) requested data for lock!
