[11-25-2025][16.37.17] New Access Log File Created!
[17:10:36] Player ($kizo, 76561199032441806)(<4574.223633, 234.415161, 4524.990234>) set a new passcode on lock!
[17:10:36] Player ($kizo, 76561199032441806)(<4574.223633, 234.415161, 4524.990234>) claimed ownership of a lock!
[17:10:37] Player ($kizo, 76561199032441806)(<4574.223633, 234.415161, 4524.990234>) quick accessed a lock!
[17:12:02] Player ($kizo, 76561199032441806)(<4569.205078, 234.415161, 4525.475098>) set a new passcode on lock!
[17:12:02] Player ($kizo, 76561199032441806)(<4569.205078, 234.415161, 4525.475098>) claimed ownership of a lock!
[17:12:04] Player ($kizo, 76561199032441806)(<4574.223633, 234.415161, 4524.990234>) quick accessed a lock!
[17:12:19] Player ($kizo, 76561199032441806)(<4574.875977, 233.237289, 4532.897949>) set a new passcode on lock!
[17:12:19] Player ($kizo, 76561199032441806)(<4574.875977, 233.237289, 4532.897949>) claimed ownership of a lock!
[17:12:39] Player ($kizo, 76561199032441806)(<4574.223633, 234.415161, 4524.990234>) removed a lock!
[17:12:52] Player ($kizo, 76561199032441806)(<4574.174805, 233.237289, 4528.711426>) set a new passcode on lock!
[17:12:52] Player ($kizo, 76561199032441806)(<4574.174805, 233.237289, 4528.711426>) claimed ownership of a lock!
[17:13:01] Player ($kizo, 76561199032441806)(<4574.223633, 234.415161, 4524.990234>) set a new passcode on lock!
[17:13:01] Player ($kizo, 76561199032441806)(<4574.223633, 234.415161, 4524.990234>) claimed ownership of a lock!
[17:13:02] Player ($kizo, 76561199032441806)(<4574.223633, 234.415161, 4524.990234>) quick accessed a lock!
[17:13:04] Player ($kizo, 76561199032441806)(<4574.174805, 233.237289, 4528.711426>) quick accessed a lock!
[17:13:14] Player ($kizo, 76561199032441806)(<4574.223633, 234.415161, 4524.990234>) quick accessed a lock!
[17:20:05] Player ($kizo, 76561199032441806)(<4574.223633, 234.415161, 4524.990234>) quick accessed a lock!
[17:20:06] Player ($kizo, 76561199032441806)(<4574.174805, 233.237289, 4528.711426>) quick accessed a lock!
[17:20:22] Player ($kizo, 76561199032441806)(<4574.875977, 233.237289, 4532.897949>) quick accessed a lock!
[17:29:07] Player ($kizo, 76561199032441806)(<4574.223633, 234.415161, 4524.990234>) quick accessed a lock!
[17:29:11] Player ($kizo, 76561199032441806)(<4574.174805, 233.237289, 4528.711426>) quick accessed a lock!
[17:29:16] Player ($kizo, 76561199032441806)(<4574.875977, 233.237289, 4532.897949>) quick accessed a lock!
[17:29:25] Player ($kizo, 76561199032441806)(<4574.875977, 233.237289, 4532.897949>) quick accessed a lock!
[17:29:26] Player ($kizo, 76561199032441806)(<4574.174805, 233.237289, 4528.711426>) quick accessed a lock!
[17:29:31] Player ($kizo, 76561199032441806)(<4574.223633, 234.415161, 4524.990234>) quick accessed a lock!
[17:30:03] Player ($kizo, 76561199032441806)(<4574.174805, 233.237289, 4528.711426>) quick accessed a lock!
[17:43:50] Player ($kizo, 76561199032441806)(<4569.205078, 234.415161, 4525.475098>) quick accessed a lock!
[17:43:52] Player ($kizo, 76561199032441806)(<4574.174805, 233.237289, 4528.711426>) quick accessed a lock!
[17:44:04] Player ($kizo, 76561199032441806)(<4574.875977, 233.237289, 4532.897949>) quick accessed a lock!
[17:44:22] Player ($kizo, 76561199032441806)(<4574.174805, 233.237289, 4528.711426>) quick accessed a lock!
[17:44:27] Player ($kizo, 76561199032441806)(<4574.223633, 234.415161, 4524.990234>) quick accessed a lock!
[11-25-2025][23.01.08] Log file reloaded ( Server Restart )
