[11-28-2025][21.38.42] New Access Log File Created!
[11-28-2025][23.00.48] Log file reloaded ( Server Restart )
[07:48:01] Player (sammy, 76561199387910911)(<2781.657959, 208.805283, 5265.425781>) quick accessed a lock!
[07:48:16] Player (sammy, 76561199387910911)(<2791.231201, 208.805283, 5258.668945>) quick accessed a lock!
[07:59:15] Player (sammy, 76561199387910911)(<2778.298340, 204.783569, 5262.583496>) set a new passcode on lock!
[07:59:15] Player (sammy, 76561199387910911)(<2778.298340, 204.783569, 5262.583496>) claimed ownership of a lock!
[08:02:43] Player (sammy, 76561199387910911)(<2791.231201, 208.805283, 5258.668945>) quick accessed a lock!
[08:10:19] Player (sammy, 76561199387910911)(<2778.298340, 204.783569, 5262.583496>) quick accessed a lock!
[08:10:29] Player (sammy, 76561199387910911)(<2778.298340, 204.783569, 5262.583496>) quick accessed a lock!
[08:12:04] Player (sammy, 76561199387910911)(<2778.298340, 204.783569, 5262.583496>) quick accessed a lock!
[08:14:21] Player (sammy, 76561199387910911)(<2778.298340, 204.783569, 5262.583496>) quick accessed a lock!
[08:14:29] Player (sammy, 76561199387910911)(<2778.298340, 204.783569, 5262.583496>) quick accessed a lock!
[08:19:28] Player (sammy, 76561199387910911)(<2781.657959, 208.805283, 5265.425781>) quick accessed a lock!
[08:20:04] Player (sammy, 76561199387910911)(<2791.231201, 208.805283, 5258.668945>) quick accessed a lock!
[12:53:57] Player (sammy, 76561199387910911)(<2791.231201, 208.805283, 5258.668945>) quick accessed a lock!
[12:54:40] Player (sammy, 76561199387910911)(<2778.298340, 204.783569, 5262.583496>) quick accessed a lock!
[13:03:35] Player (sammy, 76561199387910911)(<2778.298340, 204.783569, 5262.583496>) quick accessed a lock!
[13:03:49] Player (sammy, 76561199387910911)(<2791.231201, 208.805283, 5258.668945>) quick accessed a lock!
[13:06:06] Player (sammy, 76561199387910911)(<2778.298340, 204.783569, 5262.583496>) quick accessed a lock!
[21:47:21] Player ($kizo, 76561199032441806)(<4578.714844, 233.237289, 4515.558594>) quick accessed a lock!
[22:00:05] Player ($kizo, 76561199032441806)(<4578.714844, 233.237289, 4515.558594>) quick accessed a lock!
[22:00:55] Player ($kizo, 76561199032441806)(<4581.443848, 233.237289, 4513.416992>) removed a lock!
[22:01:10] Player ($kizo, 76561199032441806)(<4583.397461, 233.237289, 4524.129395>) removed a lock!
[22:36:40] Player ($kizo, 76561199032441806)(<4569.083008, 233.237289, 4520.315918>) set a new passcode on lock!
[22:36:40] Player ($kizo, 76561199032441806)(<4569.083008, 233.237289, 4520.315918>) claimed ownership of a lock!
[22:36:45] Player ($kizo, 76561199032441806)(<4569.083008, 233.237289, 4520.315918>) quick accessed a lock!
[22:36:59] Player ($kizo, 76561199032441806)(<4562.488770, 233.237289, 4522.341309>) set a new passcode on lock!
[22:36:59] Player ($kizo, 76561199032441806)(<4562.488770, 233.237289, 4522.341309>) claimed ownership of a lock!
[22:37:00] Player ($kizo, 76561199032441806)(<4562.488770, 233.237289, 4522.341309>) quick accessed a lock!
[22:37:12] Player ($kizo, 76561199032441806)(<4569.083008, 233.237289, 4520.315918>) quick accessed a lock!
[22:41:17] Player ($kizo, 76561199032441806)(<4569.083008, 233.237289, 4520.315918>) quick accessed a lock!
[22:41:29] Player ($kizo, 76561199032441806)(<4562.488770, 233.237289, 4522.341309>) quick accessed a lock!
[22:41:37] Player ($kizo, 76561199032441806)(<4569.083008, 233.237289, 4520.315918>) quick accessed a lock!
[22:43:55] Player ($kizo, 76561199032441806)(<4569.083008, 233.237289, 4520.315918>) quick accessed a lock!
[22:44:30] Player ($kizo, 76561199032441806)(<4562.488770, 233.237289, 4522.341309>) quick accessed a lock!
[22:44:46] Player ($kizo, 76561199032441806)(<4569.083008, 233.237289, 4520.315918>) quick accessed a lock!
[22:54:34] Player ($kizo, 76561199032441806)(<4569.083008, 233.237289, 4520.315918>) quick accessed a lock!
[22:55:02] Player ($kizo, 76561199032441806)(<4562.488770, 233.237289, 4522.341309>) quick accessed a lock!
[22:55:09] Player ($kizo, 76561199032441806)(<4562.488770, 233.237289, 4522.341309>) quick accessed a lock!
