[12-04-2025][08.37.36] New Access Log File Created!
[16:45:35] Player ($kizo, 76561199032441806)(<4562.488770, 233.237289, 4522.341309>) quick accessed a lock!
[16:46:28] Player ($kizo, 76561199032441806)(<4562.488770, 233.237289, 4522.341309>) quick accessed a lock!
[16:47:02] Player ($kizo, 76561199032441806)(<4574.959473, 236.200958, 4513.336426>) quick accessed a lock!
[16:47:34] Player ($kizo, 76561199032441806)(<4578.714844, 233.237289, 4515.558594>) quick accessed a lock!
[18:33:42] Player (TootieBad88, 76561199760628699)(<14782.605469, 19.255953, 13313.886719>) quick accessed a lock!
[18:35:54] Player (TootieBad88, 76561199760628699)(<14761.754883, 19.254116, 13321.750000>) quick accessed a lock!
[18:36:03] Player (TootieBad88, 76561199760628699)(<14756.341797, 17.732162, 13321.337891>) quick accessed a lock!
[18:37:53] Player (TootieBad88, 76561199760628699)(<14761.754883, 19.254116, 13321.750000>) quick accessed a lock!
[18:48:31] Player (TootieBad88, 76561199760628699)(<14782.605469, 19.256157, 13313.886719>) set a new passcode on lock!
[18:48:31] Player (TootieBad88, 76561199760628699)(<14782.605469, 19.256157, 13313.886719>) claimed ownership of a lock!
[18:49:10] Player (TootieBad88, 76561199760628699)(<14782.605469, 19.256157, 13313.886719>) quick accessed a lock!
[18:56:49] Player (TootieBad88, 76561199760628699)(<14770.605469, 19.255545, 13325.888672>) set a new passcode on lock!
[18:56:49] Player (TootieBad88, 76561199760628699)(<14770.605469, 19.255545, 13325.888672>) claimed ownership of a lock!
[18:58:19] Player (TootieBad88, 76561199760628699)(<14762.903320, 17.790796, 13324.951172>) quick accessed a lock!
[18:59:14] Player (TootieBad88, 76561199760628699)(<14761.754883, 19.254116, 13321.750000>) quick accessed a lock!
[18:59:19] Player (TootieBad88, 76561199760628699)(<14762.903320, 17.790796, 13324.951172>) quick accessed a lock!
[19:00:46] Player (TootieBad88, 76561199760628699)(<14762.677734, 21.076441, 13312.624023>) set a new passcode on lock!
[19:00:46] Player (TootieBad88, 76561199760628699)(<14762.677734, 21.076441, 13312.624023>) claimed ownership of a lock!
[12-04-2025][23.00.49] Log file reloaded ( Server Restart )
