************************** 2025-12-16T06:00:29+00:00 **************************
2025-12-16T06:00:29+00:00 | [INFO	] GameLabs v1.963 start for server 217611ad-48c7-4fe0-a20c-788244e3ff8b
2025-12-16T06:00:42+00:00 | [INFO	] Server up (GameLabs v1.963; terrain=chernarusplus;)
2025-12-16T06:00:42+00:00 | [INFO	] RPC interface initiated and handler registered
2025-12-16T06:00:45+00:00 | [WARN	] "ActionDismantleBBP" has been added as monitored action by a third party application
2025-12-16T06:00:45+00:00 | [WARN	] "ActionDestroyBBP" has been added as monitored action by a third party application
2025-12-16T06:01:22+00:00 | [INFO	] Mission fully loaded in 99.797s. Server ready for connections.
2025-12-16T06:01:24+00:00 | [WARN	] RegisterAsync re-authorized
2025-12-16T07:01:38+00:00 | [ERROR	] ServerPoll2 errorCode(5)
2025-12-16T07:01:38+00:00 | [ERROR	] GameLabs API error, reauthenticating...
2025-12-16T07:01:39+00:00 | [WARN	] RegisterAsync re-authorized
2025-12-16T08:01:40+00:00 | [ERROR	] ServerPoll2 errorCode(5)
2025-12-16T08:01:40+00:00 | [ERROR	] GameLabs API error, reauthenticating...
2025-12-16T08:01:40+00:00 | [WARN	] RegisterAsync re-authorized
2025-12-16T09:01:41+00:00 | [ERROR	] ServerPoll2 errorCode(5)
2025-12-16T09:01:41+00:00 | [ERROR	] GameLabs API error, reauthenticating...
2025-12-16T09:01:41+00:00 | [WARN	] RegisterAsync re-authorized
2025-12-16T10:01:42+00:00 | [ERROR	] ServerPoll2 errorCode(5)
2025-12-16T10:01:42+00:00 | [ERROR	] GameLabs API error, reauthenticating...
2025-12-16T10:01:43+00:00 | [WARN	] RegisterAsync re-authorized
2025-12-16T11:01:43+00:00 | [ERROR	] ServerPoll2 errorCode(5)
2025-12-16T11:01:43+00:00 | [ERROR	] GameLabs API error, reauthenticating...
2025-12-16T11:01:44+00:00 | [WARN	] RegisterAsync re-authorized
2025-12-16T12:01:45+00:00 | [ERROR	] ServerPoll2 errorCode(5)
2025-12-16T12:01:45+00:00 | [ERROR	] GameLabs API error, reauthenticating...
2025-12-16T12:01:45+00:00 | [WARN	] RegisterAsync re-authorized
2025-12-16T13:01:46+00:00 | [ERROR	] ServerPoll2 errorCode(5)
2025-12-16T13:01:46+00:00 | [ERROR	] GameLabs API error, reauthenticating...
2025-12-16T13:01:46+00:00 | [WARN	] RegisterAsync re-authorized
2025-12-16T14:01:47+00:00 | [ERROR	] ServerPoll2 errorCode(5)
2025-12-16T14:01:47+00:00 | [ERROR	] GameLabs API error, reauthenticating...
2025-12-16T14:01:47+00:00 | [WARN	] RegisterAsync re-authorized
