[KOTH] [06:10:16] Event Zelengorsk Military timed out
[KOTH] [06:11:17] Event Zelengorsk Military ending
[KOTH] -----------------------------------------------
[KOTH] Session start at 08:37:38
[KOTH] -----------------------------------------------
[KOTH] [08:37:38] v1.2 is installed on this server.
[KOTH] [13:29:31] Event Vybor Airfield timed out
[KOTH] [13:30:32] Event Vybor Airfield ending
[KOTH] [13:40:51] Event Tisy Military timed out
[KOTH] [13:41:52] Event Tisy Military ending
[KOTH] [13:56:21] Event Vybor Airfield timed out
[KOTH] [13:57:22] Event Vybor Airfield ending
[KOTH] [17:40:40] Event Kamensk Military Base timed out
[KOTH] [17:41:41] Event Kamensk Military Base ending
[KOTH] [17:53:00] Event Novy Lug Military timed out
[KOTH] [17:54:01] Event Novy Lug Military ending
[KOTH] [18:11:20] Event Myshkino Military timed out
[KOTH] [18:12:21] Event Myshkino Military ending
[KOTH] [18:25:00] Event Zelengorsk Military timed out
[KOTH] [18:26:01] Event Zelengorsk Military ending
[KOTH] [18:42:50] Event Grozovy Military timed out
[KOTH] [18:43:51] Event Grozovy Military ending
[KOTH] [18:53:50] Event Kamensk Military timed out
[KOTH] [18:54:51] Event Kamensk Military ending
[KOTH] [19:13:20] Event Myshkino Military timed out
[KOTH] [19:14:21] Event Myshkino Military ending
[KOTH] -----------------------------------------------
[KOTH] Session start at 23:00:53
[KOTH] -----------------------------------------------
[KOTH] [23:00:53] v1.2 is installed on this server.
