[KOTH] [07:17:55] Event Staroye Military timed out
[KOTH] [07:18:56] Event Staroye Military ending
[KOTH] [07:34:55] Event Novy Lug Military timed out
[KOTH] [07:35:56] Event Novy Lug Military ending
[KOTH] [07:46:35] Event Grozovy Military timed out
[KOTH] [07:47:36] Event Grozovy Military ending
[KOTH] [08:00:15] Event Pavlovo Military timed out
[KOTH] [08:01:16] Event Pavlovo Military ending
[KOTH] [08:11:05] Event Staroye Military timed out
[KOTH] [08:12:06] Event Staroye Military ending
[KOTH] [08:29:15] Event Krasno Airfield timed out
[KOTH] [08:30:16] Event Krasno Airfield ending
[KOTH] [09:21:15] Event Myshkino Military timed out
[KOTH] [09:22:16] Event Myshkino Military ending
[KOTH] [09:39:55] Event Kamensk Military timed out
[KOTH] [09:40:56] Event Kamensk Military ending
[KOTH] [09:55:05] Event Kamensk Military Base timed out
[KOTH] [09:56:06] Event Kamensk Military Base ending
[KOTH] [10:05:15] Event Myshkino Military timed out
[KOTH] [10:06:16] Event Myshkino Military ending
[KOTH] [10:25:15] Event Krasno Airfield timed out
[KOTH] [10:26:16] Event Krasno Airfield ending
[KOTH] [10:40:25] Event Myshkino Military timed out
[KOTH] [10:41:26] Event Myshkino Military ending
[KOTH] [10:53:15] Event Tisy Military timed out
[KOTH] [10:54:16] Event Tisy Military ending
[KOTH] [11:12:35] Event Kamensk Military timed out
[KOTH] [11:13:36] Event Kamensk Military ending
[KOTH] [11:27:25] Event Pavlovo Military timed out
[KOTH] [11:28:26] Event Pavlovo Military ending
[KOTH] [11:39:25] Event Tisy Military timed out
[KOTH] [11:40:26] Event Tisy Military ending
[KOTH] [11:50:45] Event Novy Lug Military timed out
[KOTH] [11:51:46] Event Novy Lug Military ending
[KOTH] [12:06:05] Event VMC Military timed out
[KOTH] [12:07:06] Event VMC Military ending
[KOTH] [12:39:35] Event Novy Lug Military timed out
[KOTH] [12:40:36] Event Novy Lug Military ending
[KOTH] [12:52:25] Event Myshkino Military timed out
[KOTH] [12:53:26] Event Myshkino Military ending
[KOTH] [13:08:15] Event VMC Military timed out
[KOTH] [13:09:16] Event VMC Military ending
[KOTH] [18:16:54] Event Kamensk Military timed out
[KOTH] [18:17:55] Event Kamensk Military ending
[KOTH] [18:36:14] Event Kamensk Military timed out
[KOTH] [18:37:15] Event Kamensk Military ending
[KOTH] [18:52:34] Event Novy Lug Military timed out
[KOTH] [18:53:35] Event Novy Lug Military ending
[KOTH] [19:04:24] Event Vybor Airfield timed out
[KOTH] [19:05:25] Event Vybor Airfield ending
[KOTH] [19:19:44] Event VMC Military timed out
[KOTH] [19:20:45] Event VMC Military ending
[KOTH] -----------------------------------------------
[KOTH] Session start at 23:01:02
[KOTH] -----------------------------------------------
[KOTH] [23:01:02] v1.2 is installed on this server.
