[KOTH] [00:03:02] Event Staroye Military timed out
[KOTH] [00:04:03] Event Staroye Military ending
[KOTH] [00:16:02] Event Vybor Airfield timed out
[KOTH] [00:17:03] Event Vybor Airfield ending
[KOTH] [16:18:10] Event Staroye Military timed out
[KOTH] [16:19:11] Event Staroye Military ending
[KOTH] [16:32:30] Event Zelengorsk Military timed out
[KOTH] [16:33:31] Event Zelengorsk Military ending
[KOTH] -----------------------------------------------
[KOTH] Session start at 16:37:21
[KOTH] -----------------------------------------------
[KOTH] [16:37:21] v1.2 is installed on this server.
[KOTH] [16:59:59] Event Vybor Airfield timed out
[KOTH] [17:01:00] Event Vybor Airfield ending
[KOTH] [17:16:09] Event Kamensk Military Base timed out
[KOTH] [17:17:10] Event Kamensk Military Base ending
[KOTH] [17:35:49] Event Pavlovo Military timed out
[KOTH] [17:36:50] Event Pavlovo Military ending
[KOTH] [17:54:29] Event Pavlovo Military timed out
[KOTH] [17:55:30] Event Pavlovo Military ending
[KOTH] [20:23:59] Event Zelengorsk Military timed out
[KOTH] [20:25:00] Event Zelengorsk Military ending
[KOTH] [20:38:49] Event Novy Lug Military timed out
[KOTH] [20:39:50] Event Novy Lug Military ending
[KOTH] [20:50:29] Event Novy Lug Military timed out
[KOTH] [20:51:30] Event Novy Lug Military ending
[KOTH] [21:05:19] Event Zelengorsk Military timed out
[KOTH] [21:06:20] Event Zelengorsk Military ending
[KOTH] [21:22:18] Event Kamensk Military timed out
[KOTH] [21:23:20] Event Kamensk Military ending
[KOTH] [21:36:58] Event Krasno Airfield timed out
[KOTH] [21:37:59] Event Krasno Airfield ending
[KOTH] [21:50:18] Event Staroye Military timed out
[KOTH] [21:51:19] Event Staroye Military ending
[KOTH] [22:05:38] Event Vybor Airfield timed out
[KOTH] [22:06:39] Event Vybor Airfield ending
[KOTH] [22:22:58] Event Vybor Airfield timed out
[KOTH] [22:23:59] Event Vybor Airfield ending
[KOTH] [22:40:08] Event Grozovy Military timed out
[KOTH] [22:41:09] Event Grozovy Military ending
[KOTH] [22:56:38] Event Grozovy Military timed out
[KOTH] [22:57:39] Event Grozovy Military ending
[KOTH] -----------------------------------------------
[KOTH] Session start at 23:01:11
[KOTH] -----------------------------------------------
[KOTH] [23:01:11] v1.2 is installed on this server.
