[KOTH] [08:14:00] Event Myshkino Military timed out
[KOTH] [08:15:01] Event Myshkino Military ending
[KOTH] [08:26:40] Event Pavlovo Military timed out
[KOTH] [08:27:41] Event Pavlovo Military ending
[KOTH] [08:37:20] Event Zelengorsk Military timed out
[KOTH] [08:38:21] Event Zelengorsk Military ending
[KOTH] [08:54:40] Event Tisy Military timed out
[KOTH] [08:55:41] Event Tisy Military ending
[KOTH] [09:13:00] Event Pavlovo Military timed out
[KOTH] [09:14:01] Event Pavlovo Military ending
[KOTH] [09:28:00] Event Kamensk Military Base timed out
[KOTH] [09:29:01] Event Kamensk Military Base ending
[KOTH] [09:43:00] Event Kamensk Military Base timed out
[KOTH] [09:44:01] Event Kamensk Military Base ending
[KOTH] [10:00:20] Event VMC Military timed out
[KOTH] [10:01:21] Event VMC Military ending
[KOTH] [10:12:50] Event Zelengorsk Military timed out
[KOTH] [10:13:51] Event Zelengorsk Military ending
[KOTH] [10:31:00] Event Staroye Military timed out
[KOTH] [10:32:01] Event Staroye Military ending
[KOTH] [10:50:30] Event Grozovy Military timed out
[KOTH] [10:51:31] Event Grozovy Military ending
[KOTH] -----------------------------------------------
[KOTH] Session start at 14:44:31
[KOTH] -----------------------------------------------
[KOTH] [14:44:31] v1.2 is installed on this server.
[KOTH] -----------------------------------------------
[KOTH] Session start at 14:48:10
[KOTH] -----------------------------------------------
[KOTH] [14:48:10] v1.2 is installed on this server.
[KOTH] -----------------------------------------------
[KOTH] Session start at 14:53:19
[KOTH] -----------------------------------------------
[KOTH] [14:53:19] v1.2 is installed on this server.
[KOTH] -----------------------------------------------
[KOTH] Session start at 14:56:38
[KOTH] -----------------------------------------------
[KOTH] [14:56:38] v1.2 is installed on this server.
[KOTH] -----------------------------------------------
[KOTH] Session start at 15:01:16
[KOTH] -----------------------------------------------
[KOTH] [15:01:16] v1.2 is installed on this server.
[KOTH] -----------------------------------------------
[KOTH] Session start at 15:02:56
[KOTH] -----------------------------------------------
[KOTH] [15:02:56] v1.2 is installed on this server.
[KOTH] -----------------------------------------------
[KOTH] Session start at 15:07:48
[KOTH] -----------------------------------------------
[KOTH] [15:07:48] v1.2 is installed on this server.
[KOTH] -----------------------------------------------
[KOTH] Session start at 15:09:34
[KOTH] -----------------------------------------------
[KOTH] [15:09:34] v1.2 is installed on this server.
[KOTH] -----------------------------------------------
[KOTH] Session start at 15:11:23
[KOTH] -----------------------------------------------
[KOTH] [15:11:23] v1.2 is installed on this server.
[KOTH] -----------------------------------------------
[KOTH] Session start at 23:33:58
[KOTH] -----------------------------------------------
[KOTH] [23:33:58] v1.2 is installed on this server.
[KOTH] -----------------------------------------------
[KOTH] Session start at 23:39:09
[KOTH] -----------------------------------------------
[KOTH] [23:39:09] v1.2 is installed on this server.
