[KOTH] -----------------------------------------------
[KOTH] Session start at 00:36:38
[KOTH] -----------------------------------------------
[KOTH] [00:36:38] v1.2 is installed on this server.
[KOTH] [06:45:27] Event Staroye Military timed out
[KOTH] [06:46:28] Event Staroye Military ending
[KOTH] -----------------------------------------------
[KOTH] Session start at 13:23:58
[KOTH] -----------------------------------------------
[KOTH] [13:23:58] v1.2 is installed on this server.
[KOTH] [13:42:38] Event Krasno Airfield timed out
[KOTH] [13:43:39] Event Krasno Airfield ending
[KOTH] -----------------------------------------------
[KOTH] Session start at 13:46:28
[KOTH] -----------------------------------------------
[KOTH] [13:46:28] v1.2 is installed on this server.
[KOTH] [18:30:45] Event Kamensk Military Base timed out
[KOTH] [18:31:46] Event Kamensk Military Base ending
[KOTH] [18:41:55] Event Novy Lug Military timed out
[KOTH] [18:42:56] Event Novy Lug Military ending
[KOTH] [18:54:25] Event Myshkino Military timed out
[KOTH] [18:55:26] Event Myshkino Military ending
[KOTH] [19:05:35] Event Pavlovo Military timed out
[KOTH] [19:06:36] Event Pavlovo Military ending
[KOTH] [19:20:45] Event Kamensk Military timed out
[KOTH] [19:21:46] Event Kamensk Military ending
[KOTH] [19:40:15] Event Vybor Airfield timed out
[KOTH] [19:41:16] Event Vybor Airfield ending
[KOTH] [20:00:05] Event Grozovy Military timed out
[KOTH] [20:01:06] Event Grozovy Military ending
[KOTH] [20:11:45] Event Kamensk Military Base timed out
[KOTH] [20:12:46] Event Kamensk Military Base ending
[KOTH] -----------------------------------------------
[KOTH] Session start at 23:00:53
[KOTH] -----------------------------------------------
[KOTH] [23:00:53] v1.2 is installed on this server.
[KOTH] [23:24:51] Event Pavlovo Military timed out
[KOTH] [23:25:52] Event Pavlovo Military ending
[KOTH] [23:42:42] Event Krasno Airfield timed out
[KOTH] [23:43:43] Event Krasno Airfield ending
