[KOTH] [13:23:45] Event Vybor Airfield timed out
[KOTH] [13:24:46] Event Vybor Airfield ending
[KOTH] [13:35:35] Event Tisy Military timed out
[KOTH] [13:36:36] Event Tisy Military ending
[KOTH] [13:52:05] Event Krasno Airfield timed out
[KOTH] [13:53:06] Event Krasno Airfield ending
[KOTH] [14:10:05] Event Kamensk Military timed out
[KOTH] [14:11:06] Event Kamensk Military ending
[KOTH] [14:24:05] Event Vybor Airfield timed out
[KOTH] [14:25:06] Event Vybor Airfield ending
[KOTH] [14:43:55] Event Kamensk Military Base timed out
[KOTH] [14:44:56] Event Kamensk Military Base ending
[KOTH] [14:56:45] Event Krasno Airfield timed out
[KOTH] [14:57:46] Event Krasno Airfield ending
[KOTH] [15:06:55] Event Zelengorsk Military timed out
[KOTH] [15:07:56] Event Zelengorsk Military ending
[KOTH] [15:22:15] Event VMC Military timed out
[KOTH] [15:23:16] Event VMC Military ending
[KOTH] [15:34:25] Event Novy Lug Military timed out
[KOTH] [15:35:26] Event Novy Lug Military ending
[KOTH] [15:53:35] Event Kamensk Military timed out
[KOTH] [15:54:36] Event Kamensk Military ending
[KOTH] [16:28:45] Event Myshkino Military timed out
[KOTH] [16:29:46] Event Myshkino Military ending
[KOTH] [16:47:35] Event Kamensk Military timed out
[KOTH] [16:48:36] Event Kamensk Military ending
[KOTH] [17:06:05] Event Novy Lug Military timed out
[KOTH] [17:07:06] Event Novy Lug Military ending
[KOTH] [17:20:45] Event VMC Military timed out
[KOTH] [17:21:46] Event VMC Military ending
[KOTH] [17:39:35] Event Myshkino Military timed out
[KOTH] [17:40:36] Event Myshkino Military ending
[KOTH] [17:58:25] Event Staroye Military timed out
[KOTH] [17:59:26] Event Staroye Military ending
[KOTH] [18:18:15] Event Myshkino Military timed out
[KOTH] [18:19:16] Event Myshkino Military ending
[KOTH] [18:28:55] Event Pavlovo Military timed out
[KOTH] [18:29:56] Event Pavlovo Military ending
[KOTH] [18:44:15] Event Krasno Airfield timed out
[KOTH] [18:45:16] Event Krasno Airfield ending
[KOTH] [18:56:05] Event Kamensk Military timed out
[KOTH] [18:57:06] Event Kamensk Military ending
[KOTH] [19:14:24] Event Vybor Airfield timed out
[KOTH] [19:15:25] Event Vybor Airfield ending
[KOTH] [19:30:34] Event Pavlovo Military timed out
[KOTH] [19:31:35] Event Pavlovo Military ending
[KOTH] [19:49:54] Event Zelengorsk Military timed out
[KOTH] [19:50:55] Event Zelengorsk Military ending
[KOTH] [20:09:04] Event Vybor Airfield timed out
[KOTH] [20:10:05] Event Vybor Airfield ending
[KOTH] [22:04:44] Event Kamensk Military Base timed out
[KOTH] [22:05:45] Event Kamensk Military Base ending
[KOTH] [22:18:54] Event Myshkino Military timed out
[KOTH] [22:19:55] Event Myshkino Military ending
[KOTH] [22:37:04] Event Krasno Airfield timed out
[KOTH] [22:38:05] Event Krasno Airfield ending
[KOTH] [22:56:24] Event Myshkino Military timed out
[KOTH] [22:57:25] Event Myshkino Military ending
[KOTH] -----------------------------------------------
[KOTH] Session start at 23:00:57
[KOTH] -----------------------------------------------
[KOTH] [23:00:57] v1.2 is installed on this server.
[KOTH] [23:21:47] Event Kamensk Military Base timed out
[KOTH] [23:22:48] Event Kamensk Military Base ending
[KOTH] [23:38:17] Event VMC Military timed out
[KOTH] [23:39:18] Event VMC Military ending
[KOTH] [23:56:27] Event Novy Lug Military timed out
[KOTH] [23:57:28] Event Novy Lug Military ending
