[KOTH] [00:12:26] Event Novy Lug Military timed out
[KOTH] [00:13:27] Event Novy Lug Military ending
[KOTH] [00:25:56] Event Grozovy Military timed out
[KOTH] [00:26:57] Event Grozovy Military ending
[KOTH] [00:40:06] Event Kamensk Military timed out
[KOTH] [00:41:07] Event Kamensk Military ending
[KOTH] [00:56:56] Event VMC Military timed out
[KOTH] [00:57:57] Event VMC Military ending
[KOTH] [01:07:06] Event Grozovy Military timed out
[KOTH] [01:08:07] Event Grozovy Military ending
[KOTH] [01:22:56] Event Tisy Military timed out
[KOTH] [01:23:57] Event Tisy Military ending
[KOTH] [01:42:56] Event Novy Lug Military timed out
[KOTH] [01:43:57] Event Novy Lug Military ending
[KOTH] [01:58:56] Event Krasno Airfield timed out
[KOTH] [01:59:57] Event Krasno Airfield ending
[KOTH] [02:09:06] Event Kamensk Military timed out
[KOTH] [02:10:07] Event Kamensk Military ending
[KOTH] [02:22:46] Event Kamensk Military timed out
[KOTH] [02:23:47] Event Kamensk Military ending
[KOTH] [02:38:06] Event VMC Military timed out
[KOTH] [02:39:07] Event VMC Military ending
[KOTH] -----------------------------------------------
[KOTH] Session start at 02:52:44
[KOTH] -----------------------------------------------
[KOTH] [02:52:44] v1.2 is installed on this server.
[KOTH] -----------------------------------------------
[KOTH] Session start at 03:25:15
[KOTH] -----------------------------------------------
[KOTH] [03:25:15] v1.2 is installed on this server.
[KOTH] -----------------------------------------------
[KOTH] Session start at 03:30:21
[KOTH] -----------------------------------------------
[KOTH] [03:30:21] v1.2 is installed on this server.
[KOTH] [03:54:58] Event Krasno Airfield timed out
[KOTH] [03:55:59] Event Krasno Airfield ending
[KOTH] [20:26:35] Event Vybor Airfield timed out
[KOTH] [20:27:36] Event Vybor Airfield ending
[KOTH] [22:27:45] Event Grozovy Military timed out
[KOTH] [22:28:46] Event Grozovy Military ending
[KOTH] -----------------------------------------------
[KOTH] Session start at 23:17:44
[KOTH] -----------------------------------------------
[KOTH] [23:17:44] v1.2 is installed on this server.
[KOTH] [23:35:34] Event Zelengorsk Military timed out
[KOTH] [23:36:35] Event Zelengorsk Military ending
[KOTH] [23:54:44] Event Myshkino Military timed out
[KOTH] [23:55:45] Event Myshkino Military ending
