[KOTH] -----------------------------------------------
[KOTH] Session start at 00:00:44
[KOTH] -----------------------------------------------
[KOTH] [00:00:44] v1.2 is installed on this server.
[KOTH] [18:13:36] Event Vybor Airfield timed out
[KOTH] [18:14:37] Event Vybor Airfield ending
[KOTH] [18:32:46] Event Grozovy Military timed out
[KOTH] [18:33:47] Event Grozovy Military ending
[KOTH] [18:45:45] Event Zelengorsk Military starting
[KOTH] [18:59:01] Event Zelengorsk Military won
[KOTH] [18:59:01] [KOTH] No LB presets found for reward sets – check lootSets vs LootPresets.json
[KOTH] [19:00:02] Event Zelengorsk Military ending
[KOTH] [19:02:06] Event Pavlovo Military timed out
[KOTH] [19:03:07] Event Pavlovo Military ending
[KOTH] [19:16:16] Event Kamensk Military Base timed out
[KOTH] [19:17:17] Event Kamensk Military Base ending
[KOTH] [19:34:56] Event Novy Lug Military timed out
[KOTH] [19:35:57] Event Novy Lug Military ending
[KOTH] [19:51:26] Event Zelengorsk Military timed out
[KOTH] [19:52:27] Event Zelengorsk Military ending
