[KOTH] -----------------------------------------------
[KOTH] Session start at 00:00:44
[KOTH] -----------------------------------------------
[KOTH] [00:00:44] v1.2 is installed on this server.
[KOTH] [09:49:37] Event Myshkino Military timed out
[KOTH] [09:50:38] Event Myshkino Military ending
[KOTH] [12:20:17] Event Novy Lug Military timed out
[KOTH] [12:21:18] Event Novy Lug Military ending
[KOTH] [12:30:37] Event Novy Lug Military timed out
[KOTH] [12:31:38] Event Novy Lug Military ending
[KOTH] [12:49:47] Event Tisy Military timed out
[KOTH] [12:50:48] Event Tisy Military ending
[KOTH] [13:09:37] Event Grozovy Military timed out
[KOTH] [13:10:38] Event Grozovy Military ending
[KOTH] [13:22:27] Event Staroye Military timed out
[KOTH] [13:23:28] Event Staroye Military ending
[KOTH] [13:32:57] Event Krasno Airfield timed out
[KOTH] [13:33:58] Event Krasno Airfield ending
[KOTH] [13:43:57] Event Grozovy Military timed out
[KOTH] [13:44:58] Event Grozovy Military ending
[KOTH] [13:58:27] Event Vybor Airfield timed out
[KOTH] [13:59:28] Event Vybor Airfield ending
[KOTH] [14:18:17] Event VMC Military timed out
[KOTH] [14:19:18] Event VMC Military ending
[KOTH] [14:28:27] Event Pavlovo Military timed out
[KOTH] [14:29:28] Event Pavlovo Military ending
[KOTH] [14:38:37] Event Grozovy Military timed out
[KOTH] [14:39:38] Event Grozovy Military ending
[KOTH] [14:53:17] Event Myshkino Military timed out
[KOTH] [14:54:18] Event Myshkino Military ending
[KOTH] [15:10:57] Event Staroye Military timed out
[KOTH] [15:11:58] Event Staroye Military ending
[KOTH] [15:30:37] Event Novy Lug Military timed out
[KOTH] [15:31:38] Event Novy Lug Military ending
[KOTH] [15:46:06] Event VMC Military timed out
[KOTH] [15:47:07] Event VMC Military ending
[KOTH] [16:00:06] Event Krasno Airfield timed out
[KOTH] [16:01:07] Event Krasno Airfield ending
[KOTH] [16:13:56] Event VMC Military timed out
[KOTH] [16:14:57] Event VMC Military ending
[KOTH] [16:31:16] Event Krasno Airfield timed out
[KOTH] [16:32:17] Event Krasno Airfield ending
[KOTH] [16:43:56] Event Novy Lug Military timed out
[KOTH] [16:44:57] Event Novy Lug Military ending
[KOTH] [16:56:06] Event Novy Lug Military timed out
[KOTH] [16:57:07] Event Novy Lug Military ending
[KOTH] [17:06:56] Event Kamensk Military timed out
[KOTH] [17:07:57] Event Kamensk Military ending
[KOTH] [17:17:46] Event Zelengorsk Military timed out
[KOTH] [17:18:47] Event Zelengorsk Military ending
[KOTH] [17:31:36] Event Vybor Airfield timed out
[KOTH] [17:32:37] Event Vybor Airfield ending
[KOTH] [17:42:56] Event Krasno Airfield timed out
[KOTH] [17:43:57] Event Krasno Airfield ending
