[KOTH] [07:01:37] Event Pavlovo Military timed out
[KOTH] [07:02:38] Event Pavlovo Military ending
[KOTH] [07:20:27] Event Kamensk Military timed out
[KOTH] [07:21:28] Event Kamensk Military ending
[KOTH] [07:33:17] Event Grozovy Military timed out
[KOTH] [07:34:18] Event Grozovy Military ending
[KOTH] [07:49:37] Event Kamensk Military timed out
[KOTH] [07:50:38] Event Kamensk Military ending
[KOTH] [08:03:07] Event Tisy Military timed out
[KOTH] [08:04:08] Event Tisy Military ending
[KOTH] [08:21:37] Event Krasno Airfield timed out
[KOTH] [08:22:38] Event Krasno Airfield ending
[KOTH] [12:55:56] Event Zelengorsk Military timed out
[KOTH] [12:56:57] Event Zelengorsk Military ending
[KOTH] [13:09:26] Event Tisy Military timed out
[KOTH] [13:10:27] Event Tisy Military ending
[KOTH] [13:36:56] Event Kamensk Military Base timed out
[KOTH] [13:37:57] Event Kamensk Military Base ending
[KOTH] [13:54:46] Event Tisy Military timed out
[KOTH] [13:55:47] Event Tisy Military ending
[KOTH] [14:11:56] Event Krasno Airfield timed out
[KOTH] [14:12:57] Event Krasno Airfield ending
[KOTH] [21:49:15] Event Krasno Airfield timed out
[KOTH] [21:50:16] Event Krasno Airfield ending
[KOTH] [21:59:35] Event Vybor Airfield timed out
[KOTH] [22:00:36] Event Vybor Airfield ending
[KOTH] [22:13:55] Event Zelengorsk Military timed out
[KOTH] [22:14:56] Event Zelengorsk Military ending
[KOTH] [22:33:35] Event Zelengorsk Military timed out
[KOTH] [22:34:36] Event Zelengorsk Military ending
[KOTH] [22:47:45] Event Myshkino Military timed out
[KOTH] [22:48:46] Event Myshkino Military ending
[KOTH] -----------------------------------------------
[KOTH] Session start at 23:01:04
[KOTH] -----------------------------------------------
[KOTH] [23:01:04] v1.2 is installed on this server.
