[KOTH] [01:38:20] Event Zelengorsk Military timed out
[KOTH] [01:39:21] Event Zelengorsk Military ending
[KOTH] [01:54:40] Event Tisy Military timed out
[KOTH] [01:55:41] Event Tisy Military ending
[KOTH] [02:10:20] Event VMC Military timed out
[KOTH] [02:11:21] Event VMC Military ending
[KOTH] [02:22:00] Event Staroye Military timed out
[KOTH] [02:23:01] Event Staroye Military ending
[KOTH] [02:34:50] Event Kamensk Military Base timed out
[KOTH] [02:35:51] Event Kamensk Military Base ending
[KOTH] [02:52:40] Event Novy Lug Military timed out
[KOTH] [02:53:41] Event Novy Lug Military ending
[KOTH] [05:31:30] Event Myshkino Military timed out
[KOTH] [05:32:31] Event Myshkino Military ending
[KOTH] [05:42:20] Event Grozovy Military timed out
[KOTH] [05:43:21] Event Grozovy Military ending
[KOTH] [05:55:40] Event Novy Lug Military timed out
[KOTH] [05:56:41] Event Novy Lug Military ending
[KOTH] [06:10:00] Event Pavlovo Military timed out
[KOTH] [06:11:01] Event Pavlovo Military ending
[KOTH] [06:28:39] Event Staroye Military timed out
[KOTH] [06:29:40] Event Staroye Military ending
[KOTH] [07:15:40] Event Kamensk Military timed out
[KOTH] [07:16:41] Event Kamensk Military ending
[KOTH] [17:25:48] Event Krasno Airfield timed out
[KOTH] [17:26:49] Event Krasno Airfield ending
[KOTH] [17:44:18] Event Kamensk Military Base timed out
[KOTH] [17:45:19] Event Kamensk Military Base ending
[KOTH] [17:58:58] Event Pavlovo Military timed out
[KOTH] [17:59:59] Event Pavlovo Military ending
[KOTH] [18:10:18] Event Novy Lug Military timed out
[KOTH] [18:11:19] Event Novy Lug Military ending
[KOTH] [18:28:58] Event Krasno Airfield timed out
[KOTH] [18:29:59] Event Krasno Airfield ending
[KOTH] [18:42:18] Event Grozovy Military timed out
[KOTH] [18:43:19] Event Grozovy Military ending
[KOTH] [18:54:08] Event Staroye Military timed out
[KOTH] [18:55:09] Event Staroye Military ending
[KOTH] [19:05:08] Event Myshkino Military timed out
[KOTH] [19:06:09] Event Myshkino Military ending
[KOTH] [19:25:08] Event Staroye Military timed out
[KOTH] [19:26:09] Event Staroye Military ending
[KOTH] [19:43:08] Event Kamensk Military timed out
[KOTH] [19:44:09] Event Kamensk Military ending
[KOTH] [19:54:18] Event Kamensk Military timed out
[KOTH] [19:55:19] Event Kamensk Military ending
[KOTH] [20:05:08] Event Pavlovo Military timed out
[KOTH] [20:06:09] Event Pavlovo Military ending
[KOTH] [20:17:08] Event Novy Lug Military timed out
[KOTH] [20:18:09] Event Novy Lug Military ending
[KOTH] [21:08:08] Event Kamensk Military Base timed out
[KOTH] [21:09:09] Event Kamensk Military Base ending
[KOTH] -----------------------------------------------
[KOTH] Session start at 21:38:46
[KOTH] -----------------------------------------------
[KOTH] [21:38:46] v1.2 is installed on this server.
[KOTH] -----------------------------------------------
[KOTH] Session start at 23:00:51
[KOTH] -----------------------------------------------
[KOTH] [23:00:51] v1.2 is installed on this server.
[KOTH] [23:19:58] Event Tisy Military timed out
[KOTH] [23:20:59] Event Tisy Military ending
