[KOTH] -----------------------------------------------
[KOTH] Session start at 17:03:52
[KOTH] -----------------------------------------------
[KOTH] [17:03:52] v1.2 is installed on this server.
[KOTH] -----------------------------------------------
[KOTH] Session start at 17:05:47
[KOTH] -----------------------------------------------
[KOTH] [17:05:47] v1.2 is installed on this server.
[KOTH] [17:29:46] Event Novy Lug Military timed out
[KOTH] [17:30:47] Event Novy Lug Military ending
[KOTH] [17:41:07] Event Tisy Military timed out
[KOTH] [17:42:08] Event Tisy Military ending
[KOTH] [17:59:17] Event Kamensk Military Base timed out
[KOTH] [18:00:18] Event Kamensk Military Base ending
[KOTH] -----------------------------------------------
[KOTH] Session start at 19:13:13
[KOTH] -----------------------------------------------
[KOTH] [19:13:13] v1.2 is installed on this server.
[KOTH] -----------------------------------------------
[KOTH] Session start at 19:19:36
[KOTH] -----------------------------------------------
[KOTH] [19:19:36] v1.2 is installed on this server.
[KOTH] -----------------------------------------------
[KOTH] Session start at 19:27:38
[KOTH] -----------------------------------------------
[KOTH] [19:27:38] v1.2 is installed on this server.
[KOTH] [19:46:29] Event Tisy Military timed out
[KOTH] [19:47:30] Event Tisy Military ending
[KOTH] -----------------------------------------------
[KOTH] Session start at 20:47:45
[KOTH] -----------------------------------------------
[KOTH] [20:47:45] v1.2 is installed on this server.
[KOTH] -----------------------------------------------
[KOTH] Session start at 20:53:00
[KOTH] -----------------------------------------------
[KOTH] [20:53:00] v1.2 is installed on this server.
[KOTH] -----------------------------------------------
[KOTH] Session start at 21:17:54
[KOTH] -----------------------------------------------
[KOTH] [21:17:54] v1.2 is installed on this server.
[KOTH] [21:38:27] Event Staroye Military timed out
[KOTH] [21:39:28] Event Staroye Military ending
