[KOTH] [03:25:05] Event Staroye Military timed out
[KOTH] [03:26:06] Event Staroye Military ending
[KOTH] [03:43:35] Event Novy Lug Military timed out
[KOTH] [03:44:36] Event Novy Lug Military ending
[KOTH] [09:43:14] Event Tisy Military timed out
[KOTH] [09:44:15] Event Tisy Military ending
[KOTH] [10:02:44] Event Krasno Airfield timed out
[KOTH] [10:03:45] Event Krasno Airfield ending
[KOTH] [10:21:04] Event Pavlovo Military timed out
[KOTH] [10:22:05] Event Pavlovo Military ending
[KOTH] [10:33:14] Event Staroye Military timed out
[KOTH] [10:34:15] Event Staroye Military ending
[KOTH] [10:46:44] Event Vybor Airfield timed out
[KOTH] [10:47:45] Event Vybor Airfield ending
[KOTH] [11:00:44] Event Tisy Military timed out
[KOTH] [11:01:45] Event Tisy Military ending
[KOTH] [14:50:44] Event Novy Lug Military timed out
[KOTH] [14:51:45] Event Novy Lug Military ending
[KOTH] [15:10:14] Event Pavlovo Military timed out
[KOTH] [15:11:15] Event Pavlovo Military ending
[KOTH] [15:28:44] Event Grozovy Military timed out
[KOTH] [15:29:45] Event Grozovy Military ending
[KOTH] [18:39:03] Event Myshkino Military timed out
[KOTH] [18:40:04] Event Myshkino Military ending
[KOTH] [18:49:23] Event Kamensk Military Base timed out
[KOTH] [18:50:24] Event Kamensk Military Base ending
[KOTH] [19:06:13] Event Tisy Military timed out
[KOTH] [19:07:14] Event Tisy Military ending
[KOTH] [19:21:33] Event Grozovy Military timed out
[KOTH] [19:22:34] Event Grozovy Military ending
[KOTH] [19:37:23] Event Myshkino Military timed out
[KOTH] [19:38:24] Event Myshkino Military ending
[KOTH] [19:51:43] Event Vybor Airfield timed out
[KOTH] [19:52:44] Event Vybor Airfield ending
[KOTH] [20:03:13] Event Kamensk Military timed out
[KOTH] [20:04:14] Event Kamensk Military ending
[KOTH] [20:17:43] Event Krasno Airfield timed out
[KOTH] [20:18:44] Event Krasno Airfield ending
[KOTH] [20:31:33] Event Krasno Airfield timed out
[KOTH] [20:32:34] Event Krasno Airfield ending
[KOTH] [20:46:13] Event Staroye Military timed out
[KOTH] [20:47:14] Event Staroye Military ending
[KOTH] -----------------------------------------------
[KOTH] Session start at 23:00:59
[KOTH] -----------------------------------------------
[KOTH] [23:00:59] v1.2 is installed on this server.
