[KOTH] [03:35:43] Event Kamensk Military Base timed out
[KOTH] [03:36:44] Event Kamensk Military Base ending
[KOTH] -----------------------------------------------
[KOTH] Session start at 09:44:33
[KOTH] -----------------------------------------------
[KOTH] [09:44:33] v1.2 is installed on this server.
[KOTH] -----------------------------------------------
[KOTH] Session start at 09:53:26
[KOTH] -----------------------------------------------
[KOTH] [09:53:26] v1.2 is installed on this server.
[KOTH] [10:09:35] Event VMC Military timed out
[KOTH] [10:10:36] Event VMC Military ending
[KOTH] [10:25:05] Event Kamensk Military Base timed out
[KOTH] [10:26:06] Event Kamensk Military Base ending
[KOTH] [10:44:35] Event Staroye Military timed out
[KOTH] [10:45:36] Event Staroye Military ending
[KOTH] -----------------------------------------------
[KOTH] Session start at 10:49:22
[KOTH] -----------------------------------------------
[KOTH] [10:49:22] v1.2 is installed on this server.
[KOTH] [11:13:44] Event Tisy Military timed out
[KOTH] [11:14:45] Event Tisy Military ending
[KOTH] -----------------------------------------------
[KOTH] Session start at 16:58:15
[KOTH] -----------------------------------------------
[KOTH] [16:58:15] v1.2 is installed on this server.
[KOTH] [17:21:47] Event Kamensk Military Base timed out
[KOTH] [17:22:48] Event Kamensk Military Base ending
[KOTH] [17:32:47] Event Staroye Military timed out
[KOTH] [17:33:48] Event Staroye Military ending
[KOTH] [17:48:17] Event Zelengorsk Military timed out
[KOTH] [17:49:18] Event Zelengorsk Military ending
[KOTH] [18:05:17] Event Pavlovo Military timed out
[KOTH] [18:06:18] Event Pavlovo Military ending
[KOTH] [18:22:27] Event Novy Lug Military timed out
[KOTH] [18:23:28] Event Novy Lug Military ending
[KOTH] -----------------------------------------------
[KOTH] Session start at 23:41:51
[KOTH] -----------------------------------------------
[KOTH] [23:41:51] v1.2 is installed on this server.
[KOTH] -----------------------------------------------
[KOTH] Session start at 23:50:14
[KOTH] -----------------------------------------------
[KOTH] [23:50:14] v1.2 is installed on this server.
[KOTH] -----------------------------------------------
[KOTH] Session start at 23:51:47
[KOTH] -----------------------------------------------
[KOTH] [23:51:47] v1.2 is installed on this server.
