[KOTH] [18:36:46] Event VMC Military timed out
[KOTH] [18:37:47] Event VMC Military ending
[KOTH] [18:49:26] Event Pavlovo Military timed out
[KOTH] [18:50:27] Event Pavlovo Military ending
[KOTH] [19:03:06] Event Vybor Airfield timed out
[KOTH] [19:04:07] Event Vybor Airfield ending
[KOTH] [19:20:06] Event Staroye Military timed out
[KOTH] [19:21:07] Event Staroye Military ending
[KOTH] [19:38:06] Event Vybor Airfield timed out
[KOTH] [19:39:07] Event Vybor Airfield ending
[KOTH] [19:48:45] Event Grozovy Military timed out
[KOTH] [19:49:46] Event Grozovy Military ending
[KOTH] [20:03:15] Event Grozovy Military timed out
[KOTH] [20:04:16] Event Grozovy Military ending
[KOTH] [20:19:55] Event Kamensk Military Base timed out
[KOTH] [20:20:56] Event Kamensk Military Base ending
[KOTH] [20:34:25] Event Kamensk Military Base timed out
[KOTH] [20:35:26] Event Kamensk Military Base ending
[KOTH] [20:48:35] Event Grozovy Military timed out
[KOTH] [20:49:36] Event Grozovy Military ending
[KOTH] [21:02:05] Event Pavlovo Military timed out
[KOTH] [21:03:06] Event Pavlovo Military ending
[KOTH] [21:17:05] Event Pavlovo Military timed out
[KOTH] [21:18:06] Event Pavlovo Military ending
[KOTH] [21:28:05] Event Myshkino Military timed out
[KOTH] [21:29:06] Event Myshkino Military ending
[KOTH] [21:39:45] Event Staroye Military timed out
[KOTH] [21:40:46] Event Staroye Military ending
[KOTH] -----------------------------------------------
[KOTH] Session start at 23:00:58
[KOTH] -----------------------------------------------
[KOTH] [23:00:58] v1.2 is installed on this server.
