[KOTH] -----------------------------------------------
[KOTH] Session start at 00:03:02
[KOTH] -----------------------------------------------
[KOTH] [00:03:02] v1.2 is installed on this server.
[KOTH] -----------------------------------------------
[KOTH] Session start at 00:22:31
[KOTH] -----------------------------------------------
[KOTH] [00:22:31] v1.2 is installed on this server.
[KOTH] -----------------------------------------------
[KOTH] Session start at 00:24:18
[KOTH] -----------------------------------------------
[KOTH] [00:24:18] v1.2 is installed on this server.
[KOTH] -----------------------------------------------
[KOTH] Session start at 00:53:06
[KOTH] -----------------------------------------------
[KOTH] [00:53:06] v1.2 is installed on this server.
[KOTH] [02:36:02] Event Kamensk Military timed out
[KOTH] [02:37:03] Event Kamensk Military ending
[KOTH] [02:46:12] Event Pavlovo Military timed out
[KOTH] [02:47:13] Event Pavlovo Military ending
[KOTH] -----------------------------------------------
[KOTH] Session start at 15:55:34
[KOTH] -----------------------------------------------
[KOTH] [15:55:34] v1.2 is installed on this server.
[KOTH] [19:54:41] Event Vybor Airfield timed out
[KOTH] [19:55:42] Event Vybor Airfield ending
[KOTH] [20:06:01] Event Krasno Airfield timed out
[KOTH] [20:07:02] Event Krasno Airfield ending
[KOTH] [20:17:51] Event Pavlovo Military timed out
[KOTH] [20:18:52] Event Pavlovo Military ending
[KOTH] [20:36:31] Event Tisy Military timed out
[KOTH] [20:37:32] Event Tisy Military ending
[KOTH] [20:55:51] Event Grozovy Military timed out
[KOTH] [20:56:52] Event Grozovy Military ending
[KOTH] [21:15:01] Event Staroye Military timed out
[KOTH] [21:16:02] Event Staroye Military ending
[KOTH] [21:27:31] Event Tisy Military timed out
[KOTH] [21:28:32] Event Tisy Military ending
[KOTH] [21:38:41] Event Kamensk Military timed out
[KOTH] [21:39:42] Event Kamensk Military ending
[KOTH] [21:50:51] Event Zelengorsk Military timed out
[KOTH] [21:51:52] Event Zelengorsk Military ending
[KOTH] [22:03:31] Event Zelengorsk Military timed out
[KOTH] [22:04:32] Event Zelengorsk Military ending
[KOTH] [22:17:01] Event Pavlovo Military timed out
[KOTH] [22:18:02] Event Pavlovo Military ending
[KOTH] [22:32:51] Event Novy Lug Military timed out
[KOTH] [22:33:52] Event Novy Lug Military ending
[KOTH] [22:48:21] Event Zelengorsk Military timed out
[KOTH] [22:49:22] Event Zelengorsk Military ending
[KOTH] -----------------------------------------------
[KOTH] Session start at 23:00:55
[KOTH] -----------------------------------------------
[KOTH] [23:00:55] v1.2 is installed on this server.
[KOTH] [23:16:02] Event Krasno Airfield timed out
[KOTH] [23:17:03] Event Krasno Airfield ending
[KOTH] [23:31:02] Event Staroye Military timed out
[KOTH] [23:32:03] Event Staroye Military ending
[KOTH] [23:44:12] Event Grozovy Military timed out
[KOTH] [23:45:13] Event Grozovy Military ending
